<MysticLibrary>
<DIR link="Lib">
 <LOCATION>
  <URL>Lib</URL>
  <SIZE>12952.5</SIZE>
 </LOCATION>
 <FILELIST category="Lib">
  <INFO>
   <DESCRIPTION>Mystic Library</DESCRIPTION>
   <TITLE>Mystic Library</TITLE>
   <DEFAULTFORMAT>pdf</DEFAULTFORMAT>
  </INFO>
  <DIR link="Lib/InfoSyS">
   <LOCATION>
    <URL>Lib/InfoSyS</URL>
    <SIZE>3117.1</SIZE>
   </LOCATION>
   <FILELIST category="Lib/InfoSyS">
    <INFO>
     <DESCRIPTION>InfoSyS</DESCRIPTION>
     <TITLE>InfoSyS</TITLE>
     <DEFAULTFORMAT>pdf</DEFAULTFORMAT>
    </INFO>
    <FILE link="Lib/InfoSyS/DM-AF-BSP1-17.zip">
     <LOCATION>
      <URL>Lib/InfoSyS/DM-AF-BSP1-17.zip</URL>
      <SIZE>14.5</SIZE>
      <CHECKSUM>0</CHECKSUM>
      <TYPE>zip</TYPE>
     </LOCATION>
     <ITEM>
      <INFO>
       <CATEGORIES>
        <CATEGORY>Lib/InfoSyS</CATEGORY>
       </CATEGORIES>
       <DESCRIPTION>Диалог Мифи - Александр Фролов - Библиотека Системного Программиста №1 - №17</DESCRIPTION>
       <PUBLISHERS>
        <PUBLISHER>Диалог Мифи</PUBLISHER>
       </PUBLISHERS>
       <AUTHORS>
        <AUTHOR>
         <FULLNAME>Александр Фролов</FULLNAME>
         <LASTNAME>Фролов</LASTNAME>
         <FIRSTNAME>Александр</FIRSTNAME>
        </AUTHOR>
       </AUTHORS>
       <TITLE>Библиотека Системного Программиста №1 - №17</TITLE>
       <INSTANCES>
        <INSTANCE>
         <FORMAT>pdf</FORMAT>
         <SIZE>0</SIZE>
         <CHECKSUM>0</CHECKSUM>
        </INSTANCE>
       </INSTANCES>
      </INFO>
     </ITEM>
    </FILE>
    <FILE link="Lib/InfoSyS/helps.zip">
     <LOCATION>
      <URL>Lib/InfoSyS/helps.zip</URL>
      <SIZE>3.7</SIZE>
      <CHECKSUM>0</CHECKSUM>
      <TYPE>zip</TYPE>
     </LOCATION>
     <ITEM>
      <INFO>
       <CATEGORIES>
        <CATEGORY>Lib/InfoSyS</CATEGORY>
       </CATEGORIES>
       <DESCRIPTION>Tech Help 4.0, 6.0 and NG</DESCRIPTION>
       <TITLE>Tech Help 4.0, 6.0 and NG</TITLE>
       <INSTANCES>
        <INSTANCE>
         <FORMAT>pdf</FORMAT>
         <SIZE>0</SIZE>
         <CHECKSUM>0</CHECKSUM>
        </INSTANCE>
       </INSTANCES>
      </INFO>
     </ITEM>
    </FILE>
    <FILE link="Lib/InfoSyS/ng.zip">
     <LOCATION>
      <URL>Lib/InfoSyS/ng.zip</URL>
      <SIZE>2.2</SIZE>
      <CHECKSUM>0</CHECKSUM>
      <TYPE>zip</TYPE>
     </LOCATION>
     <ITEM>
      <INFO>
       <CATEGORIES>
        <CATEGORY>Lib/InfoSyS</CATEGORY>
       </CATEGORIES>
       <DESCRIPTION>ng.zip</DESCRIPTION>
       <TITLE>ng.zip</TITLE>
       <INSTANCES>
        <INSTANCE>
         <FORMAT>pdf</FORMAT>
         <SIZE>0</SIZE>
         <CHECKSUM>0</CHECKSUM>
        </INSTANCE>
       </INSTANCES>
      </INFO>
     </ITEM>
    </FILE>
    <FILE link="Lib/InfoSyS/ebook.zip">
     <LOCATION>
      <URL>Lib/InfoSyS/ebook.zip</URL>
      <SIZE>24.2</SIZE>
      <CHECKSUM>0</CHECKSUM>
      <TYPE>zip</TYPE>
     </LOCATION>
     <LIST category="Lib/InfoSyS/ebook">
      <INFO>
       <DESCRIPTION>PDF eBooks collection</DESCRIPTION>
       <TITLE>PDF eBooks collection</TITLE>
       <DEFAULTFORMAT>pdf</DEFAULTFORMAT>
      </INFO>
      <ITEM>
       <INFO>
        <CATEGORIES>
         <CATEGORY>Lib/InfoSyS/ebook</CATEGORY>
        </CATEGORIES>
        <DESCRIPTION>Photoshop 6</DESCRIPTION>
        <TITLE>Photoshop 6</TITLE>
        <INSTANCES>
         <INSTANCE>
          <FORMAT>pdf</FORMAT>
          <SIZE>0</SIZE>
          <CHECKSUM>0</CHECKSUM>
         </INSTANCE>
        </INSTANCES>
       </INFO>
      </ITEM>
      <ITEM>
       <INFO>
        <CATEGORIES>
         <CATEGORY>Lib/InfoSyS/ebook</CATEGORY>
        </CATEGORIES>
        <DESCRIPTION>Photoshop 5,6 Filters</DESCRIPTION>
        <TITLE>Photoshop 5,6 Filters</TITLE>
        <INSTANCES>
         <INSTANCE>
          <FORMAT>pdf</FORMAT>
          <SIZE>0</SIZE>
          <CHECKSUM>0</CHECKSUM>
         </INSTANCE>
        </INSTANCES>
       </INFO>
      </ITEM>
      <ITEM>
       <INFO>
        <CATEGORIES>
         <CATEGORY>Lib/InfoSyS/ebook</CATEGORY>
        </CATEGORIES>
        <DESCRIPTION>Architectural Desktop 3</DESCRIPTION>
        <TITLE>Architectural Desktop 3</TITLE>
        <INSTANCES>
         <INSTANCE>
          <FORMAT>pdf</FORMAT>
          <SIZE>0</SIZE>
          <CHECKSUM>0</CHECKSUM>
         </INSTANCE>
        </INSTANCES>
       </INFO>
      </ITEM>
      <ITEM>
       <INFO>
        <CATEGORIES>
         <CATEGORY>Lib/InfoSyS/ebook</CATEGORY>
        </CATEGORIES>
        <DESCRIPTION>AutoCAD 2000i</DESCRIPTION>
        <TITLE>AutoCAD 2000i</TITLE>
        <INSTANCES>
         <INSTANCE>
          <FORMAT>pdf</FORMAT>
          <SIZE>0</SIZE>
          <CHECKSUM>0</CHECKSUM>
         </INSTANCE>
        </INSTANCES>
       </INFO>
      </ITEM>
      <ITEM>
       <INFO>
        <CATEGORIES>
         <CATEGORY>Lib/InfoSyS/ebook</CATEGORY>
        </CATEGORIES>
        <DESCRIPTION>AutoCAD LT 2002</DESCRIPTION>
        <TITLE>AutoCAD LT 2002</TITLE>
        <INSTANCES>
         <INSTANCE>
          <FORMAT>pdf</FORMAT>
          <SIZE>0</SIZE>
          <CHECKSUM>0</CHECKSUM>
         </INSTANCE>
        </INSTANCES>
       </INFO>
      </ITEM>
      <ITEM>
       <INFO>
        <CATEGORIES>
         <CATEGORY>Lib/InfoSyS/ebook</CATEGORY>
        </CATEGORIES>
        <DESCRIPTION>Autodesk Actrix Business</DESCRIPTION>
        <TITLE>Autodesk Actrix Business</TITLE>
        <INSTANCES>
         <INSTANCE>
          <FORMAT>pdf</FORMAT>
          <SIZE>0</SIZE>
          <CHECKSUM>0</CHECKSUM>
         </INSTANCE>
        </INSTANCES>
       </INFO>
      </ITEM>
      <ITEM>
       <INFO>
        <CATEGORIES>
         <CATEGORY>Lib/InfoSyS/ebook</CATEGORY>
        </CATEGORIES>
        <DESCRIPTION>Corel Draw 10 Step-By-Step Learning</DESCRIPTION>
        <TITLE>Corel Draw 10 Step-By-Step Learning</TITLE>
        <INSTANCES>
         <INSTANCE>
          <FORMAT>pdf</FORMAT>
          <SIZE>0</SIZE>
          <CHECKSUM>0</CHECKSUM>
         </INSTANCE>
        </INSTANCES>
       </INFO>
      </ITEM>
      <ITEM>
       <INFO>
        <CATEGORIES>
         <CATEGORY>Lib/InfoSyS/ebook</CATEGORY>
        </CATEGORIES>
        <DESCRIPTION>Corel Photo Paint 10 Special Effects</DESCRIPTION>
        <TITLE>Corel Photo Paint 10 Special Effects</TITLE>
        <INSTANCES>
         <INSTANCE>
          <FORMAT>pdf</FORMAT>
          <SIZE>0</SIZE>
          <CHECKSUM>0</CHECKSUM>
         </INSTANCE>
        </INSTANCES>
       </INFO>
      </ITEM>
      <ITEM>
       <INFO>
        <CATEGORIES>
         <CATEGORY>Lib/InfoSyS/ebook</CATEGORY>
        </CATEGORIES>
        <DESCRIPTION>Corel Photo Paint 10</DESCRIPTION>
        <TITLE>Corel Photo Paint 10</TITLE>
        <INSTANCES>
         <INSTANCE>
          <FORMAT>pdf</FORMAT>
          <SIZE>0</SIZE>
          <CHECKSUM>0</CHECKSUM>
         </INSTANCE>
        </INSTANCES>
       </INFO>
      </ITEM>
      <ITEM>
       <INFO>
        <CATEGORIES>
         <CATEGORY>Lib/InfoSyS/ebook</CATEGORY>
        </CATEGORIES>
        <DESCRIPTION>Elastic Reality 3.0</DESCRIPTION>
        <TITLE>Elastic Reality 3.0</TITLE>
        <INSTANCES>
         <INSTANCE>
          <FORMAT>pdf</FORMAT>
          <SIZE>0</SIZE>
          <CHECKSUM>0</CHECKSUM>
         </INSTANCE>
        </INSTANCES>
       </INFO>
      </ITEM>
      <ITEM>
       <INFO>
        <CATEGORIES>
         <CATEGORY>Lib/InfoSyS/ebook</CATEGORY>
        </CATEGORIES>
        <DESCRIPTION>Lightscape 3.2</DESCRIPTION>
        <TITLE>Lightscape 3.2</TITLE>
        <INSTANCES>
         <INSTANCE>
          <FORMAT>pdf</FORMAT>
          <SIZE>0</SIZE>
          <CHECKSUM>0</CHECKSUM>
         </INSTANCE>
        </INSTANCES>
       </INFO>
      </ITEM>
      <ITEM>
       <INFO>
        <CATEGORIES>
         <CATEGORY>Lib/InfoSyS/ebook</CATEGORY>
        </CATEGORIES>
        <DESCRIPTION>Microsoft Visio Standard 2002</DESCRIPTION>
        <TITLE>Microsoft Visio Standard 2002</TITLE>
        <INSTANCES>
         <INSTANCE>
          <FORMAT>pdf</FORMAT>
          <SIZE>0</SIZE>
          <CHECKSUM>0</CHECKSUM>
         </INSTANCE>
        </INSTANCES>
       </INFO>
      </ITEM>
      <ITEM>
       <INFO>
        <CATEGORIES>
         <CATEGORY>Lib/InfoSyS/ebook</CATEGORY>
        </CATEGORIES>
        <DESCRIPTION>Microsoft Visio 2002 Technical</DESCRIPTION>
        <TITLE>Microsoft Visio 2002 Technical</TITLE>
        <INSTANCES>
         <INSTANCE>
          <FORMAT>pdf</FORMAT>
          <SIZE>0</SIZE>
          <CHECKSUM>0</CHECKSUM>
         </INSTANCE>
        </INSTANCES>
       </INFO>
      </ITEM>
      <LIST category="Lib/InfoSyS/ebook/1">
       <INFO>
        <DESCRIPTION>Microsoft Office XP</DESCRIPTION>
        <TITLE>Microsoft Office XP</TITLE>
        <DEFAULTFORMAT>pdf</DEFAULTFORMAT>
       </INFO>
       <ITEM>
        <INFO>
         <CATEGORIES>
          <CATEGORY>Lib/InfoSyS/ebook/1</CATEGORY>
         </CATEGORIES>
         <DESCRIPTION>PowerPoint XP</DESCRIPTION>
         <TITLE>PowerPoint XP</TITLE>
         <INSTANCES>
          <INSTANCE>
           <FORMAT>pdf</FORMAT>
           <SIZE>0</SIZE>
           <CHECKSUM>0</CHECKSUM>
          </INSTANCE>
         </INSTANCES>
        </INFO>
       </ITEM>
       <ITEM>
        <INFO>
         <CATEGORIES>
          <CATEGORY>Lib/InfoSyS/ebook/1</CATEGORY>
         </CATEGORIES>
         <DESCRIPTION>Excel XP</DESCRIPTION>
         <TITLE>Excel XP</TITLE>
         <INSTANCES>
          <INSTANCE>
           <FORMAT>pdf</FORMAT>
           <SIZE>0</SIZE>
           <CHECKSUM>0</CHECKSUM>
          </INSTANCE>
         </INSTANCES>
        </INFO>
       </ITEM>
       <ITEM>
        <INFO>
         <CATEGORIES>
          <CATEGORY>Lib/InfoSyS/ebook/1</CATEGORY>
         </CATEGORIES>
         <DESCRIPTION>FrontPage XP</DESCRIPTION>
         <TITLE>FrontPage XP</TITLE>
         <INSTANCES>
          <INSTANCE>
           <FORMAT>pdf</FORMAT>
           <SIZE>0</SIZE>
           <CHECKSUM>0</CHECKSUM>
          </INSTANCE>
         </INSTANCES>
        </INFO>
       </ITEM>
       <ITEM>
        <INFO>
         <CATEGORIES>
          <CATEGORY>Lib/InfoSyS/ebook/1</CATEGORY>
         </CATEGORIES>
         <DESCRIPTION>Outlook XP</DESCRIPTION>
         <TITLE>Outlook XP</TITLE>
         <INSTANCES>
          <INSTANCE>
           <FORMAT>pdf</FORMAT>
           <SIZE>0</SIZE>
           <CHECKSUM>0</CHECKSUM>
          </INSTANCE>
         </INSTANCES>
        </INFO>
       </ITEM>
       <ITEM>
        <INFO>
         <CATEGORIES>
          <CATEGORY>Lib/InfoSyS/ebook/1</CATEGORY>
         </CATEGORIES>
         <DESCRIPTION>Access XP</DESCRIPTION>
         <TITLE>Access XP</TITLE>
         <INSTANCES>
          <INSTANCE>
           <FORMAT>pdf</FORMAT>
           <SIZE>0</SIZE>
           <CHECKSUM>0</CHECKSUM>
          </INSTANCE>
         </INSTANCES>
        </INFO>
       </ITEM>
       <ITEM>
        <INFO>
         <CATEGORIES>
          <CATEGORY>Lib/InfoSyS/ebook/1</CATEGORY>
         </CATEGORIES>
         <DESCRIPTION>Publisher 2002</DESCRIPTION>
         <TITLE>Publisher 2002</TITLE>
         <INSTANCES>
          <INSTANCE>
           <FORMAT>pdf</FORMAT>
           <SIZE>0</SIZE>
           <CHECKSUM>0</CHECKSUM>
          </INSTANCE>
         </INSTANCES>
        </INFO>
       </ITEM>
       <ITEM>
        <INFO>
         <CATEGORIES>
          <CATEGORY>Lib/InfoSyS/ebook/1</CATEGORY>
         </CATEGORIES>
         <DESCRIPTION>Word XP</DESCRIPTION>
         <TITLE>Word XP</TITLE>
         <INSTANCES>
          <INSTANCE>
           <FORMAT>pdf</FORMAT>
           <SIZE>0</SIZE>
           <CHECKSUM>0</CHECKSUM>
          </INSTANCE>
         </INSTANCES>
        </INFO>
       </ITEM>
      </LIST>
     </LIST>
    </FILE>
    <FILE link="Lib/InfoSyS/OReilly.zip">
     <LOCATION>
      <URL>Lib/InfoSyS/OReilly.zip</URL>
      <SIZE>49.1</SIZE>
      <CHECKSUM>0</CHECKSUM>
      <TYPE>zip</TYPE>
     </LOCATION>
     <LIST category="Lib/InfoSyS/OReilly">
      <INFO>
       <DESCRIPTION>O'Reilly - - Reference Library (html)</DESCRIPTION>
       <PUBLISHERS>
        <PUBLISHER>O'Reilly</PUBLISHER>
       </PUBLISHERS>
       <TITLE>Reference Library</TITLE>
       <DEFAULTFORMAT>html</DEFAULTFORMAT>
      </INFO>
      <LIST category="Lib/InfoSyS/OReilly/1">
       <INFO>
        <DESCRIPTION>The Netorking CD Bookshelf v. 1.0</DESCRIPTION>
        <PUBLISHERS>
         <PUBLISHER>O'Reilly</PUBLISHER>
        </PUBLISHERS>
        <TITLE>The Netorking CD Bookshelf v. 1.0</TITLE>
        <DEFAULTFORMAT>html</DEFAULTFORMAT>
       </INFO>
       <ITEM>
        <INFO>
         <CATEGORIES>
          <CATEGORY>Lib/InfoSyS/OReilly/1</CATEGORY>
         </CATEGORIES>
         <DESCRIPTION>DNS and BIND</DESCRIPTION>
         <PUBLISHERS>
          <PUBLISHER>O'Reilly</PUBLISHER>
         </PUBLISHERS>
         <TITLE>DNS and BIND</TITLE>
         <INSTANCES>
          <INSTANCE>
           <FORMAT>html</FORMAT>
           <SIZE>0</SIZE>
           <CHECKSUM>0</CHECKSUM>
          </INSTANCE>
         </INSTANCES>
        </INFO>
       </ITEM>
       <ITEM>
        <INFO>
         <CATEGORIES>
          <CATEGORY>Lib/InfoSyS/OReilly/1</CATEGORY>
         </CATEGORIES>
         <DESCRIPTION>TCP/IP Network Administration</DESCRIPTION>
         <PUBLISHERS>
          <PUBLISHER>O'Reilly</PUBLISHER>
         </PUBLISHERS>
         <TITLE>TCP/IP Network Administration</TITLE>
         <INSTANCES>
          <INSTANCE>
           <FORMAT>html</FORMAT>
           <SIZE>0</SIZE>
           <CHECKSUM>0</CHECKSUM>
          </INSTANCE>
         </INSTANCES>
        </INFO>
       </ITEM>
       <ITEM>
        <INFO>
         <CATEGORIES>
          <CATEGORY>Lib/InfoSyS/OReilly/1</CATEGORY>
         </CATEGORIES>
         <DESCRIPTION>Sendmail</DESCRIPTION>
         <PUBLISHERS>
          <PUBLISHER>O'Reilly</PUBLISHER>
         </PUBLISHERS>
         <TITLE>Sendmail</TITLE>
         <INSTANCES>
          <INSTANCE>
           <FORMAT>html</FORMAT>
           <SIZE>0</SIZE>
           <CHECKSUM>0</CHECKSUM>
          </INSTANCE>
         </INSTANCES>
        </INFO>
       </ITEM>
       <ITEM>
        <INFO>
         <CATEGORIES>
          <CATEGORY>Lib/InfoSyS/OReilly/1</CATEGORY>
         </CATEGORIES>
         <DESCRIPTION>Sendmail Desktop Reference</DESCRIPTION>
         <PUBLISHERS>
          <PUBLISHER>O'Reilly</PUBLISHER>
         </PUBLISHERS>
         <TITLE>Sendmail Desktop Reference</TITLE>
         <INSTANCES>
          <INSTANCE>
           <FORMAT>html</FORMAT>
           <SIZE>0</SIZE>
           <CHECKSUM>0</CHECKSUM>
          </INSTANCE>
         </INSTANCES>
        </INFO>
       </ITEM>
       <ITEM>
        <INFO>
         <CATEGORIES>
          <CATEGORY>Lib/InfoSyS/OReilly/1</CATEGORY>
         </CATEGORIES>
         <DESCRIPTION>Building Internet Firewalls</DESCRIPTION>
         <PUBLISHERS>
          <PUBLISHER>O'Reilly</PUBLISHER>
         </PUBLISHERS>
         <TITLE>Building Internet Firewalls</TITLE>
         <INSTANCES>
          <INSTANCE>
           <FORMAT>html</FORMAT>
           <SIZE>0</SIZE>
           <CHECKSUM>0</CHECKSUM>
          </INSTANCE>
         </INSTANCES>
        </INFO>
       </ITEM>
       <ITEM>
        <INFO>
         <CATEGORIES>
          <CATEGORY>Lib/InfoSyS/OReilly/1</CATEGORY>
         </CATEGORIES>
         <DESCRIPTION>Practical UNIX and Internet Security</DESCRIPTION>
         <PUBLISHERS>
          <PUBLISHER>O'Reilly</PUBLISHER>
         </PUBLISHERS>
         <TITLE>Practical UNIX and Internet Security</TITLE>
         <INSTANCES>
          <INSTANCE>
           <FORMAT>html</FORMAT>
           <SIZE>0</SIZE>
           <CHECKSUM>0</CHECKSUM>
          </INSTANCE>
         </INSTANCES>
        </INFO>
       </ITEM>
      </LIST>
      <LIST category="Lib/InfoSyS/OReilly/2">
       <INFO>
        <DESCRIPTION>The UNIX CD Bookshelf v. 1.0</DESCRIPTION>
        <PUBLISHERS>
         <PUBLISHER>O'Reilly</PUBLISHER>
        </PUBLISHERS>
        <TITLE>The UNIX CD Bookshelf v. 1.0</TITLE>
        <DEFAULTFORMAT>html</DEFAULTFORMAT>
       </INFO>
       <ITEM>
        <INFO>
         <CATEGORIES>
          <CATEGORY>Lib/InfoSyS/OReilly/2</CATEGORY>
         </CATEGORIES>
         <DESCRIPTION>UNIX Power Tools</DESCRIPTION>
         <PUBLISHERS>
          <PUBLISHER>O'Reilly</PUBLISHER>
         </PUBLISHERS>
         <TITLE>UNIX Power Tools</TITLE>
         <INSTANCES>
          <INSTANCE>
           <FORMAT>html</FORMAT>
           <SIZE>0</SIZE>
           <CHECKSUM>0</CHECKSUM>
          </INSTANCE>
         </INSTANCES>
        </INFO>
       </ITEM>
       <ITEM>
        <INFO>
         <CATEGORIES>
          <CATEGORY>Lib/InfoSyS/OReilly/2</CATEGORY>
         </CATEGORIES>
         <DESCRIPTION>UNIX in a Nutshell: System V Edition</DESCRIPTION>
         <PUBLISHERS>
          <PUBLISHER>O'Reilly</PUBLISHER>
         </PUBLISHERS>
         <TITLE>UNIX in a Nutshell: System V Edition</TITLE>
         <INSTANCES>
          <INSTANCE>
           <FORMAT>html</FORMAT>
           <SIZE>0</SIZE>
           <CHECKSUM>0</CHECKSUM>
          </INSTANCE>
         </INSTANCES>
        </INFO>
       </ITEM>
       <ITEM>
        <INFO>
         <CATEGORIES>
          <CATEGORY>Lib/InfoSyS/OReilly/2</CATEGORY>
         </CATEGORIES>
         <DESCRIPTION>Learning the vi Editor</DESCRIPTION>
         <PUBLISHERS>
          <PUBLISHER>O'Reilly</PUBLISHER>
         </PUBLISHERS>
         <TITLE>Learning the vi Editor</TITLE>
         <INSTANCES>
          <INSTANCE>
           <FORMAT>html</FORMAT>
           <SIZE>0</SIZE>
           <CHECKSUM>0</CHECKSUM>
          </INSTANCE>
         </INSTANCES>
        </INFO>
       </ITEM>
       <ITEM>
        <INFO>
         <CATEGORIES>
          <CATEGORY>Lib/InfoSyS/OReilly/2</CATEGORY>
         </CATEGORIES>
         <DESCRIPTION>sed and awk</DESCRIPTION>
         <PUBLISHERS>
          <PUBLISHER>O'Reilly</PUBLISHER>
         </PUBLISHERS>
         <TITLE>sed and awk</TITLE>
         <INSTANCES>
          <INSTANCE>
           <FORMAT>html</FORMAT>
           <SIZE>0</SIZE>
           <CHECKSUM>0</CHECKSUM>
          </INSTANCE>
         </INSTANCES>
        </INFO>
       </ITEM>
       <ITEM>
        <INFO>
         <CATEGORIES>
          <CATEGORY>Lib/InfoSyS/OReilly/2</CATEGORY>
         </CATEGORIES>
         <DESCRIPTION>Learning the Korn Shell</DESCRIPTION>
         <PUBLISHERS>
          <PUBLISHER>O'Reilly</PUBLISHER>
         </PUBLISHERS>
         <TITLE>Learning the Korn Shell</TITLE>
         <INSTANCES>
          <INSTANCE>
           <FORMAT>html</FORMAT>
           <SIZE>0</SIZE>
           <CHECKSUM>0</CHECKSUM>
          </INSTANCE>
         </INSTANCES>
        </INFO>
       </ITEM>
       <ITEM>
        <INFO>
         <CATEGORIES>
          <CATEGORY>Lib/InfoSyS/OReilly/2</CATEGORY>
         </CATEGORIES>
         <DESCRIPTION>Learning the UNIX Operating System</DESCRIPTION>
         <PUBLISHERS>
          <PUBLISHER>O'Reilly</PUBLISHER>
         </PUBLISHERS>
         <TITLE>Learning the UNIX Operating System</TITLE>
         <INSTANCES>
          <INSTANCE>
           <FORMAT>html</FORMAT>
           <SIZE>0</SIZE>
           <CHECKSUM>0</CHECKSUM>
          </INSTANCE>
         </INSTANCES>
        </INFO>
       </ITEM>
      </LIST>
      <LIST category="Lib/InfoSyS/OReilly/3">
       <INFO>
        <DESCRIPTION>Web Reference Library</DESCRIPTION>
        <PUBLISHERS>
         <PUBLISHER>O'Reilly</PUBLISHER>
        </PUBLISHERS>
        <TITLE>Web Reference Library</TITLE>
        <DEFAULTFORMAT>html</DEFAULTFORMAT>
       </INFO>
       <ITEM>
        <INFO>
         <CATEGORIES>
          <CATEGORY>Lib/InfoSyS/OReilly/3</CATEGORY>
         </CATEGORIES>
         <DESCRIPTION>HTML: The Definitive Guide</DESCRIPTION>
         <PUBLISHERS>
          <PUBLISHER>O'Reilly</PUBLISHER>
         </PUBLISHERS>
         <TITLE>HTML: The Definitive Guide</TITLE>
         <INSTANCES>
          <INSTANCE>
           <FORMAT>html</FORMAT>
           <SIZE>0</SIZE>
           <CHECKSUM>0</CHECKSUM>
          </INSTANCE>
         </INSTANCES>
        </INFO>
       </ITEM>
       <ITEM>
        <INFO>
         <CATEGORIES>
          <CATEGORY>Lib/InfoSyS/OReilly/3</CATEGORY>
         </CATEGORIES>
         <DESCRIPTION>CGI Programming on the World Wide Web</DESCRIPTION>
         <PUBLISHERS>
          <PUBLISHER>O'Reilly</PUBLISHER>
         </PUBLISHERS>
         <TITLE>CGI Programming on the World Wide Web</TITLE>
         <INSTANCES>
          <INSTANCE>
           <FORMAT>html</FORMAT>
           <SIZE>0</SIZE>
           <CHECKSUM>0</CHECKSUM>
          </INSTANCE>
         </INSTANCES>
        </INFO>
       </ITEM>
       <ITEM>
        <INFO>
         <CATEGORIES>
          <CATEGORY>Lib/InfoSyS/OReilly/3</CATEGORY>
         </CATEGORIES>
         <DESCRIPTION>JavaScript: The Definitive Guide</DESCRIPTION>
         <PUBLISHERS>
          <PUBLISHER>O'Reilly</PUBLISHER>
         </PUBLISHERS>
         <TITLE>JavaScript: The Definitive Guide</TITLE>
         <INSTANCES>
          <INSTANCE>
           <FORMAT>html</FORMAT>
           <SIZE>0</SIZE>
           <CHECKSUM>0</CHECKSUM>
          </INSTANCE>
         </INSTANCES>
        </INFO>
       </ITEM>
       <ITEM>
        <INFO>
         <CATEGORIES>
          <CATEGORY>Lib/InfoSyS/OReilly/3</CATEGORY>
         </CATEGORIES>
         <DESCRIPTION>Programming Perl</DESCRIPTION>
         <PUBLISHERS>
          <PUBLISHER>O'Reilly</PUBLISHER>
         </PUBLISHERS>
         <TITLE>Programming Perl</TITLE>
         <INSTANCES>
          <INSTANCE>
           <FORMAT>html</FORMAT>
           <SIZE>0</SIZE>
           <CHECKSUM>0</CHECKSUM>
          </INSTANCE>
         </INSTANCES>
        </INFO>
       </ITEM>
       <ITEM>
        <INFO>
         <CATEGORIES>
          <CATEGORY>Lib/InfoSyS/OReilly/3</CATEGORY>
         </CATEGORIES>
         <DESCRIPTION>Webmaster in a Nutshell</DESCRIPTION>
         <PUBLISHERS>
          <PUBLISHER>O'Reilly</PUBLISHER>
         </PUBLISHERS>
         <TITLE>Webmaster in a Nutshell</TITLE>
         <INSTANCES>
          <INSTANCE>
           <FORMAT>html</FORMAT>
           <SIZE>0</SIZE>
           <CHECKSUM>0</CHECKSUM>
          </INSTANCE>
         </INSTANCES>
        </INFO>
       </ITEM>
      </LIST>
      <LIST category="Lib/InfoSyS/OReilly/4">
       <INFO>
        <DESCRIPTION>The Perl CD Bookshelf v. 1.0</DESCRIPTION>
        <PUBLISHERS>
         <PUBLISHER>O'Reilly</PUBLISHER>
        </PUBLISHERS>
        <TITLE>The Perl CD Bookshelf v. 1.0</TITLE>
        <DEFAULTFORMAT>html</DEFAULTFORMAT>
       </INFO>
       <ITEM>
        <INFO>
         <CATEGORIES>
          <CATEGORY>Lib/InfoSyS/OReilly/4</CATEGORY>
         </CATEGORIES>
         <DESCRIPTION>Perl in a Nutshell</DESCRIPTION>
         <PUBLISHERS>
          <PUBLISHER>O'Reilly</PUBLISHER>
         </PUBLISHERS>
         <TITLE>Perl in a Nutshell</TITLE>
         <INSTANCES>
          <INSTANCE>
           <FORMAT>html</FORMAT>
           <SIZE>0</SIZE>
           <CHECKSUM>0</CHECKSUM>
          </INSTANCE>
         </INSTANCES>
        </INFO>
       </ITEM>
       <ITEM>
        <INFO>
         <CATEGORIES>
          <CATEGORY>Lib/InfoSyS/OReilly/4</CATEGORY>
         </CATEGORIES>
         <DESCRIPTION>Learning Perl</DESCRIPTION>
         <PUBLISHERS>
          <PUBLISHER>O'Reilly</PUBLISHER>
         </PUBLISHERS>
         <TITLE>Learning Perl</TITLE>
         <INSTANCES>
          <INSTANCE>
           <FORMAT>html</FORMAT>
           <SIZE>0</SIZE>
           <CHECKSUM>0</CHECKSUM>
          </INSTANCE>
         </INSTANCES>
        </INFO>
       </ITEM>
       <ITEM>
        <INFO>
         <CATEGORIES>
          <CATEGORY>Lib/InfoSyS/OReilly/4</CATEGORY>
         </CATEGORIES>
         <DESCRIPTION>Learning Perl on Win32</DESCRIPTION>
         <PUBLISHERS>
          <PUBLISHER>O'Reilly</PUBLISHER>
         </PUBLISHERS>
         <TITLE>Learning Perl on Win32</TITLE>
         <INSTANCES>
          <INSTANCE>
           <FORMAT>html</FORMAT>
           <SIZE>0</SIZE>
           <CHECKSUM>0</CHECKSUM>
          </INSTANCE>
         </INSTANCES>
        </INFO>
       </ITEM>
       <ITEM>
        <INFO>
         <CATEGORIES>
          <CATEGORY>Lib/InfoSyS/OReilly/4</CATEGORY>
         </CATEGORIES>
         <DESCRIPTION>Programming Perl</DESCRIPTION>
         <PUBLISHERS>
          <PUBLISHER>O'Reilly</PUBLISHER>
         </PUBLISHERS>
         <TITLE>Programming Perl</TITLE>
         <INSTANCES>
          <INSTANCE>
           <FORMAT>html</FORMAT>
           <SIZE>0</SIZE>
           <CHECKSUM>0</CHECKSUM>
          </INSTANCE>
         </INSTANCES>
        </INFO>
       </ITEM>
       <ITEM>
        <INFO>
         <CATEGORIES>
          <CATEGORY>Lib/InfoSyS/OReilly/4</CATEGORY>
         </CATEGORIES>
         <DESCRIPTION>Advanced Perl Programming</DESCRIPTION>
         <PUBLISHERS>
          <PUBLISHER>O'Reilly</PUBLISHER>
         </PUBLISHERS>
         <TITLE>Advanced Perl Programming</TITLE>
         <INSTANCES>
          <INSTANCE>
           <FORMAT>html</FORMAT>
           <SIZE>0</SIZE>
           <CHECKSUM>0</CHECKSUM>
          </INSTANCE>
         </INSTANCES>
        </INFO>
       </ITEM>
       <ITEM>
        <INFO>
         <CATEGORIES>
          <CATEGORY>Lib/InfoSyS/OReilly/4</CATEGORY>
         </CATEGORIES>
         <DESCRIPTION>Perl CookBook</DESCRIPTION>
         <PUBLISHERS>
          <PUBLISHER>O'Reilly</PUBLISHER>
         </PUBLISHERS>
         <TITLE>Perl CookBook</TITLE>
         <INSTANCES>
          <INSTANCE>
           <FORMAT>html</FORMAT>
           <SIZE>0</SIZE>
           <CHECKSUM>0</CHECKSUM>
          </INSTANCE>
         </INSTANCES>
        </INFO>
       </ITEM>
      </LIST>
      <LIST category="Lib/InfoSyS/OReilly/5">
       <INFO>
        <DESCRIPTION>Java Reference Library v. 1.3</DESCRIPTION>
        <PUBLISHERS>
         <PUBLISHER>O'Reilly</PUBLISHER>
        </PUBLISHERS>
        <TITLE>Java Reference Library v. 1.3</TITLE>
        <DEFAULTFORMAT>html</DEFAULTFORMAT>
       </INFO>
       <ITEM>
        <INFO>
         <CATEGORIES>
          <CATEGORY>Lib/InfoSyS/OReilly/5</CATEGORY>
         </CATEGORIES>
         <DESCRIPTION>Java in a Nutshell</DESCRIPTION>
         <PUBLISHERS>
          <PUBLISHER>O'Reilly</PUBLISHER>
         </PUBLISHERS>
         <TITLE>Java in a Nutshell</TITLE>
         <INSTANCES>
          <INSTANCE>
           <FORMAT>html</FORMAT>
           <SIZE>0</SIZE>
           <CHECKSUM>0</CHECKSUM>
          </INSTANCE>
         </INSTANCES>
        </INFO>
       </ITEM>
       <ITEM>
        <INFO>
         <CATEGORIES>
          <CATEGORY>Lib/InfoSyS/OReilly/5</CATEGORY>
         </CATEGORIES>
         <DESCRIPTION>Java Language Reference</DESCRIPTION>
         <PUBLISHERS>
          <PUBLISHER>O'Reilly</PUBLISHER>
         </PUBLISHERS>
         <TITLE>Java Language Reference</TITLE>
         <INSTANCES>
          <INSTANCE>
           <FORMAT>html</FORMAT>
           <SIZE>0</SIZE>
           <CHECKSUM>0</CHECKSUM>
          </INSTANCE>
         </INSTANCES>
        </INFO>
       </ITEM>
       <ITEM>
        <INFO>
         <CATEGORIES>
          <CATEGORY>Lib/InfoSyS/OReilly/5</CATEGORY>
         </CATEGORIES>
         <DESCRIPTION>Java AWT Reference</DESCRIPTION>
         <PUBLISHERS>
          <PUBLISHER>O'Reilly</PUBLISHER>
         </PUBLISHERS>
         <TITLE>Java AWT Reference</TITLE>
         <INSTANCES>
          <INSTANCE>
           <FORMAT>html</FORMAT>
           <SIZE>0</SIZE>
           <CHECKSUM>0</CHECKSUM>
          </INSTANCE>
         </INSTANCES>
        </INFO>
       </ITEM>
       <ITEM>
        <INFO>
         <CATEGORIES>
          <CATEGORY>Lib/InfoSyS/OReilly/5</CATEGORY>
         </CATEGORIES>
         <DESCRIPTION>Java Fundamental Class Reference</DESCRIPTION>
         <PUBLISHERS>
          <PUBLISHER>O'Reilly</PUBLISHER>
         </PUBLISHERS>
         <TITLE>Java Fundamental Class Reference</TITLE>
         <INSTANCES>
          <INSTANCE>
           <FORMAT>html</FORMAT>
           <SIZE>0</SIZE>
           <CHECKSUM>0</CHECKSUM>
          </INSTANCE>
         </INSTANCES>
        </INFO>
       </ITEM>
       <ITEM>
        <INFO>
         <CATEGORIES>
          <CATEGORY>Lib/InfoSyS/OReilly/5</CATEGORY>
         </CATEGORIES>
         <DESCRIPTION>Exploring Java</DESCRIPTION>
         <PUBLISHERS>
          <PUBLISHER>O'Reilly</PUBLISHER>
         </PUBLISHERS>
         <TITLE>Exploring Java</TITLE>
         <INSTANCES>
          <INSTANCE>
           <FORMAT>html</FORMAT>
           <SIZE>0</SIZE>
           <CHECKSUM>0</CHECKSUM>
          </INSTANCE>
         </INSTANCES>
        </INFO>
       </ITEM>
      </LIST>
     </LIST>
    </FILE>
    <DIR link="Lib/InfoSyS/Cert.Docs">
     <LOCATION>
      <URL>Lib/InfoSyS/Cert.Docs</URL>
      <SIZE>251.2</SIZE>
     </LOCATION>
     <FILELIST category="Lib/InfoSyS/Cert.Docs">
      <INFO>
       <DESCRIPTION>Certification Documentation</DESCRIPTION>
       <TITLE>Certification Documentation</TITLE>
       <DEFAULTFORMAT>pdf</DEFAULTFORMAT>
      </INFO>
      <DIR link="Lib/InfoSyS/Cert.Docs/ChinaLab">
       <LOCATION>
        <URL>Lib/InfoSyS/Cert.Docs/ChinaLab</URL>
        <SIZE>4.4</SIZE>
       </LOCATION>
       <FILELIST category="Lib/InfoSyS/Cert.Docs/ChinaLab">
        <INFO>
         <DESCRIPTION>China Lab</DESCRIPTION>
         <TITLE>China Lab</TITLE>
         <DEFAULTFORMAT>pdf</DEFAULTFORMAT>
        </INFO>
        <FILE link="Lib/InfoSyS/Cert.Docs/ChinaLab/China IT Lab - 70-210 MCSE Study Guide Bible.pdf.gz">
         <LOCATION>
          <URL>Lib/InfoSyS/Cert.Docs/ChinaLab/China IT Lab - 70-210 MCSE Study Guide Bible.pdf.gz</URL>
          <SIZE>0.2</SIZE>
          <CHECKSUM>0</CHECKSUM>
          <TYPE>gzip</TYPE>
         </LOCATION>
         <ITEM>
          <INFO>
           <CATEGORIES>
            <CATEGORY>Lib/InfoSyS/Cert.Docs/ChinaLab</CATEGORY>
           </CATEGORIES>
           <DESCRIPTION>China IT Lab - 70-210 MCSE Study Guide Bible.pdf.gz</DESCRIPTION>
           <AUTHORS>
            <AUTHOR>
             <FULLNAME>China IT Lab</FULLNAME>
             <LASTNAME>Lab</LASTNAME>
             <FIRSTNAME>China</FIRSTNAME>
            </AUTHOR>
           </AUTHORS>
           <TITLE>70-210 MCSE Study Guide Bible.pdf.gz</TITLE>
           <INSTANCES>
            <INSTANCE>
             <FORMAT>pdf</FORMAT>
             <SIZE>0</SIZE>
             <CHECKSUM>0</CHECKSUM>
            </INSTANCE>
           </INSTANCES>
          </INFO>
         </ITEM>
        </FILE>
        <FILE link="Lib/InfoSyS/Cert.Docs/ChinaLab/China IT Lab - 70-216 MCSE Study Guide Bible.pdf.gz">
         <LOCATION>
          <URL>Lib/InfoSyS/Cert.Docs/ChinaLab/China IT Lab - 70-216 MCSE Study Guide Bible.pdf.gz</URL>
          <SIZE>1.9</SIZE>
          <CHECKSUM>0</CHECKSUM>
          <TYPE>gzip</TYPE>
         </LOCATION>
         <ITEM>
          <INFO>
           <CATEGORIES>
            <CATEGORY>Lib/InfoSyS/Cert.Docs/ChinaLab</CATEGORY>
           </CATEGORIES>
           <DESCRIPTION>China IT Lab - 70-216 MCSE Study Guide Bible.pdf.gz</DESCRIPTION>
           <AUTHORS>
            <AUTHOR>
             <FULLNAME>China IT Lab</FULLNAME>
             <LASTNAME>Lab</LASTNAME>
             <FIRSTNAME>China</FIRSTNAME>
            </AUTHOR>
           </AUTHORS>
           <TITLE>70-216 MCSE Study Guide Bible.pdf.gz</TITLE>
           <INSTANCES>
            <INSTANCE>
             <FORMAT>pdf</FORMAT>
             <SIZE>0</SIZE>
             <CHECKSUM>0</CHECKSUM>
            </INSTANCE>
           </INSTANCES>
          </INFO>
         </ITEM>
        </FILE>
        <FILE link="Lib/InfoSyS/Cert.Docs/ChinaLab/China IT Lab - 70-217 MCSE Study Guide Bible.pdf.gz">
         <LOCATION>
          <URL>Lib/InfoSyS/Cert.Docs/ChinaLab/China IT Lab - 70-217 MCSE Study Guide Bible.pdf.gz</URL>
          <SIZE>0.4</SIZE>
          <CHECKSUM>0</CHECKSUM>
          <TYPE>gzip</TYPE>
         </LOCATION>
         <ITEM>
          <INFO>
           <CATEGORIES>
            <CATEGORY>Lib/InfoSyS/Cert.Docs/ChinaLab</CATEGORY>
           </CATEGORIES>
           <DESCRIPTION>China IT Lab - 70-217 MCSE Study Guide Bible.pdf.gz</DESCRIPTION>
           <AUTHORS>
            <AUTHOR>
             <FULLNAME>China IT Lab</FULLNAME>
             <LASTNAME>Lab</LASTNAME>
             <FIRSTNAME>China</FIRSTNAME>
            </AUTHOR>
           </AUTHORS>
           <TITLE>70-217 MCSE Study Guide Bible.pdf.gz</TITLE>
           <INSTANCES>
            <INSTANCE>
             <FORMAT>pdf</FORMAT>
             <SIZE>0</SIZE>
             <CHECKSUM>0</CHECKSUM>
            </INSTANCE>
           </INSTANCES>
          </INFO>
         </ITEM>
        </FILE>
        <FILE link="Lib/InfoSyS/Cert.Docs/ChinaLab/China IT Lab - 70-220 MCSE Study Guide Bible.pdf.gz">
         <LOCATION>
          <URL>Lib/InfoSyS/Cert.Docs/ChinaLab/China IT Lab - 70-220 MCSE Study Guide Bible.pdf.gz</URL>
          <SIZE>0.4</SIZE>
          <CHECKSUM>0</CHECKSUM>
          <TYPE>gzip</TYPE>
         </LOCATION>
         <ITEM>
          <INFO>
           <CATEGORIES>
            <CATEGORY>Lib/InfoSyS/Cert.Docs/ChinaLab</CATEGORY>
           </CATEGORIES>
           <DESCRIPTION>China IT Lab - 70-220 MCSE Study Guide Bible.pdf.gz</DESCRIPTION>
           <AUTHORS>
            <AUTHOR>
             <FULLNAME>China IT Lab</FULLNAME>
             <LASTNAME>Lab</LASTNAME>
             <FIRSTNAME>China</FIRSTNAME>
            </AUTHOR>
           </AUTHORS>
           <TITLE>70-220 MCSE Study Guide Bible.pdf.gz</TITLE>
           <INSTANCES>
            <INSTANCE>
             <FORMAT>pdf</FORMAT>
             <SIZE>0</SIZE>
             <CHECKSUM>0</CHECKSUM>
            </INSTANCE>
           </INSTANCES>
          </INFO>
         </ITEM>
        </FILE>
        <FILE link="Lib/InfoSyS/Cert.Docs/ChinaLab/China IT Lab - 70-240 MCSE Study Guide Bible Ver 2.pdf.gz">
         <LOCATION>
          <URL>Lib/InfoSyS/Cert.Docs/ChinaLab/China IT Lab - 70-240 MCSE Study Guide Bible Ver 2.pdf.gz</URL>
          <SIZE>1.4</SIZE>
          <CHECKSUM>0</CHECKSUM>
          <TYPE>gzip</TYPE>
         </LOCATION>
         <ITEM>
          <INFO>
           <CATEGORIES>
            <CATEGORY>Lib/InfoSyS/Cert.Docs/ChinaLab</CATEGORY>
           </CATEGORIES>
           <DESCRIPTION>China IT Lab - 70-240 MCSE Study Guide Bible Ver 2.pdf.gz</DESCRIPTION>
           <AUTHORS>
            <AUTHOR>
             <FULLNAME>China IT Lab</FULLNAME>
             <LASTNAME>Lab</LASTNAME>
             <FIRSTNAME>China</FIRSTNAME>
            </AUTHOR>
           </AUTHORS>
           <TITLE>70-240 MCSE Study Guide Bible Ver 2.pdf.gz</TITLE>
           <INSTANCES>
            <INSTANCE>
             <FORMAT>pdf</FORMAT>
             <SIZE>0</SIZE>
             <CHECKSUM>0</CHECKSUM>
            </INSTANCE>
           </INSTANCES>
          </INFO>
         </ITEM>
        </FILE>
       </FILELIST>
      </DIR>
      <DIR link="Lib/InfoSyS/Cert.Docs/Cisco">
       <LOCATION>
        <URL>Lib/InfoSyS/Cert.Docs/Cisco</URL>
        <SIZE>33.7</SIZE>
       </LOCATION>
       <FILELIST category="Lib/InfoSyS/Cert.Docs/Cisco">
        <INFO>
         <DESCRIPTION>Cisco Certification</DESCRIPTION>
         <TITLE>Cisco Certification</TITLE>
         <DEFAULTFORMAT>pdf</DEFAULTFORMAT>
        </INFO>
        <FILE link="Lib/InfoSyS/Cert.Docs/Cisco/640-407.zip">
         <LOCATION>
          <URL>Lib/InfoSyS/Cert.Docs/Cisco/640-407.zip</URL>
          <SIZE>0.8</SIZE>
          <CHECKSUM>0</CHECKSUM>
          <TYPE>zip</TYPE>
         </LOCATION>
         <ITEM>
          <INFO>
           <CATEGORIES>
            <CATEGORY>Lib/InfoSyS/Cert.Docs/Cisco</CATEGORY>
           </CATEGORIES>
           <DESCRIPTION>CCNA 640-407 - Router and Switching Study Guide (html)</DESCRIPTION>
           <TITLE>Router and Switching Study Guide</TITLE>
           <TEST>CCNA 640-407</TEST>
           <INSTANCES>
            <INSTANCE>
             <FORMAT>html</FORMAT>
             <SIZE>0</SIZE>
             <CHECKSUM>0</CHECKSUM>
            </INSTANCE>
           </INSTANCES>
          </INFO>
         </ITEM>
        </FILE>
        <FILE link="Lib/InfoSyS/Cert.Docs/Cisco/640-441.zip">
         <LOCATION>
          <URL>Lib/InfoSyS/Cert.Docs/Cisco/640-441.zip</URL>
          <SIZE>6.6</SIZE>
          <CHECKSUM>0</CHECKSUM>
          <TYPE>zip</TYPE>
         </LOCATION>
         <ITEM>
          <INFO>
           <CATEGORIES>
            <CATEGORY>Lib/InfoSyS/Cert.Docs/Cisco</CATEGORY>
           </CATEGORIES>
           <DESCRIPTION>CCDA 640-441 - CCDA Exam - Design Cisco Networks</DESCRIPTION>
           <AUTHORS>
            <AUTHOR>
             <FULLNAME>CCDA Exam</FULLNAME>
             <LASTNAME>Exam</LASTNAME>
             <FIRSTNAME>CCDA</FIRSTNAME>
            </AUTHOR>
           </AUTHORS>
           <TITLE>Design Cisco Networks</TITLE>
           <TEST>CCDA 640-441</TEST>
           <INSTANCES>
            <INSTANCE>
             <FORMAT>pdf</FORMAT>
             <SIZE>0</SIZE>
             <CHECKSUM>0</CHECKSUM>
            </INSTANCE>
           </INSTANCES>
          </INFO>
         </ITEM>
        </FILE>
        <FILE link="Lib/InfoSyS/Cert.Docs/Cisco/640-503.zip">
         <LOCATION>
          <URL>Lib/InfoSyS/Cert.Docs/Cisco/640-503.zip</URL>
          <SIZE>7.6</SIZE>
          <CHECKSUM>0</CHECKSUM>
          <TYPE>zip</TYPE>
         </LOCATION>
         <ITEM>
          <INFO>
           <CATEGORIES>
            <CATEGORY>Lib/InfoSyS/Cert.Docs/Cisco</CATEGORY>
           </CATEGORIES>
           <DESCRIPTION>CCNP 640-503 - Cisco Routing Exam Certification Guide</DESCRIPTION>
           <TITLE>Cisco Routing Exam Certification Guide</TITLE>
           <TEST>CCNP 640-503</TEST>
           <INSTANCES>
            <INSTANCE>
             <FORMAT>pdf</FORMAT>
             <SIZE>0</SIZE>
             <CHECKSUM>0</CHECKSUM>
            </INSTANCE>
           </INSTANCES>
          </INFO>
         </ITEM>
        </FILE>
        <FILE link="Lib/InfoSyS/Cert.Docs/Cisco/640-505.zip">
         <LOCATION>
          <URL>Lib/InfoSyS/Cert.Docs/Cisco/640-505.zip</URL>
          <SIZE>7.4</SIZE>
          <CHECKSUM>0</CHECKSUM>
          <TYPE>zip</TYPE>
         </LOCATION>
         <ITEM>
          <INFO>
           <CATEGORIES>
            <CATEGORY>Lib/InfoSyS/Cert.Docs/Cisco</CATEGORY>
           </CATEGORIES>
           <DESCRIPTION>CCNP 640-505 - Remote Access Exam Certification Guide</DESCRIPTION>
           <TITLE>Remote Access Exam Certification Guide</TITLE>
           <TEST>CCNP 640-505</TEST>
           <INSTANCES>
            <INSTANCE>
             <FORMAT>pdf</FORMAT>
             <SIZE>0</SIZE>
             <CHECKSUM>0</CHECKSUM>
            </INSTANCE>
           </INSTANCES>
          </INFO>
         </ITEM>
        </FILE>
        <FILE link="Lib/InfoSyS/Cert.Docs/Cisco/640-505a.zip">
         <LOCATION>
          <URL>Lib/InfoSyS/Cert.Docs/Cisco/640-505a.zip</URL>
          <SIZE>7.6</SIZE>
          <CHECKSUM>0</CHECKSUM>
          <TYPE>zip</TYPE>
         </LOCATION>
         <ITEM>
          <INFO>
           <CATEGORIES>
            <CATEGORY>Lib/InfoSyS/Cert.Docs/Cisco</CATEGORY>
           </CATEGORIES>
           <DESCRIPTION>CCNP 640-505 - Sybex - Robert Padjen - Remote Access Study Guide</DESCRIPTION>
           <PUBLISHERS>
            <PUBLISHER>Sybex</PUBLISHER>
           </PUBLISHERS>
           <AUTHORS>
            <AUTHOR>
             <FULLNAME>Robert Padjen</FULLNAME>
             <LASTNAME>Padjen</LASTNAME>
             <FIRSTNAME>Robert</FIRSTNAME>
            </AUTHOR>
           </AUTHORS>
           <TITLE>Remote Access Study Guide</TITLE>
           <TEST>CCNP 640-505</TEST>
           <INSTANCES>
            <INSTANCE>
             <FORMAT>pdf</FORMAT>
             <SIZE>0</SIZE>
             <CHECKSUM>0</CHECKSUM>
            </INSTANCE>
           </INSTANCES>
          </INFO>
         </ITEM>
        </FILE>
        <FILE link="Lib/InfoSyS/Cert.Docs/Cisco/640-506.zip">
         <LOCATION>
          <URL>Lib/InfoSyS/Cert.Docs/Cisco/640-506.zip</URL>
          <SIZE>3.6</SIZE>
          <CHECKSUM>0</CHECKSUM>
          <TYPE>zip</TYPE>
         </LOCATION>
         <ITEM>
          <INFO>
           <CATEGORIES>
            <CATEGORY>Lib/InfoSyS/Cert.Docs/Cisco</CATEGORY>
           </CATEGORIES>
           <DESCRIPTION>CCNP 640-506 - Amir Ranjbar - CCNP Support Exam Certification Guide</DESCRIPTION>
           <AUTHORS>
            <AUTHOR>
             <FULLNAME>Amir Ranjbar</FULLNAME>
             <LASTNAME>Ranjbar</LASTNAME>
             <FIRSTNAME>Amir</FIRSTNAME>
            </AUTHOR>
           </AUTHORS>
           <TITLE>CCNP Support Exam Certification Guide</TITLE>
           <TEST>CCNP 640-506</TEST>
           <INSTANCES>
            <INSTANCE>
             <FORMAT>pdf</FORMAT>
             <SIZE>0</SIZE>
             <CHECKSUM>0</CHECKSUM>
            </INSTANCE>
           </INSTANCES>
          </INFO>
         </ITEM>
        </FILE>
       </FILELIST>
      </DIR>
      <DIR link="Lib/InfoSyS/Cert.Docs/Cram">
       <LOCATION>
        <URL>Lib/InfoSyS/Cert.Docs/Cram</URL>
        <SIZE>1.8</SIZE>
       </LOCATION>
       <FILELIST category="Lib/InfoSyS/Cert.Docs/Cram">
        <INFO>
         <DESCRIPTION>Cram Bible Lab</DESCRIPTION>
         <TITLE>Cram Bible Lab</TITLE>
         <DEFAULTFORMAT>pdf</DEFAULTFORMAT>
        </INFO>
        <FILE link="Lib/InfoSyS/Cert.Docs/Cram/310-022,025.zip">
         <LOCATION>
          <URL>Lib/InfoSyS/Cert.Docs/Cram/310-022,025.zip</URL>
          <SIZE>0.2</SIZE>
          <CHECKSUM>0</CHECKSUM>
          <TYPE>zip</TYPE>
         </LOCATION>
         <ITEM>
          <INFO>
           <CATEGORIES>
            <CATEGORY>Lib/InfoSyS/Cert.Docs/Cram</CATEGORY>
           </CATEGORIES>
           <DESCRIPTION>310-022,025 - Sun Certified Java Programmer</DESCRIPTION>
           <TITLE>310-022,025 - Sun Certified Java Programmer</TITLE>
           <INSTANCES>
            <INSTANCE>
             <FORMAT>pdf</FORMAT>
             <SIZE>0</SIZE>
             <CHECKSUM>0</CHECKSUM>
            </INSTANCE>
           </INSTANCES>
          </INFO>
         </ITEM>
        </FILE>
        <FILE link="Lib/InfoSyS/Cert.Docs/Cram/670-407.zip">
         <LOCATION>
          <URL>Lib/InfoSyS/Cert.Docs/Cram/670-407.zip</URL>
          <SIZE>0.4</SIZE>
          <CHECKSUM>0</CHECKSUM>
          <TYPE>zip</TYPE>
         </LOCATION>
         <ITEM>
          <INFO>
           <CATEGORIES>
            <CATEGORY>Lib/InfoSyS/Cert.Docs/Cram</CATEGORY>
           </CATEGORIES>
           <DESCRIPTION>CCNA 670-407 - Cisco Certificated Network Associate</DESCRIPTION>
           <TITLE>Cisco Certificated Network Associate</TITLE>
           <TEST>CCNA 670-407</TEST>
           <INSTANCES>
            <INSTANCE>
             <FORMAT>pdf</FORMAT>
             <SIZE>0</SIZE>
             <CHECKSUM>0</CHECKSUM>
            </INSTANCE>
           </INSTANCES>
          </INFO>
         </ITEM>
        </FILE>
        <FILE link="Lib/InfoSyS/Cert.Docs/Cram/70-175.zip">
         <LOCATION>
          <URL>Lib/InfoSyS/Cert.Docs/Cram/70-175.zip</URL>
          <SIZE>0.1</SIZE>
          <CHECKSUM>0</CHECKSUM>
          <TYPE>zip</TYPE>
         </LOCATION>
         <ITEM>
          <INFO>
           <CATEGORIES>
            <CATEGORY>Lib/InfoSyS/Cert.Docs/Cram</CATEGORY>
           </CATEGORIES>
           <DESCRIPTION>MCSD 70-175 - Design Distributed Applications with VB6 r1.0</DESCRIPTION>
           <TITLE>Design Distributed Applications with VB6 r1.0</TITLE>
           <TEST>MCSD 70-175</TEST>
           <INSTANCES>
            <INSTANCE>
             <FORMAT>pdf</FORMAT>
             <SIZE>0</SIZE>
             <CHECKSUM>0</CHECKSUM>
            </INSTANCE>
           </INSTANCES>
          </INFO>
         </ITEM>
        </FILE>
        <FILE link="Lib/InfoSyS/Cert.Docs/Cram/70-176.zip">
         <LOCATION>
          <URL>Lib/InfoSyS/Cert.Docs/Cram/70-176.zip</URL>
          <SIZE>0.1</SIZE>
          <CHECKSUM>0</CHECKSUM>
          <TYPE>zip</TYPE>
         </LOCATION>
         <ITEM>
          <INFO>
           <CATEGORIES>
            <CATEGORY>Lib/InfoSyS/Cert.Docs/Cram</CATEGORY>
           </CATEGORIES>
           <DESCRIPTION>MCSD 70-176 - Design Desktop Applications with VB6, r1.0</DESCRIPTION>
           <TITLE>Design Desktop Applications with VB6, r1.0</TITLE>
           <TEST>MCSD 70-176</TEST>
           <INSTANCES>
            <INSTANCE>
             <FORMAT>pdf</FORMAT>
             <SIZE>0</SIZE>
             <CHECKSUM>0</CHECKSUM>
            </INSTANCE>
           </INSTANCES>
          </INFO>
         </ITEM>
        </FILE>
        <FILE link="Lib/InfoSyS/Cert.Docs/Cram/70-219.zip">
         <LOCATION>
          <URL>Lib/InfoSyS/Cert.Docs/Cram/70-219.zip</URL>
          <SIZE>0.1</SIZE>
          <CHECKSUM>0</CHECKSUM>
          <TYPE>zip</TYPE>
         </LOCATION>
         <ITEM>
          <INFO>
           <CATEGORIES>
            <CATEGORY>Lib/InfoSyS/Cert.Docs/Cram</CATEGORY>
           </CATEGORIES>
           <DESCRIPTION>MCSE 70-219 - Designing Win 2000 Directory Services Infrastructure</DESCRIPTION>
           <TITLE>Designing Win 2000 Directory Services Infrastructure</TITLE>
           <TEST>MCSE 70-219</TEST>
           <INSTANCES>
            <INSTANCE>
             <FORMAT>pdf</FORMAT>
             <SIZE>0</SIZE>
             <CHECKSUM>0</CHECKSUM>
            </INSTANCE>
           </INSTANCES>
          </INFO>
         </ITEM>
        </FILE>
        <FILE link="Lib/InfoSyS/Cert.Docs/Cram/70-28.zip">
         <LOCATION>
          <URL>Lib/InfoSyS/Cert.Docs/Cram/70-28.zip</URL>
          <SIZE>0.2</SIZE>
          <CHECKSUM>0</CHECKSUM>
          <TYPE>zip</TYPE>
         </LOCATION>
         <ITEM>
          <INFO>
           <CATEGORIES>
            <CATEGORY>Lib/InfoSyS/Cert.Docs/Cram</CATEGORY>
           </CATEGORIES>
           <DESCRIPTION>MCSE 70-28 - Admin SQL Server 7.0 r2.0</DESCRIPTION>
           <TITLE>Admin SQL Server 7.0 r2.0</TITLE>
           <TEST>MCSE 70-28</TEST>
           <INSTANCES>
            <INSTANCE>
             <FORMAT>pdf</FORMAT>
             <SIZE>0</SIZE>
             <CHECKSUM>0</CHECKSUM>
            </INSTANCE>
           </INSTANCES>
          </INFO>
         </ITEM>
        </FILE>
        <FILE link="Lib/InfoSyS/Cert.Docs/Cram/70-29.zip">
         <LOCATION>
          <URL>Lib/InfoSyS/Cert.Docs/Cram/70-29.zip</URL>
          <SIZE>0.7</SIZE>
          <CHECKSUM>0</CHECKSUM>
          <TYPE>zip</TYPE>
         </LOCATION>
         <ITEM>
          <INFO>
           <CATEGORIES>
            <CATEGORY>Lib/InfoSyS/Cert.Docs/Cram</CATEGORY>
           </CATEGORIES>
           <DESCRIPTION>MCSE 70-29 - Implementing SQL Server 7.0, r1.0</DESCRIPTION>
           <TITLE>Implementing SQL Server 7.0, r1.0</TITLE>
           <TEST>MCSE 70-29</TEST>
           <INSTANCES>
            <INSTANCE>
             <FORMAT>pdf</FORMAT>
             <SIZE>0</SIZE>
             <CHECKSUM>0</CHECKSUM>
            </INSTANCE>
           </INSTANCES>
          </INFO>
         </ITEM>
        </FILE>
       </FILELIST>
      </DIR>
      <DIR link="Lib/InfoSyS/Cert.Docs/MicroSoft">
       <LOCATION>
        <URL>Lib/InfoSyS/Cert.Docs/MicroSoft</URL>
        <SIZE>38.1</SIZE>
       </LOCATION>
       <FILELIST category="Lib/InfoSyS/Cert.Docs/MicroSoft">
        <INFO>
         <DESCRIPTION>Misc on Microsoft Certification</DESCRIPTION>
         <TITLE>Misc on Microsoft Certification</TITLE>
         <DEFAULTFORMAT>pdf</DEFAULTFORMAT>
        </INFO>
        <FILE link="Lib/InfoSyS/Cert.Docs/MicroSoft/1560a.zip">
         <LOCATION>
          <URL>Lib/InfoSyS/Cert.Docs/MicroSoft/1560a.zip</URL>
          <SIZE>11.9</SIZE>
          <CHECKSUM>0</CHECKSUM>
          <TYPE>zip</TYPE>
         </LOCATION>
         <ITEM>
          <INFO>
           <CATEGORIES>
            <CATEGORY>Lib/InfoSyS/Cert.Docs/MicroSoft</CATEGORY>
           </CATEGORIES>
           <DESCRIPTION>MOC 1560a - Upgrading Support Skills from NT 4.0 to W2</DESCRIPTION>
           <AUTHORS>
            <AUTHOR>
             <FULLNAME>MOC 1560a</FULLNAME>
             <LASTNAME>1560a</LASTNAME>
             <FIRSTNAME>MOC</FIRSTNAME>
            </AUTHOR>
           </AUTHORS>
           <TITLE>Upgrading Support Skills from NT 4.0 to W2</TITLE>
           <INSTANCES>
            <INSTANCE>
             <FORMAT>pdf</FORMAT>
             <SIZE>0</SIZE>
             <CHECKSUM>0</CHECKSUM>
            </INSTANCE>
           </INSTANCES>
          </INFO>
         </ITEM>
        </FILE>
        <FILE link="Lib/InfoSyS/Cert.Docs/MicroSoft/1626a.zip">
         <LOCATION>
          <URL>Lib/InfoSyS/Cert.Docs/MicroSoft/1626a.zip</URL>
          <SIZE>3.5</SIZE>
          <CHECKSUM>0</CHECKSUM>
          <TYPE>zip</TYPE>
         </LOCATION>
         <ITEM>
          <INFO>
           <CATEGORIES>
            <CATEGORY>Lib/InfoSyS/Cert.Docs/MicroSoft</CATEGORY>
           </CATEGORIES>
           <DESCRIPTION>MOC 1626a - Deploying MS Office 2000 Using Microsoft Systems Managment Server 2.0</DESCRIPTION>
           <AUTHORS>
            <AUTHOR>
             <FULLNAME>MOC 1626a</FULLNAME>
             <LASTNAME>1626a</LASTNAME>
             <FIRSTNAME>MOC</FIRSTNAME>
            </AUTHOR>
           </AUTHORS>
           <TITLE>Deploying MS Office 2000 Using Microsoft Systems Managment Server 2.0</TITLE>
           <INSTANCES>
            <INSTANCE>
             <FORMAT>pdf</FORMAT>
             <SIZE>0</SIZE>
             <CHECKSUM>0</CHECKSUM>
            </INSTANCE>
           </INSTANCES>
          </INFO>
         </ITEM>
        </FILE>
        <FILE link="Lib/InfoSyS/Cert.Docs/MicroSoft/1627a.zip">
         <LOCATION>
          <URL>Lib/InfoSyS/Cert.Docs/MicroSoft/1627a.zip</URL>
          <SIZE>2.8</SIZE>
          <CHECKSUM>0</CHECKSUM>
          <TYPE>zip</TYPE>
         </LOCATION>
         <ITEM>
          <INFO>
           <CATEGORIES>
            <CATEGORY>Lib/InfoSyS/Cert.Docs/MicroSoft</CATEGORY>
           </CATEGORIES>
           <DESCRIPTION>MOC 1627a - Analyzing Year 2000 Compliance Using Microsoft Systems Management Server 2.0</DESCRIPTION>
           <AUTHORS>
            <AUTHOR>
             <FULLNAME>MOC 1627a</FULLNAME>
             <LASTNAME>1627a</LASTNAME>
             <FIRSTNAME>MOC</FIRSTNAME>
            </AUTHOR>
           </AUTHORS>
           <TITLE>Analyzing Year 2000 Compliance Using Microsoft Systems Management Server 2.0</TITLE>
           <INSTANCES>
            <INSTANCE>
             <FORMAT>pdf</FORMAT>
             <SIZE>0</SIZE>
             <CHECKSUM>0</CHECKSUM>
            </INSTANCE>
           </INSTANCES>
          </INFO>
         </ITEM>
        </FILE>
        <FILE link="Lib/InfoSyS/Cert.Docs/MicroSoft/70-058.zip">
         <LOCATION>
          <URL>Lib/InfoSyS/Cert.Docs/MicroSoft/70-058.zip</URL>
          <SIZE>0.2</SIZE>
          <CHECKSUM>0</CHECKSUM>
          <TYPE>zip</TYPE>
         </LOCATION>
         <ITEM>
          <INFO>
           <CATEGORIES>
            <CATEGORY>Lib/InfoSyS/Cert.Docs/MicroSoft</CATEGORY>
           </CATEGORIES>
           <DESCRIPTION>MCSE 70-058 - Wang Wei - MCSE Tutorial on Networking Essential</DESCRIPTION>
           <AUTHORS>
            <AUTHOR>
             <FULLNAME>Wang Wei</FULLNAME>
             <LASTNAME>Wei</LASTNAME>
             <FIRSTNAME>Wang</FIRSTNAME>
            </AUTHOR>
           </AUTHORS>
           <TITLE>MCSE Tutorial on Networking Essential</TITLE>
           <TEST>MCSE 70-058</TEST>
           <INSTANCES>
            <INSTANCE>
             <FORMAT>pdf</FORMAT>
             <SIZE>0</SIZE>
             <CHECKSUM>0</CHECKSUM>
            </INSTANCE>
           </INSTANCES>
          </INFO>
         </ITEM>
        </FILE>
        <FILE link="Lib/InfoSyS/Cert.Docs/MicroSoft/70-175,176.zip">
         <LOCATION>
          <URL>Lib/InfoSyS/Cert.Docs/MicroSoft/70-175,176.zip</URL>
          <SIZE>10.9</SIZE>
          <CHECKSUM>0</CHECKSUM>
          <TYPE>zip</TYPE>
         </LOCATION>
         <ITEM>
          <INFO>
           <CATEGORIES>
            <CATEGORY>Lib/InfoSyS/Cert.Docs/MicroSoft</CATEGORY>
           </CATEGORIES>
           <DESCRIPTION>MCSD 70-175,176 - New Riders - Howard Hawhee - VB 6 Exams</DESCRIPTION>
           <TITLE>MCSD 70-175,176 - New Riders - Howard Hawhee - VB 6 Exams</TITLE>
           <INSTANCES>
            <INSTANCE>
             <FORMAT>pdf</FORMAT>
             <SIZE>0</SIZE>
             <CHECKSUM>0</CHECKSUM>
            </INSTANCE>
           </INSTANCES>
          </INFO>
         </ITEM>
        </FILE>
        <FILE link="Lib/InfoSyS/Cert.Docs/MicroSoft/70-229.zip">
         <LOCATION>
          <URL>Lib/InfoSyS/Cert.Docs/MicroSoft/70-229.zip</URL>
          <SIZE>4.6</SIZE>
          <CHECKSUM>0</CHECKSUM>
          <TYPE>zip</TYPE>
         </LOCATION>
         <ITEM>
          <INFO>
           <CATEGORIES>
            <CATEGORY>Lib/InfoSyS/Cert.Docs/MicroSoft</CATEGORY>
           </CATEGORIES>
           <DESCRIPTION>MCSE 70-229 - Designing and Implementing Databases with SQL Server 2000 Enterprise Edition</DESCRIPTION>
           <TITLE>Designing and Implementing Databases with SQL Server 2000 Enterprise Edition</TITLE>
           <TEST>MCSE 70-229</TEST>
           <INSTANCES>
            <INSTANCE>
             <FORMAT>pdf</FORMAT>
             <SIZE>0</SIZE>
             <CHECKSUM>0</CHECKSUM>
            </INSTANCE>
           </INSTANCES>
          </INFO>
         </ITEM>
        </FILE>
        <FILE link="Lib/InfoSyS/Cert.Docs/MicroSoft/70-73.zip">
         <LOCATION>
          <URL>Lib/InfoSyS/Cert.Docs/MicroSoft/70-73.zip</URL>
          <SIZE>2.3</SIZE>
          <CHECKSUM>0</CHECKSUM>
          <TYPE>zip</TYPE>
         </LOCATION>
         <ITEM>
          <INFO>
           <CATEGORIES>
            <CATEGORY>Lib/InfoSyS/Cert.Docs/MicroSoft</CATEGORY>
           </CATEGORIES>
           <DESCRIPTION>MCSE 70-73 - Implementing and Supporting Microsoft Windows NT Workstation 4.0</DESCRIPTION>
           <TITLE>Implementing and Supporting Microsoft Windows NT Workstation 4.0</TITLE>
           <TEST>MCSE 70-73</TEST>
           <INSTANCES>
            <INSTANCE>
             <FORMAT>pdf</FORMAT>
             <SIZE>0</SIZE>
             <CHECKSUM>0</CHECKSUM>
            </INSTANCE>
           </INSTANCES>
          </INFO>
         </ITEM>
        </FILE>
        <FILE link="Lib/InfoSyS/Cert.Docs/MicroSoft/short.zip">
         <LOCATION>
          <URL>Lib/InfoSyS/Cert.Docs/MicroSoft/short.zip</URL>
          <SIZE>1.9</SIZE>
          <CHECKSUM>0</CHECKSUM>
          <TYPE>zip</TYPE>
         </LOCATION>
         <ITEM>
          <INFO>
           <CATEGORIES>
            <CATEGORY>Lib/InfoSyS/Cert.Docs/MicroSoft</CATEGORY>
           </CATEGORIES>
           <DESCRIPTION>Shorts on MS Courses collected by A. Kibkalo</DESCRIPTION>
           <TITLE>Shorts on MS Courses collected by A. Kibkalo</TITLE>
           <INSTANCES>
            <INSTANCE>
             <FORMAT>pdf</FORMAT>
             <SIZE>0</SIZE>
             <CHECKSUM>0</CHECKSUM>
            </INSTANCE>
           </INSTANCES>
          </INFO>
         </ITEM>
        </FILE>
       </FILELIST>
      </DIR>
      <DIR link="Lib/InfoSyS/Cert.Docs/MSPress">
       <LOCATION>
        <URL>Lib/InfoSyS/Cert.Docs/MSPress</URL>
        <SIZE>150</SIZE>
       </LOCATION>
       <FILELIST category="Lib/InfoSyS/Cert.Docs/MSPress">
        <INFO>
         <DESCRIPTION>MSPress on Microsoft Certification</DESCRIPTION>
         <TITLE>MSPress on Microsoft Certification</TITLE>
         <DEFAULTFORMAT>pdf</DEFAULTFORMAT>
        </INFO>
        <FILE link="Lib/InfoSyS/Cert.Docs/MSPress/1572b.zip">
         <LOCATION>
          <URL>Lib/InfoSyS/Cert.Docs/MSPress/1572b.zip</URL>
          <SIZE>27.3</SIZE>
          <CHECKSUM>0</CHECKSUM>
          <TYPE>zip</TYPE>
         </LOCATION>
         <ITEM>
          <INFO>
           <CATEGORIES>
            <CATEGORY>Lib/InfoSyS/Cert.Docs/MSPress</CATEGORY>
           </CATEGORIES>
           <DESCRIPTION>1572B - Implementing and Managing Microsoft Exchange 2000</DESCRIPTION>
           <AUTHORS>
            <AUTHOR>
             <FULLNAME>1572B</FULLNAME>
             <LASTNAME>1572B</LASTNAME>
             <FIRSTNAME></FIRSTNAME>
            </AUTHOR>
           </AUTHORS>
           <TITLE>Implementing and Managing Microsoft Exchange 2000</TITLE>
           <INSTANCES>
            <INSTANCE>
             <FORMAT>pdf</FORMAT>
             <SIZE>0</SIZE>
             <CHECKSUM>0</CHECKSUM>
            </INSTANCE>
           </INSTANCES>
          </INFO>
         </ITEM>
        </FILE>
        <FILE link="Lib/InfoSyS/Cert.Docs/MSPress/70-016.chm">
         <LOCATION>
          <URL>Lib/InfoSyS/Cert.Docs/MSPress/70-016.chm</URL>
          <SIZE>8.7</SIZE>
          <CHECKSUM>0</CHECKSUM>
          <TYPE>plain</TYPE>
         </LOCATION>
         <ITEM>
          <INFO>
           <CATEGORIES>
            <CATEGORY>Lib/InfoSyS/Cert.Docs/MSPress</CATEGORY>
           </CATEGORIES>
           <DESCRIPTION>MCSD 70-016 - Desktop Applications with MSVC 6.0</DESCRIPTION>
           <TITLE>Desktop Applications with MSVC 6.0</TITLE>
           <TEST>MCSD 70-016</TEST>
           <INSTANCES>
            <INSTANCE>
             <FORMAT>pdf</FORMAT>
             <SIZE>0</SIZE>
             <CHECKSUM>0</CHECKSUM>
            </INSTANCE>
           </INSTANCES>
          </INFO>
         </ITEM>
        </FILE>
        <FILE link="Lib/InfoSyS/Cert.Docs/MSPress/70-019.chm">
         <LOCATION>
          <URL>Lib/InfoSyS/Cert.Docs/MSPress/70-019.chm</URL>
          <SIZE>6.7</SIZE>
          <CHECKSUM>0</CHECKSUM>
          <TYPE>plain</TYPE>
         </LOCATION>
         <ITEM>
          <INFO>
           <CATEGORIES>
            <CATEGORY>Lib/InfoSyS/Cert.Docs/MSPress</CATEGORY>
           </CATEGORIES>
           <DESCRIPTION>MCSE 70-019 - SQL Server 7.0 Data Warehousing</DESCRIPTION>
           <TITLE>SQL Server 7.0 Data Warehousing</TITLE>
           <TEST>MCSE 70-019</TEST>
           <INSTANCES>
            <INSTANCE>
             <FORMAT>pdf</FORMAT>
             <SIZE>0</SIZE>
             <CHECKSUM>0</CHECKSUM>
            </INSTANCE>
           </INSTANCES>
          </INFO>
         </ITEM>
        </FILE>
        <FILE link="Lib/InfoSyS/Cert.Docs/MSPress/70-028.chm">
         <LOCATION>
          <URL>Lib/InfoSyS/Cert.Docs/MSPress/70-028.chm</URL>
          <SIZE>4.8</SIZE>
          <CHECKSUM>0</CHECKSUM>
          <TYPE>plain</TYPE>
         </LOCATION>
         <ITEM>
          <INFO>
           <CATEGORIES>
            <CATEGORY>Lib/InfoSyS/Cert.Docs/MSPress</CATEGORY>
           </CATEGORIES>
           <DESCRIPTION>MCSE 70-028 - SQL Server 7.0 System Administration</DESCRIPTION>
           <TITLE>SQL Server 7.0 System Administration</TITLE>
           <TEST>MCSE 70-028</TEST>
           <INSTANCES>
            <INSTANCE>
             <FORMAT>pdf</FORMAT>
             <SIZE>0</SIZE>
             <CHECKSUM>0</CHECKSUM>
            </INSTANCE>
           </INSTANCES>
          </INFO>
         </ITEM>
        </FILE>
        <FILE link="Lib/InfoSyS/Cert.Docs/MSPress/70-029.chm">
         <LOCATION>
          <URL>Lib/InfoSyS/Cert.Docs/MSPress/70-029.chm</URL>
          <SIZE>4.8</SIZE>
          <CHECKSUM>0</CHECKSUM>
          <TYPE>plain</TYPE>
         </LOCATION>
         <ITEM>
          <INFO>
           <CATEGORIES>
            <CATEGORY>Lib/InfoSyS/Cert.Docs/MSPress</CATEGORY>
           </CATEGORIES>
           <DESCRIPTION>MCSE 70-029 - SQL Server 7.0 Database Implementation</DESCRIPTION>
           <TITLE>SQL Server 7.0 Database Implementation</TITLE>
           <TEST>MCSE 70-029</TEST>
           <INSTANCES>
            <INSTANCE>
             <FORMAT>pdf</FORMAT>
             <SIZE>0</SIZE>
             <CHECKSUM>0</CHECKSUM>
            </INSTANCE>
           </INSTANCES>
          </INFO>
         </ITEM>
        </FILE>
        <FILE link="Lib/InfoSyS/Cert.Docs/MSPress/70-076,081.chm">
         <LOCATION>
          <URL>Lib/InfoSyS/Cert.Docs/MSPress/70-076,081.chm</URL>
          <SIZE>22.2</SIZE>
          <CHECKSUM>0</CHECKSUM>
          <TYPE>plain</TYPE>
         </LOCATION>
         <ITEM>
          <INFO>
           <CATEGORIES>
            <CATEGORY>Lib/InfoSyS/Cert.Docs/MSPress</CATEGORY>
           </CATEGORIES>
           <DESCRIPTION>MCSE 70-076,081 - Exchange Server Training Kit</DESCRIPTION>
           <TITLE>MCSE 70-076,081 - Exchange Server Training Kit</TITLE>
           <INSTANCES>
            <INSTANCE>
             <FORMAT>pdf</FORMAT>
             <SIZE>0</SIZE>
             <CHECKSUM>0</CHECKSUM>
            </INSTANCE>
           </INSTANCES>
          </INFO>
         </ITEM>
        </FILE>
        <FILE link="Lib/InfoSyS/Cert.Docs/MSPress/70-086.chm">
         <LOCATION>
          <URL>Lib/InfoSyS/Cert.Docs/MSPress/70-086.chm</URL>
          <SIZE>8.9</SIZE>
          <CHECKSUM>0</CHECKSUM>
          <TYPE>plain</TYPE>
         </LOCATION>
         <ITEM>
          <INFO>
           <CATEGORIES>
            <CATEGORY>Lib/InfoSyS/Cert.Docs/MSPress</CATEGORY>
           </CATEGORIES>
           <DESCRIPTION>MCSE 70-086 - Microsoft Systems Managment Server 2.0</DESCRIPTION>
           <TITLE>Microsoft Systems Managment Server 2.0</TITLE>
           <TEST>MCSE 70-086</TEST>
           <INSTANCES>
            <INSTANCE>
             <FORMAT>pdf</FORMAT>
             <SIZE>0</SIZE>
             <CHECKSUM>0</CHECKSUM>
            </INSTANCE>
           </INSTANCES>
          </INFO>
         </ITEM>
        </FILE>
        <FILE link="Lib/InfoSyS/Cert.Docs/MSPress/70-160,161.chm">
         <LOCATION>
          <URL>Lib/InfoSyS/Cert.Docs/MSPress/70-160,161.chm</URL>
          <SIZE>3.2</SIZE>
          <CHECKSUM>0</CHECKSUM>
          <TYPE>plain</TYPE>
         </LOCATION>
         <ITEM>
          <INFO>
           <CATEGORIES>
            <CATEGORY>Lib/InfoSyS/Cert.Docs/MSPress</CATEGORY>
           </CATEGORIES>
           <DESCRIPTION>MCSD 70-160,161 - Windows Architecture for Developers</DESCRIPTION>
           <TITLE>MCSD 70-160,161 - Windows Architecture for Developers</TITLE>
           <INSTANCES>
            <INSTANCE>
             <FORMAT>pdf</FORMAT>
             <SIZE>0</SIZE>
             <CHECKSUM>0</CHECKSUM>
            </INSTANCE>
           </INSTANCES>
          </INFO>
         </ITEM>
        </FILE>
        <FILE link="Lib/InfoSyS/Cert.Docs/MSPress/70-175.chm">
         <LOCATION>
          <URL>Lib/InfoSyS/Cert.Docs/MSPress/70-175.chm</URL>
          <SIZE>3.7</SIZE>
          <CHECKSUM>0</CHECKSUM>
          <TYPE>plain</TYPE>
         </LOCATION>
         <ITEM>
          <INFO>
           <CATEGORIES>
            <CATEGORY>Lib/InfoSyS/Cert.Docs/MSPress</CATEGORY>
           </CATEGORIES>
           <DESCRIPTION>MCSD 70-175 - Distributed Applications with VB 6.0</DESCRIPTION>
           <TITLE>Distributed Applications with VB 6.0</TITLE>
           <TEST>MCSD 70-175</TEST>
           <INSTANCES>
            <INSTANCE>
             <FORMAT>pdf</FORMAT>
             <SIZE>0</SIZE>
             <CHECKSUM>0</CHECKSUM>
            </INSTANCE>
           </INSTANCES>
          </INFO>
         </ITEM>
        </FILE>
        <FILE link="Lib/InfoSyS/Cert.Docs/MSPress/70-176.chm">
         <LOCATION>
          <URL>Lib/InfoSyS/Cert.Docs/MSPress/70-176.chm</URL>
          <SIZE>2.4</SIZE>
          <CHECKSUM>0</CHECKSUM>
          <TYPE>plain</TYPE>
         </LOCATION>
         <ITEM>
          <INFO>
           <CATEGORIES>
            <CATEGORY>Lib/InfoSyS/Cert.Docs/MSPress</CATEGORY>
           </CATEGORIES>
           <DESCRIPTION>MCSD 70-176 - Desktop Applications with VB 6.0</DESCRIPTION>
           <TITLE>Desktop Applications with VB 6.0</TITLE>
           <TEST>MCSD 70-176</TEST>
           <INSTANCES>
            <INSTANCE>
             <FORMAT>pdf</FORMAT>
             <SIZE>0</SIZE>
             <CHECKSUM>0</CHECKSUM>
            </INSTANCE>
           </INSTANCES>
          </INFO>
         </ITEM>
        </FILE>
        <FILE link="Lib/InfoSyS/Cert.Docs/MSPress/70-210.chm">
         <LOCATION>
          <URL>Lib/InfoSyS/Cert.Docs/MSPress/70-210.chm</URL>
          <SIZE>9.3</SIZE>
          <CHECKSUM>0</CHECKSUM>
          <TYPE>plain</TYPE>
         </LOCATION>
         <ITEM>
          <INFO>
           <CATEGORIES>
            <CATEGORY>Lib/InfoSyS/Cert.Docs/MSPress</CATEGORY>
           </CATEGORIES>
           <DESCRIPTION>MCSE 70-210 - W2K Active Directory Services</DESCRIPTION>
           <TITLE>W2K Active Directory Services</TITLE>
           <TEST>MCSE 70-210</TEST>
           <INSTANCES>
            <INSTANCE>
             <FORMAT>pdf</FORMAT>
             <SIZE>0</SIZE>
             <CHECKSUM>0</CHECKSUM>
            </INSTANCE>
           </INSTANCES>
          </INFO>
         </ITEM>
        </FILE>
        <FILE link="Lib/InfoSyS/Cert.Docs/MSPress/70-210a.chm">
         <LOCATION>
          <URL>Lib/InfoSyS/Cert.Docs/MSPress/70-210a.chm</URL>
          <SIZE>8.6</SIZE>
          <CHECKSUM>0</CHECKSUM>
          <TYPE>plain</TYPE>
         </LOCATION>
         <ITEM>
          <INFO>
           <CATEGORIES>
            <CATEGORY>Lib/InfoSyS/Cert.Docs/MSPress</CATEGORY>
           </CATEGORIES>
           <DESCRIPTION>MCSE 70-210 - W2K Professional</DESCRIPTION>
           <TITLE>W2K Professional</TITLE>
           <TEST>MCSE 70-210</TEST>
           <INSTANCES>
            <INSTANCE>
             <FORMAT>pdf</FORMAT>
             <SIZE>0</SIZE>
             <CHECKSUM>0</CHECKSUM>
            </INSTANCE>
           </INSTANCES>
          </INFO>
         </ITEM>
        </FILE>
        <FILE link="Lib/InfoSyS/Cert.Docs/MSPress/70-210b.chm">
         <LOCATION>
          <URL>Lib/InfoSyS/Cert.Docs/MSPress/70-210b.chm</URL>
          <SIZE>10.8</SIZE>
          <CHECKSUM>0</CHECKSUM>
          <TYPE>plain</TYPE>
         </LOCATION>
         <ITEM>
          <INFO>
           <CATEGORIES>
            <CATEGORY>Lib/InfoSyS/Cert.Docs/MSPress</CATEGORY>
           </CATEGORIES>
           <DESCRIPTION>MCSE 70-210 - W2K Server</DESCRIPTION>
           <TITLE>W2K Server</TITLE>
           <TEST>MCSE 70-210</TEST>
           <INSTANCES>
            <INSTANCE>
             <FORMAT>pdf</FORMAT>
             <SIZE>0</SIZE>
             <CHECKSUM>0</CHECKSUM>
            </INSTANCE>
           </INSTANCES>
          </INFO>
         </ITEM>
        </FILE>
        <FILE link="Lib/InfoSyS/Cert.Docs/MSPress/70-216.chm">
         <LOCATION>
          <URL>Lib/InfoSyS/Cert.Docs/MSPress/70-216.chm</URL>
          <SIZE>6.7</SIZE>
          <CHECKSUM>0</CHECKSUM>
          <TYPE>plain</TYPE>
         </LOCATION>
         <ITEM>
          <INFO>
           <CATEGORIES>
            <CATEGORY>Lib/InfoSyS/Cert.Docs/MSPress</CATEGORY>
           </CATEGORIES>
           <DESCRIPTION>MCSE 70-216 - W2K Network Infrastructure</DESCRIPTION>
           <TITLE>W2K Network Infrastructure</TITLE>
           <TEST>MCSE 70-216</TEST>
           <INSTANCES>
            <INSTANCE>
             <FORMAT>pdf</FORMAT>
             <SIZE>0</SIZE>
             <CHECKSUM>0</CHECKSUM>
            </INSTANCE>
           </INSTANCES>
          </INFO>
         </ITEM>
        </FILE>
        <FILE link="Lib/InfoSyS/Cert.Docs/MSPress/70-218.chm">
         <LOCATION>
          <URL>Lib/InfoSyS/Cert.Docs/MSPress/70-218.chm</URL>
          <SIZE>6.7</SIZE>
          <CHECKSUM>0</CHECKSUM>
          <TYPE>plain</TYPE>
         </LOCATION>
         <ITEM>
          <INFO>
           <CATEGORIES>
            <CATEGORY>Lib/InfoSyS/Cert.Docs/MSPress</CATEGORY>
           </CATEGORIES>
           <DESCRIPTION>MCSE 70-218 - W2K Network Infrastracture Administration</DESCRIPTION>
           <TITLE>W2K Network Infrastracture Administration</TITLE>
           <TEST>MCSE 70-218</TEST>
           <INSTANCES>
            <INSTANCE>
             <FORMAT>pdf</FORMAT>
             <SIZE>0</SIZE>
             <CHECKSUM>0</CHECKSUM>
            </INSTANCE>
           </INSTANCES>
          </INFO>
         </ITEM>
        </FILE>
        <FILE link="Lib/InfoSyS/Cert.Docs/MSPress/70-270.chm">
         <LOCATION>
          <URL>Lib/InfoSyS/Cert.Docs/MSPress/70-270.chm</URL>
          <SIZE>8.4</SIZE>
          <CHECKSUM>0</CHECKSUM>
          <TYPE>plain</TYPE>
         </LOCATION>
         <ITEM>
          <INFO>
           <CATEGORIES>
            <CATEGORY>Lib/InfoSyS/Cert.Docs/MSPress</CATEGORY>
           </CATEGORIES>
           <DESCRIPTION>MCSE 70-270 - Microsoft Windows XP Professional</DESCRIPTION>
           <TITLE>Microsoft Windows XP Professional</TITLE>
           <TEST>MCSE 70-270</TEST>
           <INSTANCES>
            <INSTANCE>
             <FORMAT>pdf</FORMAT>
             <SIZE>0</SIZE>
             <CHECKSUM>0</CHECKSUM>
            </INSTANCE>
           </INSTANCES>
          </INFO>
         </ITEM>
        </FILE>
        <FILE link="Lib/InfoSyS/Cert.Docs/MSPress/A+.chm">
         <LOCATION>
          <URL>Lib/InfoSyS/Cert.Docs/MSPress/A+.chm</URL>
          <SIZE>6.8</SIZE>
          <CHECKSUM>0</CHECKSUM>
          <TYPE>plain</TYPE>
         </LOCATION>
         <ITEM>
          <INFO>
           <CATEGORIES>
            <CATEGORY>Lib/InfoSyS/Cert.Docs/MSPress</CATEGORY>
           </CATEGORIES>
           <DESCRIPTION>A+.chm</DESCRIPTION>
           <TITLE>A+.chm</TITLE>
           <INSTANCES>
            <INSTANCE>
             <FORMAT>pdf</FORMAT>
             <SIZE>0</SIZE>
             <CHECKSUM>0</CHECKSUM>
            </INSTANCE>
           </INSTANCES>
          </INFO>
         </ITEM>
        </FILE>
       </FILELIST>
      </DIR>
      <DIR link="Lib/InfoSyS/Cert.Docs/Sun">
       <LOCATION>
        <URL>Lib/InfoSyS/Cert.Docs/Sun</URL>
        <SIZE>5.3</SIZE>
       </LOCATION>
       <FILELIST category="Lib/InfoSyS/Cert.Docs/Sun">
        <INFO>
         <DESCRIPTION>Misc on Sun Certification</DESCRIPTION>
         <TITLE>Misc on Sun Certification</TITLE>
         <DEFAULTFORMAT>pdf</DEFAULTFORMAT>
        </INFO>
        <FILE link="Lib/InfoSyS/Cert.Docs/Sun/310-024.zip">
         <LOCATION>
          <URL>Lib/InfoSyS/Cert.Docs/Sun/310-024.zip</URL>
          <SIZE>2</SIZE>
          <CHECKSUM>0</CHECKSUM>
          <TYPE>zip</TYPE>
         </LOCATION>
         <ITEM>
          <INFO>
           <CATEGORIES>
            <CATEGORY>Lib/InfoSyS/Cert.Docs/Sun</CATEGORY>
           </CATEGORIES>
           <DESCRIPTION>New Riders - Cary Jardin - Java 1.1 Certification Training Guide</DESCRIPTION>
           <PUBLISHERS>
            <PUBLISHER>New Riders</PUBLISHER>
           </PUBLISHERS>
           <AUTHORS>
            <AUTHOR>
             <FULLNAME>Cary Jardin</FULLNAME>
             <LASTNAME>Jardin</LASTNAME>
             <FIRSTNAME>Cary</FIRSTNAME>
            </AUTHOR>
           </AUTHORS>
           <TITLE>Java 1.1 Certification Training Guide</TITLE>
           <INSTANCES>
            <INSTANCE>
             <FORMAT>pdf</FORMAT>
             <SIZE>0</SIZE>
             <CHECKSUM>0</CHECKSUM>
            </INSTANCE>
           </INSTANCES>
          </INFO>
         </ITEM>
        </FILE>
        <FILE link="Lib/InfoSyS/Cert.Docs/Sun/NFS.zip">
         <LOCATION>
          <URL>Lib/InfoSyS/Cert.Docs/Sun/NFS.zip</URL>
          <SIZE>0.2</SIZE>
          <CHECKSUM>0</CHECKSUM>
          <TYPE>zip</TYPE>
         </LOCATION>
         <ITEM>
          <INFO>
           <CATEGORIES>
            <CATEGORY>Lib/InfoSyS/Cert.Docs/Sun</CATEGORY>
           </CATEGORIES>
           <DESCRIPTION>SunSoft - NFS Administration Guide</DESCRIPTION>
           <AUTHORS>
            <AUTHOR>
             <FULLNAME>SunSoft</FULLNAME>
             <LASTNAME>SunSoft</LASTNAME>
             <FIRSTNAME></FIRSTNAME>
            </AUTHOR>
           </AUTHORS>
           <TITLE>NFS Administration Guide</TITLE>
           <INSTANCES>
            <INSTANCE>
             <FORMAT>pdf</FORMAT>
             <SIZE>0</SIZE>
             <CHECKSUM>0</CHECKSUM>
            </INSTANCE>
           </INSTANCES>
          </INFO>
         </ITEM>
        </FILE>
        <FILE link="Lib/InfoSyS/Cert.Docs/Sun/NIS.zip">
         <LOCATION>
          <URL>Lib/InfoSyS/Cert.Docs/Sun/NIS.zip</URL>
          <SIZE>0.3</SIZE>
          <CHECKSUM>0</CHECKSUM>
          <TYPE>zip</TYPE>
         </LOCATION>
         <ITEM>
          <INFO>
           <CATEGORIES>
            <CATEGORY>Lib/InfoSyS/Cert.Docs/Sun</CATEGORY>
           </CATEGORIES>
           <DESCRIPTION>SunSoft - NIS+ and DNS Setup and Configuration Guide</DESCRIPTION>
           <AUTHORS>
            <AUTHOR>
             <FULLNAME>SunSoft</FULLNAME>
             <LASTNAME>SunSoft</LASTNAME>
             <FIRSTNAME></FIRSTNAME>
            </AUTHOR>
           </AUTHORS>
           <TITLE>NIS+ and DNS Setup and Configuration Guide</TITLE>
           <INSTANCES>
            <INSTANCE>
             <FORMAT>pdf</FORMAT>
             <SIZE>0</SIZE>
             <CHECKSUM>0</CHECKSUM>
            </INSTANCE>
           </INSTANCES>
          </INFO>
         </ITEM>
        </FILE>
        <FILE link="Lib/InfoSyS/Cert.Docs/Sun/SA-389.zip">
         <LOCATION>
          <URL>Lib/InfoSyS/Cert.Docs/Sun/SA-389.zip</URL>
          <SIZE>2.8</SIZE>
          <CHECKSUM>0</CHECKSUM>
          <TYPE>zip</TYPE>
         </LOCATION>
         <ITEM>
          <INFO>
           <CATEGORIES>
            <CATEGORY>Lib/InfoSyS/Cert.Docs/Sun</CATEGORY>
           </CATEGORIES>
           <DESCRIPTION>SunSoft SA-389 - Solaris Operating Environment - TCP/IP Network Administration</DESCRIPTION>
           <AUTHORS>
            <AUTHOR>
             <FULLNAME>Solaris Operating Environment</FULLNAME>
             <LASTNAME>Environment</LASTNAME>
             <FIRSTNAME>Solaris</FIRSTNAME>
            </AUTHOR>
           </AUTHORS>
           <TITLE>TCP/IP Network Administration</TITLE>
           <TEST>SunSoft SA-389</TEST>
           <INSTANCES>
            <INSTANCE>
             <FORMAT>pdf</FORMAT>
             <SIZE>0</SIZE>
             <CHECKSUM>0</CHECKSUM>
            </INSTANCE>
           </INSTANCES>
          </INFO>
         </ITEM>
        </FILE>
       </FILELIST>
      </DIR>
      <DIR link="Lib/InfoSyS/Cert.Docs/Syngress">
       <LOCATION>
        <URL>Lib/InfoSyS/Cert.Docs/Syngress</URL>
        <SIZE>0.1</SIZE>
       </LOCATION>
       <FILELIST category="Lib/InfoSyS/Cert.Docs/Syngress">
        <INFO>
         <DESCRIPTION>Syngress</DESCRIPTION>
         <TITLE>Syngress</TITLE>
         <DEFAULTFORMAT>pdf</DEFAULTFORMAT>
        </INFO>
        <FILE link="Lib/InfoSyS/Cert.Docs/Syngress/70-28.zip">
         <LOCATION>
          <URL>Lib/InfoSyS/Cert.Docs/Syngress/70-28.zip</URL>
          <SIZE>0.1</SIZE>
          <CHECKSUM>0</CHECKSUM>
          <TYPE>zip</TYPE>
         </LOCATION>
         <ITEM>
          <INFO>
           <CATEGORIES>
            <CATEGORY>Lib/InfoSyS/Cert.Docs/Syngress</CATEGORY>
           </CATEGORIES>
           <DESCRIPTION>MCSE 70-28 - SQL Server 7 Administration Study Guide (html)</DESCRIPTION>
           <TITLE>SQL Server 7 Administration Study Guide</TITLE>
           <TEST>MCSE 70-28</TEST>
           <INSTANCES>
            <INSTANCE>
             <FORMAT>html</FORMAT>
             <SIZE>0</SIZE>
             <CHECKSUM>0</CHECKSUM>
            </INSTANCE>
           </INSTANCES>
          </INFO>
         </ITEM>
        </FILE>
       </FILELIST>
      </DIR>
      <DIR link="Lib/InfoSyS/Cert.Docs/TestKiller">
       <LOCATION>
        <URL>Lib/InfoSyS/Cert.Docs/TestKiller</URL>
        <SIZE>2.3</SIZE>
       </LOCATION>
       <FILELIST category="Lib/InfoSyS/Cert.Docs/TestKiller">
        <INFO>
         <DESCRIPTION>Test Killer</DESCRIPTION>
         <TITLE>Test Killer</TITLE>
         <DEFAULTFORMAT>pdf</DEFAULTFORMAT>
        </INFO>
        <FILE link="Lib/InfoSyS/Cert.Docs/TestKiller/640-503.zip">
         <LOCATION>
          <URL>Lib/InfoSyS/Cert.Docs/TestKiller/640-503.zip</URL>
          <SIZE>0.2</SIZE>
          <CHECKSUM>0</CHECKSUM>
          <TYPE>zip</TYPE>
         </LOCATION>
         <ITEM>
          <INFO>
           <CATEGORIES>
            <CATEGORY>Lib/InfoSyS/Cert.Docs/TestKiller</CATEGORY>
           </CATEGORIES>
           <DESCRIPTION>Cisco(640-503) - Building Scalable Cisco Networks, 2nd Edition</DESCRIPTION>
           <TITLE>Building Scalable Cisco Networks</TITLE>
           <EDITION>2</EDITION>
           <TEST>Cisco(640-503)</TEST>
           <INSTANCES>
            <INSTANCE>
             <FORMAT>pdf</FORMAT>
             <SIZE>0</SIZE>
             <CHECKSUM>0</CHECKSUM>
            </INSTANCE>
           </INSTANCES>
          </INFO>
         </ITEM>
        </FILE>
        <FILE link="Lib/InfoSyS/Cert.Docs/TestKiller/640-504.zip">
         <LOCATION>
          <URL>Lib/InfoSyS/Cert.Docs/TestKiller/640-504.zip</URL>
          <SIZE>0.2</SIZE>
          <CHECKSUM>0</CHECKSUM>
          <TYPE>zip</TYPE>
         </LOCATION>
         <ITEM>
          <INFO>
           <CATEGORIES>
            <CATEGORY>Lib/InfoSyS/Cert.Docs/TestKiller</CATEGORY>
           </CATEGORIES>
           <DESCRIPTION>Cisco(640-504) - Building Cisco Switched Networks, 2nd Edition</DESCRIPTION>
           <TITLE>Building Cisco Switched Networks</TITLE>
           <EDITION>2</EDITION>
           <TEST>Cisco(640-504)</TEST>
           <INSTANCES>
            <INSTANCE>
             <FORMAT>pdf</FORMAT>
             <SIZE>0</SIZE>
             <CHECKSUM>0</CHECKSUM>
            </INSTANCE>
           </INSTANCES>
          </INFO>
         </ITEM>
        </FILE>
        <FILE link="Lib/InfoSyS/Cert.Docs/TestKiller/640-505.zip">
         <LOCATION>
          <URL>Lib/InfoSyS/Cert.Docs/TestKiller/640-505.zip</URL>
          <SIZE>0.5</SIZE>
          <CHECKSUM>0</CHECKSUM>
          <TYPE>zip</TYPE>
         </LOCATION>
         <ITEM>
          <INFO>
           <CATEGORIES>
            <CATEGORY>Lib/InfoSyS/Cert.Docs/TestKiller</CATEGORY>
           </CATEGORIES>
           <DESCRIPTION>Cisco(640-505) - Building Cisco Remote Access Networks</DESCRIPTION>
           <TITLE>Building Cisco Remote Access Networks</TITLE>
           <TEST>Cisco(640-505)</TEST>
           <INSTANCES>
            <INSTANCE>
             <FORMAT>pdf</FORMAT>
             <SIZE>0</SIZE>
             <CHECKSUM>0</CHECKSUM>
            </INSTANCE>
           </INSTANCES>
          </INFO>
         </ITEM>
        </FILE>
        <FILE link="Lib/InfoSyS/Cert.Docs/TestKiller/640-506.zip">
         <LOCATION>
          <URL>Lib/InfoSyS/Cert.Docs/TestKiller/640-506.zip</URL>
          <SIZE>0.2</SIZE>
          <CHECKSUM>0</CHECKSUM>
          <TYPE>zip</TYPE>
         </LOCATION>
         <ITEM>
          <INFO>
           <CATEGORIES>
            <CATEGORY>Lib/InfoSyS/Cert.Docs/TestKiller</CATEGORY>
           </CATEGORIES>
           <DESCRIPTION>Cisco(640-506) - Cisco Support Exam</DESCRIPTION>
           <TITLE>Cisco Support Exam</TITLE>
           <TEST>Cisco(640-506)</TEST>
           <INSTANCES>
            <INSTANCE>
             <FORMAT>pdf</FORMAT>
             <SIZE>0</SIZE>
             <CHECKSUM>0</CHECKSUM>
            </INSTANCE>
           </INSTANCES>
          </INFO>
         </ITEM>
        </FILE>
        <FILE link="Lib/InfoSyS/Cert.Docs/TestKiller/70-219.zip">
         <LOCATION>
          <URL>Lib/InfoSyS/Cert.Docs/TestKiller/70-219.zip</URL>
          <SIZE>0.3</SIZE>
          <CHECKSUM>0</CHECKSUM>
          <TYPE>zip</TYPE>
         </LOCATION>
         <ITEM>
          <INFO>
           <CATEGORIES>
            <CATEGORY>Lib/InfoSyS/Cert.Docs/TestKiller</CATEGORY>
           </CATEGORIES>
           <DESCRIPTION>MCSE(70-219) - Designing Win2k Directory Services Infrastructure, 2nd Edition</DESCRIPTION>
           <TITLE>Designing Win2k Directory Services Infrastructure</TITLE>
           <EDITION>2</EDITION>
           <TEST>MCSE(70-219)</TEST>
           <INSTANCES>
            <INSTANCE>
             <FORMAT>pdf</FORMAT>
             <SIZE>0</SIZE>
             <CHECKSUM>0</CHECKSUM>
            </INSTANCE>
           </INSTANCES>
          </INFO>
         </ITEM>
        </FILE>
        <FILE link="Lib/InfoSyS/Cert.Docs/TestKiller/70-224.zip">
         <LOCATION>
          <URL>Lib/InfoSyS/Cert.Docs/TestKiller/70-224.zip</URL>
          <SIZE>0.9</SIZE>
          <CHECKSUM>0</CHECKSUM>
          <TYPE>zip</TYPE>
         </LOCATION>
         <ITEM>
          <INFO>
           <CATEGORIES>
            <CATEGORY>Lib/InfoSyS/Cert.Docs/TestKiller</CATEGORY>
           </CATEGORIES>
           <DESCRIPTION>MCSE(70-224) - Administering Exchange 2000 Server, 2nd Edition</DESCRIPTION>
           <TITLE>Administering Exchange 2000 Server</TITLE>
           <EDITION>2</EDITION>
           <TEST>MCSE(70-224)</TEST>
           <INSTANCES>
            <INSTANCE>
             <FORMAT>pdf</FORMAT>
             <SIZE>0</SIZE>
             <CHECKSUM>0</CHECKSUM>
            </INSTANCE>
           </INSTANCES>
          </INFO>
         </ITEM>
        </FILE>
       </FILELIST>
      </DIR>
      <DIR link="Lib/InfoSyS/Cert.Docs/TestKing">
       <LOCATION>
        <URL>Lib/InfoSyS/Cert.Docs/TestKing</URL>
        <SIZE>9</SIZE>
       </LOCATION>
       <FILELIST category="Lib/InfoSyS/Cert.Docs/TestKing">
        <INFO>
         <DESCRIPTION>Test King</DESCRIPTION>
         <TITLE>Test King</TITLE>
         <DEFAULTFORMAT>pdf</DEFAULTFORMAT>
        </INFO>
        <FILE link="Lib/InfoSyS/Cert.Docs/TestKing/070-028.zip">
         <LOCATION>
          <URL>Lib/InfoSyS/Cert.Docs/TestKing/070-028.zip</URL>
          <SIZE>0.3</SIZE>
          <CHECKSUM>0</CHECKSUM>
          <TYPE>zip</TYPE>
         </LOCATION>
         <ITEM>
          <INFO>
           <CATEGORIES>
            <CATEGORY>Lib/InfoSyS/Cert.Docs/TestKing</CATEGORY>
           </CATEGORIES>
           <DESCRIPTION>MCSE 070-028 - Administering SQL Server 7.0</DESCRIPTION>
           <TITLE>Administering SQL Server 7.0</TITLE>
           <TEST>MCSE 070-028</TEST>
           <INSTANCES>
            <INSTANCE>
             <FORMAT>pdf</FORMAT>
             <SIZE>0</SIZE>
             <CHECKSUM>0</CHECKSUM>
            </INSTANCE>
           </INSTANCES>
          </INFO>
         </ITEM>
        </FILE>
        <FILE link="Lib/InfoSyS/Cert.Docs/TestKing/070-100.zip">
         <LOCATION>
          <URL>Lib/InfoSyS/Cert.Docs/TestKing/070-100.zip</URL>
          <SIZE>0.4</SIZE>
          <CHECKSUM>0</CHECKSUM>
          <TYPE>zip</TYPE>
         </LOCATION>
         <ITEM>
          <INFO>
           <CATEGORIES>
            <CATEGORY>Lib/InfoSyS/Cert.Docs/TestKing</CATEGORY>
           </CATEGORIES>
           <DESCRIPTION>MCSD 070-100 - Analyzing Requirements and Defining Solution Architecture</DESCRIPTION>
           <TITLE>Analyzing Requirements and Defining Solution Architecture</TITLE>
           <TEST>MCSD 070-100</TEST>
           <INSTANCES>
            <INSTANCE>
             <FORMAT>pdf</FORMAT>
             <SIZE>0</SIZE>
             <CHECKSUM>0</CHECKSUM>
            </INSTANCE>
           </INSTANCES>
          </INFO>
         </ITEM>
        </FILE>
        <FILE link="Lib/InfoSyS/Cert.Docs/TestKing/070-175.zip">
         <LOCATION>
          <URL>Lib/InfoSyS/Cert.Docs/TestKing/070-175.zip</URL>
          <SIZE>0.3</SIZE>
          <CHECKSUM>0</CHECKSUM>
          <TYPE>zip</TYPE>
         </LOCATION>
         <ITEM>
          <INFO>
           <CATEGORIES>
            <CATEGORY>Lib/InfoSyS/Cert.Docs/TestKing</CATEGORY>
           </CATEGORIES>
           <DESCRIPTION>MCSD 070-175 - Designing and Implementing Distributed Applications with VB 6</DESCRIPTION>
           <TITLE>Designing and Implementing Distributed Applications with VB 6</TITLE>
           <TEST>MCSD 070-175</TEST>
           <INSTANCES>
            <INSTANCE>
             <FORMAT>pdf</FORMAT>
             <SIZE>0</SIZE>
             <CHECKSUM>0</CHECKSUM>
            </INSTANCE>
           </INSTANCES>
          </INFO>
         </ITEM>
        </FILE>
        <FILE link="Lib/InfoSyS/Cert.Docs/TestKing/070-176.zip">
         <LOCATION>
          <URL>Lib/InfoSyS/Cert.Docs/TestKing/070-176.zip</URL>
          <SIZE>0.3</SIZE>
          <CHECKSUM>0</CHECKSUM>
          <TYPE>zip</TYPE>
         </LOCATION>
         <ITEM>
          <INFO>
           <CATEGORIES>
            <CATEGORY>Lib/InfoSyS/Cert.Docs/TestKing</CATEGORY>
           </CATEGORIES>
           <DESCRIPTION>MCSD 070-176 - Designing and Implementing Desktop Applications with VB6</DESCRIPTION>
           <TITLE>Designing and Implementing Desktop Applications with VB6</TITLE>
           <TEST>MCSD 070-176</TEST>
           <INSTANCES>
            <INSTANCE>
             <FORMAT>pdf</FORMAT>
             <SIZE>0</SIZE>
             <CHECKSUM>0</CHECKSUM>
            </INSTANCE>
           </INSTANCES>
          </INFO>
         </ITEM>
        </FILE>
        <FILE link="Lib/InfoSyS/Cert.Docs/TestKing/070-224.zip">
         <LOCATION>
          <URL>Lib/InfoSyS/Cert.Docs/TestKing/070-224.zip</URL>
          <SIZE>2.9</SIZE>
          <CHECKSUM>0</CHECKSUM>
          <TYPE>zip</TYPE>
         </LOCATION>
         <ITEM>
          <INFO>
           <CATEGORIES>
            <CATEGORY>Lib/InfoSyS/Cert.Docs/TestKing</CATEGORY>
           </CATEGORIES>
           <DESCRIPTION>MCSE 070-224 - Installing, Configuring, and Administering Exchange 2000 Server</DESCRIPTION>
           <TITLE>Installing, Configuring, and Administering Exchange 2000 Server</TITLE>
           <TEST>MCSE 070-224</TEST>
           <INSTANCES>
            <INSTANCE>
             <FORMAT>pdf</FORMAT>
             <SIZE>0</SIZE>
             <CHECKSUM>0</CHECKSUM>
            </INSTANCE>
           </INSTANCES>
          </INFO>
         </ITEM>
        </FILE>
        <FILE link="Lib/InfoSyS/Cert.Docs/TestKing/070-229.zip">
         <LOCATION>
          <URL>Lib/InfoSyS/Cert.Docs/TestKing/070-229.zip</URL>
          <SIZE>0.8</SIZE>
          <CHECKSUM>0</CHECKSUM>
          <TYPE>zip</TYPE>
         </LOCATION>
         <ITEM>
          <INFO>
           <CATEGORIES>
            <CATEGORY>Lib/InfoSyS/Cert.Docs/TestKing</CATEGORY>
           </CATEGORIES>
           <DESCRIPTION>MCSE 070-229 - Designing Database with MS SQL Server 2000 Enterprise Edition</DESCRIPTION>
           <TITLE>Designing Database with MS SQL Server 2000 Enterprise Edition</TITLE>
           <TEST>MCSE 070-229</TEST>
           <INSTANCES>
            <INSTANCE>
             <FORMAT>pdf</FORMAT>
             <SIZE>0</SIZE>
             <CHECKSUM>0</CHECKSUM>
            </INSTANCE>
           </INSTANCES>
          </INFO>
         </ITEM>
        </FILE>
        <FILE link="Lib/InfoSyS/Cert.Docs/TestKing/070-270.zip">
         <LOCATION>
          <URL>Lib/InfoSyS/Cert.Docs/TestKing/070-270.zip</URL>
          <SIZE>0.9</SIZE>
          <CHECKSUM>0</CHECKSUM>
          <TYPE>zip</TYPE>
         </LOCATION>
         <ITEM>
          <INFO>
           <CATEGORIES>
            <CATEGORY>Lib/InfoSyS/Cert.Docs/TestKing</CATEGORY>
           </CATEGORIES>
           <DESCRIPTION>MCSE 070-270 - MS Windows XP Professional</DESCRIPTION>
           <TITLE>MS Windows XP Professional</TITLE>
           <TEST>MCSE 070-270</TEST>
           <INSTANCES>
            <INSTANCE>
             <FORMAT>pdf</FORMAT>
             <SIZE>0</SIZE>
             <CHECKSUM>0</CHECKSUM>
            </INSTANCE>
           </INSTANCES>
          </INFO>
         </ITEM>
        </FILE>
        <FILE link="Lib/InfoSyS/Cert.Docs/TestKing/1D0-410.zip">
         <LOCATION>
          <URL>Lib/InfoSyS/Cert.Docs/TestKing/1D0-410.zip</URL>
          <SIZE>0.3</SIZE>
          <CHECKSUM>0</CHECKSUM>
          <TYPE>zip</TYPE>
         </LOCATION>
         <ITEM>
          <INFO>
           <CATEGORIES>
            <CATEGORY>Lib/InfoSyS/Cert.Docs/TestKing</CATEGORY>
           </CATEGORIES>
           <DESCRIPTION>Cicso 1D0-410 - CIW Foudations</DESCRIPTION>
           <TITLE>CIW Foudations</TITLE>
           <TEST>Cicso 1D0-410</TEST>
           <INSTANCES>
            <INSTANCE>
             <FORMAT>pdf</FORMAT>
             <SIZE>0</SIZE>
             <CHECKSUM>0</CHECKSUM>
            </INSTANCE>
           </INSTANCES>
          </INFO>
         </ITEM>
        </FILE>
        <FILE link="Lib/InfoSyS/Cert.Docs/TestKing/640-503.zip">
         <LOCATION>
          <URL>Lib/InfoSyS/Cert.Docs/TestKing/640-503.zip</URL>
          <SIZE>1.6</SIZE>
          <CHECKSUM>0</CHECKSUM>
          <TYPE>zip</TYPE>
         </LOCATION>
         <ITEM>
          <INFO>
           <CATEGORIES>
            <CATEGORY>Lib/InfoSyS/Cert.Docs/TestKing</CATEGORY>
           </CATEGORIES>
           <DESCRIPTION>Cisco 640-503 - Building Scalable Cisco Networks: Routing 2.0</DESCRIPTION>
           <TITLE>Building Scalable Cisco Networks: Routing 2.0</TITLE>
           <TEST>Cisco 640-503</TEST>
           <INSTANCES>
            <INSTANCE>
             <FORMAT>pdf</FORMAT>
             <SIZE>0</SIZE>
             <CHECKSUM>0</CHECKSUM>
            </INSTANCE>
           </INSTANCES>
          </INFO>
         </ITEM>
        </FILE>
        <FILE link="Lib/InfoSyS/Cert.Docs/TestKing/MOUS.zip">
         <LOCATION>
          <URL>Lib/InfoSyS/Cert.Docs/TestKing/MOUS.zip</URL>
          <SIZE>1</SIZE>
          <CHECKSUM>0</CHECKSUM>
          <TYPE>zip</TYPE>
         </LOCATION>
         <ITEM>
          <INFO>
           <CATEGORIES>
            <CATEGORY>Lib/InfoSyS/Cert.Docs/TestKing</CATEGORY>
           </CATEGORIES>
           <DESCRIPTION>MOUS - Microsoft Excel 2000 Core</DESCRIPTION>
           <AUTHORS>
            <AUTHOR>
             <FULLNAME>MOUS</FULLNAME>
             <LASTNAME>MOUS</LASTNAME>
             <FIRSTNAME></FIRSTNAME>
            </AUTHOR>
           </AUTHORS>
           <TITLE>Microsoft Excel 2000 Core</TITLE>
           <INSTANCES>
            <INSTANCE>
             <FORMAT>pdf</FORMAT>
             <SIZE>0</SIZE>
             <CHECKSUM>0</CHECKSUM>
            </INSTANCE>
           </INSTANCES>
          </INFO>
         </ITEM>
        </FILE>
       </FILELIST>
      </DIR>
      <DIR link="Lib/InfoSyS/Cert.Docs/Troytech">
       <LOCATION>
        <URL>Lib/InfoSyS/Cert.Docs/Troytech</URL>
        <SIZE>6.5</SIZE>
       </LOCATION>
       <FILELIST category="Lib/InfoSyS/Cert.Docs/Troytech">
        <INFO>
         <DESCRIPTION>Troytec</DESCRIPTION>
         <TITLE>Troytec</TITLE>
         <DEFAULTFORMAT>pdf</DEFAULTFORMAT>
        </INFO>
        <FILE link="Lib/InfoSyS/Cert.Docs/Troytech/1Z0-001.zip">
         <LOCATION>
          <URL>Lib/InfoSyS/Cert.Docs/Troytech/1Z0-001.zip</URL>
          <SIZE>0.1</SIZE>
          <CHECKSUM>0</CHECKSUM>
          <TYPE>zip</TYPE>
         </LOCATION>
         <ITEM>
          <INFO>
           <CATEGORIES>
            <CATEGORY>Lib/InfoSyS/Cert.Docs/Troytech</CATEGORY>
           </CATEGORIES>
           <DESCRIPTION>Oracle(1Z0-001) - Intruduction to Oracle SQL and PL/SQL</DESCRIPTION>
           <TITLE>Intruduction to Oracle SQL and PL/SQL</TITLE>
           <TEST>Oracle(1Z0-001)</TEST>
           <INSTANCES>
            <INSTANCE>
             <FORMAT>pdf</FORMAT>
             <SIZE>0</SIZE>
             <CHECKSUM>0</CHECKSUM>
            </INSTANCE>
           </INSTANCES>
          </INFO>
         </ITEM>
        </FILE>
        <FILE link="Lib/InfoSyS/Cert.Docs/Troytech/1Z0-013.zip">
         <LOCATION>
          <URL>Lib/InfoSyS/Cert.Docs/Troytech/1Z0-013.zip</URL>
          <SIZE>0.2</SIZE>
          <CHECKSUM>0</CHECKSUM>
          <TYPE>zip</TYPE>
         </LOCATION>
         <ITEM>
          <INFO>
           <CATEGORIES>
            <CATEGORY>Lib/InfoSyS/Cert.Docs/Troytech</CATEGORY>
           </CATEGORIES>
           <DESCRIPTION>Oracle(1Z0-013) - Database Administration</DESCRIPTION>
           <TITLE>Database Administration</TITLE>
           <TEST>Oracle(1Z0-013)</TEST>
           <INSTANCES>
            <INSTANCE>
             <FORMAT>pdf</FORMAT>
             <SIZE>0</SIZE>
             <CHECKSUM>0</CHECKSUM>
            </INSTANCE>
           </INSTANCES>
          </INFO>
         </ITEM>
        </FILE>
        <FILE link="Lib/InfoSyS/Cert.Docs/Troytech/1Z0-016.zip">
         <LOCATION>
          <URL>Lib/InfoSyS/Cert.Docs/Troytech/1Z0-016.zip</URL>
          <SIZE>0.1</SIZE>
          <CHECKSUM>0</CHECKSUM>
          <TYPE>zip</TYPE>
         </LOCATION>
         <ITEM>
          <INFO>
           <CATEGORIES>
            <CATEGORY>Lib/InfoSyS/Cert.Docs/Troytech</CATEGORY>
           </CATEGORIES>
           <DESCRIPTION>Oracle(1Z0-016) - Network Administration</DESCRIPTION>
           <TITLE>Network Administration</TITLE>
           <TEST>Oracle(1Z0-016)</TEST>
           <INSTANCES>
            <INSTANCE>
             <FORMAT>pdf</FORMAT>
             <SIZE>0</SIZE>
             <CHECKSUM>0</CHECKSUM>
            </INSTANCE>
           </INSTANCES>
          </INFO>
         </ITEM>
        </FILE>
        <FILE link="Lib/InfoSyS/Cert.Docs/Troytech/220-102.zip">
         <LOCATION>
          <URL>Lib/InfoSyS/Cert.Docs/Troytech/220-102.zip</URL>
          <SIZE>0.1</SIZE>
          <CHECKSUM>0</CHECKSUM>
          <TYPE>zip</TYPE>
         </LOCATION>
         <ITEM>
          <INFO>
           <CATEGORIES>
            <CATEGORY>Lib/InfoSyS/Cert.Docs/Troytech</CATEGORY>
           </CATEGORIES>
           <DESCRIPTION>A+(220-102) - Certification Study Guide, 7th Edition</DESCRIPTION>
           <TITLE>Certification Study Guide</TITLE>
           <EDITION>7</EDITION>
           <TEST>A+(220-102)</TEST>
           <INSTANCES>
            <INSTANCE>
             <FORMAT>pdf</FORMAT>
             <SIZE>0</SIZE>
             <CHECKSUM>0</CHECKSUM>
            </INSTANCE>
           </INSTANCES>
          </INFO>
         </ITEM>
        </FILE>
        <FILE link="Lib/InfoSyS/Cert.Docs/Troytech/310-022,025.zip">
         <LOCATION>
          <URL>Lib/InfoSyS/Cert.Docs/Troytech/310-022,025.zip</URL>
          <SIZE>0.2</SIZE>
          <CHECKSUM>0</CHECKSUM>
          <TYPE>zip</TYPE>
         </LOCATION>
         <ITEM>
          <INFO>
           <CATEGORIES>
            <CATEGORY>Lib/InfoSyS/Cert.Docs/Troytech</CATEGORY>
           </CATEGORIES>
           <DESCRIPTION>SCJP(310-022,310-025) - Easy Java Cram Bible</DESCRIPTION>
           <TITLE>Easy Java Cram Bible</TITLE>
           <TEST>SCJP(310-022,310-025)</TEST>
           <INSTANCES>
            <INSTANCE>
             <FORMAT>pdf</FORMAT>
             <SIZE>0</SIZE>
             <CHECKSUM>0</CHECKSUM>
            </INSTANCE>
           </INSTANCES>
          </INFO>
         </ITEM>
        </FILE>
        <FILE link="Lib/InfoSyS/Cert.Docs/Troytech/640-407.zip">
         <LOCATION>
          <URL>Lib/InfoSyS/Cert.Docs/Troytech/640-407.zip</URL>
          <SIZE>0.1</SIZE>
          <CHECKSUM>0</CHECKSUM>
          <TYPE>zip</TYPE>
         </LOCATION>
         <ITEM>
          <INFO>
           <CATEGORIES>
            <CATEGORY>Lib/InfoSyS/Cert.Docs/Troytech</CATEGORY>
           </CATEGORIES>
           <DESCRIPTION>CCNA(640-407) - CCNA Study Guide, 2nd Edition</DESCRIPTION>
           <TITLE>CCNA Study Guide</TITLE>
           <EDITION>2</EDITION>
           <TEST>CCNA(640-407)</TEST>
           <INSTANCES>
            <INSTANCE>
             <FORMAT>pdf</FORMAT>
             <SIZE>0</SIZE>
             <CHECKSUM>0</CHECKSUM>
            </INSTANCE>
           </INSTANCES>
          </INFO>
         </ITEM>
        </FILE>
        <FILE link="Lib/InfoSyS/Cert.Docs/Troytech/640-507.zip">
         <LOCATION>
          <URL>Lib/InfoSyS/Cert.Docs/Troytech/640-507.zip</URL>
          <SIZE>0.3</SIZE>
          <CHECKSUM>0</CHECKSUM>
          <TYPE>zip</TYPE>
         </LOCATION>
         <ITEM>
          <INFO>
           <CATEGORIES>
            <CATEGORY>Lib/InfoSyS/Cert.Docs/Troytech</CATEGORY>
           </CATEGORIES>
           <DESCRIPTION>CCNA(540-507) - CCNA 2.0, 4th Edition</DESCRIPTION>
           <TITLE>CCNA 2.0</TITLE>
           <EDITION>4</EDITION>
           <TEST>CCNA(540-507)</TEST>
           <INSTANCES>
            <INSTANCE>
             <FORMAT>pdf</FORMAT>
             <SIZE>0</SIZE>
             <CHECKSUM>0</CHECKSUM>
            </INSTANCE>
           </INSTANCES>
          </INFO>
         </ITEM>
        </FILE>
        <FILE link="Lib/InfoSyS/Cert.Docs/Troytech/70-210.zip">
         <LOCATION>
          <URL>Lib/InfoSyS/Cert.Docs/Troytech/70-210.zip</URL>
          <SIZE>0.7</SIZE>
          <CHECKSUM>0</CHECKSUM>
          <TYPE>zip</TYPE>
         </LOCATION>
         <ITEM>
          <INFO>
           <CATEGORIES>
            <CATEGORY>Lib/InfoSyS/Cert.Docs/Troytech</CATEGORY>
           </CATEGORIES>
           <DESCRIPTION>MCSE(70-210) - Administering W2K Professional, 6th Edition</DESCRIPTION>
           <TITLE>Administering W2K Professional</TITLE>
           <EDITION>6</EDITION>
           <TEST>MCSE(70-210)</TEST>
           <INSTANCES>
            <INSTANCE>
             <FORMAT>pdf</FORMAT>
             <SIZE>0</SIZE>
             <CHECKSUM>0</CHECKSUM>
            </INSTANCE>
           </INSTANCES>
          </INFO>
         </ITEM>
        </FILE>
        <FILE link="Lib/InfoSyS/Cert.Docs/Troytech/70-215.zip">
         <LOCATION>
          <URL>Lib/InfoSyS/Cert.Docs/Troytech/70-215.zip</URL>
          <SIZE>1.2</SIZE>
          <CHECKSUM>0</CHECKSUM>
          <TYPE>zip</TYPE>
         </LOCATION>
         <ITEM>
          <INFO>
           <CATEGORIES>
            <CATEGORY>Lib/InfoSyS/Cert.Docs/Troytech</CATEGORY>
           </CATEGORIES>
           <DESCRIPTION>MCSE(70-215) - Administering Win2k Server, 4th Edition</DESCRIPTION>
           <TITLE>Administering Win2k Server</TITLE>
           <EDITION>4</EDITION>
           <TEST>MCSE(70-215)</TEST>
           <INSTANCES>
            <INSTANCE>
             <FORMAT>pdf</FORMAT>
             <SIZE>0</SIZE>
             <CHECKSUM>0</CHECKSUM>
            </INSTANCE>
           </INSTANCES>
          </INFO>
         </ITEM>
        </FILE>
        <FILE link="Lib/InfoSyS/Cert.Docs/Troytech/70-216.zip">
         <LOCATION>
          <URL>Lib/InfoSyS/Cert.Docs/Troytech/70-216.zip</URL>
          <SIZE>0.5</SIZE>
          <CHECKSUM>0</CHECKSUM>
          <TYPE>zip</TYPE>
         </LOCATION>
         <ITEM>
          <INFO>
           <CATEGORIES>
            <CATEGORY>Lib/InfoSyS/Cert.Docs/Troytech</CATEGORY>
           </CATEGORIES>
           <DESCRIPTION>MCSE(70-216) - Implementing Wind2k Network Infrastructure, 4th Edition</DESCRIPTION>
           <TITLE>Implementing Wind2k Network Infrastructure</TITLE>
           <EDITION>4</EDITION>
           <TEST>MCSE(70-216)</TEST>
           <INSTANCES>
            <INSTANCE>
             <FORMAT>pdf</FORMAT>
             <SIZE>0</SIZE>
             <CHECKSUM>0</CHECKSUM>
            </INSTANCE>
           </INSTANCES>
          </INFO>
         </ITEM>
        </FILE>
        <FILE link="Lib/InfoSyS/Cert.Docs/Troytech/70-217.zip">
         <LOCATION>
          <URL>Lib/InfoSyS/Cert.Docs/Troytech/70-217.zip</URL>
          <SIZE>0.3</SIZE>
          <CHECKSUM>0</CHECKSUM>
          <TYPE>zip</TYPE>
         </LOCATION>
         <ITEM>
          <INFO>
           <CATEGORIES>
            <CATEGORY>Lib/InfoSyS/Cert.Docs/Troytech</CATEGORY>
           </CATEGORIES>
           <DESCRIPTION>MCSE(70-217) - Implementing W2K Directory Service Infrastracture, 2nd Editon</DESCRIPTION>
           <TITLE>Implementing W2K Directory Service Infrastracture, 2nd Editon</TITLE>
           <TEST>MCSE(70-217)</TEST>
           <INSTANCES>
            <INSTANCE>
             <FORMAT>pdf</FORMAT>
             <SIZE>0</SIZE>
             <CHECKSUM>0</CHECKSUM>
            </INSTANCE>
           </INSTANCES>
          </INFO>
         </ITEM>
        </FILE>
        <FILE link="Lib/InfoSyS/Cert.Docs/Troytech/70-219.zip">
         <LOCATION>
          <URL>Lib/InfoSyS/Cert.Docs/Troytech/70-219.zip</URL>
          <SIZE>0.2</SIZE>
          <CHECKSUM>0</CHECKSUM>
          <TYPE>zip</TYPE>
         </LOCATION>
         <ITEM>
          <INFO>
           <CATEGORIES>
            <CATEGORY>Lib/InfoSyS/Cert.Docs/Troytech</CATEGORY>
           </CATEGORIES>
           <DESCRIPTION>MCSE(70-219) - Designing W2K Directory Service Infrastracture</DESCRIPTION>
           <TITLE>Designing W2K Directory Service Infrastracture</TITLE>
           <TEST>MCSE(70-219)</TEST>
           <INSTANCES>
            <INSTANCE>
             <FORMAT>pdf</FORMAT>
             <SIZE>0</SIZE>
             <CHECKSUM>0</CHECKSUM>
            </INSTANCE>
           </INSTANCES>
          </INFO>
         </ITEM>
        </FILE>
        <FILE link="Lib/InfoSyS/Cert.Docs/Troytech/70-220.zip">
         <LOCATION>
          <URL>Lib/InfoSyS/Cert.Docs/Troytech/70-220.zip</URL>
          <SIZE>0.3</SIZE>
          <CHECKSUM>0</CHECKSUM>
          <TYPE>zip</TYPE>
         </LOCATION>
         <ITEM>
          <INFO>
           <CATEGORIES>
            <CATEGORY>Lib/InfoSyS/Cert.Docs/Troytech</CATEGORY>
           </CATEGORIES>
           <DESCRIPTION>MCSE(70-220) - Designing W2K Network Security, 2nd Edition</DESCRIPTION>
           <TITLE>Designing W2K Network Security</TITLE>
           <EDITION>2</EDITION>
           <TEST>MCSE(70-220)</TEST>
           <INSTANCES>
            <INSTANCE>
             <FORMAT>pdf</FORMAT>
             <SIZE>0</SIZE>
             <CHECKSUM>0</CHECKSUM>
            </INSTANCE>
           </INSTANCES>
          </INFO>
         </ITEM>
        </FILE>
        <FILE link="Lib/InfoSyS/Cert.Docs/Troytech/70-221.zip">
         <LOCATION>
          <URL>Lib/InfoSyS/Cert.Docs/Troytech/70-221.zip</URL>
          <SIZE>0.3</SIZE>
          <CHECKSUM>0</CHECKSUM>
          <TYPE>zip</TYPE>
         </LOCATION>
         <ITEM>
          <INFO>
           <CATEGORIES>
            <CATEGORY>Lib/InfoSyS/Cert.Docs/Troytech</CATEGORY>
           </CATEGORIES>
           <DESCRIPTION>MCSE(70-221) - Designing Network Infrastracture with W2K</DESCRIPTION>
           <TITLE>Designing Network Infrastracture with W2K</TITLE>
           <TEST>MCSE(70-221)</TEST>
           <INSTANCES>
            <INSTANCE>
             <FORMAT>pdf</FORMAT>
             <SIZE>0</SIZE>
             <CHECKSUM>0</CHECKSUM>
            </INSTANCE>
           </INSTANCES>
          </INFO>
         </ITEM>
        </FILE>
        <FILE link="Lib/InfoSyS/Cert.Docs/Troytech/70-240.zip">
         <LOCATION>
          <URL>Lib/InfoSyS/Cert.Docs/Troytech/70-240.zip</URL>
          <SIZE>1.2</SIZE>
          <CHECKSUM>0</CHECKSUM>
          <TYPE>zip</TYPE>
         </LOCATION>
         <ITEM>
          <INFO>
           <CATEGORIES>
            <CATEGORY>Lib/InfoSyS/Cert.Docs/Troytech</CATEGORY>
           </CATEGORIES>
           <DESCRIPTION>MCSE(70-240) - W2K Accelerated, 3rd Edition</DESCRIPTION>
           <TITLE>W2K Accelerated</TITLE>
           <EDITION>3</EDITION>
           <TEST>MCSE(70-240)</TEST>
           <INSTANCES>
            <INSTANCE>
             <FORMAT>pdf</FORMAT>
             <SIZE>0</SIZE>
             <CHECKSUM>0</CHECKSUM>
            </INSTANCE>
           </INSTANCES>
          </INFO>
         </ITEM>
        </FILE>
        <FILE link="Lib/InfoSyS/Cert.Docs/Troytech/70-28.zip">
         <LOCATION>
          <URL>Lib/InfoSyS/Cert.Docs/Troytech/70-28.zip</URL>
          <SIZE>0.1</SIZE>
          <CHECKSUM>0</CHECKSUM>
          <TYPE>zip</TYPE>
         </LOCATION>
         <ITEM>
          <INFO>
           <CATEGORIES>
            <CATEGORY>Lib/InfoSyS/Cert.Docs/Troytech</CATEGORY>
           </CATEGORIES>
           <DESCRIPTION>MCSE 70-28 - SQL Admin 7.0, 2nd Edition</DESCRIPTION>
           <TITLE>SQL Admin 7.0</TITLE>
           <EDITION>2</EDITION>
           <TEST>MCSE 70-28</TEST>
           <INSTANCES>
            <INSTANCE>
             <FORMAT>pdf</FORMAT>
             <SIZE>0</SIZE>
             <CHECKSUM>0</CHECKSUM>
            </INSTANCE>
           </INSTANCES>
          </INFO>
         </ITEM>
        </FILE>
        <FILE link="Lib/InfoSyS/Cert.Docs/Troytech/70-29.zip">
         <LOCATION>
          <URL>Lib/InfoSyS/Cert.Docs/Troytech/70-29.zip</URL>
          <SIZE>0.3</SIZE>
          <CHECKSUM>0</CHECKSUM>
          <TYPE>zip</TYPE>
         </LOCATION>
         <ITEM>
          <INFO>
           <CATEGORIES>
            <CATEGORY>Lib/InfoSyS/Cert.Docs/Troytech</CATEGORY>
           </CATEGORIES>
           <DESCRIPTION>MCSE 70-29 - SQL 7.0 Design and Implementation</DESCRIPTION>
           <TITLE>SQL 7.0 Design and Implementation</TITLE>
           <TEST>MCSE 70-29</TEST>
           <INSTANCES>
            <INSTANCE>
             <FORMAT>pdf</FORMAT>
             <SIZE>0</SIZE>
             <CHECKSUM>0</CHECKSUM>
            </INSTANCE>
           </INSTANCES>
          </INFO>
         </ITEM>
        </FILE>
        <FILE link="Lib/InfoSyS/Cert.Docs/Troytech/INetP.zip">
         <LOCATION>
          <URL>Lib/InfoSyS/Cert.Docs/Troytech/INetP.zip</URL>
          <SIZE>0.1</SIZE>
          <CHECKSUM>0</CHECKSUM>
          <TYPE>zip</TYPE>
         </LOCATION>
         <ITEM>
          <INFO>
           <CATEGORIES>
            <CATEGORY>Lib/InfoSyS/Cert.Docs/Troytech</CATEGORY>
           </CATEGORIES>
           <DESCRIPTION>I-Net+ Study Guide</DESCRIPTION>
           <TITLE>I-Net+ Study Guide</TITLE>
           <INSTANCES>
            <INSTANCE>
             <FORMAT>pdf</FORMAT>
             <SIZE>0</SIZE>
             <CHECKSUM>0</CHECKSUM>
            </INSTANCE>
           </INSTANCES>
          </INFO>
         </ITEM>
        </FILE>
       </FILELIST>
      </DIR>
     </FILELIST>
    </DIR>
    <DIR link="Lib/InfoSyS/db">
     <LOCATION>
      <URL>Lib/InfoSyS/db</URL>
      <SIZE>92.1</SIZE>
     </LOCATION>
     <FILELIST category="Lib/InfoSyS/db">
      <INFO>
       <DESCRIPTION>Database Documentation</DESCRIPTION>
       <TITLE>Database Documentation</TITLE>
       <DEFAULTFORMAT>pdf</DEFAULTFORMAT>
      </INFO>
      <FILE link="Lib/InfoSyS/db/MSPress-RR-DRDS.chm">
       <LOCATION>
        <URL>Lib/InfoSyS/db/MSPress-RR-DRDS.chm</URL>
        <SIZE>6.2</SIZE>
        <CHECKSUM>0</CHECKSUM>
        <TYPE>plain</TYPE>
       </LOCATION>
       <ITEM>
        <INFO>
         <CATEGORIES>
          <CATEGORY>Lib/InfoSyS/db</CATEGORY>
         </CATEGORIES>
         <DESCRIPTION>MSPress - Rebecca Riordan - Designing Relational Database Systems (chm)</DESCRIPTION>
         <PUBLISHERS>
          <PUBLISHER>MSPress</PUBLISHER>
         </PUBLISHERS>
         <AUTHORS>
          <AUTHOR>
           <FULLNAME>Rebecca Riordan</FULLNAME>
           <LASTNAME>Riordan</LASTNAME>
           <FIRSTNAME>Rebecca</FIRSTNAME>
          </AUTHOR>
         </AUTHORS>
         <TITLE>Designing Relational Database Systems</TITLE>
         <INSTANCES>
          <INSTANCE>
           <FORMAT>chm</FORMAT>
           <SIZE>0</SIZE>
           <CHECKSUM>0</CHECKSUM>
          </INSTANCE>
         </INSTANCES>
        </INFO>
       </ITEM>
      </FILE>
      <DIR link="Lib/InfoSyS/db/mssql">
       <LOCATION>
        <URL>Lib/InfoSyS/db/mssql</URL>
        <SIZE>39.9</SIZE>
       </LOCATION>
       <FILELIST category="Lib/InfoSyS/db/mssql">
        <INFO>
         <DESCRIPTION>Microsoft SQL Server</DESCRIPTION>
         <TITLE>Microsoft SQL Server</TITLE>
         <DEFAULTFORMAT>pdf</DEFAULTFORMAT>
        </INFO>
        <FILE link="Lib/InfoSyS/db/mssql/MSPress-GM-PSQLS2KwXML.chm">
         <LOCATION>
          <URL>Lib/InfoSyS/db/mssql/MSPress-GM-PSQLS2KwXML.chm</URL>
          <SIZE>1.2</SIZE>
          <CHECKSUM>0</CHECKSUM>
          <TYPE>plain</TYPE>
         </LOCATION>
         <ITEM>
          <INFO>
           <CATEGORIES>
            <CATEGORY>Lib/InfoSyS/db/mssql</CATEGORY>
           </CATEGORIES>
           <DESCRIPTION>MSPress - Graeme Maalcolm - Programming SQL Server 2000 with XML (chm)</DESCRIPTION>
           <PUBLISHERS>
            <PUBLISHER>MSPress</PUBLISHER>
           </PUBLISHERS>
           <AUTHORS>
            <AUTHOR>
             <FULLNAME>Graeme Maalcolm</FULLNAME>
             <LASTNAME>Maalcolm</LASTNAME>
             <FIRSTNAME>Graeme</FIRSTNAME>
            </AUTHOR>
           </AUTHORS>
           <TITLE>Programming SQL Server 2000 with XML</TITLE>
           <INSTANCES>
            <INSTANCE>
             <FORMAT>chm</FORMAT>
             <SIZE>0</SIZE>
             <CHECKSUM>0</CHECKSUM>
            </INSTANCE>
           </INSTANCES>
          </INFO>
         </ITEM>
        </FILE>
        <FILE link="Lib/InfoSyS/db/mssql/MSPress-RS-ISQLS7.chm">
         <LOCATION>
          <URL>Lib/InfoSyS/db/mssql/MSPress-RS-ISQLS7.chm</URL>
          <SIZE>3.7</SIZE>
          <CHECKSUM>0</CHECKSUM>
          <TYPE>plain</TYPE>
         </LOCATION>
         <ITEM>
          <INFO>
           <CATEGORIES>
            <CATEGORY>Lib/InfoSyS/db/mssql</CATEGORY>
           </CATEGORIES>
           <DESCRIPTION>MSPress - Ron Soukup - Inside MS SQL Server 7.0 (chm)</DESCRIPTION>
           <PUBLISHERS>
            <PUBLISHER>MSPress</PUBLISHER>
           </PUBLISHERS>
           <AUTHORS>
            <AUTHOR>
             <FULLNAME>Ron Soukup</FULLNAME>
             <LASTNAME>Soukup</LASTNAME>
             <FIRSTNAME>Ron</FIRSTNAME>
            </AUTHOR>
           </AUTHORS>
           <TITLE>Inside MS SQL Server 7.0</TITLE>
           <INSTANCES>
            <INSTANCE>
             <FORMAT>chm</FORMAT>
             <SIZE>0</SIZE>
             <CHECKSUM>0</CHECKSUM>
            </INSTANCE>
           </INSTANCES>
          </INFO>
         </ITEM>
        </FILE>
        <FILE link="Lib/InfoSyS/db/mssql/MSPress-SG-SQLS2000AC.chm">
         <LOCATION>
          <URL>Lib/InfoSyS/db/mssql/MSPress-SG-SQLS2000AC.chm</URL>
          <SIZE>30.7</SIZE>
          <CHECKSUM>0</CHECKSUM>
          <TYPE>plain</TYPE>
         </LOCATION>
         <ITEM>
          <INFO>
           <CATEGORIES>
            <CATEGORY>Lib/InfoSyS/db/mssql</CATEGORY>
           </CATEGORIES>
           <DESCRIPTION>MSPress - Marcilina Garica - SQL Server 2000 Administration Companion (chm)</DESCRIPTION>
           <PUBLISHERS>
            <PUBLISHER>MSPress</PUBLISHER>
           </PUBLISHERS>
           <AUTHORS>
            <AUTHOR>
             <FULLNAME>Marcilina Garica</FULLNAME>
             <LASTNAME>Garica</LASTNAME>
             <FIRSTNAME>Marcilina</FIRSTNAME>
            </AUTHOR>
           </AUTHORS>
           <TITLE>SQL Server 2000 Administration Companion</TITLE>
           <INSTANCES>
            <INSTANCE>
             <FORMAT>chm</FORMAT>
             <SIZE>0</SIZE>
             <CHECKSUM>0</CHECKSUM>
            </INSTANCE>
           </INSTANCES>
          </INFO>
         </ITEM>
        </FILE>
        <FILE link="Lib/InfoSyS/db/mssql/Syngress-RP-DSQLS200DfNES.zip">
         <LOCATION>
          <URL>Lib/InfoSyS/db/mssql/Syngress-RP-DSQLS200DfNES.zip</URL>
          <SIZE>4.4</SIZE>
          <CHECKSUM>0</CHECKSUM>
          <TYPE>zip</TYPE>
         </LOCATION>
         <ITEM>
          <INFO>
           <CATEGORIES>
            <CATEGORY>Lib/InfoSyS/db/mssql</CATEGORY>
           </CATEGORIES>
           <DESCRIPTION>Syngress - Robert Patton - Designing SQL Server 2000 Databases</DESCRIPTION>
           <PUBLISHERS>
            <PUBLISHER>Syngress</PUBLISHER>
           </PUBLISHERS>
           <AUTHORS>
            <AUTHOR>
             <FULLNAME>Robert Patton</FULLNAME>
             <LASTNAME>Patton</LASTNAME>
             <FIRSTNAME>Robert</FIRSTNAME>
            </AUTHOR>
           </AUTHORS>
           <TITLE>Designing SQL Server 2000 Databases</TITLE>
           <INSTANCES>
            <INSTANCE>
             <FORMAT>pdf</FORMAT>
             <SIZE>0</SIZE>
             <CHECKSUM>0</CHECKSUM>
            </INSTANCE>
           </INSTANCES>
          </INFO>
         </ITEM>
        </FILE>
       </FILELIST>
      </DIR>
      <DIR link="Lib/InfoSyS/db/Oracle">
       <LOCATION>
        <URL>Lib/InfoSyS/db/Oracle</URL>
        <SIZE>43.4</SIZE>
       </LOCATION>
       <FILELIST category="Lib/InfoSyS/db/Oracle">
        <INFO>
         <DESCRIPTION>Oracle</DESCRIPTION>
         <TITLE>Oracle</TITLE>
         <DEFAULTFORMAT>pdf</DEFAULTFORMAT>
        </INFO>
        <FILE link="Lib/InfoSyS/db/Oracle/MCP-EW-OPTaO.zip">
         <LOCATION>
          <URL>Lib/InfoSyS/db/Oracle/MCP-EW-OPTaO.zip</URL>
          <SIZE>1.6</SIZE>
          <CHECKSUM>0</CHECKSUM>
          <TYPE>zip</TYPE>
         </LOCATION>
         <ITEM>
          <INFO>
           <CATEGORIES>
            <CATEGORY>Lib/InfoSyS/db/Oracle</CATEGORY>
           </CATEGORIES>
           <DESCRIPTION>MCP - Edward Whalen - Oracle Performance Tuning and Optimization (html)</DESCRIPTION>
           <PUBLISHERS>
            <PUBLISHER>MCP</PUBLISHER>
           </PUBLISHERS>
           <AUTHORS>
            <AUTHOR>
             <FULLNAME>Edward Whalen</FULLNAME>
             <LASTNAME>Whalen</LASTNAME>
             <FIRSTNAME>Edward</FIRSTNAME>
            </AUTHOR>
           </AUTHORS>
           <TITLE>Oracle Performance Tuning and Optimization</TITLE>
           <INSTANCES>
            <INSTANCE>
             <FORMAT>html</FORMAT>
             <SIZE>0</SIZE>
             <CHECKSUM>0</CHECKSUM>
            </INSTANCE>
           </INSTANCES>
          </INFO>
         </ITEM>
        </FILE>
        <FILE link="Lib/InfoSyS/db/Oracle/OReilly-DB-JPwOJDBC.zip">
         <LOCATION>
          <URL>Lib/InfoSyS/db/Oracle/OReilly-DB-JPwOJDBC.zip</URL>
          <SIZE>1</SIZE>
          <CHECKSUM>0</CHECKSUM>
          <TYPE>zip</TYPE>
         </LOCATION>
         <ITEM>
          <INFO>
           <CATEGORIES>
            <CATEGORY>Lib/InfoSyS/db/Oracle</CATEGORY>
           </CATEGORIES>
           <DESCRIPTION>O'Reilly - Donald Bales - Java Programming with Oracle JDBC</DESCRIPTION>
           <PUBLISHERS>
            <PUBLISHER>O'Reilly</PUBLISHER>
           </PUBLISHERS>
           <AUTHORS>
            <AUTHOR>
             <FULLNAME>Donald Bales</FULLNAME>
             <LASTNAME>Bales</LASTNAME>
             <FIRSTNAME>Donald</FIRSTNAME>
            </AUTHOR>
           </AUTHORS>
           <TITLE>Java Programming with Oracle JDBC</TITLE>
           <INSTANCES>
            <INSTANCE>
             <FORMAT>pdf</FORMAT>
             <SIZE>0</SIZE>
             <CHECKSUM>0</CHECKSUM>
            </INSTANCE>
           </INSTANCES>
          </INFO>
         </ITEM>
        </FILE>
        <FILE link="Lib/InfoSyS/db/Oracle/QUE-JP-ODCK.zip">
         <LOCATION>
          <URL>Lib/InfoSyS/db/Oracle/QUE-JP-ODCK.zip</URL>
          <SIZE>1.5</SIZE>
          <CHECKSUM>0</CHECKSUM>
          <TYPE>zip</TYPE>
         </LOCATION>
         <ITEM>
          <INFO>
           <CATEGORIES>
            <CATEGORY>Lib/InfoSyS/db/Oracle</CATEGORY>
           </CATEGORIES>
           <DESCRIPTION>Que - John Palinski - Oracle Database Construction Kit (html)</DESCRIPTION>
           <PUBLISHERS>
            <PUBLISHER>Que</PUBLISHER>
           </PUBLISHERS>
           <AUTHORS>
            <AUTHOR>
             <FULLNAME>John Palinski</FULLNAME>
             <LASTNAME>Palinski</LASTNAME>
             <FIRSTNAME>John</FIRSTNAME>
            </AUTHOR>
           </AUTHORS>
           <TITLE>Oracle Database Construction Kit</TITLE>
           <INSTANCES>
            <INSTANCE>
             <FORMAT>html</FORMAT>
             <SIZE>0</SIZE>
             <CHECKSUM>0</CHECKSUM>
            </INSTANCE>
           </INSTANCES>
          </INFO>
         </ITEM>
        </FILE>
        <FILE link="Lib/InfoSyS/db/Oracle/Que-NH-SEUO8.zip">
         <LOCATION>
          <URL>Lib/InfoSyS/db/Oracle/Que-NH-SEUO8.zip</URL>
          <SIZE>1.4</SIZE>
          <CHECKSUM>0</CHECKSUM>
          <TYPE>zip</TYPE>
         </LOCATION>
         <ITEM>
          <INFO>
           <CATEGORIES>
            <CATEGORY>Lib/InfoSyS/db/Oracle</CATEGORY>
           </CATEGORIES>
           <DESCRIPTION>Que - Nathan Nughes - Special Edition Using Oracle8</DESCRIPTION>
           <PUBLISHERS>
            <PUBLISHER>Que</PUBLISHER>
           </PUBLISHERS>
           <AUTHORS>
            <AUTHOR>
             <FULLNAME>Nathan Nughes</FULLNAME>
             <LASTNAME>Nughes</LASTNAME>
             <FIRSTNAME>Nathan</FIRSTNAME>
            </AUTHOR>
           </AUTHORS>
           <TITLE>Special Edition Using Oracle8</TITLE>
           <INSTANCES>
            <INSTANCE>
             <FORMAT>pdf</FORMAT>
             <SIZE>0</SIZE>
             <CHECKSUM>0</CHECKSUM>
            </INSTANCE>
           </INSTANCES>
          </INFO>
         </ITEM>
        </FILE>
        <FILE link="Lib/InfoSyS/db/Oracle/SAMS-AIS-O8SU.zip">
         <LOCATION>
          <URL>Lib/InfoSyS/db/Oracle/SAMS-AIS-O8SU.zip</URL>
          <SIZE>9.7</SIZE>
          <CHECKSUM>0</CHECKSUM>
          <TYPE>zip</TYPE>
         </LOCATION>
         <ITEM>
          <INFO>
           <CATEGORIES>
            <CATEGORY>Lib/InfoSyS/db/Oracle</CATEGORY>
           </CATEGORIES>
           <DESCRIPTION>SAMS - AIS - Oracle8 Server Unleashed (html)</DESCRIPTION>
           <PUBLISHERS>
            <PUBLISHER>SAMS</PUBLISHER>
           </PUBLISHERS>
           <AUTHORS>
            <AUTHOR>
             <FULLNAME>AIS</FULLNAME>
             <LASTNAME>AIS</LASTNAME>
             <FIRSTNAME></FIRSTNAME>
            </AUTHOR>
           </AUTHORS>
           <TITLE>Oracle8 Server Unleashed</TITLE>
           <INSTANCES>
            <INSTANCE>
             <FORMAT>html</FORMAT>
             <SIZE>0</SIZE>
             <CHECKSUM>0</CHECKSUM>
            </INSTANCE>
           </INSTANCES>
          </INFO>
         </ITEM>
        </FILE>
        <FILE link="Lib/InfoSyS/db/Oracle/SAMS-DB-HPODA.zip">
         <LOCATION>
          <URL>Lib/InfoSyS/db/Oracle/SAMS-DB-HPODA.zip</URL>
          <SIZE>5.3</SIZE>
          <CHECKSUM>0</CHECKSUM>
          <TYPE>zip</TYPE>
         </LOCATION>
         <ITEM>
          <INFO>
           <CATEGORIES>
            <CATEGORY>Lib/InfoSyS/db/Oracle</CATEGORY>
           </CATEGORIES>
           <DESCRIPTION>SAMS - Donald Burleson - High-Performance Oracle Database Applications (html)</DESCRIPTION>
           <PUBLISHERS>
            <PUBLISHER>SAMS</PUBLISHER>
           </PUBLISHERS>
           <AUTHORS>
            <AUTHOR>
             <FULLNAME>Donald Burleson</FULLNAME>
             <LASTNAME>Burleson</LASTNAME>
             <FIRSTNAME>Donald</FIRSTNAME>
            </AUTHOR>
           </AUTHORS>
           <TITLE>High-Performance Oracle Database Applications</TITLE>
           <INSTANCES>
            <INSTANCE>
             <FORMAT>html</FORMAT>
             <SIZE>0</SIZE>
             <CHECKSUM>0</CHECKSUM>
            </INSTANCE>
           </INSTANCES>
          </INFO>
         </ITEM>
        </FILE>
        <FILE link="Lib/InfoSyS/db/Oracle/SAMS-EW-TYO821D.zip">
         <LOCATION>
          <URL>Lib/InfoSyS/db/Oracle/SAMS-EW-TYO821D.zip</URL>
          <SIZE>6.8</SIZE>
          <CHECKSUM>0</CHECKSUM>
          <TYPE>zip</TYPE>
         </LOCATION>
         <ITEM>
          <INFO>
           <CATEGORIES>
            <CATEGORY>Lib/InfoSyS/db/Oracle</CATEGORY>
           </CATEGORIES>
           <DESCRIPTION>SAMS - Edward Whalen - Teach Yourself Oracle 8.0 in 21 Days (html)</DESCRIPTION>
           <PUBLISHERS>
            <PUBLISHER>SAMS</PUBLISHER>
           </PUBLISHERS>
           <AUTHORS>
            <AUTHOR>
             <FULLNAME>Edward Whalen</FULLNAME>
             <LASTNAME>Whalen</LASTNAME>
             <FIRSTNAME>Edward</FIRSTNAME>
            </AUTHOR>
           </AUTHORS>
           <TITLE>Teach Yourself Oracle 8.0 in 21 Days</TITLE>
           <INSTANCES>
            <INSTANCE>
             <FORMAT>html</FORMAT>
             <SIZE>0</SIZE>
             <CHECKSUM>0</CHECKSUM>
            </INSTANCE>
           </INSTANCES>
          </INFO>
         </ITEM>
        </FILE>
        <FILE link="Lib/InfoSyS/db/Oracle/SAMS-JI-HPODAU.zip">
         <LOCATION>
          <URL>Lib/InfoSyS/db/Oracle/SAMS-JI-HPODAU.zip</URL>
          <SIZE>1.3</SIZE>
          <CHECKSUM>0</CHECKSUM>
          <TYPE>zip</TYPE>
         </LOCATION>
         <ITEM>
          <INFO>
           <CATEGORIES>
            <CATEGORY>Lib/InfoSyS/db/Oracle</CATEGORY>
           </CATEGORIES>
           <DESCRIPTION>SAMS - Jonathan Ingram - High Perfomance Oracle Database Automation</DESCRIPTION>
           <PUBLISHERS>
            <PUBLISHER>SAMS</PUBLISHER>
           </PUBLISHERS>
           <AUTHORS>
            <AUTHOR>
             <FULLNAME>Jonathan Ingram</FULLNAME>
             <LASTNAME>Ingram</LASTNAME>
             <FIRSTNAME>Jonathan</FIRSTNAME>
            </AUTHOR>
           </AUTHORS>
           <TITLE>High Perfomance Oracle Database Automation</TITLE>
           <INSTANCES>
            <INSTANCE>
             <FORMAT>pdf</FORMAT>
             <SIZE>0</SIZE>
             <CHECKSUM>0</CHECKSUM>
            </INSTANCE>
           </INSTANCES>
          </INFO>
         </ITEM>
        </FILE>
        <FILE link="Lib/InfoSyS/db/Oracle/U--GA.zip">
         <LOCATION>
          <URL>Lib/InfoSyS/db/Oracle/U--GA.zip</URL>
          <SIZE>0.5</SIZE>
          <CHECKSUM>0</CHECKSUM>
          <TYPE>zip</TYPE>
         </LOCATION>
         <ITEM>
          <INFO>
           <CATEGORIES>
            <CATEGORY>Lib/InfoSyS/db/Oracle</CATEGORY>
           </CATEGORIES>
           <DESCRIPTION>Руководство Администратора (txt)</DESCRIPTION>
           <TITLE>Руководство Администратора</TITLE>
           <INSTANCES>
            <INSTANCE>
             <FORMAT>txt</FORMAT>
             <SIZE>0</SIZE>
             <CHECKSUM>0</CHECKSUM>
            </INSTANCE>
           </INSTANCES>
          </INFO>
         </ITEM>
        </FILE>
        <FILE link="Lib/InfoSyS/db/Oracle/U--GKS.zip">
         <LOCATION>
          <URL>Lib/InfoSyS/db/Oracle/U--GKS.zip</URL>
          <SIZE>0.4</SIZE>
          <CHECKSUM>0</CHECKSUM>
          <TYPE>zip</TYPE>
         </LOCATION>
         <ITEM>
          <INFO>
           <CATEGORIES>
            <CATEGORY>Lib/InfoSyS/db/Oracle</CATEGORY>
           </CATEGORIES>
           <DESCRIPTION>Руководство по Концепциям Сервера (txt)</DESCRIPTION>
           <TITLE>Руководство по Концепциям Сервера</TITLE>
           <INSTANCES>
            <INSTANCE>
             <FORMAT>txt</FORMAT>
             <SIZE>0</SIZE>
             <CHECKSUM>0</CHECKSUM>
            </INSTANCE>
           </INSTANCES>
          </INFO>
         </ITEM>
        </FILE>
        <FILE link="Lib/InfoSyS/db/Oracle/U--GP.zip">
         <LOCATION>
          <URL>Lib/InfoSyS/db/Oracle/U--GP.zip</URL>
          <SIZE>0.3</SIZE>
          <CHECKSUM>0</CHECKSUM>
          <TYPE>zip</TYPE>
         </LOCATION>
         <ITEM>
          <INFO>
           <CATEGORIES>
            <CATEGORY>Lib/InfoSyS/db/Oracle</CATEGORY>
           </CATEGORIES>
           <DESCRIPTION>Руководство Разработчика Приложений (txt)</DESCRIPTION>
           <TITLE>Руководство Разработчика Приложений</TITLE>
           <INSTANCES>
            <INSTANCE>
             <FORMAT>txt</FORMAT>
             <SIZE>0</SIZE>
             <CHECKSUM>0</CHECKSUM>
            </INSTANCE>
           </INSTANCES>
          </INFO>
         </ITEM>
        </FILE>
        <FILE link="Lib/InfoSyS/db/Oracle/U--KSO7.zip">
         <LOCATION>
          <URL>Lib/InfoSyS/db/Oracle/U--KSO7.zip</URL>
          <SIZE>0</SIZE>
          <CHECKSUM>0</CHECKSUM>
          <TYPE>zip</TYPE>
         </LOCATION>
         <ITEM>
          <INFO>
           <CATEGORIES>
            <CATEGORY>Lib/InfoSyS/db/Oracle</CATEGORY>
           </CATEGORIES>
           <DESCRIPTION>Краткий справочник по Oracle7 (txt)</DESCRIPTION>
           <TITLE>Краткий справочник по Oracle7</TITLE>
           <INSTANCES>
            <INSTANCE>
             <FORMAT>txt</FORMAT>
             <SIZE>0</SIZE>
             <CHECKSUM>0</CHECKSUM>
            </INSTANCE>
           </INSTANCES>
          </INFO>
         </ITEM>
        </FILE>
        <FILE link="Lib/InfoSyS/db/Oracle/U--O8iAEE.zip">
         <LOCATION>
          <URL>Lib/InfoSyS/db/Oracle/U--O8iAEE.zip</URL>
          <SIZE>2.2</SIZE>
          <CHECKSUM>0</CHECKSUM>
          <TYPE>zip</TYPE>
         </LOCATION>
         <ITEM>
          <INFO>
           <CATEGORIES>
            <CATEGORY>Lib/InfoSyS/db/Oracle</CATEGORY>
           </CATEGORIES>
           <DESCRIPTION>Administration Oracle 8i Enterprise Edition</DESCRIPTION>
           <TITLE>Administration Oracle 8i Enterprise Edition</TITLE>
           <INSTANCES>
            <INSTANCE>
             <FORMAT>pdf</FORMAT>
             <SIZE>0</SIZE>
             <CHECKSUM>0</CHECKSUM>
            </INSTANCE>
           </INSTANCES>
          </INFO>
         </ITEM>
        </FILE>
        <FILE link="Lib/InfoSyS/db/Oracle/U--O8iPS.zip">
         <LOCATION>
          <URL>Lib/InfoSyS/db/Oracle/U--O8iPS.zip</URL>
          <SIZE>0.4</SIZE>
          <CHECKSUM>0</CHECKSUM>
          <TYPE>zip</TYPE>
         </LOCATION>
         <ITEM>
          <INFO>
           <CATEGORIES>
            <CATEGORY>Lib/InfoSyS/db/Oracle</CATEGORY>
           </CATEGORIES>
           <DESCRIPTION>Oracle8i Parallel Server</DESCRIPTION>
           <TITLE>Oracle8i Parallel Server</TITLE>
           <INSTANCES>
            <INSTANCE>
             <FORMAT>pdf</FORMAT>
             <SIZE>0</SIZE>
             <CHECKSUM>0</CHECKSUM>
            </INSTANCE>
           </INSTANCES>
          </INFO>
         </ITEM>
        </FILE>
        <FILE link="Lib/InfoSyS/db/Oracle/U--O8tCR.zip">
         <LOCATION>
          <URL>Lib/InfoSyS/db/Oracle/U--O8tCR.zip</URL>
          <SIZE>5.1</SIZE>
          <CHECKSUM>0</CHECKSUM>
          <TYPE>zip</TYPE>
         </LOCATION>
         <ITEM>
          <INFO>
           <CATEGORIES>
            <CATEGORY>Lib/InfoSyS/db/Oracle</CATEGORY>
           </CATEGORIES>
           <DESCRIPTION>Oracle 8 - The Complete Reference (exe)</DESCRIPTION>
           <TITLE>The Complete Reference</TITLE>
           <TEST>Oracle 8</TEST>
           <INSTANCES>
            <INSTANCE>
             <FORMAT>exe</FORMAT>
             <SIZE>0</SIZE>
             <CHECKSUM>0</CHECKSUM>
            </INSTANCE>
           </INSTANCES>
          </INFO>
         </ITEM>
        </FILE>
        <FILE link="Lib/InfoSyS/db/Oracle/WGP-EH-O8HT.zip">
         <LOCATION>
          <URL>Lib/InfoSyS/db/Oracle/WGP-EH-O8HT.zip</URL>
          <SIZE>4.8</SIZE>
          <CHECKSUM>0</CHECKSUM>
          <TYPE>zip</TYPE>
         </LOCATION>
         <ITEM>
          <INFO>
           <CATEGORIES>
            <CATEGORY>Lib/InfoSyS/db/Oracle</CATEGORY>
           </CATEGORIES>
           <DESCRIPTION>WGP - Edward Honour - Oracle8 How-To</DESCRIPTION>
           <PUBLISHERS>
            <PUBLISHER>WGP</PUBLISHER>
           </PUBLISHERS>
           <AUTHORS>
            <AUTHOR>
             <FULLNAME>Edward Honour</FULLNAME>
             <LASTNAME>Honour</LASTNAME>
             <FIRSTNAME>Edward</FIRSTNAME>
            </AUTHOR>
           </AUTHORS>
           <TITLE>Oracle8 How-To</TITLE>
           <INSTANCES>
            <INSTANCE>
             <FORMAT>pdf</FORMAT>
             <SIZE>0</SIZE>
             <CHECKSUM>0</CHECKSUM>
            </INSTANCE>
           </INSTANCES>
          </INFO>
         </ITEM>
        </FILE>
        <DIR link="Lib/InfoSyS/db/Oracle/sql">
         <LOCATION>
          <URL>Lib/InfoSyS/db/Oracle/sql</URL>
          <SIZE>1.2</SIZE>
         </LOCATION>
         <FILELIST category="Lib/InfoSyS/db/Oracle/sql">
          <INFO>
           <DESCRIPTION>SQL / PL SQL / SQL Plus</DESCRIPTION>
           <TITLE>SQL / PL SQL / SQL Plus</TITLE>
           <DEFAULTFORMAT>pdf</DEFAULTFORMAT>
          </INFO>
          <FILE link="Lib/InfoSyS/db/Oracle/sql/U--SQLP.zip">
           <LOCATION>
            <URL>Lib/InfoSyS/db/Oracle/sql/U--SQLP.zip</URL>
            <SIZE>0.1</SIZE>
            <CHECKSUM>0</CHECKSUM>
            <TYPE>zip</TYPE>
           </LOCATION>
           <ITEM>
            <INFO>
             <CATEGORIES>
              <CATEGORY>Lib/InfoSyS/db/Oracle/sql</CATEGORY>
             </CATEGORIES>
             <DESCRIPTION>SQL Plus Getting Started</DESCRIPTION>
             <TITLE>SQL Plus Getting Started</TITLE>
             <INSTANCES>
              <INSTANCE>
               <FORMAT>pdf</FORMAT>
               <SIZE>0</SIZE>
               <CHECKSUM>0</CHECKSUM>
              </INSTANCE>
             </INSTANCES>
            </INFO>
           </ITEM>
          </FILE>
          <FILE link="Lib/InfoSyS/db/Oracle/sql/U--UGPLSQL.zip">
           <LOCATION>
            <URL>Lib/InfoSyS/db/Oracle/sql/U--UGPLSQL.zip</URL>
            <SIZE>0.3</SIZE>
            <CHECKSUM>0</CHECKSUM>
            <TYPE>zip</TYPE>
           </LOCATION>
           <ITEM>
            <INFO>
             <CATEGORIES>
              <CATEGORY>Lib/InfoSyS/db/Oracle/sql</CATEGORY>
             </CATEGORIES>
             <DESCRIPTION>PL/SQL Руководство Пользователя и Справочник (txt)</DESCRIPTION>
             <TITLE>PL/SQL Руководство Пользователя и Справочник</TITLE>
             <INSTANCES>
              <INSTANCE>
               <FORMAT>txt</FORMAT>
               <SIZE>0</SIZE>
               <CHECKSUM>0</CHECKSUM>
              </INSTANCE>
             </INSTANCES>
            </INFO>
           </ITEM>
          </FILE>
          <FILE link="Lib/InfoSyS/db/Oracle/sql/U--UGSQL.zip">
           <LOCATION>
            <URL>Lib/InfoSyS/db/Oracle/sql/U--UGSQL.zip</URL>
            <SIZE>0.4</SIZE>
            <CHECKSUM>0</CHECKSUM>
            <TYPE>zip</TYPE>
           </LOCATION>
           <ITEM>
            <INFO>
             <CATEGORIES>
              <CATEGORY>Lib/InfoSyS/db/Oracle/sql</CATEGORY>
             </CATEGORIES>
             <DESCRIPTION>SQL Руководство Пользователя и Справочник (txt)</DESCRIPTION>
             <TITLE>SQL Руководство Пользователя и Справочник</TITLE>
             <INSTANCES>
              <INSTANCE>
               <FORMAT>txt</FORMAT>
               <SIZE>0</SIZE>
               <CHECKSUM>0</CHECKSUM>
              </INSTANCE>
             </INSTANCES>
            </INFO>
           </ITEM>
          </FILE>
          <FILE link="Lib/InfoSyS/db/Oracle/sql/U--UGSQLP.zip">
           <LOCATION>
            <URL>Lib/InfoSyS/db/Oracle/sql/U--UGSQLP.zip</URL>
            <SIZE>0.4</SIZE>
            <CHECKSUM>0</CHECKSUM>
            <TYPE>zip</TYPE>
           </LOCATION>
           <ITEM>
            <INFO>
             <CATEGORIES>
              <CATEGORY>Lib/InfoSyS/db/Oracle/sql</CATEGORY>
             </CATEGORIES>
             <DESCRIPTION>SQL+ Руководство Пользователя и Справочник (txt)</DESCRIPTION>
             <TITLE>SQL+ Руководство Пользователя и Справочник</TITLE>
             <INSTANCES>
              <INSTANCE>
               <FORMAT>txt</FORMAT>
               <SIZE>0</SIZE>
               <CHECKSUM>0</CHECKSUM>
              </INSTANCE>
             </INSTANCES>
            </INFO>
           </ITEM>
          </FILE>
         </FILELIST>
        </DIR>
       </FILELIST>
      </DIR>
      <DIR link="Lib/InfoSyS/db/SysBase">
       <LOCATION>
        <URL>Lib/InfoSyS/db/SysBase</URL>
        <SIZE>2.5</SIZE>
       </LOCATION>
       <FILELIST category="Lib/InfoSyS/db/SysBase">
        <INFO>
         <DESCRIPTION>SysBase SQL Server</DESCRIPTION>
         <TITLE>SysBase SQL Server</TITLE>
         <DEFAULTFORMAT>pdf</DEFAULTFORMAT>
        </INFO>
        <FILE link="Lib/InfoSyS/db/SysBase/Sybase--SSQLSAG.zip">
         <LOCATION>
          <URL>Lib/InfoSyS/db/SysBase/Sybase--SSQLSAG.zip</URL>
          <SIZE>1.1</SIZE>
          <CHECKSUM>0</CHECKSUM>
          <TYPE>zip</TYPE>
         </LOCATION>
         <ITEM>
          <INFO>
           <CATEGORIES>
            <CATEGORY>Lib/InfoSyS/db/SysBase</CATEGORY>
           </CATEGORIES>
           <DESCRIPTION>Sysbase - - Sysbase SQL Server Administrator Guide</DESCRIPTION>
           <PUBLISHERS>
            <PUBLISHER>Sysbase</PUBLISHER>
           </PUBLISHERS>
           <TITLE>Sysbase SQL Server Administrator Guide</TITLE>
           <INSTANCES>
            <INSTANCE>
             <FORMAT>pdf</FORMAT>
             <SIZE>0</SIZE>
             <CHECKSUM>0</CHECKSUM>
            </INSTANCE>
           </INSTANCES>
          </INFO>
         </ITEM>
        </FILE>
        <FILE link="Lib/InfoSyS/db/SysBase/Sybase-KP-SSQLSR11.zip">
         <LOCATION>
          <URL>Lib/InfoSyS/db/SysBase/Sybase-KP-SSQLSR11.zip</URL>
          <SIZE>1.3</SIZE>
          <CHECKSUM>0</CHECKSUM>
          <TYPE>zip</TYPE>
         </LOCATION>
         <ITEM>
          <INFO>
           <CATEGORIES>
            <CATEGORY>Lib/InfoSyS/db/SysBase</CATEGORY>
           </CATEGORIES>
           <DESCRIPTION>Sysbase - Karen Paulsell - Sysbase SQL Server Performance and Tuning Guide</DESCRIPTION>
           <PUBLISHERS>
            <PUBLISHER>Sysbase</PUBLISHER>
           </PUBLISHERS>
           <AUTHORS>
            <AUTHOR>
             <FULLNAME>Karen Paulsell</FULLNAME>
             <LASTNAME>Paulsell</LASTNAME>
             <FIRSTNAME>Karen</FIRSTNAME>
            </AUTHOR>
           </AUTHORS>
           <TITLE>Sysbase SQL Server Performance and Tuning Guide</TITLE>
           <INSTANCES>
            <INSTANCE>
             <FORMAT>pdf</FORMAT>
             <SIZE>0</SIZE>
             <CHECKSUM>0</CHECKSUM>
            </INSTANCE>
           </INSTANCES>
          </INFO>
         </ITEM>
        </FILE>
       </FILELIST>
      </DIR>
     </FILELIST>
    </DIR>
    <DIR link="Lib/InfoSyS/Design">
     <LOCATION>
      <URL>Lib/InfoSyS/Design</URL>
      <SIZE>83.6</SIZE>
     </LOCATION>
     <FILELIST category="Lib/InfoSyS/Design">
      <INFO>
       <DESCRIPTION>Software Design / Publishing / Design</DESCRIPTION>
       <TITLE>Software Design / Publishing / Design</TITLE>
       <DEFAULTFORMAT>pdf</DEFAULTFORMAT>
      </INFO>
      <DIR link="Lib/InfoSyS/Design/Publishing">
       <LOCATION>
        <URL>Lib/InfoSyS/Design/Publishing</URL>
        <SIZE>17.4</SIZE>
       </LOCATION>
       <FILELIST category="Lib/InfoSyS/Design/Publishing">
        <INFO>
         <DESCRIPTION>Publishing Systems ( Tex / SGML / Postscript )</DESCRIPTION>
         <TITLE>Publishing Systems ( Tex / SGML / Postscript )</TITLE>
         <DEFAULTFORMAT>pdf</DEFAULTFORMAT>
        </INFO>
        <DIR link="Lib/InfoSyS/Design/Publishing/ps">
         <LOCATION>
          <URL>Lib/InfoSyS/Design/Publishing/ps</URL>
          <SIZE>0.4</SIZE>
         </LOCATION>
         <FILELIST category="Lib/InfoSyS/Design/Publishing/ps">
          <INFO>
           <DESCRIPTION>PostScript</DESCRIPTION>
           <TITLE>PostScript</TITLE>
           <DEFAULTFORMAT>pdf</DEFAULTFORMAT>
          </INFO>
          <FILE link="Lib/InfoSyS/Design/Publishing/ps/AW-GR-TiP.zip">
           <LOCATION>
            <URL>Lib/InfoSyS/Design/Publishing/ps/AW-GR-TiP.zip</URL>
            <SIZE>0.4</SIZE>
            <CHECKSUM>0</CHECKSUM>
            <TYPE>zip</TYPE>
           </LOCATION>
           <ITEM>
            <INFO>
             <CATEGORIES>
              <CATEGORY>Lib/InfoSyS/Design/Publishing/ps</CATEGORY>
             </CATEGORIES>
             <DESCRIPTION>AW - Glenn Reid - Thinking in PostScript</DESCRIPTION>
             <PUBLISHERS>
              <PUBLISHER>AW</PUBLISHER>
             </PUBLISHERS>
             <AUTHORS>
              <AUTHOR>
               <FULLNAME>Glenn Reid</FULLNAME>
               <LASTNAME>Reid</LASTNAME>
               <FIRSTNAME>Glenn</FIRSTNAME>
              </AUTHOR>
             </AUTHORS>
             <TITLE>Thinking in PostScript</TITLE>
             <INSTANCES>
              <INSTANCE>
               <FORMAT>pdf</FORMAT>
               <SIZE>0</SIZE>
               <CHECKSUM>0</CHECKSUM>
              </INSTANCE>
             </INSTANCES>
            </INFO>
           </ITEM>
          </FILE>
         </FILELIST>
        </DIR>
        <DIR link="Lib/InfoSyS/Design/Publishing/sgml">
         <LOCATION>
          <URL>Lib/InfoSyS/Design/Publishing/sgml</URL>
          <SIZE>15.5</SIZE>
         </LOCATION>
         <FILELIST category="Lib/InfoSyS/Design/Publishing/sgml">
          <INFO>
           <DESCRIPTION>SGML docs</DESCRIPTION>
           <TITLE>SGML docs</TITLE>
           <DEFAULTFORMAT>pdf</DEFAULTFORMAT>
          </INFO>
          <FILE link="Lib/InfoSyS/Design/Publishing/sgml/Que-MC-SEUSGML.zip">
           <LOCATION>
            <URL>Lib/InfoSyS/Design/Publishing/sgml/Que-MC-SEUSGML.zip</URL>
            <SIZE>15.5</SIZE>
            <CHECKSUM>0</CHECKSUM>
            <TYPE>zip</TYPE>
           </LOCATION>
           <ITEM>
            <INFO>
             <CATEGORIES>
              <CATEGORY>Lib/InfoSyS/Design/Publishing/sgml</CATEGORY>
             </CATEGORIES>
             <DESCRIPTION>Que - Martin Colby - Special Edition Using SGML (html)</DESCRIPTION>
             <PUBLISHERS>
              <PUBLISHER>Que</PUBLISHER>
             </PUBLISHERS>
             <AUTHORS>
              <AUTHOR>
               <FULLNAME>Martin Colby</FULLNAME>
               <LASTNAME>Colby</LASTNAME>
               <FIRSTNAME>Martin</FIRSTNAME>
              </AUTHOR>
             </AUTHORS>
             <TITLE>Special Edition Using SGML</TITLE>
             <INSTANCES>
              <INSTANCE>
               <FORMAT>html</FORMAT>
               <SIZE>0</SIZE>
               <CHECKSUM>0</CHECKSUM>
              </INSTANCE>
             </INSTANCES>
            </INFO>
           </ITEM>
          </FILE>
         </FILELIST>
        </DIR>
        <DIR link="Lib/InfoSyS/Design/Publishing/TeX">
         <LOCATION>
          <URL>Lib/InfoSyS/Design/Publishing/TeX</URL>
          <SIZE>1.4</SIZE>
         </LOCATION>
         <FILELIST category="Lib/InfoSyS/Design/Publishing/TeX">
          <INFO>
           <DESCRIPTION>TeX / LaTeX / emTeX</DESCRIPTION>
           <TITLE>TeX / LaTeX / emTeX</TITLE>
           <DEFAULTFORMAT>pdf</DEFAULTFORMAT>
          </INFO>
          <FILE link="Lib/InfoSyS/Design/Publishing/TeX/AW-DK-TheTeXBook.zip">
           <LOCATION>
            <URL>Lib/InfoSyS/Design/Publishing/TeX/AW-DK-TheTeXBook.zip</URL>
            <SIZE>1.1</SIZE>
            <CHECKSUM>0</CHECKSUM>
            <TYPE>zip</TYPE>
           </LOCATION>
           <ITEM>
            <INFO>
             <CATEGORIES>
              <CATEGORY>Lib/InfoSyS/Design/Publishing/TeX</CATEGORY>
             </CATEGORIES>
             <DESCRIPTION>AW - Donald Knuth - The TeXBook (ps)</DESCRIPTION>
             <PUBLISHERS>
              <PUBLISHER>AW</PUBLISHER>
             </PUBLISHERS>
             <AUTHORS>
              <AUTHOR>
               <FULLNAME>Donald Knuth</FULLNAME>
               <LASTNAME>Knuth</LASTNAME>
               <FIRSTNAME>Donald</FIRSTNAME>
              </AUTHOR>
             </AUTHORS>
             <TITLE>The TeXBook</TITLE>
             <INSTANCES>
              <INSTANCE>
               <FORMAT>ps</FORMAT>
               <SIZE>0</SIZE>
               <CHECKSUM>0</CHECKSUM>
              </INSTANCE>
             </INSTANCES>
            </INFO>
           </ITEM>
          </FILE>
          <FILE link="Lib/InfoSyS/Design/Publishing/TeX/AW-MD-GITeX.zip">
           <LOCATION>
            <URL>Lib/InfoSyS/Design/Publishing/TeX/AW-MD-GITeX.zip</URL>
            <SIZE>0.3</SIZE>
            <CHECKSUM>0</CHECKSUM>
            <TYPE>zip</TYPE>
           </LOCATION>
           <ITEM>
            <INFO>
             <CATEGORIES>
              <CATEGORY>Lib/InfoSyS/Design/Publishing/TeX</CATEGORY>
             </CATEGORIES>
             <DESCRIPTION>AW - Michael Doob - A Gentle Intoduction to TeX</DESCRIPTION>
             <PUBLISHERS>
              <PUBLISHER>AW</PUBLISHER>
             </PUBLISHERS>
             <AUTHORS>
              <AUTHOR>
               <FULLNAME>Michael Doob</FULLNAME>
               <LASTNAME>Doob</LASTNAME>
               <FIRSTNAME>Michael</FIRSTNAME>
              </AUTHOR>
             </AUTHORS>
             <TITLE>A Gentle Intoduction to TeX</TITLE>
             <INSTANCES>
              <INSTANCE>
               <FORMAT>pdf</FORMAT>
               <SIZE>0</SIZE>
               <CHECKSUM>0</CHECKSUM>
              </INSTANCE>
             </INSTANCES>
            </INFO>
           </ITEM>
          </FILE>
         </FILELIST>
        </DIR>
       </FILELIST>
      </DIR>
      <DIR link="Lib/InfoSyS/Design/ui">
       <LOCATION>
        <URL>Lib/InfoSyS/Design/ui</URL>
        <SIZE>5.7</SIZE>
       </LOCATION>
       <FILELIST category="Lib/InfoSyS/Design/ui">
        <INFO>
         <DESCRIPTION>User Interface Design</DESCRIPTION>
         <TITLE>User Interface Design</TITLE>
         <DEFAULTFORMAT>pdf</DEFAULTFORMAT>
        </INFO>
        <FILE link="Lib/InfoSyS/Design/ui/MSPress-EK-DUIfWA.chm">
         <LOCATION>
          <URL>Lib/InfoSyS/Design/ui/MSPress-EK-DUIfWA.chm</URL>
          <SIZE>3.7</SIZE>
          <CHECKSUM>0</CHECKSUM>
          <TYPE>plain</TYPE>
         </LOCATION>
         <ITEM>
          <INFO>
           <CATEGORIES>
            <CATEGORY>Lib/InfoSyS/Design/ui</CATEGORY>
           </CATEGORIES>
           <DESCRIPTION>MSPress - Everett McKay - Developing User Interfaces for Windows (chm)</DESCRIPTION>
           <PUBLISHERS>
            <PUBLISHER>MSPress</PUBLISHER>
           </PUBLISHERS>
           <AUTHORS>
            <AUTHOR>
             <FULLNAME>Everett McKay</FULLNAME>
             <LASTNAME>McKay</LASTNAME>
             <FIRSTNAME>Everett</FIRSTNAME>
            </AUTHOR>
           </AUTHORS>
           <TITLE>Developing User Interfaces for Windows</TITLE>
           <INSTANCES>
            <INSTANCE>
             <FORMAT>chm</FORMAT>
             <SIZE>0</SIZE>
             <CHECKSUM>0</CHECKSUM>
            </INSTANCE>
           </INSTANCES>
          </INFO>
         </ITEM>
        </FILE>
        <FILE link="Lib/InfoSyS/Design/ui/SIGS-SA-UIDTT.zip">
         <LOCATION>
          <URL>Lib/InfoSyS/Design/ui/SIGS-SA-UIDTT.zip</URL>
          <SIZE>0</SIZE>
          <CHECKSUM>0</CHECKSUM>
          <TYPE>zip</TYPE>
         </LOCATION>
         <ITEM>
          <INFO>
           <CATEGORIES>
            <CATEGORY>Lib/InfoSyS/Design/ui</CATEGORY>
           </CATEGORIES>
           <DESCRIPTION>SIGS - Scot Ambler - User Interface Design: Tips and Techniques</DESCRIPTION>
           <PUBLISHERS>
            <PUBLISHER>SIGS</PUBLISHER>
           </PUBLISHERS>
           <AUTHORS>
            <AUTHOR>
             <FULLNAME>Scot Ambler</FULLNAME>
             <LASTNAME>Ambler</LASTNAME>
             <FIRSTNAME>Scot</FIRSTNAME>
            </AUTHOR>
           </AUTHORS>
           <TITLE>User Interface Design: Tips and Techniques</TITLE>
           <INSTANCES>
            <INSTANCE>
             <FORMAT>pdf</FORMAT>
             <SIZE>0</SIZE>
             <CHECKSUM>0</CHECKSUM>
            </INSTANCE>
           </INSTANCES>
          </INFO>
         </ITEM>
        </FILE>
        <FILE link="Lib/InfoSyS/Design/ui/U-VG-DUI.zip">
         <LOCATION>
          <URL>Lib/InfoSyS/Design/ui/U-VG-DUI.zip</URL>
          <SIZE>2</SIZE>
          <CHECKSUM>0</CHECKSUM>
          <TYPE>zip</TYPE>
         </LOCATION>
         <ITEM>
          <INFO>
           <CATEGORIES>
            <CATEGORY>Lib/InfoSyS/Design/ui</CATEGORY>
           </CATEGORIES>
           <DESCRIPTION>Влад Головач - Дизайн Пользовательского Интерфейса v1.1</DESCRIPTION>
           <AUTHORS>
            <AUTHOR>
             <FULLNAME>Влад Головач</FULLNAME>
             <LASTNAME>Головач</LASTNAME>
             <FIRSTNAME>Влад</FIRSTNAME>
            </AUTHOR>
           </AUTHORS>
           <TITLE>Дизайн Пользовательского Интерфейса v1.1</TITLE>
           <INSTANCES>
            <INSTANCE>
             <FORMAT>pdf</FORMAT>
             <SIZE>0</SIZE>
             <CHECKSUM>0</CHECKSUM>
            </INSTANCE>
           </INSTANCES>
          </INFO>
         </ITEM>
        </FILE>
       </FILELIST>
      </DIR>
      <DIR link="Lib/InfoSyS/Design/www">
       <LOCATION>
        <URL>Lib/InfoSyS/Design/www</URL>
        <SIZE>60.5</SIZE>
       </LOCATION>
       <FILELIST category="Lib/InfoSyS/Design/www">
        <INFO>
         <DESCRIPTION>WWW Design</DESCRIPTION>
         <TITLE>WWW Design</TITLE>
         <DEFAULTFORMAT>pdf</DEFAULTFORMAT>
        </INFO>
        <FILE link="Lib/InfoSyS/Design/www/Learnem-SS-WPDi7D.zip">
         <LOCATION>
          <URL>Lib/InfoSyS/Design/www/Learnem-SS-WPDi7D.zip</URL>
          <SIZE>0.2</SIZE>
          <CHECKSUM>0</CHECKSUM>
          <TYPE>zip</TYPE>
         </LOCATION>
         <ITEM>
          <INFO>
           <CATEGORIES>
            <CATEGORY>Lib/InfoSyS/Design/www</CATEGORY>
           </CATEGORIES>
           <DESCRIPTION>Learnem - Siamak Sarmady - Web Page Design in 7 Days</DESCRIPTION>
           <PUBLISHERS>
            <PUBLISHER>Learnem</PUBLISHER>
           </PUBLISHERS>
           <AUTHORS>
            <AUTHOR>
             <FULLNAME>Siamak Sarmady</FULLNAME>
             <LASTNAME>Sarmady</LASTNAME>
             <FIRSTNAME>Siamak</FIRSTNAME>
            </AUTHOR>
           </AUTHORS>
           <TITLE>Web Page Design in 7 Days</TITLE>
           <INSTANCES>
            <INSTANCE>
             <FORMAT>pdf</FORMAT>
             <SIZE>0</SIZE>
             <CHECKSUM>0</CHECKSUM>
            </INSTANCE>
           </INSTANCES>
          </INFO>
         </ITEM>
        </FILE>
        <FILE link="Lib/InfoSyS/Design/www/LG-SS-WD7D.zip">
         <LOCATION>
          <URL>Lib/InfoSyS/Design/www/LG-SS-WD7D.zip</URL>
          <SIZE>0.2</SIZE>
          <CHECKSUM>0</CHECKSUM>
          <TYPE>zip</TYPE>
         </LOCATION>
         <ITEM>
          <INFO>
           <CATEGORIES>
            <CATEGORY>Lib/InfoSyS/Design/www</CATEGORY>
           </CATEGORIES>
           <DESCRIPTION>LG - Siamak Sarmady - Web Design in 7 Days</DESCRIPTION>
           <PUBLISHERS>
            <PUBLISHER>LG</PUBLISHER>
           </PUBLISHERS>
           <AUTHORS>
            <AUTHOR>
             <FULLNAME>Siamak Sarmady</FULLNAME>
             <LASTNAME>Sarmady</LASTNAME>
             <FIRSTNAME>Siamak</FIRSTNAME>
            </AUTHOR>
           </AUTHORS>
           <TITLE>Web Design in 7 Days</TITLE>
           <INSTANCES>
            <INSTANCE>
             <FORMAT>pdf</FORMAT>
             <SIZE>0</SIZE>
             <CHECKSUM>0</CHECKSUM>
            </INSTANCE>
           </INSTANCES>
          </INFO>
         </ITEM>
        </FILE>
        <FILE link="Lib/InfoSyS/Design/www/PH--AoEP.zip">
         <LOCATION>
          <URL>Lib/InfoSyS/Design/www/PH--AoEP.zip</URL>
          <SIZE>2.7</SIZE>
          <CHECKSUM>0</CHECKSUM>
          <TYPE>zip</TYPE>
         </LOCATION>
         <ITEM>
          <INFO>
           <CATEGORIES>
            <CATEGORY>Lib/InfoSyS/Design/www</CATEGORY>
           </CATEGORIES>
           <DESCRIPTION>Prentice Hall - - Art of Electronic Publishing (html)</DESCRIPTION>
           <PUBLISHERS>
            <PUBLISHER>Prentice Hall</PUBLISHER>
           </PUBLISHERS>
           <TITLE>Art of Electronic Publishing</TITLE>
           <INSTANCES>
            <INSTANCE>
             <FORMAT>html</FORMAT>
             <SIZE>0</SIZE>
             <CHECKSUM>0</CHECKSUM>
            </INSTANCE>
           </INSTANCES>
          </INFO>
         </ITEM>
        </FILE>
        <FILE link="Lib/InfoSyS/Design/www/Que-MM-WMES.zip">
         <LOCATION>
          <URL>Lib/InfoSyS/Design/www/Que-MM-WMES.zip</URL>
          <SIZE>9.4</SIZE>
          <CHECKSUM>0</CHECKSUM>
          <TYPE>zip</TYPE>
         </LOCATION>
         <ITEM>
          <INFO>
           <CATEGORIES>
            <CATEGORY>Lib/InfoSyS/Design/www</CATEGORY>
           </CATEGORIES>
           <DESCRIPTION>Que - Michael Morgan - WebMaster Expert Solutions (html)</DESCRIPTION>
           <PUBLISHERS>
            <PUBLISHER>Que</PUBLISHER>
           </PUBLISHERS>
           <AUTHORS>
            <AUTHOR>
             <FULLNAME>Michael Morgan</FULLNAME>
             <LASTNAME>Morgan</LASTNAME>
             <FIRSTNAME>Michael</FIRSTNAME>
            </AUTHOR>
           </AUTHORS>
           <TITLE>WebMaster Expert Solutions</TITLE>
           <INSTANCES>
            <INSTANCE>
             <FORMAT>html</FORMAT>
             <SIZE>0</SIZE>
             <CHECKSUM>0</CHECKSUM>
            </INSTANCE>
           </INSTANCES>
          </INFO>
         </ITEM>
        </FILE>
        <FILE link="Lib/InfoSyS/Design/www/Que-WS-WPPR.zip">
         <LOCATION>
          <URL>Lib/InfoSyS/Design/www/Que-WS-WPPR.zip</URL>
          <SIZE>19</SIZE>
          <CHECKSUM>0</CHECKSUM>
          <TYPE>zip</TYPE>
         </LOCATION>
         <ITEM>
          <INFO>
           <CATEGORIES>
            <CATEGORY>Lib/InfoSyS/Design/www</CATEGORY>
           </CATEGORIES>
           <DESCRIPTION>Que - William Stanek - Web Publishing Professional Reference Edition</DESCRIPTION>
           <PUBLISHERS>
            <PUBLISHER>Que</PUBLISHER>
           </PUBLISHERS>
           <AUTHORS>
            <AUTHOR>
             <FULLNAME>William Stanek</FULLNAME>
             <LASTNAME>Stanek</LASTNAME>
             <FIRSTNAME>William</FIRSTNAME>
            </AUTHOR>
           </AUTHORS>
           <TITLE>Web Publishing Professional Reference Edition</TITLE>
           <INSTANCES>
            <INSTANCE>
             <FORMAT>pdf</FORMAT>
             <SIZE>0</SIZE>
             <CHECKSUM>0</CHECKSUM>
            </INSTANCE>
           </INSTANCES>
          </INFO>
         </ITEM>
        </FILE>
        <FILE link="Lib/InfoSyS/Design/www/SAMS-BB-WPU.zip">
         <LOCATION>
          <URL>Lib/InfoSyS/Design/www/SAMS-BB-WPU.zip</URL>
          <SIZE>6.1</SIZE>
          <CHECKSUM>0</CHECKSUM>
          <TYPE>zip</TYPE>
         </LOCATION>
         <ITEM>
          <INFO>
           <CATEGORIES>
            <CATEGORY>Lib/InfoSyS/Design/www</CATEGORY>
           </CATEGORIES>
           <DESCRIPTION>SAMS - Bob Breedlove - Web Programming Unleashed (html)</DESCRIPTION>
           <PUBLISHERS>
            <PUBLISHER>SAMS</PUBLISHER>
           </PUBLISHERS>
           <AUTHORS>
            <AUTHOR>
             <FULLNAME>Bob Breedlove</FULLNAME>
             <LASTNAME>Breedlove</LASTNAME>
             <FIRSTNAME>Bob</FIRSTNAME>
            </AUTHOR>
           </AUTHORS>
           <TITLE>Web Programming Unleashed</TITLE>
           <INSTANCES>
            <INSTANCE>
             <FORMAT>html</FORMAT>
             <SIZE>0</SIZE>
             <CHECKSUM>0</CHECKSUM>
            </INSTANCE>
           </INSTANCES>
          </INFO>
         </ITEM>
        </FILE>
        <FILE link="Lib/InfoSyS/Design/www/SAMS-LL-GtSWSD.zip">
         <LOCATION>
          <URL>Lib/InfoSyS/Design/www/SAMS-LL-GtSWSD.zip</URL>
          <SIZE>13.6</SIZE>
          <CHECKSUM>0</CHECKSUM>
          <TYPE>zip</TYPE>
         </LOCATION>
         <ITEM>
          <INFO>
           <CATEGORIES>
            <CATEGORY>Lib/InfoSyS/Design/www</CATEGORY>
           </CATEGORIES>
           <DESCRIPTION>SAMS - Laura Lemay - Guide to Sizzling Web Site Design</DESCRIPTION>
           <PUBLISHERS>
            <PUBLISHER>SAMS</PUBLISHER>
           </PUBLISHERS>
           <AUTHORS>
            <AUTHOR>
             <FULLNAME>Laura Lemay</FULLNAME>
             <LASTNAME>Lemay</LASTNAME>
             <FIRSTNAME>Laura</FIRSTNAME>
            </AUTHOR>
           </AUTHORS>
           <TITLE>Guide to Sizzling Web Site Design</TITLE>
           <INSTANCES>
            <INSTANCE>
             <FORMAT>pdf</FORMAT>
             <SIZE>0</SIZE>
             <CHECKSUM>0</CHECKSUM>
            </INSTANCE>
           </INSTANCES>
          </INFO>
         </ITEM>
        </FILE>
        <FILE link="Lib/InfoSyS/Design/www/SP--100DDiWB.zip">
         <LOCATION>
          <URL>Lib/InfoSyS/Design/www/SP--100DDiWB.zip</URL>
          <SIZE>0.1</SIZE>
          <CHECKSUM>0</CHECKSUM>
          <TYPE>zip</TYPE>
         </LOCATION>
         <ITEM>
          <INFO>
           <CATEGORIES>
            <CATEGORY>Lib/InfoSyS/Design/www</CATEGORY>
           </CATEGORIES>
           <DESCRIPTION>SpiderPro - 100 Do's and Dont's in Web Design</DESCRIPTION>
           <AUTHORS>
            <AUTHOR>
             <FULLNAME>SpiderPro</FULLNAME>
             <LASTNAME>SpiderPro</LASTNAME>
             <FIRSTNAME></FIRSTNAME>
            </AUTHOR>
           </AUTHORS>
           <TITLE>100 Do's and Dont's in Web Design</TITLE>
           <INSTANCES>
            <INSTANCE>
             <FORMAT>pdf</FORMAT>
             <SIZE>0</SIZE>
             <CHECKSUM>0</CHECKSUM>
            </INSTANCE>
           </INSTANCES>
          </INFO>
         </ITEM>
        </FILE>
        <FILE link="Lib/InfoSyS/Design/www/Syngress-BC-POWADG.zip">
         <LOCATION>
          <URL>Lib/InfoSyS/Design/www/Syngress-BC-POWADG.zip</URL>
          <SIZE>4</SIZE>
          <CHECKSUM>0</CHECKSUM>
          <TYPE>zip</TYPE>
         </LOCATION>
         <ITEM>
          <INFO>
           <CATEGORIES>
            <CATEGORY>Lib/InfoSyS/Design/www</CATEGORY>
           </CATEGORIES>
           <DESCRIPTION>Syngress - Ben Combee - Palm OS Web Application Developers Guide</DESCRIPTION>
           <PUBLISHERS>
            <PUBLISHER>Syngress</PUBLISHER>
           </PUBLISHERS>
           <AUTHORS>
            <AUTHOR>
             <FULLNAME>Ben Combee</FULLNAME>
             <LASTNAME>Combee</LASTNAME>
             <FIRSTNAME>Ben</FIRSTNAME>
            </AUTHOR>
           </AUTHORS>
           <TITLE>Palm OS Web Application Developers Guide</TITLE>
           <INSTANCES>
            <INSTANCE>
             <FORMAT>pdf</FORMAT>
             <SIZE>0</SIZE>
             <CHECKSUM>0</CHECKSUM>
            </INSTANCE>
           </INSTANCES>
          </INFO>
         </ITEM>
        </FILE>
        <FILE link="Lib/InfoSyS/Design/www/Syngress-RF-WGtWI.zip">
         <LOCATION>
          <URL>Lib/InfoSyS/Design/www/Syngress-RF-WGtWI.zip</URL>
          <SIZE>4.6</SIZE>
          <CHECKSUM>0</CHECKSUM>
          <TYPE>zip</TYPE>
         </LOCATION>
         <ITEM>
          <INFO>
           <CATEGORIES>
            <CATEGORY>Lib/InfoSyS/Design/www</CATEGORY>
           </CATEGORIES>
           <DESCRIPTION>Syngress - Ryan Fife - Webmasters Guide to the Wireless Internet</DESCRIPTION>
           <PUBLISHERS>
            <PUBLISHER>Syngress</PUBLISHER>
           </PUBLISHERS>
           <AUTHORS>
            <AUTHOR>
             <FULLNAME>Ryan Fife</FULLNAME>
             <LASTNAME>Fife</LASTNAME>
             <FIRSTNAME>Ryan</FIRSTNAME>
            </AUTHOR>
           </AUTHORS>
           <TITLE>Webmasters Guide to the Wireless Internet</TITLE>
           <INSTANCES>
            <INSTANCE>
             <FORMAT>pdf</FORMAT>
             <SIZE>0</SIZE>
             <CHECKSUM>0</CHECKSUM>
            </INSTANCE>
           </INSTANCES>
          </INFO>
         </ITEM>
        </FILE>
        <FILE link="Lib/InfoSyS/Design/www/U--CCW.zip">
         <LOCATION>
          <URL>Lib/InfoSyS/Design/www/U--CCW.zip</URL>
          <SIZE>0.5</SIZE>
          <CHECKSUM>0</CHECKSUM>
          <TYPE>zip</TYPE>
         </LOCATION>
         <ITEM>
          <INFO>
           <CATEGORIES>
            <CATEGORY>Lib/InfoSyS/Design/www</CATEGORY>
           </CATEGORIES>
           <DESCRIPTION>Creating Commercial Web Sites</DESCRIPTION>
           <TITLE>Creating Commercial Web Sites</TITLE>
           <INSTANCES>
            <INSTANCE>
             <FORMAT>pdf</FORMAT>
             <SIZE>0</SIZE>
             <CHECKSUM>0</CHECKSUM>
            </INSTANCE>
           </INSTANCES>
          </INFO>
         </ITEM>
        </FILE>
        <FILE link="Lib/InfoSyS/Design/www/U-MF-tIPH.zip">
         <LOCATION>
          <URL>Lib/InfoSyS/Design/www/U-MF-tIPH.zip</URL>
          <SIZE>0.3</SIZE>
          <CHECKSUM>0</CHECKSUM>
          <TYPE>zip</TYPE>
         </LOCATION>
         <ITEM>
          <INFO>
           <CATEGORIES>
            <CATEGORY>Lib/InfoSyS/Design/www</CATEGORY>
           </CATEGORIES>
           <DESCRIPTION>Mike Franks - The Internet Publishing Handbook (html)</DESCRIPTION>
           <AUTHORS>
            <AUTHOR>
             <FULLNAME>Mike Franks</FULLNAME>
             <LASTNAME>Franks</LASTNAME>
             <FIRSTNAME>Mike</FIRSTNAME>
            </AUTHOR>
           </AUTHORS>
           <TITLE>The Internet Publishing Handbook</TITLE>
           <INSTANCES>
            <INSTANCE>
             <FORMAT>html</FORMAT>
             <SIZE>0</SIZE>
             <CHECKSUM>0</CHECKSUM>
            </INSTANCE>
           </INSTANCES>
          </INFO>
         </ITEM>
        </FILE>
       </FILELIST>
      </DIR>
     </FILELIST>
    </DIR>
    <DIR link="Lib/InfoSyS/Devices">
     <LOCATION>
      <URL>Lib/InfoSyS/Devices</URL>
      <SIZE>79.9</SIZE>
     </LOCATION>
     <FILELIST category="Lib/InfoSyS/Devices">
      <INFO>
       <DESCRIPTION>Hardware Devices</DESCRIPTION>
       <TITLE>Hardware Devices</TITLE>
       <DEFAULTFORMAT>pdf</DEFAULTFORMAT>
      </INFO>
      <FILE link="Lib/InfoSyS/Devices/Syngress-DK-BADG.zip">
       <LOCATION>
        <URL>Lib/InfoSyS/Devices/Syngress-DK-BADG.zip</URL>
        <SIZE>4.2</SIZE>
        <CHECKSUM>0</CHECKSUM>
        <TYPE>zip</TYPE>
       </LOCATION>
       <ITEM>
        <INFO>
         <CATEGORIES>
          <CATEGORY>Lib/InfoSyS/Devices</CATEGORY>
         </CATEGORIES>
         <DESCRIPTION>Syngress - David Kammer - Bloetooth Application Developer's Guide</DESCRIPTION>
         <PUBLISHERS>
          <PUBLISHER>Syngress</PUBLISHER>
         </PUBLISHERS>
         <AUTHORS>
          <AUTHOR>
           <FULLNAME>David Kammer</FULLNAME>
           <LASTNAME>Kammer</LASTNAME>
           <FIRSTNAME>David</FIRSTNAME>
          </AUTHOR>
         </AUTHORS>
         <TITLE>Bloetooth Application Developer's Guide</TITLE>
         <INSTANCES>
          <INSTANCE>
           <FORMAT>pdf</FORMAT>
           <SIZE>0</SIZE>
           <CHECKSUM>0</CHECKSUM>
          </INSTANCE>
         </INSTANCES>
        </INFO>
       </ITEM>
      </FILE>
      <FILE link="Lib/InfoSyS/Devices/U--CGtCPWS.exe">
       <LOCATION>
        <URL>Lib/InfoSyS/Devices/U--CGtCPWS.exe</URL>
        <SIZE>6.9</SIZE>
        <CHECKSUM>0</CHECKSUM>
        <TYPE>plain</TYPE>
       </LOCATION>
       <ITEM>
        <INFO>
         <CATEGORIES>
          <CATEGORY>Lib/InfoSyS/Devices</CATEGORY>
         </CATEGORIES>
         <DESCRIPTION>Consumers Guide to Cell Phones Wireless Service (exe)</DESCRIPTION>
         <TITLE>Consumers Guide to Cell Phones Wireless Service</TITLE>
         <INSTANCES>
          <INSTANCE>
           <FORMAT>exe</FORMAT>
           <SIZE>0</SIZE>
           <CHECKSUM>0</CHECKSUM>
          </INSTANCE>
         </INSTANCES>
        </INFO>
       </ITEM>
      </FILE>
      <FILE link="Lib/InfoSyS/Devices/U--YCMRG.zip">
       <LOCATION>
        <URL>Lib/InfoSyS/Devices/U--YCMRG.zip</URL>
        <SIZE>0.2</SIZE>
        <CHECKSUM>0</CHECKSUM>
        <TYPE>zip</TYPE>
       </LOCATION>
       <ITEM>
        <INFO>
         <CATEGORIES>
          <CATEGORY>Lib/InfoSyS/Devices</CATEGORY>
         </CATEGORIES>
         <DESCRIPTION>Your Cable Modem Reference Guide</DESCRIPTION>
         <TITLE>Your Cable Modem Reference Guide</TITLE>
         <INSTANCES>
          <INSTANCE>
           <FORMAT>pdf</FORMAT>
           <SIZE>0</SIZE>
           <CHECKSUM>0</CHECKSUM>
          </INSTANCE>
         </INSTANCES>
        </INFO>
       </ITEM>
      </FILE>
      <FILE link="Lib/InfoSyS/Devices/U-DC-CNaI3.zip">
       <LOCATION>
        <URL>Lib/InfoSyS/Devices/U-DC-CNaI3.zip</URL>
        <SIZE>23</SIZE>
        <CHECKSUM>0</CHECKSUM>
        <TYPE>zip</TYPE>
       </LOCATION>
       <ITEM>
        <INFO>
         <CATEGORIES>
          <CATEGORY>Lib/InfoSyS/Devices</CATEGORY>
         </CATEGORIES>
         <DESCRIPTION>Douglas Comer - Computer Networks and Internets, 3rd Edition</DESCRIPTION>
         <AUTHORS>
          <AUTHOR>
           <FULLNAME>Douglas Comer</FULLNAME>
           <LASTNAME>Comer</LASTNAME>
           <FIRSTNAME>Douglas</FIRSTNAME>
          </AUTHOR>
         </AUTHORS>
         <TITLE>Computer Networks and Internets</TITLE>
         <EDITION>3</EDITION>
         <INSTANCES>
          <INSTANCE>
           <FORMAT>pdf</FORMAT>
           <SIZE>0</SIZE>
           <CHECKSUM>0</CHECKSUM>
          </INSTANCE>
         </INSTANCES>
        </INFO>
       </ITEM>
      </FILE>
      <DIR link="Lib/InfoSyS/Devices/1999">
       <LOCATION>
        <URL>Lib/InfoSyS/Devices/1999</URL>
        <SIZE>45.6</SIZE>
       </LOCATION>
       <FILELIST category="Lib/InfoSyS/Devices/1999">
        <INFO>
         <DESCRIPTION>All collected till 1999</DESCRIPTION>
         <TITLE>All collected till 1999</TITLE>
         <DEFAULTFORMAT>pdf</DEFAULTFORMAT>
        </INFO>
        <DIR link="Lib/InfoSyS/Devices/1999/All">
         <LOCATION>
          <URL>Lib/InfoSyS/Devices/1999/All</URL>
          <SIZE>0.3</SIZE>
         </LOCATION>
         <FILELIST category="Lib/InfoSyS/Devices/1999/All">
          <INFO>
           <DESCRIPTION>Mixed Documentation</DESCRIPTION>
           <TITLE>Mixed Documentation</TITLE>
           <DEFAULTFORMAT>pdf</DEFAULTFORMAT>
          </INFO>
          <FILE link="Lib/InfoSyS/Devices/1999/All/devices.zip">
           <LOCATION>
            <URL>Lib/InfoSyS/Devices/1999/All/devices.zip</URL>
            <SIZE>0</SIZE>
            <CHECKSUM>0</CHECKSUM>
            <TYPE>zip</TYPE>
           </LOCATION>
           <ITEM>
            <INFO>
             <CATEGORIES>
              <CATEGORY>Lib/InfoSyS/Devices/1999/All</CATEGORY>
             </CATEGORIES>
             <DESCRIPTION>Writing Linux Device Drivers</DESCRIPTION>
             <TITLE>Writing Linux Device Drivers</TITLE>
             <INSTANCES>
              <INSTANCE>
               <FORMAT>pdf</FORMAT>
               <SIZE>0</SIZE>
               <CHECKSUM>0</CHECKSUM>
              </INSTANCE>
             </INSTANCES>
            </INFO>
           </ITEM>
          </FILE>
          <FILE link="Lib/InfoSyS/Devices/1999/All/lkmpg.zip">
           <LOCATION>
            <URL>Lib/InfoSyS/Devices/1999/All/lkmpg.zip</URL>
            <SIZE>0.1</SIZE>
            <CHECKSUM>0</CHECKSUM>
            <TYPE>zip</TYPE>
           </LOCATION>
           <ITEM>
            <INFO>
             <CATEGORIES>
              <CATEGORY>Lib/InfoSyS/Devices/1999/All</CATEGORY>
             </CATEGORIES>
             <DESCRIPTION>Linux Kernel Module Programming Guide</DESCRIPTION>
             <TITLE>Linux Kernel Module Programming Guide</TITLE>
             <INSTANCES>
              <INSTANCE>
               <FORMAT>pdf</FORMAT>
               <SIZE>0</SIZE>
               <CHECKSUM>0</CHECKSUM>
              </INSTANCE>
             </INSTANCES>
            </INFO>
           </ITEM>
          </FILE>
          <FILE link="Lib/InfoSyS/Devices/1999/All/msdos.zip">
           <LOCATION>
            <URL>Lib/InfoSyS/Devices/1999/All/msdos.zip</URL>
            <SIZE>0.2</SIZE>
            <CHECKSUM>0</CHECKSUM>
            <TYPE>zip</TYPE>
           </LOCATION>
           <ITEM>
            <INFO>
             <CATEGORIES>
              <CATEGORY>Lib/InfoSyS/Devices/1999/All</CATEGORY>
             </CATEGORIES>
             <DESCRIPTION>Programmer's  Technical	Reference  for	MSDOS  and  the  IBM  PC (txt)</DESCRIPTION>
             <TITLE>Programmer's  Technical	Reference  for	MSDOS  and  the  IBM  PC</TITLE>
             <INSTANCES>
              <INSTANCE>
               <FORMAT>txt</FORMAT>
               <SIZE>0</SIZE>
               <CHECKSUM>0</CHECKSUM>
              </INSTANCE>
             </INSTANCES>
            </INFO>
           </ITEM>
          </FILE>
         </FILELIST>
        </DIR>
        <DIR link="Lib/InfoSyS/Devices/1999/Audio">
         <LOCATION>
          <URL>Lib/InfoSyS/Devices/1999/Audio</URL>
          <SIZE>0.4</SIZE>
         </LOCATION>
         <FILELIST category="Lib/InfoSyS/Devices/1999/Audio">
          <INFO>
           <DESCRIPTION>Audio Devices</DESCRIPTION>
           <TITLE>Audio Devices</TITLE>
           <DEFAULTFORMAT>pdf</DEFAULTFORMAT>
          </INFO>
          <FILE link="Lib/InfoSyS/Devices/1999/Audio/faq.zip">
           <LOCATION>
            <URL>Lib/InfoSyS/Devices/1999/Audio/faq.zip</URL>
            <SIZE>0.1</SIZE>
            <CHECKSUM>0</CHECKSUM>
            <TYPE>zip</TYPE>
           </LOCATION>
           <ITEM>
            <INFO>
             <CATEGORIES>
              <CATEGORY>Lib/InfoSyS/Devices/1999/Audio</CATEGORY>
             </CATEGORIES>
             <DESCRIPTION>Audio FAQs (txt)</DESCRIPTION>
             <TITLE>Audio FAQs</TITLE>
             <INSTANCES>
              <INSTANCE>
               <FORMAT>txt</FORMAT>
               <SIZE>0</SIZE>
               <CHECKSUM>0</CHECKSUM>
              </INSTANCE>
             </INSTANCES>
            </INFO>
           </ITEM>
          </FILE>
          <FILE link="Lib/InfoSyS/Devices/1999/Audio/Linux.zip">
           <LOCATION>
            <URL>Lib/InfoSyS/Devices/1999/Audio/Linux.zip</URL>
            <SIZE>0</SIZE>
            <CHECKSUM>0</CHECKSUM>
            <TYPE>zip</TYPE>
           </LOCATION>
           <ITEM>
            <INFO>
             <CATEGORIES>
              <CATEGORY>Lib/InfoSyS/Devices/1999/Audio</CATEGORY>
             </CATEGORIES>
             <DESCRIPTION>Linux Audio Programming (html)</DESCRIPTION>
             <TITLE>Linux Audio Programming</TITLE>
             <INSTANCES>
              <INSTANCE>
               <FORMAT>html</FORMAT>
               <SIZE>0</SIZE>
               <CHECKSUM>0</CHECKSUM>
              </INSTANCE>
             </INSTANCES>
            </INFO>
           </ITEM>
          </FILE>
          <FILE link="Lib/InfoSyS/Devices/1999/Audio/sbprog.zip">
           <LOCATION>
            <URL>Lib/InfoSyS/Devices/1999/Audio/sbprog.zip</URL>
            <SIZE>0</SIZE>
            <CHECKSUM>0</CHECKSUM>
            <TYPE>zip</TYPE>
           </LOCATION>
           <ITEM>
            <INFO>
             <CATEGORIES>
              <CATEGORY>Lib/InfoSyS/Devices/1999/Audio</CATEGORY>
             </CATEGORIES>
             <DESCRIPTION>Programming the AdLib/Sound Blaster (rus,txt)</DESCRIPTION>
             <TITLE>Programming the AdLib/Sound Blaster (rus,txt)</TITLE>
             <INSTANCES>
              <INSTANCE>
               <FORMAT>pdf</FORMAT>
               <SIZE>0</SIZE>
               <CHECKSUM>0</CHECKSUM>
              </INSTANCE>
             </INSTANCES>
            </INFO>
           </ITEM>
          </FILE>
          <FILE link="Lib/InfoSyS/Devices/1999/Audio/YMF754.zip">
           <LOCATION>
            <URL>Lib/InfoSyS/Devices/1999/Audio/YMF754.zip</URL>
            <SIZE>0.3</SIZE>
            <CHECKSUM>0</CHECKSUM>
            <TYPE>zip</TYPE>
           </LOCATION>
           <ITEM>
            <INFO>
             <CATEGORIES>
              <CATEGORY>Lib/InfoSyS/Devices/1999/Audio</CATEGORY>
             </CATEGORIES>
             <DESCRIPTION>Yamaha 754 DataSheet</DESCRIPTION>
             <TITLE>Yamaha 754 DataSheet</TITLE>
             <INSTANCES>
              <INSTANCE>
               <FORMAT>pdf</FORMAT>
               <SIZE>0</SIZE>
               <CHECKSUM>0</CHECKSUM>
              </INSTANCE>
             </INSTANCES>
            </INFO>
           </ITEM>
          </FILE>
         </FILELIST>
        </DIR>
        <DIR link="Lib/InfoSyS/Devices/1999/fdc">
         <LOCATION>
          <URL>Lib/InfoSyS/Devices/1999/fdc</URL>
          <SIZE>0.3</SIZE>
         </LOCATION>
         <FILELIST category="Lib/InfoSyS/Devices/1999/fdc">
          <INFO>
           <DESCRIPTION>Floppy / HDD / CD / DVD</DESCRIPTION>
           <TITLE>Floppy / HDD / CD / DVD</TITLE>
           <DEFAULTFORMAT>pdf</DEFAULTFORMAT>
          </INFO>
          <FILE link="Lib/InfoSyS/Devices/1999/fdc/cd1999.zip">
           <LOCATION>
            <URL>Lib/InfoSyS/Devices/1999/fdc/cd1999.zip</URL>
            <SIZE>0.2</SIZE>
            <CHECKSUM>0</CHECKSUM>
            <TYPE>zip</TYPE>
           </LOCATION>
           <ITEM>
            <INFO>
             <CATEGORIES>
              <CATEGORY>Lib/InfoSyS/Devices/1999/fdc</CATEGORY>
             </CATEGORIES>
             <DESCRIPTION>CD Docs till 1999</DESCRIPTION>
             <TITLE>CD Docs till 1999</TITLE>
             <INSTANCES>
              <INSTANCE>
               <FORMAT>pdf</FORMAT>
               <SIZE>0</SIZE>
               <CHECKSUM>0</CHECKSUM>
              </INSTANCE>
             </INSTANCES>
            </INFO>
           </ITEM>
          </FILE>
          <FILE link="Lib/InfoSyS/Devices/1999/fdc/fp.zip">
           <LOCATION>
            <URL>Lib/InfoSyS/Devices/1999/fdc/fp.zip</URL>
            <SIZE>0</SIZE>
            <CHECKSUM>0</CHECKSUM>
            <TYPE>zip</TYPE>
           </LOCATION>
           <ITEM>
            <INFO>
             <CATEGORIES>
              <CATEGORY>Lib/InfoSyS/Devices/1999/fdc</CATEGORY>
             </CATEGORIES>
             <DESCRIPTION>Защита дискет от копирования</DESCRIPTION>
             <TITLE>Защита дискет от копирования</TITLE>
             <INSTANCES>
              <INSTANCE>
               <FORMAT>pdf</FORMAT>
               <SIZE>0</SIZE>
               <CHECKSUM>0</CHECKSUM>
              </INSTANCE>
             </INSTANCES>
            </INFO>
           </ITEM>
          </FILE>
          <FILE link="Lib/InfoSyS/Devices/1999/fdc/hdd1999.zip">
           <LOCATION>
            <URL>Lib/InfoSyS/Devices/1999/fdc/hdd1999.zip</URL>
            <SIZE>0.1</SIZE>
            <CHECKSUM>0</CHECKSUM>
            <TYPE>zip</TYPE>
           </LOCATION>
           <ITEM>
            <INFO>
             <CATEGORIES>
              <CATEGORY>Lib/InfoSyS/Devices/1999/fdc</CATEGORY>
             </CATEGORIES>
             <DESCRIPTION>HDD docs till 1999</DESCRIPTION>
             <TITLE>HDD docs till 1999</TITLE>
             <INSTANCES>
              <INSTANCE>
               <FORMAT>pdf</FORMAT>
               <SIZE>0</SIZE>
               <CHECKSUM>0</CHECKSUM>
              </INSTANCE>
             </INSTANCES>
            </INFO>
           </ITEM>
          </FILE>
         </FILELIST>
        </DIR>
        <DIR link="Lib/InfoSyS/Devices/1999/Modem">
         <LOCATION>
          <URL>Lib/InfoSyS/Devices/1999/Modem</URL>
          <SIZE>0</SIZE>
         </LOCATION>
         <FILELIST category="Lib/InfoSyS/Devices/1999/Modem">
          <INFO>
           <DESCRIPTION>Modem and related</DESCRIPTION>
           <TITLE>Modem and related</TITLE>
           <DEFAULTFORMAT>pdf</DEFAULTFORMAT>
          </INFO>
          <FILE link="Lib/InfoSyS/Devices/1999/Modem/aon1999.zip">
           <LOCATION>
            <URL>Lib/InfoSyS/Devices/1999/Modem/aon1999.zip</URL>
            <SIZE>0</SIZE>
            <CHECKSUM>0</CHECKSUM>
            <TYPE>zip</TYPE>
           </LOCATION>
           <ITEM>
            <INFO>
             <CATEGORIES>
              <CATEGORY>Lib/InfoSyS/Devices/1999/Modem</CATEGORY>
             </CATEGORIES>
             <DESCRIPTION>AON docs till 1999</DESCRIPTION>
             <TITLE>AON docs till 1999</TITLE>
             <INSTANCES>
              <INSTANCE>
               <FORMAT>pdf</FORMAT>
               <SIZE>0</SIZE>
               <CHECKSUM>0</CHECKSUM>
              </INSTANCE>
             </INSTANCES>
            </INFO>
           </ITEM>
          </FILE>
         </FILELIST>
        </DIR>
        <DIR link="Lib/InfoSyS/Devices/1999/Other">
         <LOCATION>
          <URL>Lib/InfoSyS/Devices/1999/Other</URL>
          <SIZE>0</SIZE>
         </LOCATION>
         <FILELIST category="Lib/InfoSyS/Devices/1999/Other">
          <INFO>
           <DESCRIPTION>All Other</DESCRIPTION>
           <TITLE>All Other</TITLE>
           <DEFAULTFORMAT>pdf</DEFAULTFORMAT>
          </INFO>
          <FILE link="Lib/InfoSyS/Devices/1999/Other/cables.zip">
           <LOCATION>
            <URL>Lib/InfoSyS/Devices/1999/Other/cables.zip</URL>
            <SIZE>0</SIZE>
            <CHECKSUM>0</CHECKSUM>
            <TYPE>zip</TYPE>
           </LOCATION>
           <ITEM>
            <INFO>
             <CATEGORIES>
              <CATEGORY>Lib/InfoSyS/Devices/1999/Other</CATEGORY>
             </CATEGORIES>
             <DESCRIPTION>Guide to Computer Cables</DESCRIPTION>
             <TITLE>Guide to Computer Cables</TITLE>
             <INSTANCES>
              <INSTANCE>
               <FORMAT>pdf</FORMAT>
               <SIZE>0</SIZE>
               <CHECKSUM>0</CHECKSUM>
              </INSTANCE>
             </INSTANCES>
            </INFO>
           </ITEM>
          </FILE>
         </FILELIST>
        </DIR>
        <DIR link="Lib/InfoSyS/Devices/1999/Ports">
         <LOCATION>
          <URL>Lib/InfoSyS/Devices/1999/Ports</URL>
          <SIZE>0</SIZE>
         </LOCATION>
         <FILELIST category="Lib/InfoSyS/Devices/1999/Ports">
          <INFO>
           <DESCRIPTION>COM / LPT / USB / FireWire / Bluetooth</DESCRIPTION>
           <TITLE>COM / LPT / USB / FireWire / Bluetooth</TITLE>
           <DEFAULTFORMAT>pdf</DEFAULTFORMAT>
          </INFO>
          <FILE link="Lib/InfoSyS/Devices/1999/Ports/mouse.zip">
           <LOCATION>
            <URL>Lib/InfoSyS/Devices/1999/Ports/mouse.zip</URL>
            <SIZE>0</SIZE>
            <CHECKSUM>0</CHECKSUM>
            <TYPE>zip</TYPE>
           </LOCATION>
           <ITEM>
            <INFO>
             <CATEGORIES>
              <CATEGORY>Lib/InfoSyS/Devices/1999/Ports</CATEGORY>
             </CATEGORIES>
             <DESCRIPTION>Мышь и как с ней бороться</DESCRIPTION>
             <TITLE>Мышь и как с ней бороться</TITLE>
             <INSTANCES>
              <INSTANCE>
               <FORMAT>pdf</FORMAT>
               <SIZE>0</SIZE>
               <CHECKSUM>0</CHECKSUM>
              </INSTANCE>
             </INSTANCES>
            </INFO>
           </ITEM>
          </FILE>
          <FILE link="Lib/InfoSyS/Devices/1999/Ports/serial.zip">
           <LOCATION>
            <URL>Lib/InfoSyS/Devices/1999/Ports/serial.zip</URL>
            <SIZE>0</SIZE>
            <CHECKSUM>0</CHECKSUM>
            <TYPE>zip</TYPE>
           </LOCATION>
           <ITEM>
            <INFO>
             <CATEGORIES>
              <CATEGORY>Lib/InfoSyS/Devices/1999/Ports</CATEGORY>
             </CATEGORIES>
             <DESCRIPTION>Работа с последовательными портами на IBM PC</DESCRIPTION>
             <TITLE>Работа с последовательными портами на IBM PC</TITLE>
             <INSTANCES>
              <INSTANCE>
               <FORMAT>pdf</FORMAT>
               <SIZE>0</SIZE>
               <CHECKSUM>0</CHECKSUM>
              </INSTANCE>
             </INSTANCES>
            </INFO>
           </ITEM>
          </FILE>
          <FILE link="Lib/InfoSyS/Devices/1999/Ports/SerialPH.zip">
           <LOCATION>
            <URL>Lib/InfoSyS/Devices/1999/Ports/SerialPH.zip</URL>
            <SIZE>0</SIZE>
            <CHECKSUM>0</CHECKSUM>
            <TYPE>zip</TYPE>
           </LOCATION>
           <ITEM>
            <INFO>
             <CATEGORIES>
              <CATEGORY>Lib/InfoSyS/Devices/1999/Ports</CATEGORY>
             </CATEGORIES>
             <DESCRIPTION>Serial Programming HOWTO</DESCRIPTION>
             <TITLE>Serial Programming HOWTO</TITLE>
             <INSTANCES>
              <INSTANCE>
               <FORMAT>pdf</FORMAT>
               <SIZE>0</SIZE>
               <CHECKSUM>0</CHECKSUM>
              </INSTANCE>
             </INSTANCES>
            </INFO>
           </ITEM>
          </FILE>
         </FILELIST>
        </DIR>
        <DIR link="Lib/InfoSyS/Devices/1999/Printers">
         <LOCATION>
          <URL>Lib/InfoSyS/Devices/1999/Printers</URL>
          <SIZE>0</SIZE>
         </LOCATION>
         <FILELIST category="Lib/InfoSyS/Devices/1999/Printers">
          <INFO>
           <DESCRIPTION>Printer / Scanner</DESCRIPTION>
           <TITLE>Printer / Scanner</TITLE>
           <DEFAULTFORMAT>pdf</DEFAULTFORMAT>
          </INFO>
          <FILE link="Lib/InfoSyS/Devices/1999/Printers/pcl.zip">
           <LOCATION>
            <URL>Lib/InfoSyS/Devices/1999/Printers/pcl.zip</URL>
            <SIZE>0</SIZE>
            <CHECKSUM>0</CHECKSUM>
            <TYPE>zip</TYPE>
           </LOCATION>
           <ITEM>
            <INFO>
             <CATEGORIES>
              <CATEGORY>Lib/InfoSyS/Devices/1999/Printers</CATEGORY>
             </CATEGORIES>
             <DESCRIPTION>HP Laserjet 4P Printer Control Codes and Escape Sequences - PCL5</DESCRIPTION>
             <AUTHORS>
              <AUTHOR>
               <FULLNAME>HP Laserjet 4P Printer Control Codes and Escape Sequences</FULLNAME>
               <LASTNAME></LASTNAME>
               <FIRSTNAME></FIRSTNAME>
              </AUTHOR>
             </AUTHORS>
             <TITLE>PCL5</TITLE>
             <INSTANCES>
              <INSTANCE>
               <FORMAT>pdf</FORMAT>
               <SIZE>0</SIZE>
               <CHECKSUM>0</CHECKSUM>
              </INSTANCE>
             </INSTANCES>
            </INFO>
           </ITEM>
          </FILE>
         </FILELIST>
        </DIR>
        <DIR link="Lib/InfoSyS/Devices/1999/System">
         <LOCATION>
          <URL>Lib/InfoSyS/Devices/1999/System</URL>
          <SIZE>43.8</SIZE>
         </LOCATION>
         <FILELIST category="Lib/InfoSyS/Devices/1999/System">
          <INFO>
           <DESCRIPTION>CPU / Chipset / MB</DESCRIPTION>
           <TITLE>CPU / Chipset / MB</TITLE>
           <DEFAULTFORMAT>pdf</DEFAULTFORMAT>
          </INFO>
          <FILE link="Lib/InfoSyS/Devices/1999/System/dma.zip">
           <LOCATION>
            <URL>Lib/InfoSyS/Devices/1999/System/dma.zip</URL>
            <SIZE>0</SIZE>
            <CHECKSUM>0</CHECKSUM>
            <TYPE>zip</TYPE>
           </LOCATION>
           <ITEM>
            <INFO>
             <CATEGORIES>
              <CATEGORY>Lib/InfoSyS/Devices/1999/System</CATEGORY>
             </CATEGORIES>
             <DESCRIPTION>What is DMA!</DESCRIPTION>
             <TITLE>What is DMA!</TITLE>
             <INSTANCES>
              <INSTANCE>
               <FORMAT>pdf</FORMAT>
               <SIZE>0</SIZE>
               <CHECKSUM>0</CHECKSUM>
              </INSTANCE>
             </INSTANCES>
            </INFO>
           </ITEM>
          </FILE>
          <FILE link="Lib/InfoSyS/Devices/1999/System/ioports.zip">
           <LOCATION>
            <URL>Lib/InfoSyS/Devices/1999/System/ioports.zip</URL>
            <SIZE>0.1</SIZE>
            <CHECKSUM>0</CHECKSUM>
            <TYPE>zip</TYPE>
           </LOCATION>
           <ITEM>
            <INFO>
             <CATEGORIES>
              <CATEGORY>Lib/InfoSyS/Devices/1999/System</CATEGORY>
             </CATEGORIES>
             <DESCRIPTION>Архитектура ввода/вывода персональных компьютеров</DESCRIPTION>
             <TITLE>Архитектура ввода/вывода персональных компьютеров</TITLE>
             <INSTANCES>
              <INSTANCE>
               <FORMAT>pdf</FORMAT>
               <SIZE>0</SIZE>
               <CHECKSUM>0</CHECKSUM>
              </INSTANCE>
             </INSTANCES>
            </INFO>
           </ITEM>
          </FILE>
          <DIR link="Lib/InfoSyS/Devices/1999/System/cpu">
           <LOCATION>
            <URL>Lib/InfoSyS/Devices/1999/System/cpu</URL>
            <SIZE>43.7</SIZE>
           </LOCATION>
           <FILELIST category="Lib/InfoSyS/Devices/1999/System/cpu">
            <INFO>
             <DESCRIPTION>CPU</DESCRIPTION>
             <TITLE>CPU</TITLE>
             <DEFAULTFORMAT>pdf</DEFAULTFORMAT>
            </INFO>
            <FILE link="Lib/InfoSyS/Devices/1999/System/cpu/cpu-x86.zip">
             <LOCATION>
              <URL>Lib/InfoSyS/Devices/1999/System/cpu/cpu-x86.zip</URL>
              <SIZE>2.6</SIZE>
              <CHECKSUM>0</CHECKSUM>
              <TYPE>zip</TYPE>
             </LOCATION>
             <ITEM>
              <INFO>
               <CATEGORIES>
                <CATEGORY>Lib/InfoSyS/Devices/1999/System/cpu</CATEGORY>
               </CATEGORIES>
               <DESCRIPTION>CPU docs 8086 - Pentium (txt)</DESCRIPTION>
               <TITLE>Pentium</TITLE>
               <TEST>CPU docs 8086</TEST>
               <INSTANCES>
                <INSTANCE>
                 <FORMAT>txt</FORMAT>
                 <SIZE>0</SIZE>
                 <CHECKSUM>0</CHECKSUM>
                </INSTANCE>
               </INSTANCES>
              </INFO>
             </ITEM>
            </FILE>
            <FILE link="Lib/InfoSyS/Devices/1999/System/cpu/sse.zip">
             <LOCATION>
              <URL>Lib/InfoSyS/Devices/1999/System/cpu/sse.zip</URL>
              <SIZE>1.3</SIZE>
              <CHECKSUM>0</CHECKSUM>
              <TYPE>zip</TYPE>
             </LOCATION>
             <ITEM>
              <INFO>
               <CATEGORIES>
                <CATEGORY>Lib/InfoSyS/Devices/1999/System/cpu</CATEGORY>
               </CATEGORIES>
               <DESCRIPTION>Intel SSE Tutorial (html)</DESCRIPTION>
               <TITLE>Intel SSE Tutorial</TITLE>
               <INSTANCES>
                <INSTANCE>
                 <FORMAT>html</FORMAT>
                 <SIZE>0</SIZE>
                 <CHECKSUM>0</CHECKSUM>
                </INSTANCE>
               </INSTANCES>
              </INFO>
             </ITEM>
            </FILE>
            <DIR link="Lib/InfoSyS/Devices/1999/System/cpu/amd">
             <LOCATION>
              <URL>Lib/InfoSyS/Devices/1999/System/cpu/amd</URL>
              <SIZE>18.7</SIZE>
             </LOCATION>
             <FILELIST category="Lib/InfoSyS/Devices/1999/System/cpu/amd">
              <INFO>
               <DESCRIPTION>AMD DataSheets</DESCRIPTION>
               <TITLE>AMD DataSheets</TITLE>
               <DEFAULTFORMAT>pdf</DEFAULTFORMAT>
              </INFO>
              <FILE link="Lib/InfoSyS/Devices/1999/System/cpu/amd/amd1999.zip">
               <LOCATION>
                <URL>Lib/InfoSyS/Devices/1999/System/cpu/amd/amd1999.zip</URL>
                <SIZE>9.5</SIZE>
                <CHECKSUM>0</CHECKSUM>
                <TYPE>zip</TYPE>
               </LOCATION>
               <ITEM>
                <INFO>
                 <CATEGORIES>
                  <CATEGORY>Lib/InfoSyS/Devices/1999/System/cpu/amd</CATEGORY>
                 </CATEGORIES>
                 <DESCRIPTION>K6</DESCRIPTION>
                 <TITLE>K6</TITLE>
                 <INSTANCES>
                  <INSTANCE>
                   <FORMAT>pdf</FORMAT>
                   <SIZE>0</SIZE>
                   <CHECKSUM>0</CHECKSUM>
                  </INSTANCE>
                 </INSTANCES>
                </INFO>
               </ITEM>
              </FILE>
              <FILE link="Lib/InfoSyS/Devices/1999/System/cpu/amd/amd2000.zip">
               <LOCATION>
                <URL>Lib/InfoSyS/Devices/1999/System/cpu/amd/amd2000.zip</URL>
                <SIZE>9.2</SIZE>
                <CHECKSUM>0</CHECKSUM>
                <TYPE>zip</TYPE>
               </LOCATION>
               <ITEM>
                <INFO>
                 <CATEGORIES>
                  <CATEGORY>Lib/InfoSyS/Devices/1999/System/cpu/amd</CATEGORY>
                 </CATEGORIES>
                 <DESCRIPTION>K7</DESCRIPTION>
                 <TITLE>K7</TITLE>
                 <INSTANCES>
                  <INSTANCE>
                   <FORMAT>pdf</FORMAT>
                   <SIZE>0</SIZE>
                   <CHECKSUM>0</CHECKSUM>
                  </INSTANCE>
                 </INSTANCES>
                </INFO>
               </ITEM>
              </FILE>
             </FILELIST>
            </DIR>
            <DIR link="Lib/InfoSyS/Devices/1999/System/cpu/Intel">
             <LOCATION>
              <URL>Lib/InfoSyS/Devices/1999/System/cpu/Intel</URL>
              <SIZE>21</SIZE>
             </LOCATION>
             <FILELIST category="Lib/InfoSyS/Devices/1999/System/cpu/Intel">
              <INFO>
               <DESCRIPTION>Intel Data Sheets</DESCRIPTION>
               <TITLE>Intel Data Sheets</TITLE>
               <DEFAULTFORMAT>pdf</DEFAULTFORMAT>
              </INFO>
              <FILE link="Lib/InfoSyS/Devices/1999/System/cpu/Intel/1999.zip">
               <LOCATION>
                <URL>Lib/InfoSyS/Devices/1999/System/cpu/Intel/1999.zip</URL>
                <SIZE>21</SIZE>
                <CHECKSUM>0</CHECKSUM>
                <TYPE>zip</TYPE>
               </LOCATION>
               <ITEM>
                <INFO>
                 <CATEGORIES>
                  <CATEGORY>Lib/InfoSyS/Devices/1999/System/cpu/Intel</CATEGORY>
                 </CATEGORIES>
                 <DESCRIPTION>P1</DESCRIPTION>
                 <TITLE>P1</TITLE>
                 <INSTANCES>
                  <INSTANCE>
                   <FORMAT>pdf</FORMAT>
                   <SIZE>0</SIZE>
                   <CHECKSUM>0</CHECKSUM>
                  </INSTANCE>
                 </INSTANCES>
                </INFO>
               </ITEM>
              </FILE>
             </FILELIST>
            </DIR>
           </FILELIST>
          </DIR>
          <DIR link="Lib/InfoSyS/Devices/1999/System/Mem">
           <LOCATION>
            <URL>Lib/InfoSyS/Devices/1999/System/Mem</URL>
            <SIZE>0.1</SIZE>
           </LOCATION>
           <FILELIST category="Lib/InfoSyS/Devices/1999/System/Mem">
            <INFO>
             <DESCRIPTION>Memory</DESCRIPTION>
             <TITLE>Memory</TITLE>
             <DEFAULTFORMAT>pdf</DEFAULTFORMAT>
            </INFO>
            <FILE link="Lib/InfoSyS/Devices/1999/System/Mem/linux_mem.zip">
             <LOCATION>
              <URL>Lib/InfoSyS/Devices/1999/System/Mem/linux_mem.zip</URL>
              <SIZE>0.1</SIZE>
              <CHECKSUM>0</CHECKSUM>
              <TYPE>zip</TYPE>
             </LOCATION>
             <ITEM>
              <INFO>
               <CATEGORIES>
                <CATEGORY>Lib/InfoSyS/Devices/1999/System/Mem</CATEGORY>
               </CATEGORIES>
               <DESCRIPTION>Linux Memory Managment (html)</DESCRIPTION>
               <TITLE>Linux Memory Managment</TITLE>
               <INSTANCES>
                <INSTANCE>
                 <FORMAT>html</FORMAT>
                 <SIZE>0</SIZE>
                 <CHECKSUM>0</CHECKSUM>
                </INSTANCE>
               </INSTANCES>
              </INFO>
             </ITEM>
            </FILE>
            <FILE link="Lib/InfoSyS/Devices/1999/System/Mem/xms.zip">
             <LOCATION>
              <URL>Lib/InfoSyS/Devices/1999/System/Mem/xms.zip</URL>
              <SIZE>0</SIZE>
              <CHECKSUM>0</CHECKSUM>
              <TYPE>zip</TYPE>
             </LOCATION>
             <ITEM>
              <INFO>
               <CATEGORIES>
                <CATEGORY>Lib/InfoSyS/Devices/1999/System/Mem</CATEGORY>
               </CATEGORIES>
               <DESCRIPTION>XMS Memory</DESCRIPTION>
               <TITLE>XMS Memory</TITLE>
               <INSTANCES>
                <INSTANCE>
                 <FORMAT>pdf</FORMAT>
                 <SIZE>0</SIZE>
                 <CHECKSUM>0</CHECKSUM>
                </INSTANCE>
               </INSTANCES>
              </INFO>
             </ITEM>
            </FILE>
           </FILELIST>
          </DIR>
         </FILELIST>
        </DIR>
        <DIR link="Lib/InfoSyS/Devices/1999/Video">
         <LOCATION>
          <URL>Lib/InfoSyS/Devices/1999/Video</URL>
          <SIZE>0.6</SIZE>
         </LOCATION>
         <FILELIST category="Lib/InfoSyS/Devices/1999/Video">
          <INFO>
           <DESCRIPTION>Video Adapters / Monitors</DESCRIPTION>
           <TITLE>Video Adapters / Monitors</TITLE>
           <DEFAULTFORMAT>pdf</DEFAULTFORMAT>
          </INFO>
          <FILE link="Lib/InfoSyS/Devices/1999/Video/ega.zip">
           <LOCATION>
            <URL>Lib/InfoSyS/Devices/1999/Video/ega.zip</URL>
            <SIZE>0.1</SIZE>
            <CHECKSUM>0</CHECKSUM>
            <TYPE>zip</TYPE>
           </LOCATION>
           <ITEM>
            <INFO>
             <CATEGORIES>
              <CATEGORY>Lib/InfoSyS/Devices/1999/Video</CATEGORY>
             </CATEGORIES>
             <DESCRIPTION>EGA docs</DESCRIPTION>
             <TITLE>EGA docs</TITLE>
             <INSTANCES>
              <INSTANCE>
               <FORMAT>pdf</FORMAT>
               <SIZE>0</SIZE>
               <CHECKSUM>0</CHECKSUM>
              </INSTANCE>
             </INSTANCES>
            </INFO>
           </ITEM>
          </FILE>
          <FILE link="Lib/InfoSyS/Devices/1999/Video/svga.zip">
           <LOCATION>
            <URL>Lib/InfoSyS/Devices/1999/Video/svga.zip</URL>
            <SIZE>0.1</SIZE>
            <CHECKSUM>0</CHECKSUM>
            <TYPE>zip</TYPE>
           </LOCATION>
           <ITEM>
            <INFO>
             <CATEGORIES>
              <CATEGORY>Lib/InfoSyS/Devices/1999/Video</CATEGORY>
             </CATEGORIES>
             <DESCRIPTION>SVGA docs</DESCRIPTION>
             <TITLE>SVGA docs</TITLE>
             <INSTANCES>
              <INSTANCE>
               <FORMAT>pdf</FORMAT>
               <SIZE>0</SIZE>
               <CHECKSUM>0</CHECKSUM>
              </INSTANCE>
             </INSTANCES>
            </INFO>
           </ITEM>
          </FILE>
          <FILE link="Lib/InfoSyS/Devices/1999/Video/vga.zip">
           <LOCATION>
            <URL>Lib/InfoSyS/Devices/1999/Video/vga.zip</URL>
            <SIZE>0.5</SIZE>
            <CHECKSUM>0</CHECKSUM>
            <TYPE>zip</TYPE>
           </LOCATION>
           <ITEM>
            <INFO>
             <CATEGORIES>
              <CATEGORY>Lib/InfoSyS/Devices/1999/Video</CATEGORY>
             </CATEGORIES>
             <DESCRIPTION>VGA Docs</DESCRIPTION>
             <TITLE>VGA Docs</TITLE>
             <INSTANCES>
              <INSTANCE>
               <FORMAT>pdf</FORMAT>
               <SIZE>0</SIZE>
               <CHECKSUM>0</CHECKSUM>
              </INSTANCE>
             </INSTANCES>
            </INFO>
           </ITEM>
          </FILE>
         </FILELIST>
        </DIR>
       </FILELIST>
      </DIR>
     </FILELIST>
    </DIR>
    <DIR link="Lib/InfoSyS/Formats">
     <LOCATION>
      <URL>Lib/InfoSyS/Formats</URL>
      <SIZE>12.4</SIZE>
     </LOCATION>
     <FILELIST category="Lib/InfoSyS/Formats">
      <INFO>
       <DESCRIPTION>File Formats Documentation</DESCRIPTION>
       <TITLE>File Formats Documentation</TITLE>
       <DEFAULTFORMAT>pdf</DEFAULTFORMAT>
      </INFO>
      <FILE link="Lib/InfoSyS/Formats/1999.zip">
       <LOCATION>
        <URL>Lib/InfoSyS/Formats/1999.zip</URL>
        <SIZE>3.5</SIZE>
        <CHECKSUM>0</CHECKSUM>
        <TYPE>zip</TYPE>
       </LOCATION>
       <ITEM>
        <INFO>
         <CATEGORIES>
          <CATEGORY>Lib/InfoSyS/Formats</CATEGORY>
         </CATEGORIES>
         <DESCRIPTION>All collected till 1999</DESCRIPTION>
         <TITLE>All collected till 1999</TITLE>
         <INSTANCES>
          <INSTANCE>
           <FORMAT>pdf</FORMAT>
           <SIZE>0</SIZE>
           <CHECKSUM>0</CHECKSUM>
          </INSTANCE>
         </INSTANCES>
        </INFO>
       </ITEM>
      </FILE>
      <FILE link="Lib/InfoSyS/Formats/MiscFormats.zip">
       <LOCATION>
        <URL>Lib/InfoSyS/Formats/MiscFormats.zip</URL>
        <SIZE>8.9</SIZE>
        <CHECKSUM>0</CHECKSUM>
        <TYPE>zip</TYPE>
       </LOCATION>
       <ITEM>
        <INFO>
         <CATEGORIES>
          <CATEGORY>Lib/InfoSyS/Formats</CATEGORY>
         </CATEGORIES>
         <DESCRIPTION>Description of multiple formats</DESCRIPTION>
         <TITLE>Description of multiple formats</TITLE>
         <INSTANCES>
          <INSTANCE>
           <FORMAT>pdf</FORMAT>
           <SIZE>0</SIZE>
           <CHECKSUM>0</CHECKSUM>
          </INSTANCE>
         </INSTANCES>
        </INFO>
       </ITEM>
      </FILE>
     </FILELIST>
    </DIR>
    <DIR link="Lib/InfoSyS/Hacking">
     <LOCATION>
      <URL>Lib/InfoSyS/Hacking</URL>
      <SIZE>7.4</SIZE>
     </LOCATION>
     <FILELIST category="Lib/InfoSyS/Hacking">
      <INFO>
       <DESCRIPTION>Hacking / Cracking / Security</DESCRIPTION>
       <TITLE>Hacking / Cracking / Security</TITLE>
       <DEFAULTFORMAT>pdf</DEFAULTFORMAT>
      </INFO>
      <FILE link="Lib/InfoSyS/Hacking/cracking1999.zip">
       <LOCATION>
        <URL>Lib/InfoSyS/Hacking/cracking1999.zip</URL>
        <SIZE>0.2</SIZE>
        <CHECKSUM>0</CHECKSUM>
        <TYPE>zip</TYPE>
       </LOCATION>
       <ITEM>
        <INFO>
         <CATEGORIES>
          <CATEGORY>Lib/InfoSyS/Hacking</CATEGORY>
         </CATEGORIES>
         <DESCRIPTION>All Cracking docs till 1999</DESCRIPTION>
         <TITLE>All Cracking docs till 1999</TITLE>
         <INSTANCES>
          <INSTANCE>
           <FORMAT>pdf</FORMAT>
           <SIZE>0</SIZE>
           <CHECKSUM>0</CHECKSUM>
          </INSTANCE>
         </INSTANCES>
        </INFO>
       </ITEM>
      </FILE>
      <FILE link="Lib/InfoSyS/Hacking/FAQs1999.zip">
       <LOCATION>
        <URL>Lib/InfoSyS/Hacking/FAQs1999.zip</URL>
        <SIZE>0.2</SIZE>
        <CHECKSUM>0</CHECKSUM>
        <TYPE>zip</TYPE>
       </LOCATION>
       <ITEM>
        <INFO>
         <CATEGORIES>
          <CATEGORY>Lib/InfoSyS/Hacking</CATEGORY>
         </CATEGORIES>
         <DESCRIPTION>All hacking FAQs till 1999</DESCRIPTION>
         <TITLE>All hacking FAQs till 1999</TITLE>
         <INSTANCES>
          <INSTANCE>
           <FORMAT>pdf</FORMAT>
           <SIZE>0</SIZE>
           <CHECKSUM>0</CHECKSUM>
          </INSTANCE>
         </INSTANCES>
        </INFO>
       </ITEM>
      </FILE>
      <FILE link="Lib/InfoSyS/Hacking/lcme.zip">
       <LOCATION>
        <URL>Lib/InfoSyS/Hacking/lcme.zip</URL>
        <SIZE>0</SIZE>
        <CHECKSUM>0</CHECKSUM>
        <TYPE>zip</TYPE>
       </LOCATION>
       <ITEM>
        <INFO>
         <CATEGORIES>
          <CATEGORY>Lib/InfoSyS/Hacking</CATEGORY>
         </CATEGORIES>
         <DESCRIPTION>Обзор защит программного обеспечения под Linux</DESCRIPTION>
         <TITLE>Обзор защит программного обеспечения под Linux</TITLE>
         <INSTANCES>
          <INSTANCE>
           <FORMAT>pdf</FORMAT>
           <SIZE>0</SIZE>
           <CHECKSUM>0</CHECKSUM>
          </INSTANCE>
         </INSTANCES>
        </INFO>
       </ITEM>
      </FILE>
      <FILE link="Lib/InfoSyS/Hacking/MS-PZ-AtI.zip">
       <LOCATION>
        <URL>Lib/InfoSyS/Hacking/MS-PZ-AtI.zip</URL>
        <SIZE>0.4</SIZE>
        <CHECKSUM>0</CHECKSUM>
        <TYPE>zip</TYPE>
       </LOCATION>
       <ITEM>
        <INFO>
         <CATEGORIES>
          <CATEGORY>Lib/InfoSyS/Hacking</CATEGORY>
         </CATEGORIES>
         <DESCRIPTION>Мир и Семья - П. Зегжда - Атака через Интернет</DESCRIPTION>
         <PUBLISHERS>
          <PUBLISHER>Мир и Семья</PUBLISHER>
         </PUBLISHERS>
         <AUTHORS>
          <AUTHOR>
           <FULLNAME>П. Зегжда</FULLNAME>
           <LASTNAME>Зегжда</LASTNAME>
           <FIRSTNAME>П.</FIRSTNAME>
          </AUTHOR>
         </AUTHORS>
         <TITLE>Атака через Интернет</TITLE>
         <INSTANCES>
          <INSTANCE>
           <FORMAT>pdf</FORMAT>
           <SIZE>0</SIZE>
           <CHECKSUM>0</CHECKSUM>
          </INSTANCE>
         </INSTANCES>
        </INFO>
       </ITEM>
      </FILE>
      <FILE link="Lib/InfoSyS/Hacking/Solon-KK-PaTHA.zip">
       <LOCATION>
        <URL>Lib/InfoSyS/Hacking/Solon-KK-PaTHA.zip</URL>
        <SIZE>0.2</SIZE>
        <CHECKSUM>0</CHECKSUM>
        <TYPE>zip</TYPE>
       </LOCATION>
       <ITEM>
        <INFO>
         <CATEGORIES>
          <CATEGORY>Lib/InfoSyS/Hacking</CATEGORY>
         </CATEGORIES>
         <DESCRIPTION>Cолон - Крис Касперски - Философия и Техника хакерских атак</DESCRIPTION>
         <PUBLISHERS>
          <PUBLISHER>Cолон</PUBLISHER>
         </PUBLISHERS>
         <AUTHORS>
          <AUTHOR>
           <FULLNAME>Крис Касперски</FULLNAME>
           <LASTNAME>Касперски</LASTNAME>
           <FIRSTNAME>Крис</FIRSTNAME>
          </AUTHOR>
         </AUTHORS>
         <TITLE>Философия и Техника хакерских атак</TITLE>
         <INSTANCES>
          <INSTANCE>
           <FORMAT>pdf</FORMAT>
           <SIZE>0</SIZE>
           <CHECKSUM>0</CHECKSUM>
          </INSTANCE>
         </INSTANCES>
        </INFO>
       </ITEM>
      </FILE>
      <FILE link="Lib/InfoSyS/Hacking/U--HfD2.zip">
       <LOCATION>
        <URL>Lib/InfoSyS/Hacking/U--HfD2.zip</URL>
        <SIZE>0</SIZE>
        <CHECKSUM>0</CHECKSUM>
        <TYPE>zip</TYPE>
       </LOCATION>
       <ITEM>
        <INFO>
         <CATEGORIES>
          <CATEGORY>Lib/InfoSyS/Hacking</CATEGORY>
         </CATEGORIES>
         <DESCRIPTION>Hacking for Dummies, Volume 2</DESCRIPTION>
         <TITLE>Hacking for Dummies, Volume 2</TITLE>
         <INSTANCES>
          <INSTANCE>
           <FORMAT>pdf</FORMAT>
           <SIZE>0</SIZE>
           <CHECKSUM>0</CHECKSUM>
          </INSTANCE>
         </INSTANCES>
        </INFO>
       </ITEM>
      </FILE>
      <FILE link="Lib/InfoSyS/Hacking/U--IPS.zip">
       <LOCATION>
        <URL>Lib/InfoSyS/Hacking/U--IPS.zip</URL>
        <SIZE>0</SIZE>
        <CHECKSUM>0</CHECKSUM>
        <TYPE>zip</TYPE>
       </LOCATION>
       <ITEM>
        <INFO>
         <CATEGORIES>
          <CATEGORY>Lib/InfoSyS/Hacking</CATEGORY>
         </CATEGORIES>
         <DESCRIPTION>A short overview of IP spoofing (txt)</DESCRIPTION>
         <TITLE>A short overview of IP spoofing</TITLE>
         <INSTANCES>
          <INSTANCE>
           <FORMAT>txt</FORMAT>
           <SIZE>0</SIZE>
           <CHECKSUM>0</CHECKSUM>
          </INSTANCE>
         </INSTANCES>
        </INFO>
       </ITEM>
      </FILE>
      <FILE link="Lib/InfoSyS/Hacking/U--VXD.zip">
       <LOCATION>
        <URL>Lib/InfoSyS/Hacking/U--VXD.zip</URL>
        <SIZE>0</SIZE>
        <CHECKSUM>0</CHECKSUM>
        <TYPE>zip</TYPE>
       </LOCATION>
       <ITEM>
        <INFO>
         <CATEGORIES>
          <CATEGORY>Lib/InfoSyS/Hacking</CATEGORY>
         </CATEGORIES>
         <DESCRIPTION>Руководство по написанию простейшего VxD-эмулятора</DESCRIPTION>
         <TITLE>Руководство по написанию простейшего VxD-эмулятора</TITLE>
         <INSTANCES>
          <INSTANCE>
           <FORMAT>pdf</FORMAT>
           <SIZE>0</SIZE>
           <CHECKSUM>0</CHECKSUM>
          </INSTANCE>
         </INSTANCES>
        </INFO>
       </ITEM>
      </FILE>
      <FILE link="Lib/InfoSyS/Hacking/U-BS-tHCD.zip">
       <LOCATION>
        <URL>Lib/InfoSyS/Hacking/U-BS-tHCD.zip</URL>
        <SIZE>0.6</SIZE>
        <CHECKSUM>0</CHECKSUM>
        <TYPE>zip</TYPE>
       </LOCATION>
       <ITEM>
        <INFO>
         <CATEGORIES>
          <CATEGORY>Lib/InfoSyS/Hacking</CATEGORY>
         </CATEGORIES>
         <DESCRIPTION>Bruce Strerling - The Hacker Crackdown</DESCRIPTION>
         <AUTHORS>
          <AUTHOR>
           <FULLNAME>Bruce Strerling</FULLNAME>
           <LASTNAME>Strerling</LASTNAME>
           <FIRSTNAME>Bruce</FIRSTNAME>
          </AUTHOR>
         </AUTHORS>
         <TITLE>The Hacker Crackdown</TITLE>
         <INSTANCES>
          <INSTANCE>
           <FORMAT>pdf</FORMAT>
           <SIZE>0</SIZE>
           <CHECKSUM>0</CHECKSUM>
          </INSTANCE>
         </INSTANCES>
        </INFO>
       </ITEM>
      </FILE>
      <FILE link="Lib/InfoSyS/Hacking/U-DF-AGtC.zip">
       <LOCATION>
        <URL>Lib/InfoSyS/Hacking/U-DF-AGtC.zip</URL>
        <SIZE>0</SIZE>
        <CHECKSUM>0</CHECKSUM>
        <TYPE>zip</TYPE>
       </LOCATION>
       <ITEM>
        <INFO>
         <CATEGORIES>
          <CATEGORY>Lib/InfoSyS/Hacking</CATEGORY>
         </CATEGORIES>
         <DESCRIPTION>Dan Farmer - Admins Guide To Cracking: Improving the Security of Your Site by Breaking Into it (txt)</DESCRIPTION>
         <AUTHORS>
          <AUTHOR>
           <FULLNAME>Dan Farmer</FULLNAME>
           <LASTNAME>Farmer</LASTNAME>
           <FIRSTNAME>Dan</FIRSTNAME>
          </AUTHOR>
         </AUTHORS>
         <TITLE>Admins Guide To Cracking: Improving the Security of Your Site by Breaking Into it</TITLE>
         <INSTANCES>
          <INSTANCE>
           <FORMAT>txt</FORMAT>
           <SIZE>0</SIZE>
           <CHECKSUM>0</CHECKSUM>
          </INSTANCE>
         </INSTANCES>
        </INFO>
       </ITEM>
      </FILE>
      <FILE link="Lib/InfoSyS/Hacking/U-F-HtCCDP.zip">
       <LOCATION>
        <URL>Lib/InfoSyS/Hacking/U-F-HtCCDP.zip</URL>
        <SIZE>0</SIZE>
        <CHECKSUM>0</CHECKSUM>
        <TYPE>zip</TYPE>
       </LOCATION>
       <ITEM>
        <INFO>
         <CATEGORIES>
          <CATEGORY>Lib/InfoSyS/Hacking</CATEGORY>
         </CATEGORIES>
         <DESCRIPTION>Fanatik - How to Crack CD Protections</DESCRIPTION>
         <AUTHORS>
          <AUTHOR>
           <FULLNAME>Fanatik</FULLNAME>
           <LASTNAME>Fanatik</LASTNAME>
           <FIRSTNAME></FIRSTNAME>
          </AUTHOR>
         </AUTHORS>
         <TITLE>How to Crack CD Protections</TITLE>
         <INSTANCES>
          <INSTANCE>
           <FORMAT>pdf</FORMAT>
           <SIZE>0</SIZE>
           <CHECKSUM>0</CHECKSUM>
          </INSTANCE>
         </INSTANCES>
        </INFO>
       </ITEM>
      </FILE>
      <FILE link="Lib/InfoSyS/Hacking/U-HC-tHH.zip">
       <LOCATION>
        <URL>Lib/InfoSyS/Hacking/U-HC-tHH.zip</URL>
        <SIZE>0.1</SIZE>
        <CHECKSUM>0</CHECKSUM>
        <TYPE>zip</TYPE>
       </LOCATION>
       <ITEM>
        <INFO>
         <CATEGORIES>
          <CATEGORY>Lib/InfoSyS/Hacking</CATEGORY>
         </CATEGORIES>
         <DESCRIPTION>Hugo Cornwall - The Hackers Handbook</DESCRIPTION>
         <AUTHORS>
          <AUTHOR>
           <FULLNAME>Hugo Cornwall</FULLNAME>
           <LASTNAME>Cornwall</LASTNAME>
           <FIRSTNAME>Hugo</FIRSTNAME>
          </AUTHOR>
         </AUTHORS>
         <TITLE>The Hackers Handbook</TITLE>
         <INSTANCES>
          <INSTANCE>
           <FORMAT>pdf</FORMAT>
           <SIZE>0</SIZE>
           <CHECKSUM>0</CHECKSUM>
          </INSTANCE>
         </INSTANCES>
        </INFO>
       </ITEM>
      </FILE>
      <FILE link="Lib/InfoSyS/Hacking/U-LL-SAAATCP.zip">
       <LOCATION>
        <URL>Lib/InfoSyS/Hacking/U-LL-SAAATCP.zip</URL>
        <SIZE>0</SIZE>
        <CHECKSUM>0</CHECKSUM>
        <TYPE>zip</TYPE>
       </LOCATION>
       <ITEM>
        <INFO>
         <CATEGORIES>
          <CATEGORY>Lib/InfoSyS/Hacking</CATEGORY>
         </CATEGORIES>
         <DESCRIPTION>Laurent Joncheray - Simple Active Attack Against TCP (txt)</DESCRIPTION>
         <AUTHORS>
          <AUTHOR>
           <FULLNAME>Laurent Joncheray</FULLNAME>
           <LASTNAME>Joncheray</LASTNAME>
           <FIRSTNAME>Laurent</FIRSTNAME>
          </AUTHOR>
         </AUTHORS>
         <TITLE>Simple Active Attack Against TCP</TITLE>
         <INSTANCES>
          <INSTANCE>
           <FORMAT>txt</FORMAT>
           <SIZE>0</SIZE>
           <CHECKSUM>0</CHECKSUM>
          </INSTANCE>
         </INSTANCES>
        </INFO>
       </ITEM>
      </FILE>
      <FILE link="Lib/InfoSyS/Hacking/U-SL-HHCR.zip">
       <LOCATION>
        <URL>Lib/InfoSyS/Hacking/U-SL-HHCR.zip</URL>
        <SIZE>2.8</SIZE>
        <CHECKSUM>0</CHECKSUM>
        <TYPE>zip</TYPE>
       </LOCATION>
       <ITEM>
        <INFO>
         <CATEGORIES>
          <CATEGORY>Lib/InfoSyS/Hacking</CATEGORY>
         </CATEGORIES>
         <DESCRIPTION>Стивен Леви - Хакеры Герои Коммпьютерной Ревлюции</DESCRIPTION>
         <AUTHORS>
          <AUTHOR>
           <FULLNAME>Стивен Леви</FULLNAME>
           <LASTNAME>Леви</LASTNAME>
           <FIRSTNAME>Стивен</FIRSTNAME>
          </AUTHOR>
         </AUTHORS>
         <TITLE>Хакеры Герои Коммпьютерной Ревлюции</TITLE>
         <INSTANCES>
          <INSTANCE>
           <FORMAT>pdf</FORMAT>
           <SIZE>0</SIZE>
           <CHECKSUM>0</CHECKSUM>
          </INSTANCE>
         </INSTANCES>
        </INFO>
       </ITEM>
      </FILE>
      <FILE link="Lib/InfoSyS/Hacking/U-TBF-tMHDR.zip">
       <LOCATION>
        <URL>Lib/InfoSyS/Hacking/U-TBF-tMHDR.zip</URL>
        <SIZE>0.2</SIZE>
        <CHECKSUM>0</CHECKSUM>
        <TYPE>zip</TYPE>
       </LOCATION>
       <ITEM>
        <INFO>
         <CATEGORIES>
          <CATEGORY>Lib/InfoSyS/Hacking</CATEGORY>
         </CATEGORIES>
         <DESCRIPTION>TBF - The Modern Hackers Desk Reference</DESCRIPTION>
         <AUTHORS>
          <AUTHOR>
           <FULLNAME>TBF</FULLNAME>
           <LASTNAME>TBF</LASTNAME>
           <FIRSTNAME></FIRSTNAME>
          </AUTHOR>
         </AUTHORS>
         <TITLE>The Modern Hackers Desk Reference</TITLE>
         <INSTANCES>
          <INSTANCE>
           <FORMAT>pdf</FORMAT>
           <SIZE>0</SIZE>
           <CHECKSUM>0</CHECKSUM>
          </INSTANCE>
         </INSTANCES>
        </INFO>
       </ITEM>
      </FILE>
      <FILE link="Lib/InfoSyS/Hacking/Web-HZ.zip">
       <LOCATION>
        <URL>Lib/InfoSyS/Hacking/Web-HZ.zip</URL>
        <SIZE>2.5</SIZE>
        <CHECKSUM>0</CHECKSUM>
        <TYPE>zip</TYPE>
       </LOCATION>
       <ITEM>
        <INFO>
         <CATEGORIES>
          <CATEGORY>Lib/InfoSyS/Hacking</CATEGORY>
         </CATEGORIES>
         <DESCRIPTION>HackZone Articles</DESCRIPTION>
         <TITLE>HackZone Articles</TITLE>
         <INSTANCES>
          <INSTANCE>
           <FORMAT>pdf</FORMAT>
           <SIZE>0</SIZE>
           <CHECKSUM>0</CHECKSUM>
          </INSTANCE>
         </INSTANCES>
        </INFO>
       </ITEM>
      </FILE>
     </FILELIST>
    </DIR>
    <DIR link="Lib/InfoSyS/Hardware">
     <LOCATION>
      <URL>Lib/InfoSyS/Hardware</URL>
      <SIZE>29.6</SIZE>
     </LOCATION>
     <FILELIST category="Lib/InfoSyS/Hardware">
      <INFO>
       <DESCRIPTION>Hardware</DESCRIPTION>
       <TITLE>Hardware</TITLE>
       <DEFAULTFORMAT>pdf</DEFAULTFORMAT>
      </INFO>
      <FILE link="Lib/InfoSyS/Hardware/HW1999.zip">
       <LOCATION>
        <URL>Lib/InfoSyS/Hardware/HW1999.zip</URL>
        <SIZE>25.3</SIZE>
        <CHECKSUM>0</CHECKSUM>
        <TYPE>zip</TYPE>
       </LOCATION>
       <ITEM>
        <INFO>
         <CATEGORIES>
          <CATEGORY>Lib/InfoSyS/Hardware</CATEGORY>
         </CATEGORIES>
         <DESCRIPTION>Hardware docs till 1999</DESCRIPTION>
         <TITLE>Hardware docs till 1999</TITLE>
         <INSTANCES>
          <INSTANCE>
           <FORMAT>pdf</FORMAT>
           <SIZE>0</SIZE>
           <CHECKSUM>0</CHECKSUM>
          </INSTANCE>
         </INSTANCES>
        </INFO>
       </ITEM>
      </FILE>
      <FILE link="Lib/InfoSyS/Hardware/Que--URPC.zip">
       <LOCATION>
        <URL>Lib/InfoSyS/Hardware/Que--URPC.zip</URL>
        <SIZE>3.5</SIZE>
        <CHECKSUM>0</CHECKSUM>
        <TYPE>zip</TYPE>
       </LOCATION>
       <ITEM>
        <INFO>
         <CATEGORIES>
          <CATEGORY>Lib/InfoSyS/Hardware</CATEGORY>
         </CATEGORIES>
         <DESCRIPTION>Que - - Upgrading and Repairing PCs, 8th Edition</DESCRIPTION>
         <PUBLISHERS>
          <PUBLISHER>Que</PUBLISHER>
         </PUBLISHERS>
         <TITLE>Upgrading and Repairing PCs</TITLE>
         <EDITION>8</EDITION>
         <INSTANCES>
          <INSTANCE>
           <FORMAT>pdf</FORMAT>
           <SIZE>0</SIZE>
           <CHECKSUM>0</CHECKSUM>
          </INSTANCE>
         </INSTANCES>
        </INFO>
       </ITEM>
      </FILE>
      <FILE link="Lib/InfoSyS/Hardware/U--ABIOS451PC.zip">
       <LOCATION>
        <URL>Lib/InfoSyS/Hardware/U--ABIOS451PC.zip</URL>
        <SIZE>0</SIZE>
        <CHECKSUM>0</CHECKSUM>
        <TYPE>zip</TYPE>
       </LOCATION>
       <ITEM>
        <INFO>
         <CATEGORIES>
          <CATEGORY>Lib/InfoSyS/Hardware</CATEGORY>
         </CATEGORIES>
         <DESCRIPTION>Award BIOS 4.51PG Post Codes and Error Messages</DESCRIPTION>
         <TITLE>Award BIOS 4.51PG Post Codes and Error Messages</TITLE>
         <INSTANCES>
          <INSTANCE>
           <FORMAT>pdf</FORMAT>
           <SIZE>0</SIZE>
           <CHECKSUM>0</CHECKSUM>
          </INSTANCE>
         </INSTANCES>
        </INFO>
       </ITEM>
      </FILE>
      <FILE link="Lib/InfoSyS/Hardware/U-JO-tHW.zip">
       <LOCATION>
        <URL>Lib/InfoSyS/Hardware/U-JO-tHW.zip</URL>
        <SIZE>0.7</SIZE>
        <CHECKSUM>0</CHECKSUM>
        <TYPE>zip</TYPE>
       </LOCATION>
       <ITEM>
        <INFO>
         <CATEGORIES>
          <CATEGORY>Lib/InfoSyS/Hardware</CATEGORY>
         </CATEGORIES>
         <DESCRIPTION>Joakim Ogren - The Hardware Book</DESCRIPTION>
         <AUTHORS>
          <AUTHOR>
           <FULLNAME>Joakim Ogren</FULLNAME>
           <LASTNAME>Ogren</LASTNAME>
           <FIRSTNAME>Joakim</FIRSTNAME>
          </AUTHOR>
         </AUTHORS>
         <TITLE>The Hardware Book</TITLE>
         <INSTANCES>
          <INSTANCE>
           <FORMAT>pdf</FORMAT>
           <SIZE>0</SIZE>
           <CHECKSUM>0</CHECKSUM>
          </INSTANCE>
         </INSTANCES>
        </INFO>
       </ITEM>
      </FILE>
     </FILELIST>
    </DIR>
    <DIR link="Lib/InfoSyS/Langs">
     <LOCATION>
      <URL>Lib/InfoSyS/Langs</URL>
      <SIZE>890</SIZE>
     </LOCATION>
     <FILELIST category="Lib/InfoSyS/Langs">
      <INFO>
       <DESCRIPTION>Programming Languages / Libraries / Etc Related</DESCRIPTION>
       <TITLE>Programming Languages / Libraries / Etc Related</TITLE>
       <DEFAULTFORMAT>pdf</DEFAULTFORMAT>
      </INFO>
      <FILE link="Lib/InfoSyS/Langs/W3C-SVG.zip">
       <LOCATION>
        <URL>Lib/InfoSyS/Langs/W3C-SVG.zip</URL>
        <SIZE>2.3</SIZE>
        <CHECKSUM>0</CHECKSUM>
        <TYPE>zip</TYPE>
       </LOCATION>
       <ITEM>
        <INFO>
         <CATEGORIES>
          <CATEGORY>Lib/InfoSyS/Langs</CATEGORY>
         </CATEGORIES>
         <DESCRIPTION>W3C - Scalable Vector Graphics 1.0 Specification</DESCRIPTION>
         <AUTHORS>
          <AUTHOR>
           <FULLNAME>W3C</FULLNAME>
           <LASTNAME>W3C</LASTNAME>
           <FIRSTNAME></FIRSTNAME>
          </AUTHOR>
         </AUTHORS>
         <TITLE>Scalable Vector Graphics 1.0 Specification</TITLE>
         <INSTANCES>
          <INSTANCE>
           <FORMAT>pdf</FORMAT>
           <SIZE>0</SIZE>
           <CHECKSUM>0</CHECKSUM>
          </INSTANCE>
         </INSTANCES>
        </INFO>
       </ITEM>
      </FILE>
      <DIR link="Lib/InfoSyS/Langs/Asm">
       <LOCATION>
        <URL>Lib/InfoSyS/Langs/Asm</URL>
        <SIZE>2.2</SIZE>
       </LOCATION>
       <FILELIST category="Lib/InfoSyS/Langs/Asm">
        <INFO>
         <DESCRIPTION>Assembler the BEST ;)</DESCRIPTION>
         <TITLE>Assembler the BEST ;)</TITLE>
         <DEFAULTFORMAT>pdf</DEFAULTFORMAT>
        </INFO>
        <FILE link="Lib/InfoSyS/Langs/Asm/U--AoA.zip">
         <LOCATION>
          <URL>Lib/InfoSyS/Langs/Asm/U--AoA.zip</URL>
          <SIZE>1.8</SIZE>
          <CHECKSUM>0</CHECKSUM>
          <TYPE>zip</TYPE>
         </LOCATION>
         <ITEM>
          <INFO>
           <CATEGORIES>
            <CATEGORY>Lib/InfoSyS/Langs/Asm</CATEGORY>
           </CATEGORIES>
           <DESCRIPTION>The Art of Assembly Language</DESCRIPTION>
           <TITLE>The Art of Assembly Language</TITLE>
           <INSTANCES>
            <INSTANCE>
             <FORMAT>pdf</FORMAT>
             <SIZE>0</SIZE>
             <CHECKSUM>0</CHECKSUM>
            </INSTANCE>
           </INSTANCES>
          </INFO>
         </ITEM>
        </FILE>
        <DIR link="Lib/InfoSyS/Langs/Asm/Old">
         <LOCATION>
          <URL>Lib/InfoSyS/Langs/Asm/Old</URL>
          <SIZE>0.4</SIZE>
         </LOCATION>
         <FILELIST category="Lib/InfoSyS/Langs/Asm/Old">
          <INFO>
           <DESCRIPTION>Old Docs</DESCRIPTION>
           <TITLE>Old Docs</TITLE>
           <DEFAULTFORMAT>pdf</DEFAULTFORMAT>
          </INFO>
          <FILE link="Lib/InfoSyS/Langs/Asm/Old/U--2b.zip">
           <LOCATION>
            <URL>Lib/InfoSyS/Langs/Asm/Old/U--2b.zip</URL>
            <SIZE>0</SIZE>
            <CHECKSUM>0</CHECKSUM>
            <TYPE>zip</TYPE>
           </LOCATION>
           <ITEM>
            <INFO>
             <CATEGORIES>
              <CATEGORY>Lib/InfoSyS/Langs/Asm/Old</CATEGORY>
             </CATEGORIES>
             <DESCRIPTION>Как создать TSR без PSP, Как скопировать защищенную дискету, Несколько слов о Видеоадаптарах</DESCRIPTION>
             <TITLE>Как создать TSR без PSP, Как скопировать защищенную дискету, Несколько слов о Видеоадаптарах</TITLE>
             <INSTANCES>
              <INSTANCE>
               <FORMAT>pdf</FORMAT>
               <SIZE>0</SIZE>
               <CHECKSUM>0</CHECKSUM>
              </INSTANCE>
             </INSTANCES>
            </INFO>
           </ITEM>
          </FILE>
          <FILE link="Lib/InfoSyS/Langs/Asm/Old/U--ASMfDOS.zip">
           <LOCATION>
            <URL>Lib/InfoSyS/Langs/Asm/Old/U--ASMfDOS.zip</URL>
            <SIZE>0.1</SIZE>
            <CHECKSUM>0</CHECKSUM>
            <TYPE>zip</TYPE>
           </LOCATION>
           <ITEM>
            <INFO>
             <CATEGORIES>
              <CATEGORY>Lib/InfoSyS/Langs/Asm/Old</CATEGORY>
             </CATEGORIES>
             <DESCRIPTION>Ассемблер для Доса (txt)</DESCRIPTION>
             <TITLE>Ассемблер для Доса</TITLE>
             <INSTANCES>
              <INSTANCE>
               <FORMAT>txt</FORMAT>
               <SIZE>0</SIZE>
               <CHECKSUM>0</CHECKSUM>
              </INSTANCE>
             </INSTANCES>
            </INFO>
           </ITEM>
          </FILE>
          <FILE link="Lib/InfoSyS/Langs/Asm/Old/U--disasm.zip">
           <LOCATION>
            <URL>Lib/InfoSyS/Langs/Asm/Old/U--disasm.zip</URL>
            <SIZE>0</SIZE>
            <CHECKSUM>0</CHECKSUM>
            <TYPE>zip</TYPE>
           </LOCATION>
           <ITEM>
            <INFO>
             <CATEGORIES>
              <CATEGORY>Lib/InfoSyS/Langs/Asm/Old</CATEGORY>
             </CATEGORIES>
             <DESCRIPTION>Опыт дизассемблирования большой COM программы</DESCRIPTION>
             <TITLE>Опыт дизассемблирования большой COM программы</TITLE>
             <INSTANCES>
              <INSTANCE>
               <FORMAT>pdf</FORMAT>
               <SIZE>0</SIZE>
               <CHECKSUM>0</CHECKSUM>
              </INSTANCE>
             </INSTANCES>
            </INFO>
           </ITEM>
          </FILE>
          <FILE link="Lib/InfoSyS/Langs/Asm/Old/U--IL.zip">
           <LOCATION>
            <URL>Lib/InfoSyS/Langs/Asm/Old/U--IL.zip</URL>
            <SIZE>0</SIZE>
            <CHECKSUM>0</CHECKSUM>
            <TYPE>zip</TYPE>
           </LOCATION>
           <ITEM>
            <INFO>
             <CATEGORIES>
              <CATEGORY>Lib/InfoSyS/Langs/Asm/Old</CATEGORY>
             </CATEGORIES>
             <DESCRIPTION>Список комманд ассемблера (txt)</DESCRIPTION>
             <TITLE>Список комманд ассемблера</TITLE>
             <INSTANCES>
              <INSTANCE>
               <FORMAT>txt</FORMAT>
               <SIZE>0</SIZE>
               <CHECKSUM>0</CHECKSUM>
              </INSTANCE>
             </INSTANCES>
            </INFO>
           </ITEM>
          </FILE>
          <FILE link="Lib/InfoSyS/Langs/Asm/Old/U--LAH.zip">
           <LOCATION>
            <URL>Lib/InfoSyS/Langs/Asm/Old/U--LAH.zip</URL>
            <SIZE>0</SIZE>
            <CHECKSUM>0</CHECKSUM>
            <TYPE>zip</TYPE>
           </LOCATION>
           <ITEM>
            <INFO>
             <CATEGORIES>
              <CATEGORY>Lib/InfoSyS/Langs/Asm/Old</CATEGORY>
             </CATEGORIES>
             <DESCRIPTION>Linux Assembly HOWTO (html)</DESCRIPTION>
             <TITLE>Linux Assembly HOWTO</TITLE>
             <INSTANCES>
              <INSTANCE>
               <FORMAT>html</FORMAT>
               <SIZE>0</SIZE>
               <CHECKSUM>0</CHECKSUM>
              </INSTANCE>
             </INSTANCES>
            </INFO>
           </ITEM>
          </FILE>
          <FILE link="Lib/InfoSyS/Langs/Asm/Old/U--talks.zip">
           <LOCATION>
            <URL>Lib/InfoSyS/Langs/Asm/Old/U--talks.zip</URL>
            <SIZE>0.2</SIZE>
            <CHECKSUM>0</CHECKSUM>
            <TYPE>zip</TYPE>
           </LOCATION>
           <ITEM>
            <INFO>
             <CATEGORIES>
              <CATEGORY>Lib/InfoSyS/Langs/Asm/Old</CATEGORY>
             </CATEGORIES>
             <DESCRIPTION>Talks.asm (rus,txt)</DESCRIPTION>
             <TITLE>Talks.asm (rus,txt)</TITLE>
             <INSTANCES>
              <INSTANCE>
               <FORMAT>pdf</FORMAT>
               <SIZE>0</SIZE>
               <CHECKSUM>0</CHECKSUM>
              </INSTANCE>
             </INSTANCES>
            </INFO>
           </ITEM>
          </FILE>
          <FILE link="Lib/InfoSyS/Langs/Asm/Old/U--tsr.zip">
           <LOCATION>
            <URL>Lib/InfoSyS/Langs/Asm/Old/U--tsr.zip</URL>
            <SIZE>0</SIZE>
            <CHECKSUM>0</CHECKSUM>
            <TYPE>zip</TYPE>
           </LOCATION>
           <ITEM>
            <INFO>
             <CATEGORIES>
              <CATEGORY>Lib/InfoSyS/Langs/Asm/Old</CATEGORY>
             </CATEGORIES>
             <DESCRIPTION>Еще раз о TSR без PSP</DESCRIPTION>
             <TITLE>Еще раз о TSR без PSP</TITLE>
             <INSTANCES>
              <INSTANCE>
               <FORMAT>pdf</FORMAT>
               <SIZE>0</SIZE>
               <CHECKSUM>0</CHECKSUM>
              </INSTANCE>
             </INSTANCES>
            </INFO>
           </ITEM>
          </FILE>
         </FILELIST>
        </DIR>
       </FILELIST>
      </DIR>
      <DIR link="Lib/InfoSyS/Langs/AvtiveX">
       <LOCATION>
        <URL>Lib/InfoSyS/Langs/AvtiveX</URL>
        <SIZE>27.7</SIZE>
       </LOCATION>
       <FILELIST category="Lib/InfoSyS/Langs/AvtiveX">
        <INFO>
         <DESCRIPTION>COM / DCOM / Corba / ActiveX</DESCRIPTION>
         <TITLE>COM / DCOM / Corba / ActiveX</TITLE>
         <DEFAULTFORMAT>pdf</DEFAULTFORMAT>
        </INFO>
        <FILE link="Lib/InfoSyS/Langs/AvtiveX/MSPress-GE-ICOMPBS.chm">
         <LOCATION>
          <URL>Lib/InfoSyS/Langs/AvtiveX/MSPress-GE-ICOMPBS.chm</URL>
          <SIZE>6.3</SIZE>
          <CHECKSUM>0</CHECKSUM>
          <TYPE>plain</TYPE>
         </LOCATION>
         <ITEM>
          <INFO>
           <CATEGORIES>
            <CATEGORY>Lib/InfoSyS/Langs/AvtiveX</CATEGORY>
           </CATEGORIES>
           <DESCRIPTION>MSPress - Guy Eddon - Inside Com+ Base Services (chm)</DESCRIPTION>
           <PUBLISHERS>
            <PUBLISHER>MSPress</PUBLISHER>
           </PUBLISHERS>
           <AUTHORS>
            <AUTHOR>
             <FULLNAME>Guy Eddon</FULLNAME>
             <LASTNAME>Eddon</LASTNAME>
             <FIRSTNAME>Guy</FIRSTNAME>
            </AUTHOR>
           </AUTHORS>
           <TITLE>Inside Com+ Base Services</TITLE>
           <INSTANCES>
            <INSTANCE>
             <FORMAT>chm</FORMAT>
             <SIZE>0</SIZE>
             <CHECKSUM>0</CHECKSUM>
            </INSTANCE>
           </INSTANCES>
          </INFO>
         </ITEM>
        </FILE>
        <FILE link="Lib/InfoSyS/Langs/AvtiveX/MSPress-MK-DCBA.chm">
         <LOCATION>
          <URL>Lib/InfoSyS/Langs/AvtiveX/MSPress-MK-DCBA.chm</URL>
          <SIZE>5.5</SIZE>
          <CHECKSUM>0</CHECKSUM>
          <TYPE>plain</TYPE>
         </LOCATION>
         <ITEM>
          <INFO>
           <CATEGORIES>
            <CATEGORY>Lib/InfoSyS/Langs/AvtiveX</CATEGORY>
           </CATEGORIES>
           <DESCRIPTION>MSPress - Mary Kirtland - Designing Component-Based Applications (chm)</DESCRIPTION>
           <PUBLISHERS>
            <PUBLISHER>MSPress</PUBLISHER>
           </PUBLISHERS>
           <AUTHORS>
            <AUTHOR>
             <FULLNAME>Mary Kirtland</FULLNAME>
             <LASTNAME>Kirtland</LASTNAME>
             <FIRSTNAME>Mary</FIRSTNAME>
            </AUTHOR>
           </AUTHORS>
           <TITLE>Designing Component-Based Applications</TITLE>
           <INSTANCES>
            <INSTANCE>
             <FORMAT>chm</FORMAT>
             <SIZE>0</SIZE>
             <CHECKSUM>0</CHECKSUM>
            </INSTANCE>
           </INSTANCES>
          </INFO>
         </ITEM>
        </FILE>
        <FILE link="Lib/InfoSyS/Langs/AvtiveX/MSPress-SS-DfSwDNA.chm">
         <LOCATION>
          <URL>Lib/InfoSyS/Langs/AvtiveX/MSPress-SS-DfSwDNA.chm</URL>
          <SIZE>10.3</SIZE>
          <CHECKSUM>0</CHECKSUM>
          <TYPE>plain</TYPE>
         </LOCATION>
         <ITEM>
          <INFO>
           <CATEGORIES>
            <CATEGORY>Lib/InfoSyS/Langs/AvtiveX</CATEGORY>
           </CATEGORIES>
           <DESCRIPTION>MSPress - Sten Soundblad - Designing for Scalability with Windows DNA (chm)</DESCRIPTION>
           <PUBLISHERS>
            <PUBLISHER>MSPress</PUBLISHER>
           </PUBLISHERS>
           <AUTHORS>
            <AUTHOR>
             <FULLNAME>Sten Soundblad</FULLNAME>
             <LASTNAME>Soundblad</LASTNAME>
             <FIRSTNAME>Sten</FIRSTNAME>
            </AUTHOR>
           </AUTHORS>
           <TITLE>Designing for Scalability with Windows DNA</TITLE>
           <INSTANCES>
            <INSTANCE>
             <FORMAT>chm</FORMAT>
             <SIZE>0</SIZE>
             <CHECKSUM>0</CHECKSUM>
            </INSTANCE>
           </INSTANCES>
          </INFO>
         </ITEM>
        </FILE>
        <FILE link="Lib/InfoSyS/Langs/AvtiveX/QUE--ActiveX.zip">
         <LOCATION>
          <URL>Lib/InfoSyS/Langs/AvtiveX/QUE--ActiveX.zip</URL>
          <SIZE>2.6</SIZE>
          <CHECKSUM>0</CHECKSUM>
          <TYPE>zip</TYPE>
         </LOCATION>
         <ITEM>
          <INFO>
           <CATEGORIES>
            <CATEGORY>Lib/InfoSyS/Langs/AvtiveX</CATEGORY>
           </CATEGORIES>
           <DESCRIPTION>QUE - - Introducing to ActiveX (html)</DESCRIPTION>
           <PUBLISHERS>
            <PUBLISHER>QUE</PUBLISHER>
           </PUBLISHERS>
           <TITLE>Introducing to ActiveX</TITLE>
           <INSTANCES>
            <INSTANCE>
             <FORMAT>html</FORMAT>
             <SIZE>0</SIZE>
             <CHECKSUM>0</CHECKSUM>
            </INSTANCE>
           </INSTANCES>
          </INFO>
         </ITEM>
        </FILE>
        <FILE link="Lib/InfoSyS/Langs/AvtiveX/SAMS-JR-TYC14D.zip">
         <LOCATION>
          <URL>Lib/InfoSyS/Langs/AvtiveX/SAMS-JR-TYC14D.zip</URL>
          <SIZE>1.1</SIZE>
          <CHECKSUM>0</CHECKSUM>
          <TYPE>zip</TYPE>
         </LOCATION>
         <ITEM>
          <INFO>
           <CATEGORIES>
            <CATEGORY>Lib/InfoSyS/Langs/AvtiveX</CATEGORY>
           </CATEGORIES>
           <DESCRIPTION>SAMS - Jeremy Rosenberger - Teach YourSelf Corba in 14 days (html)</DESCRIPTION>
           <PUBLISHERS>
            <PUBLISHER>SAMS</PUBLISHER>
           </PUBLISHERS>
           <AUTHORS>
            <AUTHOR>
             <FULLNAME>Jeremy Rosenberger</FULLNAME>
             <LASTNAME>Rosenberger</LASTNAME>
             <FIRSTNAME>Jeremy</FIRSTNAME>
            </AUTHOR>
           </AUTHORS>
           <TITLE>Teach YourSelf Corba in 14 days</TITLE>
           <INSTANCES>
            <INSTANCE>
             <FORMAT>html</FORMAT>
             <SIZE>0</SIZE>
             <CHECKSUM>0</CHECKSUM>
            </INSTANCE>
           </INSTANCES>
          </INFO>
         </ITEM>
        </FILE>
        <FILE link="Lib/InfoSyS/Langs/AvtiveX/SAMS-SK-TYAX21D.zip">
         <LOCATION>
          <URL>Lib/InfoSyS/Langs/AvtiveX/SAMS-SK-TYAX21D.zip</URL>
          <SIZE>0.3</SIZE>
          <CHECKSUM>0</CHECKSUM>
          <TYPE>zip</TYPE>
         </LOCATION>
         <ITEM>
          <INFO>
           <CATEGORIES>
            <CATEGORY>Lib/InfoSyS/Langs/AvtiveX</CATEGORY>
           </CATEGORIES>
           <DESCRIPTION>SAMS - Sanders Kaufman - Teach Yourself ActiveX in 21 Days</DESCRIPTION>
           <PUBLISHERS>
            <PUBLISHER>SAMS</PUBLISHER>
           </PUBLISHERS>
           <AUTHORS>
            <AUTHOR>
             <FULLNAME>Sanders Kaufman</FULLNAME>
             <LASTNAME>Kaufman</LASTNAME>
             <FIRSTNAME>Sanders</FIRSTNAME>
            </AUTHOR>
           </AUTHORS>
           <TITLE>Teach Yourself ActiveX in 21 Days</TITLE>
           <INSTANCES>
            <INSTANCE>
             <FORMAT>pdf</FORMAT>
             <SIZE>0</SIZE>
             <CHECKSUM>0</CHECKSUM>
            </INSTANCE>
           </INSTANCES>
          </INFO>
         </ITEM>
        </FILE>
        <FILE link="Lib/InfoSyS/Langs/AvtiveX/SAMS-WE-PActiveX.zip">
         <LOCATION>
          <URL>Lib/InfoSyS/Langs/AvtiveX/SAMS-WE-PActiveX.zip</URL>
          <SIZE>1.6</SIZE>
          <CHECKSUM>0</CHECKSUM>
          <TYPE>zip</TYPE>
         </LOCATION>
         <ITEM>
          <INFO>
           <CATEGORIES>
            <CATEGORY>Lib/InfoSyS/Langs/AvtiveX</CATEGORY>
           </CATEGORIES>
           <DESCRIPTION>SAMS - Warren Ernst - Presenting ActiveX (html)</DESCRIPTION>
           <PUBLISHERS>
            <PUBLISHER>SAMS</PUBLISHER>
           </PUBLISHERS>
           <AUTHORS>
            <AUTHOR>
             <FULLNAME>Warren Ernst</FULLNAME>
             <LASTNAME>Ernst</LASTNAME>
             <FIRSTNAME>Warren</FIRSTNAME>
            </AUTHOR>
           </AUTHORS>
           <TITLE>Presenting ActiveX</TITLE>
           <INSTANCES>
            <INSTANCE>
             <FORMAT>html</FORMAT>
             <SIZE>0</SIZE>
             <CHECKSUM>0</CHECKSUM>
            </INSTANCE>
           </INSTANCES>
          </INFO>
         </ITEM>
        </FILE>
       </FILELIST>
      </DIR>
      <DIR link="Lib/InfoSyS/Langs/Basic">
       <LOCATION>
        <URL>Lib/InfoSyS/Langs/Basic</URL>
        <SIZE>40.9</SIZE>
       </LOCATION>
       <FILELIST category="Lib/InfoSyS/Langs/Basic">
        <INFO>
         <DESCRIPTION>Basic / Visual Basic / VBScript</DESCRIPTION>
         <TITLE>Basic / Visual Basic / VBScript</TITLE>
         <DEFAULTFORMAT>pdf</DEFAULTFORMAT>
        </INFO>
        <FILE link="Lib/InfoSyS/Langs/Basic/Coriolis-SH-VB6BB.zip">
         <LOCATION>
          <URL>Lib/InfoSyS/Langs/Basic/Coriolis-SH-VB6BB.zip</URL>
          <SIZE>1.7</SIZE>
          <CHECKSUM>0</CHECKSUM>
          <TYPE>zip</TYPE>
         </LOCATION>
         <ITEM>
          <INFO>
           <CATEGORIES>
            <CATEGORY>Lib/InfoSyS/Langs/Basic</CATEGORY>
           </CATEGORIES>
           <DESCRIPTION>Coriolis - Steven Holzner - Visual Basic 6 Black Book (html)</DESCRIPTION>
           <PUBLISHERS>
            <PUBLISHER>Coriolis</PUBLISHER>
           </PUBLISHERS>
           <AUTHORS>
            <AUTHOR>
             <FULLNAME>Steven Holzner</FULLNAME>
             <LASTNAME>Holzner</LASTNAME>
             <FIRSTNAME>Steven</FIRSTNAME>
            </AUTHOR>
           </AUTHORS>
           <TITLE>Visual Basic 6 Black Book</TITLE>
           <INSTANCES>
            <INSTANCE>
             <FORMAT>html</FORMAT>
             <SIZE>0</SIZE>
             <CHECKSUM>0</CHECKSUM>
            </INSTANCE>
           </INSTANCES>
          </INFO>
         </ITEM>
        </FILE>
        <FILE link="Lib/InfoSyS/Langs/Basic/MSPress-FB-PVB6.chm">
         <LOCATION>
          <URL>Lib/InfoSyS/Langs/Basic/MSPress-FB-PVB6.chm</URL>
          <SIZE>10.8</SIZE>
          <CHECKSUM>0</CHECKSUM>
          <TYPE>plain</TYPE>
         </LOCATION>
         <ITEM>
          <INFO>
           <CATEGORIES>
            <CATEGORY>Lib/InfoSyS/Langs/Basic</CATEGORY>
           </CATEGORIES>
           <DESCRIPTION>MSPress - Francesco Balena - Programming VB 6.0 (chm)</DESCRIPTION>
           <PUBLISHERS>
            <PUBLISHER>MSPress</PUBLISHER>
           </PUBLISHERS>
           <AUTHORS>
            <AUTHOR>
             <FULLNAME>Francesco Balena</FULLNAME>
             <LASTNAME>Balena</LASTNAME>
             <FIRSTNAME>Francesco</FIRSTNAME>
            </AUTHOR>
           </AUTHORS>
           <TITLE>Programming VB 6.0</TITLE>
           <INSTANCES>
            <INSTANCE>
             <FORMAT>chm</FORMAT>
             <SIZE>0</SIZE>
             <CHECKSUM>0</CHECKSUM>
            </INSTANCE>
           </INSTANCES>
          </INFO>
         </ITEM>
        </FILE>
        <FILE link="Lib/InfoSyS/Langs/Basic/MSPress-JF-PSfVB.chm">
         <LOCATION>
          <URL>Lib/InfoSyS/Langs/Basic/MSPress-JF-PSfVB.chm</URL>
          <SIZE>4.2</SIZE>
          <CHECKSUM>0</CHECKSUM>
          <TYPE>plain</TYPE>
         </LOCATION>
         <ITEM>
          <INFO>
           <CATEGORIES>
            <CATEGORY>Lib/InfoSyS/Langs/Basic</CATEGORY>
           </CATEGORIES>
           <DESCRIPTION>MSPress - James Foxall - Practical Standards for Visual Basic (chm)</DESCRIPTION>
           <PUBLISHERS>
            <PUBLISHER>MSPress</PUBLISHER>
           </PUBLISHERS>
           <AUTHORS>
            <AUTHOR>
             <FULLNAME>James Foxall</FULLNAME>
             <LASTNAME>Foxall</LASTNAME>
             <FIRSTNAME>James</FIRSTNAME>
            </AUTHOR>
           </AUTHORS>
           <TITLE>Practical Standards for Visual Basic</TITLE>
           <INSTANCES>
            <INSTANCE>
             <FORMAT>chm</FORMAT>
             <SIZE>0</SIZE>
             <CHECKSUM>0</CHECKSUM>
            </INSTANCE>
           </INSTANCES>
          </INFO>
         </ITEM>
        </FILE>
        <FILE link="Lib/InfoSyS/Langs/Basic/MSPress-PM-AVB62.chm">
         <LOCATION>
          <URL>Lib/InfoSyS/Langs/Basic/MSPress-PM-AVB62.chm</URL>
          <SIZE>4.1</SIZE>
          <CHECKSUM>0</CHECKSUM>
          <TYPE>plain</TYPE>
         </LOCATION>
         <ITEM>
          <INFO>
           <CATEGORIES>
            <CATEGORY>Lib/InfoSyS/Langs/Basic</CATEGORY>
           </CATEGORIES>
           <DESCRIPTION>MSPress - Peter Morris - Avanced VB 6, 2nd Edition (chm)</DESCRIPTION>
           <PUBLISHERS>
            <PUBLISHER>MSPress</PUBLISHER>
           </PUBLISHERS>
           <AUTHORS>
            <AUTHOR>
             <FULLNAME>Peter Morris</FULLNAME>
             <LASTNAME>Morris</LASTNAME>
             <FIRSTNAME>Peter</FIRSTNAME>
            </AUTHOR>
           </AUTHORS>
           <TITLE>Avanced VB 6</TITLE>
           <EDITION>2</EDITION>
           <INSTANCES>
            <INSTANCE>
             <FORMAT>chm</FORMAT>
             <SIZE>0</SIZE>
             <CHECKSUM>0</CHECKSUM>
            </INSTANCE>
           </INSTANCES>
          </INFO>
         </ITEM>
        </FILE>
        <FILE link="Lib/InfoSyS/Langs/Basic/MSPress-TP-PDACOMVB6.chm">
         <LOCATION>
          <URL>Lib/InfoSyS/Langs/Basic/MSPress-TP-PDACOMVB6.chm</URL>
          <SIZE>2.4</SIZE>
          <CHECKSUM>0</CHECKSUM>
          <TYPE>plain</TYPE>
         </LOCATION>
         <ITEM>
          <INFO>
           <CATEGORIES>
            <CATEGORY>Lib/InfoSyS/Langs/Basic</CATEGORY>
           </CATEGORIES>
           <DESCRIPTION>MSPress - Ted Pattlson - Programming Distributed Applications with COM and VB 6.0 (chm)</DESCRIPTION>
           <PUBLISHERS>
            <PUBLISHER>MSPress</PUBLISHER>
           </PUBLISHERS>
           <AUTHORS>
            <AUTHOR>
             <FULLNAME>Ted Pattlson</FULLNAME>
             <LASTNAME>Pattlson</LASTNAME>
             <FIRSTNAME>Ted</FIRSTNAME>
            </AUTHOR>
           </AUTHORS>
           <TITLE>Programming Distributed Applications with COM and VB 6.0</TITLE>
           <INSTANCES>
            <INSTANCE>
             <FORMAT>chm</FORMAT>
             <SIZE>0</SIZE>
             <CHECKSUM>0</CHECKSUM>
            </INSTANCE>
           </INSTANCES>
          </INFO>
         </ITEM>
        </FILE>
        <FILE link="Lib/InfoSyS/Langs/Basic/MSPress-WS-VBDP.chm">
         <LOCATION>
          <URL>Lib/InfoSyS/Langs/Basic/MSPress-WS-VBDP.chm</URL>
          <SIZE>2.7</SIZE>
          <CHECKSUM>0</CHECKSUM>
          <TYPE>plain</TYPE>
         </LOCATION>
         <ITEM>
          <INFO>
           <CATEGORIES>
            <CATEGORY>Lib/InfoSyS/Langs/Basic</CATEGORY>
           </CATEGORIES>
           <DESCRIPTION>MSPress - William Stamatakis - Visual Basic Design Patterns (chm)</DESCRIPTION>
           <PUBLISHERS>
            <PUBLISHER>MSPress</PUBLISHER>
           </PUBLISHERS>
           <AUTHORS>
            <AUTHOR>
             <FULLNAME>William Stamatakis</FULLNAME>
             <LASTNAME>Stamatakis</LASTNAME>
             <FIRSTNAME>William</FIRSTNAME>
            </AUTHOR>
           </AUTHORS>
           <TITLE>Visual Basic Design Patterns</TITLE>
           <INSTANCES>
            <INSTANCE>
             <FORMAT>chm</FORMAT>
             <SIZE>0</SIZE>
             <CHECKSUM>0</CHECKSUM>
            </INSTANCE>
           </INSTANCES>
          </INFO>
         </ITEM>
        </FILE>
        <FILE link="Lib/InfoSyS/Langs/Basic/SAMS-GP-VBi12EL.zip">
         <LOCATION>
          <URL>Lib/InfoSyS/Langs/Basic/SAMS-GP-VBi12EL.zip</URL>
          <SIZE>2.2</SIZE>
          <CHECKSUM>0</CHECKSUM>
          <TYPE>zip</TYPE>
         </LOCATION>
         <ITEM>
          <INFO>
           <CATEGORIES>
            <CATEGORY>Lib/InfoSyS/Langs/Basic</CATEGORY>
           </CATEGORIES>
           <DESCRIPTION>SAMS - Greg Perry - Visual Basic in 12 Easy Lessons (html)</DESCRIPTION>
           <PUBLISHERS>
            <PUBLISHER>SAMS</PUBLISHER>
           </PUBLISHERS>
           <AUTHORS>
            <AUTHOR>
             <FULLNAME>Greg Perry</FULLNAME>
             <LASTNAME>Perry</LASTNAME>
             <FIRSTNAME>Greg</FIRSTNAME>
            </AUTHOR>
           </AUTHORS>
           <TITLE>Visual Basic in 12 Easy Lessons</TITLE>
           <INSTANCES>
            <INSTANCE>
             <FORMAT>html</FORMAT>
             <SIZE>0</SIZE>
             <CHECKSUM>0</CHECKSUM>
            </INSTANCE>
           </INSTANCES>
          </INFO>
         </ITEM>
        </FILE>
        <FILE link="Lib/InfoSyS/Langs/Basic/SAMS-MA-TYDPwVB521D.zip">
         <LOCATION>
          <URL>Lib/InfoSyS/Langs/Basic/SAMS-MA-TYDPwVB521D.zip</URL>
          <SIZE>0.5</SIZE>
          <CHECKSUM>0</CHECKSUM>
          <TYPE>zip</TYPE>
         </LOCATION>
         <ITEM>
          <INFO>
           <CATEGORIES>
            <CATEGORY>Lib/InfoSyS/Langs/Basic</CATEGORY>
           </CATEGORIES>
           <DESCRIPTION>SAMS - Mike Amundsen - Teach Yourself Database Programming with VB 5.0 in 21 Days, 2nd Edition (html)</DESCRIPTION>
           <PUBLISHERS>
            <PUBLISHER>SAMS</PUBLISHER>
           </PUBLISHERS>
           <AUTHORS>
            <AUTHOR>
             <FULLNAME>Mike Amundsen</FULLNAME>
             <LASTNAME>Amundsen</LASTNAME>
             <FIRSTNAME>Mike</FIRSTNAME>
            </AUTHOR>
           </AUTHORS>
           <TITLE>Teach Yourself Database Programming with VB 5.0 in 21 Days</TITLE>
           <EDITION>2</EDITION>
           <INSTANCES>
            <INSTANCE>
             <FORMAT>html</FORMAT>
             <SIZE>0</SIZE>
             <CHECKSUM>0</CHECKSUM>
            </INSTANCE>
           </INSTANCES>
          </INFO>
         </ITEM>
        </FILE>
        <FILE link="Lib/InfoSyS/Langs/Basic/SAMS-RJ-DDGwVB4.zip">
         <LOCATION>
          <URL>Lib/InfoSyS/Langs/Basic/SAMS-RJ-DDGwVB4.zip</URL>
          <SIZE>10.8</SIZE>
          <CHECKSUM>0</CHECKSUM>
          <TYPE>zip</TYPE>
         </LOCATION>
         <ITEM>
          <INFO>
           <CATEGORIES>
            <CATEGORY>Lib/InfoSyS/Langs/Basic</CATEGORY>
           </CATEGORIES>
           <DESCRIPTION>SAMS - Roger Jennings - Database Developer's Guide with Visual Basic 4, 2nd Edition (html)</DESCRIPTION>
           <PUBLISHERS>
            <PUBLISHER>SAMS</PUBLISHER>
           </PUBLISHERS>
           <AUTHORS>
            <AUTHOR>
             <FULLNAME>Roger Jennings</FULLNAME>
             <LASTNAME>Jennings</LASTNAME>
             <FIRSTNAME>Roger</FIRSTNAME>
            </AUTHOR>
           </AUTHORS>
           <TITLE>Database Developer's Guide with Visual Basic 4</TITLE>
           <EDITION>2</EDITION>
           <INSTANCES>
            <INSTANCE>
             <FORMAT>html</FORMAT>
             <SIZE>0</SIZE>
             <CHECKSUM>0</CHECKSUM>
            </INSTANCE>
           </INSTANCES>
          </INFO>
         </ITEM>
        </FILE>
        <FILE link="Lib/InfoSyS/Langs/Basic/U-DA-DACVB5.zip">
         <LOCATION>
          <URL>Lib/InfoSyS/Langs/Basic/U-DA-DACVB5.zip</URL>
          <SIZE>1.3</SIZE>
          <CHECKSUM>0</CHECKSUM>
          <TYPE>zip</TYPE>
         </LOCATION>
         <ITEM>
          <INFO>
           <CATEGORIES>
            <CATEGORY>Lib/InfoSyS/Langs/Basic</CATEGORY>
           </CATEGORIES>
           <DESCRIPTION>Dan Appleman - Development ActiveX Components with VB 5 (html)</DESCRIPTION>
           <AUTHORS>
            <AUTHOR>
             <FULLNAME>Dan Appleman</FULLNAME>
             <LASTNAME>Appleman</LASTNAME>
             <FIRSTNAME>Dan</FIRSTNAME>
            </AUTHOR>
           </AUTHORS>
           <TITLE>Development ActiveX Components with VB 5</TITLE>
           <INSTANCES>
            <INSTANCE>
             <FORMAT>html</FORMAT>
             <SIZE>0</SIZE>
             <CHECKSUM>0</CHECKSUM>
            </INSTANCE>
           </INSTANCES>
          </INFO>
         </ITEM>
        </FILE>
       </FILELIST>
      </DIR>
      <DIR link="Lib/InfoSyS/Langs/c">
       <LOCATION>
        <URL>Lib/InfoSyS/Langs/c</URL>
        <SIZE>292.4</SIZE>
       </LOCATION>
       <FILELIST category="Lib/InfoSyS/Langs/c">
        <INFO>
         <DESCRIPTION>C / C++</DESCRIPTION>
         <TITLE>C / C++</TITLE>
         <DEFAULTFORMAT>pdf</DEFAULTFORMAT>
        </INFO>
        <FILE link="Lib/InfoSyS/Langs/c/29SP-PC-CSC.zip">
         <LOCATION>
          <URL>Lib/InfoSyS/Langs/c/29SP-PC-CSC.zip</URL>
          <SIZE>0.1</SIZE>
          <CHECKSUM>0</CHECKSUM>
          <TYPE>zip</TYPE>
         </LOCATION>
         <ITEM>
          <INFO>
           <CATEGORIES>
            <CATEGORY>Lib/InfoSyS/Langs/c</CATEGORY>
           </CATEGORIES>
           <DESCRIPTION>29SP - Paul Conte - Common Sense C (Advice and Warnings for C and C++ Programmers) (html)</DESCRIPTION>
           <PUBLISHERS>
            <PUBLISHER>29SP</PUBLISHER>
           </PUBLISHERS>
           <AUTHORS>
            <AUTHOR>
             <FULLNAME>Paul Conte</FULLNAME>
             <LASTNAME>Conte</LASTNAME>
             <FIRSTNAME>Paul</FIRSTNAME>
            </AUTHOR>
           </AUTHORS>
           <TITLE>Common Sense C (Advice and Warnings for C and C++ Programmers)</TITLE>
           <INSTANCES>
            <INSTANCE>
             <FORMAT>html</FORMAT>
             <SIZE>0</SIZE>
             <CHECKSUM>0</CHECKSUM>
            </INSTANCE>
           </INSTANCES>
          </INFO>
         </ITEM>
        </FILE>
        <FILE link="Lib/InfoSyS/Langs/c/3DLabs-OGLFD.zip">
         <LOCATION>
          <URL>Lib/InfoSyS/Langs/c/3DLabs-OGLFD.zip</URL>
          <SIZE>1.2</SIZE>
          <CHECKSUM>0</CHECKSUM>
          <TYPE>zip</TYPE>
         </LOCATION>
         <ITEM>
          <INFO>
           <CATEGORIES>
            <CATEGORY>Lib/InfoSyS/Langs/c</CATEGORY>
           </CATEGORIES>
           <DESCRIPTION>3D Labs - Open GL Future Directions</DESCRIPTION>
           <AUTHORS>
            <AUTHOR>
             <FULLNAME>3D Labs</FULLNAME>
             <LASTNAME>Labs</LASTNAME>
             <FIRSTNAME>3D</FIRSTNAME>
            </AUTHOR>
           </AUTHORS>
           <TITLE>Open GL Future Directions</TITLE>
           <INSTANCES>
            <INSTANCE>
             <FORMAT>pdf</FORMAT>
             <SIZE>0</SIZE>
             <CHECKSUM>0</CHECKSUM>
            </INSTANCE>
           </INSTANCES>
          </INFO>
         </ITEM>
        </FILE>
        <FILE link="Lib/InfoSyS/Langs/c/AW--CPPT.zip">
         <LOCATION>
          <URL>Lib/InfoSyS/Langs/c/AW--CPPT.zip</URL>
          <SIZE>1.5</SIZE>
          <CHECKSUM>0</CHECKSUM>
          <TYPE>zip</TYPE>
         </LOCATION>
         <ITEM>
          <INFO>
           <CATEGORIES>
            <CATEGORY>Lib/InfoSyS/Langs/c</CATEGORY>
           </CATEGORIES>
           <DESCRIPTION>Addison Wesley - - C++ Transparency</DESCRIPTION>
           <PUBLISHERS>
            <PUBLISHER>Addison Wesley</PUBLISHER>
           </PUBLISHERS>
           <TITLE>C++ Transparency</TITLE>
           <INSTANCES>
            <INSTANCE>
             <FORMAT>pdf</FORMAT>
             <SIZE>0</SIZE>
             <CHECKSUM>0</CHECKSUM>
            </INSTANCE>
           </INSTANCES>
          </INFO>
         </ITEM>
        </FILE>
        <FILE link="Lib/InfoSyS/Langs/c/AW-BS-CPPPL-RUS-HTML.zip">
         <LOCATION>
          <URL>Lib/InfoSyS/Langs/c/AW-BS-CPPPL-RUS-HTML.zip</URL>
          <SIZE>0.2</SIZE>
          <CHECKSUM>0</CHECKSUM>
          <TYPE>zip</TYPE>
         </LOCATION>
         <ITEM>
          <INFO>
           <CATEGORIES>
            <CATEGORY>Lib/InfoSyS/Langs/c</CATEGORY>
           </CATEGORIES>
           <DESCRIPTION>Бьярн Страустрап - Язык Программирования C++ (html)</DESCRIPTION>
           <AUTHORS>
            <AUTHOR>
             <FULLNAME>Бьярн Страустрап</FULLNAME>
             <LASTNAME>Страустрап</LASTNAME>
             <FIRSTNAME>Бьярн</FIRSTNAME>
            </AUTHOR>
           </AUTHORS>
           <TITLE>Язык Программирования C++</TITLE>
           <INSTANCES>
            <INSTANCE>
             <FORMAT>html</FORMAT>
             <SIZE>0</SIZE>
             <CHECKSUM>0</CHECKSUM>
            </INSTANCE>
           </INSTANCES>
          </INFO>
         </ITEM>
        </FILE>
        <FILE link="Lib/InfoSyS/Langs/c/AW-BS-CPPPL-RUS.zip">
         <LOCATION>
          <URL>Lib/InfoSyS/Langs/c/AW-BS-CPPPL-RUS.zip</URL>
          <SIZE>0.2</SIZE>
          <CHECKSUM>0</CHECKSUM>
          <TYPE>zip</TYPE>
         </LOCATION>
         <ITEM>
          <INFO>
           <CATEGORIES>
            <CATEGORY>Lib/InfoSyS/Langs/c</CATEGORY>
           </CATEGORIES>
           <DESCRIPTION>Бьярн Страустрап - Язык Программирования C++ (txt)</DESCRIPTION>
           <AUTHORS>
            <AUTHOR>
             <FULLNAME>Бьярн Страустрап</FULLNAME>
             <LASTNAME>Страустрап</LASTNAME>
             <FIRSTNAME>Бьярн</FIRSTNAME>
            </AUTHOR>
           </AUTHORS>
           <TITLE>Язык Программирования C++</TITLE>
           <INSTANCES>
            <INSTANCE>
             <FORMAT>txt</FORMAT>
             <SIZE>0</SIZE>
             <CHECKSUM>0</CHECKSUM>
            </INSTANCE>
           </INSTANCES>
          </INFO>
         </ITEM>
        </FILE>
        <FILE link="Lib/InfoSyS/Langs/c/AW-BS-CPPPL.zip">
         <LOCATION>
          <URL>Lib/InfoSyS/Langs/c/AW-BS-CPPPL.zip</URL>
          <SIZE>4</SIZE>
          <CHECKSUM>0</CHECKSUM>
          <TYPE>zip</TYPE>
         </LOCATION>
         <ITEM>
          <INFO>
           <CATEGORIES>
            <CATEGORY>Lib/InfoSyS/Langs/c</CATEGORY>
           </CATEGORIES>
           <DESCRIPTION>AW - Bjarne Stroustrup - The C++ Programming Language 3rd Edition</DESCRIPTION>
           <PUBLISHERS>
            <PUBLISHER>AW</PUBLISHER>
           </PUBLISHERS>
           <AUTHORS>
            <AUTHOR>
             <FULLNAME>Bjarne Stroustrup</FULLNAME>
             <LASTNAME>Stroustrup</LASTNAME>
             <FIRSTNAME>Bjarne</FIRSTNAME>
            </AUTHOR>
           </AUTHORS>
           <TITLE>The C++ Programming Language 3rd Edition</TITLE>
           <INSTANCES>
            <INSTANCE>
             <FORMAT>pdf</FORMAT>
             <SIZE>0</SIZE>
             <CHECKSUM>0</CHECKSUM>
            </INSTANCE>
           </INSTANCES>
          </INFO>
         </ITEM>
        </FILE>
        <FILE link="Lib/InfoSyS/Langs/c/AW-IP-CPPbD.zip">
         <LOCATION>
          <URL>Lib/InfoSyS/Langs/c/AW-IP-CPPbD.zip</URL>
          <SIZE>2.9</SIZE>
          <CHECKSUM>0</CHECKSUM>
          <TYPE>zip</TYPE>
         </LOCATION>
         <ITEM>
          <INFO>
           <CATEGORIES>
            <CATEGORY>Lib/InfoSyS/Langs/c</CATEGORY>
           </CATEGORIES>
           <DESCRIPTION>AW - Ira Pohl - C++ By Dissection</DESCRIPTION>
           <PUBLISHERS>
            <PUBLISHER>AW</PUBLISHER>
           </PUBLISHERS>
           <AUTHORS>
            <AUTHOR>
             <FULLNAME>Ira Pohl</FULLNAME>
             <LASTNAME>Pohl</LASTNAME>
             <FIRSTNAME>Ira</FIRSTNAME>
            </AUTHOR>
           </AUTHORS>
           <TITLE>C++ By Dissection</TITLE>
           <INSTANCES>
            <INSTANCE>
             <FORMAT>pdf</FORMAT>
             <SIZE>0</SIZE>
             <CHECKSUM>0</CHECKSUM>
            </INSTANCE>
           </INSTANCES>
          </INFO>
         </ITEM>
        </FILE>
        <FILE link="Lib/InfoSyS/Langs/c/Borland--BCPPB5fWDG.zip">
         <LOCATION>
          <URL>Lib/InfoSyS/Langs/c/Borland--BCPPB5fWDG.zip</URL>
          <SIZE>6.6</SIZE>
          <CHECKSUM>0</CHECKSUM>
          <TYPE>zip</TYPE>
         </LOCATION>
         <ITEM>
          <INFO>
           <CATEGORIES>
            <CATEGORY>Lib/InfoSyS/Langs/c</CATEGORY>
           </CATEGORIES>
           <DESCRIPTION>Borland - Borland C++ Builder 5 for Windows Developer's Guide</DESCRIPTION>
           <AUTHORS>
            <AUTHOR>
             <FULLNAME>Borland</FULLNAME>
             <LASTNAME>Borland</LASTNAME>
             <FIRSTNAME></FIRSTNAME>
            </AUTHOR>
           </AUTHORS>
           <TITLE>Borland C++ Builder 5 for Windows Developer's Guide</TITLE>
           <INSTANCES>
            <INSTANCE>
             <FORMAT>pdf</FORMAT>
             <SIZE>0</SIZE>
             <CHECKSUM>0</CHECKSUM>
            </INSTANCE>
           </INSTANCES>
          </INFO>
         </ITEM>
        </FILE>
        <FILE link="Lib/InfoSyS/Langs/c/ICCE-FB-ItPiCP.zip">
         <LOCATION>
          <URL>Lib/InfoSyS/Langs/c/ICCE-FB-ItPiCP.zip</URL>
          <SIZE>0.4</SIZE>
          <CHECKSUM>0</CHECKSUM>
          <TYPE>zip</TYPE>
         </LOCATION>
         <ITEM>
          <INFO>
           <CATEGORIES>
            <CATEGORY>Lib/InfoSyS/Langs/c</CATEGORY>
           </CATEGORIES>
           <DESCRIPTION>ICCE - Frank Brokken - C++ Annotations Version 4.4.1d (html)</DESCRIPTION>
           <PUBLISHERS>
            <PUBLISHER>ICCE</PUBLISHER>
           </PUBLISHERS>
           <AUTHORS>
            <AUTHOR>
             <FULLNAME>Frank Brokken</FULLNAME>
             <LASTNAME>Brokken</LASTNAME>
             <FIRSTNAME>Frank</FIRSTNAME>
            </AUTHOR>
           </AUTHORS>
           <TITLE>C++ Annotations Version 4.4.1d</TITLE>
           <INSTANCES>
            <INSTANCE>
             <FORMAT>html</FORMAT>
             <SIZE>0</SIZE>
             <CHECKSUM>0</CHECKSUM>
            </INSTANCE>
           </INSTANCES>
          </INFO>
         </ITEM>
        </FILE>
        <FILE link="Lib/InfoSyS/Langs/c/IDG-CW-VCPP6fDQR.zip">
         <LOCATION>
          <URL>Lib/InfoSyS/Langs/c/IDG-CW-VCPP6fDQR.zip</URL>
          <SIZE>8.3</SIZE>
          <CHECKSUM>0</CHECKSUM>
          <TYPE>zip</TYPE>
         </LOCATION>
         <ITEM>
          <INFO>
           <CATEGORIES>
            <CATEGORY>Lib/InfoSyS/Langs/c</CATEGORY>
           </CATEGORIES>
           <DESCRIPTION>IDG - Charles Wright - Visual C++ 6 for Dummies Quick Reference</DESCRIPTION>
           <PUBLISHERS>
            <PUBLISHER>IDG</PUBLISHER>
           </PUBLISHERS>
           <AUTHORS>
            <AUTHOR>
             <FULLNAME>Charles Wright</FULLNAME>
             <LASTNAME>Wright</LASTNAME>
             <FIRSTNAME>Charles</FIRSTNAME>
            </AUTHOR>
           </AUTHORS>
           <TITLE>Visual C++ 6 for Dummies Quick Reference</TITLE>
           <INSTANCES>
            <INSTANCE>
             <FORMAT>pdf</FORMAT>
             <SIZE>0</SIZE>
             <CHECKSUM>0</CHECKSUM>
            </INSTANCE>
           </INSTANCES>
          </INFO>
         </ITEM>
        </FILE>
        <FILE link="Lib/InfoSyS/Langs/c/IDG-CW-VCPPfDQR.zip">
         <LOCATION>
          <URL>Lib/InfoSyS/Langs/c/IDG-CW-VCPPfDQR.zip</URL>
          <SIZE>8.3</SIZE>
          <CHECKSUM>0</CHECKSUM>
          <TYPE>zip</TYPE>
         </LOCATION>
         <ITEM>
          <INFO>
           <CATEGORIES>
            <CATEGORY>Lib/InfoSyS/Langs/c</CATEGORY>
           </CATEGORIES>
           <DESCRIPTION>IDG - Charles Wright - Visual C++ 6 for Dummies Quick Reference</DESCRIPTION>
           <PUBLISHERS>
            <PUBLISHER>IDG</PUBLISHER>
           </PUBLISHERS>
           <AUTHORS>
            <AUTHOR>
             <FULLNAME>Charles Wright</FULLNAME>
             <LASTNAME>Wright</LASTNAME>
             <FIRSTNAME>Charles</FIRSTNAME>
            </AUTHOR>
           </AUTHORS>
           <TITLE>Visual C++ 6 for Dummies Quick Reference</TITLE>
           <INSTANCES>
            <INSTANCE>
             <FORMAT>pdf</FORMAT>
             <SIZE>0</SIZE>
             <CHECKSUM>0</CHECKSUM>
            </INSTANCE>
           </INSTANCES>
          </INFO>
         </ITEM>
        </FILE>
        <FILE link="Lib/InfoSyS/Langs/c/IDG-MP-W95SPS.zip">
         <LOCATION>
          <URL>Lib/InfoSyS/Langs/c/IDG-MP-W95SPS.zip</URL>
          <SIZE>3.6</SIZE>
          <CHECKSUM>0</CHECKSUM>
          <TYPE>zip</TYPE>
         </LOCATION>
         <ITEM>
          <INFO>
           <CATEGORIES>
            <CATEGORY>Lib/InfoSyS/Langs/c</CATEGORY>
           </CATEGORIES>
           <DESCRIPTION>IDG - Matt Pietrek - Windows95 System Programming Secrets</DESCRIPTION>
           <PUBLISHERS>
            <PUBLISHER>IDG</PUBLISHER>
           </PUBLISHERS>
           <AUTHORS>
            <AUTHOR>
             <FULLNAME>Matt Pietrek</FULLNAME>
             <LASTNAME>Pietrek</LASTNAME>
             <FIRSTNAME>Matt</FIRSTNAME>
            </AUTHOR>
           </AUTHORS>
           <TITLE>Windows95 System Programming Secrets</TITLE>
           <INSTANCES>
            <INSTANCE>
             <FORMAT>pdf</FORMAT>
             <SIZE>0</SIZE>
             <CHECKSUM>0</CHECKSUM>
            </INSTANCE>
           </INSTANCES>
          </INFO>
         </ITEM>
        </FILE>
        <FILE link="Lib/InfoSyS/Langs/c/ISO--IEECPPSpec.zip">
         <LOCATION>
          <URL>Lib/InfoSyS/Langs/c/ISO--IEECPPSpec.zip</URL>
          <SIZE>2.2</SIZE>
          <CHECKSUM>0</CHECKSUM>
          <TYPE>zip</TYPE>
         </LOCATION>
         <ITEM>
          <INFO>
           <CATEGORIES>
            <CATEGORY>Lib/InfoSyS/Langs/c</CATEGORY>
           </CATEGORIES>
           <DESCRIPTION>ISO/IEC 14882 (C++ ISO Specification)</DESCRIPTION>
           <TITLE>ISO/IEC 14882 (C++ ISO Specification)</TITLE>
           <INSTANCES>
            <INSTANCE>
             <FORMAT>pdf</FORMAT>
             <SIZE>0</SIZE>
             <CHECKSUM>0</CHECKSUM>
            </INSTANCE>
           </INSTANCES>
          </INFO>
         </ITEM>
        </FILE>
        <FILE link="Lib/InfoSyS/Langs/c/MCP-FP-MFC4B.zip">
         <LOCATION>
          <URL>Lib/InfoSyS/Langs/c/MCP-FP-MFC4B.zip</URL>
          <SIZE>1.5</SIZE>
          <CHECKSUM>0</CHECKSUM>
          <TYPE>zip</TYPE>
         </LOCATION>
         <ITEM>
          <INFO>
           <CATEGORIES>
            <CATEGORY>Lib/InfoSyS/Langs/c</CATEGORY>
           </CATEGORIES>
           <DESCRIPTION>MCP - Fred Pandolfi - MFC 4 Bible (html)</DESCRIPTION>
           <PUBLISHERS>
            <PUBLISHER>MCP</PUBLISHER>
           </PUBLISHERS>
           <AUTHORS>
            <AUTHOR>
             <FULLNAME>Fred Pandolfi</FULLNAME>
             <LASTNAME>Pandolfi</LASTNAME>
             <FIRSTNAME>Fred</FIRSTNAME>
            </AUTHOR>
           </AUTHORS>
           <TITLE>MFC 4 Bible</TITLE>
           <INSTANCES>
            <INSTANCE>
             <FORMAT>html</FORMAT>
             <SIZE>0</SIZE>
             <CHECKSUM>0</CHECKSUM>
            </INSTANCE>
           </INSTANCES>
          </INFO>
         </ITEM>
        </FILE>
        <FILE link="Lib/InfoSyS/Langs/c/MSPress--LLfVCPP.chm">
         <LOCATION>
          <URL>Lib/InfoSyS/Langs/c/MSPress--LLfVCPP.chm</URL>
          <SIZE>1.2</SIZE>
          <CHECKSUM>0</CHECKSUM>
          <TYPE>plain</TYPE>
         </LOCATION>
         <ITEM>
          <INFO>
           <CATEGORIES>
            <CATEGORY>Lib/InfoSyS/Langs/c</CATEGORY>
           </CATEGORIES>
           <DESCRIPTION>MSPress - Languages and Libraries for VC++ (chm)</DESCRIPTION>
           <AUTHORS>
            <AUTHOR>
             <FULLNAME>MSPress</FULLNAME>
             <LASTNAME>MSPress</LASTNAME>
             <FIRSTNAME></FIRSTNAME>
            </AUTHOR>
           </AUTHORS>
           <TITLE>Languages and Libraries for VC++</TITLE>
           <INSTANCES>
            <INSTANCE>
             <FORMAT>chm</FORMAT>
             <SIZE>0</SIZE>
             <CHECKSUM>0</CHECKSUM>
            </INSTANCE>
           </INSTANCES>
          </INFO>
         </ITEM>
        </FILE>
        <FILE link="Lib/InfoSyS/Langs/c/MSPress--MFCT.chm">
         <LOCATION>
          <URL>Lib/InfoSyS/Langs/c/MSPress--MFCT.chm</URL>
          <SIZE>3.5</SIZE>
          <CHECKSUM>0</CHECKSUM>
          <TYPE>plain</TYPE>
         </LOCATION>
         <ITEM>
          <INFO>
           <CATEGORIES>
            <CATEGORY>Lib/InfoSyS/Langs/c</CATEGORY>
           </CATEGORIES>
           <DESCRIPTION>MSPress - Microsoft Foundation Classes and Templates (chm)</DESCRIPTION>
           <AUTHORS>
            <AUTHOR>
             <FULLNAME>MSPress</FULLNAME>
             <LASTNAME>MSPress</LASTNAME>
             <FIRSTNAME></FIRSTNAME>
            </AUTHOR>
           </AUTHORS>
           <TITLE>Microsoft Foundation Classes and Templates</TITLE>
           <INSTANCES>
            <INSTANCE>
             <FORMAT>chm</FORMAT>
             <SIZE>0</SIZE>
             <CHECKSUM>0</CHECKSUM>
            </INSTANCE>
           </INSTANCES>
          </INFO>
         </ITEM>
        </FILE>
        <FILE link="Lib/InfoSyS/Langs/c/MSPress-AJ-NPfMW.chm">
         <LOCATION>
          <URL>Lib/InfoSyS/Langs/c/MSPress-AJ-NPfMW.chm</URL>
          <SIZE>2.2</SIZE>
          <CHECKSUM>0</CHECKSUM>
          <TYPE>plain</TYPE>
         </LOCATION>
         <ITEM>
          <INFO>
           <CATEGORIES>
            <CATEGORY>Lib/InfoSyS/Langs/c</CATEGORY>
           </CATEGORIES>
           <DESCRIPTION>MSPress - Anthony Jones - Networking Programming for MS Windows (chm)</DESCRIPTION>
           <PUBLISHERS>
            <PUBLISHER>MSPress</PUBLISHER>
           </PUBLISHERS>
           <AUTHORS>
            <AUTHOR>
             <FULLNAME>Anthony Jones</FULLNAME>
             <LASTNAME>Jones</LASTNAME>
             <FIRSTNAME>Anthony</FIRSTNAME>
            </AUTHOR>
           </AUTHORS>
           <TITLE>Networking Programming for MS Windows</TITLE>
           <INSTANCES>
            <INSTANCE>
             <FORMAT>chm</FORMAT>
             <SIZE>0</SIZE>
             <CHECKSUM>0</CHECKSUM>
            </INSTANCE>
           </INSTANCES>
          </INFO>
         </ITEM>
        </FILE>
        <FILE link="Lib/InfoSyS/Langs/c/MSPress-AJ-NPfW.chm">
         <LOCATION>
          <URL>Lib/InfoSyS/Langs/c/MSPress-AJ-NPfW.chm</URL>
          <SIZE>2.2</SIZE>
          <CHECKSUM>0</CHECKSUM>
          <TYPE>plain</TYPE>
         </LOCATION>
         <ITEM>
          <INFO>
           <CATEGORIES>
            <CATEGORY>Lib/InfoSyS/Langs/c</CATEGORY>
           </CATEGORIES>
           <DESCRIPTION>MSPress - Anthony Jones - Network Programming for Windows (chm)</DESCRIPTION>
           <PUBLISHERS>
            <PUBLISHER>MSPress</PUBLISHER>
           </PUBLISHERS>
           <AUTHORS>
            <AUTHOR>
             <FULLNAME>Anthony Jones</FULLNAME>
             <LASTNAME>Jones</LASTNAME>
             <FIRSTNAME>Anthony</FIRSTNAME>
            </AUTHOR>
           </AUTHORS>
           <TITLE>Network Programming for Windows</TITLE>
           <INSTANCES>
            <INSTANCE>
             <FORMAT>chm</FORMAT>
             <SIZE>0</SIZE>
             <CHECKSUM>0</CHECKSUM>
            </INSTANCE>
           </INSTANCES>
          </INFO>
         </ITEM>
        </FILE>
        <FILE link="Lib/InfoSyS/Langs/c/MSPress-JP-PWwMFC.zip">
         <LOCATION>
          <URL>Lib/InfoSyS/Langs/c/MSPress-JP-PWwMFC.zip</URL>
          <SIZE>8.4</SIZE>
          <CHECKSUM>0</CHECKSUM>
          <TYPE>zip</TYPE>
         </LOCATION>
         <ITEM>
          <INFO>
           <CATEGORIES>
            <CATEGORY>Lib/InfoSyS/Langs/c</CATEGORY>
           </CATEGORIES>
           <DESCRIPTION>MSPress - Jeff Prosise - Programming Windows with MFC, 2nd Edition (chm)</DESCRIPTION>
           <PUBLISHERS>
            <PUBLISHER>MSPress</PUBLISHER>
           </PUBLISHERS>
           <AUTHORS>
            <AUTHOR>
             <FULLNAME>Jeff Prosise</FULLNAME>
             <LASTNAME>Prosise</LASTNAME>
             <FIRSTNAME>Jeff</FIRSTNAME>
            </AUTHOR>
           </AUTHORS>
           <TITLE>Programming Windows with MFC</TITLE>
           <EDITION>2</EDITION>
           <INSTANCES>
            <INSTANCE>
             <FORMAT>chm</FORMAT>
             <SIZE>0</SIZE>
             <CHECKSUM>0</CHECKSUM>
            </INSTANCE>
           </INSTANCES>
          </INFO>
         </ITEM>
        </FILE>
        <FILE link="Lib/InfoSyS/Langs/c/MSPress-KG-iVCPP5.chm">
         <LOCATION>
          <URL>Lib/InfoSyS/Langs/c/MSPress-KG-iVCPP5.chm</URL>
          <SIZE>7.3</SIZE>
          <CHECKSUM>0</CHECKSUM>
          <TYPE>plain</TYPE>
         </LOCATION>
         <ITEM>
          <INFO>
           <CATEGORIES>
            <CATEGORY>Lib/InfoSyS/Langs/c</CATEGORY>
           </CATEGORIES>
           <DESCRIPTION>MSPress - David Kruglinski - Programming MSVC++ Fifth Edition (chm)</DESCRIPTION>
           <PUBLISHERS>
            <PUBLISHER>MSPress</PUBLISHER>
           </PUBLISHERS>
           <AUTHORS>
            <AUTHOR>
             <FULLNAME>David Kruglinski</FULLNAME>
             <LASTNAME>Kruglinski</LASTNAME>
             <FIRSTNAME>David</FIRSTNAME>
            </AUTHOR>
           </AUTHORS>
           <TITLE>Programming MSVC++ Fifth Edition</TITLE>
           <INSTANCES>
            <INSTANCE>
             <FORMAT>chm</FORMAT>
             <SIZE>0</SIZE>
             <CHECKSUM>0</CHECKSUM>
            </INSTANCE>
           </INSTANCES>
          </INFO>
         </ITEM>
        </FILE>
        <FILE link="Lib/InfoSyS/Langs/c/NP--LMSTSUVCPP.zip">
         <LOCATION>
          <URL>Lib/InfoSyS/Langs/c/NP--LMSTSUVCPP.zip</URL>
          <SIZE>6</SIZE>
          <CHECKSUM>0</CHECKSUM>
          <TYPE>zip</TYPE>
         </LOCATION>
         <ITEM>
          <INFO>
           <CATEGORIES>
            <CATEGORY>Lib/InfoSyS/Langs/c</CATEGORY>
           </CATEGORIES>
           <DESCRIPTION>NP - - Learn Microsoft Transaction Server Development Using Visual C++ 6.0 (doc)</DESCRIPTION>
           <PUBLISHERS>
            <PUBLISHER>NP</PUBLISHER>
           </PUBLISHERS>
           <TITLE>Learn Microsoft Transaction Server Development Using Visual C++ 6.0</TITLE>
           <INSTANCES>
            <INSTANCE>
             <FORMAT>doc</FORMAT>
             <SIZE>0</SIZE>
             <CHECKSUM>0</CHECKSUM>
            </INSTANCE>
           </INSTANCES>
          </INFO>
         </ITEM>
        </FILE>
        <FILE link="Lib/InfoSyS/Langs/c/Osborne-CP-tCRVC6.chm">
         <LOCATION>
          <URL>Lib/InfoSyS/Langs/c/Osborne-CP-tCRVC6.chm</URL>
          <SIZE>3.6</SIZE>
          <CHECKSUM>0</CHECKSUM>
          <TYPE>plain</TYPE>
         </LOCATION>
         <ITEM>
          <INFO>
           <CATEGORIES>
            <CATEGORY>Lib/InfoSyS/Langs/c</CATEGORY>
           </CATEGORIES>
           <DESCRIPTION>Osborne - Chris Pappas - The Complete Reference Visual C++ 6 (chm)</DESCRIPTION>
           <PUBLISHERS>
            <PUBLISHER>Osborne</PUBLISHER>
           </PUBLISHERS>
           <AUTHORS>
            <AUTHOR>
             <FULLNAME>Chris Pappas</FULLNAME>
             <LASTNAME>Pappas</LASTNAME>
             <FIRSTNAME>Chris</FIRSTNAME>
            </AUTHOR>
           </AUTHORS>
           <TITLE>The Complete Reference Visual C++ 6</TITLE>
           <INSTANCES>
            <INSTANCE>
             <FORMAT>chm</FORMAT>
             <SIZE>0</SIZE>
             <CHECKSUM>0</CHECKSUM>
            </INSTANCE>
           </INSTANCES>
          </INFO>
         </ITEM>
        </FILE>
        <FILE link="Lib/InfoSyS/Langs/c/PH-BE-TCPP.zip">
         <LOCATION>
          <URL>Lib/InfoSyS/Langs/c/PH-BE-TCPP.zip</URL>
          <SIZE>1.6</SIZE>
          <CHECKSUM>0</CHECKSUM>
          <TYPE>zip</TYPE>
         </LOCATION>
         <ITEM>
          <INFO>
           <CATEGORIES>
            <CATEGORY>Lib/InfoSyS/Langs/c</CATEGORY>
           </CATEGORIES>
           <DESCRIPTION>PH - Bruce Eckel - Thinking in C++ 2nd Edition (html)</DESCRIPTION>
           <PUBLISHERS>
            <PUBLISHER>PH</PUBLISHER>
           </PUBLISHERS>
           <AUTHORS>
            <AUTHOR>
             <FULLNAME>Bruce Eckel</FULLNAME>
             <LASTNAME>Eckel</LASTNAME>
             <FIRSTNAME>Bruce</FIRSTNAME>
            </AUTHOR>
           </AUTHORS>
           <TITLE>Thinking in C++ 2nd Edition</TITLE>
           <INSTANCES>
            <INSTANCE>
             <FORMAT>html</FORMAT>
             <SIZE>0</SIZE>
             <CHECKSUM>0</CHECKSUM>
            </INSTANCE>
           </INSTANCES>
          </INFO>
         </ITEM>
        </FILE>
        <FILE link="Lib/InfoSyS/Langs/c/QUE--BPMFC.zip">
         <LOCATION>
          <URL>Lib/InfoSyS/Langs/c/QUE--BPMFC.zip</URL>
          <SIZE>9.9</SIZE>
          <CHECKSUM>0</CHECKSUM>
          <TYPE>zip</TYPE>
         </LOCATION>
         <ITEM>
          <INFO>
           <CATEGORIES>
            <CATEGORY>Lib/InfoSyS/Langs/c</CATEGORY>
           </CATEGORIES>
           <DESCRIPTION>QUE - - Basic Programming with MFC (html)</DESCRIPTION>
           <PUBLISHERS>
            <PUBLISHER>QUE</PUBLISHER>
           </PUBLISHERS>
           <TITLE>Basic Programming with MFC</TITLE>
           <INSTANCES>
            <INSTANCE>
             <FORMAT>html</FORMAT>
             <SIZE>0</SIZE>
             <CHECKSUM>0</CHECKSUM>
            </INSTANCE>
           </INSTANCES>
          </INFO>
         </ITEM>
        </FILE>
        <FILE link="Lib/InfoSyS/Langs/c/QUE--CPPbE.zip">
         <LOCATION>
          <URL>Lib/InfoSyS/Langs/c/QUE--CPPbE.zip</URL>
          <SIZE>3.6</SIZE>
          <CHECKSUM>0</CHECKSUM>
          <TYPE>zip</TYPE>
         </LOCATION>
         <ITEM>
          <INFO>
           <CATEGORIES>
            <CATEGORY>Lib/InfoSyS/Langs/c</CATEGORY>
           </CATEGORIES>
           <DESCRIPTION>QUE - - C++ By Example</DESCRIPTION>
           <PUBLISHERS>
            <PUBLISHER>QUE</PUBLISHER>
           </PUBLISHERS>
           <TITLE>C++ By Example</TITLE>
           <INSTANCES>
            <INSTANCE>
             <FORMAT>pdf</FORMAT>
             <SIZE>0</SIZE>
             <CHECKSUM>0</CHECKSUM>
            </INSTANCE>
           </INSTANCES>
          </INFO>
         </ITEM>
        </FILE>
        <FILE link="Lib/InfoSyS/Langs/c/QUE--PwMFC.zip">
         <LOCATION>
          <URL>Lib/InfoSyS/Langs/c/QUE--PwMFC.zip</URL>
          <SIZE>10</SIZE>
          <CHECKSUM>0</CHECKSUM>
          <TYPE>zip</TYPE>
         </LOCATION>
         <ITEM>
          <INFO>
           <CATEGORIES>
            <CATEGORY>Lib/InfoSyS/Langs/c</CATEGORY>
           </CATEGORIES>
           <DESCRIPTION>QUE - - Programming with MFC (html)</DESCRIPTION>
           <PUBLISHERS>
            <PUBLISHER>QUE</PUBLISHER>
           </PUBLISHERS>
           <TITLE>Programming with MFC</TITLE>
           <INSTANCES>
            <INSTANCE>
             <FORMAT>html</FORMAT>
             <SIZE>0</SIZE>
             <CHECKSUM>0</CHECKSUM>
            </INSTANCE>
           </INSTANCES>
          </INFO>
         </ITEM>
        </FILE>
        <FILE link="Lib/InfoSyS/Langs/c/QUE--UVCPP5.zip">
         <LOCATION>
          <URL>Lib/InfoSyS/Langs/c/QUE--UVCPP5.zip</URL>
          <SIZE>11.7</SIZE>
          <CHECKSUM>0</CHECKSUM>
          <TYPE>zip</TYPE>
         </LOCATION>
         <ITEM>
          <INFO>
           <CATEGORIES>
            <CATEGORY>Lib/InfoSyS/Langs/c</CATEGORY>
           </CATEGORIES>
           <DESCRIPTION>QUE - - Using Visual C++ 5 (html)</DESCRIPTION>
           <PUBLISHERS>
            <PUBLISHER>QUE</PUBLISHER>
           </PUBLISHERS>
           <TITLE>Using Visual C++ 5</TITLE>
           <INSTANCES>
            <INSTANCE>
             <FORMAT>html</FORMAT>
             <SIZE>0</SIZE>
             <CHECKSUM>0</CHECKSUM>
            </INSTANCE>
           </INSTANCES>
          </INFO>
         </ITEM>
        </FILE>
        <FILE link="Lib/InfoSyS/Langs/c/Que-DK-tANSICPPPPH.zip">
         <LOCATION>
          <URL>Lib/InfoSyS/Langs/c/Que-DK-tANSICPPPPH.zip</URL>
          <SIZE>2.6</SIZE>
          <CHECKSUM>0</CHECKSUM>
          <TYPE>zip</TYPE>
         </LOCATION>
         <ITEM>
          <INFO>
           <CATEGORIES>
            <CATEGORY>Lib/InfoSyS/Langs/c</CATEGORY>
           </CATEGORIES>
           <DESCRIPTION>Que - Danny Kaler - The ANSI/ISO C++ Professional Programmers Handbook</DESCRIPTION>
           <PUBLISHERS>
            <PUBLISHER>Que</PUBLISHER>
           </PUBLISHERS>
           <AUTHORS>
            <AUTHOR>
             <FULLNAME>Danny Kaler</FULLNAME>
             <LASTNAME>Kaler</LASTNAME>
             <FIRSTNAME>Danny</FIRSTNAME>
            </AUTHOR>
           </AUTHORS>
           <TITLE>The ANSI/ISO C++ Professional Programmers Handbook</TITLE>
           <INSTANCES>
            <INSTANCE>
             <FORMAT>pdf</FORMAT>
             <SIZE>0</SIZE>
             <CHECKSUM>0</CHECKSUM>
            </INSTANCE>
           </INSTANCES>
          </INFO>
         </ITEM>
        </FILE>
        <FILE link="Lib/InfoSyS/Langs/c/QUE-KG-UVC6.zip">
         <LOCATION>
          <URL>Lib/InfoSyS/Langs/c/QUE-KG-UVC6.zip</URL>
          <SIZE>10.2</SIZE>
          <CHECKSUM>0</CHECKSUM>
          <TYPE>zip</TYPE>
         </LOCATION>
         <ITEM>
          <INFO>
           <CATEGORIES>
            <CATEGORY>Lib/InfoSyS/Langs/c</CATEGORY>
           </CATEGORIES>
           <DESCRIPTION>QUE - Kate Gregory - Special Edition Using Visual C++ 6 (html)</DESCRIPTION>
           <PUBLISHERS>
            <PUBLISHER>QUE</PUBLISHER>
           </PUBLISHERS>
           <AUTHORS>
            <AUTHOR>
             <FULLNAME>Kate Gregory</FULLNAME>
             <LASTNAME>Gregory</LASTNAME>
             <FIRSTNAME>Kate</FIRSTNAME>
            </AUTHOR>
           </AUTHORS>
           <TITLE>Special Edition Using Visual C++ 6</TITLE>
           <INSTANCES>
            <INSTANCE>
             <FORMAT>html</FORMAT>
             <SIZE>0</SIZE>
             <CHECKSUM>0</CHECKSUM>
            </INSTANCE>
           </INSTANCES>
          </INFO>
         </ITEM>
        </FILE>
        <FILE link="Lib/InfoSyS/Langs/c/SAMS-CC-BCBU.zip">
         <LOCATION>
          <URL>Lib/InfoSyS/Langs/c/SAMS-CC-BCBU.zip</URL>
          <SIZE>0.8</SIZE>
          <CHECKSUM>0</CHECKSUM>
          <TYPE>zip</TYPE>
         </LOCATION>
         <ITEM>
          <INFO>
           <CATEGORIES>
            <CATEGORY>Lib/InfoSyS/Langs/c</CATEGORY>
           </CATEGORIES>
           <DESCRIPTION>SAMS - Charlie Calvert - Borland C Builder Unleashed (html)</DESCRIPTION>
           <PUBLISHERS>
            <PUBLISHER>SAMS</PUBLISHER>
           </PUBLISHERS>
           <AUTHORS>
            <AUTHOR>
             <FULLNAME>Charlie Calvert</FULLNAME>
             <LASTNAME>Calvert</LASTNAME>
             <FIRSTNAME>Charlie</FIRSTNAME>
            </AUTHOR>
           </AUTHORS>
           <TITLE>Borland C Builder Unleashed</TITLE>
           <INSTANCES>
            <INSTANCE>
             <FORMAT>html</FORMAT>
             <SIZE>0</SIZE>
             <CHECKSUM>0</CHECKSUM>
            </INSTANCE>
           </INSTANCES>
          </INFO>
         </ITEM>
        </FILE>
        <FILE link="Lib/InfoSyS/Langs/c/SAMS-CR-TYBCB14.zip">
         <LOCATION>
          <URL>Lib/InfoSyS/Langs/c/SAMS-CR-TYBCB14.zip</URL>
          <SIZE>3.5</SIZE>
          <CHECKSUM>0</CHECKSUM>
          <TYPE>zip</TYPE>
         </LOCATION>
         <ITEM>
          <INFO>
           <CATEGORIES>
            <CATEGORY>Lib/InfoSyS/Langs/c</CATEGORY>
           </CATEGORIES>
           <DESCRIPTION>SAMS - Kent Reisdorph - Teach Yourself Borland C++ Builder in 14 Days</DESCRIPTION>
           <PUBLISHERS>
            <PUBLISHER>SAMS</PUBLISHER>
           </PUBLISHERS>
           <AUTHORS>
            <AUTHOR>
             <FULLNAME>Kent Reisdorph</FULLNAME>
             <LASTNAME>Reisdorph</LASTNAME>
             <FIRSTNAME>Kent</FIRSTNAME>
            </AUTHOR>
           </AUTHORS>
           <TITLE>Teach Yourself Borland C++ Builder in 14 Days</TITLE>
           <INSTANCES>
            <INSTANCE>
             <FORMAT>pdf</FORMAT>
             <SIZE>0</SIZE>
             <CHECKSUM>0</CHECKSUM>
            </INSTANCE>
           </INSTANCES>
          </INFO>
         </ITEM>
        </FILE>
        <FILE link="Lib/InfoSyS/Langs/c/SAMS-DC-TYVCPP6i21D.zip">
         <LOCATION>
          <URL>Lib/InfoSyS/Langs/c/SAMS-DC-TYVCPP6i21D.zip</URL>
          <SIZE>4.4</SIZE>
          <CHECKSUM>0</CHECKSUM>
          <TYPE>zip</TYPE>
         </LOCATION>
         <ITEM>
          <INFO>
           <CATEGORIES>
            <CATEGORY>Lib/InfoSyS/Langs/c</CATEGORY>
           </CATEGORIES>
           <DESCRIPTION>SAMS - Davis Chapman - Teach Yourself Visual C++ 6 in 21 Days (html)</DESCRIPTION>
           <PUBLISHERS>
            <PUBLISHER>SAMS</PUBLISHER>
           </PUBLISHERS>
           <AUTHORS>
            <AUTHOR>
             <FULLNAME>Davis Chapman</FULLNAME>
             <LASTNAME>Chapman</LASTNAME>
             <FIRSTNAME>Davis</FIRSTNAME>
            </AUTHOR>
           </AUTHORS>
           <TITLE>Teach Yourself Visual C++ 6 in 21 Days</TITLE>
           <INSTANCES>
            <INSTANCE>
             <FORMAT>html</FORMAT>
             <SIZE>0</SIZE>
             <CHECKSUM>0</CHECKSUM>
            </INSTANCE>
           </INSTANCES>
          </INFO>
         </ITEM>
        </FILE>
        <FILE link="Lib/InfoSyS/Langs/c/SAMS-GP-VCPPi12EL.zip">
         <LOCATION>
          <URL>Lib/InfoSyS/Langs/c/SAMS-GP-VCPPi12EL.zip</URL>
          <SIZE>0.9</SIZE>
          <CHECKSUM>0</CHECKSUM>
          <TYPE>zip</TYPE>
         </LOCATION>
         <ITEM>
          <INFO>
           <CATEGORIES>
            <CATEGORY>Lib/InfoSyS/Langs/c</CATEGORY>
           </CATEGORIES>
           <DESCRIPTION>SAMS - Greg Perry - Visual C++ in 12 Easy Lessons (html)</DESCRIPTION>
           <PUBLISHERS>
            <PUBLISHER>SAMS</PUBLISHER>
           </PUBLISHERS>
           <AUTHORS>
            <AUTHOR>
             <FULLNAME>Greg Perry</FULLNAME>
             <LASTNAME>Perry</LASTNAME>
             <FIRSTNAME>Greg</FIRSTNAME>
            </AUTHOR>
           </AUTHORS>
           <TITLE>Visual C++ in 12 Easy Lessons</TITLE>
           <INSTANCES>
            <INSTANCE>
             <FORMAT>html</FORMAT>
             <SIZE>0</SIZE>
             <CHECKSUM>0</CHECKSUM>
            </INSTANCE>
           </INSTANCES>
          </INFO>
         </ITEM>
        </FILE>
        <FILE link="Lib/InfoSyS/Langs/c/SAMS-GW-TYCPP21D.zip">
         <LOCATION>
          <URL>Lib/InfoSyS/Langs/c/SAMS-GW-TYCPP21D.zip</URL>
          <SIZE>0.7</SIZE>
          <CHECKSUM>0</CHECKSUM>
          <TYPE>zip</TYPE>
         </LOCATION>
         <ITEM>
          <INFO>
           <CATEGORIES>
            <CATEGORY>Lib/InfoSyS/Langs/c</CATEGORY>
           </CATEGORIES>
           <DESCRIPTION>SAMS - Greg Wiegand - Teach Yourself C++ in 21 Days 2nd Edition (html)</DESCRIPTION>
           <PUBLISHERS>
            <PUBLISHER>SAMS</PUBLISHER>
           </PUBLISHERS>
           <AUTHORS>
            <AUTHOR>
             <FULLNAME>Greg Wiegand</FULLNAME>
             <LASTNAME>Wiegand</LASTNAME>
             <FIRSTNAME>Greg</FIRSTNAME>
            </AUTHOR>
           </AUTHORS>
           <TITLE>Teach Yourself C++ in 21 Days 2nd Edition</TITLE>
           <INSTANCES>
            <INSTANCE>
             <FORMAT>html</FORMAT>
             <SIZE>0</SIZE>
             <CHECKSUM>0</CHECKSUM>
            </INSTANCE>
           </INSTANCES>
          </INFO>
         </ITEM>
        </FILE>
        <FILE link="Lib/InfoSyS/Langs/c/SAMS-JL-CPPU.zip">
         <LOCATION>
          <URL>Lib/InfoSyS/Langs/c/SAMS-JL-CPPU.zip</URL>
          <SIZE>3.5</SIZE>
          <CHECKSUM>0</CHECKSUM>
          <TYPE>zip</TYPE>
         </LOCATION>
         <ITEM>
          <INFO>
           <CATEGORIES>
            <CATEGORY>Lib/InfoSyS/Langs/c</CATEGORY>
           </CATEGORIES>
           <DESCRIPTION>SAMS - Jesse Libety - C++ Unleashed</DESCRIPTION>
           <PUBLISHERS>
            <PUBLISHER>SAMS</PUBLISHER>
           </PUBLISHERS>
           <AUTHORS>
            <AUTHOR>
             <FULLNAME>Jesse Libety</FULLNAME>
             <LASTNAME>Libety</LASTNAME>
             <FIRSTNAME>Jesse</FIRSTNAME>
            </AUTHOR>
           </AUTHORS>
           <TITLE>C++ Unleashed</TITLE>
           <INSTANCES>
            <INSTANCE>
             <FORMAT>pdf</FORMAT>
             <SIZE>0</SIZE>
             <CHECKSUM>0</CHECKSUM>
            </INSTANCE>
           </INSTANCES>
          </INFO>
         </ITEM>
        </FILE>
        <FILE link="Lib/InfoSyS/Langs/c/SAMS-KW-LPU.zip">
         <LOCATION>
          <URL>Lib/InfoSyS/Langs/c/SAMS-KW-LPU.zip</URL>
          <SIZE>5.4</SIZE>
          <CHECKSUM>0</CHECKSUM>
          <TYPE>zip</TYPE>
         </LOCATION>
         <ITEM>
          <INFO>
           <CATEGORIES>
            <CATEGORY>Lib/InfoSyS/Langs/c</CATEGORY>
           </CATEGORIES>
           <DESCRIPTION>SAMS - Kurt Wall - Linux Programming Unleashed</DESCRIPTION>
           <PUBLISHERS>
            <PUBLISHER>SAMS</PUBLISHER>
           </PUBLISHERS>
           <AUTHORS>
            <AUTHOR>
             <FULLNAME>Kurt Wall</FULLNAME>
             <LASTNAME>Wall</LASTNAME>
             <FIRSTNAME>Kurt</FIRSTNAME>
            </AUTHOR>
           </AUTHORS>
           <TITLE>Linux Programming Unleashed</TITLE>
           <INSTANCES>
            <INSTANCE>
             <FORMAT>pdf</FORMAT>
             <SIZE>0</SIZE>
             <CHECKSUM>0</CHECKSUM>
            </INSTANCE>
           </INSTANCES>
          </INFO>
         </ITEM>
        </FILE>
        <FILE link="Lib/InfoSyS/Langs/c/SAMS-MT-TYDPwVCPP6i21D.zip">
         <LOCATION>
          <URL>Lib/InfoSyS/Langs/c/SAMS-MT-TYDPwVCPP6i21D.zip</URL>
          <SIZE>2.8</SIZE>
          <CHECKSUM>0</CHECKSUM>
          <TYPE>zip</TYPE>
         </LOCATION>
         <ITEM>
          <INFO>
           <CATEGORIES>
            <CATEGORY>Lib/InfoSyS/Langs/c</CATEGORY>
           </CATEGORIES>
           <DESCRIPTION>SAMS - Megh Thakkar - Teach Yourself Database Programming with VCPP6 in 21 Days (html)</DESCRIPTION>
           <PUBLISHERS>
            <PUBLISHER>SAMS</PUBLISHER>
           </PUBLISHERS>
           <AUTHORS>
            <AUTHOR>
             <FULLNAME>Megh Thakkar</FULLNAME>
             <LASTNAME>Thakkar</LASTNAME>
             <FIRSTNAME>Megh</FIRSTNAME>
            </AUTHOR>
           </AUTHORS>
           <TITLE>Teach Yourself Database Programming with VCPP6 in 21 Days</TITLE>
           <INSTANCES>
            <INSTANCE>
             <FORMAT>html</FORMAT>
             <SIZE>0</SIZE>
             <CHECKSUM>0</CHECKSUM>
            </INSTANCE>
           </INSTANCES>
          </INFO>
         </ITEM>
        </FILE>
        <FILE link="Lib/InfoSyS/Langs/c/SAMS-RD-TYDX724D.zip">
         <LOCATION>
          <URL>Lib/InfoSyS/Langs/c/SAMS-RD-TYDX724D.zip</URL>
          <SIZE>5.3</SIZE>
          <CHECKSUM>0</CHECKSUM>
          <TYPE>zip</TYPE>
         </LOCATION>
         <ITEM>
          <INFO>
           <CATEGORIES>
            <CATEGORY>Lib/InfoSyS/Langs/c</CATEGORY>
           </CATEGORIES>
           <DESCRIPTION>SAMS - Robert Dunlop - Teach Yourself DirectX 7 in 24 Hours</DESCRIPTION>
           <PUBLISHERS>
            <PUBLISHER>SAMS</PUBLISHER>
           </PUBLISHERS>
           <AUTHORS>
            <AUTHOR>
             <FULLNAME>Robert Dunlop</FULLNAME>
             <LASTNAME>Dunlop</LASTNAME>
             <FIRSTNAME>Robert</FIRSTNAME>
            </AUTHOR>
           </AUTHORS>
           <TITLE>Teach Yourself DirectX 7 in 24 Hours</TITLE>
           <INSTANCES>
            <INSTANCE>
             <FORMAT>pdf</FORMAT>
             <SIZE>0</SIZE>
             <CHECKSUM>0</CHECKSUM>
            </INSTANCE>
           </INSTANCES>
          </INFO>
         </ITEM>
        </FILE>
        <FILE link="Lib/InfoSyS/Langs/c/SAMS-VT-VCPP4U.zip">
         <LOCATION>
          <URL>Lib/InfoSyS/Langs/c/SAMS-VT-VCPP4U.zip</URL>
          <SIZE>3.1</SIZE>
          <CHECKSUM>0</CHECKSUM>
          <TYPE>zip</TYPE>
         </LOCATION>
         <ITEM>
          <INFO>
           <CATEGORIES>
            <CATEGORY>Lib/InfoSyS/Langs/c</CATEGORY>
           </CATEGORIES>
           <DESCRIPTION>SAMS - Viktor Toth - Visual C++ 4.0 Unleashed (html)</DESCRIPTION>
           <PUBLISHERS>
            <PUBLISHER>SAMS</PUBLISHER>
           </PUBLISHERS>
           <AUTHORS>
            <AUTHOR>
             <FULLNAME>Viktor Toth</FULLNAME>
             <LASTNAME>Toth</LASTNAME>
             <FIRSTNAME>Viktor</FIRSTNAME>
            </AUTHOR>
           </AUTHORS>
           <TITLE>Visual C++ 4.0 Unleashed</TITLE>
           <INSTANCES>
            <INSTANCE>
             <FORMAT>html</FORMAT>
             <SIZE>0</SIZE>
             <CHECKSUM>0</CHECKSUM>
            </INSTANCE>
           </INSTANCES>
          </INFO>
         </ITEM>
        </FILE>
        <FILE link="Lib/InfoSyS/Langs/c/U--BGNP.zip">
         <LOCATION>
          <URL>Lib/InfoSyS/Langs/c/U--BGNP.zip</URL>
          <SIZE>0</SIZE>
          <CHECKSUM>0</CHECKSUM>
          <TYPE>zip</TYPE>
         </LOCATION>
         <ITEM>
          <INFO>
           <CATEGORIES>
            <CATEGORY>Lib/InfoSyS/Langs/c</CATEGORY>
           </CATEGORIES>
           <DESCRIPTION>Beej's Guide To Network Programming (html)</DESCRIPTION>
           <TITLE>Beej's Guide To Network Programming</TITLE>
           <INSTANCES>
            <INSTANCE>
             <FORMAT>html</FORMAT>
             <SIZE>0</SIZE>
             <CHECKSUM>0</CHECKSUM>
            </INSTANCE>
           </INSTANCES>
          </INFO>
         </ITEM>
        </FILE>
        <FILE link="Lib/InfoSyS/Langs/c/U--CPPLT.zip">
         <LOCATION>
          <URL>Lib/InfoSyS/Langs/c/U--CPPLT.zip</URL>
          <SIZE>0.2</SIZE>
          <CHECKSUM>0</CHECKSUM>
          <TYPE>zip</TYPE>
         </LOCATION>
         <ITEM>
          <INFO>
           <CATEGORIES>
            <CATEGORY>Lib/InfoSyS/Langs/c</CATEGORY>
           </CATEGORIES>
           <DESCRIPTION>C++ Language Tutorial (html)</DESCRIPTION>
           <TITLE>C++ Language Tutorial</TITLE>
           <INSTANCES>
            <INSTANCE>
             <FORMAT>html</FORMAT>
             <SIZE>0</SIZE>
             <CHECKSUM>0</CHECKSUM>
            </INSTANCE>
           </INSTANCES>
          </INFO>
         </ITEM>
        </FILE>
        <FILE link="Lib/InfoSyS/Langs/c/U--FAQ.zip">
         <LOCATION>
          <URL>Lib/InfoSyS/Langs/c/U--FAQ.zip</URL>
          <SIZE>0.1</SIZE>
          <CHECKSUM>0</CHECKSUM>
          <TYPE>zip</TYPE>
         </LOCATION>
         <ITEM>
          <INFO>
           <CATEGORIES>
            <CATEGORY>Lib/InfoSyS/Langs/c</CATEGORY>
           </CATEGORIES>
           <DESCRIPTION>Frequently-Asked-Questions for comp.lang.c++ (txt)</DESCRIPTION>
           <TITLE>Frequently-Asked-Questions for comp.lang.c++</TITLE>
           <INSTANCES>
            <INSTANCE>
             <FORMAT>txt</FORMAT>
             <SIZE>0</SIZE>
             <CHECKSUM>0</CHECKSUM>
            </INSTANCE>
           </INSTANCES>
          </INFO>
         </ITEM>
        </FILE>
        <FILE link="Lib/InfoSyS/Langs/c/U--ISOHB.zip">
         <LOCATION>
          <URL>Lib/InfoSyS/Langs/c/U--ISOHB.zip</URL>
          <SIZE>0.2</SIZE>
          <CHECKSUM>0</CHECKSUM>
          <TYPE>zip</TYPE>
         </LOCATION>
         <ITEM>
          <INFO>
           <CATEGORIES>
            <CATEGORY>Lib/InfoSyS/Langs/c</CATEGORY>
           </CATEGORIES>
           <DESCRIPTION>ANSI/ISO C++ Professional Programmer's Handbook (html)</DESCRIPTION>
           <TITLE>ANSI/ISO C++ Professional Programmer's Handbook</TITLE>
           <INSTANCES>
            <INSTANCE>
             <FORMAT>html</FORMAT>
             <SIZE>0</SIZE>
             <CHECKSUM>0</CHECKSUM>
            </INSTANCE>
           </INSTANCES>
          </INFO>
         </ITEM>
        </FILE>
        <FILE link="Lib/InfoSyS/Langs/c/U--WinApi.zip">
         <LOCATION>
          <URL>Lib/InfoSyS/Langs/c/U--WinApi.zip</URL>
          <SIZE>8.2</SIZE>
          <CHECKSUM>0</CHECKSUM>
          <TYPE>zip</TYPE>
         </LOCATION>
         <ITEM>
          <INFO>
           <CATEGORIES>
            <CATEGORY>Lib/InfoSyS/Langs/c</CATEGORY>
           </CATEGORIES>
           <DESCRIPTION>Microsoft Win32 Programmer References</DESCRIPTION>
           <TITLE>Microsoft Win32 Programmer References</TITLE>
           <INSTANCES>
            <INSTANCE>
             <FORMAT>pdf</FORMAT>
             <SIZE>0</SIZE>
             <CHECKSUM>0</CHECKSUM>
            </INSTANCE>
           </INSTANCES>
          </INFO>
         </ITEM>
        </FILE>
        <FILE link="Lib/InfoSyS/Langs/c/U-C-CPPT.zip">
         <LOCATION>
          <URL>Lib/InfoSyS/Langs/c/U-C-CPPT.zip</URL>
          <SIZE>0</SIZE>
          <CHECKSUM>0</CHECKSUM>
          <TYPE>zip</TYPE>
         </LOCATION>
         <ITEM>
          <INFO>
           <CATEGORIES>
            <CATEGORY>Lib/InfoSyS/Langs/c</CATEGORY>
           </CATEGORIES>
           <DESCRIPTION>Clayman - C++ Tutorial v. 1.1 (txt)</DESCRIPTION>
           <AUTHORS>
            <AUTHOR>
             <FULLNAME>Clayman</FULLNAME>
             <LASTNAME>Clayman</LASTNAME>
             <FIRSTNAME></FIRSTNAME>
            </AUTHOR>
           </AUTHORS>
           <TITLE>C++ Tutorial v. 1.1</TITLE>
           <INSTANCES>
            <INSTANCE>
             <FORMAT>txt</FORMAT>
             <SIZE>0</SIZE>
             <CHECKSUM>0</CHECKSUM>
            </INSTANCE>
           </INSTANCES>
          </INFO>
         </ITEM>
        </FILE>
        <FILE link="Lib/InfoSyS/Langs/c/U-GD-CPPLT.zip">
         <LOCATION>
          <URL>Lib/InfoSyS/Langs/c/U-GD-CPPLT.zip</URL>
          <SIZE>0.2</SIZE>
          <CHECKSUM>0</CHECKSUM>
          <TYPE>zip</TYPE>
         </LOCATION>
         <ITEM>
          <INFO>
           <CATEGORIES>
            <CATEGORY>Lib/InfoSyS/Langs/c</CATEGORY>
           </CATEGORIES>
           <DESCRIPTION>Gordon Dodrill - C++ Language Tutorial v. 2.61 (html)</DESCRIPTION>
           <AUTHORS>
            <AUTHOR>
             <FULLNAME>Gordon Dodrill</FULLNAME>
             <LASTNAME>Dodrill</LASTNAME>
             <FIRSTNAME>Gordon</FIRSTNAME>
            </AUTHOR>
           </AUTHORS>
           <TITLE>C++ Language Tutorial v. 2.61</TITLE>
           <INSTANCES>
            <INSTANCE>
             <FORMAT>html</FORMAT>
             <SIZE>0</SIZE>
             <CHECKSUM>0</CHECKSUM>
            </INSTANCE>
           </INSTANCES>
          </INFO>
         </ITEM>
        </FILE>
        <FILE link="Lib/InfoSyS/Langs/c/U-GS-CfPP.zip">
         <LOCATION>
          <URL>Lib/InfoSyS/Langs/c/U-GS-CfPP.zip</URL>
          <SIZE>0.2</SIZE>
          <CHECKSUM>0</CHECKSUM>
          <TYPE>zip</TYPE>
         </LOCATION>
         <ITEM>
          <INFO>
           <CATEGORIES>
            <CATEGORY>Lib/InfoSyS/Langs/c</CATEGORY>
           </CATEGORIES>
           <DESCRIPTION>Герберт Шилдт - С для профессиональных программистов (txt)</DESCRIPTION>
           <AUTHORS>
            <AUTHOR>
             <FULLNAME>Герберт Шилдт</FULLNAME>
             <LASTNAME>Шилдт</LASTNAME>
             <FIRSTNAME>Герберт</FIRSTNAME>
            </AUTHOR>
           </AUTHORS>
           <TITLE>С для профессиональных программистов</TITLE>
           <INSTANCES>
            <INSTANCE>
             <FORMAT>txt</FORMAT>
             <SIZE>0</SIZE>
             <CHECKSUM>0</CHECKSUM>
            </INSTANCE>
           </INSTANCES>
          </INFO>
         </ITEM>
        </FILE>
        <FILE link="Lib/InfoSyS/Langs/c/U-HD-HPCPP.zip">
         <LOCATION>
          <URL>Lib/InfoSyS/Langs/c/U-HD-HPCPP.zip</URL>
          <SIZE>114.2</SIZE>
          <CHECKSUM>0</CHECKSUM>
          <TYPE>zip</TYPE>
         </LOCATION>
         <ITEM>
          <INFO>
           <CATEGORIES>
            <CATEGORY>Lib/InfoSyS/Langs/c</CATEGORY>
           </CATEGORIES>
           <DESCRIPTION>Харви Дейтел - Как программировать на С++</DESCRIPTION>
           <AUTHORS>
            <AUTHOR>
             <FULLNAME>Харви Дейтел</FULLNAME>
             <LASTNAME>Дейтел</LASTNAME>
             <FIRSTNAME>Харви</FIRSTNAME>
            </AUTHOR>
           </AUTHORS>
           <TITLE>Как программировать на С++</TITLE>
           <INSTANCES>
            <INSTANCE>
             <FORMAT>pdf</FORMAT>
             <SIZE>0</SIZE>
             <CHECKSUM>0</CHECKSUM>
            </INSTANCE>
           </INSTANCES>
          </INFO>
         </ITEM>
        </FILE>
        <FILE link="Lib/InfoSyS/Langs/c/U-KR-C.zip">
         <LOCATION>
          <URL>Lib/InfoSyS/Langs/c/U-KR-C.zip</URL>
          <SIZE>0.2</SIZE>
          <CHECKSUM>0</CHECKSUM>
          <TYPE>zip</TYPE>
         </LOCATION>
         <ITEM>
          <INFO>
           <CATEGORIES>
            <CATEGORY>Lib/InfoSyS/Langs/c</CATEGORY>
           </CATEGORIES>
           <DESCRIPTION>Керниган и Ритчи - Язык С (txt)</DESCRIPTION>
           <AUTHORS>
            <AUTHOR>
             <FULLNAME>Керниган и Ритчи</FULLNAME>
             <LASTNAME>Ритчи</LASTNAME>
             <FIRSTNAME>Керниган</FIRSTNAME>
            </AUTHOR>
           </AUTHORS>
           <TITLE>Язык С</TITLE>
           <INSTANCES>
            <INSTANCE>
             <FORMAT>txt</FORMAT>
             <SIZE>0</SIZE>
             <CHECKSUM>0</CHECKSUM>
            </INSTANCE>
           </INSTANCES>
          </INFO>
         </ITEM>
        </FILE>
        <FILE link="Lib/InfoSyS/Langs/c/U-NZ-UW3.zip">
         <LOCATION>
          <URL>Lib/InfoSyS/Langs/c/U-NZ-UW3.zip</URL>
          <SIZE>0.1</SIZE>
          <CHECKSUM>0</CHECKSUM>
          <TYPE>zip</TYPE>
         </LOCATION>
         <ITEM>
          <INFO>
           <CATEGORIES>
            <CATEGORY>Lib/InfoSyS/Langs/c</CATEGORY>
           </CATEGORIES>
           <DESCRIPTION>Н. Зыбков - Недокументированные Возможности Windows 3.x (doc)</DESCRIPTION>
           <AUTHORS>
            <AUTHOR>
             <FULLNAME>Н. Зыбков</FULLNAME>
             <LASTNAME>Зыбков</LASTNAME>
             <FIRSTNAME>Н.</FIRSTNAME>
            </AUTHOR>
           </AUTHORS>
           <TITLE>Недокументированные Возможности Windows 3.x</TITLE>
           <INSTANCES>
            <INSTANCE>
             <FORMAT>doc</FORMAT>
             <SIZE>0</SIZE>
             <CHECKSUM>0</CHECKSUM>
            </INSTANCE>
           </INSTANCES>
          </INFO>
         </ITEM>
        </FILE>
        <FILE link="Lib/InfoSyS/Langs/c/U-PI-CPPOST.zip">
         <LOCATION>
          <URL>Lib/InfoSyS/Langs/c/U-PI-CPPOST.zip</URL>
          <SIZE>0.1</SIZE>
          <CHECKSUM>0</CHECKSUM>
          <TYPE>zip</TYPE>
         </LOCATION>
         <ITEM>
          <INFO>
           <CATEGORIES>
            <CATEGORY>Lib/InfoSyS/Langs/c</CATEGORY>
           </CATEGORIES>
           <DESCRIPTION>Pete Isensee - C++ Optimization Strategies and Techniques (html)</DESCRIPTION>
           <AUTHORS>
            <AUTHOR>
             <FULLNAME>Pete Isensee</FULLNAME>
             <LASTNAME>Isensee</LASTNAME>
             <FIRSTNAME>Pete</FIRSTNAME>
            </AUTHOR>
           </AUTHORS>
           <TITLE>C++ Optimization Strategies and Techniques</TITLE>
           <INSTANCES>
            <INSTANCE>
             <FORMAT>html</FORMAT>
             <SIZE>0</SIZE>
             <CHECKSUM>0</CHECKSUM>
            </INSTANCE>
           </INSTANCES>
          </INFO>
         </ITEM>
        </FILE>
        <FILE link="Lib/InfoSyS/Langs/c/U-RL-CPPC.zip">
         <LOCATION>
          <URL>Lib/InfoSyS/Langs/c/U-RL-CPPC.zip</URL>
          <SIZE>2</SIZE>
          <CHECKSUM>0</CHECKSUM>
          <TYPE>zip</TYPE>
         </LOCATION>
         <ITEM>
          <INFO>
           <CATEGORIES>
            <CATEGORY>Lib/InfoSyS/Langs/c</CATEGORY>
           </CATEGORIES>
           <DESCRIPTION>Robert Lafore - C++ course (html)</DESCRIPTION>
           <AUTHORS>
            <AUTHOR>
             <FULLNAME>Robert Lafore</FULLNAME>
             <LASTNAME>Lafore</LASTNAME>
             <FIRSTNAME>Robert</FIRSTNAME>
            </AUTHOR>
           </AUTHORS>
           <TITLE>C++ course</TITLE>
           <INSTANCES>
            <INSTANCE>
             <FORMAT>html</FORMAT>
             <SIZE>0</SIZE>
             <CHECKSUM>0</CHECKSUM>
            </INSTANCE>
           </INSTANCES>
          </INFO>
         </ITEM>
        </FILE>
        <FILE link="Lib/InfoSyS/Langs/c/U-SL-CfB.zip">
         <LOCATION>
          <URL>Lib/InfoSyS/Langs/c/U-SL-CfB.zip</URL>
          <SIZE>0.8</SIZE>
          <CHECKSUM>0</CHECKSUM>
          <TYPE>zip</TYPE>
         </LOCATION>
         <ITEM>
          <INFO>
           <CATEGORIES>
            <CATEGORY>Lib/InfoSyS/Langs/c</CATEGORY>
           </CATEGORIES>
           <DESCRIPTION>Стен Липман - С++ для начинающих (doc)</DESCRIPTION>
           <AUTHORS>
            <AUTHOR>
             <FULLNAME>Стен Липман</FULLNAME>
             <LASTNAME>Липман</LASTNAME>
             <FIRSTNAME>Стен</FIRSTNAME>
            </AUTHOR>
           </AUTHORS>
           <TITLE>С++ для начинающих</TITLE>
           <INSTANCES>
            <INSTANCE>
             <FORMAT>doc</FORMAT>
             <SIZE>0</SIZE>
             <CHECKSUM>0</CHECKSUM>
            </INSTANCE>
           </INSTANCES>
          </INFO>
         </ITEM>
        </FILE>
        <FILE link="Lib/InfoSyS/Langs/c/U-SM-ECMEC.zip">
         <LOCATION>
          <URL>Lib/InfoSyS/Langs/c/U-SM-ECMEC.zip</URL>
          <SIZE>8.5</SIZE>
          <CHECKSUM>0</CHECKSUM>
          <TYPE>zip</TYPE>
         </LOCATION>
         <ITEM>
          <INFO>
           <CATEGORIES>
            <CATEGORY>Lib/InfoSyS/Langs/c</CATEGORY>
           </CATEGORIES>
           <DESCRIPTION>Scott Meyers - Effective C++ CD: Effictive C++ 2nd Edition, More Effective C++ (html)</DESCRIPTION>
           <AUTHORS>
            <AUTHOR>
             <FULLNAME>Scott Meyers</FULLNAME>
             <LASTNAME>Meyers</LASTNAME>
             <FIRSTNAME>Scott</FIRSTNAME>
            </AUTHOR>
           </AUTHORS>
           <TITLE>Effective C++ CD: Effictive C++ 2nd Edition, More Effective C++</TITLE>
           <INSTANCES>
            <INSTANCE>
             <FORMAT>html</FORMAT>
             <SIZE>0</SIZE>
             <CHECKSUM>0</CHECKSUM>
            </INSTANCE>
           </INSTANCES>
          </INFO>
         </ITEM>
        </FILE>
        <FILE link="Lib/InfoSyS/Langs/c/U-UG-PoC.zip">
         <LOCATION>
          <URL>Lib/InfoSyS/Langs/c/U-UG-PoC.zip</URL>
          <SIZE>0.1</SIZE>
          <CHECKSUM>0</CHECKSUM>
          <TYPE>zip</TYPE>
         </LOCATION>
         <ITEM>
          <INFO>
           <CATEGORIES>
            <CATEGORY>Lib/InfoSyS/Langs/c</CATEGORY>
           </CATEGORIES>
           <DESCRIPTION>Ю. Громов - Программирование на языке Си (html)</DESCRIPTION>
           <AUTHORS>
            <AUTHOR>
             <FULLNAME>Ю. Громов</FULLNAME>
             <LASTNAME>Громов</LASTNAME>
             <FIRSTNAME>Ю.</FIRSTNAME>
            </AUTHOR>
           </AUTHORS>
           <TITLE>Программирование на языке Си</TITLE>
           <INSTANCES>
            <INSTANCE>
             <FORMAT>html</FORMAT>
             <SIZE>0</SIZE>
             <CHECKSUM>0</CHECKSUM>
            </INSTANCE>
           </INSTANCES>
          </INFO>
         </ITEM>
        </FILE>
        <FILE link="Lib/InfoSyS/Langs/c/U-ZDU-ItCP.zip">
         <LOCATION>
          <URL>Lib/InfoSyS/Langs/c/U-ZDU-ItCP.zip</URL>
          <SIZE>0.5</SIZE>
          <CHECKSUM>0</CHECKSUM>
          <TYPE>zip</TYPE>
         </LOCATION>
         <ITEM>
          <INFO>
           <CATEGORIES>
            <CATEGORY>Lib/InfoSyS/Langs/c</CATEGORY>
           </CATEGORIES>
           <DESCRIPTION>ZDU Student Manual - Introduction to C Programming</DESCRIPTION>
           <AUTHORS>
            <AUTHOR>
             <FULLNAME>ZDU Student Manual</FULLNAME>
             <LASTNAME>Manual</LASTNAME>
             <FIRSTNAME>ZDU</FIRSTNAME>
            </AUTHOR>
           </AUTHORS>
           <TITLE>Introduction to C Programming</TITLE>
           <INSTANCES>
            <INSTANCE>
             <FORMAT>pdf</FORMAT>
             <SIZE>0</SIZE>
             <CHECKSUM>0</CHECKSUM>
            </INSTANCE>
           </INSTANCES>
          </INFO>
         </ITEM>
        </FILE>
        <FILE link="Lib/InfoSyS/Langs/c/WP-DS-DICWWW.zip">
         <LOCATION>
          <URL>Lib/InfoSyS/Langs/c/WP-DS-DICWWW.zip</URL>
          <SIZE>1.4</SIZE>
          <CHECKSUM>0</CHECKSUM>
          <TYPE>zip</TYPE>
         </LOCATION>
         <ITEM>
          <INFO>
           <CATEGORIES>
            <CATEGORY>Lib/InfoSyS/Langs/c</CATEGORY>
           </CATEGORIES>
           <DESCRIPTION>WP - David Schwaderer - Digital Imaging in C and the World Wide Web (html)</DESCRIPTION>
           <PUBLISHERS>
            <PUBLISHER>WP</PUBLISHER>
           </PUBLISHERS>
           <AUTHORS>
            <AUTHOR>
             <FULLNAME>David Schwaderer</FULLNAME>
             <LASTNAME>Schwaderer</LASTNAME>
             <FIRSTNAME>David</FIRSTNAME>
            </AUTHOR>
           </AUTHORS>
           <TITLE>Digital Imaging in C and the World Wide Web</TITLE>
           <INSTANCES>
            <INSTANCE>
             <FORMAT>html</FORMAT>
             <SIZE>0</SIZE>
             <CHECKSUM>0</CHECKSUM>
            </INSTANCE>
           </INSTANCES>
          </INFO>
         </ITEM>
        </FILE>
       </FILELIST>
      </DIR>
      <DIR link="Lib/InfoSyS/Langs/dot.net">
       <LOCATION>
        <URL>Lib/InfoSyS/Langs/dot.net</URL>
        <SIZE>58.3</SIZE>
       </LOCATION>
       <FILELIST category="Lib/InfoSyS/Langs/dot.net">
        <INFO>
         <DESCRIPTION>Microsoft .NET</DESCRIPTION>
         <TITLE>Microsoft .NET</TITLE>
         <DEFAULTFORMAT>pdf</DEFAULTFORMAT>
        </INFO>
        <FILE link="Lib/InfoSyS/Langs/dot.net/OReilly-TT-NETFE.zip">
         <LOCATION>
          <URL>Lib/InfoSyS/Langs/dot.net/OReilly-TT-NETFE.zip</URL>
          <SIZE>1</SIZE>
          <CHECKSUM>0</CHECKSUM>
          <TYPE>zip</TYPE>
         </LOCATION>
         <ITEM>
          <INFO>
           <CATEGORIES>
            <CATEGORY>Lib/InfoSyS/Langs/dot.net</CATEGORY>
           </CATEGORIES>
           <DESCRIPTION>O'Reilly - Thuan Thai - .NET Framework Essentials</DESCRIPTION>
           <PUBLISHERS>
            <PUBLISHER>O'Reilly</PUBLISHER>
           </PUBLISHERS>
           <AUTHORS>
            <AUTHOR>
             <FULLNAME>Thuan Thai</FULLNAME>
             <LASTNAME>Thai</LASTNAME>
             <FIRSTNAME>Thuan</FIRSTNAME>
            </AUTHOR>
           </AUTHORS>
           <TITLE>.NET Framework Essentials</TITLE>
           <INSTANCES>
            <INSTANCE>
             <FORMAT>pdf</FORMAT>
             <SIZE>0</SIZE>
             <CHECKSUM>0</CHECKSUM>
            </INSTANCE>
           </INSTANCES>
          </INFO>
         </ITEM>
        </FILE>
        <FILE link="Lib/InfoSyS/Langs/dot.net/SAMS-DB-NETeBA.zip">
         <LOCATION>
          <URL>Lib/InfoSyS/Langs/dot.net/SAMS-DB-NETeBA.zip</URL>
          <SIZE>11.5</SIZE>
          <CHECKSUM>0</CHECKSUM>
          <TYPE>zip</TYPE>
         </LOCATION>
         <ITEM>
          <INFO>
           <CATEGORIES>
            <CATEGORY>Lib/InfoSyS/Langs/dot.net</CATEGORY>
           </CATEGORIES>
           <DESCRIPTION>Sams - Don Benage - .NET e-Business Architecture (doc)</DESCRIPTION>
           <PUBLISHERS>
            <PUBLISHER>Sams</PUBLISHER>
           </PUBLISHERS>
           <AUTHORS>
            <AUTHOR>
             <FULLNAME>Don Benage</FULLNAME>
             <LASTNAME>Benage</LASTNAME>
             <FIRSTNAME>Don</FIRSTNAME>
            </AUTHOR>
           </AUTHORS>
           <TITLE>.NET e-Business Architecture</TITLE>
           <INSTANCES>
            <INSTANCE>
             <FORMAT>doc</FORMAT>
             <SIZE>0</SIZE>
             <CHECKSUM>0</CHECKSUM>
            </INSTANCE>
           </INSTANCES>
          </INFO>
         </ITEM>
        </FILE>
        <FILE link="Lib/InfoSyS/Langs/dot.net/Syngress-AS-XMLNETDG.zip">
         <LOCATION>
          <URL>Lib/InfoSyS/Langs/dot.net/Syngress-AS-XMLNETDG.zip</URL>
          <SIZE>5.8</SIZE>
          <CHECKSUM>0</CHECKSUM>
          <TYPE>zip</TYPE>
         </LOCATION>
         <ITEM>
          <INFO>
           <CATEGORIES>
            <CATEGORY>Lib/InfoSyS/Langs/dot.net</CATEGORY>
           </CATEGORIES>
           <DESCRIPTION>Syngress - Adam Sills - XML.NET Developer's Guide</DESCRIPTION>
           <PUBLISHERS>
            <PUBLISHER>Syngress</PUBLISHER>
           </PUBLISHERS>
           <AUTHORS>
            <AUTHOR>
             <FULLNAME>Adam Sills</FULLNAME>
             <LASTNAME>Sills</LASTNAME>
             <FIRSTNAME>Adam</FIRSTNAME>
            </AUTHOR>
           </AUTHORS>
           <TITLE>XML.NET Developer's Guide</TITLE>
           <INSTANCES>
            <INSTANCE>
             <FORMAT>pdf</FORMAT>
             <SIZE>0</SIZE>
             <CHECKSUM>0</CHECKSUM>
            </INSTANCE>
           </INSTANCES>
          </INFO>
         </ITEM>
        </FILE>
        <FILE link="Lib/InfoSyS/Langs/dot.net/Syngress-MA-ASPNETWDG.zip">
         <LOCATION>
          <URL>Lib/InfoSyS/Langs/dot.net/Syngress-MA-ASPNETWDG.zip</URL>
          <SIZE>5.8</SIZE>
          <CHECKSUM>0</CHECKSUM>
          <TYPE>zip</TYPE>
         </LOCATION>
         <ITEM>
          <INFO>
           <CATEGORIES>
            <CATEGORY>Lib/InfoSyS/Langs/dot.net</CATEGORY>
           </CATEGORIES>
           <DESCRIPTION>Syngress - Mesbah Ahmed - ASP.NET Web Developers Guide</DESCRIPTION>
           <PUBLISHERS>
            <PUBLISHER>Syngress</PUBLISHER>
           </PUBLISHERS>
           <AUTHORS>
            <AUTHOR>
             <FULLNAME>Mesbah Ahmed</FULLNAME>
             <LASTNAME>Ahmed</LASTNAME>
             <FIRSTNAME>Mesbah</FIRSTNAME>
            </AUTHOR>
           </AUTHORS>
           <TITLE>ASP.NET Web Developers Guide</TITLE>
           <INSTANCES>
            <INSTANCE>
             <FORMAT>pdf</FORMAT>
             <SIZE>0</SIZE>
             <CHECKSUM>0</CHECKSUM>
            </INSTANCE>
           </INSTANCES>
          </INFO>
         </ITEM>
        </FILE>
        <FILE link="Lib/InfoSyS/Langs/dot.net/Syngress-RS-BTS2000DGNET.zip">
         <LOCATION>
          <URL>Lib/InfoSyS/Langs/dot.net/Syngress-RS-BTS2000DGNET.zip</URL>
          <SIZE>6</SIZE>
          <CHECKSUM>0</CHECKSUM>
          <TYPE>zip</TYPE>
         </LOCATION>
         <ITEM>
          <INFO>
           <CATEGORIES>
            <CATEGORY>Lib/InfoSyS/Langs/dot.net</CATEGORY>
           </CATEGORIES>
           <DESCRIPTION>Syngress - Robert Shimonski - BizTalk Server 2000 Developer's Guide for .NET</DESCRIPTION>
           <PUBLISHERS>
            <PUBLISHER>Syngress</PUBLISHER>
           </PUBLISHERS>
           <AUTHORS>
            <AUTHOR>
             <FULLNAME>Robert Shimonski</FULLNAME>
             <LASTNAME>Shimonski</LASTNAME>
             <FIRSTNAME>Robert</FIRSTNAME>
            </AUTHOR>
           </AUTHORS>
           <TITLE>BizTalk Server 2000 Developer's Guide for .NET</TITLE>
           <INSTANCES>
            <INSTANCE>
             <FORMAT>pdf</FORMAT>
             <SIZE>0</SIZE>
             <CHECKSUM>0</CHECKSUM>
            </INSTANCE>
           </INSTANCES>
          </INFO>
         </ITEM>
        </FILE>
        <FILE link="Lib/InfoSyS/Langs/dot.net/Syngress-SM-NETMWDG.zip">
         <LOCATION>
          <URL>Lib/InfoSyS/Langs/dot.net/Syngress-SM-NETMWDG.zip</URL>
          <SIZE>4.8</SIZE>
          <CHECKSUM>0</CHECKSUM>
          <TYPE>zip</TYPE>
         </LOCATION>
         <ITEM>
          <INFO>
           <CATEGORIES>
            <CATEGORY>Lib/InfoSyS/Langs/dot.net</CATEGORY>
           </CATEGORIES>
           <DESCRIPTION>Syngress - Steve Milroy - .NET Mobile Web Developers Guide</DESCRIPTION>
           <PUBLISHERS>
            <PUBLISHER>Syngress</PUBLISHER>
           </PUBLISHERS>
           <AUTHORS>
            <AUTHOR>
             <FULLNAME>Steve Milroy</FULLNAME>
             <LASTNAME>Milroy</LASTNAME>
             <FIRSTNAME>Steve</FIRSTNAME>
            </AUTHOR>
           </AUTHORS>
           <TITLE>.NET Mobile Web Developers Guide</TITLE>
           <INSTANCES>
            <INSTANCE>
             <FORMAT>pdf</FORMAT>
             <SIZE>0</SIZE>
             <CHECKSUM>0</CHECKSUM>
            </INSTANCE>
           </INSTANCES>
          </INFO>
         </ITEM>
        </FILE>
        <DIR link="Lib/InfoSyS/Langs/dot.net/CSharp">
         <LOCATION>
          <URL>Lib/InfoSyS/Langs/dot.net/CSharp</URL>
          <SIZE>9.8</SIZE>
         </LOCATION>
         <FILELIST category="Lib/InfoSyS/Langs/dot.net/CSharp">
          <INFO>
           <DESCRIPTION>C Sharp</DESCRIPTION>
           <TITLE>C Sharp</TITLE>
           <DEFAULTFORMAT>pdf</DEFAULTFORMAT>
          </INFO>
          <FILE link="Lib/InfoSyS/Langs/dot.net/CSharp/APress-EG-PITCS.zip">
           <LOCATION>
            <URL>Lib/InfoSyS/Langs/dot.net/CSharp/APress-EG-PITCS.zip</URL>
            <SIZE>0.9</SIZE>
            <CHECKSUM>0</CHECKSUM>
            <TYPE>zip</TYPE>
           </LOCATION>
           <ITEM>
            <INFO>
             <CATEGORIES>
              <CATEGORY>Lib/InfoSyS/Langs/dot.net/CSharp</CATEGORY>
             </CATEGORIES>
             <DESCRIPTION>APress - Eric Gunnerson - A programmers introduction to C#</DESCRIPTION>
             <PUBLISHERS>
              <PUBLISHER>APress</PUBLISHER>
             </PUBLISHERS>
             <AUTHORS>
              <AUTHOR>
               <FULLNAME>Eric Gunnerson</FULLNAME>
               <LASTNAME>Gunnerson</LASTNAME>
               <FIRSTNAME>Eric</FIRSTNAME>
              </AUTHOR>
             </AUTHORS>
             <TITLE>A programmers introduction to C#</TITLE>
             <INSTANCES>
              <INSTANCE>
               <FORMAT>pdf</FORMAT>
               <SIZE>0</SIZE>
               <CHECKSUM>0</CHECKSUM>
              </INSTANCE>
             </INSTANCES>
            </INFO>
           </ITEM>
          </FILE>
          <FILE link="Lib/InfoSyS/Langs/dot.net/CSharp/MSPress-AH-CLR.chm">
           <LOCATION>
            <URL>Lib/InfoSyS/Langs/dot.net/CSharp/MSPress-AH-CLR.chm</URL>
            <SIZE>0.8</SIZE>
            <CHECKSUM>0</CHECKSUM>
            <TYPE>plain</TYPE>
           </LOCATION>
           <ITEM>
            <INFO>
             <CATEGORIES>
              <CATEGORY>Lib/InfoSyS/Langs/dot.net/CSharp</CATEGORY>
             </CATEGORIES>
             <DESCRIPTION>MSPress - Anders Heijlsberg - C# Language References (chm)</DESCRIPTION>
             <PUBLISHERS>
              <PUBLISHER>MSPress</PUBLISHER>
             </PUBLISHERS>
             <AUTHORS>
              <AUTHOR>
               <FULLNAME>Anders Heijlsberg</FULLNAME>
               <LASTNAME>Heijlsberg</LASTNAME>
               <FIRSTNAME>Anders</FIRSTNAME>
              </AUTHOR>
             </AUTHORS>
             <TITLE>C# Language References</TITLE>
             <INSTANCES>
              <INSTANCE>
               <FORMAT>chm</FORMAT>
               <SIZE>0</SIZE>
               <CHECKSUM>0</CHECKSUM>
              </INSTANCE>
             </INSTANCES>
            </INFO>
           </ITEM>
          </FILE>
          <FILE link="Lib/InfoSyS/Langs/dot.net/CSharp/OReilly-JL-CP.zip">
           <LOCATION>
            <URL>Lib/InfoSyS/Langs/dot.net/CSharp/OReilly-JL-CP.zip</URL>
            <SIZE>2.2</SIZE>
            <CHECKSUM>0</CHECKSUM>
            <TYPE>zip</TYPE>
           </LOCATION>
           <ITEM>
            <INFO>
             <CATEGORIES>
              <CATEGORY>Lib/InfoSyS/Langs/dot.net/CSharp</CATEGORY>
             </CATEGORIES>
             <DESCRIPTION>O'Reilly - Jesse Liberty - C# Programming</DESCRIPTION>
             <PUBLISHERS>
              <PUBLISHER>O'Reilly</PUBLISHER>
             </PUBLISHERS>
             <AUTHORS>
              <AUTHOR>
               <FULLNAME>Jesse Liberty</FULLNAME>
               <LASTNAME>Liberty</LASTNAME>
               <FIRSTNAME>Jesse</FIRSTNAME>
              </AUTHOR>
             </AUTHORS>
             <TITLE>C# Programming</TITLE>
             <INSTANCES>
              <INSTANCE>
               <FORMAT>pdf</FORMAT>
               <SIZE>0</SIZE>
               <CHECKSUM>0</CHECKSUM>
              </INSTANCE>
             </INSTANCES>
            </INFO>
           </ITEM>
          </FILE>
          <FILE link="Lib/InfoSyS/Langs/dot.net/CSharp/Syngres-AT-CSNWDG.zip">
           <LOCATION>
            <URL>Lib/InfoSyS/Langs/dot.net/CSharp/Syngres-AT-CSNWDG.zip</URL>
            <SIZE>5.8</SIZE>
            <CHECKSUM>0</CHECKSUM>
            <TYPE>zip</TYPE>
           </LOCATION>
           <ITEM>
            <INFO>
             <CATEGORIES>
              <CATEGORY>Lib/InfoSyS/Langs/dot.net/CSharp</CATEGORY>
             </CATEGORIES>
             <DESCRIPTION>Syngress - Adrian Turtschi -  C# .NET Web Developers Guide</DESCRIPTION>
             <PUBLISHERS>
              <PUBLISHER>Syngress</PUBLISHER>
             </PUBLISHERS>
             <AUTHORS>
              <AUTHOR>
               <FULLNAME>Adrian Turtschi</FULLNAME>
               <LASTNAME>Turtschi</LASTNAME>
               <FIRSTNAME>Adrian</FIRSTNAME>
              </AUTHOR>
             </AUTHORS>
             <TITLE> C# .NET Web Developers Guide</TITLE>
             <INSTANCES>
              <INSTANCE>
               <FORMAT>pdf</FORMAT>
               <SIZE>0</SIZE>
               <CHECKSUM>0</CHECKSUM>
              </INSTANCE>
             </INSTANCES>
            </INFO>
           </ITEM>
          </FILE>
         </FILELIST>
        </DIR>
        <DIR link="Lib/InfoSyS/Langs/dot.net/vb">
         <LOCATION>
          <URL>Lib/InfoSyS/Langs/dot.net/vb</URL>
          <SIZE>13.6</SIZE>
         </LOCATION>
         <FILELIST category="Lib/InfoSyS/Langs/dot.net/vb">
          <INFO>
           <DESCRIPTION>Visual Basic</DESCRIPTION>
           <TITLE>Visual Basic</TITLE>
           <DEFAULTFORMAT>pdf</DEFAULTFORMAT>
          </INFO>
          <FILE link="Lib/InfoSyS/Langs/dot.net/vb/MSPress-ER-UVB6VBNET.chm">
           <LOCATION>
            <URL>Lib/InfoSyS/Langs/dot.net/vb/MSPress-ER-UVB6VBNET.chm</URL>
            <SIZE>4.8</SIZE>
            <CHECKSUM>0</CHECKSUM>
            <TYPE>plain</TYPE>
           </LOCATION>
           <ITEM>
            <INFO>
             <CATEGORIES>
              <CATEGORY>Lib/InfoSyS/Langs/dot.net/vb</CATEGORY>
             </CATEGORIES>
             <DESCRIPTION>MSPress - Ed Robinson - Upgrading VB 6.0 to VB.NET (chm)</DESCRIPTION>
             <PUBLISHERS>
              <PUBLISHER>MSPress</PUBLISHER>
             </PUBLISHERS>
             <AUTHORS>
              <AUTHOR>
               <FULLNAME>Ed Robinson</FULLNAME>
               <LASTNAME>Robinson</LASTNAME>
               <FIRSTNAME>Ed</FIRSTNAME>
              </AUTHOR>
             </AUTHORS>
             <TITLE>Upgrading VB 6.0 to VB.NET</TITLE>
             <INSTANCES>
              <INSTANCE>
               <FORMAT>chm</FORMAT>
               <SIZE>0</SIZE>
               <CHECKSUM>0</CHECKSUM>
              </INSTANCE>
             </INSTANCES>
            </INFO>
           </ITEM>
          </FILE>
          <FILE link="Lib/InfoSyS/Langs/dot.net/vb/OReilly-DG-VBNET.zip">
           <LOCATION>
            <URL>Lib/InfoSyS/Langs/dot.net/vb/OReilly-DG-VBNET.zip</URL>
            <SIZE>1.9</SIZE>
            <CHECKSUM>0</CHECKSUM>
            <TYPE>zip</TYPE>
           </LOCATION>
           <ITEM>
            <INFO>
             <CATEGORIES>
              <CATEGORY>Lib/InfoSyS/Langs/dot.net/vb</CATEGORY>
             </CATEGORIES>
             <DESCRIPTION>O'Reilly - Dave Grundgeiger - Visual Basic .NET</DESCRIPTION>
             <PUBLISHERS>
              <PUBLISHER>O'Reilly</PUBLISHER>
             </PUBLISHERS>
             <AUTHORS>
              <AUTHOR>
               <FULLNAME>Dave Grundgeiger</FULLNAME>
               <LASTNAME>Grundgeiger</LASTNAME>
               <FIRSTNAME>Dave</FIRSTNAME>
              </AUTHOR>
             </AUTHORS>
             <TITLE>Visual Basic .NET</TITLE>
             <INSTANCES>
              <INSTANCE>
               <FORMAT>pdf</FORMAT>
               <SIZE>0</SIZE>
               <CHECKSUM>0</CHECKSUM>
              </INSTANCE>
             </INSTANCES>
            </INFO>
           </ITEM>
          </FILE>
          <FILE link="Lib/InfoSyS/Langs/dot.net/vb/OReilly-SR-VBNETLN.zip">
           <LOCATION>
            <URL>Lib/InfoSyS/Langs/dot.net/vb/OReilly-SR-VBNETLN.zip</URL>
            <SIZE>1.5</SIZE>
            <CHECKSUM>0</CHECKSUM>
            <TYPE>zip</TYPE>
           </LOCATION>
           <ITEM>
            <INFO>
             <CATEGORIES>
              <CATEGORY>Lib/InfoSyS/Langs/dot.net/vb</CATEGORY>
             </CATEGORIES>
             <DESCRIPTION>O'Reilly - Steven Roman - VB.NET Language in a NutShell</DESCRIPTION>
             <PUBLISHERS>
              <PUBLISHER>O'Reilly</PUBLISHER>
             </PUBLISHERS>
             <AUTHORS>
              <AUTHOR>
               <FULLNAME>Steven Roman</FULLNAME>
               <LASTNAME>Roman</LASTNAME>
               <FIRSTNAME>Steven</FIRSTNAME>
              </AUTHOR>
             </AUTHORS>
             <TITLE>VB.NET Language in a NutShell</TITLE>
             <INSTANCES>
              <INSTANCE>
               <FORMAT>pdf</FORMAT>
               <SIZE>0</SIZE>
               <CHECKSUM>0</CHECKSUM>
              </INSTANCE>
             </INSTANCES>
            </INFO>
           </ITEM>
          </FILE>
          <FILE link="Lib/InfoSyS/Langs/dot.net/vb/Syngress-CW-VBNETDG.zip">
           <LOCATION>
            <URL>Lib/InfoSyS/Langs/dot.net/vb/Syngress-CW-VBNETDG.zip</URL>
            <SIZE>5.4</SIZE>
            <CHECKSUM>0</CHECKSUM>
            <TYPE>zip</TYPE>
           </LOCATION>
           <ITEM>
            <INFO>
             <CATEGORIES>
              <CATEGORY>Lib/InfoSyS/Langs/dot.net/vb</CATEGORY>
             </CATEGORIES>
             <DESCRIPTION>Syngress - Cameron Wakefield - VB.NET Developer's Guide</DESCRIPTION>
             <PUBLISHERS>
              <PUBLISHER>Syngress</PUBLISHER>
             </PUBLISHERS>
             <AUTHORS>
              <AUTHOR>
               <FULLNAME>Cameron Wakefield</FULLNAME>
               <LASTNAME>Wakefield</LASTNAME>
               <FIRSTNAME>Cameron</FIRSTNAME>
              </AUTHOR>
             </AUTHORS>
             <TITLE>VB.NET Developer's Guide</TITLE>
             <INSTANCES>
              <INSTANCE>
               <FORMAT>pdf</FORMAT>
               <SIZE>0</SIZE>
               <CHECKSUM>0</CHECKSUM>
              </INSTANCE>
             </INSTANCES>
            </INFO>
           </ITEM>
          </FILE>
         </FILELIST>
        </DIR>
       </FILELIST>
      </DIR>
      <DIR link="Lib/InfoSyS/Langs/Other">
       <LOCATION>
        <URL>Lib/InfoSyS/Langs/Other</URL>
        <SIZE>61.8</SIZE>
       </LOCATION>
       <FILELIST category="Lib/InfoSyS/Langs/Other">
        <INFO>
         <DESCRIPTION>All Other Lang Docs</DESCRIPTION>
         <TITLE>All Other Lang Docs</TITLE>
         <DEFAULTFORMAT>pdf</DEFAULTFORMAT>
        </INFO>
        <FILE link="Lib/InfoSyS/Langs/Other/HP-TR-ESS.zip">
         <LOCATION>
          <URL>Lib/InfoSyS/Langs/Other/HP-TR-ESS.zip</URL>
          <SIZE>3.5</SIZE>
          <CHECKSUM>0</CHECKSUM>
          <TYPE>zip</TYPE>
         </LOCATION>
         <ITEM>
          <INFO>
           <CATEGORIES>
            <CATEGORY>Lib/InfoSyS/Langs/Other</CATEGORY>
           </CATEGORIES>
           <DESCRIPTION>HP - Ted Roche - Essential SourceSafe</DESCRIPTION>
           <PUBLISHERS>
            <PUBLISHER>HP</PUBLISHER>
           </PUBLISHERS>
           <AUTHORS>
            <AUTHOR>
             <FULLNAME>Ted Roche</FULLNAME>
             <LASTNAME>Roche</LASTNAME>
             <FIRSTNAME>Ted</FIRSTNAME>
            </AUTHOR>
           </AUTHORS>
           <TITLE>Essential SourceSafe</TITLE>
           <INSTANCES>
            <INSTANCE>
             <FORMAT>pdf</FORMAT>
             <SIZE>0</SIZE>
             <CHECKSUM>0</CHECKSUM>
            </INSTANCE>
           </INSTANCES>
          </INFO>
         </ITEM>
        </FILE>
        <FILE link="Lib/InfoSyS/Langs/Other/MS_Press-Programming_ADO.chm">
         <LOCATION>
          <URL>Lib/InfoSyS/Langs/Other/MS_Press-Programming_ADO.chm</URL>
          <SIZE>1.5</SIZE>
          <CHECKSUM>0</CHECKSUM>
          <TYPE>plain</TYPE>
         </LOCATION>
         <ITEM>
          <INFO>
           <CATEGORIES>
            <CATEGORY>Lib/InfoSyS/Langs/Other</CATEGORY>
           </CATEGORIES>
           <DESCRIPTION>MSPress - David Sceppa - Programming ADO (chm)</DESCRIPTION>
           <PUBLISHERS>
            <PUBLISHER>MSPress</PUBLISHER>
           </PUBLISHERS>
           <AUTHORS>
            <AUTHOR>
             <FULLNAME>David Sceppa</FULLNAME>
             <LASTNAME>Sceppa</LASTNAME>
             <FIRSTNAME>David</FIRSTNAME>
            </AUTHOR>
           </AUTHORS>
           <TITLE>Programming ADO</TITLE>
           <INSTANCES>
            <INSTANCE>
             <FORMAT>chm</FORMAT>
             <SIZE>0</SIZE>
             <CHECKSUM>0</CHECKSUM>
            </INSTANCE>
           </INSTANCES>
          </INFO>
         </ITEM>
        </FILE>
        <FILE link="Lib/InfoSyS/Langs/Other/MSPress-GB-WSH2DG.chm">
         <LOCATION>
          <URL>Lib/InfoSyS/Langs/Other/MSPress-GB-WSH2DG.chm</URL>
          <SIZE>4.1</SIZE>
          <CHECKSUM>0</CHECKSUM>
          <TYPE>plain</TYPE>
         </LOCATION>
         <ITEM>
          <INFO>
           <CATEGORIES>
            <CATEGORY>Lib/InfoSyS/Langs/Other</CATEGORY>
           </CATEGORIES>
           <DESCRIPTION>MSPress - Gunter Born - Windows Script Host 2.0 Developers Guide (chm)</DESCRIPTION>
           <PUBLISHERS>
            <PUBLISHER>MSPress</PUBLISHER>
           </PUBLISHERS>
           <AUTHORS>
            <AUTHOR>
             <FULLNAME>Gunter Born</FULLNAME>
             <LASTNAME>Born</LASTNAME>
             <FIRSTNAME>Gunter</FIRSTNAME>
            </AUTHOR>
           </AUTHORS>
           <TITLE>Windows Script Host 2.0 Developers Guide</TITLE>
           <INSTANCES>
            <INSTANCE>
             <FORMAT>chm</FORMAT>
             <SIZE>0</SIZE>
             <CHECKSUM>0</CHECKSUM>
            </INSTANCE>
           </INSTANCES>
          </INFO>
         </ITEM>
        </FILE>
        <FILE link="Lib/InfoSyS/Langs/Other/Syngress-RF-RDG.zip">
         <LOCATION>
          <URL>Lib/InfoSyS/Langs/Other/Syngress-RF-RDG.zip</URL>
          <SIZE>5.3</SIZE>
          <CHECKSUM>0</CHECKSUM>
          <TYPE>zip</TYPE>
         </LOCATION>
         <ITEM>
          <INFO>
           <CATEGORIES>
            <CATEGORY>Lib/InfoSyS/Langs/Other</CATEGORY>
           </CATEGORIES>
           <DESCRIPTION>Syngress - Robert Feldt - Ruby Developer's Guide</DESCRIPTION>
           <PUBLISHERS>
            <PUBLISHER>Syngress</PUBLISHER>
           </PUBLISHERS>
           <AUTHORS>
            <AUTHOR>
             <FULLNAME>Robert Feldt</FULLNAME>
             <LASTNAME>Feldt</LASTNAME>
             <FIRSTNAME>Robert</FIRSTNAME>
            </AUTHOR>
           </AUTHORS>
           <TITLE>Ruby Developer's Guide</TITLE>
           <INSTANCES>
            <INSTANCE>
             <FORMAT>pdf</FORMAT>
             <SIZE>0</SIZE>
             <CHECKSUM>0</CHECKSUM>
            </INSTANCE>
           </INSTANCES>
          </INFO>
         </ITEM>
        </FILE>
        <FILE link="Lib/InfoSyS/Langs/Other/U--ADR.zip">
         <LOCATION>
          <URL>Lib/InfoSyS/Langs/Other/U--ADR.zip</URL>
          <SIZE>0.2</SIZE>
          <CHECKSUM>0</CHECKSUM>
          <TYPE>zip</TYPE>
         </LOCATION>
         <ITEM>
          <INFO>
           <CATEGORIES>
            <CATEGORY>Lib/InfoSyS/Langs/Other</CATEGORY>
           </CATEGORIES>
           <DESCRIPTION>ADA Developer References (doc)</DESCRIPTION>
           <TITLE>ADA Developer References</TITLE>
           <INSTANCES>
            <INSTANCE>
             <FORMAT>doc</FORMAT>
             <SIZE>0</SIZE>
             <CHECKSUM>0</CHECKSUM>
            </INSTANCE>
           </INSTANCES>
          </INFO>
         </ITEM>
        </FILE>
        <FILE link="Lib/InfoSyS/Langs/Other/U--aItSaiI.zip">
         <LOCATION>
          <URL>Lib/InfoSyS/Langs/Other/U--aItSaiI.zip</URL>
          <SIZE>0.4</SIZE>
          <CHECKSUM>0</CHECKSUM>
          <TYPE>zip</TYPE>
         </LOCATION>
         <ITEM>
          <INFO>
           <CATEGORIES>
            <CATEGORY>Lib/InfoSyS/Langs/Other</CATEGORY>
           </CATEGORIES>
           <DESCRIPTION>An Introduction to Scheme and its Implementation</DESCRIPTION>
           <TITLE>An Introduction to Scheme and its Implementation</TITLE>
           <INSTANCES>
            <INSTANCE>
             <FORMAT>pdf</FORMAT>
             <SIZE>0</SIZE>
             <CHECKSUM>0</CHECKSUM>
            </INSTANCE>
           </INSTANCES>
          </INFO>
         </ITEM>
        </FILE>
        <DIR link="Lib/InfoSyS/Langs/Other/FoxPro">
         <LOCATION>
          <URL>Lib/InfoSyS/Langs/Other/FoxPro</URL>
          <SIZE>46.8</SIZE>
         </LOCATION>
         <FILELIST category="Lib/InfoSyS/Langs/Other/FoxPro">
          <INFO>
           <DESCRIPTION>FoxPro</DESCRIPTION>
           <TITLE>FoxPro</TITLE>
           <DEFAULTFORMAT>pdf</DEFAULTFORMAT>
          </INFO>
          <FILE link="Lib/InfoSyS/Langs/Other/FoxPro/HP-CU-CSAwVFP6.zip">
           <LOCATION>
            <URL>Lib/InfoSyS/Langs/Other/FoxPro/HP-CU-CSAwVFP6.zip</URL>
            <SIZE>4.1</SIZE>
            <CHECKSUM>0</CHECKSUM>
            <TYPE>zip</TYPE>
           </LOCATION>
           <ITEM>
            <INFO>
             <CATEGORIES>
              <CATEGORY>Lib/InfoSyS/Langs/Other/FoxPro</CATEGORY>
             </CATEGORIES>
             <DESCRIPTION>HP - Chuck Urwiler - Client/Server Applications with Visual FoxPro and SQL Server</DESCRIPTION>
             <PUBLISHERS>
              <PUBLISHER>HP</PUBLISHER>
             </PUBLISHERS>
             <AUTHORS>
              <AUTHOR>
               <FULLNAME>Chuck Urwiler</FULLNAME>
               <LASTNAME>Urwiler</LASTNAME>
               <FIRSTNAME>Chuck</FIRSTNAME>
              </AUTHOR>
             </AUTHORS>
             <TITLE>Client/Server Applications with Visual FoxPro and SQL Server</TITLE>
             <INSTANCES>
              <INSTANCE>
               <FORMAT>pdf</FORMAT>
               <SIZE>0</SIZE>
               <CHECKSUM>0</CHECKSUM>
              </INSTANCE>
             </INSTANCES>
            </INFO>
           </ITEM>
          </FILE>
          <FILE link="Lib/InfoSyS/Langs/Other/FoxPro/HP-MA-1001TYWtKAVF6.zip">
           <LOCATION>
            <URL>Lib/InfoSyS/Langs/Other/FoxPro/HP-MA-1001TYWtKAVF6.zip</URL>
            <SIZE>5.6</SIZE>
            <CHECKSUM>0</CHECKSUM>
            <TYPE>zip</TYPE>
           </LOCATION>
           <ITEM>
            <INFO>
             <CATEGORIES>
              <CATEGORY>Lib/InfoSyS/Langs/Other/FoxPro</CATEGORY>
             </CATEGORIES>
             <DESCRIPTION>HP - Marcia Akins - 1001 Things You Wanted to Know About Visual FoxPro</DESCRIPTION>
             <PUBLISHERS>
              <PUBLISHER>HP</PUBLISHER>
             </PUBLISHERS>
             <AUTHORS>
              <AUTHOR>
               <FULLNAME>Marcia Akins</FULLNAME>
               <LASTNAME>Akins</LASTNAME>
               <FIRSTNAME>Marcia</FIRSTNAME>
              </AUTHOR>
             </AUTHORS>
             <TITLE>1001 Things You Wanted to Know About Visual FoxPro</TITLE>
             <INSTANCES>
              <INSTANCE>
               <FORMAT>pdf</FORMAT>
               <SIZE>0</SIZE>
               <CHECKSUM>0</CHECKSUM>
              </INSTANCE>
             </INSTANCES>
            </INFO>
           </ITEM>
          </FILE>
          <FILE link="Lib/InfoSyS/Langs/Other/FoxPro/HP-ME-FOOPwVFP6.zip">
           <LOCATION>
            <URL>Lib/InfoSyS/Langs/Other/FoxPro/HP-ME-FOOPwVFP6.zip</URL>
            <SIZE>5.6</SIZE>
            <CHECKSUM>0</CHECKSUM>
            <TYPE>zip</TYPE>
           </LOCATION>
           <ITEM>
            <INFO>
             <CATEGORIES>
              <CATEGORY>Lib/InfoSyS/Langs/Other/FoxPro</CATEGORY>
             </CATEGORIES>
             <DESCRIPTION>HP - Markus Egger - Advanced OOP with Visual FoxPro 6.0</DESCRIPTION>
             <PUBLISHERS>
              <PUBLISHER>HP</PUBLISHER>
             </PUBLISHERS>
             <AUTHORS>
              <AUTHOR>
               <FULLNAME>Markus Egger</FULLNAME>
               <LASTNAME>Egger</LASTNAME>
               <FIRSTNAME>Markus</FIRSTNAME>
              </AUTHOR>
             </AUTHORS>
             <TITLE>Advanced OOP with Visual FoxPro 6.0</TITLE>
             <INSTANCES>
              <INSTANCE>
               <FORMAT>pdf</FORMAT>
               <SIZE>0</SIZE>
               <CHECKSUM>0</CHECKSUM>
              </INSTANCE>
             </INSTANCES>
            </INFO>
           </ITEM>
          </FILE>
          <FILE link="Lib/InfoSyS/Langs/Other/FoxPro/HP-RS-IAwVFP6.zip">
           <LOCATION>
            <URL>Lib/InfoSyS/Langs/Other/FoxPro/HP-RS-IAwVFP6.zip</URL>
            <SIZE>6.7</SIZE>
            <CHECKSUM>0</CHECKSUM>
            <TYPE>zip</TYPE>
           </LOCATION>
           <ITEM>
            <INFO>
             <CATEGORIES>
              <CATEGORY>Lib/InfoSyS/Langs/Other/FoxPro</CATEGORY>
             </CATEGORIES>
             <DESCRIPTION>HP - Rick Strahl - Internet Applications with Visual FoxPro 6.0</DESCRIPTION>
             <PUBLISHERS>
              <PUBLISHER>HP</PUBLISHER>
             </PUBLISHERS>
             <AUTHORS>
              <AUTHOR>
               <FULLNAME>Rick Strahl</FULLNAME>
               <LASTNAME>Strahl</LASTNAME>
               <FIRSTNAME>Rick</FIRSTNAME>
              </AUTHOR>
             </AUTHORS>
             <TITLE>Internet Applications with Visual FoxPro 6.0</TITLE>
             <INSTANCES>
              <INSTANCE>
               <FORMAT>pdf</FORMAT>
               <SIZE>0</SIZE>
               <CHECKSUM>0</CHECKSUM>
              </INSTANCE>
             </INSTANCES>
            </INFO>
           </ITEM>
          </FILE>
          <FILE link="Lib/InfoSyS/Langs/Other/FoxPro/HP-SS-ETADVFP.zip">
           <LOCATION>
            <URL>Lib/InfoSyS/Langs/Other/FoxPro/HP-SS-ETADVFP.zip</URL>
            <SIZE>2.5</SIZE>
            <CHECKSUM>0</CHECKSUM>
            <TYPE>zip</TYPE>
           </LOCATION>
           <ITEM>
            <INFO>
             <CATEGORIES>
              <CATEGORY>Lib/InfoSyS/Langs/Other/FoxPro</CATEGORY>
             </CATEGORIES>
             <DESCRIPTION>HP - Steve Sawyer - Effictive Techniques Application Development with Visual FoxPro 6.0 (chm)</DESCRIPTION>
             <PUBLISHERS>
              <PUBLISHER>HP</PUBLISHER>
             </PUBLISHERS>
             <AUTHORS>
              <AUTHOR>
               <FULLNAME>Steve Sawyer</FULLNAME>
               <LASTNAME>Sawyer</LASTNAME>
               <FIRSTNAME>Steve</FIRSTNAME>
              </AUTHOR>
             </AUTHORS>
             <TITLE>Effictive Techniques Application Development with Visual FoxPro 6.0</TITLE>
             <INSTANCES>
              <INSTANCE>
               <FORMAT>chm</FORMAT>
               <SIZE>0</SIZE>
               <CHECKSUM>0</CHECKSUM>
              </INSTANCE>
             </INSTANCES>
            </INFO>
           </ITEM>
          </FILE>
          <FILE link="Lib/InfoSyS/Langs/Other/FoxPro/HP-TG-HGtVFP6.zip">
           <LOCATION>
            <URL>Lib/InfoSyS/Langs/Other/FoxPro/HP-TG-HGtVFP6.zip</URL>
            <SIZE>6.5</SIZE>
            <CHECKSUM>0</CHECKSUM>
            <TYPE>zip</TYPE>
           </LOCATION>
           <ITEM>
            <INFO>
             <CATEGORIES>
              <CATEGORY>Lib/InfoSyS/Langs/Other/FoxPro</CATEGORY>
             </CATEGORIES>
             <DESCRIPTION>HP - Tamar Granor - Hacker's Guide to Visual FoxPro 6.0</DESCRIPTION>
             <PUBLISHERS>
              <PUBLISHER>HP</PUBLISHER>
             </PUBLISHERS>
             <AUTHORS>
              <AUTHOR>
               <FULLNAME>Tamar Granor</FULLNAME>
               <LASTNAME>Granor</LASTNAME>
               <FIRSTNAME>Tamar</FIRSTNAME>
              </AUTHOR>
             </AUTHORS>
             <TITLE>Hacker's Guide to Visual FoxPro 6.0</TITLE>
             <INSTANCES>
              <INSTANCE>
               <FORMAT>pdf</FORMAT>
               <SIZE>0</SIZE>
               <CHECKSUM>0</CHECKSUM>
              </INSTANCE>
             </INSTANCES>
            </INFO>
           </ITEM>
          </FILE>
          <FILE link="Lib/InfoSyS/Langs/Other/FoxPro/HP-TG-MOAwVF6.zip">
           <LOCATION>
            <URL>Lib/InfoSyS/Langs/Other/FoxPro/HP-TG-MOAwVF6.zip</URL>
            <SIZE>6.4</SIZE>
            <CHECKSUM>0</CHECKSUM>
            <TYPE>zip</TYPE>
           </LOCATION>
           <ITEM>
            <INFO>
             <CATEGORIES>
              <CATEGORY>Lib/InfoSyS/Langs/Other/FoxPro</CATEGORY>
             </CATEGORIES>
             <DESCRIPTION>HP - Tamar Granor - Microsoft Office Automation with Visual FoxPro</DESCRIPTION>
             <PUBLISHERS>
              <PUBLISHER>HP</PUBLISHER>
             </PUBLISHERS>
             <AUTHORS>
              <AUTHOR>
               <FULLNAME>Tamar Granor</FULLNAME>
               <LASTNAME>Granor</LASTNAME>
               <FIRSTNAME>Tamar</FIRSTNAME>
              </AUTHOR>
             </AUTHORS>
             <TITLE>Microsoft Office Automation with Visual FoxPro</TITLE>
             <INSTANCES>
              <INSTANCE>
               <FORMAT>pdf</FORMAT>
               <SIZE>0</SIZE>
               <CHECKSUM>0</CHECKSUM>
              </INSTANCE>
             </INSTANCES>
            </INFO>
           </ITEM>
          </FILE>
          <FILE link="Lib/InfoSyS/Langs/Other/FoxPro/HP-WH-TFBVPA.zip">
           <LOCATION>
            <URL>Lib/InfoSyS/Langs/Other/FoxPro/HP-WH-TFBVPA.zip</URL>
            <SIZE>9.4</SIZE>
            <CHECKSUM>0</CHECKSUM>
            <TYPE>zip</TYPE>
           </LOCATION>
           <ITEM>
            <INFO>
             <CATEGORIES>
              <CATEGORY>Lib/InfoSyS/Langs/Other/FoxPro</CATEGORY>
             </CATEGORIES>
             <DESCRIPTION>HP - Whil Hentzen - The Fundamentals: Building Visual Studio Applications on a Visual FoxPro 6.0 Foundation</DESCRIPTION>
             <PUBLISHERS>
              <PUBLISHER>HP</PUBLISHER>
             </PUBLISHERS>
             <AUTHORS>
              <AUTHOR>
               <FULLNAME>Whil Hentzen</FULLNAME>
               <LASTNAME>Hentzen</LASTNAME>
               <FIRSTNAME>Whil</FIRSTNAME>
              </AUTHOR>
             </AUTHORS>
             <TITLE>The Fundamentals: Building Visual Studio Applications on a Visual FoxPro 6.0 Foundation</TITLE>
             <INSTANCES>
              <INSTANCE>
               <FORMAT>pdf</FORMAT>
               <SIZE>0</SIZE>
               <CHECKSUM>0</CHECKSUM>
              </INSTANCE>
             </INSTANCES>
            </INFO>
           </ITEM>
          </FILE>
         </FILELIST>
        </DIR>
       </FILELIST>
      </DIR>
      <DIR link="Lib/InfoSyS/Langs/Pascal">
       <LOCATION>
        <URL>Lib/InfoSyS/Langs/Pascal</URL>
        <SIZE>57.5</SIZE>
       </LOCATION>
       <FILELIST category="Lib/InfoSyS/Langs/Pascal">
        <INFO>
         <DESCRIPTION>Pascal / Delphi / Kylix</DESCRIPTION>
         <TITLE>Pascal / Delphi / Kylix</TITLE>
         <DEFAULTFORMAT>pdf</DEFAULTFORMAT>
        </INFO>
        <FILE link="Lib/InfoSyS/Langs/Pascal/Borland--KSV.zip">
         <LOCATION>
          <URL>Lib/InfoSyS/Langs/Pascal/Borland--KSV.zip</URL>
          <SIZE>17.5</SIZE>
          <CHECKSUM>0</CHECKSUM>
          <TYPE>zip</TYPE>
         </LOCATION>
         <ITEM>
          <INFO>
           <CATEGORIES>
            <CATEGORY>Lib/InfoSyS/Langs/Pascal</CATEGORY>
           </CATEGORIES>
           <DESCRIPTION>Kylix - Sample Volume (exe)</DESCRIPTION>
           <AUTHORS>
            <AUTHOR>
             <FULLNAME>Kylix</FULLNAME>
             <LASTNAME>Kylix</LASTNAME>
             <FIRSTNAME></FIRSTNAME>
            </AUTHOR>
           </AUTHORS>
           <TITLE>Sample Volume</TITLE>
           <INSTANCES>
            <INSTANCE>
             <FORMAT>exe</FORMAT>
             <SIZE>0</SIZE>
             <CHECKSUM>0</CHECKSUM>
            </INSTANCE>
           </INSTANCES>
          </INFO>
         </ITEM>
        </FILE>
        <FILE link="Lib/InfoSyS/Langs/Pascal/IK-JA-DGGPDX7.zip">
         <LOCATION>
          <URL>Lib/InfoSyS/Langs/Pascal/IK-JA-DGGPDX7.zip</URL>
          <SIZE>5.5</SIZE>
          <CHECKSUM>0</CHECKSUM>
          <TYPE>zip</TYPE>
         </LOCATION>
         <ITEM>
          <INFO>
           <CATEGORIES>
            <CATEGORY>Lib/InfoSyS/Langs/Pascal</CATEGORY>
           </CATEGORIES>
           <DESCRIPTION>itKnowledge - John Ayres - Delphi Graphics and Game Programming Exposed with DirectX 7.0</DESCRIPTION>
           <PUBLISHERS>
            <PUBLISHER>itKnowledge</PUBLISHER>
           </PUBLISHERS>
           <AUTHORS>
            <AUTHOR>
             <FULLNAME>John Ayres</FULLNAME>
             <LASTNAME>Ayres</LASTNAME>
             <FIRSTNAME>John</FIRSTNAME>
            </AUTHOR>
           </AUTHORS>
           <TITLE>Delphi Graphics and Game Programming Exposed with DirectX 7.0</TITLE>
           <INSTANCES>
            <INSTANCE>
             <FORMAT>pdf</FORMAT>
             <SIZE>0</SIZE>
             <CHECKSUM>0</CHECKSUM>
            </INSTANCE>
           </INSTANCES>
          </INFO>
         </ITEM>
        </FILE>
        <FILE link="Lib/InfoSyS/Langs/Pascal/MW--CWPPP.zip">
         <LOCATION>
          <URL>Lib/InfoSyS/Langs/Pascal/MW--CWPPP.zip</URL>
          <SIZE>0.8</SIZE>
          <CHECKSUM>0</CHECKSUM>
          <TYPE>zip</TYPE>
         </LOCATION>
         <ITEM>
          <INFO>
           <CATEGORIES>
            <CATEGORY>Lib/InfoSyS/Langs/Pascal</CATEGORY>
           </CATEGORIES>
           <DESCRIPTION>Metrowerks - Codewarrior Programming Practice: Pascal</DESCRIPTION>
           <AUTHORS>
            <AUTHOR>
             <FULLNAME>Metrowerks</FULLNAME>
             <LASTNAME>Metrowerks</LASTNAME>
             <FIRSTNAME></FIRSTNAME>
            </AUTHOR>
           </AUTHORS>
           <TITLE>Codewarrior Programming Practice: Pascal</TITLE>
           <INSTANCES>
            <INSTANCE>
             <FORMAT>pdf</FORMAT>
             <SIZE>0</SIZE>
             <CHECKSUM>0</CHECKSUM>
            </INSTANCE>
           </INSTANCES>
          </INFO>
         </ITEM>
        </FILE>
        <FILE link="Lib/InfoSyS/Langs/Pascal/SAMS-CC-KDG.zip">
         <LOCATION>
          <URL>Lib/InfoSyS/Langs/Pascal/SAMS-CC-KDG.zip</URL>
          <SIZE>8.5</SIZE>
          <CHECKSUM>0</CHECKSUM>
          <TYPE>zip</TYPE>
         </LOCATION>
         <ITEM>
          <INFO>
           <CATEGORIES>
            <CATEGORY>Lib/InfoSyS/Langs/Pascal</CATEGORY>
           </CATEGORIES>
           <DESCRIPTION>SAMS - Charles Calvert - Kylix Developer's Guide</DESCRIPTION>
           <PUBLISHERS>
            <PUBLISHER>SAMS</PUBLISHER>
           </PUBLISHERS>
           <AUTHORS>
            <AUTHOR>
             <FULLNAME>Charles Calvert</FULLNAME>
             <LASTNAME>Calvert</LASTNAME>
             <FIRSTNAME>Charles</FIRSTNAME>
            </AUTHOR>
           </AUTHORS>
           <TITLE>Kylix Developer's Guide</TITLE>
           <INSTANCES>
            <INSTANCE>
             <FORMAT>pdf</FORMAT>
             <SIZE>0</SIZE>
             <CHECKSUM>0</CHECKSUM>
            </INSTANCE>
           </INSTANCES>
          </INFO>
         </ITEM>
        </FILE>
        <FILE link="Lib/InfoSyS/Langs/Pascal/SAMS-KR-TYD4i21D.zip">
         <LOCATION>
          <URL>Lib/InfoSyS/Langs/Pascal/SAMS-KR-TYD4i21D.zip</URL>
          <SIZE>0.6</SIZE>
          <CHECKSUM>0</CHECKSUM>
          <TYPE>zip</TYPE>
         </LOCATION>
         <ITEM>
          <INFO>
           <CATEGORIES>
            <CATEGORY>Lib/InfoSyS/Langs/Pascal</CATEGORY>
           </CATEGORIES>
           <DESCRIPTION>SAMS - Kent Reisdorph - Teach Yourself Delphi 4 in 21 Days (html)</DESCRIPTION>
           <PUBLISHERS>
            <PUBLISHER>SAMS</PUBLISHER>
           </PUBLISHERS>
           <AUTHORS>
            <AUTHOR>
             <FULLNAME>Kent Reisdorph</FULLNAME>
             <LASTNAME>Reisdorph</LASTNAME>
             <FIRSTNAME>Kent</FIRSTNAME>
            </AUTHOR>
           </AUTHORS>
           <TITLE>Teach Yourself Delphi 4 in 21 Days</TITLE>
           <INSTANCES>
            <INSTANCE>
             <FORMAT>html</FORMAT>
             <SIZE>0</SIZE>
             <CHECKSUM>0</CHECKSUM>
            </INSTANCE>
           </INSTANCES>
          </INFO>
         </ITEM>
        </FILE>
        <FILE link="Lib/InfoSyS/Langs/Pascal/SAMS-ST-BD6DG.zip">
         <LOCATION>
          <URL>Lib/InfoSyS/Langs/Pascal/SAMS-ST-BD6DG.zip</URL>
          <SIZE>7.6</SIZE>
          <CHECKSUM>0</CHECKSUM>
          <TYPE>zip</TYPE>
         </LOCATION>
         <ITEM>
          <INFO>
           <CATEGORIES>
            <CATEGORY>Lib/InfoSyS/Langs/Pascal</CATEGORY>
           </CATEGORIES>
           <DESCRIPTION>SAMS - Steve Teixeira - Borland Delphi 6 Developer's Guide</DESCRIPTION>
           <PUBLISHERS>
            <PUBLISHER>SAMS</PUBLISHER>
           </PUBLISHERS>
           <AUTHORS>
            <AUTHOR>
             <FULLNAME>Steve Teixeira</FULLNAME>
             <LASTNAME>Teixeira</LASTNAME>
             <FIRSTNAME>Steve</FIRSTNAME>
            </AUTHOR>
           </AUTHORS>
           <TITLE>Borland Delphi 6 Developer's Guide</TITLE>
           <INSTANCES>
            <INSTANCE>
             <FORMAT>pdf</FORMAT>
             <SIZE>0</SIZE>
             <CHECKSUM>0</CHECKSUM>
            </INSTANCE>
           </INSTANCES>
          </INFO>
         </ITEM>
        </FILE>
        <FILE link="Lib/InfoSyS/Langs/Pascal/Sybex-MC-MD6.zip">
         <LOCATION>
          <URL>Lib/InfoSyS/Langs/Pascal/Sybex-MC-MD6.zip</URL>
          <SIZE>7.6</SIZE>
          <CHECKSUM>0</CHECKSUM>
          <TYPE>zip</TYPE>
         </LOCATION>
         <ITEM>
          <INFO>
           <CATEGORIES>
            <CATEGORY>Lib/InfoSyS/Langs/Pascal</CATEGORY>
           </CATEGORIES>
           <DESCRIPTION>Sybex - Marco Cantu - Mastering Delphi 6</DESCRIPTION>
           <PUBLISHERS>
            <PUBLISHER>Sybex</PUBLISHER>
           </PUBLISHERS>
           <AUTHORS>
            <AUTHOR>
             <FULLNAME>Marco Cantu</FULLNAME>
             <LASTNAME>Cantu</LASTNAME>
             <FIRSTNAME>Marco</FIRSTNAME>
            </AUTHOR>
           </AUTHORS>
           <TITLE>Mastering Delphi 6</TITLE>
           <INSTANCES>
            <INSTANCE>
             <FORMAT>pdf</FORMAT>
             <SIZE>0</SIZE>
             <CHECKSUM>0</CHECKSUM>
            </INSTANCE>
           </INSTANCES>
          </INFO>
         </ITEM>
        </FILE>
        <FILE link="Lib/InfoSyS/Langs/Pascal/U--D4.zip">
         <LOCATION>
          <URL>Lib/InfoSyS/Langs/Pascal/U--D4.zip</URL>
          <SIZE>3</SIZE>
          <CHECKSUM>0</CHECKSUM>
          <TYPE>zip</TYPE>
         </LOCATION>
         <ITEM>
          <INFO>
           <CATEGORIES>
            <CATEGORY>Lib/InfoSyS/Langs/Pascal</CATEGORY>
           </CATEGORIES>
           <DESCRIPTION>Учебник по Delphi4 (html)</DESCRIPTION>
           <TITLE>Учебник по Delphi4</TITLE>
           <INSTANCES>
            <INSTANCE>
             <FORMAT>html</FORMAT>
             <SIZE>0</SIZE>
             <CHECKSUM>0</CHECKSUM>
            </INSTANCE>
           </INSTANCES>
          </INFO>
         </ITEM>
        </FILE>
        <FILE link="Lib/InfoSyS/Langs/Pascal/U--ICBD6.exe">
         <LOCATION>
          <URL>Lib/InfoSyS/Langs/Pascal/U--ICBD6.exe</URL>
          <SIZE>6.3</SIZE>
          <CHECKSUM>0</CHECKSUM>
          <TYPE>plain</TYPE>
         </LOCATION>
         <ITEM>
          <INFO>
           <CATEGORIES>
            <CATEGORY>Lib/InfoSyS/Langs/Pascal</CATEGORY>
           </CATEGORIES>
           <DESCRIPTION>Интерактивный Курс Borland Delphi 6 (exe)</DESCRIPTION>
           <TITLE>Интерактивный Курс Borland Delphi 6</TITLE>
           <INSTANCES>
            <INSTANCE>
             <FORMAT>exe</FORMAT>
             <SIZE>0</SIZE>
             <CHECKSUM>0</CHECKSUM>
            </INSTANCE>
           </INSTANCES>
          </INFO>
         </ITEM>
        </FILE>
       </FILELIST>
      </DIR>
      <DIR link="Lib/InfoSyS/Langs/Perl">
       <LOCATION>
        <URL>Lib/InfoSyS/Langs/Perl</URL>
        <SIZE>10.2</SIZE>
       </LOCATION>
       <FILELIST category="Lib/InfoSyS/Langs/Perl">
        <INFO>
         <DESCRIPTION>Perl</DESCRIPTION>
         <TITLE>Perl</TITLE>
         <DEFAULTFORMAT>pdf</DEFAULTFORMAT>
        </INFO>
        <FILE link="Lib/InfoSyS/Langs/Perl/MCP-JH-PP5CWP.zip">
         <LOCATION>
          <URL>Lib/InfoSyS/Langs/Perl/MCP-JH-PP5CWP.zip</URL>
          <SIZE>0.8</SIZE>
          <CHECKSUM>0</CHECKSUM>
          <TYPE>zip</TYPE>
         </LOCATION>
         <ITEM>
          <INFO>
           <CATEGORIES>
            <CATEGORY>Lib/InfoSyS/Langs/Perl</CATEGORY>
           </CATEGORIES>
           <DESCRIPTION>MCP - Jonathan Hagey - Programming Perl 5.0 CGI Web Pages for Microsoft Windows NT (html)</DESCRIPTION>
           <PUBLISHERS>
            <PUBLISHER>MCP</PUBLISHER>
           </PUBLISHERS>
           <AUTHORS>
            <AUTHOR>
             <FULLNAME>Jonathan Hagey</FULLNAME>
             <LASTNAME>Hagey</LASTNAME>
             <FIRSTNAME>Jonathan</FIRSTNAME>
            </AUTHOR>
           </AUTHORS>
           <TITLE>Programming Perl 5.0 CGI Web Pages for Microsoft Windows NT</TITLE>
           <INSTANCES>
            <INSTANCE>
             <FORMAT>html</FORMAT>
             <SIZE>0</SIZE>
             <CHECKSUM>0</CHECKSUM>
            </INSTANCE>
           </INSTANCES>
          </INFO>
         </ITEM>
        </FILE>
        <FILE link="Lib/InfoSyS/Langs/Perl/MP-DC-DMwP.zip">
         <LOCATION>
          <URL>Lib/InfoSyS/Langs/Perl/MP-DC-DMwP.zip</URL>
          <SIZE>1.3</SIZE>
          <CHECKSUM>0</CHECKSUM>
          <TYPE>zip</TYPE>
         </LOCATION>
         <ITEM>
          <INFO>
           <CATEGORIES>
            <CATEGORY>Lib/InfoSyS/Langs/Perl</CATEGORY>
           </CATEGORIES>
           <DESCRIPTION>Manning Publications - David Cross - Data Munging with Perl</DESCRIPTION>
           <PUBLISHERS>
            <PUBLISHER>Manning Publications</PUBLISHER>
           </PUBLISHERS>
           <AUTHORS>
            <AUTHOR>
             <FULLNAME>David Cross</FULLNAME>
             <LASTNAME>Cross</LASTNAME>
             <FIRSTNAME>David</FIRSTNAME>
            </AUTHOR>
           </AUTHORS>
           <TITLE>Data Munging with Perl</TITLE>
           <INSTANCES>
            <INSTANCE>
             <FORMAT>pdf</FORMAT>
             <SIZE>0</SIZE>
             <CHECKSUM>0</CHECKSUM>
            </INSTANCE>
           </INSTANCES>
          </INFO>
         </ITEM>
        </FILE>
        <FILE link="Lib/InfoSyS/Langs/Perl/MP-RS-OOP.zip">
         <LOCATION>
          <URL>Lib/InfoSyS/Langs/Perl/MP-RS-OOP.zip</URL>
          <SIZE>2.8</SIZE>
          <CHECKSUM>0</CHECKSUM>
          <TYPE>zip</TYPE>
         </LOCATION>
         <ITEM>
          <INFO>
           <CATEGORIES>
            <CATEGORY>Lib/InfoSyS/Langs/Perl</CATEGORY>
           </CATEGORIES>
           <DESCRIPTION>Manning Publications - Randal Schwartz - Object Oriented Perl</DESCRIPTION>
           <PUBLISHERS>
            <PUBLISHER>Manning Publications</PUBLISHER>
           </PUBLISHERS>
           <AUTHORS>
            <AUTHOR>
             <FULLNAME>Randal Schwartz</FULLNAME>
             <LASTNAME>Schwartz</LASTNAME>
             <FIRSTNAME>Randal</FIRSTNAME>
            </AUTHOR>
           </AUTHORS>
           <TITLE>Object Oriented Perl</TITLE>
           <INSTANCES>
            <INSTANCE>
             <FORMAT>pdf</FORMAT>
             <SIZE>0</SIZE>
             <CHECKSUM>0</CHECKSUM>
            </INSTANCE>
           </INSTANCES>
          </INFO>
         </ITEM>
        </FILE>
        <FILE link="Lib/InfoSyS/Langs/Perl/OReilly-BHV-RS-SP.zip">
         <LOCATION>
          <URL>Lib/InfoSyS/Langs/Perl/OReilly-BHV-RS-SP.zip</URL>
          <SIZE>1.2</SIZE>
          <CHECKSUM>0</CHECKSUM>
          <TYPE>zip</TYPE>
         </LOCATION>
         <ITEM>
          <INFO>
           <CATEGORIES>
            <CATEGORY>Lib/InfoSyS/Langs/Perl</CATEGORY>
           </CATEGORIES>
           <DESCRIPTION>OReilly - BHV - Рэндал Шварц - Изучаем Perl (RTF)</DESCRIPTION>
           <PUBLISHERS>
            <PUBLISHER>OReilly</PUBLISHER>
           </PUBLISHERS>
           <AUTHORS>
            <AUTHOR>
             <FULLNAME>BHV</FULLNAME>
             <LASTNAME>BHV</LASTNAME>
             <FIRSTNAME></FIRSTNAME>
            </AUTHOR>
           </AUTHORS>
           <TITLE>Рэндал Шварц - Изучаем Perl (RTF)</TITLE>
           <INSTANCES>
            <INSTANCE>
             <FORMAT>pdf</FORMAT>
             <SIZE>0</SIZE>
             <CHECKSUM>0</CHECKSUM>
            </INSTANCE>
           </INSTANCES>
          </INFO>
         </ITEM>
        </FILE>
        <FILE link="Lib/InfoSyS/Langs/Perl/Que-DM-P5bE.zip">
         <LOCATION>
          <URL>Lib/InfoSyS/Langs/Perl/Que-DM-P5bE.zip</URL>
          <SIZE>0.4</SIZE>
          <CHECKSUM>0</CHECKSUM>
          <TYPE>zip</TYPE>
         </LOCATION>
         <ITEM>
          <INFO>
           <CATEGORIES>
            <CATEGORY>Lib/InfoSyS/Langs/Perl</CATEGORY>
           </CATEGORIES>
           <DESCRIPTION>Que - David Medinets - Perl 5 by Example (html)</DESCRIPTION>
           <PUBLISHERS>
            <PUBLISHER>Que</PUBLISHER>
           </PUBLISHERS>
           <AUTHORS>
            <AUTHOR>
             <FULLNAME>David Medinets</FULLNAME>
             <LASTNAME>Medinets</LASTNAME>
             <FIRSTNAME>David</FIRSTNAME>
            </AUTHOR>
           </AUTHORS>
           <TITLE>Perl 5 by Example</TITLE>
           <INSTANCES>
            <INSTANCE>
             <FORMAT>html</FORMAT>
             <SIZE>0</SIZE>
             <CHECKSUM>0</CHECKSUM>
            </INSTANCE>
           </INSTANCES>
          </INFO>
         </ITEM>
        </FILE>
        <FILE link="Lib/InfoSyS/Langs/Perl/Que-PD-SEUPfWD.zip">
         <LOCATION>
          <URL>Lib/InfoSyS/Langs/Perl/Que-PD-SEUPfWD.zip</URL>
          <SIZE>0.3</SIZE>
          <CHECKSUM>0</CHECKSUM>
          <TYPE>zip</TYPE>
         </LOCATION>
         <ITEM>
          <INFO>
           <CATEGORIES>
            <CATEGORY>Lib/InfoSyS/Langs/Perl</CATEGORY>
           </CATEGORIES>
           <DESCRIPTION>Que - Paul Doyle - Special Edition, Using Perl for Web Programming (html)</DESCRIPTION>
           <PUBLISHERS>
            <PUBLISHER>Que</PUBLISHER>
           </PUBLISHERS>
           <AUTHORS>
            <AUTHOR>
             <FULLNAME>Paul Doyle</FULLNAME>
             <LASTNAME>Doyle</LASTNAME>
             <FIRSTNAME>Paul</FIRSTNAME>
            </AUTHOR>
           </AUTHORS>
           <TITLE>Special Edition, Using Perl for Web Programming</TITLE>
           <INSTANCES>
            <INSTANCE>
             <FORMAT>html</FORMAT>
             <SIZE>0</SIZE>
             <CHECKSUM>0</CHECKSUM>
            </INSTANCE>
           </INSTANCES>
          </INFO>
         </ITEM>
        </FILE>
        <FILE link="Lib/InfoSyS/Langs/Perl/SAMS--TYP521D.zip">
         <LOCATION>
          <URL>Lib/InfoSyS/Langs/Perl/SAMS--TYP521D.zip</URL>
          <SIZE>0.4</SIZE>
          <CHECKSUM>0</CHECKSUM>
          <TYPE>zip</TYPE>
         </LOCATION>
         <ITEM>
          <INFO>
           <CATEGORIES>
            <CATEGORY>Lib/InfoSyS/Langs/Perl</CATEGORY>
           </CATEGORIES>
           <DESCRIPTION>SAMS - - Teach Yourself PERL 5 in 21 Days</DESCRIPTION>
           <PUBLISHERS>
            <PUBLISHER>SAMS</PUBLISHER>
           </PUBLISHERS>
           <TITLE>Teach Yourself PERL 5 in 21 Days</TITLE>
           <INSTANCES>
            <INSTANCE>
             <FORMAT>pdf</FORMAT>
             <SIZE>0</SIZE>
             <CHECKSUM>0</CHECKSUM>
            </INSTANCE>
           </INSTANCES>
          </INFO>
         </ITEM>
        </FILE>
        <FILE link="Lib/InfoSyS/Langs/Perl/SAMS-EH-TYCGIPwP.zip">
         <LOCATION>
          <URL>Lib/InfoSyS/Langs/Perl/SAMS-EH-TYCGIPwP.zip</URL>
          <SIZE>1.1</SIZE>
          <CHECKSUM>0</CHECKSUM>
          <TYPE>zip</TYPE>
         </LOCATION>
         <ITEM>
          <INFO>
           <CATEGORIES>
            <CATEGORY>Lib/InfoSyS/Langs/Perl</CATEGORY>
           </CATEGORIES>
           <DESCRIPTION>SAMS - Eric Herrmann - Teach Yourself CGI Programming with Perl in a Week (html)</DESCRIPTION>
           <PUBLISHERS>
            <PUBLISHER>SAMS</PUBLISHER>
           </PUBLISHERS>
           <AUTHORS>
            <AUTHOR>
             <FULLNAME>Eric Herrmann</FULLNAME>
             <LASTNAME>Herrmann</LASTNAME>
             <FIRSTNAME>Eric</FIRSTNAME>
            </AUTHOR>
           </AUTHORS>
           <TITLE>Teach Yourself CGI Programming with Perl in a Week</TITLE>
           <INSTANCES>
            <INSTANCE>
             <FORMAT>html</FORMAT>
             <SIZE>0</SIZE>
             <CHECKSUM>0</CHECKSUM>
            </INSTANCE>
           </INSTANCES>
          </INFO>
         </ITEM>
        </FILE>
        <FILE link="Lib/InfoSyS/Langs/Perl/SAMS-KH-P5U.zip">
         <LOCATION>
          <URL>Lib/InfoSyS/Langs/Perl/SAMS-KH-P5U.zip</URL>
          <SIZE>0.9</SIZE>
          <CHECKSUM>0</CHECKSUM>
          <TYPE>zip</TYPE>
         </LOCATION>
         <ITEM>
          <INFO>
           <CATEGORIES>
            <CATEGORY>Lib/InfoSyS/Langs/Perl</CATEGORY>
           </CATEGORIES>
           <DESCRIPTION>SAMS - Kamran Husain - Perl 5 Unleashed (html)</DESCRIPTION>
           <PUBLISHERS>
            <PUBLISHER>SAMS</PUBLISHER>
           </PUBLISHERS>
           <AUTHORS>
            <AUTHOR>
             <FULLNAME>Kamran Husain</FULLNAME>
             <LASTNAME>Husain</LASTNAME>
             <FIRSTNAME>Kamran</FIRSTNAME>
            </AUTHOR>
           </AUTHORS>
           <TITLE>Perl 5 Unleashed</TITLE>
           <INSTANCES>
            <INSTANCE>
             <FORMAT>html</FORMAT>
             <SIZE>0</SIZE>
             <CHECKSUM>0</CHECKSUM>
            </INSTANCE>
           </INSTANCES>
          </INFO>
         </ITEM>
        </FILE>
        <FILE link="Lib/InfoSyS/Langs/Perl/U--perltut.zip">
         <LOCATION>
          <URL>Lib/InfoSyS/Langs/Perl/U--perltut.zip</URL>
          <SIZE>0</SIZE>
          <CHECKSUM>0</CHECKSUM>
          <TYPE>zip</TYPE>
         </LOCATION>
         <ITEM>
          <INFO>
           <CATEGORIES>
            <CATEGORY>Lib/InfoSyS/Langs/Perl</CATEGORY>
           </CATEGORIES>
           <DESCRIPTION>Tom's object-oriented tutorial for perl (html)</DESCRIPTION>
           <TITLE>Tom's object-oriented tutorial for perl</TITLE>
           <INSTANCES>
            <INSTANCE>
             <FORMAT>html</FORMAT>
             <SIZE>0</SIZE>
             <CHECKSUM>0</CHECKSUM>
            </INSTANCE>
           </INSTANCES>
          </INFO>
         </ITEM>
        </FILE>
        <FILE link="Lib/InfoSyS/Langs/Perl/U--PF.zip">
         <LOCATION>
          <URL>Lib/InfoSyS/Langs/Perl/U--PF.zip</URL>
          <SIZE>0.1</SIZE>
          <CHECKSUM>0</CHECKSUM>
          <TYPE>zip</TYPE>
         </LOCATION>
         <ITEM>
          <INFO>
           <CATEGORIES>
            <CATEGORY>Lib/InfoSyS/Langs/Perl</CATEGORY>
           </CATEGORIES>
           <DESCRIPTION>Perl FAQ (html)</DESCRIPTION>
           <TITLE>Perl FAQ</TITLE>
           <INSTANCES>
            <INSTANCE>
             <FORMAT>html</FORMAT>
             <SIZE>0</SIZE>
             <CHECKSUM>0</CHECKSUM>
            </INSTANCE>
           </INSTANCES>
          </INFO>
         </ITEM>
        </FILE>
        <FILE link="Lib/InfoSyS/Langs/Perl/U--PT.zip">
         <LOCATION>
          <URL>Lib/InfoSyS/Langs/Perl/U--PT.zip</URL>
          <SIZE>0</SIZE>
          <CHECKSUM>0</CHECKSUM>
          <TYPE>zip</TYPE>
         </LOCATION>
         <ITEM>
          <INFO>
           <CATEGORIES>
            <CATEGORY>Lib/InfoSyS/Langs/Perl</CATEGORY>
           </CATEGORIES>
           <DESCRIPTION>Perl Tutorial (txt)</DESCRIPTION>
           <TITLE>Perl Tutorial</TITLE>
           <INSTANCES>
            <INSTANCE>
             <FORMAT>txt</FORMAT>
             <SIZE>0</SIZE>
             <CHECKSUM>0</CHECKSUM>
            </INSTANCE>
           </INSTANCES>
          </INFO>
         </ITEM>
        </FILE>
        <FILE link="Lib/InfoSyS/Langs/Perl/U--RPT.zip">
         <LOCATION>
          <URL>Lib/InfoSyS/Langs/Perl/U--RPT.zip</URL>
          <SIZE>0.1</SIZE>
          <CHECKSUM>0</CHECKSUM>
          <TYPE>zip</TYPE>
         </LOCATION>
         <ITEM>
          <INFO>
           <CATEGORIES>
            <CATEGORY>Lib/InfoSyS/Langs/Perl</CATEGORY>
           </CATEGORIES>
           <DESCRIPTION>Robert's Perl Tutorial v. 4.1.1 (html)</DESCRIPTION>
           <TITLE>Robert's Perl Tutorial v. 4.1.1</TITLE>
           <INSTANCES>
            <INSTANCE>
             <FORMAT>html</FORMAT>
             <SIZE>0</SIZE>
             <CHECKSUM>0</CHECKSUM>
            </INSTANCE>
           </INSTANCES>
          </INFO>
         </ITEM>
        </FILE>
        <FILE link="Lib/InfoSyS/Langs/Perl/U-JL-NPwP.zip">
         <LOCATION>
          <URL>Lib/InfoSyS/Langs/Perl/U-JL-NPwP.zip</URL>
          <SIZE>0.1</SIZE>
          <CHECKSUM>0</CHECKSUM>
          <TYPE>zip</TYPE>
         </LOCATION>
         <ITEM>
          <INFO>
           <CATEGORIES>
            <CATEGORY>Lib/InfoSyS/Langs/Perl</CATEGORY>
           </CATEGORIES>
           <DESCRIPTION>James Lee - Network Programming with Perl</DESCRIPTION>
           <AUTHORS>
            <AUTHOR>
             <FULLNAME>James Lee</FULLNAME>
             <LASTNAME>Lee</LASTNAME>
             <FIRSTNAME>James</FIRSTNAME>
            </AUTHOR>
           </AUTHORS>
           <TITLE>Network Programming with Perl</TITLE>
           <INSTANCES>
            <INSTANCE>
             <FORMAT>pdf</FORMAT>
             <SIZE>0</SIZE>
             <CHECKSUM>0</CHECKSUM>
            </INSTANCE>
           </INSTANCES>
          </INFO>
         </ITEM>
        </FILE>
        <FILE link="Lib/InfoSyS/Langs/Perl/U-RS-SP.zip">
         <LOCATION>
          <URL>Lib/InfoSyS/Langs/Perl/U-RS-SP.zip</URL>
          <SIZE>0.3</SIZE>
          <CHECKSUM>0</CHECKSUM>
          <TYPE>zip</TYPE>
         </LOCATION>
         <ITEM>
          <INFO>
           <CATEGORIES>
            <CATEGORY>Lib/InfoSyS/Langs/Perl</CATEGORY>
           </CATEGORIES>
           <DESCRIPTION>Рэндал Шварц - Изучаем Perl (html)</DESCRIPTION>
           <AUTHORS>
            <AUTHOR>
             <FULLNAME>Рэндал Шварц</FULLNAME>
             <LASTNAME>Шварц</LASTNAME>
             <FIRSTNAME>Рэндал</FIRSTNAME>
            </AUTHOR>
           </AUTHORS>
           <TITLE>Изучаем Perl</TITLE>
           <INSTANCES>
            <INSTANCE>
             <FORMAT>html</FORMAT>
             <SIZE>0</SIZE>
             <CHECKSUM>0</CHECKSUM>
            </INSTANCE>
           </INSTANCES>
          </INFO>
         </ITEM>
        </FILE>
        <FILE link="Lib/InfoSyS/Langs/Perl/U-SB-GSwMP.zip">
         <LOCATION>
          <URL>Lib/InfoSyS/Langs/Perl/U-SB-GSwMP.zip</URL>
          <SIZE>0.3</SIZE>
          <CHECKSUM>0</CHECKSUM>
          <TYPE>zip</TYPE>
         </LOCATION>
         <ITEM>
          <INFO>
           <CATEGORIES>
            <CATEGORY>Lib/InfoSyS/Langs/Perl</CATEGORY>
           </CATEGORIES>
           <DESCRIPTION>Stas Bekman - Getting Started with mod_perl</DESCRIPTION>
           <AUTHORS>
            <AUTHOR>
             <FULLNAME>Stas Bekman</FULLNAME>
             <LASTNAME>Bekman</LASTNAME>
             <FIRSTNAME>Stas</FIRSTNAME>
            </AUTHOR>
           </AUTHORS>
           <TITLE>Getting Started with mod_perl</TITLE>
           <INSTANCES>
            <INSTANCE>
             <FORMAT>pdf</FORMAT>
             <SIZE>0</SIZE>
             <CHECKSUM>0</CHECKSUM>
            </INSTANCE>
           </INSTANCES>
          </INFO>
         </ITEM>
        </FILE>
        <FILE link="Lib/InfoSyS/Langs/Perl/U-WM-APT.zip">
         <LOCATION>
          <URL>Lib/InfoSyS/Langs/Perl/U-WM-APT.zip</URL>
          <SIZE>0.1</SIZE>
          <CHECKSUM>0</CHECKSUM>
          <TYPE>zip</TYPE>
         </LOCATION>
         <ITEM>
          <INFO>
           <CATEGORIES>
            <CATEGORY>Lib/InfoSyS/Langs/Perl</CATEGORY>
           </CATEGORIES>
           <DESCRIPTION>Will Morese - A Perl Tutorial (html)</DESCRIPTION>
           <AUTHORS>
            <AUTHOR>
             <FULLNAME>Will Morese</FULLNAME>
             <LASTNAME>Morese</LASTNAME>
             <FIRSTNAME>Will</FIRSTNAME>
            </AUTHOR>
           </AUTHORS>
           <TITLE>A Perl Tutorial</TITLE>
           <INSTANCES>
            <INSTANCE>
             <FORMAT>html</FORMAT>
             <SIZE>0</SIZE>
             <CHECKSUM>0</CHECKSUM>
            </INSTANCE>
           </INSTANCES>
          </INFO>
         </ITEM>
        </FILE>
       </FILELIST>
      </DIR>
      <DIR link="Lib/InfoSyS/Langs/RegExp">
       <LOCATION>
        <URL>Lib/InfoSyS/Langs/RegExp</URL>
        <SIZE>2</SIZE>
       </LOCATION>
       <FILELIST category="Lib/InfoSyS/Langs/RegExp">
        <INFO>
         <DESCRIPTION>Regular Expressions</DESCRIPTION>
         <TITLE>Regular Expressions</TITLE>
         <DEFAULTFORMAT>pdf</DEFAULTFORMAT>
        </INFO>
        <FILE link="Lib/InfoSyS/Langs/RegExp/OReilly-JF-MRE.zip">
         <LOCATION>
          <URL>Lib/InfoSyS/Langs/RegExp/OReilly-JF-MRE.zip</URL>
          <SIZE>2</SIZE>
          <CHECKSUM>0</CHECKSUM>
          <TYPE>zip</TYPE>
         </LOCATION>
         <ITEM>
          <INFO>
           <CATEGORIES>
            <CATEGORY>Lib/InfoSyS/Langs/RegExp</CATEGORY>
           </CATEGORIES>
           <DESCRIPTION>O'Reilly - Jeffrey Freidl - Mastering Regular Expressions</DESCRIPTION>
           <PUBLISHERS>
            <PUBLISHER>O'Reilly</PUBLISHER>
           </PUBLISHERS>
           <AUTHORS>
            <AUTHOR>
             <FULLNAME>Jeffrey Freidl</FULLNAME>
             <LASTNAME>Freidl</LASTNAME>
             <FIRSTNAME>Jeffrey</FIRSTNAME>
            </AUTHOR>
           </AUTHORS>
           <TITLE>Mastering Regular Expressions</TITLE>
           <INSTANCES>
            <INSTANCE>
             <FORMAT>pdf</FORMAT>
             <SIZE>0</SIZE>
             <CHECKSUM>0</CHECKSUM>
            </INSTANCE>
           </INSTANCES>
          </INFO>
         </ITEM>
        </FILE>
       </FILELIST>
      </DIR>
      <DIR link="Lib/InfoSyS/Langs/sh">
       <LOCATION>
        <URL>Lib/InfoSyS/Langs/sh</URL>
        <SIZE>0</SIZE>
       </LOCATION>
       <FILELIST category="Lib/InfoSyS/Langs/sh">
        <INFO>
         <DESCRIPTION>Unix sh / bash / csh</DESCRIPTION>
         <TITLE>Unix sh / bash / csh</TITLE>
         <DEFAULTFORMAT>pdf</DEFAULTFORMAT>
        </INFO>
        <FILE link="Lib/InfoSyS/Langs/sh/U--HtWSS.zip">
         <LOCATION>
          <URL>Lib/InfoSyS/Langs/sh/U--HtWSS.zip</URL>
          <SIZE>0</SIZE>
          <CHECKSUM>0</CHECKSUM>
          <TYPE>zip</TYPE>
         </LOCATION>
         <ITEM>
          <INFO>
           <CATEGORIES>
            <CATEGORY>Lib/InfoSyS/Langs/sh</CATEGORY>
           </CATEGORIES>
           <DESCRIPTION>How to write shell script</DESCRIPTION>
           <TITLE>How to write shell script</TITLE>
           <INSTANCES>
            <INSTANCE>
             <FORMAT>pdf</FORMAT>
             <SIZE>0</SIZE>
             <CHECKSUM>0</CHECKSUM>
            </INSTANCE>
           </INSTANCES>
          </INFO>
         </ITEM>
        </FILE>
        <FILE link="Lib/InfoSyS/Langs/sh/U__POS.zip">
         <LOCATION>
          <URL>Lib/InfoSyS/Langs/sh/U__POS.zip</URL>
          <SIZE>0</SIZE>
          <CHECKSUM>0</CHECKSUM>
          <TYPE>zip</TYPE>
         </LOCATION>
         <ITEM>
          <INFO>
           <CATEGORIES>
            <CATEGORY>Lib/InfoSyS/Langs/sh</CATEGORY>
           </CATEGORIES>
           <DESCRIPTION>Программирование на Shell (txt)</DESCRIPTION>
           <TITLE>Программирование на Shell</TITLE>
           <INSTANCES>
            <INSTANCE>
             <FORMAT>txt</FORMAT>
             <SIZE>0</SIZE>
             <CHECKSUM>0</CHECKSUM>
            </INSTANCE>
           </INSTANCES>
          </INFO>
         </ITEM>
        </FILE>
       </FILELIST>
      </DIR>
      <DIR link="Lib/InfoSyS/Langs/sql">
       <LOCATION>
        <URL>Lib/InfoSyS/Langs/sql</URL>
        <SIZE>1.7</SIZE>
       </LOCATION>
       <FILELIST category="Lib/InfoSyS/Langs/sql">
        <INFO>
         <DESCRIPTION>SQL Language</DESCRIPTION>
         <TITLE>SQL Language</TITLE>
         <DEFAULTFORMAT>pdf</DEFAULTFORMAT>
        </INFO>
        <FILE link="Lib/InfoSyS/Langs/sql/SAMS-RS-TYSQLi21D.zip">
         <LOCATION>
          <URL>Lib/InfoSyS/Langs/sql/SAMS-RS-TYSQLi21D.zip</URL>
          <SIZE>1.7</SIZE>
          <CHECKSUM>0</CHECKSUM>
          <TYPE>zip</TYPE>
         </LOCATION>
         <ITEM>
          <INFO>
           <CATEGORIES>
            <CATEGORY>Lib/InfoSyS/Langs/sql</CATEGORY>
           </CATEGORIES>
           <DESCRIPTION>SAMS - Ryan Stephens - Teach Yourself SQL in 21 day, 2nd Edition (html)</DESCRIPTION>
           <PUBLISHERS>
            <PUBLISHER>SAMS</PUBLISHER>
           </PUBLISHERS>
           <AUTHORS>
            <AUTHOR>
             <FULLNAME>Ryan Stephens</FULLNAME>
             <LASTNAME>Stephens</LASTNAME>
             <FIRSTNAME>Ryan</FIRSTNAME>
            </AUTHOR>
           </AUTHORS>
           <TITLE>Teach Yourself SQL in 21 day</TITLE>
           <EDITION>2</EDITION>
           <INSTANCES>
            <INSTANCE>
             <FORMAT>html</FORMAT>
             <SIZE>0</SIZE>
             <CHECKSUM>0</CHECKSUM>
            </INSTANCE>
           </INSTANCES>
          </INFO>
         </ITEM>
        </FILE>
        <FILE link="Lib/InfoSyS/Langs/sql/U-SK-SSQLR.zip">
         <LOCATION>
          <URL>Lib/InfoSyS/Langs/sql/U-SK-SSQLR.zip</URL>
          <SIZE>0</SIZE>
          <CHECKSUM>0</CHECKSUM>
          <TYPE>zip</TYPE>
         </LOCATION>
         <ITEM>
          <INFO>
           <CATEGORIES>
            <CATEGORY>Lib/InfoSyS/Langs/sql</CATEGORY>
           </CATEGORIES>
           <DESCRIPTION>Сергей Кузнецов - Стандарты языка реляционных баз данных SQL: краткий обзор</DESCRIPTION>
           <AUTHORS>
            <AUTHOR>
             <FULLNAME>Сергей Кузнецов</FULLNAME>
             <LASTNAME>Кузнецов</LASTNAME>
             <FIRSTNAME>Сергей</FIRSTNAME>
            </AUTHOR>
           </AUTHORS>
           <TITLE>Стандарты языка реляционных баз данных SQL: краткий обзор</TITLE>
           <INSTANCES>
            <INSTANCE>
             <FORMAT>pdf</FORMAT>
             <SIZE>0</SIZE>
             <CHECKSUM>0</CHECKSUM>
            </INSTANCE>
           </INSTANCES>
          </INFO>
         </ITEM>
        </FILE>
       </FILELIST>
      </DIR>
      <DIR link="Lib/InfoSyS/Langs/www">
       <LOCATION>
        <URL>Lib/InfoSyS/Langs/www</URL>
        <SIZE>298</SIZE>
       </LOCATION>
       <FILELIST category="Lib/InfoSyS/Langs/www">
        <INFO>
         <DESCRIPTION>WWW Development ( Java, JSript, DOM, PHP )</DESCRIPTION>
         <TITLE>WWW Development ( Java, JSript, DOM, PHP )</TITLE>
         <DEFAULTFORMAT>pdf</DEFAULTFORMAT>
        </INFO>
        <FILE link="Lib/InfoSyS/Langs/www/CIT--SD.zip">
         <LOCATION>
          <URL>Lib/InfoSyS/Langs/www/CIT--SD.zip</URL>
          <SIZE>0.3</SIZE>
          <CHECKSUM>0</CHECKSUM>
          <TYPE>zip</TYPE>
         </LOCATION>
         <ITEM>
          <INFO>
           <CATEGORIES>
            <CATEGORY>Lib/InfoSyS/Langs/www</CATEGORY>
           </CATEGORIES>
           <DESCRIPTION>CIT - Short descriptions (html)</DESCRIPTION>
           <AUTHORS>
            <AUTHOR>
             <FULLNAME>CIT</FULLNAME>
             <LASTNAME>CIT</LASTNAME>
             <FIRSTNAME></FIRSTNAME>
            </AUTHOR>
           </AUTHORS>
           <TITLE>Short descriptions</TITLE>
           <INSTANCES>
            <INSTANCE>
             <FORMAT>html</FORMAT>
             <SIZE>0</SIZE>
             <CHECKSUM>0</CHECKSUM>
            </INSTANCE>
           </INSTANCES>
          </INFO>
         </ITEM>
        </FILE>
        <DIR link="Lib/InfoSyS/Langs/www/asp">
         <LOCATION>
          <URL>Lib/InfoSyS/Langs/www/asp</URL>
          <SIZE>4.3</SIZE>
         </LOCATION>
         <FILELIST category="Lib/InfoSyS/Langs/www/asp">
          <INFO>
           <DESCRIPTION>ASP</DESCRIPTION>
           <TITLE>ASP</TITLE>
           <DEFAULTFORMAT>pdf</DEFAULTFORMAT>
          </INFO>
          <FILE link="Lib/InfoSyS/Langs/www/asp/Syngress-GP-ASPCH.zip">
           <LOCATION>
            <URL>Lib/InfoSyS/Langs/www/asp/Syngress-GP-ASPCH.zip</URL>
            <SIZE>4.2</SIZE>
            <CHECKSUM>0</CHECKSUM>
            <TYPE>zip</TYPE>
           </LOCATION>
           <ITEM>
            <INFO>
             <CATEGORIES>
              <CATEGORY>Lib/InfoSyS/Langs/www/asp</CATEGORY>
             </CATEGORIES>
             <DESCRIPTION>Syngress - Gary Palmatier - ASP Configuration Handbook</DESCRIPTION>
             <PUBLISHERS>
              <PUBLISHER>Syngress</PUBLISHER>
             </PUBLISHERS>
             <AUTHORS>
              <AUTHOR>
               <FULLNAME>Gary Palmatier</FULLNAME>
               <LASTNAME>Palmatier</LASTNAME>
               <FIRSTNAME>Gary</FIRSTNAME>
              </AUTHOR>
             </AUTHORS>
             <TITLE>ASP Configuration Handbook</TITLE>
             <INSTANCES>
              <INSTANCE>
               <FORMAT>pdf</FORMAT>
               <SIZE>0</SIZE>
               <CHECKSUM>0</CHECKSUM>
              </INSTANCE>
             </INSTANCES>
            </INFO>
           </ITEM>
          </FILE>
          <FILE link="Lib/InfoSyS/Langs/www/asp/U--TMASPFAQ.zip">
           <LOCATION>
            <URL>Lib/InfoSyS/Langs/www/asp/U--TMASPFAQ.zip</URL>
            <SIZE>0</SIZE>
            <CHECKSUM>0</CHECKSUM>
            <TYPE>zip</TYPE>
           </LOCATION>
           <ITEM>
            <INFO>
             <CATEGORIES>
              <CATEGORY>Lib/InfoSyS/Langs/www/asp</CATEGORY>
             </CATEGORIES>
             <DESCRIPTION>The Microsoft Active Server Pages FAQ (unlinked html)</DESCRIPTION>
             <TITLE>The Microsoft Active Server Pages FAQ (unlinked html)</TITLE>
             <INSTANCES>
              <INSTANCE>
               <FORMAT>pdf</FORMAT>
               <SIZE>0</SIZE>
               <CHECKSUM>0</CHECKSUM>
              </INSTANCE>
             </INSTANCES>
            </INFO>
           </ITEM>
          </FILE>
         </FILELIST>
        </DIR>
        <DIR link="Lib/InfoSyS/Langs/www/cgi">
         <LOCATION>
          <URL>Lib/InfoSyS/Langs/www/cgi</URL>
          <SIZE>21.6</SIZE>
         </LOCATION>
         <FILELIST category="Lib/InfoSyS/Langs/www/cgi">
          <INFO>
           <DESCRIPTION>CGI</DESCRIPTION>
           <TITLE>CGI</TITLE>
           <DEFAULTFORMAT>pdf</DEFAULTFORMAT>
          </INFO>
          <FILE link="Lib/InfoSyS/Langs/www/cgi/OReilly-SG-CGIPoWWW.zip">
           <LOCATION>
            <URL>Lib/InfoSyS/Langs/www/cgi/OReilly-SG-CGIPoWWW.zip</URL>
            <SIZE>1.6</SIZE>
            <CHECKSUM>0</CHECKSUM>
            <TYPE>zip</TYPE>
           </LOCATION>
           <ITEM>
            <INFO>
             <CATEGORIES>
              <CATEGORY>Lib/InfoSyS/Langs/www/cgi</CATEGORY>
             </CATEGORIES>
             <DESCRIPTION>O'Reilly - Shishir Gundavaram - CGI Programming On The World Wide Web (html)</DESCRIPTION>
             <PUBLISHERS>
              <PUBLISHER>O'Reilly</PUBLISHER>
             </PUBLISHERS>
             <AUTHORS>
              <AUTHOR>
               <FULLNAME>Shishir Gundavaram</FULLNAME>
               <LASTNAME>Gundavaram</LASTNAME>
               <FIRSTNAME>Shishir</FIRSTNAME>
              </AUTHOR>
             </AUTHORS>
             <TITLE>CGI Programming On The World Wide Web</TITLE>
             <INSTANCES>
              <INSTANCE>
               <FORMAT>html</FORMAT>
               <SIZE>0</SIZE>
               <CHECKSUM>0</CHECKSUM>
              </INSTANCE>
             </INSTANCES>
            </INFO>
           </ITEM>
          </FILE>
          <FILE link="Lib/InfoSyS/Langs/www/cgi/QUE-JD-SEUCGI.zip">
           <LOCATION>
            <URL>Lib/InfoSyS/Langs/www/cgi/QUE-JD-SEUCGI.zip</URL>
            <SIZE>4.6</SIZE>
            <CHECKSUM>0</CHECKSUM>
            <TYPE>zip</TYPE>
           </LOCATION>
           <ITEM>
            <INFO>
             <CATEGORIES>
              <CATEGORY>Lib/InfoSyS/Langs/www/cgi</CATEGORY>
             </CATEGORIES>
             <DESCRIPTION>QUE - Jeffry Dwight - Special Edition Using CGI (html)</DESCRIPTION>
             <PUBLISHERS>
              <PUBLISHER>QUE</PUBLISHER>
             </PUBLISHERS>
             <AUTHORS>
              <AUTHOR>
               <FULLNAME>Jeffry Dwight</FULLNAME>
               <LASTNAME>Dwight</LASTNAME>
               <FIRSTNAME>Jeffry</FIRSTNAME>
              </AUTHOR>
             </AUTHORS>
             <TITLE>Special Edition Using CGI</TITLE>
             <INSTANCES>
              <INSTANCE>
               <FORMAT>html</FORMAT>
               <SIZE>0</SIZE>
               <CHECKSUM>0</CHECKSUM>
              </INSTANCE>
             </INSTANCES>
            </INFO>
           </ITEM>
          </FILE>
          <FILE link="Lib/InfoSyS/Langs/www/cgi/Que-SW-WSSW.zip">
           <LOCATION>
            <URL>Lib/InfoSyS/Langs/www/cgi/Que-SW-WSSW.zip</URL>
            <SIZE>0.2</SIZE>
            <CHECKSUM>0</CHECKSUM>
            <TYPE>zip</TYPE>
           </LOCATION>
           <ITEM>
            <INFO>
             <CATEGORIES>
              <CATEGORY>Lib/InfoSyS/Langs/www/cgi</CATEGORY>
             </CATEGORIES>
             <DESCRIPTION>Que - Scott Walter - Web Scripting Secret Weapons (html)</DESCRIPTION>
             <PUBLISHERS>
              <PUBLISHER>Que</PUBLISHER>
             </PUBLISHERS>
             <AUTHORS>
              <AUTHOR>
               <FULLNAME>Scott Walter</FULLNAME>
               <LASTNAME>Walter</LASTNAME>
               <FIRSTNAME>Scott</FIRSTNAME>
              </AUTHOR>
             </AUTHORS>
             <TITLE>Web Scripting Secret Weapons</TITLE>
             <INSTANCES>
              <INSTANCE>
               <FORMAT>html</FORMAT>
               <SIZE>0</SIZE>
               <CHECKSUM>0</CHECKSUM>
              </INSTANCE>
             </INSTANCES>
            </INFO>
           </ITEM>
          </FILE>
          <FILE link="Lib/InfoSyS/Langs/www/cgi/SAMS-EG-CGIDG.zip">
           <LOCATION>
            <URL>Lib/InfoSyS/Langs/www/cgi/SAMS-EG-CGIDG.zip</URL>
            <SIZE>0.3</SIZE>
            <CHECKSUM>0</CHECKSUM>
            <TYPE>zip</TYPE>
           </LOCATION>
           <ITEM>
            <INFO>
             <CATEGORIES>
              <CATEGORY>Lib/InfoSyS/Langs/www/cgi</CATEGORY>
             </CATEGORIES>
             <DESCRIPTION>SAMS - Eugene Kim - CGI Developers Guide (html)</DESCRIPTION>
             <PUBLISHERS>
              <PUBLISHER>SAMS</PUBLISHER>
             </PUBLISHERS>
             <AUTHORS>
              <AUTHOR>
               <FULLNAME>Eugene Kim</FULLNAME>
               <LASTNAME>Kim</LASTNAME>
               <FIRSTNAME>Eugene</FIRSTNAME>
              </AUTHOR>
             </AUTHORS>
             <TITLE>CGI Developers Guide</TITLE>
             <INSTANCES>
              <INSTANCE>
               <FORMAT>html</FORMAT>
               <SIZE>0</SIZE>
               <CHECKSUM>0</CHECKSUM>
              </INSTANCE>
             </INSTANCES>
            </INFO>
           </ITEM>
          </FILE>
          <FILE link="Lib/InfoSyS/Langs/www/cgi/SAMS-EK-CGIDG.zip">
           <LOCATION>
            <URL>Lib/InfoSyS/Langs/www/cgi/SAMS-EK-CGIDG.zip</URL>
            <SIZE>1.4</SIZE>
            <CHECKSUM>0</CHECKSUM>
            <TYPE>zip</TYPE>
           </LOCATION>
           <ITEM>
            <INFO>
             <CATEGORIES>
              <CATEGORY>Lib/InfoSyS/Langs/www/cgi</CATEGORY>
             </CATEGORIES>
             <DESCRIPTION>SAMS - Eugene Kim - CGI Developer's Guide (html)</DESCRIPTION>
             <PUBLISHERS>
              <PUBLISHER>SAMS</PUBLISHER>
             </PUBLISHERS>
             <AUTHORS>
              <AUTHOR>
               <FULLNAME>Eugene Kim</FULLNAME>
               <LASTNAME>Kim</LASTNAME>
               <FIRSTNAME>Eugene</FIRSTNAME>
              </AUTHOR>
             </AUTHORS>
             <TITLE>CGI Developer's Guide</TITLE>
             <INSTANCES>
              <INSTANCE>
               <FORMAT>html</FORMAT>
               <SIZE>0</SIZE>
               <CHECKSUM>0</CHECKSUM>
              </INSTANCE>
             </INSTANCES>
            </INFO>
           </ITEM>
          </FILE>
          <FILE link="Lib/InfoSyS/Langs/www/cgi/SAMS-EK-CGIPU.zip">
           <LOCATION>
            <URL>Lib/InfoSyS/Langs/www/cgi/SAMS-EK-CGIPU.zip</URL>
            <SIZE>1.9</SIZE>
            <CHECKSUM>0</CHECKSUM>
            <TYPE>zip</TYPE>
           </LOCATION>
           <ITEM>
            <INFO>
             <CATEGORIES>
              <CATEGORY>Lib/InfoSyS/Langs/www/cgi</CATEGORY>
             </CATEGORIES>
             <DESCRIPTION>SAMS - Eugene Kim - CGI Programming Unleashed (html)</DESCRIPTION>
             <PUBLISHERS>
              <PUBLISHER>SAMS</PUBLISHER>
             </PUBLISHERS>
             <AUTHORS>
              <AUTHOR>
               <FULLNAME>Eugene Kim</FULLNAME>
               <LASTNAME>Kim</LASTNAME>
               <FIRSTNAME>Eugene</FIRSTNAME>
              </AUTHOR>
             </AUTHORS>
             <TITLE>CGI Programming Unleashed</TITLE>
             <INSTANCES>
              <INSTANCE>
               <FORMAT>html</FORMAT>
               <SIZE>0</SIZE>
               <CHECKSUM>0</CHECKSUM>
              </INSTANCE>
             </INSTANCES>
            </INFO>
           </ITEM>
          </FILE>
          <FILE link="Lib/InfoSyS/Langs/www/cgi/SAMS-JD-HTML32CGIPR.zip">
           <LOCATION>
            <URL>Lib/InfoSyS/Langs/www/cgi/SAMS-JD-HTML32CGIPR.zip</URL>
            <SIZE>11.3</SIZE>
            <CHECKSUM>0</CHECKSUM>
            <TYPE>zip</TYPE>
           </LOCATION>
           <ITEM>
            <INFO>
             <CATEGORIES>
              <CATEGORY>Lib/InfoSyS/Langs/www/cgi</CATEGORY>
             </CATEGORIES>
             <DESCRIPTION>SAMS - John December - HTML 3.2 and CGI Professional Reference Edition UNLEASHED (html)</DESCRIPTION>
             <PUBLISHERS>
              <PUBLISHER>SAMS</PUBLISHER>
             </PUBLISHERS>
             <AUTHORS>
              <AUTHOR>
               <FULLNAME>John December</FULLNAME>
               <LASTNAME>December</LASTNAME>
               <FIRSTNAME>John</FIRSTNAME>
              </AUTHOR>
             </AUTHORS>
             <TITLE>HTML 3.2 and CGI Professional Reference Edition UNLEASHED</TITLE>
             <INSTANCES>
              <INSTANCE>
               <FORMAT>html</FORMAT>
               <SIZE>0</SIZE>
               <CHECKSUM>0</CHECKSUM>
              </INSTANCE>
             </INSTANCES>
            </INFO>
           </ITEM>
          </FILE>
          <FILE link="Lib/InfoSyS/Langs/www/cgi/U--CGI.zip">
           <LOCATION>
            <URL>Lib/InfoSyS/Langs/www/cgi/U--CGI.zip</URL>
            <SIZE>0</SIZE>
            <CHECKSUM>0</CHECKSUM>
            <TYPE>zip</TYPE>
           </LOCATION>
           <ITEM>
            <INFO>
             <CATEGORIES>
              <CATEGORY>Lib/InfoSyS/Langs/www/cgi</CATEGORY>
             </CATEGORIES>
             <DESCRIPTION>CGI Общий Интерфейс Шлюзов (html)</DESCRIPTION>
             <TITLE>CGI Общий Интерфейс Шлюзов</TITLE>
             <INSTANCES>
              <INSTANCE>
               <FORMAT>html</FORMAT>
               <SIZE>0</SIZE>
               <CHECKSUM>0</CHECKSUM>
              </INSTANCE>
             </INSTANCES>
            </INFO>
           </ITEM>
          </FILE>
          <FILE link="Lib/InfoSyS/Langs/www/cgi/U--CGIfTNP.zip">
           <LOCATION>
            <URL>Lib/InfoSyS/Langs/www/cgi/U--CGIfTNP.zip</URL>
            <SIZE>0.1</SIZE>
            <CHECKSUM>0</CHECKSUM>
            <TYPE>zip</TYPE>
           </LOCATION>
           <ITEM>
            <INFO>
             <CATEGORIES>
              <CATEGORY>Lib/InfoSyS/Langs/www/cgi</CATEGORY>
             </CATEGORIES>
             <DESCRIPTION>CGI for the Total Non-Programmer (separate html)</DESCRIPTION>
             <TITLE>CGI for the Total Non-Programmer (separate html)</TITLE>
             <INSTANCES>
              <INSTANCE>
               <FORMAT>pdf</FORMAT>
               <SIZE>0</SIZE>
               <CHECKSUM>0</CHECKSUM>
              </INSTANCE>
             </INSTANCES>
            </INFO>
           </ITEM>
          </FILE>
          <FILE link="Lib/InfoSyS/Langs/www/cgi/U-RM-CGIMS.zip">
           <LOCATION>
            <URL>Lib/InfoSyS/Langs/www/cgi/U-RM-CGIMS.zip</URL>
            <SIZE>0.2</SIZE>
            <CHECKSUM>0</CHECKSUM>
            <TYPE>zip</TYPE>
           </LOCATION>
           <ITEM>
            <INFO>
             <CATEGORIES>
              <CATEGORY>Lib/InfoSyS/Langs/www/cgi</CATEGORY>
             </CATEGORIES>
             <DESCRIPTION>Robert McDaniel - CGI Manual of Style (html)</DESCRIPTION>
             <AUTHORS>
              <AUTHOR>
               <FULLNAME>Robert McDaniel</FULLNAME>
               <LASTNAME>McDaniel</LASTNAME>
               <FIRSTNAME>Robert</FIRSTNAME>
              </AUTHOR>
             </AUTHORS>
             <TITLE>CGI Manual of Style</TITLE>
             <INSTANCES>
              <INSTANCE>
               <FORMAT>html</FORMAT>
               <SIZE>0</SIZE>
               <CHECKSUM>0</CHECKSUM>
              </INSTANCE>
             </INSTANCES>
            </INFO>
           </ITEM>
          </FILE>
          <FILE link="Lib/InfoSyS/Langs/www/cgi/U-ST-PCGICPP.zip">
           <LOCATION>
            <URL>Lib/InfoSyS/Langs/www/cgi/U-ST-PCGICPP.zip</URL>
            <SIZE>0</SIZE>
            <CHECKSUM>0</CHECKSUM>
            <TYPE>zip</TYPE>
           </LOCATION>
           <ITEM>
            <INFO>
             <CATEGORIES>
              <CATEGORY>Lib/InfoSyS/Langs/www/cgi</CATEGORY>
             </CATEGORIES>
             <DESCRIPTION>Sam Thomas - Programming CGI in C/C++ (html)</DESCRIPTION>
             <AUTHORS>
              <AUTHOR>
               <FULLNAME>Sam Thomas</FULLNAME>
               <LASTNAME>Thomas</LASTNAME>
               <FIRSTNAME>Sam</FIRSTNAME>
              </AUTHOR>
             </AUTHORS>
             <TITLE>Programming CGI in C/C++</TITLE>
             <INSTANCES>
              <INSTANCE>
               <FORMAT>html</FORMAT>
               <SIZE>0</SIZE>
               <CHECKSUM>0</CHECKSUM>
              </INSTANCE>
             </INSTANCES>
            </INFO>
           </ITEM>
          </FILE>
         </FILELIST>
        </DIR>
        <DIR link="Lib/InfoSyS/Langs/www/html">
         <LOCATION>
          <URL>Lib/InfoSyS/Langs/www/html</URL>
          <SIZE>17.4</SIZE>
         </LOCATION>
         <FILELIST category="Lib/InfoSyS/Langs/www/html">
          <INFO>
           <DESCRIPTION>HTML / CSS / XHTML</DESCRIPTION>
           <TITLE>HTML / CSS / XHTML</TITLE>
           <DEFAULTFORMAT>pdf</DEFAULTFORMAT>
          </INFO>
          <FILE link="Lib/InfoSyS/Langs/www/html/OReilly-CM-HTMLtDG.zip">
           <LOCATION>
            <URL>Lib/InfoSyS/Langs/www/html/OReilly-CM-HTMLtDG.zip</URL>
            <SIZE>3.3</SIZE>
            <CHECKSUM>0</CHECKSUM>
            <TYPE>zip</TYPE>
           </LOCATION>
           <ITEM>
            <INFO>
             <CATEGORIES>
              <CATEGORY>Lib/InfoSyS/Langs/www/html</CATEGORY>
             </CATEGORIES>
             <DESCRIPTION>O'Reilly - Chuck Musciano - HTML The Defenitive Guide (html)</DESCRIPTION>
             <PUBLISHERS>
              <PUBLISHER>O'Reilly</PUBLISHER>
             </PUBLISHERS>
             <AUTHORS>
              <AUTHOR>
               <FULLNAME>Chuck Musciano</FULLNAME>
               <LASTNAME>Musciano</LASTNAME>
               <FIRSTNAME>Chuck</FIRSTNAME>
              </AUTHOR>
             </AUTHORS>
             <TITLE>HTML The Defenitive Guide</TITLE>
             <INSTANCES>
              <INSTANCE>
               <FORMAT>html</FORMAT>
               <SIZE>0</SIZE>
               <CHECKSUM>0</CHECKSUM>
              </INSTANCE>
             </INSTANCES>
            </INFO>
           </ITEM>
          </FILE>
          <FILE link="Lib/InfoSyS/Langs/www/html/OReilly-SS-WMiN.zip">
           <LOCATION>
            <URL>Lib/InfoSyS/Langs/www/html/OReilly-SS-WMiN.zip</URL>
            <SIZE>0.6</SIZE>
            <CHECKSUM>0</CHECKSUM>
            <TYPE>zip</TYPE>
           </LOCATION>
           <ITEM>
            <INFO>
             <CATEGORIES>
              <CATEGORY>Lib/InfoSyS/Langs/www/html</CATEGORY>
             </CATEGORIES>
             <DESCRIPTION>O'Reilly - Stephen Spainhour - WebMaster In A NutShell (html)</DESCRIPTION>
             <PUBLISHERS>
              <PUBLISHER>O'Reilly</PUBLISHER>
             </PUBLISHERS>
             <AUTHORS>
              <AUTHOR>
               <FULLNAME>Stephen Spainhour</FULLNAME>
               <LASTNAME>Spainhour</LASTNAME>
               <FIRSTNAME>Stephen</FIRSTNAME>
              </AUTHOR>
             </AUTHORS>
             <TITLE>WebMaster In A NutShell</TITLE>
             <INSTANCES>
              <INSTANCE>
               <FORMAT>html</FORMAT>
               <SIZE>0</SIZE>
               <CHECKSUM>0</CHECKSUM>
              </INSTANCE>
             </INSTANCES>
            </INFO>
           </ITEM>
          </FILE>
          <FILE link="Lib/InfoSyS/Langs/www/html/Que-JH-SEUHTML4.zip">
           <LOCATION>
            <URL>Lib/InfoSyS/Langs/www/html/Que-JH-SEUHTML4.zip</URL>
            <SIZE>5.4</SIZE>
            <CHECKSUM>0</CHECKSUM>
            <TYPE>zip</TYPE>
           </LOCATION>
           <ITEM>
            <INFO>
             <CATEGORIES>
              <CATEGORY>Lib/InfoSyS/Langs/www/html</CATEGORY>
             </CATEGORIES>
             <DESCRIPTION>Que - Jerry Honeycutt - Special Edition Using HTML 4 (html)</DESCRIPTION>
             <PUBLISHERS>
              <PUBLISHER>Que</PUBLISHER>
             </PUBLISHERS>
             <AUTHORS>
              <AUTHOR>
               <FULLNAME>Jerry Honeycutt</FULLNAME>
               <LASTNAME>Honeycutt</LASTNAME>
               <FIRSTNAME>Jerry</FIRSTNAME>
              </AUTHOR>
             </AUTHORS>
             <TITLE>Special Edition Using HTML 4</TITLE>
             <INSTANCES>
              <INSTANCE>
               <FORMAT>html</FORMAT>
               <SIZE>0</SIZE>
               <CHECKSUM>0</CHECKSUM>
              </INSTANCE>
             </INSTANCES>
            </INFO>
           </ITEM>
          </FILE>
          <FILE link="Lib/InfoSyS/Langs/www/html/Que-MA-WPDR.zip">
           <LOCATION>
            <URL>Lib/InfoSyS/Langs/www/html/Que-MA-WPDR.zip</URL>
            <SIZE>2.2</SIZE>
            <CHECKSUM>0</CHECKSUM>
            <TYPE>zip</TYPE>
           </LOCATION>
           <ITEM>
            <INFO>
             <CATEGORIES>
              <CATEGORY>Lib/InfoSyS/Langs/www/html</CATEGORY>
             </CATEGORIES>
             <DESCRIPTION>Que - Michael Afergan - Web Programming Desktop Reference (html)</DESCRIPTION>
             <PUBLISHERS>
              <PUBLISHER>Que</PUBLISHER>
             </PUBLISHERS>
             <AUTHORS>
              <AUTHOR>
               <FULLNAME>Michael Afergan</FULLNAME>
               <LASTNAME>Afergan</LASTNAME>
               <FIRSTNAME>Michael</FIRSTNAME>
              </AUTHOR>
             </AUTHORS>
             <TITLE>Web Programming Desktop Reference</TITLE>
             <INSTANCES>
              <INSTANCE>
               <FORMAT>html</FORMAT>
               <SIZE>0</SIZE>
               <CHECKSUM>0</CHECKSUM>
              </INSTANCE>
             </INSTANCES>
            </INFO>
           </ITEM>
          </FILE>
          <FILE link="Lib/InfoSyS/Langs/www/html/Que-TS-HTMLbE.zip">
           <LOCATION>
            <URL>Lib/InfoSyS/Langs/www/html/Que-TS-HTMLbE.zip</URL>
            <SIZE>0.3</SIZE>
            <CHECKSUM>0</CHECKSUM>
            <TYPE>zip</TYPE>
           </LOCATION>
           <ITEM>
            <INFO>
             <CATEGORIES>
              <CATEGORY>Lib/InfoSyS/Langs/www/html</CATEGORY>
             </CATEGORIES>
             <DESCRIPTION>Que - Todd Stauffer - HTML By Example (html)</DESCRIPTION>
             <PUBLISHERS>
              <PUBLISHER>Que</PUBLISHER>
             </PUBLISHERS>
             <AUTHORS>
              <AUTHOR>
               <FULLNAME>Todd Stauffer</FULLNAME>
               <LASTNAME>Stauffer</LASTNAME>
               <FIRSTNAME>Todd</FIRSTNAME>
              </AUTHOR>
             </AUTHORS>
             <TITLE>HTML By Example</TITLE>
             <INSTANCES>
              <INSTANCE>
               <FORMAT>html</FORMAT>
               <SIZE>0</SIZE>
               <CHECKSUM>0</CHECKSUM>
              </INSTANCE>
             </INSTANCES>
            </INFO>
           </ITEM>
          </FILE>
          <FILE link="Lib/InfoSyS/Langs/www/html/SAMS-DO-TYHTML3224H.zip">
           <LOCATION>
            <URL>Lib/InfoSyS/Langs/www/html/SAMS-DO-TYHTML3224H.zip</URL>
            <SIZE>1.1</SIZE>
            <CHECKSUM>0</CHECKSUM>
            <TYPE>zip</TYPE>
           </LOCATION>
           <ITEM>
            <INFO>
             <CATEGORIES>
              <CATEGORY>Lib/InfoSyS/Langs/www/html</CATEGORY>
             </CATEGORIES>
             <DESCRIPTION>SAMS - Dick Oliver - Teach Yourself HTML 3.2 in 24 Hours (html)</DESCRIPTION>
             <PUBLISHERS>
              <PUBLISHER>SAMS</PUBLISHER>
             </PUBLISHERS>
             <AUTHORS>
              <AUTHOR>
               <FULLNAME>Dick Oliver</FULLNAME>
               <LASTNAME>Oliver</LASTNAME>
               <FIRSTNAME>Dick</FIRSTNAME>
              </AUTHOR>
             </AUTHORS>
             <TITLE>Teach Yourself HTML 3.2 in 24 Hours</TITLE>
             <INSTANCES>
              <INSTANCE>
               <FORMAT>html</FORMAT>
               <SIZE>0</SIZE>
               <CHECKSUM>0</CHECKSUM>
              </INSTANCE>
             </INSTANCES>
            </INFO>
           </ITEM>
          </FILE>
          <FILE link="Lib/InfoSyS/Langs/www/html/U--html3.zip">
           <LOCATION>
            <URL>Lib/InfoSyS/Langs/www/html/U--html3.zip</URL>
            <SIZE>0</SIZE>
            <CHECKSUM>0</CHECKSUM>
            <TYPE>zip</TYPE>
           </LOCATION>
           <ITEM>
            <INFO>
             <CATEGORIES>
              <CATEGORY>Lib/InfoSyS/Langs/www/html</CATEGORY>
             </CATEGORIES>
             <DESCRIPTION>Введение в язык HTML 3 (html)</DESCRIPTION>
             <TITLE>Введение в язык HTML 3</TITLE>
             <INSTANCES>
              <INSTANCE>
               <FORMAT>html</FORMAT>
               <SIZE>0</SIZE>
               <CHECKSUM>0</CHECKSUM>
              </INSTANCE>
             </INSTANCES>
            </INFO>
           </ITEM>
          </FILE>
          <FILE link="Lib/InfoSyS/Langs/www/html/U--htmlref.zip">
           <LOCATION>
            <URL>Lib/InfoSyS/Langs/www/html/U--htmlref.zip</URL>
            <SIZE>0</SIZE>
            <CHECKSUM>0</CHECKSUM>
            <TYPE>zip</TYPE>
           </LOCATION>
           <ITEM>
            <INFO>
             <CATEGORIES>
              <CATEGORY>Lib/InfoSyS/Langs/www/html</CATEGORY>
             </CATEGORIES>
             <DESCRIPTION>HTML References (html)</DESCRIPTION>
             <TITLE>HTML References</TITLE>
             <INSTANCES>
              <INSTANCE>
               <FORMAT>html</FORMAT>
               <SIZE>0</SIZE>
               <CHECKSUM>0</CHECKSUM>
              </INSTANCE>
             </INSTANCES>
            </INFO>
           </ITEM>
          </FILE>
          <FILE link="Lib/InfoSyS/Langs/www/html/W3C-CSS1.zip">
           <LOCATION>
            <URL>Lib/InfoSyS/Langs/www/html/W3C-CSS1.zip</URL>
            <SIZE>0</SIZE>
            <CHECKSUM>0</CHECKSUM>
            <TYPE>zip</TYPE>
           </LOCATION>
           <ITEM>
            <INFO>
             <CATEGORIES>
              <CATEGORY>Lib/InfoSyS/Langs/www/html</CATEGORY>
             </CATEGORIES>
             <DESCRIPTION>W3C - CSS1 Specification</DESCRIPTION>
             <AUTHORS>
              <AUTHOR>
               <FULLNAME>W3C</FULLNAME>
               <LASTNAME>W3C</LASTNAME>
               <FIRSTNAME></FIRSTNAME>
              </AUTHOR>
             </AUTHORS>
             <TITLE>CSS1 Specification</TITLE>
             <INSTANCES>
              <INSTANCE>
               <FORMAT>pdf</FORMAT>
               <SIZE>0</SIZE>
               <CHECKSUM>0</CHECKSUM>
              </INSTANCE>
             </INSTANCES>
            </INFO>
           </ITEM>
          </FILE>
          <FILE link="Lib/InfoSyS/Langs/www/html/W3C-CSS2.zip">
           <LOCATION>
            <URL>Lib/InfoSyS/Langs/www/html/W3C-CSS2.zip</URL>
            <SIZE>0.9</SIZE>
            <CHECKSUM>0</CHECKSUM>
            <TYPE>zip</TYPE>
           </LOCATION>
           <ITEM>
            <INFO>
             <CATEGORIES>
              <CATEGORY>Lib/InfoSyS/Langs/www/html</CATEGORY>
             </CATEGORIES>
             <DESCRIPTION>W3C - CSS2 Specification</DESCRIPTION>
             <AUTHORS>
              <AUTHOR>
               <FULLNAME>W3C</FULLNAME>
               <LASTNAME>W3C</LASTNAME>
               <FIRSTNAME></FIRSTNAME>
              </AUTHOR>
             </AUTHORS>
             <TITLE>CSS2 Specification</TITLE>
             <INSTANCES>
              <INSTANCE>
               <FORMAT>pdf</FORMAT>
               <SIZE>0</SIZE>
               <CHECKSUM>0</CHECKSUM>
              </INSTANCE>
             </INSTANCES>
            </INFO>
           </ITEM>
          </FILE>
          <FILE link="Lib/InfoSyS/Langs/www/html/W3C-DOM.zip">
           <LOCATION>
            <URL>Lib/InfoSyS/Langs/www/html/W3C-DOM.zip</URL>
            <SIZE>0.7</SIZE>
            <CHECKSUM>0</CHECKSUM>
            <TYPE>zip</TYPE>
           </LOCATION>
           <ITEM>
            <INFO>
             <CATEGORIES>
              <CATEGORY>Lib/InfoSyS/Langs/www/html</CATEGORY>
             </CATEGORIES>
             <DESCRIPTION>W3C - DOM Level 3 Specification</DESCRIPTION>
             <AUTHORS>
              <AUTHOR>
               <FULLNAME>W3C</FULLNAME>
               <LASTNAME>W3C</LASTNAME>
               <FIRSTNAME></FIRSTNAME>
              </AUTHOR>
             </AUTHORS>
             <TITLE>DOM Level 3 Specification</TITLE>
             <INSTANCES>
              <INSTANCE>
               <FORMAT>pdf</FORMAT>
               <SIZE>0</SIZE>
               <CHECKSUM>0</CHECKSUM>
              </INSTANCE>
             </INSTANCES>
            </INFO>
           </ITEM>
          </FILE>
          <FILE link="Lib/InfoSyS/Langs/www/html/W3C-DOM1.zip">
           <LOCATION>
            <URL>Lib/InfoSyS/Langs/www/html/W3C-DOM1.zip</URL>
            <SIZE>0.3</SIZE>
            <CHECKSUM>0</CHECKSUM>
            <TYPE>zip</TYPE>
           </LOCATION>
           <ITEM>
            <INFO>
             <CATEGORIES>
              <CATEGORY>Lib/InfoSyS/Langs/www/html</CATEGORY>
             </CATEGORIES>
             <DESCRIPTION>W3C - DOM Level 1 Specification</DESCRIPTION>
             <AUTHORS>
              <AUTHOR>
               <FULLNAME>W3C</FULLNAME>
               <LASTNAME>W3C</LASTNAME>
               <FIRSTNAME></FIRSTNAME>
              </AUTHOR>
             </AUTHORS>
             <TITLE>DOM Level 1 Specification</TITLE>
             <INSTANCES>
              <INSTANCE>
               <FORMAT>pdf</FORMAT>
               <SIZE>0</SIZE>
               <CHECKSUM>0</CHECKSUM>
              </INSTANCE>
             </INSTANCES>
            </INFO>
           </ITEM>
          </FILE>
          <FILE link="Lib/InfoSyS/Langs/www/html/W3C-HTML40.zip">
           <LOCATION>
            <URL>Lib/InfoSyS/Langs/www/html/W3C-HTML40.zip</URL>
            <SIZE>1</SIZE>
            <CHECKSUM>0</CHECKSUM>
            <TYPE>zip</TYPE>
           </LOCATION>
           <ITEM>
            <INFO>
             <CATEGORIES>
              <CATEGORY>Lib/InfoSyS/Langs/www/html</CATEGORY>
             </CATEGORIES>
             <DESCRIPTION>W3C - HTML 4.0 Specification</DESCRIPTION>
             <AUTHORS>
              <AUTHOR>
               <FULLNAME>W3C</FULLNAME>
               <LASTNAME>W3C</LASTNAME>
               <FIRSTNAME></FIRSTNAME>
              </AUTHOR>
             </AUTHORS>
             <TITLE>HTML 4.0 Specification</TITLE>
             <INSTANCES>
              <INSTANCE>
               <FORMAT>pdf</FORMAT>
               <SIZE>0</SIZE>
               <CHECKSUM>0</CHECKSUM>
              </INSTANCE>
             </INSTANCES>
            </INFO>
           </ITEM>
          </FILE>
          <FILE link="Lib/InfoSyS/Langs/www/html/W3C-XHTML10.zip">
           <LOCATION>
            <URL>Lib/InfoSyS/Langs/www/html/W3C-XHTML10.zip</URL>
            <SIZE>0</SIZE>
            <CHECKSUM>0</CHECKSUM>
            <TYPE>zip</TYPE>
           </LOCATION>
           <ITEM>
            <INFO>
             <CATEGORIES>
              <CATEGORY>Lib/InfoSyS/Langs/www/html</CATEGORY>
             </CATEGORIES>
             <DESCRIPTION>W3C - XHTML 1.0 Specification</DESCRIPTION>
             <AUTHORS>
              <AUTHOR>
               <FULLNAME>W3C</FULLNAME>
               <LASTNAME>W3C</LASTNAME>
               <FIRSTNAME></FIRSTNAME>
              </AUTHOR>
             </AUTHORS>
             <TITLE>XHTML 1.0 Specification</TITLE>
             <INSTANCES>
              <INSTANCE>
               <FORMAT>pdf</FORMAT>
               <SIZE>0</SIZE>
               <CHECKSUM>0</CHECKSUM>
              </INSTANCE>
             </INSTANCES>
            </INFO>
           </ITEM>
          </FILE>
          <FILE link="Lib/InfoSyS/Langs/www/html/W3C-XHTML11.zip">
           <LOCATION>
            <URL>Lib/InfoSyS/Langs/www/html/W3C-XHTML11.zip</URL>
            <SIZE>0</SIZE>
            <CHECKSUM>0</CHECKSUM>
            <TYPE>zip</TYPE>
           </LOCATION>
           <ITEM>
            <INFO>
             <CATEGORIES>
              <CATEGORY>Lib/InfoSyS/Langs/www/html</CATEGORY>
             </CATEGORIES>
             <DESCRIPTION>W3C - XHTML 1.1 Specification</DESCRIPTION>
             <AUTHORS>
              <AUTHOR>
               <FULLNAME>W3C</FULLNAME>
               <LASTNAME>W3C</LASTNAME>
               <FIRSTNAME></FIRSTNAME>
              </AUTHOR>
             </AUTHORS>
             <TITLE>XHTML 1.1 Specification</TITLE>
             <INSTANCES>
              <INSTANCE>
               <FORMAT>pdf</FORMAT>
               <SIZE>0</SIZE>
               <CHECKSUM>0</CHECKSUM>
              </INSTANCE>
             </INSTANCES>
            </INFO>
           </ITEM>
          </FILE>
          <FILE link="Lib/InfoSyS/Langs/www/html/WDG--WHTML32.zip">
           <LOCATION>
            <URL>Lib/InfoSyS/Langs/www/html/WDG--WHTML32.zip</URL>
            <SIZE>0.2</SIZE>
            <CHECKSUM>0</CHECKSUM>
            <TYPE>zip</TYPE>
           </LOCATION>
           <ITEM>
            <INFO>
             <CATEGORIES>
              <CATEGORY>Lib/InfoSyS/Langs/www/html</CATEGORY>
             </CATEGORIES>
             <DESCRIPTION>WDG - Wilbur - HTML 3.2 (html)</DESCRIPTION>
             <PUBLISHERS>
              <PUBLISHER>WDG</PUBLISHER>
             </PUBLISHERS>
             <AUTHORS>
              <AUTHOR>
               <FULLNAME>Wilbur</FULLNAME>
               <LASTNAME>Wilbur</LASTNAME>
               <FIRSTNAME></FIRSTNAME>
              </AUTHOR>
             </AUTHORS>
             <TITLE>HTML 3.2</TITLE>
             <INSTANCES>
              <INSTANCE>
               <FORMAT>html</FORMAT>
               <SIZE>0</SIZE>
               <CHECKSUM>0</CHECKSUM>
              </INSTANCE>
             </INSTANCES>
            </INFO>
           </ITEM>
          </FILE>
          <FILE link="Lib/InfoSyS/Langs/www/html/XN--ItHTML.zip">
           <LOCATION>
            <URL>Lib/InfoSyS/Langs/www/html/XN--ItHTML.zip</URL>
            <SIZE>1.1</SIZE>
            <CHECKSUM>0</CHECKSUM>
            <TYPE>zip</TYPE>
           </LOCATION>
           <ITEM>
            <INFO>
             <CATEGORIES>
              <CATEGORY>Lib/InfoSyS/Langs/www/html</CATEGORY>
             </CATEGORIES>
             <DESCRIPTION>XtraNet - - Intro to HTML</DESCRIPTION>
             <PUBLISHERS>
              <PUBLISHER>XtraNet</PUBLISHER>
             </PUBLISHERS>
             <TITLE>Intro to HTML</TITLE>
             <INSTANCES>
              <INSTANCE>
               <FORMAT>pdf</FORMAT>
               <SIZE>0</SIZE>
               <CHECKSUM>0</CHECKSUM>
              </INSTANCE>
             </INSTANCES>
            </INFO>
           </ITEM>
          </FILE>
         </FILELIST>
        </DIR>
        <DIR link="Lib/InfoSyS/Langs/www/Java">
         <LOCATION>
          <URL>Lib/InfoSyS/Langs/www/Java</URL>
          <SIZE>179.8</SIZE>
         </LOCATION>
         <FILELIST category="Lib/InfoSyS/Langs/www/Java">
          <INFO>
           <DESCRIPTION>Java Documentation</DESCRIPTION>
           <TITLE>Java Documentation</TITLE>
           <DEFAULTFORMAT>pdf</DEFAULTFORMAT>
          </INFO>
          <FILE link="Lib/InfoSyS/Langs/www/Java/Borland-JBDDA.zip">
           <LOCATION>
            <URL>Lib/InfoSyS/Langs/www/Java/Borland-JBDDA.zip</URL>
            <SIZE>1.9</SIZE>
            <CHECKSUM>0</CHECKSUM>
            <TYPE>zip</TYPE>
           </LOCATION>
           <ITEM>
            <INFO>
             <CATEGORIES>
              <CATEGORY>Lib/InfoSyS/Langs/www/Java</CATEGORY>
             </CATEGORIES>
             <DESCRIPTION>Borland - - JBuilder: Developing database applications</DESCRIPTION>
             <PUBLISHERS>
              <PUBLISHER>Borland</PUBLISHER>
             </PUBLISHERS>
             <TITLE>JBuilder: Developing database applications</TITLE>
             <INSTANCES>
              <INSTANCE>
               <FORMAT>pdf</FORMAT>
               <SIZE>0</SIZE>
               <CHECKSUM>0</CHECKSUM>
              </INSTANCE>
             </INSTANCES>
            </INFO>
           </ITEM>
          </FILE>
          <FILE link="Lib/InfoSyS/Langs/www/Java/IDG-EH-JS.zip">
           <LOCATION>
            <URL>Lib/InfoSyS/Langs/www/Java/IDG-EH-JS.zip</URL>
            <SIZE>3.9</SIZE>
            <CHECKSUM>0</CHECKSUM>
            <TYPE>zip</TYPE>
           </LOCATION>
           <ITEM>
            <INFO>
             <CATEGORIES>
              <CATEGORY>Lib/InfoSyS/Langs/www/Java</CATEGORY>
             </CATEGORIES>
             <DESCRIPTION>IDG - Elliotte Harold - Java Secrets (html)</DESCRIPTION>
             <PUBLISHERS>
              <PUBLISHER>IDG</PUBLISHER>
             </PUBLISHERS>
             <AUTHORS>
              <AUTHOR>
               <FULLNAME>Elliotte Harold</FULLNAME>
               <LASTNAME>Harold</LASTNAME>
               <FIRSTNAME>Elliotte</FIRSTNAME>
              </AUTHOR>
             </AUTHORS>
             <TITLE>Java Secrets</TITLE>
             <INSTANCES>
              <INSTANCE>
               <FORMAT>html</FORMAT>
               <SIZE>0</SIZE>
               <CHECKSUM>0</CHECKSUM>
              </INSTANCE>
             </INSTANCES>
            </INFO>
           </ITEM>
          </FILE>
          <FILE link="Lib/InfoSyS/Langs/www/Java/MP-BT-BJ.zip">
           <LOCATION>
            <URL>Lib/InfoSyS/Langs/www/Java/MP-BT-BJ.zip</URL>
            <SIZE>2.3</SIZE>
            <CHECKSUM>0</CHECKSUM>
            <TYPE>zip</TYPE>
           </LOCATION>
           <ITEM>
            <INFO>
             <CATEGORIES>
              <CATEGORY>Lib/InfoSyS/Langs/www/Java</CATEGORY>
             </CATEGORIES>
             <DESCRIPTION>Manning Publications - Bruce Tate - Bitter Java</DESCRIPTION>
             <PUBLISHERS>
              <PUBLISHER>Manning Publications</PUBLISHER>
             </PUBLISHERS>
             <AUTHORS>
              <AUTHOR>
               <FULLNAME>Bruce Tate</FULLNAME>
               <LASTNAME>Tate</LASTNAME>
               <FIRSTNAME>Bruce</FIRSTNAME>
              </AUTHOR>
             </AUTHORS>
             <TITLE>Bitter Java</TITLE>
             <INSTANCES>
              <INSTANCE>
               <FORMAT>pdf</FORMAT>
               <SIZE>0</SIZE>
               <CHECKSUM>0</CHECKSUM>
              </INSTANCE>
             </INSTANCES>
            </INFO>
           </ITEM>
          </FILE>
          <FILE link="Lib/InfoSyS/Langs/www/Java/MP-DF-WDJS.zip">
           <LOCATION>
            <URL>Lib/InfoSyS/Langs/www/Java/MP-DF-WDJS.zip</URL>
            <SIZE>13.3</SIZE>
            <CHECKSUM>0</CHECKSUM>
            <TYPE>zip</TYPE>
           </LOCATION>
           <ITEM>
            <INFO>
             <CATEGORIES>
              <CATEGORY>Lib/InfoSyS/Langs/www/Java</CATEGORY>
             </CATEGORIES>
             <DESCRIPTION>Manning Publications - Duane Fields - Web Development with JavaServer Pages</DESCRIPTION>
             <PUBLISHERS>
              <PUBLISHER>Manning Publications</PUBLISHER>
             </PUBLISHERS>
             <AUTHORS>
              <AUTHOR>
               <FULLNAME>Duane Fields</FULLNAME>
               <LASTNAME>Fields</LASTNAME>
               <FIRSTNAME>Duane</FIRSTNAME>
              </AUTHOR>
             </AUTHORS>
             <TITLE>Web Development with JavaServer Pages</TITLE>
             <INSTANCES>
              <INSTANCE>
               <FORMAT>pdf</FORMAT>
               <SIZE>0</SIZE>
               <CHECKSUM>0</CHECKSUM>
              </INSTANCE>
             </INSTANCES>
            </INFO>
           </ITEM>
          </FILE>
          <FILE link="Lib/InfoSyS/Langs/www/Java/MP-GS-JSPTL.zip">
           <LOCATION>
            <URL>Lib/InfoSyS/Langs/www/Java/MP-GS-JSPTL.zip</URL>
            <SIZE>8.1</SIZE>
            <CHECKSUM>0</CHECKSUM>
            <TYPE>zip</TYPE>
           </LOCATION>
           <ITEM>
            <INFO>
             <CATEGORIES>
              <CATEGORY>Lib/InfoSyS/Langs/www/Java</CATEGORY>
             </CATEGORIES>
             <DESCRIPTION>Manning Publications - Gal Shachor - JSP Tag Library</DESCRIPTION>
             <PUBLISHERS>
              <PUBLISHER>Manning Publications</PUBLISHER>
             </PUBLISHERS>
             <AUTHORS>
              <AUTHOR>
               <FULLNAME>Gal Shachor</FULLNAME>
               <LASTNAME>Shachor</LASTNAME>
               <FIRSTNAME>Gal</FIRSTNAME>
              </AUTHOR>
             </AUTHORS>
             <TITLE>JSP Tag Library</TITLE>
             <INSTANCES>
              <INSTANCE>
               <FORMAT>pdf</FORMAT>
               <SIZE>0</SIZE>
               <CHECKSUM>0</CHECKSUM>
              </INSTANCE>
             </INSTANCES>
            </INFO>
           </ITEM>
          </FILE>
          <FILE link="Lib/InfoSyS/Langs/www/Java/MP-KG-J2EEXMLD.zip">
           <LOCATION>
            <URL>Lib/InfoSyS/Langs/www/Java/MP-KG-J2EEXMLD.zip</URL>
            <SIZE>1.1</SIZE>
            <CHECKSUM>0</CHECKSUM>
            <TYPE>zip</TYPE>
           </LOCATION>
           <ITEM>
            <INFO>
             <CATEGORIES>
              <CATEGORY>Lib/InfoSyS/Langs/www/Java</CATEGORY>
             </CATEGORIES>
             <DESCRIPTION>Manning Publications - Kurt Gabrick - Java 2EE and XML Development</DESCRIPTION>
             <PUBLISHERS>
              <PUBLISHER>Manning Publications</PUBLISHER>
             </PUBLISHERS>
             <AUTHORS>
              <AUTHOR>
               <FULLNAME>Kurt Gabrick</FULLNAME>
               <LASTNAME>Gabrick</LASTNAME>
               <FIRSTNAME>Kurt</FIRSTNAME>
              </AUTHOR>
             </AUTHORS>
             <TITLE>Java 2EE and XML Development</TITLE>
             <INSTANCES>
              <INSTANCE>
               <FORMAT>pdf</FORMAT>
               <SIZE>0</SIZE>
               <CHECKSUM>0</CHECKSUM>
              </INSTANCE>
             </INSTANCES>
            </INFO>
           </ITEM>
          </FILE>
          <FILE link="Lib/InfoSyS/Langs/www/Java/MP-SH-SBJP.zip">
           <LOCATION>
            <URL>Lib/InfoSyS/Langs/www/Java/MP-SH-SBJP.zip</URL>
            <SIZE>7.3</SIZE>
            <CHECKSUM>0</CHECKSUM>
            <TYPE>zip</TYPE>
           </LOCATION>
           <ITEM>
            <INFO>
             <CATEGORIES>
              <CATEGORY>Lib/InfoSyS/Langs/www/Java</CATEGORY>
             </CATEGORIES>
             <DESCRIPTION>Manning Publications - Tet Neward - Server Based Java Programming</DESCRIPTION>
             <PUBLISHERS>
              <PUBLISHER>Manning Publications</PUBLISHER>
             </PUBLISHERS>
             <AUTHORS>
              <AUTHOR>
               <FULLNAME>Tet Neward</FULLNAME>
               <LASTNAME>Neward</LASTNAME>
               <FIRSTNAME>Tet</FIRSTNAME>
              </AUTHOR>
             </AUTHORS>
             <TITLE>Server Based Java Programming</TITLE>
             <INSTANCES>
              <INSTANCE>
               <FORMAT>pdf</FORMAT>
               <SIZE>0</SIZE>
               <CHECKSUM>0</CHECKSUM>
              </INSTANCE>
             </INSTANCES>
            </INFO>
           </ITEM>
          </FILE>
          <FILE link="Lib/InfoSyS/Langs/www/Java/OReilly-DF-JiaN.zip">
           <LOCATION>
            <URL>Lib/InfoSyS/Langs/www/Java/OReilly-DF-JiaN.zip</URL>
            <SIZE>2.1</SIZE>
            <CHECKSUM>0</CHECKSUM>
            <TYPE>zip</TYPE>
           </LOCATION>
           <ITEM>
            <INFO>
             <CATEGORIES>
              <CATEGORY>Lib/InfoSyS/Langs/www/Java</CATEGORY>
             </CATEGORIES>
             <DESCRIPTION>O'Reilly - David Flanagan - Java in a Nutshell (html)</DESCRIPTION>
             <PUBLISHERS>
              <PUBLISHER>O'Reilly</PUBLISHER>
             </PUBLISHERS>
             <AUTHORS>
              <AUTHOR>
               <FULLNAME>David Flanagan</FULLNAME>
               <LASTNAME>Flanagan</LASTNAME>
               <FIRSTNAME>David</FIRSTNAME>
              </AUTHOR>
             </AUTHORS>
             <TITLE>Java in a Nutshell</TITLE>
             <INSTANCES>
              <INSTANCE>
               <FORMAT>html</FORMAT>
               <SIZE>0</SIZE>
               <CHECKSUM>0</CHECKSUM>
              </INSTANCE>
             </INSTANCES>
            </INFO>
           </ITEM>
          </FILE>
          <FILE link="Lib/InfoSyS/Langs/www/Java/OReilly-JK-JC.zip">
           <LOCATION>
            <URL>Lib/InfoSyS/Langs/www/Java/OReilly-JK-JC.zip</URL>
            <SIZE>1.3</SIZE>
            <CHECKSUM>0</CHECKSUM>
            <TYPE>zip</TYPE>
           </LOCATION>
           <ITEM>
            <INFO>
             <CATEGORIES>
              <CATEGORY>Lib/InfoSyS/Langs/www/Java</CATEGORY>
             </CATEGORIES>
             <DESCRIPTION>O'Reilly - Jonathan Knudsen - Java Cryptography</DESCRIPTION>
             <PUBLISHERS>
              <PUBLISHER>O'Reilly</PUBLISHER>
             </PUBLISHERS>
             <AUTHORS>
              <AUTHOR>
               <FULLNAME>Jonathan Knudsen</FULLNAME>
               <LASTNAME>Knudsen</LASTNAME>
               <FIRSTNAME>Jonathan</FIRSTNAME>
              </AUTHOR>
             </AUTHORS>
             <TITLE>Java Cryptography</TITLE>
             <INSTANCES>
              <INSTANCE>
               <FORMAT>pdf</FORMAT>
               <SIZE>0</SIZE>
               <CHECKSUM>0</CHECKSUM>
              </INSTANCE>
             </INSTANCES>
            </INFO>
           </ITEM>
          </FILE>
          <FILE link="Lib/InfoSyS/Langs/www/Java/OReilly-JZ-JAWTR.zip">
           <LOCATION>
            <URL>Lib/InfoSyS/Langs/www/Java/OReilly-JZ-JAWTR.zip</URL>
            <SIZE>3.6</SIZE>
            <CHECKSUM>0</CHECKSUM>
            <TYPE>zip</TYPE>
           </LOCATION>
           <ITEM>
            <INFO>
             <CATEGORIES>
              <CATEGORY>Lib/InfoSyS/Langs/www/Java</CATEGORY>
             </CATEGORIES>
             <DESCRIPTION>O'Reilly - John Zukowski - Java AWT Reference (html)</DESCRIPTION>
             <PUBLISHERS>
              <PUBLISHER>O'Reilly</PUBLISHER>
             </PUBLISHERS>
             <AUTHORS>
              <AUTHOR>
               <FULLNAME>John Zukowski</FULLNAME>
               <LASTNAME>Zukowski</LASTNAME>
               <FIRSTNAME>John</FIRSTNAME>
              </AUTHOR>
             </AUTHORS>
             <TITLE>Java AWT Reference</TITLE>
             <INSTANCES>
              <INSTANCE>
               <FORMAT>html</FORMAT>
               <SIZE>0</SIZE>
               <CHECKSUM>0</CHECKSUM>
              </INSTANCE>
             </INSTANCES>
            </INFO>
           </ITEM>
          </FILE>
          <FILE link="Lib/InfoSyS/Langs/www/Java/OReilly-MG-JFCR.zip">
           <LOCATION>
            <URL>Lib/InfoSyS/Langs/www/Java/OReilly-MG-JFCR.zip</URL>
            <SIZE>1.3</SIZE>
            <CHECKSUM>0</CHECKSUM>
            <TYPE>zip</TYPE>
           </LOCATION>
           <ITEM>
            <INFO>
             <CATEGORIES>
              <CATEGORY>Lib/InfoSyS/Langs/www/Java</CATEGORY>
             </CATEGORIES>
             <DESCRIPTION>O'Reilly - Mark Grand - Java Fundamental Classes Reference (html)</DESCRIPTION>
             <PUBLISHERS>
              <PUBLISHER>O'Reilly</PUBLISHER>
             </PUBLISHERS>
             <AUTHORS>
              <AUTHOR>
               <FULLNAME>Mark Grand</FULLNAME>
               <LASTNAME>Grand</LASTNAME>
               <FIRSTNAME>Mark</FIRSTNAME>
              </AUTHOR>
             </AUTHORS>
             <TITLE>Java Fundamental Classes Reference</TITLE>
             <INSTANCES>
              <INSTANCE>
               <FORMAT>html</FORMAT>
               <SIZE>0</SIZE>
               <CHECKSUM>0</CHECKSUM>
              </INSTANCE>
             </INSTANCES>
            </INFO>
           </ITEM>
          </FILE>
          <FILE link="Lib/InfoSyS/Langs/www/Java/OReilly-MG-JLR.zip">
           <LOCATION>
            <URL>Lib/InfoSyS/Langs/www/Java/OReilly-MG-JLR.zip</URL>
            <SIZE>0.4</SIZE>
            <CHECKSUM>0</CHECKSUM>
            <TYPE>zip</TYPE>
           </LOCATION>
           <ITEM>
            <INFO>
             <CATEGORIES>
              <CATEGORY>Lib/InfoSyS/Langs/www/Java</CATEGORY>
             </CATEGORIES>
             <DESCRIPTION>O'Reilly - Mark Grand - Java Language Reference (html)</DESCRIPTION>
             <PUBLISHERS>
              <PUBLISHER>O'Reilly</PUBLISHER>
             </PUBLISHERS>
             <AUTHORS>
              <AUTHOR>
               <FULLNAME>Mark Grand</FULLNAME>
               <LASTNAME>Grand</LASTNAME>
               <FIRSTNAME>Mark</FIRSTNAME>
              </AUTHOR>
             </AUTHORS>
             <TITLE>Java Language Reference</TITLE>
             <INSTANCES>
              <INSTANCE>
               <FORMAT>html</FORMAT>
               <SIZE>0</SIZE>
               <CHECKSUM>0</CHECKSUM>
              </INSTANCE>
             </INSTANCES>
            </INFO>
           </ITEM>
          </FILE>
          <FILE link="Lib/InfoSyS/Langs/www/Java/OReilly-PN-EJ.zip">
           <LOCATION>
            <URL>Lib/InfoSyS/Langs/www/Java/OReilly-PN-EJ.zip</URL>
            <SIZE>1.6</SIZE>
            <CHECKSUM>0</CHECKSUM>
            <TYPE>zip</TYPE>
           </LOCATION>
           <ITEM>
            <INFO>
             <CATEGORIES>
              <CATEGORY>Lib/InfoSyS/Langs/www/Java</CATEGORY>
             </CATEGORIES>
             <DESCRIPTION>O'Reilly - Patrick Niemeyer - Exploring Java (html)</DESCRIPTION>
             <PUBLISHERS>
              <PUBLISHER>O'Reilly</PUBLISHER>
             </PUBLISHERS>
             <AUTHORS>
              <AUTHOR>
               <FULLNAME>Patrick Niemeyer</FULLNAME>
               <LASTNAME>Niemeyer</LASTNAME>
               <FIRSTNAME>Patrick</FIRSTNAME>
              </AUTHOR>
             </AUTHORS>
             <TITLE>Exploring Java</TITLE>
             <INSTANCES>
              <INSTANCE>
               <FORMAT>html</FORMAT>
               <SIZE>0</SIZE>
               <CHECKSUM>0</CHECKSUM>
              </INSTANCE>
             </INSTANCES>
            </INFO>
           </ITEM>
          </FILE>
          <FILE link="Lib/InfoSyS/Langs/www/Java/Que-EL-PEUHTML32J11CGI.zip">
           <LOCATION>
            <URL>Lib/InfoSyS/Langs/www/Java/Que-EL-PEUHTML32J11CGI.zip</URL>
            <SIZE>38</SIZE>
            <CHECKSUM>0</CHECKSUM>
            <TYPE>zip</TYPE>
           </LOCATION>
           <ITEM>
            <INFO>
             <CATEGORIES>
              <CATEGORY>Lib/InfoSyS/Langs/www/Java</CATEGORY>
             </CATEGORIES>
             <DESCRIPTION>Que - Eric Ladd - Platinum Edition Using HTML 3.2, Java 1.1 and CGI (html)</DESCRIPTION>
             <PUBLISHERS>
              <PUBLISHER>Que</PUBLISHER>
             </PUBLISHERS>
             <AUTHORS>
              <AUTHOR>
               <FULLNAME>Eric Ladd</FULLNAME>
               <LASTNAME>Ladd</LASTNAME>
               <FIRSTNAME>Eric</FIRSTNAME>
              </AUTHOR>
             </AUTHORS>
             <TITLE>Platinum Edition Using HTML 3.2, Java 1.1 and CGI</TITLE>
             <INSTANCES>
              <INSTANCE>
               <FORMAT>html</FORMAT>
               <SIZE>0</SIZE>
               <CHECKSUM>0</CHECKSUM>
              </INSTANCE>
             </INSTANCES>
            </INFO>
           </ITEM>
          </FILE>
          <FILE link="Lib/InfoSyS/Langs/www/Java/Que-JA-DIAwJ.zip">
           <LOCATION>
            <URL>Lib/InfoSyS/Langs/www/Java/Que-JA-DIAwJ.zip</URL>
            <SIZE>1.6</SIZE>
            <CHECKSUM>0</CHECKSUM>
            <TYPE>zip</TYPE>
           </LOCATION>
           <ITEM>
            <INFO>
             <CATEGORIES>
              <CATEGORY>Lib/InfoSyS/Langs/www/Java</CATEGORY>
             </CATEGORIES>
             <DESCRIPTION>Que - Jerry Ablan - Developing Intranet Applications with Java (html)</DESCRIPTION>
             <PUBLISHERS>
              <PUBLISHER>Que</PUBLISHER>
             </PUBLISHERS>
             <AUTHORS>
              <AUTHOR>
               <FULLNAME>Jerry Ablan</FULLNAME>
               <LASTNAME>Ablan</LASTNAME>
               <FIRSTNAME>Jerry</FIRSTNAME>
              </AUTHOR>
             </AUTHORS>
             <TITLE>Developing Intranet Applications with Java</TITLE>
             <INSTANCES>
              <INSTANCE>
               <FORMAT>html</FORMAT>
               <SIZE>0</SIZE>
               <CHECKSUM>0</CHECKSUM>
              </INSTANCE>
             </INSTANCES>
            </INFO>
           </ITEM>
          </FILE>
          <FILE link="Lib/InfoSyS/Langs/www/Java/Que-MW-HJtPR.zip">
           <LOCATION>
            <URL>Lib/InfoSyS/Langs/www/Java/Que-MW-HJtPR.zip</URL>
            <SIZE>3.2</SIZE>
            <CHECKSUM>0</CHECKSUM>
            <TYPE>zip</TYPE>
           </LOCATION>
           <ITEM>
            <INFO>
             <CATEGORIES>
              <CATEGORY>Lib/InfoSyS/Langs/www/Java</CATEGORY>
             </CATEGORIES>
             <DESCRIPTION>Que - Mark Wutka - Hacking Java: The Professional's Resource Kit (html)</DESCRIPTION>
             <PUBLISHERS>
              <PUBLISHER>Que</PUBLISHER>
             </PUBLISHERS>
             <AUTHORS>
              <AUTHOR>
               <FULLNAME>Mark Wutka</FULLNAME>
               <LASTNAME>Wutka</LASTNAME>
               <FIRSTNAME>Mark</FIRSTNAME>
              </AUTHOR>
             </AUTHORS>
             <TITLE>Hacking Java: The Professional's Resource Kit</TITLE>
             <INSTANCES>
              <INSTANCE>
               <FORMAT>html</FORMAT>
               <SIZE>0</SIZE>
               <CHECKSUM>0</CHECKSUM>
              </INSTANCE>
             </INSTANCES>
            </INFO>
           </ITEM>
          </FILE>
          <FILE link="Lib/InfoSyS/Langs/www/Java/Que-MW-JES.zip">
           <LOCATION>
            <URL>Lib/InfoSyS/Langs/www/Java/Que-MW-JES.zip</URL>
            <SIZE>3.6</SIZE>
            <CHECKSUM>0</CHECKSUM>
            <TYPE>zip</TYPE>
           </LOCATION>
           <ITEM>
            <INFO>
             <CATEGORIES>
              <CATEGORY>Lib/InfoSyS/Langs/www/Java</CATEGORY>
             </CATEGORIES>
             <DESCRIPTION>Que - Mark Wutka - Java Expert Solutions (html)</DESCRIPTION>
             <PUBLISHERS>
              <PUBLISHER>Que</PUBLISHER>
             </PUBLISHERS>
             <AUTHORS>
              <AUTHOR>
               <FULLNAME>Mark Wutka</FULLNAME>
               <LASTNAME>Wutka</LASTNAME>
               <FIRSTNAME>Mark</FIRSTNAME>
              </AUTHOR>
             </AUTHORS>
             <TITLE>Java Expert Solutions</TITLE>
             <INSTANCES>
              <INSTANCE>
               <FORMAT>html</FORMAT>
               <SIZE>0</SIZE>
               <CHECKSUM>0</CHECKSUM>
              </INSTANCE>
             </INSTANCES>
            </INFO>
           </ITEM>
          </FILE>
          <FILE link="Lib/InfoSyS/Langs/www/Java/SAMS--JDR.zip">
           <LOCATION>
            <URL>Lib/InfoSyS/Langs/www/Java/SAMS--JDR.zip</URL>
            <SIZE>4.9</SIZE>
            <CHECKSUM>0</CHECKSUM>
            <TYPE>zip</TYPE>
           </LOCATION>
           <ITEM>
            <INFO>
             <CATEGORIES>
              <CATEGORY>Lib/InfoSyS/Langs/www/Java</CATEGORY>
             </CATEGORIES>
             <DESCRIPTION>SAMS - - Java Developer's Reference (html)</DESCRIPTION>
             <PUBLISHERS>
              <PUBLISHER>SAMS</PUBLISHER>
             </PUBLISHERS>
             <TITLE>Java Developer's Reference</TITLE>
             <INSTANCES>
              <INSTANCE>
               <FORMAT>html</FORMAT>
               <SIZE>0</SIZE>
               <CHECKSUM>0</CHECKSUM>
              </INSTANCE>
             </INSTANCES>
            </INFO>
           </ITEM>
          </FILE>
          <FILE link="Lib/InfoSyS/Langs/www/Java/SAMS--JU.zip">
           <LOCATION>
            <URL>Lib/InfoSyS/Langs/www/Java/SAMS--JU.zip</URL>
            <SIZE>13.5</SIZE>
            <CHECKSUM>0</CHECKSUM>
            <TYPE>zip</TYPE>
           </LOCATION>
           <ITEM>
            <INFO>
             <CATEGORIES>
              <CATEGORY>Lib/InfoSyS/Langs/www/Java</CATEGORY>
             </CATEGORIES>
             <DESCRIPTION>SAMS - - Java Unleashed (html)</DESCRIPTION>
             <PUBLISHERS>
              <PUBLISHER>SAMS</PUBLISHER>
             </PUBLISHERS>
             <TITLE>Java Unleashed</TITLE>
             <INSTANCES>
              <INSTANCE>
               <FORMAT>html</FORMAT>
               <SIZE>0</SIZE>
               <CHECKSUM>0</CHECKSUM>
              </INSTANCE>
             </INSTANCES>
            </INFO>
           </ITEM>
          </FILE>
          <FILE link="Lib/InfoSyS/Langs/www/Java/SAMS-BM-VJPPU.zip">
           <LOCATION>
            <URL>Lib/InfoSyS/Langs/www/Java/SAMS-BM-VJPPU.zip</URL>
            <SIZE>12.4</SIZE>
            <CHECKSUM>0</CHECKSUM>
            <TYPE>zip</TYPE>
           </LOCATION>
           <ITEM>
            <INFO>
             <CATEGORIES>
              <CATEGORY>Lib/InfoSyS/Langs/www/Java</CATEGORY>
             </CATEGORIES>
             <DESCRIPTION>SAMS - Bryan Morgan - Visual J++ Unleashed (html)</DESCRIPTION>
             <PUBLISHERS>
              <PUBLISHER>SAMS</PUBLISHER>
             </PUBLISHERS>
             <AUTHORS>
              <AUTHOR>
               <FULLNAME>Bryan Morgan</FULLNAME>
               <LASTNAME>Morgan</LASTNAME>
               <FIRSTNAME>Bryan</FIRSTNAME>
              </AUTHOR>
             </AUTHORS>
             <TITLE>Visual J++ Unleashed</TITLE>
             <INSTANCES>
              <INSTANCE>
               <FORMAT>html</FORMAT>
               <SIZE>0</SIZE>
               <CHECKSUM>0</CHECKSUM>
              </INSTANCE>
             </INSTANCES>
            </INFO>
           </ITEM>
          </FILE>
          <FILE link="Lib/InfoSyS/Langs/www/Java/SAMS-DG-CWAwJ.zip">
           <LOCATION>
            <URL>Lib/InfoSyS/Langs/www/Java/SAMS-DG-CWAwJ.zip</URL>
            <SIZE>4.7</SIZE>
            <CHECKSUM>0</CHECKSUM>
            <TYPE>zip</TYPE>
           </LOCATION>
           <ITEM>
            <INFO>
             <CATEGORIES>
              <CATEGORY>Lib/InfoSyS/Langs/www/Java</CATEGORY>
             </CATEGORIES>
             <DESCRIPTION>SAMS - David Gulbransen - Creating Web Applets with Java (html)</DESCRIPTION>
             <PUBLISHERS>
              <PUBLISHER>SAMS</PUBLISHER>
             </PUBLISHERS>
             <AUTHORS>
              <AUTHOR>
               <FULLNAME>David Gulbransen</FULLNAME>
               <LASTNAME>Gulbransen</LASTNAME>
               <FIRSTNAME>David</FIRSTNAME>
              </AUTHOR>
             </AUTHORS>
             <TITLE>Creating Web Applets with Java</TITLE>
             <INSTANCES>
              <INSTANCE>
               <FORMAT>html</FORMAT>
               <SIZE>0</SIZE>
               <CHECKSUM>0</CHECKSUM>
              </INSTANCE>
             </INSTANCES>
            </INFO>
           </ITEM>
          </FILE>
          <FILE link="Lib/InfoSyS/Langs/www/Java/SAMS-GV-ToJP.zip">
           <LOCATION>
            <URL>Lib/InfoSyS/Langs/www/Java/SAMS-GV-ToJP.zip</URL>
            <SIZE>1.9</SIZE>
            <CHECKSUM>0</CHECKSUM>
            <TYPE>zip</TYPE>
           </LOCATION>
           <ITEM>
            <INFO>
             <CATEGORIES>
              <CATEGORY>Lib/InfoSyS/Langs/www/Java</CATEGORY>
             </CATEGORIES>
             <DESCRIPTION>SAMS - Glenn Vanderburg - Tricks of the Java Programming Gurus (html)</DESCRIPTION>
             <PUBLISHERS>
              <PUBLISHER>SAMS</PUBLISHER>
             </PUBLISHERS>
             <AUTHORS>
              <AUTHOR>
               <FULLNAME>Glenn Vanderburg</FULLNAME>
               <LASTNAME>Vanderburg</LASTNAME>
               <FIRSTNAME>Glenn</FIRSTNAME>
              </AUTHOR>
             </AUTHORS>
             <TITLE>Tricks of the Java Programming Gurus</TITLE>
             <INSTANCES>
              <INSTANCE>
               <FORMAT>html</FORMAT>
               <SIZE>0</SIZE>
               <CHECKSUM>0</CHECKSUM>
              </INSTANCE>
             </INSTANCES>
            </INFO>
           </ITEM>
          </FILE>
          <FILE link="Lib/InfoSyS/Langs/www/Java/SAMS-JJ-JDG.zip">
           <LOCATION>
            <URL>Lib/InfoSyS/Langs/www/Java/SAMS-JJ-JDG.zip</URL>
            <SIZE>1.2</SIZE>
            <CHECKSUM>0</CHECKSUM>
            <TYPE>zip</TYPE>
           </LOCATION>
           <ITEM>
            <INFO>
             <CATEGORIES>
              <CATEGORY>Lib/InfoSyS/Langs/www/Java</CATEGORY>
             </CATEGORIES>
             <DESCRIPTION>SAMS - Jamie Jaworski - Java Developer's Guide (html)</DESCRIPTION>
             <PUBLISHERS>
              <PUBLISHER>SAMS</PUBLISHER>
             </PUBLISHERS>
             <AUTHORS>
              <AUTHOR>
               <FULLNAME>Jamie Jaworski</FULLNAME>
               <LASTNAME>Jaworski</LASTNAME>
               <FIRSTNAME>Jamie</FIRSTNAME>
              </AUTHOR>
             </AUTHORS>
             <TITLE>Java Developer's Guide</TITLE>
             <INSTANCES>
              <INSTANCE>
               <FORMAT>html</FORMAT>
               <SIZE>0</SIZE>
               <CHECKSUM>0</CHECKSUM>
              </INSTANCE>
             </INSTANCES>
            </INFO>
           </ITEM>
          </FILE>
          <FILE link="Lib/InfoSyS/Langs/www/Java/SAMS-LL-TYJ21D.zip">
           <LOCATION>
            <URL>Lib/InfoSyS/Langs/www/Java/SAMS-LL-TYJ21D.zip</URL>
            <SIZE>0.7</SIZE>
            <CHECKSUM>0</CHECKSUM>
            <TYPE>zip</TYPE>
           </LOCATION>
           <ITEM>
            <INFO>
             <CATEGORIES>
              <CATEGORY>Lib/InfoSyS/Langs/www/Java</CATEGORY>
             </CATEGORIES>
             <DESCRIPTION>SAMS - Laura Lemay - Teach Yourself Java in 21 Days (html)</DESCRIPTION>
             <PUBLISHERS>
              <PUBLISHER>SAMS</PUBLISHER>
             </PUBLISHERS>
             <AUTHORS>
              <AUTHOR>
               <FULLNAME>Laura Lemay</FULLNAME>
               <LASTNAME>Lemay</LASTNAME>
               <FIRSTNAME>Laura</FIRSTNAME>
              </AUTHOR>
             </AUTHORS>
             <TITLE>Teach Yourself Java in 21 Days</TITLE>
             <INSTANCES>
              <INSTANCE>
               <FORMAT>html</FORMAT>
               <SIZE>0</SIZE>
               <CHECKSUM>0</CHECKSUM>
              </INSTANCE>
             </INSTANCES>
            </INFO>
           </ITEM>
          </FILE>
          <FILE link="Lib/InfoSyS/Langs/www/Java/SAMS-LL-TYVJ21D.zip">
           <LOCATION>
            <URL>Lib/InfoSyS/Langs/www/Java/SAMS-LL-TYVJ21D.zip</URL>
            <SIZE>2.1</SIZE>
            <CHECKSUM>0</CHECKSUM>
            <TYPE>zip</TYPE>
           </LOCATION>
           <ITEM>
            <INFO>
             <CATEGORIES>
              <CATEGORY>Lib/InfoSyS/Langs/www/Java</CATEGORY>
             </CATEGORIES>
             <DESCRIPTION>SAMS - Laura Lemay - Teach Yourself Visual J++ in 21 Days (html)</DESCRIPTION>
             <PUBLISHERS>
              <PUBLISHER>SAMS</PUBLISHER>
             </PUBLISHERS>
             <AUTHORS>
              <AUTHOR>
               <FULLNAME>Laura Lemay</FULLNAME>
               <LASTNAME>Lemay</LASTNAME>
               <FIRSTNAME>Laura</FIRSTNAME>
              </AUTHOR>
             </AUTHORS>
             <TITLE>Teach Yourself Visual J++ in 21 Days</TITLE>
             <INSTANCES>
              <INSTANCE>
               <FORMAT>html</FORMAT>
               <SIZE>0</SIZE>
               <CHECKSUM>0</CHECKSUM>
              </INSTANCE>
             </INSTANCES>
            </INFO>
           </ITEM>
          </FILE>
          <FILE link="Lib/InfoSyS/Langs/www/Java/SAMS-MM-J11U.zip">
           <LOCATION>
            <URL>Lib/InfoSyS/Langs/www/Java/SAMS-MM-J11U.zip</URL>
            <SIZE>3.8</SIZE>
            <CHECKSUM>0</CHECKSUM>
            <TYPE>zip</TYPE>
           </LOCATION>
           <ITEM>
            <INFO>
             <CATEGORIES>
              <CATEGORY>Lib/InfoSyS/Langs/www/Java</CATEGORY>
             </CATEGORIES>
             <DESCRIPTION>SAMS - Michael Morrison - Java 1.1 Unleashed (html)</DESCRIPTION>
             <PUBLISHERS>
              <PUBLISHER>SAMS</PUBLISHER>
             </PUBLISHERS>
             <AUTHORS>
              <AUTHOR>
               <FULLNAME>Michael Morrison</FULLNAME>
               <LASTNAME>Morrison</LASTNAME>
               <FIRSTNAME>Michael</FIRSTNAME>
              </AUTHOR>
             </AUTHORS>
             <TITLE>Java 1.1 Unleashed</TITLE>
             <INSTANCES>
              <INSTANCE>
               <FORMAT>html</FORMAT>
               <SIZE>0</SIZE>
               <CHECKSUM>0</CHECKSUM>
              </INSTANCE>
             </INSTANCES>
            </INFO>
           </ITEM>
          </FILE>
          <FILE link="Lib/InfoSyS/Langs/www/Java/SAMS-MM-PJB.zip">
           <LOCATION>
            <URL>Lib/InfoSyS/Langs/www/Java/SAMS-MM-PJB.zip</URL>
            <SIZE>0.7</SIZE>
            <CHECKSUM>0</CHECKSUM>
            <TYPE>zip</TYPE>
           </LOCATION>
           <ITEM>
            <INFO>
             <CATEGORIES>
              <CATEGORY>Lib/InfoSyS/Langs/www/Java</CATEGORY>
             </CATEGORIES>
             <DESCRIPTION>SAMS - Michael Morrison - Presenting JavaBeans (html)</DESCRIPTION>
             <PUBLISHERS>
              <PUBLISHER>SAMS</PUBLISHER>
             </PUBLISHERS>
             <AUTHORS>
              <AUTHOR>
               <FULLNAME>Michael Morrison</FULLNAME>
               <LASTNAME>Morrison</LASTNAME>
               <FIRSTNAME>Michael</FIRSTNAME>
              </AUTHOR>
             </AUTHORS>
             <TITLE>Presenting JavaBeans</TITLE>
             <INSTANCES>
              <INSTANCE>
               <FORMAT>html</FORMAT>
               <SIZE>0</SIZE>
               <CHECKSUM>0</CHECKSUM>
              </INSTANCE>
             </INSTANCES>
            </INFO>
           </ITEM>
          </FILE>
          <FILE link="Lib/InfoSyS/Langs/www/Java/SAMS-MM-TYIGPJ21D.zip">
           <LOCATION>
            <URL>Lib/InfoSyS/Langs/www/Java/SAMS-MM-TYIGPJ21D.zip</URL>
            <SIZE>3.4</SIZE>
            <CHECKSUM>0</CHECKSUM>
            <TYPE>zip</TYPE>
           </LOCATION>
           <ITEM>
            <INFO>
             <CATEGORIES>
              <CATEGORY>Lib/InfoSyS/Langs/www/Java</CATEGORY>
             </CATEGORIES>
             <DESCRIPTION>SAMS - Michael Morrison - Teach Yourself Internet Game Programming With Java in 21 Day (html)</DESCRIPTION>
             <PUBLISHERS>
              <PUBLISHER>SAMS</PUBLISHER>
             </PUBLISHERS>
             <AUTHORS>
              <AUTHOR>
               <FULLNAME>Michael Morrison</FULLNAME>
               <LASTNAME>Morrison</LASTNAME>
               <FIRSTNAME>Michael</FIRSTNAME>
              </AUTHOR>
             </AUTHORS>
             <TITLE>Teach Yourself Internet Game Programming With Java in 21 Day</TITLE>
             <INSTANCES>
              <INSTANCE>
               <FORMAT>html</FORMAT>
               <SIZE>0</SIZE>
               <CHECKSUM>0</CHECKSUM>
              </INSTANCE>
             </INSTANCES>
            </INFO>
           </ITEM>
          </FILE>
          <FILE link="Lib/InfoSyS/Langs/www/Java/SAMS-VG-WPwJ.zip">
           <LOCATION>
            <URL>Lib/InfoSyS/Langs/www/Java/SAMS-VG-WPwJ.zip</URL>
            <SIZE>1.3</SIZE>
            <CHECKSUM>0</CHECKSUM>
            <TYPE>zip</TYPE>
           </LOCATION>
           <ITEM>
            <INFO>
             <CATEGORIES>
              <CATEGORY>Lib/InfoSyS/Langs/www/Java</CATEGORY>
             </CATEGORIES>
             <DESCRIPTION>SAMS - Michael Girdley - Web Programming with Java</DESCRIPTION>
             <PUBLISHERS>
              <PUBLISHER>SAMS</PUBLISHER>
             </PUBLISHERS>
             <AUTHORS>
              <AUTHOR>
               <FULLNAME>Michael Girdley</FULLNAME>
               <LASTNAME>Girdley</LASTNAME>
               <FIRSTNAME>Michael</FIRSTNAME>
              </AUTHOR>
             </AUTHORS>
             <TITLE>Web Programming with Java</TITLE>
             <INSTANCES>
              <INSTANCE>
               <FORMAT>pdf</FORMAT>
               <SIZE>0</SIZE>
               <CHECKSUM>0</CHECKSUM>
              </INSTANCE>
             </INSTANCES>
            </INFO>
           </ITEM>
          </FILE>
          <FILE link="Lib/InfoSyS/Langs/www/Java/SAMS-WS-PNGtJP.zip">
           <LOCATION>
            <URL>Lib/InfoSyS/Langs/www/Java/SAMS-WS-PNGtJP.zip</URL>
            <SIZE>3.1</SIZE>
            <CHECKSUM>0</CHECKSUM>
            <TYPE>zip</TYPE>
           </LOCATION>
           <ITEM>
            <INFO>
             <CATEGORIES>
              <CATEGORY>Lib/InfoSyS/Langs/www/Java</CATEGORY>
             </CATEGORIES>
             <DESCRIPTION>SAMS - William Stanek - Peter Norton's Guide to Java Programming (html)</DESCRIPTION>
             <PUBLISHERS>
              <PUBLISHER>SAMS</PUBLISHER>
             </PUBLISHERS>
             <AUTHORS>
              <AUTHOR>
               <FULLNAME>William Stanek</FULLNAME>
               <LASTNAME>Stanek</LASTNAME>
               <FIRSTNAME>William</FIRSTNAME>
              </AUTHOR>
             </AUTHORS>
             <TITLE>Peter Norton's Guide to Java Programming</TITLE>
             <INSTANCES>
              <INSTANCE>
               <FORMAT>html</FORMAT>
               <SIZE>0</SIZE>
               <CHECKSUM>0</CHECKSUM>
              </INSTANCE>
             </INSTANCES>
            </INFO>
           </ITEM>
          </FILE>
          <FILE link="Lib/InfoSyS/Langs/www/Java/Syngress-GF-PLMSwJ.zip">
           <LOCATION>
            <URL>Lib/InfoSyS/Langs/www/Java/Syngress-GF-PLMSwJ.zip</URL>
            <SIZE>6.9</SIZE>
            <CHECKSUM>0</CHECKSUM>
            <TYPE>zip</TYPE>
           </LOCATION>
           <ITEM>
            <INFO>
             <CATEGORIES>
              <CATEGORY>Lib/InfoSyS/Langs/www/Java</CATEGORY>
             </CATEGORIES>
             <DESCRIPTION>Syngress - Guilio Ferrari - Programming LEGO Mindstorms with Java (pwd: 4574)</DESCRIPTION>
             <PUBLISHERS>
              <PUBLISHER>Syngress</PUBLISHER>
             </PUBLISHERS>
             <AUTHORS>
              <AUTHOR>
               <FULLNAME>Guilio Ferrari</FULLNAME>
               <LASTNAME>Ferrari</LASTNAME>
               <FIRSTNAME>Guilio</FIRSTNAME>
              </AUTHOR>
             </AUTHORS>
             <TITLE>Programming LEGO Mindstorms with Java (pwd: 4574)</TITLE>
             <INSTANCES>
              <INSTANCE>
               <FORMAT>pdf</FORMAT>
               <SIZE>0</SIZE>
               <CHECKSUM>0</CHECKSUM>
              </INSTANCE>
             </INSTANCES>
            </INFO>
           </ITEM>
          </FILE>
          <FILE link="Lib/InfoSyS/Langs/www/Java/U--JAPIUG.zip">
           <LOCATION>
            <URL>Lib/InfoSyS/Langs/www/Java/U--JAPIUG.zip</URL>
            <SIZE>0.4</SIZE>
            <CHECKSUM>0</CHECKSUM>
            <TYPE>zip</TYPE>
           </LOCATION>
           <ITEM>
            <INFO>
             <CATEGORIES>
              <CATEGORY>Lib/InfoSyS/Langs/www/Java</CATEGORY>
             </CATEGORIES>
             <DESCRIPTION>Java API User's Guide (html)</DESCRIPTION>
             <TITLE>Java API User's Guide</TITLE>
             <INSTANCES>
              <INSTANCE>
               <FORMAT>html</FORMAT>
               <SIZE>0</SIZE>
               <CHECKSUM>0</CHECKSUM>
              </INSTANCE>
             </INSTANCES>
            </INFO>
           </ITEM>
          </FILE>
          <FILE link="Lib/InfoSyS/Langs/www/Java/U--JFCU.zip">
           <LOCATION>
            <URL>Lib/InfoSyS/Langs/www/Java/U--JFCU.zip</URL>
            <SIZE>5</SIZE>
            <CHECKSUM>0</CHECKSUM>
            <TYPE>zip</TYPE>
           </LOCATION>
           <ITEM>
            <INFO>
             <CATEGORIES>
              <CATEGORY>Lib/InfoSyS/Langs/www/Java</CATEGORY>
             </CATEGORIES>
             <DESCRIPTION>JFC Unleashed (unlinked html)</DESCRIPTION>
             <TITLE>JFC Unleashed (unlinked html)</TITLE>
             <INSTANCES>
              <INSTANCE>
               <FORMAT>pdf</FORMAT>
               <SIZE>0</SIZE>
               <CHECKSUM>0</CHECKSUM>
              </INSTANCE>
             </INSTANCES>
            </INFO>
           </ITEM>
          </FILE>
          <FILE link="Lib/InfoSyS/Langs/www/Java/U-BE-TiJ2.zip">
           <LOCATION>
            <URL>Lib/InfoSyS/Langs/www/Java/U-BE-TiJ2.zip</URL>
            <SIZE>3.7</SIZE>
            <CHECKSUM>0</CHECKSUM>
            <TYPE>zip</TYPE>
           </LOCATION>
           <ITEM>
            <INFO>
             <CATEGORIES>
              <CATEGORY>Lib/InfoSyS/Langs/www/Java</CATEGORY>
             </CATEGORIES>
             <DESCRIPTION>Bruce Eckel - Thinking in Java 2nd Edition  Revision 3</DESCRIPTION>
             <AUTHORS>
              <AUTHOR>
               <FULLNAME>Bruce Eckel</FULLNAME>
               <LASTNAME>Eckel</LASTNAME>
               <FIRSTNAME>Bruce</FIRSTNAME>
              </AUTHOR>
             </AUTHORS>
             <TITLE>Thinking in Java 2nd Edition  Revision 3</TITLE>
             <INSTANCES>
              <INSTANCE>
               <FORMAT>pdf</FORMAT>
               <SIZE>0</SIZE>
               <CHECKSUM>0</CHECKSUM>
              </INSTANCE>
             </INSTANCES>
            </INFO>
           </ITEM>
          </FILE>
          <FILE link="Lib/InfoSyS/Langs/www/Java/U-DB-ItJP.zip">
           <LOCATION>
            <URL>Lib/InfoSyS/Langs/www/Java/U-DB-ItJP.zip</URL>
            <SIZE>1</SIZE>
            <CHECKSUM>0</CHECKSUM>
            <TYPE>zip</TYPE>
           </LOCATION>
           <ITEM>
            <INFO>
             <CATEGORIES>
              <CATEGORY>Lib/InfoSyS/Langs/www/Java</CATEGORY>
             </CATEGORIES>
             <DESCRIPTION>Dick Baldwin - Intruduction to Java Programming (html)</DESCRIPTION>
             <AUTHORS>
              <AUTHOR>
               <FULLNAME>Dick Baldwin</FULLNAME>
               <LASTNAME>Baldwin</LASTNAME>
               <FIRSTNAME>Dick</FIRSTNAME>
              </AUTHOR>
             </AUTHORS>
             <TITLE>Intruduction to Java Programming</TITLE>
             <INSTANCES>
              <INSTANCE>
               <FORMAT>html</FORMAT>
               <SIZE>0</SIZE>
               <CHECKSUM>0</CHECKSUM>
              </INSTANCE>
             </INSTANCES>
            </INFO>
           </ITEM>
          </FILE>
          <FILE link="Lib/InfoSyS/Langs/www/Java/U-DR-SPJ.zip">
           <LOCATION>
            <URL>Lib/InfoSyS/Langs/www/Java/U-DR-SPJ.zip</URL>
            <SIZE>0</SIZE>
            <CHECKSUM>0</CHECKSUM>
            <TYPE>zip</TYPE>
           </LOCATION>
           <ITEM>
            <INFO>
             <CATEGORIES>
              <CATEGORY>Lib/InfoSyS/Langs/www/Java</CATEGORY>
             </CATEGORIES>
             <DESCRIPTION>Дмитрий Рамодин - Начинаем программировать на языке Java (doc)</DESCRIPTION>
             <AUTHORS>
              <AUTHOR>
               <FULLNAME>Дмитрий Рамодин</FULLNAME>
               <LASTNAME>Рамодин</LASTNAME>
               <FIRSTNAME>Дмитрий</FIRSTNAME>
              </AUTHOR>
             </AUTHORS>
             <TITLE>Начинаем программировать на языке Java</TITLE>
             <INSTANCES>
              <INSTANCE>
               <FORMAT>doc</FORMAT>
               <SIZE>0</SIZE>
               <CHECKSUM>0</CHECKSUM>
              </INSTANCE>
             </INSTANCES>
            </INFO>
           </ITEM>
          </FILE>
          <FILE link="Lib/InfoSyS/Langs/www/Java/U-MC-tJT.zip">
           <LOCATION>
            <URL>Lib/InfoSyS/Langs/www/Java/U-MC-tJT.zip</URL>
            <SIZE>9.3</SIZE>
            <CHECKSUM>0</CHECKSUM>
            <TYPE>zip</TYPE>
           </LOCATION>
           <ITEM>
            <INFO>
             <CATEGORIES>
              <CATEGORY>Lib/InfoSyS/Langs/www/Java</CATEGORY>
             </CATEGORIES>
             <DESCRIPTION>Mary Campione - The Java Tutorial (html)</DESCRIPTION>
             <AUTHORS>
              <AUTHOR>
               <FULLNAME>Mary Campione</FULLNAME>
               <LASTNAME>Campione</LASTNAME>
               <FIRSTNAME>Mary</FIRSTNAME>
              </AUTHOR>
             </AUTHORS>
             <TITLE>The Java Tutorial</TITLE>
             <INSTANCES>
              <INSTANCE>
               <FORMAT>html</FORMAT>
               <SIZE>0</SIZE>
               <CHECKSUM>0</CHECKSUM>
              </INSTANCE>
             </INSTANCES>
            </INFO>
           </ITEM>
          </FILE>
          <FILE link="Lib/InfoSyS/Langs/www/Java/U-SD-ABDJaRP.zip">
           <LOCATION>
            <URL>Lib/InfoSyS/Langs/www/Java/U-SD-ABDJaRP.zip</URL>
            <SIZE>0</SIZE>
            <CHECKSUM>0</CHECKSUM>
            <TYPE>zip</TYPE>
           </LOCATION>
           <ITEM>
            <INFO>
             <CATEGORIES>
              <CATEGORY>Lib/InfoSyS/Langs/www/Java</CATEGORY>
             </CATEGORIES>
             <DESCRIPTION>Сергей Дунаев - Доступ к базам данных из Java-программ и проблемы русификации (html)</DESCRIPTION>
             <AUTHORS>
              <AUTHOR>
               <FULLNAME>Сергей Дунаев</FULLNAME>
               <LASTNAME>Дунаев</LASTNAME>
               <FIRSTNAME>Сергей</FIRSTNAME>
              </AUTHOR>
             </AUTHORS>
             <TITLE>Доступ к базам данных из Java-программ и проблемы русификации</TITLE>
             <INSTANCES>
              <INSTANCE>
               <FORMAT>html</FORMAT>
               <SIZE>0</SIZE>
               <CHECKSUM>0</CHECKSUM>
              </INSTANCE>
             </INSTANCES>
            </INFO>
           </ITEM>
          </FILE>
          <FILE link="Lib/InfoSyS/Langs/www/Java/WCP-ER-MEJB2.zip">
           <LOCATION>
            <URL>Lib/InfoSyS/Langs/www/Java/WCP-ER-MEJB2.zip</URL>
            <SIZE>1.9</SIZE>
            <CHECKSUM>0</CHECKSUM>
            <TYPE>zip</TYPE>
           </LOCATION>
           <ITEM>
            <INFO>
             <CATEGORIES>
              <CATEGORY>Lib/InfoSyS/Langs/www/Java</CATEGORY>
             </CATEGORIES>
             <DESCRIPTION>WCP - Ed Roman - Mastering Enterprise JavaBeans</DESCRIPTION>
             <PUBLISHERS>
              <PUBLISHER>WCP</PUBLISHER>
             </PUBLISHERS>
             <AUTHORS>
              <AUTHOR>
               <FULLNAME>Ed Roman</FULLNAME>
               <LASTNAME>Roman</LASTNAME>
               <FIRSTNAME>Ed</FIRSTNAME>
              </AUTHOR>
             </AUTHORS>
             <TITLE>Mastering Enterprise JavaBeans</TITLE>
             <INSTANCES>
              <INSTANCE>
               <FORMAT>pdf</FORMAT>
               <SIZE>0</SIZE>
               <CHECKSUM>0</CHECKSUM>
              </INSTANCE>
             </INSTANCES>
            </INFO>
           </ITEM>
          </FILE>
          <DIR link="Lib/InfoSyS/Langs/www/Java/jdbc">
           <LOCATION>
            <URL>Lib/InfoSyS/Langs/www/Java/jdbc</URL>
            <SIZE>3</SIZE>
           </LOCATION>
           <FILELIST category="Lib/InfoSyS/Langs/www/Java/jdbc">
            <INFO>
             <DESCRIPTION>JDBC DB Connectivity</DESCRIPTION>
             <TITLE>JDBC DB Connectivity</TITLE>
             <DEFAULTFORMAT>pdf</DEFAULTFORMAT>
            </INFO>
            <FILE link="Lib/InfoSyS/Langs/www/Java/jdbc/U--UJDBC.zip">
             <LOCATION>
              <URL>Lib/InfoSyS/Langs/www/Java/jdbc/U--UJDBC.zip</URL>
              <SIZE>3</SIZE>
              <CHECKSUM>0</CHECKSUM>
              <TYPE>zip</TYPE>
             </LOCATION>
             <ITEM>
              <INFO>
               <CATEGORIES>
                <CATEGORY>Lib/InfoSyS/Langs/www/Java/jdbc</CATEGORY>
               </CATEGORIES>
               <DESCRIPTION>Using JDBC (unbrowsable html)</DESCRIPTION>
               <TITLE>Using JDBC (unbrowsable html)</TITLE>
               <INSTANCES>
                <INSTANCE>
                 <FORMAT>pdf</FORMAT>
                 <SIZE>0</SIZE>
                 <CHECKSUM>0</CHECKSUM>
                </INSTANCE>
               </INSTANCES>
              </INFO>
             </ITEM>
            </FILE>
           </FILELIST>
          </DIR>
         </FILELIST>
        </DIR>
        <DIR link="Lib/InfoSyS/Langs/www/JScript">
         <LOCATION>
          <URL>Lib/InfoSyS/Langs/www/JScript</URL>
          <SIZE>49.3</SIZE>
         </LOCATION>
         <FILELIST category="Lib/InfoSyS/Langs/www/JScript">
          <INFO>
           <DESCRIPTION>Java Script / JScript / ECMA Script / DOM</DESCRIPTION>
           <TITLE>Java Script / JScript / ECMA Script / DOM</TITLE>
           <DEFAULTFORMAT>pdf</DEFAULTFORMAT>
          </INFO>
          <FILE link="Lib/InfoSyS/Langs/www/JScript/CIT-PH-PVPJS.zip">
           <LOCATION>
            <URL>Lib/InfoSyS/Langs/www/JScript/CIT-PH-PVPJS.zip</URL>
            <SIZE>0.7</SIZE>
            <CHECKSUM>0</CHECKSUM>
            <TYPE>zip</TYPE>
           </LOCATION>
           <ITEM>
            <INFO>
             <CATEGORIES>
              <CATEGORY>Lib/InfoSyS/Langs/www/JScript</CATEGORY>
             </CATEGORIES>
             <DESCRIPTION>CIT - Павел Храмцов - Практическое введение в программирование на JavaScript (html)</DESCRIPTION>
             <PUBLISHERS>
              <PUBLISHER>CIT</PUBLISHER>
             </PUBLISHERS>
             <AUTHORS>
              <AUTHOR>
               <FULLNAME>Павел Храмцов</FULLNAME>
               <LASTNAME>Храмцов</LASTNAME>
               <FIRSTNAME>Павел</FIRSTNAME>
              </AUTHOR>
             </AUTHORS>
             <TITLE>Практическое введение в программирование на JavaScript</TITLE>
             <INSTANCES>
              <INSTANCE>
               <FORMAT>html</FORMAT>
               <SIZE>0</SIZE>
               <CHECKSUM>0</CHECKSUM>
              </INSTANCE>
             </INSTANCES>
            </INFO>
           </ITEM>
          </FILE>
          <FILE link="Lib/InfoSyS/Langs/www/JScript/CIT-SK-IJSM.zip">
           <LOCATION>
            <URL>Lib/InfoSyS/Langs/www/JScript/CIT-SK-IJSM.zip</URL>
            <SIZE>0.3</SIZE>
            <CHECKSUM>0</CHECKSUM>
            <TYPE>zip</TYPE>
           </LOCATION>
           <ITEM>
            <INFO>
             <CATEGORIES>
              <CATEGORY>Lib/InfoSyS/Langs/www/JScript</CATEGORY>
             </CATEGORIES>
             <DESCRIPTION>CIT - Стефан Кох - Введение в JavaScript для Мага (html)</DESCRIPTION>
             <PUBLISHERS>
              <PUBLISHER>CIT</PUBLISHER>
             </PUBLISHERS>
             <AUTHORS>
              <AUTHOR>
               <FULLNAME>Стефан Кох</FULLNAME>
               <LASTNAME>Кох</LASTNAME>
               <FIRSTNAME>Стефан</FIRSTNAME>
              </AUTHOR>
             </AUTHORS>
             <TITLE>Введение в JavaScript для Мага</TITLE>
             <INSTANCES>
              <INSTANCE>
               <FORMAT>html</FORMAT>
               <SIZE>0</SIZE>
               <CHECKSUM>0</CHECKSUM>
              </INSTANCE>
             </INSTANCES>
            </INFO>
           </ITEM>
          </FILE>
          <FILE link="Lib/InfoSyS/Langs/www/JScript/HM-DG-JSBGE.zip">
           <LOCATION>
            <URL>Lib/InfoSyS/Langs/www/JScript/HM-DG-JSBGE.zip</URL>
            <SIZE>31.9</SIZE>
            <CHECKSUM>0</CHECKSUM>
            <TYPE>zip</TYPE>
           </LOCATION>
           <ITEM>
            <INFO>
             <CATEGORIES>
              <CATEGORY>Lib/InfoSyS/Langs/www/JScript</CATEGORY>
             </CATEGORIES>
             <DESCRIPTION>Hungry Minds - Danny Goodman - JavaScript Bible, Gold Edition</DESCRIPTION>
             <PUBLISHERS>
              <PUBLISHER>Hungry Minds</PUBLISHER>
             </PUBLISHERS>
             <AUTHORS>
              <AUTHOR>
               <FULLNAME>Danny Goodman</FULLNAME>
               <LASTNAME>Goodman</LASTNAME>
               <FIRSTNAME>Danny</FIRSTNAME>
              </AUTHOR>
             </AUTHORS>
             <TITLE>JavaScript Bible</TITLE>
             <EDITION>Gold</EDITION>
             <INSTANCES>
              <INSTANCE>
               <FORMAT>pdf</FORMAT>
               <SIZE>0</SIZE>
               <CHECKSUM>0</CHECKSUM>
              </INSTANCE>
             </INSTANCES>
            </INFO>
           </ITEM>
          </FILE>
          <FILE link="Lib/InfoSyS/Langs/www/JScript/NS--tJSL.zip">
           <LOCATION>
            <URL>Lib/InfoSyS/Langs/www/JScript/NS--tJSL.zip</URL>
            <SIZE>0.1</SIZE>
            <CHECKSUM>0</CHECKSUM>
            <TYPE>zip</TYPE>
           </LOCATION>
           <ITEM>
            <INFO>
             <CATEGORIES>
              <CATEGORY>Lib/InfoSyS/Langs/www/JScript</CATEGORY>
             </CATEGORIES>
             <DESCRIPTION>Netscape - - The JavaScript Language</DESCRIPTION>
             <PUBLISHERS>
              <PUBLISHER>Netscape</PUBLISHER>
             </PUBLISHERS>
             <TITLE>The JavaScript Language</TITLE>
             <INSTANCES>
              <INSTANCE>
               <FORMAT>pdf</FORMAT>
               <SIZE>0</SIZE>
               <CHECKSUM>0</CHECKSUM>
              </INSTANCE>
             </INSTANCES>
            </INFO>
           </ITEM>
          </FILE>
          <FILE link="Lib/InfoSyS/Langs/www/JScript/OReilly-DF-JStDG.zip">
           <LOCATION>
            <URL>Lib/InfoSyS/Langs/www/JScript/OReilly-DF-JStDG.zip</URL>
            <SIZE>1.9</SIZE>
            <CHECKSUM>0</CHECKSUM>
            <TYPE>zip</TYPE>
           </LOCATION>
           <ITEM>
            <INFO>
             <CATEGORIES>
              <CATEGORY>Lib/InfoSyS/Langs/www/JScript</CATEGORY>
             </CATEGORIES>
             <DESCRIPTION>O'Reilly - David Flanngan - JavaScript The Definitive Guide (html)</DESCRIPTION>
             <PUBLISHERS>
              <PUBLISHER>O'Reilly</PUBLISHER>
             </PUBLISHERS>
             <AUTHORS>
              <AUTHOR>
               <FULLNAME>David Flanngan</FULLNAME>
               <LASTNAME>Flanngan</LASTNAME>
               <FIRSTNAME>David</FIRSTNAME>
              </AUTHOR>
             </AUTHORS>
             <TITLE>JavaScript The Definitive Guide</TITLE>
             <INSTANCES>
              <INSTANCE>
               <FORMAT>html</FORMAT>
               <SIZE>0</SIZE>
               <CHECKSUM>0</CHECKSUM>
              </INSTANCE>
             </INSTANCES>
            </INFO>
           </ITEM>
          </FILE>
          <FILE link="Lib/InfoSyS/Langs/www/JScript/Psykoptic--BHTMLJ.zip">
           <LOCATION>
            <URL>Lib/InfoSyS/Langs/www/JScript/Psykoptic--BHTMLJ.zip</URL>
            <SIZE>0.5</SIZE>
            <CHECKSUM>0</CHECKSUM>
            <TYPE>zip</TYPE>
           </LOCATION>
           <ITEM>
            <INFO>
             <CATEGORIES>
              <CATEGORY>Lib/InfoSyS/Langs/www/JScript</CATEGORY>
             </CATEGORIES>
             <DESCRIPTION>Psykoptic - Book on HTML and JavaScript (html)</DESCRIPTION>
             <AUTHORS>
              <AUTHOR>
               <FULLNAME>Psykoptic</FULLNAME>
               <LASTNAME>Psykoptic</LASTNAME>
               <FIRSTNAME></FIRSTNAME>
              </AUTHOR>
             </AUTHORS>
             <TITLE>Book on HTML and JavaScript</TITLE>
             <INSTANCES>
              <INSTANCE>
               <FORMAT>html</FORMAT>
               <SIZE>0</SIZE>
               <CHECKSUM>0</CHECKSUM>
              </INSTANCE>
             </INSTANCES>
            </INFO>
           </ITEM>
          </FILE>
          <FILE link="Lib/InfoSyS/Langs/www/JScript/Que-MR-SEUJS.zip">
           <LOCATION>
            <URL>Lib/InfoSyS/Langs/www/JScript/Que-MR-SEUJS.zip</URL>
            <SIZE>3.4</SIZE>
            <CHECKSUM>0</CHECKSUM>
            <TYPE>zip</TYPE>
           </LOCATION>
           <ITEM>
            <INFO>
             <CATEGORIES>
              <CATEGORY>Lib/InfoSyS/Langs/www/JScript</CATEGORY>
             </CATEGORIES>
             <DESCRIPTION>Que - Mark Reynolds - Special Edition Using JavaScript</DESCRIPTION>
             <PUBLISHERS>
              <PUBLISHER>Que</PUBLISHER>
             </PUBLISHERS>
             <AUTHORS>
              <AUTHOR>
               <FULLNAME>Mark Reynolds</FULLNAME>
               <LASTNAME>Reynolds</LASTNAME>
               <FIRSTNAME>Mark</FIRSTNAME>
              </AUTHOR>
             </AUTHORS>
             <TITLE>Special Edition Using JavaScript</TITLE>
             <INSTANCES>
              <INSTANCE>
               <FORMAT>pdf</FORMAT>
               <SIZE>0</SIZE>
               <CHECKSUM>0</CHECKSUM>
              </INSTANCE>
             </INSTANCES>
            </INFO>
           </ITEM>
          </FILE>
          <FILE link="Lib/InfoSyS/Langs/www/JScript/SAMS-AD-TYJSiW.zip">
           <LOCATION>
            <URL>Lib/InfoSyS/Langs/www/JScript/SAMS-AD-TYJSiW.zip</URL>
            <SIZE>3</SIZE>
            <CHECKSUM>0</CHECKSUM>
            <TYPE>zip</TYPE>
           </LOCATION>
           <ITEM>
            <INFO>
             <CATEGORIES>
              <CATEGORY>Lib/InfoSyS/Langs/www/JScript</CATEGORY>
             </CATEGORIES>
             <DESCRIPTION>SAMS - Arman Danesh - Teach Yourself JavaScript in a Week (html)</DESCRIPTION>
             <PUBLISHERS>
              <PUBLISHER>SAMS</PUBLISHER>
             </PUBLISHERS>
             <AUTHORS>
              <AUTHOR>
               <FULLNAME>Arman Danesh</FULLNAME>
               <LASTNAME>Danesh</LASTNAME>
               <FIRSTNAME>Arman</FIRSTNAME>
              </AUTHOR>
             </AUTHORS>
             <TITLE>Teach Yourself JavaScript in a Week</TITLE>
             <INSTANCES>
              <INSTANCE>
               <FORMAT>html</FORMAT>
               <SIZE>0</SIZE>
               <CHECKSUM>0</CHECKSUM>
              </INSTANCE>
             </INSTANCES>
            </INFO>
           </ITEM>
          </FILE>
          <FILE link="Lib/InfoSyS/Langs/www/JScript/U--JSB.zip">
           <LOCATION>
            <URL>Lib/InfoSyS/Langs/www/JScript/U--JSB.zip</URL>
            <SIZE>5.1</SIZE>
            <CHECKSUM>0</CHECKSUM>
            <TYPE>zip</TYPE>
           </LOCATION>
           <ITEM>
            <INFO>
             <CATEGORIES>
              <CATEGORY>Lib/InfoSyS/Langs/www/JScript</CATEGORY>
             </CATEGORIES>
             <DESCRIPTION>JavaScript Bible</DESCRIPTION>
             <TITLE>JavaScript Bible</TITLE>
             <INSTANCES>
              <INSTANCE>
               <FORMAT>pdf</FORMAT>
               <SIZE>0</SIZE>
               <CHECKSUM>0</CHECKSUM>
              </INSTANCE>
             </INSTANCES>
            </INFO>
           </ITEM>
          </FILE>
          <FILE link="Lib/InfoSyS/Langs/www/JScript/U-MJ-JMoS.zip">
           <LOCATION>
            <URL>Lib/InfoSyS/Langs/www/JScript/U-MJ-JMoS.zip</URL>
            <SIZE>0.5</SIZE>
            <CHECKSUM>0</CHECKSUM>
            <TYPE>zip</TYPE>
           </LOCATION>
           <ITEM>
            <INFO>
             <CATEGORIES>
              <CATEGORY>Lib/InfoSyS/Langs/www/JScript</CATEGORY>
             </CATEGORIES>
             <DESCRIPTION>Marc Johnson - JavaScript Manual of Style (html)</DESCRIPTION>
             <AUTHORS>
              <AUTHOR>
               <FULLNAME>Marc Johnson</FULLNAME>
               <LASTNAME>Johnson</LASTNAME>
               <FIRSTNAME>Marc</FIRSTNAME>
              </AUTHOR>
             </AUTHORS>
             <TITLE>JavaScript Manual of Style</TITLE>
             <INSTANCES>
              <INSTANCE>
               <FORMAT>html</FORMAT>
               <SIZE>0</SIZE>
               <CHECKSUM>0</CHECKSUM>
              </INSTANCE>
             </INSTANCES>
            </INFO>
           </ITEM>
          </FILE>
          <FILE link="Lib/InfoSyS/Langs/www/JScript/U-MS-OJSD.zip">
           <LOCATION>
            <URL>Lib/InfoSyS/Langs/www/JScript/U-MS-OJSD.zip</URL>
            <SIZE>0.1</SIZE>
            <CHECKSUM>0</CHECKSUM>
            <TYPE>zip</TYPE>
           </LOCATION>
           <ITEM>
            <INFO>
             <CATEGORIES>
              <CATEGORY>Lib/InfoSyS/Langs/www/JScript</CATEGORY>
             </CATEGORIES>
             <DESCRIPTION>Michael Shramka - Ongoing JavasScript Development</DESCRIPTION>
             <AUTHORS>
              <AUTHOR>
               <FULLNAME>Michael Shramka</FULLNAME>
               <LASTNAME>Shramka</LASTNAME>
               <FIRSTNAME>Michael</FIRSTNAME>
              </AUTHOR>
             </AUTHORS>
             <TITLE>Ongoing JavasScript Development</TITLE>
             <INSTANCES>
              <INSTANCE>
               <FORMAT>pdf</FORMAT>
               <SIZE>0</SIZE>
               <CHECKSUM>0</CHECKSUM>
              </INSTANCE>
             </INSTANCES>
            </INFO>
           </ITEM>
          </FILE>
          <FILE link="Lib/InfoSyS/Langs/www/JScript/U-SK-VItJS.zip">
           <LOCATION>
            <URL>Lib/InfoSyS/Langs/www/JScript/U-SK-VItJS.zip</URL>
            <SIZE>0.5</SIZE>
            <CHECKSUM>0</CHECKSUM>
            <TYPE>zip</TYPE>
           </LOCATION>
           <ITEM>
            <INFO>
             <CATEGORIES>
              <CATEGORY>Lib/InfoSyS/Langs/www/JScript</CATEGORY>
             </CATEGORIES>
             <DESCRIPTION>Stefan Koch - Voodoo's Introduction to JavaScript</DESCRIPTION>
             <AUTHORS>
              <AUTHOR>
               <FULLNAME>Stefan Koch</FULLNAME>
               <LASTNAME>Koch</LASTNAME>
               <FIRSTNAME>Stefan</FIRSTNAME>
              </AUTHOR>
             </AUTHORS>
             <TITLE>Voodoo's Introduction to JavaScript</TITLE>
             <INSTANCES>
              <INSTANCE>
               <FORMAT>pdf</FORMAT>
               <SIZE>0</SIZE>
               <CHECKSUM>0</CHECKSUM>
              </INSTANCE>
             </INSTANCES>
            </INFO>
           </ITEM>
          </FILE>
          <FILE link="Lib/InfoSyS/Langs/www/JScript/W3C-ECMA3.zip">
           <LOCATION>
            <URL>Lib/InfoSyS/Langs/www/JScript/W3C-ECMA3.zip</URL>
            <SIZE>0.9</SIZE>
            <CHECKSUM>0</CHECKSUM>
            <TYPE>zip</TYPE>
           </LOCATION>
           <ITEM>
            <INFO>
             <CATEGORIES>
              <CATEGORY>Lib/InfoSyS/Langs/www/JScript</CATEGORY>
             </CATEGORIES>
             <DESCRIPTION>W3C - ECMAScript Language Specification, Edition 3</DESCRIPTION>
             <AUTHORS>
              <AUTHOR>
               <FULLNAME>W3C</FULLNAME>
               <LASTNAME>W3C</LASTNAME>
               <FIRSTNAME></FIRSTNAME>
              </AUTHOR>
             </AUTHORS>
             <TITLE>ECMAScript Language Specification, Edition 3</TITLE>
             <INSTANCES>
              <INSTANCE>
               <FORMAT>pdf</FORMAT>
               <SIZE>0</SIZE>
               <CHECKSUM>0</CHECKSUM>
              </INSTANCE>
             </INSTANCES>
            </INFO>
           </ITEM>
          </FILE>
          <FILE link="Lib/InfoSyS/Langs/www/JScript/W3C-ECMA4.zip">
           <LOCATION>
            <URL>Lib/InfoSyS/Langs/www/JScript/W3C-ECMA4.zip</URL>
            <SIZE>0.3</SIZE>
            <CHECKSUM>0</CHECKSUM>
            <TYPE>zip</TYPE>
           </LOCATION>
           <ITEM>
            <INFO>
             <CATEGORIES>
              <CATEGORY>Lib/InfoSyS/Langs/www/JScript</CATEGORY>
             </CATEGORIES>
             <DESCRIPTION>W3C - ECMAScript Language Specification, Edition 4</DESCRIPTION>
             <AUTHORS>
              <AUTHOR>
               <FULLNAME>W3C</FULLNAME>
               <LASTNAME>W3C</LASTNAME>
               <FIRSTNAME></FIRSTNAME>
              </AUTHOR>
             </AUTHORS>
             <TITLE>ECMAScript Language Specification, Edition 4</TITLE>
             <INSTANCES>
              <INSTANCE>
               <FORMAT>pdf</FORMAT>
               <SIZE>0</SIZE>
               <CHECKSUM>0</CHECKSUM>
              </INSTANCE>
             </INSTANCES>
            </INFO>
           </ITEM>
          </FILE>
         </FILELIST>
        </DIR>
        <DIR link="Lib/InfoSyS/Langs/www/Other">
         <LOCATION>
          <URL>Lib/InfoSyS/Langs/www/Other</URL>
          <SIZE>2.4</SIZE>
         </LOCATION>
         <FILELIST category="Lib/InfoSyS/Langs/www/Other">
          <INFO>
           <DESCRIPTION>Other Docs</DESCRIPTION>
           <TITLE>Other Docs</TITLE>
           <DEFAULTFORMAT>pdf</DEFAULTFORMAT>
          </INFO>
          <FILE link="Lib/InfoSyS/Langs/www/Other/NGU--USWWWBD.zip">
           <LOCATION>
            <URL>Lib/InfoSyS/Langs/www/Other/NGU--USWWWBD.zip</URL>
            <SIZE>0.3</SIZE>
            <CHECKSUM>0</CHECKSUM>
            <TYPE>zip</TYPE>
           </LOCATION>
           <ITEM>
            <INFO>
             <CATEGORIES>
              <CATEGORY>Lib/InfoSyS/Langs/www/Other</CATEGORY>
             </CATEGORIES>
             <DESCRIPTION>НГУ - Использование технологий WWW для доступа к базам данных (html)</DESCRIPTION>
             <AUTHORS>
              <AUTHOR>
               <FULLNAME>НГУ</FULLNAME>
               <LASTNAME>НГУ</LASTNAME>
               <FIRSTNAME></FIRSTNAME>
              </AUTHOR>
             </AUTHORS>
             <TITLE>Использование технологий WWW для доступа к базам данных</TITLE>
             <INSTANCES>
              <INSTANCE>
               <FORMAT>html</FORMAT>
               <SIZE>0</SIZE>
               <CHECKSUM>0</CHECKSUM>
              </INSTANCE>
             </INSTANCES>
            </INFO>
           </ITEM>
          </FILE>
          <FILE link="Lib/InfoSyS/Langs/www/Other/QUE--SEUIDAPI.zip">
           <LOCATION>
            <URL>Lib/InfoSyS/Langs/www/Other/QUE--SEUIDAPI.zip</URL>
            <SIZE>2</SIZE>
            <CHECKSUM>0</CHECKSUM>
            <TYPE>zip</TYPE>
           </LOCATION>
           <ITEM>
            <INFO>
             <CATEGORIES>
              <CATEGORY>Lib/InfoSyS/Langs/www/Other</CATEGORY>
             </CATEGORIES>
             <DESCRIPTION>QUE - - Special Edition Using ISAPI</DESCRIPTION>
             <PUBLISHERS>
              <PUBLISHER>QUE</PUBLISHER>
             </PUBLISHERS>
             <TITLE>Special Edition Using ISAPI</TITLE>
             <INSTANCES>
              <INSTANCE>
               <FORMAT>pdf</FORMAT>
               <SIZE>0</SIZE>
               <CHECKSUM>0</CHECKSUM>
              </INSTANCE>
             </INSTANCES>
            </INFO>
           </ITEM>
          </FILE>
         </FILELIST>
        </DIR>
        <DIR link="Lib/InfoSyS/Langs/www/PhP">
         <LOCATION>
          <URL>Lib/InfoSyS/Langs/www/PhP</URL>
          <SIZE>22.9</SIZE>
         </LOCATION>
         <FILELIST category="Lib/InfoSyS/Langs/www/PhP">
          <INFO>
           <DESCRIPTION>PHP</DESCRIPTION>
           <TITLE>PHP</TITLE>
           <DEFAULTFORMAT>pdf</DEFAULTFORMAT>
          </INFO>
          <FILE link="Lib/InfoSyS/Langs/www/PhP/HM--VPHPBP.zip">
           <LOCATION>
            <URL>Lib/InfoSyS/Langs/www/PhP/HM--VPHPBP.zip</URL>
            <SIZE>6.2</SIZE>
            <CHECKSUM>0</CHECKSUM>
            <TYPE>zip</TYPE>
           </LOCATION>
           <ITEM>
            <INFO>
             <CATEGORIES>
              <CATEGORY>Lib/InfoSyS/Langs/www/PhP</CATEGORY>
             </CATEGORIES>
             <DESCRIPTION>Hungry Minds - - Visual PHP BluePrint</DESCRIPTION>
             <PUBLISHERS>
              <PUBLISHER>Hungry Minds</PUBLISHER>
             </PUBLISHERS>
             <TITLE>Visual PHP BluePrint</TITLE>
             <INSTANCES>
              <INSTANCE>
               <FORMAT>pdf</FORMAT>
               <SIZE>0</SIZE>
               <CHECKSUM>0</CHECKSUM>
              </INSTANCE>
             </INSTANCES>
            </INFO>
           </ITEM>
          </FILE>
          <FILE link="Lib/InfoSyS/Langs/www/PhP/MT-JG-MySQLPHPDD.zip">
           <LOCATION>
            <URL>Lib/InfoSyS/Langs/www/PhP/MT-JG-MySQLPHPDD.zip</URL>
            <SIZE>3.2</SIZE>
            <CHECKSUM>0</CHECKSUM>
            <TYPE>zip</TYPE>
           </LOCATION>
           <ITEM>
            <INFO>
             <CATEGORIES>
              <CATEGORY>Lib/InfoSyS/Langs/www/PhP</CATEGORY>
             </CATEGORIES>
             <DESCRIPTION>MandT Books - Jay Greenspan - MySQL and PHP Database Applications</DESCRIPTION>
             <PUBLISHERS>
              <PUBLISHER>MandT Books</PUBLISHER>
             </PUBLISHERS>
             <AUTHORS>
              <AUTHOR>
               <FULLNAME>Jay Greenspan</FULLNAME>
               <LASTNAME>Greenspan</LASTNAME>
               <FIRSTNAME>Jay</FIRSTNAME>
              </AUTHOR>
             </AUTHORS>
             <TITLE>MySQL and PHP Database Applications</TITLE>
             <INSTANCES>
              <INSTANCE>
               <FORMAT>pdf</FORMAT>
               <SIZE>0</SIZE>
               <CHECKSUM>0</CHECKSUM>
              </INSTANCE>
             </INSTANCES>
            </INFO>
           </ITEM>
          </FILE>
          <FILE link="Lib/InfoSyS/Langs/www/PhP/NR-TR-WADwPHP4.zip">
           <LOCATION>
            <URL>Lib/InfoSyS/Langs/www/PhP/NR-TR-WADwPHP4.zip</URL>
            <SIZE>5.7</SIZE>
            <CHECKSUM>0</CHECKSUM>
            <TYPE>zip</TYPE>
           </LOCATION>
           <ITEM>
            <INFO>
             <CATEGORIES>
              <CATEGORY>Lib/InfoSyS/Langs/www/PhP</CATEGORY>
             </CATEGORIES>
             <DESCRIPTION>New Riders - Tobias Ratschiler - Web Application Development with PHP4</DESCRIPTION>
             <PUBLISHERS>
              <PUBLISHER>New Riders</PUBLISHER>
             </PUBLISHERS>
             <AUTHORS>
              <AUTHOR>
               <FULLNAME>Tobias Ratschiler</FULLNAME>
               <LASTNAME>Ratschiler</LASTNAME>
               <FIRSTNAME>Tobias</FIRSTNAME>
              </AUTHOR>
             </AUTHORS>
             <TITLE>Web Application Development with PHP4</TITLE>
             <INSTANCES>
              <INSTANCE>
               <FORMAT>pdf</FORMAT>
               <SIZE>0</SIZE>
               <CHECKSUM>0</CHECKSUM>
              </INSTANCE>
             </INSTANCES>
            </INFO>
           </ITEM>
          </FILE>
          <FILE link="Lib/InfoSyS/Langs/www/PhP/SAMS-LW-PHPMySQLWD.zip">
           <LOCATION>
            <URL>Lib/InfoSyS/Langs/www/PhP/SAMS-LW-PHPMySQLWD.zip</URL>
            <SIZE>7.1</SIZE>
            <CHECKSUM>0</CHECKSUM>
            <TYPE>zip</TYPE>
           </LOCATION>
           <ITEM>
            <INFO>
             <CATEGORIES>
              <CATEGORY>Lib/InfoSyS/Langs/www/PhP</CATEGORY>
             </CATEGORIES>
             <DESCRIPTION>SAMS - Luke Welling - PHP and MySQL Web Development</DESCRIPTION>
             <PUBLISHERS>
              <PUBLISHER>SAMS</PUBLISHER>
             </PUBLISHERS>
             <AUTHORS>
              <AUTHOR>
               <FULLNAME>Luke Welling</FULLNAME>
               <LASTNAME>Welling</LASTNAME>
               <FIRSTNAME>Luke</FIRSTNAME>
              </AUTHOR>
             </AUTHORS>
             <TITLE>PHP and MySQL Web Development</TITLE>
             <INSTANCES>
              <INSTANCE>
               <FORMAT>pdf</FORMAT>
               <SIZE>0</SIZE>
               <CHECKSUM>0</CHECKSUM>
              </INSTANCE>
             </INSTANCES>
            </INFO>
           </ITEM>
          </FILE>
          <FILE link="Lib/InfoSyS/Langs/www/PhP/TB-SaIAPHPOW.zip">
           <LOCATION>
            <URL>Lib/InfoSyS/Langs/www/PhP/TB-SaIAPHPOW.zip</URL>
            <SIZE>0.1</SIZE>
            <CHECKSUM>0</CHECKSUM>
            <TYPE>zip</TYPE>
           </LOCATION>
           <ITEM>
            <INFO>
             <CATEGORIES>
              <CATEGORY>Lib/InfoSyS/Langs/www/PhP</CATEGORY>
             </CATEGORIES>
             <DESCRIPTION>ThickBook - Setup and Install Apache + PHP4 on Windows</DESCRIPTION>
             <AUTHORS>
              <AUTHOR>
               <FULLNAME>ThickBook</FULLNAME>
               <LASTNAME>ThickBook</LASTNAME>
               <FIRSTNAME></FIRSTNAME>
              </AUTHOR>
             </AUTHORS>
             <TITLE>Setup and Install Apache + PHP4 on Windows</TITLE>
             <INSTANCES>
              <INSTANCE>
               <FORMAT>pdf</FORMAT>
               <SIZE>0</SIZE>
               <CHECKSUM>0</CHECKSUM>
              </INSTANCE>
             </INSTANCES>
            </INFO>
           </ITEM>
          </FILE>
          <FILE link="Lib/InfoSyS/Langs/www/PhP/U--PHP4IO.zip">
           <LOCATION>
            <URL>Lib/InfoSyS/Langs/www/PhP/U--PHP4IO.zip</URL>
            <SIZE>0.1</SIZE>
            <CHECKSUM>0</CHECKSUM>
            <TYPE>zip</TYPE>
           </LOCATION>
           <ITEM>
            <INFO>
             <CATEGORIES>
              <CATEGORY>Lib/InfoSyS/Langs/www/PhP</CATEGORY>
             </CATEGORIES>
             <DESCRIPTION>PHP4 Installation Overview</DESCRIPTION>
             <TITLE>PHP4 Installation Overview</TITLE>
             <INSTANCES>
              <INSTANCE>
               <FORMAT>pdf</FORMAT>
               <SIZE>0</SIZE>
               <CHECKSUM>0</CHECKSUM>
              </INSTANCE>
             </INSTANCES>
            </INFO>
           </ITEM>
          </FILE>
          <FILE link="Lib/InfoSyS/Langs/www/PhP/U-AK-WPHPMYSQL.zip">
           <LOCATION>
            <URL>Lib/InfoSyS/Langs/www/PhP/U-AK-WPHPMYSQL.zip</URL>
            <SIZE>0.6</SIZE>
            <CHECKSUM>0</CHECKSUM>
            <TYPE>zip</TYPE>
           </LOCATION>
           <ITEM>
            <INFO>
             <CATEGORIES>
              <CATEGORY>Lib/InfoSyS/Langs/www/PhP</CATEGORY>
             </CATEGORIES>
             <DESCRIPTION>Александр Качанов - Букварь по PHP и MySQL</DESCRIPTION>
             <AUTHORS>
              <AUTHOR>
               <FULLNAME>Александр Качанов</FULLNAME>
               <LASTNAME>Качанов</LASTNAME>
               <FIRSTNAME>Александр</FIRSTNAME>
              </AUTHOR>
             </AUTHORS>
             <TITLE>Букварь по PHP и MySQL</TITLE>
             <INSTANCES>
              <INSTANCE>
               <FORMAT>pdf</FORMAT>
               <SIZE>0</SIZE>
               <CHECKSUM>0</CHECKSUM>
              </INSTANCE>
             </INSTANCES>
            </INFO>
           </ITEM>
          </FILE>
         </FILELIST>
        </DIR>
       </FILELIST>
      </DIR>
      <DIR link="Lib/InfoSyS/Langs/xml">
       <LOCATION>
        <URL>Lib/InfoSyS/Langs/xml</URL>
        <SIZE>35</SIZE>
       </LOCATION>
       <FILELIST category="Lib/InfoSyS/Langs/xml">
        <INFO>
         <DESCRIPTION>XML / XSL / XSD / SOAP</DESCRIPTION>
         <TITLE>XML / XSL / XSD / SOAP</TITLE>
         <DEFAULTFORMAT>pdf</DEFAULTFORMAT>
        </INFO>
        <FILE link="Lib/InfoSyS/Langs/xml/MSPress-AW-XMLP.chm">
         <LOCATION>
          <URL>Lib/InfoSyS/Langs/xml/MSPress-AW-XMLP.chm</URL>
          <SIZE>6.3</SIZE>
          <CHECKSUM>0</CHECKSUM>
          <TYPE>plain</TYPE>
         </LOCATION>
         <ITEM>
          <INFO>
           <CATEGORIES>
            <CATEGORY>Lib/InfoSyS/Langs/xml</CATEGORY>
           </CATEGORIES>
           <DESCRIPTION>MSPress - Allen Wyke - XML Programming (chm)</DESCRIPTION>
           <PUBLISHERS>
            <PUBLISHER>MSPress</PUBLISHER>
           </PUBLISHERS>
           <AUTHORS>
            <AUTHOR>
             <FULLNAME>Allen Wyke</FULLNAME>
             <LASTNAME>Wyke</LASTNAME>
             <FIRSTNAME>Allen</FIRSTNAME>
            </AUTHOR>
           </AUTHORS>
           <TITLE>XML Programming</TITLE>
           <INSTANCES>
            <INSTANCE>
             <FORMAT>chm</FORMAT>
             <SIZE>0</SIZE>
             <CHECKSUM>0</CHECKSUM>
            </INSTANCE>
           </INSTANCES>
          </INFO>
         </ITEM>
        </FILE>
        <FILE link="Lib/InfoSyS/Langs/xml/MSPress-BT-XMLSOAPPfBS.chm">
         <LOCATION>
          <URL>Lib/InfoSyS/Langs/xml/MSPress-BT-XMLSOAPPfBS.chm</URL>
          <SIZE>5.4</SIZE>
          <CHECKSUM>0</CHECKSUM>
          <TYPE>plain</TYPE>
         </LOCATION>
         <ITEM>
          <INFO>
           <CATEGORIES>
            <CATEGORY>Lib/InfoSyS/Langs/xml</CATEGORY>
           </CATEGORIES>
           <DESCRIPTION>MSPress - Brian Travis - XML and SOAP Programming for BizTalk Servers (chm)</DESCRIPTION>
           <PUBLISHERS>
            <PUBLISHER>MSPress</PUBLISHER>
           </PUBLISHERS>
           <AUTHORS>
            <AUTHOR>
             <FULLNAME>Brian Travis</FULLNAME>
             <LASTNAME>Travis</LASTNAME>
             <FIRSTNAME>Brian</FIRSTNAME>
            </AUTHOR>
           </AUTHORS>
           <TITLE>XML and SOAP Programming for BizTalk Servers</TITLE>
           <INSTANCES>
            <INSTANCE>
             <FORMAT>chm</FORMAT>
             <SIZE>0</SIZE>
             <CHECKSUM>0</CHECKSUM>
            </INSTANCE>
           </INSTANCES>
          </INFO>
         </ITEM>
        </FILE>
        <FILE link="Lib/InfoSyS/Langs/xml/MSPress-JS-DXMLS.chm">
         <LOCATION>
          <URL>Lib/InfoSyS/Langs/xml/MSPress-JS-DXMLS.chm</URL>
          <SIZE>4</SIZE>
          <CHECKSUM>0</CHECKSUM>
          <TYPE>plain</TYPE>
         </LOCATION>
         <ITEM>
          <INFO>
           <CATEGORIES>
            <CATEGORY>Lib/InfoSyS/Langs/xml</CATEGORY>
           </CATEGORIES>
           <DESCRIPTION>MSPress - Jake Sturm - Developing XML Solutions (chm)</DESCRIPTION>
           <PUBLISHERS>
            <PUBLISHER>MSPress</PUBLISHER>
           </PUBLISHERS>
           <AUTHORS>
            <AUTHOR>
             <FULLNAME>Jake Sturm</FULLNAME>
             <LASTNAME>Sturm</LASTNAME>
             <FIRSTNAME>Jake</FIRSTNAME>
            </AUTHOR>
           </AUTHORS>
           <TITLE>Developing XML Solutions</TITLE>
           <INSTANCES>
            <INSTANCE>
             <FORMAT>chm</FORMAT>
             <SIZE>0</SIZE>
             <CHECKSUM>0</CHECKSUM>
            </INSTANCE>
           </INSTANCES>
          </INFO>
         </ITEM>
        </FILE>
        <FILE link="Lib/InfoSyS/Langs/xml/MSPress-WP-XMLiAWT.chm">
         <LOCATION>
          <URL>Lib/InfoSyS/Langs/xml/MSPress-WP-XMLiAWT.chm</URL>
          <SIZE>1.9</SIZE>
          <CHECKSUM>0</CHECKSUM>
          <TYPE>plain</TYPE>
         </LOCATION>
         <ITEM>
          <INFO>
           <CATEGORIES>
            <CATEGORY>Lib/InfoSyS/Langs/xml</CATEGORY>
           </CATEGORIES>
           <DESCRIPTION>MSPress - William Pardi - XML in Action Web Technology (chm)</DESCRIPTION>
           <PUBLISHERS>
            <PUBLISHER>MSPress</PUBLISHER>
           </PUBLISHERS>
           <AUTHORS>
            <AUTHOR>
             <FULLNAME>William Pardi</FULLNAME>
             <LASTNAME>Pardi</LASTNAME>
             <FIRSTNAME>William</FIRSTNAME>
            </AUTHOR>
           </AUTHORS>
           <TITLE>XML in Action Web Technology</TITLE>
           <INSTANCES>
            <INSTANCE>
             <FORMAT>chm</FORMAT>
             <SIZE>0</SIZE>
             <CHECKSUM>0</CHECKSUM>
            </INSTANCE>
           </INSTANCES>
          </INFO>
         </ITEM>
        </FILE>
        <FILE link="Lib/InfoSyS/Langs/xml/MT-SL-XMLaP.zip">
         <LOCATION>
          <URL>Lib/InfoSyS/Langs/xml/MT-SL-XMLaP.zip</URL>
          <SIZE>2.9</SIZE>
          <CHECKSUM>0</CHECKSUM>
          <TYPE>zip</TYPE>
         </LOCATION>
         <ITEM>
          <INFO>
           <CATEGORIES>
            <CATEGORY>Lib/InfoSyS/Langs/xml</CATEGORY>
           </CATEGORIES>
           <DESCRIPTION>MandT Books - Simon Laurent - XML: A Primer (html)</DESCRIPTION>
           <PUBLISHERS>
            <PUBLISHER>MandT Books</PUBLISHER>
           </PUBLISHERS>
           <AUTHORS>
            <AUTHOR>
             <FULLNAME>Simon Laurent</FULLNAME>
             <LASTNAME>Laurent</LASTNAME>
             <FIRSTNAME>Simon</FIRSTNAME>
            </AUTHOR>
           </AUTHORS>
           <TITLE>XML: A Primer</TITLE>
           <INSTANCES>
            <INSTANCE>
             <FORMAT>html</FORMAT>
             <SIZE>0</SIZE>
             <CHECKSUM>0</CHECKSUM>
            </INSTANCE>
           </INSTANCES>
          </INFO>
         </ITEM>
        </FILE>
        <FILE link="Lib/InfoSyS/Langs/xml/OReilly-DT-PWSwS.zip">
         <LOCATION>
          <URL>Lib/InfoSyS/Langs/xml/OReilly-DT-PWSwS.zip</URL>
          <SIZE>1</SIZE>
          <CHECKSUM>0</CHECKSUM>
          <TYPE>zip</TYPE>
         </LOCATION>
         <ITEM>
          <INFO>
           <CATEGORIES>
            <CATEGORY>Lib/InfoSyS/Langs/xml</CATEGORY>
           </CATEGORIES>
           <DESCRIPTION>O'Reilly - Doug Tidwell - Programming Web Services with SOAP</DESCRIPTION>
           <PUBLISHERS>
            <PUBLISHER>O'Reilly</PUBLISHER>
           </PUBLISHERS>
           <AUTHORS>
            <AUTHOR>
             <FULLNAME>Doug Tidwell</FULLNAME>
             <LASTNAME>Tidwell</LASTNAME>
             <FIRSTNAME>Doug</FIRSTNAME>
            </AUTHOR>
           </AUTHORS>
           <TITLE>Programming Web Services with SOAP</TITLE>
           <INSTANCES>
            <INSTANCE>
             <FORMAT>pdf</FORMAT>
             <SIZE>0</SIZE>
             <CHECKSUM>0</CHECKSUM>
            </INSTANCE>
           </INSTANCES>
          </INFO>
         </ITEM>
        </FILE>
        <FILE link="Lib/InfoSyS/Langs/xml/Que-BM-XMLbE.zip">
         <LOCATION>
          <URL>Lib/InfoSyS/Langs/xml/Que-BM-XMLbE.zip</URL>
          <SIZE>5.2</SIZE>
          <CHECKSUM>0</CHECKSUM>
          <TYPE>zip</TYPE>
         </LOCATION>
         <ITEM>
          <INFO>
           <CATEGORIES>
            <CATEGORY>Lib/InfoSyS/Langs/xml</CATEGORY>
           </CATEGORIES>
           <DESCRIPTION>Que - Benoit Marchal - XML By Example</DESCRIPTION>
           <PUBLISHERS>
            <PUBLISHER>Que</PUBLISHER>
           </PUBLISHERS>
           <AUTHORS>
            <AUTHOR>
             <FULLNAME>Benoit Marchal</FULLNAME>
             <LASTNAME>Marchal</LASTNAME>
             <FIRSTNAME>Benoit</FIRSTNAME>
            </AUTHOR>
           </AUTHORS>
           <TITLE>XML By Example</TITLE>
           <INSTANCES>
            <INSTANCE>
             <FORMAT>pdf</FORMAT>
             <SIZE>0</SIZE>
             <CHECKSUM>0</CHECKSUM>
            </INSTANCE>
           </INSTANCES>
          </INFO>
         </ITEM>
        </FILE>
        <FILE link="Lib/InfoSyS/Langs/xml/SAMS-RL-PXML.zip">
         <LOCATION>
          <URL>Lib/InfoSyS/Langs/xml/SAMS-RL-PXML.zip</URL>
          <SIZE>0.5</SIZE>
          <CHECKSUM>0</CHECKSUM>
          <TYPE>zip</TYPE>
         </LOCATION>
         <ITEM>
          <INFO>
           <CATEGORIES>
            <CATEGORY>Lib/InfoSyS/Langs/xml</CATEGORY>
           </CATEGORIES>
           <DESCRIPTION>SAMS - Richard Light - Presenting XML (html)</DESCRIPTION>
           <PUBLISHERS>
            <PUBLISHER>SAMS</PUBLISHER>
           </PUBLISHERS>
           <AUTHORS>
            <AUTHOR>
             <FULLNAME>Richard Light</FULLNAME>
             <LASTNAME>Light</LASTNAME>
             <FIRSTNAME>Richard</FIRSTNAME>
            </AUTHOR>
           </AUTHORS>
           <TITLE>Presenting XML</TITLE>
           <INSTANCES>
            <INSTANCE>
             <FORMAT>html</FORMAT>
             <SIZE>0</SIZE>
             <CHECKSUM>0</CHECKSUM>
            </INSTANCE>
           </INSTANCES>
          </INFO>
         </ITEM>
        </FILE>
        <FILE link="Lib/InfoSyS/Langs/xml/SAMS-SN-TYXML21D.zip">
         <LOCATION>
          <URL>Lib/InfoSyS/Langs/xml/SAMS-SN-TYXML21D.zip</URL>
          <SIZE>2.4</SIZE>
          <CHECKSUM>0</CHECKSUM>
          <TYPE>zip</TYPE>
         </LOCATION>
         <ITEM>
          <INFO>
           <CATEGORIES>
            <CATEGORY>Lib/InfoSyS/Langs/xml</CATEGORY>
           </CATEGORIES>
           <DESCRIPTION>SAMS - Simon North - Teach Yourself XML in 21 Days</DESCRIPTION>
           <PUBLISHERS>
            <PUBLISHER>SAMS</PUBLISHER>
           </PUBLISHERS>
           <AUTHORS>
            <AUTHOR>
             <FULLNAME>Simon North</FULLNAME>
             <LASTNAME>North</LASTNAME>
             <FIRSTNAME>Simon</FIRSTNAME>
            </AUTHOR>
           </AUTHORS>
           <TITLE>Teach Yourself XML in 21 Days</TITLE>
           <INSTANCES>
            <INSTANCE>
             <FORMAT>pdf</FORMAT>
             <SIZE>0</SIZE>
             <CHECKSUM>0</CHECKSUM>
            </INSTANCE>
           </INSTANCES>
          </INFO>
         </ITEM>
        </FILE>
        <FILE link="Lib/InfoSyS/Langs/xml/SP-KSTXML.zip">
         <LOCATION>
          <URL>Lib/InfoSyS/Langs/xml/SP-KSTXML.zip</URL>
          <SIZE>0.1</SIZE>
          <CHECKSUM>0</CHECKSUM>
          <TYPE>zip</TYPE>
         </LOCATION>
         <ITEM>
          <INFO>
           <CATEGORIES>
            <CATEGORY>Lib/InfoSyS/Langs/xml</CATEGORY>
           </CATEGORIES>
           <DESCRIPTION>SpiderPro - KickStart Tutorial XML, v 1.0</DESCRIPTION>
           <AUTHORS>
            <AUTHOR>
             <FULLNAME>SpiderPro</FULLNAME>
             <LASTNAME>SpiderPro</LASTNAME>
             <FIRSTNAME></FIRSTNAME>
            </AUTHOR>
           </AUTHORS>
           <TITLE>KickStart Tutorial XML, v 1.0</TITLE>
           <INSTANCES>
            <INSTANCE>
             <FORMAT>pdf</FORMAT>
             <SIZE>0</SIZE>
             <CHECKSUM>0</CHECKSUM>
            </INSTANCE>
           </INSTANCES>
          </INFO>
         </ITEM>
        </FILE>
        <FILE link="Lib/InfoSyS/Langs/xml/U-AM-tXMLR.zip">
         <LOCATION>
          <URL>Lib/InfoSyS/Langs/xml/U-AM-tXMLR.zip</URL>
          <SIZE>0.3</SIZE>
          <CHECKSUM>0</CHECKSUM>
          <TYPE>zip</TYPE>
         </LOCATION>
         <ITEM>
          <INFO>
           <CATEGORIES>
            <CATEGORY>Lib/InfoSyS/Langs/xml</CATEGORY>
           </CATEGORIES>
           <DESCRIPTION>Anders Moller - The XML Revolution (html)</DESCRIPTION>
           <AUTHORS>
            <AUTHOR>
             <FULLNAME>Anders Moller</FULLNAME>
             <LASTNAME>Moller</LASTNAME>
             <FIRSTNAME>Anders</FIRSTNAME>
            </AUTHOR>
           </AUTHORS>
           <TITLE>The XML Revolution</TITLE>
           <INSTANCES>
            <INSTANCE>
             <FORMAT>html</FORMAT>
             <SIZE>0</SIZE>
             <CHECKSUM>0</CHECKSUM>
            </INSTANCE>
           </INSTANCES>
          </INFO>
         </ITEM>
        </FILE>
        <FILE link="Lib/InfoSyS/Langs/xml/W3C-MathML.zip">
         <LOCATION>
          <URL>Lib/InfoSyS/Langs/xml/W3C-MathML.zip</URL>
          <SIZE>1.1</SIZE>
          <CHECKSUM>0</CHECKSUM>
          <TYPE>zip</TYPE>
         </LOCATION>
         <ITEM>
          <INFO>
           <CATEGORIES>
            <CATEGORY>Lib/InfoSyS/Langs/xml</CATEGORY>
           </CATEGORIES>
           <DESCRIPTION>W3C - Math ML 2.0 Specification</DESCRIPTION>
           <AUTHORS>
            <AUTHOR>
             <FULLNAME>W3C</FULLNAME>
             <LASTNAME>W3C</LASTNAME>
             <FIRSTNAME></FIRSTNAME>
            </AUTHOR>
           </AUTHORS>
           <TITLE>Math ML 2.0 Specification</TITLE>
           <INSTANCES>
            <INSTANCE>
             <FORMAT>pdf</FORMAT>
             <SIZE>0</SIZE>
             <CHECKSUM>0</CHECKSUM>
            </INSTANCE>
           </INSTANCES>
          </INFO>
         </ITEM>
        </FILE>
        <FILE link="Lib/InfoSyS/Langs/xml/W3C-XML2.zip">
         <LOCATION>
          <URL>Lib/InfoSyS/Langs/xml/W3C-XML2.zip</URL>
          <SIZE>0.1</SIZE>
          <CHECKSUM>0</CHECKSUM>
          <TYPE>zip</TYPE>
         </LOCATION>
         <ITEM>
          <INFO>
           <CATEGORIES>
            <CATEGORY>Lib/InfoSyS/Langs/xml</CATEGORY>
           </CATEGORIES>
           <DESCRIPTION>W3C - Extensible Markup Language 1.0 Specification, 2nd Edition</DESCRIPTION>
           <AUTHORS>
            <AUTHOR>
             <FULLNAME>W3C</FULLNAME>
             <LASTNAME>W3C</LASTNAME>
             <FIRSTNAME></FIRSTNAME>
            </AUTHOR>
           </AUTHORS>
           <TITLE>Extensible Markup Language 1.0 Specification</TITLE>
           <EDITION>2</EDITION>
           <INSTANCES>
            <INSTANCE>
             <FORMAT>pdf</FORMAT>
             <SIZE>0</SIZE>
             <CHECKSUM>0</CHECKSUM>
            </INSTANCE>
           </INSTANCES>
          </INFO>
         </ITEM>
        </FILE>
        <FILE link="Lib/InfoSyS/Langs/xml/W3C-XSL.zip">
         <LOCATION>
          <URL>Lib/InfoSyS/Langs/xml/W3C-XSL.zip</URL>
          <SIZE>2.3</SIZE>
          <CHECKSUM>0</CHECKSUM>
          <TYPE>zip</TYPE>
         </LOCATION>
         <ITEM>
          <INFO>
           <CATEGORIES>
            <CATEGORY>Lib/InfoSyS/Langs/xml</CATEGORY>
           </CATEGORIES>
           <DESCRIPTION>W3C - Extensible Stylesheet Language 1.0 Specification</DESCRIPTION>
           <AUTHORS>
            <AUTHOR>
             <FULLNAME>W3C</FULLNAME>
             <LASTNAME>W3C</LASTNAME>
             <FIRSTNAME></FIRSTNAME>
            </AUTHOR>
           </AUTHORS>
           <TITLE>Extensible Stylesheet Language 1.0 Specification</TITLE>
           <INSTANCES>
            <INSTANCE>
             <FORMAT>pdf</FORMAT>
             <SIZE>0</SIZE>
             <CHECKSUM>0</CHECKSUM>
            </INSTANCE>
           </INSTANCES>
          </INFO>
         </ITEM>
        </FILE>
        <FILE link="Lib/InfoSyS/Langs/xml/WW-NS-PGtSX.zip">
         <LOCATION>
          <URL>Lib/InfoSyS/Langs/xml/WW-NS-PGtSX.zip</URL>
          <SIZE>1.6</SIZE>
          <CHECKSUM>0</CHECKSUM>
          <TYPE>zip</TYPE>
         </LOCATION>
         <ITEM>
          <INFO>
           <CATEGORIES>
            <CATEGORY>Lib/InfoSyS/Langs/xml</CATEGORY>
           </CATEGORIES>
           <DESCRIPTION>WordWare - Norman Smith - Practical Guide to SGML/XML Filters (html)</DESCRIPTION>
           <PUBLISHERS>
            <PUBLISHER>WordWare</PUBLISHER>
           </PUBLISHERS>
           <AUTHORS>
            <AUTHOR>
             <FULLNAME>Norman Smith</FULLNAME>
             <LASTNAME>Smith</LASTNAME>
             <FIRSTNAME>Norman</FIRSTNAME>
            </AUTHOR>
           </AUTHORS>
           <TITLE>Practical Guide to SGML/XML Filters</TITLE>
           <INSTANCES>
            <INSTANCE>
             <FORMAT>html</FORMAT>
             <SIZE>0</SIZE>
             <CHECKSUM>0</CHECKSUM>
            </INSTANCE>
           </INSTANCES>
          </INFO>
         </ITEM>
        </FILE>
       </FILELIST>
      </DIR>
     </FILELIST>
    </DIR>
    <DIR link="Lib/InfoSyS/Methods">
     <LOCATION>
      <URL>Lib/InfoSyS/Methods</URL>
      <SIZE>62.7</SIZE>
     </LOCATION>
     <FILELIST category="Lib/InfoSyS/Methods">
      <INFO>
       <DESCRIPTION>Programming Methods, Algorithms, etc</DESCRIPTION>
       <TITLE>Programming Methods, Algorithms, etc</TITLE>
       <DEFAULTFORMAT>pdf</DEFAULTFORMAT>
      </INFO>
      <FILE link="Lib/InfoSyS/Methods/U-RB-3D.zip">
       <LOCATION>
        <URL>Lib/InfoSyS/Methods/U-RB-3D.zip</URL>
        <SIZE>0</SIZE>
        <CHECKSUM>0</CHECKSUM>
        <TYPE>zip</TYPE>
       </LOCATION>
       <ITEM>
        <INFO>
         <CATEGORIES>
          <CATEGORY>Lib/InfoSyS/Methods</CATEGORY>
         </CATEGORIES>
         <DESCRIPTION>Рон Бринкманн - Трехмерная графика: от альфа до Z-буферизации</DESCRIPTION>
         <AUTHORS>
          <AUTHOR>
           <FULLNAME>Рон Бринкманн</FULLNAME>
           <LASTNAME>Бринкманн</LASTNAME>
           <FIRSTNAME>Рон</FIRSTNAME>
          </AUTHOR>
         </AUTHORS>
         <TITLE>Трехмерная графика: от альфа до Z-буферизации</TITLE>
         <INSTANCES>
          <INSTANCE>
           <FORMAT>pdf</FORMAT>
           <SIZE>0</SIZE>
           <CHECKSUM>0</CHECKSUM>
          </INSTANCE>
         </INSTANCES>
        </INFO>
       </ITEM>
      </FILE>
      <DIR link="Lib/InfoSyS/Methods/Alogrithms">
       <LOCATION>
        <URL>Lib/InfoSyS/Methods/Alogrithms</URL>
        <SIZE>0.1</SIZE>
       </LOCATION>
       <FILELIST category="Lib/InfoSyS/Methods/Alogrithms">
        <INFO>
         <DESCRIPTION>Algorithms</DESCRIPTION>
         <TITLE>Algorithms</TITLE>
         <DEFAULTFORMAT>pdf</DEFAULTFORMAT>
        </INFO>
        <FILE link="Lib/InfoSyS/Methods/Alogrithms/U-TN-SaF.zip">
         <LOCATION>
          <URL>Lib/InfoSyS/Methods/Alogrithms/U-TN-SaF.zip</URL>
          <SIZE>0.1</SIZE>
          <CHECKSUM>0</CHECKSUM>
          <TYPE>zip</TYPE>
         </LOCATION>
         <ITEM>
          <INFO>
           <CATEGORIES>
            <CATEGORY>Lib/InfoSyS/Methods/Alogrithms</CATEGORY>
           </CATEGORIES>
           <DESCRIPTION>Томас Ниман - Сортировка и поиск: Рецептурный справочник</DESCRIPTION>
           <AUTHORS>
            <AUTHOR>
             <FULLNAME>Томас Ниман</FULLNAME>
             <LASTNAME>Ниман</LASTNAME>
             <FIRSTNAME>Томас</FIRSTNAME>
            </AUTHOR>
           </AUTHORS>
           <TITLE>Сортировка и поиск: Рецептурный справочник</TITLE>
           <INSTANCES>
            <INSTANCE>
             <FORMAT>pdf</FORMAT>
             <SIZE>0</SIZE>
             <CHECKSUM>0</CHECKSUM>
            </INSTANCE>
           </INSTANCES>
          </INFO>
         </ITEM>
        </FILE>
       </FILELIST>
      </DIR>
      <DIR link="Lib/InfoSyS/Methods/Compilers">
       <LOCATION>
        <URL>Lib/InfoSyS/Methods/Compilers</URL>
        <SIZE>6.1</SIZE>
       </LOCATION>
       <FILELIST category="Lib/InfoSyS/Methods/Compilers">
        <INFO>
         <DESCRIPTION>Building Compilers</DESCRIPTION>
         <TITLE>Building Compilers</TITLE>
         <DEFAULTFORMAT>pdf</DEFAULTFORMAT>
        </INFO>
        <FILE link="Lib/InfoSyS/Methods/Compilers/MTP-PS-HPL1.zip">
         <LOCATION>
          <URL>Lib/InfoSyS/Methods/Compilers/MTP-PS-HPL1.zip</URL>
          <SIZE>3.4</SIZE>
          <CHECKSUM>0</CHECKSUM>
          <TYPE>zip</TYPE>
         </LOCATION>
         <ITEM>
          <INFO>
           <CATEGORIES>
            <CATEGORY>Lib/InfoSyS/Methods/Compilers</CATEGORY>
           </CATEGORIES>
           <DESCRIPTION>MTP - Peter Salus - HPL VOL. I Object-Oriented Programming Languages (html)</DESCRIPTION>
           <PUBLISHERS>
            <PUBLISHER>MTP</PUBLISHER>
           </PUBLISHERS>
           <AUTHORS>
            <AUTHOR>
             <FULLNAME>Peter Salus</FULLNAME>
             <LASTNAME>Salus</LASTNAME>
             <FIRSTNAME>Peter</FIRSTNAME>
            </AUTHOR>
           </AUTHORS>
           <TITLE>HPL VOL. I Object-Oriented Programming Languages</TITLE>
           <INSTANCES>
            <INSTANCE>
             <FORMAT>html</FORMAT>
             <SIZE>0</SIZE>
             <CHECKSUM>0</CHECKSUM>
            </INSTANCE>
           </INSTANCES>
          </INFO>
         </ITEM>
        </FILE>
        <FILE link="Lib/InfoSyS/Methods/Compilers/MTP-PS-HPL2.zip">
         <LOCATION>
          <URL>Lib/InfoSyS/Methods/Compilers/MTP-PS-HPL2.zip</URL>
          <SIZE>1.8</SIZE>
          <CHECKSUM>0</CHECKSUM>
          <TYPE>zip</TYPE>
         </LOCATION>
         <ITEM>
          <INFO>
           <CATEGORIES>
            <CATEGORY>Lib/InfoSyS/Methods/Compilers</CATEGORY>
           </CATEGORIES>
           <DESCRIPTION>MTP - Peter Salus - HPL VOL. II Imperative Programming Languages, Volume II (html)</DESCRIPTION>
           <PUBLISHERS>
            <PUBLISHER>MTP</PUBLISHER>
           </PUBLISHERS>
           <AUTHORS>
            <AUTHOR>
             <FULLNAME>Peter Salus</FULLNAME>
             <LASTNAME>Salus</LASTNAME>
             <FIRSTNAME>Peter</FIRSTNAME>
            </AUTHOR>
           </AUTHORS>
           <TITLE>HPL VOL. II Imperative Programming Languages, Volume II</TITLE>
           <INSTANCES>
            <INSTANCE>
             <FORMAT>html</FORMAT>
             <SIZE>0</SIZE>
             <CHECKSUM>0</CHECKSUM>
            </INSTANCE>
           </INSTANCES>
          </INFO>
         </ITEM>
        </FILE>
        <FILE link="Lib/InfoSyS/Methods/Compilers/MTP-PS-HPL4.zip">
         <LOCATION>
          <URL>Lib/InfoSyS/Methods/Compilers/MTP-PS-HPL4.zip</URL>
          <SIZE>0.7</SIZE>
          <CHECKSUM>0</CHECKSUM>
          <TYPE>zip</TYPE>
         </LOCATION>
         <ITEM>
          <INFO>
           <CATEGORIES>
            <CATEGORY>Lib/InfoSyS/Methods/Compilers</CATEGORY>
           </CATEGORIES>
           <DESCRIPTION>MTP - Peter Salus - HPL VOL. IV Functional and Logic Programming Languages (html)</DESCRIPTION>
           <PUBLISHERS>
            <PUBLISHER>MTP</PUBLISHER>
           </PUBLISHERS>
           <AUTHORS>
            <AUTHOR>
             <FULLNAME>Peter Salus</FULLNAME>
             <LASTNAME>Salus</LASTNAME>
             <FIRSTNAME>Peter</FIRSTNAME>
            </AUTHOR>
           </AUTHORS>
           <TITLE>HPL VOL. IV Functional and Logic Programming Languages</TITLE>
           <INSTANCES>
            <INSTANCE>
             <FORMAT>html</FORMAT>
             <SIZE>0</SIZE>
             <CHECKSUM>0</CHECKSUM>
            </INSTANCE>
           </INSTANCES>
          </INFO>
         </ITEM>
        </FILE>
        <FILE link="Lib/InfoSyS/Methods/Compilers/U-DD-ItC.zip">
         <LOCATION>
          <URL>Lib/InfoSyS/Methods/Compilers/U-DD-ItC.zip</URL>
          <SIZE>0.3</SIZE>
          <CHECKSUM>0</CHECKSUM>
          <TYPE>zip</TYPE>
         </LOCATION>
         <ITEM>
          <INFO>
           <CATEGORIES>
            <CATEGORY>Lib/InfoSyS/Methods/Compilers</CATEGORY>
           </CATEGORIES>
           <DESCRIPTION>David Dill - Intruduction to Compilers</DESCRIPTION>
           <AUTHORS>
            <AUTHOR>
             <FULLNAME>David Dill</FULLNAME>
             <LASTNAME>Dill</LASTNAME>
             <FIRSTNAME>David</FIRSTNAME>
            </AUTHOR>
           </AUTHORS>
           <TITLE>Intruduction to Compilers</TITLE>
           <INSTANCES>
            <INSTANCE>
             <FORMAT>pdf</FORMAT>
             <SIZE>0</SIZE>
             <CHECKSUM>0</CHECKSUM>
            </INSTANCE>
           </INSTANCES>
          </INFO>
         </ITEM>
        </FILE>
       </FILELIST>
      </DIR>
      <DIR link="Lib/InfoSyS/Methods/Compression">
       <LOCATION>
        <URL>Lib/InfoSyS/Methods/Compression</URL>
        <SIZE>41.3</SIZE>
       </LOCATION>
       <FILELIST category="Lib/InfoSyS/Methods/Compression">
        <INFO>
         <DESCRIPTION>Compression / Encryption</DESCRIPTION>
         <TITLE>Compression / Encryption</TITLE>
         <DEFAULTFORMAT>pdf</DEFAULTFORMAT>
        </INFO>
        <FILE link="Lib/InfoSyS/Methods/Compression/CRC-AM-HoAC.zip">
         <LOCATION>
          <URL>Lib/InfoSyS/Methods/Compression/CRC-AM-HoAC.zip</URL>
          <SIZE>4.4</SIZE>
          <CHECKSUM>0</CHECKSUM>
          <TYPE>zip</TYPE>
         </LOCATION>
         <ITEM>
          <INFO>
           <CATEGORIES>
            <CATEGORY>Lib/InfoSyS/Methods/Compression</CATEGORY>
           </CATEGORIES>
           <DESCRIPTION>CRC - Alfred Menezes - Handbook of Applied Cryptography (html)</DESCRIPTION>
           <PUBLISHERS>
            <PUBLISHER>CRC</PUBLISHER>
           </PUBLISHERS>
           <AUTHORS>
            <AUTHOR>
             <FULLNAME>Alfred Menezes</FULLNAME>
             <LASTNAME>Menezes</LASTNAME>
             <FIRSTNAME>Alfred</FIRSTNAME>
            </AUTHOR>
           </AUTHORS>
           <TITLE>Handbook of Applied Cryptography</TITLE>
           <INSTANCES>
            <INSTANCE>
             <FORMAT>html</FORMAT>
             <SIZE>0</SIZE>
             <CHECKSUM>0</CHECKSUM>
            </INSTANCE>
           </INSTANCES>
          </INFO>
         </ITEM>
        </FILE>
        <FILE link="Lib/InfoSyS/Methods/Compression/CRC-DS-CTaP.zip">
         <LOCATION>
          <URL>Lib/InfoSyS/Methods/Compression/CRC-DS-CTaP.zip</URL>
          <SIZE>17.2</SIZE>
          <CHECKSUM>0</CHECKSUM>
          <TYPE>zip</TYPE>
         </LOCATION>
         <ITEM>
          <INFO>
           <CATEGORIES>
            <CATEGORY>Lib/InfoSyS/Methods/Compression</CATEGORY>
           </CATEGORIES>
           <DESCRIPTION>CRC - Douglas Stinson - Cryptography: Theory and Practice (html)</DESCRIPTION>
           <PUBLISHERS>
            <PUBLISHER>CRC</PUBLISHER>
           </PUBLISHERS>
           <AUTHORS>
            <AUTHOR>
             <FULLNAME>Douglas Stinson</FULLNAME>
             <LASTNAME>Stinson</LASTNAME>
             <FIRSTNAME>Douglas</FIRSTNAME>
            </AUTHOR>
           </AUTHORS>
           <TITLE>Cryptography: Theory and Practice</TITLE>
           <INSTANCES>
            <INSTANCE>
             <FORMAT>html</FORMAT>
             <SIZE>0</SIZE>
             <CHECKSUM>0</CHECKSUM>
            </INSTANCE>
           </INSTANCES>
          </INFO>
         </ITEM>
        </FILE>
        <FILE link="Lib/InfoSyS/Methods/Compression/MT-MN-tDCB.zip">
         <LOCATION>
          <URL>Lib/InfoSyS/Methods/Compression/MT-MN-tDCB.zip</URL>
          <SIZE>2.3</SIZE>
          <CHECKSUM>0</CHECKSUM>
          <TYPE>zip</TYPE>
         </LOCATION>
         <ITEM>
          <INFO>
           <CATEGORIES>
            <CATEGORY>Lib/InfoSyS/Methods/Compression</CATEGORY>
           </CATEGORIES>
           <DESCRIPTION>MandT Books - Mark Nelson - The Data Compression Book</DESCRIPTION>
           <PUBLISHERS>
            <PUBLISHER>MandT Books</PUBLISHER>
           </PUBLISHERS>
           <AUTHORS>
            <AUTHOR>
             <FULLNAME>Mark Nelson</FULLNAME>
             <LASTNAME>Nelson</LASTNAME>
             <FIRSTNAME>Mark</FIRSTNAME>
            </AUTHOR>
           </AUTHORS>
           <TITLE>The Data Compression Book</TITLE>
           <INSTANCES>
            <INSTANCE>
             <FORMAT>pdf</FORMAT>
             <SIZE>0</SIZE>
             <CHECKSUM>0</CHECKSUM>
            </INSTANCE>
           </INSTANCES>
          </INFO>
         </ITEM>
        </FILE>
        <FILE link="Lib/InfoSyS/Methods/Compression/NA--aIC.zip">
         <LOCATION>
          <URL>Lib/InfoSyS/Methods/Compression/NA--aIC.zip</URL>
          <SIZE>0.6</SIZE>
          <CHECKSUM>0</CHECKSUM>
          <TYPE>zip</TYPE>
         </LOCATION>
         <ITEM>
          <INFO>
           <CATEGORIES>
            <CATEGORY>Lib/InfoSyS/Methods/Compression</CATEGORY>
           </CATEGORIES>
           <DESCRIPTION>NA - - An Introduction to Cryptography</DESCRIPTION>
           <PUBLISHERS>
            <PUBLISHER>NA</PUBLISHER>
           </PUBLISHERS>
           <TITLE>An Introduction to Cryptography</TITLE>
           <INSTANCES>
            <INSTANCE>
             <FORMAT>pdf</FORMAT>
             <SIZE>0</SIZE>
             <CHECKSUM>0</CHECKSUM>
            </INSTANCE>
           </INSTANCES>
          </INFO>
         </ITEM>
        </FILE>
        <FILE link="Lib/InfoSyS/Methods/Compression/U--HAC.zip">
         <LOCATION>
          <URL>Lib/InfoSyS/Methods/Compression/U--HAC.zip</URL>
          <SIZE>10.5</SIZE>
          <CHECKSUM>0</CHECKSUM>
          <TYPE>zip</TYPE>
         </LOCATION>
         <ITEM>
          <INFO>
           <CATEGORIES>
            <CATEGORY>Lib/InfoSyS/Methods/Compression</CATEGORY>
           </CATEGORIES>
           <DESCRIPTION>Handbook of Applied Cryptography</DESCRIPTION>
           <TITLE>Handbook of Applied Cryptography</TITLE>
           <INSTANCES>
            <INSTANCE>
             <FORMAT>pdf</FORMAT>
             <SIZE>0</SIZE>
             <CHECKSUM>0</CHECKSUM>
            </INSTANCE>
           </INSTANCES>
          </INFO>
         </ITEM>
        </FILE>
        <FILE link="Lib/InfoSyS/Methods/Compression/U-TK-CaC.zip">
         <LOCATION>
          <URL>Lib/InfoSyS/Methods/Compression/U-TK-CaC.zip</URL>
          <SIZE>0.2</SIZE>
          <CHECKSUM>0</CHECKSUM>
          <TYPE>zip</TYPE>
         </LOCATION>
         <ITEM>
          <INFO>
           <CATEGORIES>
            <CATEGORY>Lib/InfoSyS/Methods/Compression</CATEGORY>
           </CATEGORIES>
           <DESCRIPTION>T. Korner - Coding and Cryptography</DESCRIPTION>
           <AUTHORS>
            <AUTHOR>
             <FULLNAME>T. Korner</FULLNAME>
             <LASTNAME>Korner</LASTNAME>
             <FIRSTNAME>T.</FIRSTNAME>
            </AUTHOR>
           </AUTHORS>
           <TITLE>Coding and Cryptography</TITLE>
           <INSTANCES>
            <INSTANCE>
             <FORMAT>pdf</FORMAT>
             <SIZE>0</SIZE>
             <CHECKSUM>0</CHECKSUM>
            </INSTANCE>
           </INSTANCES>
          </INFO>
         </ITEM>
        </FILE>
        <FILE link="Lib/InfoSyS/Methods/Compression/WCP-BS-AC2.zip">
         <LOCATION>
          <URL>Lib/InfoSyS/Methods/Compression/WCP-BS-AC2.zip</URL>
          <SIZE>3.1</SIZE>
          <CHECKSUM>0</CHECKSUM>
          <TYPE>zip</TYPE>
         </LOCATION>
         <ITEM>
          <INFO>
           <CATEGORIES>
            <CATEGORY>Lib/InfoSyS/Methods/Compression</CATEGORY>
           </CATEGORIES>
           <DESCRIPTION>WCP - Bruce Schneier - Applied Cryptography, 2nd Edition (html)</DESCRIPTION>
           <PUBLISHERS>
            <PUBLISHER>WCP</PUBLISHER>
           </PUBLISHERS>
           <AUTHORS>
            <AUTHOR>
             <FULLNAME>Bruce Schneier</FULLNAME>
             <LASTNAME>Schneier</LASTNAME>
             <FIRSTNAME>Bruce</FIRSTNAME>
            </AUTHOR>
           </AUTHORS>
           <TITLE>Applied Cryptography</TITLE>
           <EDITION>2</EDITION>
           <INSTANCES>
            <INSTANCE>
             <FORMAT>html</FORMAT>
             <SIZE>0</SIZE>
             <CHECKSUM>0</CHECKSUM>
            </INSTANCE>
           </INSTANCES>
          </INFO>
         </ITEM>
        </FILE>
        <FILE link="Lib/InfoSyS/Methods/Compression/WCP-BS-AC2R.zip">
         <LOCATION>
          <URL>Lib/InfoSyS/Methods/Compression/WCP-BS-AC2R.zip</URL>
          <SIZE>2.9</SIZE>
          <CHECKSUM>0</CHECKSUM>
          <TYPE>zip</TYPE>
         </LOCATION>
         <ITEM>
          <INFO>
           <CATEGORIES>
            <CATEGORY>Lib/InfoSyS/Methods/Compression</CATEGORY>
           </CATEGORIES>
           <DESCRIPTION>WCP - Брюс Шнайер - Прикладная криптография, 2ое издание</DESCRIPTION>
           <PUBLISHERS>
            <PUBLISHER>WCP</PUBLISHER>
           </PUBLISHERS>
           <AUTHORS>
            <AUTHOR>
             <FULLNAME>Брюс Шнайер</FULLNAME>
             <LASTNAME>Шнайер</LASTNAME>
             <FIRSTNAME>Брюс</FIRSTNAME>
            </AUTHOR>
           </AUTHORS>
           <TITLE>Прикладная криптография, 2ое издание</TITLE>
           <INSTANCES>
            <INSTANCE>
             <FORMAT>pdf</FORMAT>
             <SIZE>0</SIZE>
             <CHECKSUM>0</CHECKSUM>
            </INSTANCE>
           </INSTANCES>
          </INFO>
         </ITEM>
        </FILE>
       </FILELIST>
      </DIR>
      <DIR link="Lib/InfoSyS/Methods/oop">
       <LOCATION>
        <URL>Lib/InfoSyS/Methods/oop</URL>
        <SIZE>11.9</SIZE>
       </LOCATION>
       <FILELIST category="Lib/InfoSyS/Methods/oop">
        <INFO>
         <DESCRIPTION>Object Oriented Programming Related / UML</DESCRIPTION>
         <TITLE>Object Oriented Programming Related / UML</TITLE>
         <DEFAULTFORMAT>pdf</DEFAULTFORMAT>
        </INFO>
        <FILE link="Lib/InfoSyS/Methods/oop/AW-DC-OOSD.zip">
         <LOCATION>
          <URL>Lib/InfoSyS/Methods/oop/AW-DC-OOSD.zip</URL>
          <SIZE>0.8</SIZE>
          <CHECKSUM>0</CHECKSUM>
          <TYPE>zip</TYPE>
         </LOCATION>
         <ITEM>
          <INFO>
           <CATEGORIES>
            <CATEGORY>Lib/InfoSyS/Methods/oop</CATEGORY>
           </CATEGORIES>
           <DESCRIPTION>AW - Dennis Champeaux - Object Oriented System Development (html)</DESCRIPTION>
           <PUBLISHERS>
            <PUBLISHER>AW</PUBLISHER>
           </PUBLISHERS>
           <AUTHORS>
            <AUTHOR>
             <FULLNAME>Dennis Champeaux</FULLNAME>
             <LASTNAME>Champeaux</LASTNAME>
             <FIRSTNAME>Dennis</FIRSTNAME>
            </AUTHOR>
           </AUTHORS>
           <TITLE>Object Oriented System Development</TITLE>
           <INSTANCES>
            <INSTANCE>
             <FORMAT>html</FORMAT>
             <SIZE>0</SIZE>
             <CHECKSUM>0</CHECKSUM>
            </INSTANCE>
           </INSTANCES>
          </INFO>
         </ITEM>
        </FILE>
        <FILE link="Lib/InfoSyS/Methods/oop/AW-GB-DP.zip">
         <LOCATION>
          <URL>Lib/InfoSyS/Methods/oop/AW-GB-DP.zip</URL>
          <SIZE>2.1</SIZE>
          <CHECKSUM>0</CHECKSUM>
          <TYPE>zip</TYPE>
         </LOCATION>
         <ITEM>
          <INFO>
           <CATEGORIES>
            <CATEGORY>Lib/InfoSyS/Methods/oop</CATEGORY>
           </CATEGORIES>
           <DESCRIPTION>AW - Grady Booch - Design Patterns (html)</DESCRIPTION>
           <PUBLISHERS>
            <PUBLISHER>AW</PUBLISHER>
           </PUBLISHERS>
           <AUTHORS>
            <AUTHOR>
             <FULLNAME>Grady Booch</FULLNAME>
             <LASTNAME>Booch</LASTNAME>
             <FIRSTNAME>Grady</FIRSTNAME>
            </AUTHOR>
           </AUTHORS>
           <TITLE>Design Patterns</TITLE>
           <INSTANCES>
            <INSTANCE>
             <FORMAT>html</FORMAT>
             <SIZE>0</SIZE>
             <CHECKSUM>0</CHECKSUM>
            </INSTANCE>
           </INSTANCES>
          </INFO>
         </ITEM>
        </FILE>
        <FILE link="Lib/InfoSyS/Methods/oop/U--OMGUMLS.zip">
         <LOCATION>
          <URL>Lib/InfoSyS/Methods/oop/U--OMGUMLS.zip</URL>
          <SIZE>6</SIZE>
          <CHECKSUM>0</CHECKSUM>
          <TYPE>zip</TYPE>
         </LOCATION>
         <ITEM>
          <INFO>
           <CATEGORIES>
            <CATEGORY>Lib/InfoSyS/Methods/oop</CATEGORY>
           </CATEGORIES>
           <DESCRIPTION>OMG Unified Modeling Language Specification</DESCRIPTION>
           <TITLE>OMG Unified Modeling Language Specification</TITLE>
           <INSTANCES>
            <INSTANCE>
             <FORMAT>pdf</FORMAT>
             <SIZE>0</SIZE>
             <CHECKSUM>0</CHECKSUM>
            </INSTANCE>
           </INSTANCES>
          </INFO>
         </ITEM>
        </FILE>
        <FILE link="Lib/InfoSyS/Methods/oop/U-AV-CT.zip">
         <LOCATION>
          <URL>Lib/InfoSyS/Methods/oop/U-AV-CT.zip</URL>
          <SIZE>0.3</SIZE>
          <CHECKSUM>0</CHECKSUM>
          <TYPE>zip</TYPE>
         </LOCATION>
         <ITEM>
          <INFO>
           <CATEGORIES>
            <CATEGORY>Lib/InfoSyS/Methods/oop</CATEGORY>
           </CATEGORIES>
           <DESCRIPTION>А. Вендров - CASE технологии: Современные методы и средства проектирования информационных систем (html)</DESCRIPTION>
           <AUTHORS>
            <AUTHOR>
             <FULLNAME>А. Вендров</FULLNAME>
             <LASTNAME>Вендров</LASTNAME>
             <FIRSTNAME>А.</FIRSTNAME>
            </AUTHOR>
           </AUTHORS>
           <TITLE>CASE технологии: Современные методы и средства проектирования информационных систем</TITLE>
           <INSTANCES>
            <INSTANCE>
             <FORMAT>html</FORMAT>
             <SIZE>0</SIZE>
             <CHECKSUM>0</CHECKSUM>
            </INSTANCE>
           </INSTANCES>
          </INFO>
         </ITEM>
        </FILE>
        <FILE link="Lib/InfoSyS/Methods/oop/U-GB-OOAP.zip">
         <LOCATION>
          <URL>Lib/InfoSyS/Methods/oop/U-GB-OOAP.zip</URL>
          <SIZE>2.5</SIZE>
          <CHECKSUM>0</CHECKSUM>
          <TYPE>zip</TYPE>
         </LOCATION>
         <ITEM>
          <INFO>
           <CATEGORIES>
            <CATEGORY>Lib/InfoSyS/Methods/oop</CATEGORY>
           </CATEGORIES>
           <DESCRIPTION>Гради Буч - Объектно-ориентированный анализ и проектирование (html)</DESCRIPTION>
           <AUTHORS>
            <AUTHOR>
             <FULLNAME>Гради Буч</FULLNAME>
             <LASTNAME>Буч</LASTNAME>
             <FIRSTNAME>Гради</FIRSTNAME>
            </AUTHOR>
           </AUTHORS>
           <TITLE>Объектно-ориентированный анализ и проектирование</TITLE>
           <INSTANCES>
            <INSTANCE>
             <FORMAT>html</FORMAT>
             <SIZE>0</SIZE>
             <CHECKSUM>0</CHECKSUM>
            </INSTANCE>
           </INSTANCES>
          </INFO>
         </ITEM>
        </FILE>
        <FILE link="Lib/InfoSyS/Methods/oop/U-RB-CM.zip">
         <LOCATION>
          <URL>Lib/InfoSyS/Methods/oop/U-RB-CM.zip</URL>
          <SIZE>0.1</SIZE>
          <CHECKSUM>0</CHECKSUM>
          <TYPE>zip</TYPE>
         </LOCATION>
         <ITEM>
          <INFO>
           <CATEGORIES>
            <CATEGORY>Lib/InfoSyS/Methods/oop</CATEGORY>
           </CATEGORIES>
           <DESCRIPTION>Ричард Баркер - Case Method (txt)</DESCRIPTION>
           <AUTHORS>
            <AUTHOR>
             <FULLNAME>Ричард Баркер</FULLNAME>
             <LASTNAME>Баркер</LASTNAME>
             <FIRSTNAME>Ричард</FIRSTNAME>
            </AUTHOR>
           </AUTHORS>
           <TITLE>Case Method</TITLE>
           <INSTANCES>
            <INSTANCE>
             <FORMAT>txt</FORMAT>
             <SIZE>0</SIZE>
             <CHECKSUM>0</CHECKSUM>
            </INSTANCE>
           </INSTANCES>
          </INFO>
         </ITEM>
        </FILE>
       </FILELIST>
      </DIR>
      <DIR link="Lib/InfoSyS/Methods/Programming">
       <LOCATION>
        <URL>Lib/InfoSyS/Methods/Programming</URL>
        <SIZE>3.2</SIZE>
       </LOCATION>
       <FILELIST category="Lib/InfoSyS/Methods/Programming">
        <INFO>
         <DESCRIPTION>Programming related</DESCRIPTION>
         <TITLE>Programming related</TITLE>
         <DEFAULTFORMAT>pdf</DEFAULTFORMAT>
        </INFO>
        <FILE link="Lib/InfoSyS/Methods/Programming/MSPRess-JR-DA.chm">
         <LOCATION>
          <URL>Lib/InfoSyS/Methods/Programming/MSPRess-JR-DA.chm</URL>
          <SIZE>1.7</SIZE>
          <CHECKSUM>0</CHECKSUM>
          <TYPE>plain</TYPE>
         </LOCATION>
         <ITEM>
          <INFO>
           <CATEGORIES>
            <CATEGORY>Lib/InfoSyS/Methods/Programming</CATEGORY>
           </CATEGORIES>
           <DESCRIPTION>MSPress - John Robbins - Debugging Applications (chm)</DESCRIPTION>
           <PUBLISHERS>
            <PUBLISHER>MSPress</PUBLISHER>
           </PUBLISHERS>
           <AUTHORS>
            <AUTHOR>
             <FULLNAME>John Robbins</FULLNAME>
             <LASTNAME>Robbins</LASTNAME>
             <FIRSTNAME>John</FIRSTNAME>
            </AUTHOR>
           </AUTHORS>
           <TITLE>Debugging Applications</TITLE>
           <INSTANCES>
            <INSTANCE>
             <FORMAT>chm</FORMAT>
             <SIZE>0</SIZE>
             <CHECKSUM>0</CHECKSUM>
            </INSTANCE>
           </INSTANCES>
          </INFO>
         </ITEM>
        </FILE>
        <FILE link="Lib/InfoSyS/Methods/Programming/MW-CWPoP.zip">
         <LOCATION>
          <URL>Lib/InfoSyS/Methods/Programming/MW-CWPoP.zip</URL>
          <SIZE>1.5</SIZE>
          <CHECKSUM>0</CHECKSUM>
          <TYPE>zip</TYPE>
         </LOCATION>
         <ITEM>
          <INFO>
           <CATEGORIES>
            <CATEGORY>Lib/InfoSyS/Methods/Programming</CATEGORY>
           </CATEGORIES>
           <DESCRIPTION>Metrowerks - CodeWarrior Principes of Programming</DESCRIPTION>
           <AUTHORS>
            <AUTHOR>
             <FULLNAME>Metrowerks</FULLNAME>
             <LASTNAME>Metrowerks</LASTNAME>
             <FIRSTNAME></FIRSTNAME>
            </AUTHOR>
           </AUTHORS>
           <TITLE>CodeWarrior Principes of Programming</TITLE>
           <INSTANCES>
            <INSTANCE>
             <FORMAT>pdf</FORMAT>
             <SIZE>0</SIZE>
             <CHECKSUM>0</CHECKSUM>
            </INSTANCE>
           </INSTANCES>
          </INFO>
         </ITEM>
        </FILE>
       </FILELIST>
      </DIR>
     </FILELIST>
    </DIR>
    <DIR link="Lib/InfoSyS/Network">
     <LOCATION>
      <URL>Lib/InfoSyS/Network</URL>
      <SIZE>291.7</SIZE>
     </LOCATION>
     <FILELIST category="Lib/InfoSyS/Network">
      <INFO>
       <DESCRIPTION>Networking Documentation</DESCRIPTION>
       <TITLE>Networking Documentation</TITLE>
       <DEFAULTFORMAT>pdf</DEFAULTFORMAT>
      </INFO>
      <FILE link="Lib/InfoSyS/Network/AW-JK-CNaTDAFI.zip">
       <LOCATION>
        <URL>Lib/InfoSyS/Network/AW-JK-CNaTDAFI.zip</URL>
        <SIZE>4.8</SIZE>
        <CHECKSUM>0</CHECKSUM>
        <TYPE>zip</TYPE>
       </LOCATION>
       <ITEM>
        <INFO>
         <CATEGORIES>
          <CATEGORY>Lib/InfoSyS/Network</CATEGORY>
         </CATEGORIES>
         <DESCRIPTION>Addison Wesley - James Kurose - Computer Networking: A Top-Down Approach Featuring the Internet (html)</DESCRIPTION>
         <PUBLISHERS>
          <PUBLISHER>Addison Wesley</PUBLISHER>
         </PUBLISHERS>
         <AUTHORS>
          <AUTHOR>
           <FULLNAME>James Kurose</FULLNAME>
           <LASTNAME>Kurose</LASTNAME>
           <FIRSTNAME>James</FIRSTNAME>
          </AUTHOR>
         </AUTHORS>
         <TITLE>Computer Networking: A Top-Down Approach Featuring the Internet</TITLE>
         <INSTANCES>
          <INSTANCE>
           <FORMAT>html</FORMAT>
           <SIZE>0</SIZE>
           <CHECKSUM>0</CHECKSUM>
          </INSTANCE>
         </INSTANCES>
        </INFO>
       </ITEM>
      </FILE>
      <FILE link="Lib/InfoSyS/Network/AW-TL-aBGtGN.zip">
       <LOCATION>
        <URL>Lib/InfoSyS/Network/AW-TL-aBGtGN.zip</URL>
        <SIZE>0.2</SIZE>
        <CHECKSUM>0</CHECKSUM>
        <TYPE>zip</TYPE>
       </LOCATION>
       <ITEM>
        <INFO>
         <CATEGORIES>
          <CATEGORY>Lib/InfoSyS/Network</CATEGORY>
         </CATEGORIES>
         <DESCRIPTION>Addison Wesley - Tracy Laquey - A Beginner's Guide to Global Networking, 2nd Edition (html)</DESCRIPTION>
         <PUBLISHERS>
          <PUBLISHER>Addison Wesley</PUBLISHER>
         </PUBLISHERS>
         <AUTHORS>
          <AUTHOR>
           <FULLNAME>Tracy Laquey</FULLNAME>
           <LASTNAME>Laquey</LASTNAME>
           <FIRSTNAME>Tracy</FIRSTNAME>
          </AUTHOR>
         </AUTHORS>
         <TITLE>A Beginner's Guide to Global Networking</TITLE>
         <EDITION>2</EDITION>
         <INSTANCES>
          <INSTANCE>
           <FORMAT>html</FORMAT>
           <SIZE>0</SIZE>
           <CHECKSUM>0</CHECKSUM>
          </INSTANCE>
         </INSTANCES>
        </INFO>
       </ITEM>
      </FILE>
      <FILE link="Lib/InfoSyS/Network/EW-NS-CIPG.zip">
       <LOCATION>
        <URL>Lib/InfoSyS/Network/EW-NS-CIPG.zip</URL>
        <SIZE>0</SIZE>
        <CHECKSUM>0</CHECKSUM>
        <TYPE>zip</TYPE>
       </LOCATION>
       <ITEM>
        <INFO>
         <CATEGORIES>
          <CATEGORY>Lib/InfoSyS/Network</CATEGORY>
         </CATEGORIES>
         <DESCRIPTION>EarthWeb - Norman Smith - Corporate Intranet Planning Guide (html)</DESCRIPTION>
         <PUBLISHERS>
          <PUBLISHER>EarthWeb</PUBLISHER>
         </PUBLISHERS>
         <AUTHORS>
          <AUTHOR>
           <FULLNAME>Norman Smith</FULLNAME>
           <LASTNAME>Smith</LASTNAME>
           <FIRSTNAME>Norman</FIRSTNAME>
          </AUTHOR>
         </AUTHORS>
         <TITLE>Corporate Intranet Planning Guide</TITLE>
         <INSTANCES>
          <INSTANCE>
           <FORMAT>html</FORMAT>
           <SIZE>0</SIZE>
           <CHECKSUM>0</CHECKSUM>
          </INSTANCE>
         </INSTANCES>
        </INFO>
       </ITEM>
      </FILE>
      <FILE link="Lib/InfoSyS/Network/MH-MG-FC.zip">
       <LOCATION>
        <URL>Lib/InfoSyS/Network/MH-MG-FC.zip</URL>
        <SIZE>0.3</SIZE>
        <CHECKSUM>0</CHECKSUM>
        <TYPE>zip</TYPE>
       </LOCATION>
       <ITEM>
        <INFO>
         <CATEGORIES>
          <CATEGORY>Lib/InfoSyS/Network</CATEGORY>
         </CATEGORIES>
         <DESCRIPTION>McGraw-Hill - Marcus Goncalves - Firewalls Complete: Table of Contents (html)</DESCRIPTION>
         <TITLE>McGraw-Hill - Marcus Goncalves - Firewalls Complete: Table of Contents</TITLE>
         <INSTANCES>
          <INSTANCE>
           <FORMAT>html</FORMAT>
           <SIZE>0</SIZE>
           <CHECKSUM>0</CHECKSUM>
          </INSTANCE>
         </INSTANCES>
        </INFO>
       </ITEM>
      </FILE>
      <FILE link="Lib/InfoSyS/Network/MIT-AG-PVMUGTfNPC.zip">
       <LOCATION>
        <URL>Lib/InfoSyS/Network/MIT-AG-PVMUGTfNPC.zip</URL>
        <SIZE>0.4</SIZE>
        <CHECKSUM>0</CHECKSUM>
        <TYPE>zip</TYPE>
       </LOCATION>
       <ITEM>
        <INFO>
         <CATEGORIES>
          <CATEGORY>Lib/InfoSyS/Network</CATEGORY>
         </CATEGORIES>
         <DESCRIPTION>MIT - Al Geist - PVM: A Users Guide and Tutorial for Networked Parallel Computing (html)</DESCRIPTION>
         <PUBLISHERS>
          <PUBLISHER>MIT</PUBLISHER>
         </PUBLISHERS>
         <AUTHORS>
          <AUTHOR>
           <FULLNAME>Al Geist</FULLNAME>
           <LASTNAME>Geist</LASTNAME>
           <FIRSTNAME>Al</FIRSTNAME>
          </AUTHOR>
         </AUTHORS>
         <TITLE>PVM: A Users Guide and Tutorial for Networked Parallel Computing</TITLE>
         <INSTANCES>
          <INSTANCE>
           <FORMAT>html</FORMAT>
           <SIZE>0</SIZE>
           <CHECKSUM>0</CHECKSUM>
          </INSTANCE>
         </INSTANCES>
        </INFO>
       </ITEM>
      </FILE>
      <FILE link="Lib/InfoSyS/Network/MMT-BH-IRA.zip">
       <LOCATION>
        <URL>Lib/InfoSyS/Network/MMT-BH-IRA.zip</URL>
        <SIZE>5.9</SIZE>
        <CHECKSUM>0</CHECKSUM>
        <TYPE>zip</TYPE>
       </LOCATION>
       <ITEM>
        <INFO>
         <CATEGORIES>
          <CATEGORY>Lib/InfoSyS/Network</CATEGORY>
         </CATEGORIES>
         <DESCRIPTION>Macmillan - Basaam Halabi - Internet Routing Architecture CISCO (html)</DESCRIPTION>
         <PUBLISHERS>
          <PUBLISHER>Macmillan</PUBLISHER>
         </PUBLISHERS>
         <AUTHORS>
          <AUTHOR>
           <FULLNAME>Basaam Halabi</FULLNAME>
           <LASTNAME>Halabi</LASTNAME>
           <FIRSTNAME>Basaam</FIRSTNAME>
          </AUTHOR>
         </AUTHORS>
         <TITLE>Internet Routing Architecture CISCO</TITLE>
         <INSTANCES>
          <INSTANCE>
           <FORMAT>html</FORMAT>
           <SIZE>0</SIZE>
           <CHECKSUM>0</CHECKSUM>
          </INSTANCE>
         </INSTANCES>
        </INFO>
       </ITEM>
      </FILE>
      <FILE link="Lib/InfoSyS/Network/MT-MM-MISNMP.zip">
       <LOCATION>
        <URL>Lib/InfoSyS/Network/MT-MM-MISNMP.zip</URL>
        <SIZE>6.9</SIZE>
        <CHECKSUM>0</CHECKSUM>
        <TYPE>zip</TYPE>
       </LOCATION>
       <ITEM>
        <INFO>
         <CATEGORIES>
          <CATEGORY>Lib/InfoSyS/Network</CATEGORY>
         </CATEGORIES>
         <DESCRIPTION>MandT Books - Mark Miller - Managing Internetworks with SNMP (html)</DESCRIPTION>
         <PUBLISHERS>
          <PUBLISHER>MandT Books</PUBLISHER>
         </PUBLISHERS>
         <AUTHORS>
          <AUTHOR>
           <FULLNAME>Mark Miller</FULLNAME>
           <LASTNAME>Miller</LASTNAME>
           <FIRSTNAME>Mark</FIRSTNAME>
          </AUTHOR>
         </AUTHORS>
         <TITLE>Managing Internetworks with SNMP</TITLE>
         <INSTANCES>
          <INSTANCE>
           <FORMAT>html</FORMAT>
           <SIZE>0</SIZE>
           <CHECKSUM>0</CHECKSUM>
          </INSTANCE>
         </INSTANCES>
        </INFO>
       </ITEM>
      </FILE>
      <FILE link="Lib/InfoSyS/Network/MT-RH-CSN.zip">
       <LOCATION>
        <URL>Lib/InfoSyS/Network/MT-RH-CSN.zip</URL>
        <SIZE>5.5</SIZE>
        <CHECKSUM>0</CHECKSUM>
        <TYPE>zip</TYPE>
       </LOCATION>
       <ITEM>
        <INFO>
         <CATEGORIES>
          <CATEGORY>Lib/InfoSyS/Network</CATEGORY>
         </CATEGORIES>
         <DESCRIPTION>MandT Books - Ray Horak - Communications Systems and Networks (html)</DESCRIPTION>
         <PUBLISHERS>
          <PUBLISHER>MandT Books</PUBLISHER>
         </PUBLISHERS>
         <AUTHORS>
          <AUTHOR>
           <FULLNAME>Ray Horak</FULLNAME>
           <LASTNAME>Horak</LASTNAME>
           <FIRSTNAME>Ray</FIRSTNAME>
          </AUTHOR>
         </AUTHORS>
         <TITLE>Communications Systems and Networks</TITLE>
         <INSTANCES>
          <INSTANCE>
           <FORMAT>html</FORMAT>
           <SIZE>0</SIZE>
           <CHECKSUM>0</CHECKSUM>
          </INSTANCE>
         </INSTANCES>
        </INFO>
       </ITEM>
      </FILE>
      <FILE link="Lib/InfoSyS/Network/OReilly-DB-SSH-Beta.zip">
       <LOCATION>
        <URL>Lib/InfoSyS/Network/OReilly-DB-SSH-Beta.zip</URL>
        <SIZE>0.1</SIZE>
        <CHECKSUM>0</CHECKSUM>
        <TYPE>zip</TYPE>
       </LOCATION>
       <ITEM>
        <INFO>
         <CATEGORIES>
          <CATEGORY>Lib/InfoSyS/Network</CATEGORY>
         </CATEGORIES>
         <DESCRIPTION>O'Reilly - Daniel Barrett - SSH, The Secure Shell</DESCRIPTION>
         <PUBLISHERS>
          <PUBLISHER>O'Reilly</PUBLISHER>
         </PUBLISHERS>
         <AUTHORS>
          <AUTHOR>
           <FULLNAME>Daniel Barrett</FULLNAME>
           <LASTNAME>Barrett</LASTNAME>
           <FIRSTNAME>Daniel</FIRSTNAME>
          </AUTHOR>
         </AUTHORS>
         <TITLE>SSH, The Secure Shell</TITLE>
         <INSTANCES>
          <INSTANCE>
           <FORMAT>pdf</FORMAT>
           <SIZE>0</SIZE>
           <CHECKSUM>0</CHECKSUM>
          </INSTANCE>
         </INSTANCES>
        </INFO>
       </ITEM>
      </FILE>
      <FILE link="Lib/InfoSyS/Network/OReilly-GH-TCPIPNA.zip">
       <LOCATION>
        <URL>Lib/InfoSyS/Network/OReilly-GH-TCPIPNA.zip</URL>
        <SIZE>1.5</SIZE>
        <CHECKSUM>0</CHECKSUM>
        <TYPE>zip</TYPE>
       </LOCATION>
       <ITEM>
        <INFO>
         <CATEGORIES>
          <CATEGORY>Lib/InfoSyS/Network</CATEGORY>
         </CATEGORIES>
         <DESCRIPTION>O'Reilly - Craig Hunt - TCP/IP Network Administration (html)</DESCRIPTION>
         <PUBLISHERS>
          <PUBLISHER>O'Reilly</PUBLISHER>
         </PUBLISHERS>
         <AUTHORS>
          <AUTHOR>
           <FULLNAME>Craig Hunt</FULLNAME>
           <LASTNAME>Hunt</LASTNAME>
           <FIRSTNAME>Craig</FIRSTNAME>
          </AUTHOR>
         </AUTHORS>
         <TITLE>TCP/IP Network Administration</TITLE>
         <INSTANCES>
          <INSTANCE>
           <FORMAT>html</FORMAT>
           <SIZE>0</SIZE>
           <CHECKSUM>0</CHECKSUM>
          </INSTANCE>
         </INSTANCES>
        </INFO>
       </ITEM>
      </FILE>
      <FILE link="Lib/InfoSyS/Network/OReilly-HS-MNFSNIS.zip">
       <LOCATION>
        <URL>Lib/InfoSyS/Network/OReilly-HS-MNFSNIS.zip</URL>
        <SIZE>1.7</SIZE>
        <CHECKSUM>0</CHECKSUM>
        <TYPE>zip</TYPE>
       </LOCATION>
       <ITEM>
        <INFO>
         <CATEGORIES>
          <CATEGORY>Lib/InfoSyS/Network</CATEGORY>
         </CATEGORIES>
         <DESCRIPTION>O'Reilly - Hal Stern - Managing NFS and NIS</DESCRIPTION>
         <PUBLISHERS>
          <PUBLISHER>O'Reilly</PUBLISHER>
         </PUBLISHERS>
         <AUTHORS>
          <AUTHOR>
           <FULLNAME>Hal Stern</FULLNAME>
           <LASTNAME>Stern</LASTNAME>
           <FIRSTNAME>Hal</FIRSTNAME>
          </AUTHOR>
         </AUTHORS>
         <TITLE>Managing NFS and NIS</TITLE>
         <INSTANCES>
          <INSTANCE>
           <FORMAT>pdf</FORMAT>
           <SIZE>0</SIZE>
           <CHECKSUM>0</CHECKSUM>
          </INSTANCE>
         </INSTANCES>
        </INFO>
       </ITEM>
      </FILE>
      <FILE link="Lib/InfoSyS/Network/OReilly-RF-BWCN.zip">
       <LOCATION>
        <URL>Lib/InfoSyS/Network/OReilly-RF-BWCN.zip</URL>
        <SIZE>1</SIZE>
        <CHECKSUM>0</CHECKSUM>
        <TYPE>zip</TYPE>
       </LOCATION>
       <ITEM>
        <INFO>
         <CATEGORIES>
          <CATEGORY>Lib/InfoSyS/Network</CATEGORY>
         </CATEGORIES>
         <DESCRIPTION>O'Reilly - Rob Fickenger - Building Wireless Community Networks</DESCRIPTION>
         <PUBLISHERS>
          <PUBLISHER>O'Reilly</PUBLISHER>
         </PUBLISHERS>
         <AUTHORS>
          <AUTHOR>
           <FULLNAME>Rob Fickenger</FULLNAME>
           <LASTNAME>Fickenger</LASTNAME>
           <FIRSTNAME>Rob</FIRSTNAME>
          </AUTHOR>
         </AUTHORS>
         <TITLE>Building Wireless Community Networks</TITLE>
         <INSTANCES>
          <INSTANCE>
           <FORMAT>pdf</FORMAT>
           <SIZE>0</SIZE>
           <CHECKSUM>0</CHECKSUM>
          </INSTANCE>
         </INSTANCES>
        </INFO>
       </ITEM>
      </FILE>
      <FILE link="Lib/InfoSyS/Network/OReilly-RF-WCN.zip">
       <LOCATION>
        <URL>Lib/InfoSyS/Network/OReilly-RF-WCN.zip</URL>
        <SIZE>1</SIZE>
        <CHECKSUM>0</CHECKSUM>
        <TYPE>zip</TYPE>
       </LOCATION>
       <ITEM>
        <INFO>
         <CATEGORIES>
          <CATEGORY>Lib/InfoSyS/Network</CATEGORY>
         </CATEGORIES>
         <DESCRIPTION>O'Reilly - Rob Flickenger - Wireless Community Networks</DESCRIPTION>
         <PUBLISHERS>
          <PUBLISHER>O'Reilly</PUBLISHER>
         </PUBLISHERS>
         <AUTHORS>
          <AUTHOR>
           <FULLNAME>Rob Flickenger</FULLNAME>
           <LASTNAME>Flickenger</LASTNAME>
           <FIRSTNAME>Rob</FIRSTNAME>
          </AUTHOR>
         </AUTHORS>
         <TITLE>Wireless Community Networks</TITLE>
         <INSTANCES>
          <INSTANCE>
           <FORMAT>pdf</FORMAT>
           <SIZE>0</SIZE>
           <CHECKSUM>0</CHECKSUM>
          </INSTANCE>
         </INSTANCES>
        </INFO>
       </ITEM>
      </FILE>
      <FILE link="Lib/InfoSyS/Network/QUE--MMN.zip">
       <LOCATION>
        <URL>Lib/InfoSyS/Network/QUE--MMN.zip</URL>
        <SIZE>2.6</SIZE>
        <CHECKSUM>0</CHECKSUM>
        <TYPE>zip</TYPE>
       </LOCATION>
       <ITEM>
        <INFO>
         <CATEGORIES>
          <CATEGORY>Lib/InfoSyS/Network</CATEGORY>
         </CATEGORIES>
         <DESCRIPTION>Que - - Managing MultiVendor Networks (html)</DESCRIPTION>
         <PUBLISHERS>
          <PUBLISHER>Que</PUBLISHER>
         </PUBLISHERS>
         <TITLE>Managing MultiVendor Networks</TITLE>
         <INSTANCES>
          <INSTANCE>
           <FORMAT>html</FORMAT>
           <SIZE>0</SIZE>
           <CHECKSUM>0</CHECKSUM>
          </INSTANCE>
         </INSTANCES>
        </INFO>
       </ITEM>
      </FILE>
      <FILE link="Lib/InfoSyS/Network/Que-CZ-URN.zip">
       <LOCATION>
        <URL>Lib/InfoSyS/Network/Que-CZ-URN.zip</URL>
        <SIZE>5.3</SIZE>
        <CHECKSUM>0</CHECKSUM>
        <TYPE>zip</TYPE>
       </LOCATION>
       <ITEM>
        <INFO>
         <CATEGORIES>
          <CATEGORY>Lib/InfoSyS/Network</CATEGORY>
         </CATEGORIES>
         <DESCRIPTION>Que - Craig Zacker - Upgrading and Repairing Networks (html)</DESCRIPTION>
         <PUBLISHERS>
          <PUBLISHER>Que</PUBLISHER>
         </PUBLISHERS>
         <AUTHORS>
          <AUTHOR>
           <FULLNAME>Craig Zacker</FULLNAME>
           <LASTNAME>Zacker</LASTNAME>
           <FIRSTNAME>Craig</FIRSTNAME>
          </AUTHOR>
         </AUTHORS>
         <TITLE>Upgrading and Repairing Networks</TITLE>
         <INSTANCES>
          <INSTANCE>
           <FORMAT>html</FORMAT>
           <SIZE>0</SIZE>
           <CHECKSUM>0</CHECKSUM>
          </INSTANCE>
         </INSTANCES>
        </INFO>
       </ITEM>
      </FILE>
      <FILE link="Lib/InfoSyS/Network/Que-RC-RPI.zip">
       <LOCATION>
        <URL>Lib/InfoSyS/Network/Que-RC-RPI.zip</URL>
        <SIZE>5.5</SIZE>
        <CHECKSUM>0</CHECKSUM>
        <TYPE>zip</TYPE>
       </LOCATION>
       <ITEM>
        <INFO>
         <CATEGORIES>
          <CATEGORY>Lib/InfoSyS/Network</CATEGORY>
         </CATEGORIES>
         <DESCRIPTION>Que - Rich Casselberry - Running a Perfect Intranet</DESCRIPTION>
         <PUBLISHERS>
          <PUBLISHER>Que</PUBLISHER>
         </PUBLISHERS>
         <AUTHORS>
          <AUTHOR>
           <FULLNAME>Rich Casselberry</FULLNAME>
           <LASTNAME>Casselberry</LASTNAME>
           <FIRSTNAME>Rich</FIRSTNAME>
          </AUTHOR>
         </AUTHORS>
         <TITLE>Running a Perfect Intranet</TITLE>
         <INSTANCES>
          <INSTANCE>
           <FORMAT>pdf</FORMAT>
           <SIZE>0</SIZE>
           <CHECKSUM>0</CHECKSUM>
          </INSTANCE>
         </INSTANCES>
        </INFO>
       </ITEM>
      </FILE>
      <FILE link="Lib/InfoSyS/Network/SAMS-DG-IU.zip">
       <LOCATION>
        <URL>Lib/InfoSyS/Network/SAMS-DG-IU.zip</URL>
        <SIZE>1.8</SIZE>
        <CHECKSUM>0</CHECKSUM>
        <TYPE>zip</TYPE>
       </LOCATION>
       <ITEM>
        <INFO>
         <CATEGORIES>
          <CATEGORY>Lib/InfoSyS/Network</CATEGORY>
         </CATEGORIES>
         <DESCRIPTION>SAMS - David Garrett - Intranets Unleashed (html)</DESCRIPTION>
         <PUBLISHERS>
          <PUBLISHER>SAMS</PUBLISHER>
         </PUBLISHERS>
         <AUTHORS>
          <AUTHOR>
           <FULLNAME>David Garrett</FULLNAME>
           <LASTNAME>Garrett</LASTNAME>
           <FIRSTNAME>David</FIRSTNAME>
          </AUTHOR>
         </AUTHORS>
         <TITLE>Intranets Unleashed</TITLE>
         <INSTANCES>
          <INSTANCE>
           <FORMAT>html</FORMAT>
           <SIZE>0</SIZE>
           <CHECKSUM>0</CHECKSUM>
          </INSTANCE>
         </INSTANCES>
        </INFO>
       </ITEM>
      </FILE>
      <FILE link="Lib/InfoSyS/Network/SAMS-JF-TYNT24H.zip">
       <LOCATION>
        <URL>Lib/InfoSyS/Network/SAMS-JF-TYNT24H.zip</URL>
        <SIZE>6.8</SIZE>
        <CHECKSUM>0</CHECKSUM>
        <TYPE>zip</TYPE>
       </LOCATION>
       <ITEM>
        <INFO>
         <CATEGORIES>
          <CATEGORY>Lib/InfoSyS/Network</CATEGORY>
         </CATEGORIES>
         <DESCRIPTION>SAMS - Jonathan Feldman - Teach Yourself Network Troubleshooting in 24 Hours (html)</DESCRIPTION>
         <PUBLISHERS>
          <PUBLISHER>SAMS</PUBLISHER>
         </PUBLISHERS>
         <AUTHORS>
          <AUTHOR>
           <FULLNAME>Jonathan Feldman</FULLNAME>
           <LASTNAME>Feldman</LASTNAME>
           <FIRSTNAME>Jonathan</FIRSTNAME>
          </AUTHOR>
         </AUTHORS>
         <TITLE>Teach Yourself Network Troubleshooting in 24 Hours</TITLE>
         <INSTANCES>
          <INSTANCE>
           <FORMAT>html</FORMAT>
           <SIZE>0</SIZE>
           <CHECKSUM>0</CHECKSUM>
          </INSTANCE>
         </INSTANCES>
        </INFO>
       </ITEM>
      </FILE>
      <FILE link="Lib/InfoSyS/Network/SAMS-MS-HPNU.zip">
       <LOCATION>
        <URL>Lib/InfoSyS/Network/SAMS-MS-HPNU.zip</URL>
        <SIZE>0.5</SIZE>
        <CHECKSUM>0</CHECKSUM>
        <TYPE>zip</TYPE>
       </LOCATION>
       <ITEM>
        <INFO>
         <CATEGORIES>
          <CATEGORY>Lib/InfoSyS/Network</CATEGORY>
         </CATEGORIES>
         <DESCRIPTION>SAMS - Mark Sportack - High-Performance Networking Unleashed (html)</DESCRIPTION>
         <PUBLISHERS>
          <PUBLISHER>SAMS</PUBLISHER>
         </PUBLISHERS>
         <AUTHORS>
          <AUTHOR>
           <FULLNAME>Mark Sportack</FULLNAME>
           <LASTNAME>Sportack</LASTNAME>
           <FIRSTNAME>Mark</FIRSTNAME>
          </AUTHOR>
         </AUTHORS>
         <TITLE>High-Performance Networking Unleashed</TITLE>
         <INSTANCES>
          <INSTANCE>
           <FORMAT>html</FORMAT>
           <SIZE>0</SIZE>
           <CHECKSUM>0</CHECKSUM>
          </INSTANCE>
         </INSTANCES>
        </INFO>
       </ITEM>
      </FILE>
      <FILE link="Lib/InfoSyS/Network/SAMS-MT-AHGTYS.zip">
       <LOCATION>
        <URL>Lib/InfoSyS/Network/SAMS-MT-AHGTYS.zip</URL>
        <SIZE>3.1</SIZE>
        <CHECKSUM>0</CHECKSUM>
        <TYPE>zip</TYPE>
       </LOCATION>
       <ITEM>
        <INFO>
         <CATEGORIES>
          <CATEGORY>Lib/InfoSyS/Network</CATEGORY>
         </CATEGORIES>
         <DESCRIPTION>SAMS - Mark Taber - A Hacker's Guide To Protecting Your Internet Site and Network</DESCRIPTION>
         <PUBLISHERS>
          <PUBLISHER>SAMS</PUBLISHER>
         </PUBLISHERS>
         <AUTHORS>
          <AUTHOR>
           <FULLNAME>Mark Taber</FULLNAME>
           <LASTNAME>Taber</LASTNAME>
           <FIRSTNAME>Mark</FIRSTNAME>
          </AUTHOR>
         </AUTHORS>
         <TITLE>A Hacker's Guide To Protecting Your Internet Site and Network</TITLE>
         <INSTANCES>
          <INSTANCE>
           <FORMAT>pdf</FORMAT>
           <SIZE>0</SIZE>
           <CHECKSUM>0</CHECKSUM>
          </INSTANCE>
         </INSTANCES>
        </INFO>
       </ITEM>
      </FILE>
      <FILE link="Lib/InfoSyS/Network/SAMS-PB-TIG.zip">
       <LOCATION>
        <URL>Lib/InfoSyS/Network/SAMS-PB-TIG.zip</URL>
        <SIZE>4.8</SIZE>
        <CHECKSUM>0</CHECKSUM>
        <TYPE>zip</TYPE>
       </LOCATION>
       <ITEM>
        <INFO>
         <CATEGORIES>
          <CATEGORY>Lib/InfoSyS/Network</CATEGORY>
         </CATEGORIES>
         <DESCRIPTION>SAMS - Philip Baczewski - Tricks of the Internet Gurus (html)</DESCRIPTION>
         <PUBLISHERS>
          <PUBLISHER>SAMS</PUBLISHER>
         </PUBLISHERS>
         <AUTHORS>
          <AUTHOR>
           <FULLNAME>Philip Baczewski</FULLNAME>
           <LASTNAME>Baczewski</LASTNAME>
           <FIRSTNAME>Philip</FIRSTNAME>
          </AUTHOR>
         </AUTHORS>
         <TITLE>Tricks of the Internet Gurus</TITLE>
         <INSTANCES>
          <INSTANCE>
           <FORMAT>html</FORMAT>
           <SIZE>0</SIZE>
           <CHECKSUM>0</CHECKSUM>
          </INSTANCE>
         </INSTANCES>
        </INFO>
       </ITEM>
      </FILE>
      <FILE link="Lib/InfoSyS/Network/SAMS-PS-CSC.zip">
       <LOCATION>
        <URL>Lib/InfoSyS/Network/SAMS-PS-CSC.zip</URL>
        <SIZE>0.3</SIZE>
        <CHECKSUM>0</CHECKSUM>
        <TYPE>zip</TYPE>
       </LOCATION>
       <ITEM>
        <INFO>
         <CATEGORIES>
          <CATEGORY>Lib/InfoSyS/Network</CATEGORY>
         </CATEGORIES>
         <DESCRIPTION>SAMS - Patrick Smith - Client Server Computing, 2nd Edition</DESCRIPTION>
         <PUBLISHERS>
          <PUBLISHER>SAMS</PUBLISHER>
         </PUBLISHERS>
         <AUTHORS>
          <AUTHOR>
           <FULLNAME>Patrick Smith</FULLNAME>
           <LASTNAME>Smith</LASTNAME>
           <FIRSTNAME>Patrick</FIRSTNAME>
          </AUTHOR>
         </AUTHORS>
         <TITLE>Client Server Computing</TITLE>
         <EDITION>2</EDITION>
         <INSTANCES>
          <INSTANCE>
           <FORMAT>pdf</FORMAT>
           <SIZE>0</SIZE>
           <CHECKSUM>0</CHECKSUM>
          </INSTANCE>
         </INSTANCES>
        </INFO>
       </ITEM>
      </FILE>
      <FILE link="Lib/InfoSyS/Network/SAMS-TP-TYTCPIP14D2.zip">
       <LOCATION>
        <URL>Lib/InfoSyS/Network/SAMS-TP-TYTCPIP14D2.zip</URL>
        <SIZE>1.4</SIZE>
        <CHECKSUM>0</CHECKSUM>
        <TYPE>zip</TYPE>
       </LOCATION>
       <ITEM>
        <INFO>
         <CATEGORIES>
          <CATEGORY>Lib/InfoSyS/Network</CATEGORY>
         </CATEGORIES>
         <DESCRIPTION>SAMS - Tim Parker - Teach Yourself TCP/IP in 14 Days, 2nd Edition (html)</DESCRIPTION>
         <PUBLISHERS>
          <PUBLISHER>SAMS</PUBLISHER>
         </PUBLISHERS>
         <AUTHORS>
          <AUTHOR>
           <FULLNAME>Tim Parker</FULLNAME>
           <LASTNAME>Parker</LASTNAME>
           <FIRSTNAME>Tim</FIRSTNAME>
          </AUTHOR>
         </AUTHORS>
         <TITLE>Teach Yourself TCP/IP in 14 Days</TITLE>
         <EDITION>2</EDITION>
         <INSTANCES>
          <INSTANCE>
           <FORMAT>html</FORMAT>
           <SIZE>0</SIZE>
           <CHECKSUM>0</CHECKSUM>
          </INSTANCE>
         </INSTANCES>
        </INFO>
       </ITEM>
      </FILE>
      <FILE link="Lib/InfoSyS/Network/Sybex-DG-NPSG3.zip">
       <LOCATION>
        <URL>Lib/InfoSyS/Network/Sybex-DG-NPSG3.zip</URL>
        <SIZE>14.6</SIZE>
        <CHECKSUM>0</CHECKSUM>
        <TYPE>zip</TYPE>
       </LOCATION>
       <ITEM>
        <INFO>
         <CATEGORIES>
          <CATEGORY>Lib/InfoSyS/Network</CATEGORY>
         </CATEGORIES>
         <DESCRIPTION>Sybex - David Groth - Network+ Study Guide, 3rd Edition</DESCRIPTION>
         <PUBLISHERS>
          <PUBLISHER>Sybex</PUBLISHER>
         </PUBLISHERS>
         <AUTHORS>
          <AUTHOR>
           <FULLNAME>David Groth</FULLNAME>
           <LASTNAME>Groth</LASTNAME>
           <FIRSTNAME>David</FIRSTNAME>
          </AUTHOR>
         </AUTHORS>
         <TITLE>Network+ Study Guide</TITLE>
         <EDITION>3</EDITION>
         <INSTANCES>
          <INSTANCE>
           <FORMAT>pdf</FORMAT>
           <SIZE>0</SIZE>
           <CHECKSUM>0</CHECKSUM>
          </INSTANCE>
         </INSTANCES>
        </INFO>
       </ITEM>
      </FILE>
      <FILE link="Lib/InfoSyS/Network/Sybex-WF-EoN2.zip">
       <LOCATION>
        <URL>Lib/InfoSyS/Network/Sybex-WF-EoN2.zip</URL>
        <SIZE>10.6</SIZE>
        <CHECKSUM>0</CHECKSUM>
        <TYPE>zip</TYPE>
       </LOCATION>
       <ITEM>
        <INFO>
         <CATEGORIES>
          <CATEGORY>Lib/InfoSyS/Network</CATEGORY>
         </CATEGORIES>
         <DESCRIPTION>Sybex - Werner Feibel - Encyclopedia of Networking, 2nd Edition</DESCRIPTION>
         <PUBLISHERS>
          <PUBLISHER>Sybex</PUBLISHER>
         </PUBLISHERS>
         <AUTHORS>
          <AUTHOR>
           <FULLNAME>Werner Feibel</FULLNAME>
           <LASTNAME>Feibel</LASTNAME>
           <FIRSTNAME>Werner</FIRSTNAME>
          </AUTHOR>
         </AUTHORS>
         <TITLE>Encyclopedia of Networking</TITLE>
         <EDITION>2</EDITION>
         <INSTANCES>
          <INSTANCE>
           <FORMAT>pdf</FORMAT>
           <SIZE>0</SIZE>
           <CHECKSUM>0</CHECKSUM>
          </INSTANCE>
         </INSTANCES>
        </INFO>
       </ITEM>
      </FILE>
      <FILE link="Lib/InfoSyS/Network/Syngress--IPAaSIPV6.zip">
       <LOCATION>
        <URL>Lib/InfoSyS/Network/Syngress--IPAaSIPV6.zip</URL>
        <SIZE>2.9</SIZE>
        <CHECKSUM>0</CHECKSUM>
        <TYPE>zip</TYPE>
       </LOCATION>
       <ITEM>
        <INFO>
         <CATEGORIES>
          <CATEGORY>Lib/InfoSyS/Network</CATEGORY>
         </CATEGORIES>
         <DESCRIPTION>Syngress - - IP Addressing and Subnetting: Including IPv6 (html)</DESCRIPTION>
         <PUBLISHERS>
          <PUBLISHER>Syngress</PUBLISHER>
         </PUBLISHERS>
         <TITLE>IP Addressing and Subnetting: Including IPv6</TITLE>
         <INSTANCES>
          <INSTANCE>
           <FORMAT>html</FORMAT>
           <SIZE>0</SIZE>
           <CHECKSUM>0</CHECKSUM>
          </INSTANCE>
         </INSTANCES>
        </INFO>
       </ITEM>
      </FILE>
      <FILE link="Lib/InfoSyS/Network/Syngress--IPSfW2KS.zip">
       <LOCATION>
        <URL>Lib/InfoSyS/Network/Syngress--IPSfW2KS.zip</URL>
        <SIZE>4.6</SIZE>
        <CHECKSUM>0</CHECKSUM>
        <TYPE>zip</TYPE>
       </LOCATION>
       <ITEM>
        <INFO>
         <CATEGORIES>
          <CATEGORY>Lib/InfoSyS/Network</CATEGORY>
         </CATEGORIES>
         <DESCRIPTION>Syngress - - IP Security for Microsoft Windows 2000 Server (html)</DESCRIPTION>
         <PUBLISHERS>
          <PUBLISHER>Syngress</PUBLISHER>
         </PUBLISHERS>
         <TITLE>IP Security for Microsoft Windows 2000 Server</TITLE>
         <INSTANCES>
          <INSTANCE>
           <FORMAT>html</FORMAT>
           <SIZE>0</SIZE>
           <CHECKSUM>0</CHECKSUM>
          </INSTANCE>
         </INSTANCES>
        </INFO>
       </ITEM>
      </FILE>
      <FILE link="Lib/InfoSyS/Network/Syngress-CB-BSANwBFS.zip">
       <LOCATION>
        <URL>Lib/InfoSyS/Network/Syngress-CB-BSANwBFS.zip</URL>
        <SIZE>3.3</SIZE>
        <CHECKSUM>0</CHECKSUM>
        <TYPE>zip</TYPE>
       </LOCATION>
       <ITEM>
        <INFO>
         <CATEGORIES>
          <CATEGORY>Lib/InfoSyS/Network</CATEGORY>
         </CATEGORIES>
         <DESCRIPTION>Syngress - Chris Beauchamp - Building SANs with Brocade Fabric Switches</DESCRIPTION>
         <PUBLISHERS>
          <PUBLISHER>Syngress</PUBLISHER>
         </PUBLISHERS>
         <AUTHORS>
          <AUTHOR>
           <FULLNAME>Chris Beauchamp</FULLNAME>
           <LASTNAME>Beauchamp</LASTNAME>
           <FIRSTNAME>Chris</FIRSTNAME>
          </AUTHOR>
         </AUTHORS>
         <TITLE>Building SANs with Brocade Fabric Switches</TITLE>
         <INSTANCES>
          <INSTANCE>
           <FORMAT>pdf</FORMAT>
           <SIZE>0</SIZE>
           <CHECKSUM>0</CHECKSUM>
          </INSTANCE>
         </INSTANCES>
        </INFO>
       </ITEM>
      </FILE>
      <FILE link="Lib/InfoSyS/Network/Syngress-JW-DaWN.zip">
       <LOCATION>
        <URL>Lib/InfoSyS/Network/Syngress-JW-DaWN.zip</URL>
        <SIZE>3.7</SIZE>
        <CHECKSUM>0</CHECKSUM>
        <TYPE>zip</TYPE>
       </LOCATION>
       <ITEM>
        <INFO>
         <CATEGORIES>
          <CATEGORY>Lib/InfoSyS/Network</CATEGORY>
         </CATEGORIES>
         <DESCRIPTION>Syngress - Jeffrey Wheat - Designing a Wireless Network</DESCRIPTION>
         <PUBLISHERS>
          <PUBLISHER>Syngress</PUBLISHER>
         </PUBLISHERS>
         <AUTHORS>
          <AUTHOR>
           <FULLNAME>Jeffrey Wheat</FULLNAME>
           <LASTNAME>Wheat</LASTNAME>
           <FIRSTNAME>Jeffrey</FIRSTNAME>
          </AUTHOR>
         </AUTHORS>
         <TITLE>Designing a Wireless Network</TITLE>
         <INSTANCES>
          <INSTANCE>
           <FORMAT>pdf</FORMAT>
           <SIZE>0</SIZE>
           <CHECKSUM>0</CHECKSUM>
          </INSTANCE>
         </INSTANCES>
        </INFO>
       </ITEM>
      </FILE>
      <FILE link="Lib/InfoSyS/Network/tNP-WF-EoN.zip">
       <LOCATION>
        <URL>Lib/InfoSyS/Network/tNP-WF-EoN.zip</URL>
        <SIZE>10.6</SIZE>
        <CHECKSUM>0</CHECKSUM>
        <TYPE>zip</TYPE>
       </LOCATION>
       <ITEM>
        <INFO>
         <CATEGORIES>
          <CATEGORY>Lib/InfoSyS/Network</CATEGORY>
         </CATEGORIES>
         <DESCRIPTION>tNP - Werner Feibel - Encyclopedia of Networking, 2nd Edition</DESCRIPTION>
         <PUBLISHERS>
          <PUBLISHER>tNP</PUBLISHER>
         </PUBLISHERS>
         <AUTHORS>
          <AUTHOR>
           <FULLNAME>Werner Feibel</FULLNAME>
           <LASTNAME>Feibel</LASTNAME>
           <FIRSTNAME>Werner</FIRSTNAME>
          </AUTHOR>
         </AUTHORS>
         <TITLE>Encyclopedia of Networking</TITLE>
         <EDITION>2</EDITION>
         <INSTANCES>
          <INSTANCE>
           <FORMAT>pdf</FORMAT>
           <SIZE>0</SIZE>
           <CHECKSUM>0</CHECKSUM>
          </INSTANCE>
         </INSTANCES>
        </INFO>
       </ITEM>
      </FILE>
      <FILE link="Lib/InfoSyS/Network/U--CIE.zip">
       <LOCATION>
        <URL>Lib/InfoSyS/Network/U--CIE.zip</URL>
        <SIZE>0.4</SIZE>
        <CHECKSUM>0</CHECKSUM>
        <TYPE>zip</TYPE>
       </LOCATION>
       <ITEM>
        <INFO>
         <CATEGORIES>
          <CATEGORY>Lib/InfoSyS/Network</CATEGORY>
         </CATEGORIES>
         <DESCRIPTION>Connected: An Internet Encyclopedia</DESCRIPTION>
         <TITLE>Connected: An Internet Encyclopedia</TITLE>
         <INSTANCES>
          <INSTANCE>
           <FORMAT>pdf</FORMAT>
           <SIZE>0</SIZE>
           <CHECKSUM>0</CHECKSUM>
          </INSTANCE>
         </INSTANCES>
        </INFO>
       </ITEM>
      </FILE>
      <FILE link="Lib/InfoSyS/Network/U--CIR.zip">
       <LOCATION>
        <URL>Lib/InfoSyS/Network/U--CIR.zip</URL>
        <SIZE>0.3</SIZE>
        <CHECKSUM>0</CHECKSUM>
        <TYPE>zip</TYPE>
       </LOCATION>
       <ITEM>
        <INFO>
         <CATEGORIES>
          <CATEGORY>Lib/InfoSyS/Network</CATEGORY>
         </CATEGORIES>
         <DESCRIPTION>Configuring IP Routing</DESCRIPTION>
         <TITLE>Configuring IP Routing</TITLE>
         <INSTANCES>
          <INSTANCE>
           <FORMAT>pdf</FORMAT>
           <SIZE>0</SIZE>
           <CHECKSUM>0</CHECKSUM>
          </INSTANCE>
         </INSTANCES>
        </INFO>
       </ITEM>
      </FILE>
      <FILE link="Lib/InfoSyS/Network/U--NG.zip">
       <LOCATION>
        <URL>Lib/InfoSyS/Network/U--NG.zip</URL>
        <SIZE>1.6</SIZE>
        <CHECKSUM>0</CHECKSUM>
        <TYPE>zip</TYPE>
       </LOCATION>
       <ITEM>
        <INFO>
         <CATEGORIES>
          <CATEGORY>Lib/InfoSyS/Network</CATEGORY>
         </CATEGORIES>
         <DESCRIPTION>Networking Guide (WordBook) (html)</DESCRIPTION>
         <TITLE>Networking Guide (WordBook)</TITLE>
         <INSTANCES>
          <INSTANCE>
           <FORMAT>html</FORMAT>
           <SIZE>0</SIZE>
           <CHECKSUM>0</CHECKSUM>
          </INSTANCE>
         </INSTANCES>
        </INFO>
       </ITEM>
      </FILE>
      <FILE link="Lib/InfoSyS/Network/U-AF-StW.zip">
       <LOCATION>
        <URL>Lib/InfoSyS/Network/U-AF-StW.zip</URL>
        <SIZE>2.1</SIZE>
        <CHECKSUM>0</CHECKSUM>
        <TYPE>zip</TYPE>
       </LOCATION>
       <ITEM>
        <INFO>
         <CATEGORIES>
          <CATEGORY>Lib/InfoSyS/Network</CATEGORY>
         </CATEGORIES>
         <DESCRIPTION>Andrew Ford - Spinning the Web (html)</DESCRIPTION>
         <AUTHORS>
          <AUTHOR>
           <FULLNAME>Andrew Ford</FULLNAME>
           <LASTNAME>Ford</LASTNAME>
           <FIRSTNAME>Andrew</FIRSTNAME>
          </AUTHOR>
         </AUTHORS>
         <TITLE>Spinning the Web</TITLE>
         <INSTANCES>
          <INSTANCE>
           <FORMAT>html</FORMAT>
           <SIZE>0</SIZE>
           <CHECKSUM>0</CHECKSUM>
          </INSTANCE>
         </INSTANCES>
        </INFO>
       </ITEM>
      </FILE>
      <FILE link="Lib/InfoSyS/Network/U-BK-ZaAI.zip">
       <LOCATION>
        <URL>Lib/InfoSyS/Network/U-BK-ZaAI.zip</URL>
        <SIZE>0.1</SIZE>
        <CHECKSUM>0</CHECKSUM>
        <TYPE>zip</TYPE>
       </LOCATION>
       <ITEM>
        <INFO>
         <CATEGORIES>
          <CATEGORY>Lib/InfoSyS/Network</CATEGORY>
         </CATEGORIES>
         <DESCRIPTION>Brendan Kehoe - Zen and the Art of the Internet (html)</DESCRIPTION>
         <AUTHORS>
          <AUTHOR>
           <FULLNAME>Brendan Kehoe</FULLNAME>
           <LASTNAME>Kehoe</LASTNAME>
           <FIRSTNAME>Brendan</FIRSTNAME>
          </AUTHOR>
         </AUTHORS>
         <TITLE>Zen and the Art of the Internet</TITLE>
         <INSTANCES>
          <INSTANCE>
           <FORMAT>html</FORMAT>
           <SIZE>0</SIZE>
           <CHECKSUM>0</CHECKSUM>
          </INSTANCE>
         </INSTANCES>
        </INFO>
       </ITEM>
      </FILE>
      <FILE link="Lib/InfoSyS/Network/U-CS-QRFNT.zip">
       <LOCATION>
        <URL>Lib/InfoSyS/Network/U-CS-QRFNT.zip</URL>
        <SIZE>0.3</SIZE>
        <CHECKSUM>0</CHECKSUM>
        <TYPE>zip</TYPE>
       </LOCATION>
       <ITEM>
        <INFO>
         <CATEGORIES>
          <CATEGORY>Lib/InfoSyS/Network</CATEGORY>
         </CATEGORIES>
         <DESCRIPTION>Cabletron Systems - Quick Reference Guide for Network Troubleshooting</DESCRIPTION>
         <AUTHORS>
          <AUTHOR>
           <FULLNAME>Cabletron Systems</FULLNAME>
           <LASTNAME>Systems</LASTNAME>
           <FIRSTNAME>Cabletron</FIRSTNAME>
          </AUTHOR>
         </AUTHORS>
         <TITLE>Quick Reference Guide for Network Troubleshooting</TITLE>
         <INSTANCES>
          <INSTANCE>
           <FORMAT>pdf</FORMAT>
           <SIZE>0</SIZE>
           <CHECKSUM>0</CHECKSUM>
          </INSTANCE>
         </INSTANCES>
        </INFO>
       </ITEM>
      </FILE>
      <FILE link="Lib/InfoSyS/Network/U-CS-QRG100ME.zip">
       <LOCATION>
        <URL>Lib/InfoSyS/Network/U-CS-QRG100ME.zip</URL>
        <SIZE>0.2</SIZE>
        <CHECKSUM>0</CHECKSUM>
        <TYPE>zip</TYPE>
       </LOCATION>
       <ITEM>
        <INFO>
         <CATEGORIES>
          <CATEGORY>Lib/InfoSyS/Network</CATEGORY>
         </CATEGORIES>
         <DESCRIPTION>Charles Spurgeon - Quick Reference Guides to 100 Mbps Ethernet (html)</DESCRIPTION>
         <AUTHORS>
          <AUTHOR>
           <FULLNAME>Charles Spurgeon</FULLNAME>
           <LASTNAME>Spurgeon</LASTNAME>
           <FIRSTNAME>Charles</FIRSTNAME>
          </AUTHOR>
         </AUTHORS>
         <TITLE>Quick Reference Guides to 100 Mbps Ethernet</TITLE>
         <INSTANCES>
          <INSTANCE>
           <FORMAT>html</FORMAT>
           <SIZE>0</SIZE>
           <CHECKSUM>0</CHECKSUM>
          </INSTANCE>
         </INSTANCES>
        </INFO>
       </ITEM>
      </FILE>
      <FILE link="Lib/InfoSyS/Network/U-CS-QRG10ME.zip">
       <LOCATION>
        <URL>Lib/InfoSyS/Network/U-CS-QRG10ME.zip</URL>
        <SIZE>0.2</SIZE>
        <CHECKSUM>0</CHECKSUM>
        <TYPE>zip</TYPE>
       </LOCATION>
       <ITEM>
        <INFO>
         <CATEGORIES>
          <CATEGORY>Lib/InfoSyS/Network</CATEGORY>
         </CATEGORIES>
         <DESCRIPTION>Charles Spurgeon - Quick Reference Guides to 10 Mbps Ethernet (html)</DESCRIPTION>
         <AUTHORS>
          <AUTHOR>
           <FULLNAME>Charles Spurgeon</FULLNAME>
           <LASTNAME>Spurgeon</LASTNAME>
           <FIRSTNAME>Charles</FIRSTNAME>
          </AUTHOR>
         </AUTHORS>
         <TITLE>Quick Reference Guides to 10 Mbps Ethernet</TITLE>
         <INSTANCES>
          <INSTANCE>
           <FORMAT>html</FORMAT>
           <SIZE>0</SIZE>
           <CHECKSUM>0</CHECKSUM>
          </INSTANCE>
         </INSTANCES>
        </INFO>
       </ITEM>
      </FILE>
      <FILE link="Lib/InfoSyS/Network/U-CS-QRGfNT.zip">
       <LOCATION>
        <URL>Lib/InfoSyS/Network/U-CS-QRGfNT.zip</URL>
        <SIZE>0.3</SIZE>
        <CHECKSUM>0</CHECKSUM>
        <TYPE>zip</TYPE>
       </LOCATION>
       <ITEM>
        <INFO>
         <CATEGORIES>
          <CATEGORY>Lib/InfoSyS/Network</CATEGORY>
         </CATEGORIES>
         <DESCRIPTION>Cabletron Systems - Quick Reference Guide for Network Troubleshooting</DESCRIPTION>
         <AUTHORS>
          <AUTHOR>
           <FULLNAME>Cabletron Systems</FULLNAME>
           <LASTNAME>Systems</LASTNAME>
           <FIRSTNAME>Cabletron</FIRSTNAME>
          </AUTHOR>
         </AUTHORS>
         <TITLE>Quick Reference Guide for Network Troubleshooting</TITLE>
         <INSTANCES>
          <INSTANCE>
           <FORMAT>pdf</FORMAT>
           <SIZE>0</SIZE>
           <CHECKSUM>0</CHECKSUM>
          </INSTANCE>
         </INSTANCES>
        </INFO>
       </ITEM>
      </FILE>
      <FILE link="Lib/InfoSyS/Network/U-JC-IM.zip">
       <LOCATION>
        <URL>Lib/InfoSyS/Network/U-JC-IM.zip</URL>
        <SIZE>1.2</SIZE>
        <CHECKSUM>0</CHECKSUM>
        <TYPE>zip</TYPE>
       </LOCATION>
       <ITEM>
        <INFO>
         <CATEGORIES>
          <CATEGORY>Lib/InfoSyS/Network</CATEGORY>
         </CATEGORIES>
         <DESCRIPTION>Jon Crowcroft - Internetworking Multimedia (html)</DESCRIPTION>
         <AUTHORS>
          <AUTHOR>
           <FULLNAME>Jon Crowcroft</FULLNAME>
           <LASTNAME>Crowcroft</LASTNAME>
           <FIRSTNAME>Jon</FIRSTNAME>
          </AUTHOR>
         </AUTHORS>
         <TITLE>Internetworking Multimedia</TITLE>
         <INSTANCES>
          <INSTANCE>
           <FORMAT>html</FORMAT>
           <SIZE>0</SIZE>
           <CHECKSUM>0</CHECKSUM>
          </INSTANCE>
         </INSTANCES>
        </INFO>
       </ITEM>
      </FILE>
      <FILE link="Lib/InfoSyS/Network/U-JC-ODS.zip">
       <LOCATION>
        <URL>Lib/InfoSyS/Network/U-JC-ODS.zip</URL>
        <SIZE>0.5</SIZE>
        <CHECKSUM>0</CHECKSUM>
        <TYPE>zip</TYPE>
       </LOCATION>
       <ITEM>
        <INFO>
         <CATEGORIES>
          <CATEGORY>Lib/InfoSyS/Network</CATEGORY>
         </CATEGORIES>
         <DESCRIPTION>Jon Crowcroft - Open Distributed Systems (html)</DESCRIPTION>
         <AUTHORS>
          <AUTHOR>
           <FULLNAME>Jon Crowcroft</FULLNAME>
           <LASTNAME>Crowcroft</LASTNAME>
           <FIRSTNAME>Jon</FIRSTNAME>
          </AUTHOR>
         </AUTHORS>
         <TITLE>Open Distributed Systems</TITLE>
         <INSTANCES>
          <INSTANCE>
           <FORMAT>html</FORMAT>
           <SIZE>0</SIZE>
           <CHECKSUM>0</CHECKSUM>
          </INSTANCE>
         </INSTANCES>
        </INFO>
       </ITEM>
      </FILE>
      <FILE link="Lib/InfoSyS/Network/U-KS-MTIO.zip">
       <LOCATION>
        <URL>Lib/InfoSyS/Network/U-KS-MTIO.zip</URL>
        <SIZE>1.1</SIZE>
        <CHECKSUM>0</CHECKSUM>
        <TYPE>zip</TYPE>
       </LOCATION>
       <ITEM>
        <INFO>
         <CATEGORIES>
          <CATEGORY>Lib/InfoSyS/Network</CATEGORY>
         </CATEGORIES>
         <DESCRIPTION>Ken Savetz - MBONE: Multicasting Tomorrow's Internet (html)</DESCRIPTION>
         <AUTHORS>
          <AUTHOR>
           <FULLNAME>Ken Savetz</FULLNAME>
           <LASTNAME>Savetz</LASTNAME>
           <FIRSTNAME>Ken</FIRSTNAME>
          </AUTHOR>
         </AUTHORS>
         <TITLE>MBONE: Multicasting Tomorrow's Internet</TITLE>
         <INSTANCES>
          <INSTANCE>
           <FORMAT>html</FORMAT>
           <SIZE>0</SIZE>
           <CHECKSUM>0</CHECKSUM>
          </INSTANCE>
         </INSTANCES>
        </INFO>
       </ITEM>
      </FILE>
      <FILE link="Lib/InfoSyS/Network/U-MC-TCPfT.zip">
       <LOCATION>
        <URL>Lib/InfoSyS/Network/U-MC-TCPfT.zip</URL>
        <SIZE>0.1</SIZE>
        <CHECKSUM>0</CHECKSUM>
        <TYPE>zip</TYPE>
       </LOCATION>
       <ITEM>
        <INFO>
         <CATEGORIES>
          <CATEGORY>Lib/InfoSyS/Network</CATEGORY>
         </CATEGORIES>
         <DESCRIPTION>Mark Stacey - TCP for Transactions (html)</DESCRIPTION>
         <AUTHORS>
          <AUTHOR>
           <FULLNAME>Mark Stacey</FULLNAME>
           <LASTNAME>Stacey</LASTNAME>
           <FIRSTNAME>Mark</FIRSTNAME>
          </AUTHOR>
         </AUTHORS>
         <TITLE>TCP for Transactions</TITLE>
         <INSTANCES>
          <INSTANCE>
           <FORMAT>html</FORMAT>
           <SIZE>0</SIZE>
           <CHECKSUM>0</CHECKSUM>
          </INSTANCE>
         </INSTANCES>
        </INFO>
       </ITEM>
      </FILE>
      <FILE link="Lib/InfoSyS/Network/U-RS-TCPIP.zip">
       <LOCATION>
        <URL>Lib/InfoSyS/Network/U-RS-TCPIP.zip</URL>
        <SIZE>0</SIZE>
        <CHECKSUM>0</CHECKSUM>
        <TYPE>zip</TYPE>
       </LOCATION>
       <ITEM>
        <INFO>
         <CATEGORIES>
          <CATEGORY>Lib/InfoSyS/Network</CATEGORY>
         </CATEGORIES>
         <DESCRIPTION>Р. Смелянский - Семейство протоколов TCP/IP (txt)</DESCRIPTION>
         <AUTHORS>
          <AUTHOR>
           <FULLNAME>Р. Смелянский</FULLNAME>
           <LASTNAME>Смелянский</LASTNAME>
           <FIRSTNAME>Р.</FIRSTNAME>
          </AUTHOR>
         </AUTHORS>
         <TITLE>Семейство протоколов TCP/IP</TITLE>
         <INSTANCES>
          <INSTANCE>
           <FORMAT>txt</FORMAT>
           <SIZE>0</SIZE>
           <CHECKSUM>0</CHECKSUM>
          </INSTANCE>
         </INSTANCES>
        </INFO>
       </ITEM>
      </FILE>
      <FILE link="Lib/InfoSyS/Network/U-SH-AVPNM.zip">
       <LOCATION>
        <URL>Lib/InfoSyS/Network/U-SH-AVPNM.zip</URL>
        <SIZE>0.1</SIZE>
        <CHECKSUM>0</CHECKSUM>
        <TYPE>zip</TYPE>
       </LOCATION>
       <ITEM>
        <INFO>
         <CATEGORIES>
          <CATEGORY>Lib/InfoSyS/Network</CATEGORY>
         </CATEGORIES>
         <DESCRIPTION>Scott Hilton - Automating VPN Managment</DESCRIPTION>
         <AUTHORS>
          <AUTHOR>
           <FULLNAME>Scott Hilton</FULLNAME>
           <LASTNAME>Hilton</LASTNAME>
           <FIRSTNAME>Scott</FIRSTNAME>
          </AUTHOR>
         </AUTHORS>
         <TITLE>Automating VPN Managment</TITLE>
         <INSTANCES>
          <INSTANCE>
           <FORMAT>pdf</FORMAT>
           <SIZE>0</SIZE>
           <CHECKSUM>0</CHECKSUM>
          </INSTANCE>
         </INSTANCES>
        </INFO>
       </ITEM>
      </FILE>
      <FILE link="Lib/InfoSyS/Network/U-SH-tIA.zip">
       <LOCATION>
        <URL>Lib/InfoSyS/Network/U-SH-tIA.zip</URL>
        <SIZE>6.9</SIZE>
        <CHECKSUM>0</CHECKSUM>
        <TYPE>zip</TYPE>
       </LOCATION>
       <ITEM>
        <INFO>
         <CATEGORIES>
          <CATEGORY>Lib/InfoSyS/Network</CATEGORY>
         </CATEGORIES>
         <DESCRIPTION>Shel Holtz - The Intranet Advantage (html)</DESCRIPTION>
         <AUTHORS>
          <AUTHOR>
           <FULLNAME>Shel Holtz</FULLNAME>
           <LASTNAME>Holtz</LASTNAME>
           <FIRSTNAME>Shel</FIRSTNAME>
          </AUTHOR>
         </AUTHORS>
         <TITLE>The Intranet Advantage</TITLE>
         <INSTANCES>
          <INSTANCE>
           <FORMAT>html</FORMAT>
           <SIZE>0</SIZE>
           <CHECKSUM>0</CHECKSUM>
          </INSTANCE>
         </INSTANCES>
        </INFO>
       </ITEM>
      </FILE>
      <FILE link="Lib/InfoSyS/Network/U-TL-IC2.zip">
       <LOCATION>
        <URL>Lib/InfoSyS/Network/U-TL-IC2.zip</URL>
        <SIZE>0.4</SIZE>
        <CHECKSUM>0</CHECKSUM>
        <TYPE>zip</TYPE>
       </LOCATION>
       <ITEM>
        <INFO>
         <CATEGORIES>
          <CATEGORY>Lib/InfoSyS/Network</CATEGORY>
         </CATEGORIES>
         <DESCRIPTION>Tracy LaQuey - Internet Companion, 2nd Edition</DESCRIPTION>
         <AUTHORS>
          <AUTHOR>
           <FULLNAME>Tracy LaQuey</FULLNAME>
           <LASTNAME>LaQuey</LASTNAME>
           <FIRSTNAME>Tracy</FIRSTNAME>
          </AUTHOR>
         </AUTHORS>
         <TITLE>Internet Companion</TITLE>
         <EDITION>2</EDITION>
         <INSTANCES>
          <INSTANCE>
           <FORMAT>pdf</FORMAT>
           <SIZE>0</SIZE>
           <CHECKSUM>0</CHECKSUM>
          </INSTANCE>
         </INSTANCES>
        </INFO>
       </ITEM>
      </FILE>
      <FILE link="Lib/InfoSyS/Network/WW-MB-DATMADSL.zip">
       <LOCATION>
        <URL>Lib/InfoSyS/Network/WW-MB-DATMADSL.zip</URL>
        <SIZE>2.9</SIZE>
        <CHECKSUM>0</CHECKSUM>
        <TYPE>zip</TYPE>
       </LOCATION>
       <ITEM>
        <INFO>
         <CATEGORIES>
          <CATEGORY>Lib/InfoSyS/Network</CATEGORY>
         </CATEGORIES>
         <DESCRIPTION>Wordware - Michael Busby - Demystifying ATM/ADSL (html)</DESCRIPTION>
         <PUBLISHERS>
          <PUBLISHER>Wordware</PUBLISHER>
         </PUBLISHERS>
         <AUTHORS>
          <AUTHOR>
           <FULLNAME>Michael Busby</FULLNAME>
           <LASTNAME>Busby</LASTNAME>
           <FIRSTNAME>Michael</FIRSTNAME>
          </AUTHOR>
         </AUTHORS>
         <TITLE>Demystifying ATM/ADSL</TITLE>
         <INSTANCES>
          <INSTANCE>
           <FORMAT>html</FORMAT>
           <SIZE>0</SIZE>
           <CHECKSUM>0</CHECKSUM>
          </INSTANCE>
         </INSTANCES>
        </INFO>
       </ITEM>
      </FILE>
      <FILE link="Lib/InfoSyS/Network/ZD-PG-HIW.zip">
       <LOCATION>
        <URL>Lib/InfoSyS/Network/ZD-PG-HIW.zip</URL>
        <SIZE>0.1</SIZE>
        <CHECKSUM>0</CHECKSUM>
        <TYPE>zip</TYPE>
       </LOCATION>
       <ITEM>
        <INFO>
         <CATEGORIES>
          <CATEGORY>Lib/InfoSyS/Network</CATEGORY>
         </CATEGORIES>
         <DESCRIPTION>ZDPress - Preston Gralla - How Intranets Work (html)</DESCRIPTION>
         <PUBLISHERS>
          <PUBLISHER>ZDPress</PUBLISHER>
         </PUBLISHERS>
         <AUTHORS>
          <AUTHOR>
           <FULLNAME>Preston Gralla</FULLNAME>
           <LASTNAME>Gralla</LASTNAME>
           <FIRSTNAME>Preston</FIRSTNAME>
          </AUTHOR>
         </AUTHORS>
         <TITLE>How Intranets Work</TITLE>
         <INSTANCES>
          <INSTANCE>
           <FORMAT>html</FORMAT>
           <SIZE>0</SIZE>
           <CHECKSUM>0</CHECKSUM>
          </INSTANCE>
         </INSTANCES>
        </INFO>
       </ITEM>
      </FILE>
      <DIR link="Lib/InfoSyS/Network/Cisco">
       <LOCATION>
        <URL>Lib/InfoSyS/Network/Cisco</URL>
        <SIZE>87.9</SIZE>
       </LOCATION>
       <FILELIST category="Lib/InfoSyS/Network/Cisco">
        <INFO>
         <DESCRIPTION>Cisco Books</DESCRIPTION>
         <TITLE>Cisco Books</TITLE>
         <DEFAULTFORMAT>pdf</DEFAULTFORMAT>
        </INFO>
        <FILE link="Lib/InfoSyS/Network/Cisco/AT--BCNE.zip">
         <LOCATION>
          <URL>Lib/InfoSyS/Network/Cisco/AT--BCNE.zip</URL>
          <SIZE>0.4</SIZE>
          <CHECKSUM>0</CHECKSUM>
          <TYPE>zip</TYPE>
         </LOCATION>
         <ITEM>
          <INFO>
           <CATEGORIES>
            <CATEGORY>Lib/InfoSyS/Network/Cisco</CATEGORY>
           </CATEGORIES>
           <DESCRIPTION>Artium Technical - Becoming a CNE</DESCRIPTION>
           <AUTHORS>
            <AUTHOR>
             <FULLNAME>Artium Technical</FULLNAME>
             <LASTNAME>Technical</LASTNAME>
             <FIRSTNAME>Artium</FIRSTNAME>
            </AUTHOR>
           </AUTHORS>
           <TITLE>Becoming a CNE</TITLE>
           <INSTANCES>
            <INSTANCE>
             <FORMAT>pdf</FORMAT>
             <SIZE>0</SIZE>
             <CHECKSUM>0</CHECKSUM>
            </INSTANCE>
           </INSTANCES>
          </INFO>
         </ITEM>
        </FILE>
        <FILE link="Lib/InfoSyS/Network/Cisco/CCNAsuper.exe">
         <LOCATION>
          <URL>Lib/InfoSyS/Network/Cisco/CCNAsuper.exe</URL>
          <SIZE>35.4</SIZE>
          <CHECKSUM>0</CHECKSUM>
          <TYPE>plain</TYPE>
         </LOCATION>
         <ITEM>
          <INFO>
           <CATEGORIES>
            <CATEGORY>Lib/InfoSyS/Network/Cisco</CATEGORY>
           </CATEGORIES>
           <DESCRIPTION>Cisco - - CCNA Web Edition (exe)</DESCRIPTION>
           <PUBLISHERS>
            <PUBLISHER>Cisco</PUBLISHER>
           </PUBLISHERS>
           <TITLE>CCNA Web Edition</TITLE>
           <INSTANCES>
            <INSTANCE>
             <FORMAT>exe</FORMAT>
             <SIZE>0</SIZE>
             <CHECKSUM>0</CHECKSUM>
            </INSTANCE>
           </INSTANCES>
          </INFO>
         </ITEM>
        </FILE>
        <FILE link="Lib/InfoSyS/Network/Cisco/CDC-ITCPIPPwSC.zip">
         <LOCATION>
          <URL>Lib/InfoSyS/Network/Cisco/CDC-ITCPIPPwSC.zip</URL>
          <SIZE>0.2</SIZE>
          <CHECKSUM>0</CHECKSUM>
          <TYPE>zip</TYPE>
         </LOCATION>
         <ITEM>
          <INFO>
           <CATEGORIES>
            <CATEGORY>Lib/InfoSyS/Network/Cisco</CATEGORY>
           </CATEGORIES>
           <DESCRIPTION>CDC - - An Introduction to TCP/IP Programming with SocketWrench</DESCRIPTION>
           <PUBLISHERS>
            <PUBLISHER>CDC</PUBLISHER>
           </PUBLISHERS>
           <TITLE>An Introduction to TCP/IP Programming with SocketWrench</TITLE>
           <INSTANCES>
            <INSTANCE>
             <FORMAT>pdf</FORMAT>
             <SIZE>0</SIZE>
             <CHECKSUM>0</CHECKSUM>
            </INSTANCE>
           </INSTANCES>
          </INFO>
         </ITEM>
        </FILE>
        <FILE link="Lib/InfoSyS/Network/Cisco/Cisco-CCIE-IDG.zip">
         <LOCATION>
          <URL>Lib/InfoSyS/Network/Cisco/Cisco-CCIE-IDG.zip</URL>
          <SIZE>3.6</SIZE>
          <CHECKSUM>0</CHECKSUM>
          <TYPE>zip</TYPE>
         </LOCATION>
         <ITEM>
          <INFO>
           <CATEGORIES>
            <CATEGORY>Lib/InfoSyS/Network/Cisco</CATEGORY>
           </CATEGORIES>
           <DESCRIPTION>Cisco - - Internetworking Design Guide</DESCRIPTION>
           <PUBLISHERS>
            <PUBLISHER>Cisco</PUBLISHER>
           </PUBLISHERS>
           <TITLE>Internetworking Design Guide</TITLE>
           <INSTANCES>
            <INSTANCE>
             <FORMAT>pdf</FORMAT>
             <SIZE>0</SIZE>
             <CHECKSUM>0</CHECKSUM>
            </INSTANCE>
           </INSTANCES>
          </INFO>
         </ITEM>
        </FILE>
        <FILE link="Lib/InfoSyS/Network/Cisco/Cisco-CCIE-ITO.zip">
         <LOCATION>
          <URL>Lib/InfoSyS/Network/Cisco/Cisco-CCIE-ITO.zip</URL>
          <SIZE>3.7</SIZE>
          <CHECKSUM>0</CHECKSUM>
          <TYPE>zip</TYPE>
         </LOCATION>
         <ITEM>
          <INFO>
           <CATEGORIES>
            <CATEGORY>Lib/InfoSyS/Network/Cisco</CATEGORY>
           </CATEGORIES>
           <DESCRIPTION>Cisco - - Internetworking Technology Overview</DESCRIPTION>
           <PUBLISHERS>
            <PUBLISHER>Cisco</PUBLISHER>
           </PUBLISHERS>
           <TITLE>Internetworking Technology Overview</TITLE>
           <INSTANCES>
            <INSTANCE>
             <FORMAT>pdf</FORMAT>
             <SIZE>0</SIZE>
             <CHECKSUM>0</CHECKSUM>
            </INSTANCE>
           </INSTANCES>
          </INFO>
         </ITEM>
        </FILE>
        <FILE link="Lib/InfoSyS/Network/Cisco/Cisco-CL-CTCPIPPR.zip">
         <LOCATION>
          <URL>Lib/InfoSyS/Network/Cisco/Cisco-CL-CTCPIPPR.zip</URL>
          <SIZE>2.6</SIZE>
          <CHECKSUM>0</CHECKSUM>
          <TYPE>zip</TYPE>
         </LOCATION>
         <ITEM>
          <INFO>
           <CATEGORIES>
            <CATEGORY>Lib/InfoSyS/Network/Cisco</CATEGORY>
           </CATEGORIES>
           <DESCRIPTION>Cisco - Chris Lewis - Cisco TCP/IP Routing Professional References (html)</DESCRIPTION>
           <PUBLISHERS>
            <PUBLISHER>Cisco</PUBLISHER>
           </PUBLISHERS>
           <AUTHORS>
            <AUTHOR>
             <FULLNAME>Chris Lewis</FULLNAME>
             <LASTNAME>Lewis</LASTNAME>
             <FIRSTNAME>Chris</FIRSTNAME>
            </AUTHOR>
           </AUTHORS>
           <TITLE>Cisco TCP/IP Routing Professional References</TITLE>
           <INSTANCES>
            <INSTANCE>
             <FORMAT>html</FORMAT>
             <SIZE>0</SIZE>
             <CHECKSUM>0</CHECKSUM>
            </INSTANCE>
           </INSTANCES>
          </INFO>
         </ITEM>
        </FILE>
        <FILE link="Lib/InfoSyS/Network/Cisco/Cisco-DITA.zip">
         <LOCATION>
          <URL>Lib/InfoSyS/Network/Cisco/Cisco-DITA.zip</URL>
          <SIZE>1.1</SIZE>
          <CHECKSUM>0</CHECKSUM>
          <TYPE>zip</TYPE>
         </LOCATION>
         <ITEM>
          <INFO>
           <CATEGORIES>
            <CATEGORY>Lib/InfoSyS/Network/Cisco</CATEGORY>
           </CATEGORIES>
           <DESCRIPTION>Cisco - - Dictionary of Internetworking Terms and Acronyms</DESCRIPTION>
           <PUBLISHERS>
            <PUBLISHER>Cisco</PUBLISHER>
           </PUBLISHERS>
           <TITLE>Dictionary of Internetworking Terms and Acronyms</TITLE>
           <INSTANCES>
            <INSTANCE>
             <FORMAT>pdf</FORMAT>
             <SIZE>0</SIZE>
             <CHECKSUM>0</CHECKSUM>
            </INSTANCE>
           </INSTANCES>
          </INFO>
         </ITEM>
        </FILE>
        <FILE link="Lib/InfoSyS/Network/Cisco/CISCO-GS-CIRH.zip">
         <LOCATION>
          <URL>Lib/InfoSyS/Network/Cisco/CISCO-GS-CIRH.zip</URL>
          <SIZE>0.1</SIZE>
          <CHECKSUM>0</CHECKSUM>
          <TYPE>zip</TYPE>
         </LOCATION>
         <ITEM>
          <INFO>
           <CATEGORIES>
            <CATEGORY>Lib/InfoSyS/Network/Cisco</CATEGORY>
           </CATEGORIES>
           <DESCRIPTION>George Sackett - Cisco Router Handbook (html)</DESCRIPTION>
           <AUTHORS>
            <AUTHOR>
             <FULLNAME>George Sackett</FULLNAME>
             <LASTNAME>Sackett</LASTNAME>
             <FIRSTNAME>George</FIRSTNAME>
            </AUTHOR>
           </AUTHORS>
           <TITLE>Cisco Router Handbook</TITLE>
           <INSTANCES>
            <INSTANCE>
             <FORMAT>html</FORMAT>
             <SIZE>0</SIZE>
             <CHECKSUM>0</CHECKSUM>
            </INSTANCE>
           </INSTANCES>
          </INFO>
         </ITEM>
        </FILE>
        <FILE link="Lib/InfoSyS/Network/Cisco/CISCO-GS-CRH.zip">
         <LOCATION>
          <URL>Lib/InfoSyS/Network/Cisco/CISCO-GS-CRH.zip</URL>
          <SIZE>0.1</SIZE>
          <CHECKSUM>0</CHECKSUM>
          <TYPE>zip</TYPE>
         </LOCATION>
         <ITEM>
          <INFO>
           <CATEGORIES>
            <CATEGORY>Lib/InfoSyS/Network/Cisco</CATEGORY>
           </CATEGORIES>
           <DESCRIPTION>George Sackett - Cisco Router Handbook (html)</DESCRIPTION>
           <AUTHORS>
            <AUTHOR>
             <FULLNAME>George Sackett</FULLNAME>
             <LASTNAME>Sackett</LASTNAME>
             <FIRSTNAME>George</FIRSTNAME>
            </AUTHOR>
           </AUTHORS>
           <TITLE>Cisco Router Handbook</TITLE>
           <INSTANCES>
            <INSTANCE>
             <FORMAT>html</FORMAT>
             <SIZE>0</SIZE>
             <CHECKSUM>0</CHECKSUM>
            </INSTANCE>
           </INSTANCES>
          </INFO>
         </ITEM>
        </FILE>
        <FILE link="Lib/InfoSyS/Network/Cisco/CISCO-JA-CIOSE.zip">
         <LOCATION>
          <URL>Lib/InfoSyS/Network/Cisco/CISCO-JA-CIOSE.zip</URL>
          <SIZE>0.2</SIZE>
          <CHECKSUM>0</CHECKSUM>
          <TYPE>zip</TYPE>
         </LOCATION>
         <ITEM>
          <INFO>
           <CATEGORIES>
            <CATEGORY>Lib/InfoSyS/Network/Cisco</CATEGORY>
           </CATEGORIES>
           <DESCRIPTION>John Albritton - Cisco IOS Essentials (html)</DESCRIPTION>
           <AUTHORS>
            <AUTHOR>
             <FULLNAME>John Albritton</FULLNAME>
             <LASTNAME>Albritton</LASTNAME>
             <FIRSTNAME>John</FIRSTNAME>
            </AUTHOR>
           </AUTHORS>
           <TITLE>Cisco IOS Essentials</TITLE>
           <INSTANCES>
            <INSTANCE>
             <FORMAT>html</FORMAT>
             <SIZE>0</SIZE>
             <CHECKSUM>0</CHECKSUM>
            </INSTANCE>
           </INSTANCES>
          </INFO>
         </ITEM>
        </FILE>
        <FILE link="Lib/InfoSyS/Network/Cisco/Cisco-LR-CIPA.zip">
         <LOCATION>
          <URL>Lib/InfoSyS/Network/Cisco/Cisco-LR-CIPA.zip</URL>
          <SIZE>3</SIZE>
          <CHECKSUM>0</CHECKSUM>
          <TYPE>zip</TYPE>
         </LOCATION>
         <ITEM>
          <INFO>
           <CATEGORIES>
            <CATEGORY>Lib/InfoSyS/Network/Cisco</CATEGORY>
           </CATEGORIES>
           <DESCRIPTION>Cisco - Louis Rossi - Cisco and IP Addressing (html)</DESCRIPTION>
           <PUBLISHERS>
            <PUBLISHER>Cisco</PUBLISHER>
           </PUBLISHERS>
           <AUTHORS>
            <AUTHOR>
             <FULLNAME>Louis Rossi</FULLNAME>
             <LASTNAME>Rossi</LASTNAME>
             <FIRSTNAME>Louis</FIRSTNAME>
            </AUTHOR>
           </AUTHORS>
           <TITLE>Cisco and IP Addressing</TITLE>
           <INSTANCES>
            <INSTANCE>
             <FORMAT>html</FORMAT>
             <SIZE>0</SIZE>
             <CHECKSUM>0</CHECKSUM>
            </INSTANCE>
           </INSTANCES>
          </INFO>
         </ITEM>
        </FILE>
        <FILE link="Lib/InfoSyS/Network/Cisco/CISCO-PF-CCRI.zip">
         <LOCATION>
          <URL>Lib/InfoSyS/Network/Cisco/CISCO-PF-CCRI.zip</URL>
          <SIZE>0.2</SIZE>
          <CHECKSUM>0</CHECKSUM>
          <TYPE>zip</TYPE>
         </LOCATION>
         <ITEM>
          <INFO>
           <CATEGORIES>
            <CATEGORY>Lib/InfoSyS/Network/Cisco</CATEGORY>
           </CATEGORIES>
           <DESCRIPTION>Paul Fischer - Configuring Cisco Routers for ISDN (html)</DESCRIPTION>
           <AUTHORS>
            <AUTHOR>
             <FULLNAME>Paul Fischer</FULLNAME>
             <LASTNAME>Fischer</LASTNAME>
             <FIRSTNAME>Paul</FIRSTNAME>
            </AUTHOR>
           </AUTHORS>
           <TITLE>Configuring Cisco Routers for ISDN</TITLE>
           <INSTANCES>
            <INSTANCE>
             <FORMAT>html</FORMAT>
             <SIZE>0</SIZE>
             <CHECKSUM>0</CHECKSUM>
            </INSTANCE>
           </INSTANCES>
          </INFO>
         </ITEM>
        </FILE>
        <FILE link="Lib/InfoSyS/Network/Cisco/Cisco-WP-CMRS.zip">
         <LOCATION>
          <URL>Lib/InfoSyS/Network/Cisco/Cisco-WP-CMRS.zip</URL>
          <SIZE>3</SIZE>
          <CHECKSUM>0</CHECKSUM>
          <TYPE>zip</TYPE>
         </LOCATION>
         <ITEM>
          <INFO>
           <CATEGORIES>
            <CATEGORY>Lib/InfoSyS/Network/Cisco</CATEGORY>
           </CATEGORIES>
           <DESCRIPTION>Cisco - William Parkhurst - Cisco Multicast Routing and Switching (html)</DESCRIPTION>
           <PUBLISHERS>
            <PUBLISHER>Cisco</PUBLISHER>
           </PUBLISHERS>
           <AUTHORS>
            <AUTHOR>
             <FULLNAME>William Parkhurst</FULLNAME>
             <LASTNAME>Parkhurst</LASTNAME>
             <FIRSTNAME>William</FIRSTNAME>
            </AUTHOR>
           </AUTHORS>
           <TITLE>Cisco Multicast Routing and Switching</TITLE>
           <INSTANCES>
            <INSTANCE>
             <FORMAT>html</FORMAT>
             <SIZE>0</SIZE>
             <CHECKSUM>0</CHECKSUM>
            </INSTANCE>
           </INSTANCES>
          </INFO>
         </ITEM>
        </FILE>
        <FILE link="Lib/InfoSyS/Network/Cisco/OReilly-JS-CIOSAL.zip">
         <LOCATION>
          <URL>Lib/InfoSyS/Network/Cisco/OReilly-JS-CIOSAL.zip</URL>
          <SIZE>1.3</SIZE>
          <CHECKSUM>0</CHECKSUM>
          <TYPE>zip</TYPE>
         </LOCATION>
         <ITEM>
          <INFO>
           <CATEGORIES>
            <CATEGORY>Lib/InfoSyS/Network/Cisco</CATEGORY>
           </CATEGORIES>
           <DESCRIPTION>O'Reilly - Jeff Sedayao  - Cisco IOS Access Lists</DESCRIPTION>
           <PUBLISHERS>
            <PUBLISHER>O'Reilly</PUBLISHER>
           </PUBLISHERS>
           <AUTHORS>
            <AUTHOR>
             <FULLNAME>Jeff Sedayao </FULLNAME>
             <LASTNAME>Sedayao</LASTNAME>
             <FIRSTNAME>Jeff</FIRSTNAME>
            </AUTHOR>
           </AUTHORS>
           <TITLE>Cisco IOS Access Lists</TITLE>
           <INSTANCES>
            <INSTANCE>
             <FORMAT>pdf</FORMAT>
             <SIZE>0</SIZE>
             <CHECKSUM>0</CHECKSUM>
            </INSTANCE>
           </INSTANCES>
          </INFO>
         </ITEM>
        </FILE>
        <FILE link="Lib/InfoSyS/Network/Cisco/Syngress--CVoIP.zip">
         <LOCATION>
          <URL>Lib/InfoSyS/Network/Cisco/Syngress--CVoIP.zip</URL>
          <SIZE>4</SIZE>
          <CHECKSUM>0</CHECKSUM>
          <TYPE>zip</TYPE>
         </LOCATION>
         <ITEM>
          <INFO>
           <CATEGORIES>
            <CATEGORY>Lib/InfoSyS/Network/Cisco</CATEGORY>
           </CATEGORIES>
           <DESCRIPTION>Syngress - - Cisco: Voice over IP (html)</DESCRIPTION>
           <PUBLISHERS>
            <PUBLISHER>Syngress</PUBLISHER>
           </PUBLISHERS>
           <TITLE>Cisco: Voice over IP</TITLE>
           <INSTANCES>
            <INSTANCE>
             <FORMAT>html</FORMAT>
             <SIZE>0</SIZE>
             <CHECKSUM>0</CHECKSUM>
            </INSTANCE>
           </INSTANCES>
          </INFO>
         </ITEM>
        </FILE>
        <FILE link="Lib/InfoSyS/Network/Cisco/Syngress-JM-BCNfW2K.zip">
         <LOCATION>
          <URL>Lib/InfoSyS/Network/Cisco/Syngress-JM-BCNfW2K.zip</URL>
          <SIZE>5.2</SIZE>
          <CHECKSUM>0</CHECKSUM>
          <TYPE>zip</TYPE>
         </LOCATION>
         <ITEM>
          <INFO>
           <CATEGORIES>
            <CATEGORY>Lib/InfoSyS/Network/Cisco</CATEGORY>
           </CATEGORIES>
           <DESCRIPTION>Syngress - Jacques Mueller - Building CISCO Network for W2K</DESCRIPTION>
           <PUBLISHERS>
            <PUBLISHER>Syngress</PUBLISHER>
           </PUBLISHERS>
           <AUTHORS>
            <AUTHOR>
             <FULLNAME>Jacques Mueller</FULLNAME>
             <LASTNAME>Mueller</LASTNAME>
             <FIRSTNAME>Jacques</FIRSTNAME>
            </AUTHOR>
           </AUTHORS>
           <TITLE>Building CISCO Network for W2K</TITLE>
           <INSTANCES>
            <INSTANCE>
             <FORMAT>pdf</FORMAT>
             <SIZE>0</SIZE>
             <CHECKSUM>0</CHECKSUM>
            </INSTANCE>
           </INSTANCES>
          </INFO>
         </ITEM>
        </FILE>
        <FILE link="Lib/InfoSyS/Network/Cisco/Syngress-ME-BCRAN.zip">
         <LOCATION>
          <URL>Lib/InfoSyS/Network/Cisco/Syngress-ME-BCRAN.zip</URL>
          <SIZE>5.4</SIZE>
          <CHECKSUM>0</CHECKSUM>
          <TYPE>zip</TYPE>
         </LOCATION>
         <ITEM>
          <INFO>
           <CATEGORIES>
            <CATEGORY>Lib/InfoSyS/Network/Cisco</CATEGORY>
           </CATEGORIES>
           <DESCRIPTION>Syngress - Mark Edwards - Building CISCO Remote Access Networks</DESCRIPTION>
           <PUBLISHERS>
            <PUBLISHER>Syngress</PUBLISHER>
           </PUBLISHERS>
           <AUTHORS>
            <AUTHOR>
             <FULLNAME>Mark Edwards</FULLNAME>
             <LASTNAME>Edwards</LASTNAME>
             <FIRSTNAME>Mark</FIRSTNAME>
            </AUTHOR>
           </AUTHORS>
           <TITLE>Building CISCO Remote Access Networks</TITLE>
           <INSTANCES>
            <INSTANCE>
             <FORMAT>pdf</FORMAT>
             <SIZE>0</SIZE>
             <CHECKSUM>0</CHECKSUM>
            </INSTANCE>
           </INSTANCES>
          </INFO>
         </ITEM>
        </FILE>
        <FILE link="Lib/InfoSyS/Network/Cisco/Syngress-MF-ACQoS.zip">
         <LOCATION>
          <URL>Lib/InfoSyS/Network/Cisco/Syngress-MF-ACQoS.zip</URL>
          <SIZE>3.1</SIZE>
          <CHECKSUM>0</CHECKSUM>
          <TYPE>zip</TYPE>
         </LOCATION>
         <ITEM>
          <INFO>
           <CATEGORIES>
            <CATEGORY>Lib/InfoSyS/Network/Cisco</CATEGORY>
           </CATEGORIES>
           <DESCRIPTION>Syngress - Michael Flannagan - Administering CISCO QoS IP Networks</DESCRIPTION>
           <PUBLISHERS>
            <PUBLISHER>Syngress</PUBLISHER>
           </PUBLISHERS>
           <AUTHORS>
            <AUTHOR>
             <FULLNAME>Michael Flannagan</FULLNAME>
             <LASTNAME>Flannagan</LASTNAME>
             <FIRSTNAME>Michael</FIRSTNAME>
            </AUTHOR>
           </AUTHORS>
           <TITLE>Administering CISCO QoS IP Networks</TITLE>
           <INSTANCES>
            <INSTANCE>
             <FORMAT>pdf</FORMAT>
             <SIZE>0</SIZE>
             <CHECKSUM>0</CHECKSUM>
            </INSTANCE>
           </INSTANCES>
          </INFO>
         </ITEM>
        </FILE>
        <FILE link="Lib/InfoSyS/Network/Cisco/Syngress-RB-CCAVVID.zip">
         <LOCATION>
          <URL>Lib/InfoSyS/Network/Cisco/Syngress-RB-CCAVVID.zip</URL>
          <SIZE>3.6</SIZE>
          <CHECKSUM>0</CHECKSUM>
          <TYPE>zip</TYPE>
         </LOCATION>
         <ITEM>
          <INFO>
           <CATEGORIES>
            <CATEGORY>Lib/InfoSyS/Network/Cisco</CATEGORY>
           </CATEGORIES>
           <DESCRIPTION>Syngress - Randall Benn - Configuring CISCO AVVID (Architecture for Voice, Video, and Integrated Data)</DESCRIPTION>
           <PUBLISHERS>
            <PUBLISHER>Syngress</PUBLISHER>
           </PUBLISHERS>
           <AUTHORS>
            <AUTHOR>
             <FULLNAME>Randall Benn</FULLNAME>
             <LASTNAME>Benn</LASTNAME>
             <FIRSTNAME>Randall</FIRSTNAME>
            </AUTHOR>
           </AUTHORS>
           <TITLE>Configuring CISCO AVVID (Architecture for Voice, Video, and Integrated Data)</TITLE>
           <INSTANCES>
            <INSTANCE>
             <FORMAT>pdf</FORMAT>
             <SIZE>0</SIZE>
             <CHECKSUM>0</CHECKSUM>
            </INSTANCE>
           </INSTANCES>
          </INFO>
         </ITEM>
        </FILE>
        <FILE link="Lib/InfoSyS/Network/Cisco/Syngress-RL-MCNS.zip">
         <LOCATION>
          <URL>Lib/InfoSyS/Network/Cisco/Syngress-RL-MCNS.zip</URL>
          <SIZE>4.5</SIZE>
          <CHECKSUM>0</CHECKSUM>
          <TYPE>zip</TYPE>
         </LOCATION>
         <ITEM>
          <INFO>
           <CATEGORIES>
            <CATEGORY>Lib/InfoSyS/Network/Cisco</CATEGORY>
           </CATEGORIES>
           <DESCRIPTION>Syngress - Russell Lusignan - Managing CISCO Network Security</DESCRIPTION>
           <PUBLISHERS>
            <PUBLISHER>Syngress</PUBLISHER>
           </PUBLISHERS>
           <AUTHORS>
            <AUTHOR>
             <FULLNAME>Russell Lusignan</FULLNAME>
             <LASTNAME>Lusignan</LASTNAME>
             <FIRSTNAME>Russell</FIRSTNAME>
            </AUTHOR>
           </AUTHORS>
           <TITLE>Managing CISCO Network Security</TITLE>
           <INSTANCES>
            <INSTANCE>
             <FORMAT>pdf</FORMAT>
             <SIZE>0</SIZE>
             <CHECKSUM>0</CHECKSUM>
            </INSTANCE>
           </INSTANCES>
          </INFO>
         </ITEM>
        </FILE>
        <FILE link="Lib/InfoSyS/Network/Cisco/Syngress-RP-CAVVIDaIPT.zip">
         <LOCATION>
          <URL>Lib/InfoSyS/Network/Cisco/Syngress-RP-CAVVIDaIPT.zip</URL>
          <SIZE>6.8</SIZE>
          <CHECKSUM>0</CHECKSUM>
          <TYPE>zip</TYPE>
         </LOCATION>
         <ITEM>
          <INFO>
           <CATEGORIES>
            <CATEGORY>Lib/InfoSyS/Network/Cisco</CATEGORY>
           </CATEGORIES>
           <DESCRIPTION>Syngress - Robert Padjen - Cisco AVVID and IP Telephony</DESCRIPTION>
           <PUBLISHERS>
            <PUBLISHER>Syngress</PUBLISHER>
           </PUBLISHERS>
           <AUTHORS>
            <AUTHOR>
             <FULLNAME>Robert Padjen</FULLNAME>
             <LASTNAME>Padjen</LASTNAME>
             <FIRSTNAME>Robert</FIRSTNAME>
            </AUTHOR>
           </AUTHORS>
           <TITLE>Cisco AVVID and IP Telephony</TITLE>
           <INSTANCES>
            <INSTANCE>
             <FORMAT>pdf</FORMAT>
             <SIZE>0</SIZE>
             <CHECKSUM>0</CHECKSUM>
            </INSTANCE>
           </INSTANCES>
          </INFO>
         </ITEM>
        </FILE>
       </FILELIST>
      </DIR>
      <DIR link="Lib/InfoSyS/Network/FAQs">
       <LOCATION>
        <URL>Lib/InfoSyS/Network/FAQs</URL>
        <SIZE>14.1</SIZE>
       </LOCATION>
       <FILELIST category="Lib/InfoSyS/Network/FAQs">
        <INFO>
         <DESCRIPTION>FAQs / HOWTOs</DESCRIPTION>
         <TITLE>FAQs / HOWTOs</TITLE>
         <DEFAULTFORMAT>pdf</DEFAULTFORMAT>
        </INFO>
        <FILE link="Lib/InfoSyS/Network/FAQs/cf_net_admin.zip">
         <LOCATION>
          <URL>Lib/InfoSyS/Network/FAQs/cf_net_admin.zip</URL>
          <SIZE>0.8</SIZE>
          <CHECKSUM>0</CHECKSUM>
          <TYPE>zip</TYPE>
         </LOCATION>
         <ITEM>
          <INFO>
           <CATEGORIES>
            <CATEGORY>Lib/InfoSyS/Network/FAQs</CATEGORY>
           </CATEGORIES>
           <DESCRIPTION>Cit Forum - Network Administration Guide (Rus,html)</DESCRIPTION>
           <AUTHORS>
            <AUTHOR>
             <FULLNAME>Cit Forum</FULLNAME>
             <LASTNAME>Forum</LASTNAME>
             <FIRSTNAME>Cit</FIRSTNAME>
            </AUTHOR>
           </AUTHORS>
           <TITLE>Network Administration Guide (Rus,html)</TITLE>
           <INSTANCES>
            <INSTANCE>
             <FORMAT>pdf</FORMAT>
             <SIZE>0</SIZE>
             <CHECKSUM>0</CHECKSUM>
            </INSTANCE>
           </INSTANCES>
          </INFO>
         </ITEM>
        </FILE>
        <FILE link="Lib/InfoSyS/Network/FAQs/EtherFrames.zip">
         <LOCATION>
          <URL>Lib/InfoSyS/Network/FAQs/EtherFrames.zip</URL>
          <SIZE>0</SIZE>
          <CHECKSUM>0</CHECKSUM>
          <TYPE>zip</TYPE>
         </LOCATION>
         <ITEM>
          <INFO>
           <CATEGORIES>
            <CATEGORY>Lib/InfoSyS/Network/FAQs</CATEGORY>
           </CATEGORIES>
           <DESCRIPTION>Фреймы Ethernet</DESCRIPTION>
           <TITLE>Фреймы Ethernet</TITLE>
           <INSTANCES>
            <INSTANCE>
             <FORMAT>pdf</FORMAT>
             <SIZE>0</SIZE>
             <CHECKSUM>0</CHECKSUM>
            </INSTANCE>
           </INSTANCES>
          </INFO>
         </ITEM>
        </FILE>
        <FILE link="Lib/InfoSyS/Network/FAQs/EthernetFAQ.zip">
         <LOCATION>
          <URL>Lib/InfoSyS/Network/FAQs/EthernetFAQ.zip</URL>
          <SIZE>0</SIZE>
          <CHECKSUM>0</CHECKSUM>
          <TYPE>zip</TYPE>
         </LOCATION>
         <ITEM>
          <INFO>
           <CATEGORIES>
            <CATEGORY>Lib/InfoSyS/Network/FAQs</CATEGORY>
           </CATEGORIES>
           <DESCRIPTION>LANs/ethernet.faq v 2.12 (txt)</DESCRIPTION>
           <TITLE>LANs/ethernet.faq v 2.12</TITLE>
           <INSTANCES>
            <INSTANCE>
             <FORMAT>txt</FORMAT>
             <SIZE>0</SIZE>
             <CHECKSUM>0</CHECKSUM>
            </INSTANCE>
           </INSTANCES>
          </INFO>
         </ITEM>
        </FILE>
        <FILE link="Lib/InfoSyS/Network/FAQs/GSP-CS-UFGICT.zip">
         <LOCATION>
          <URL>Lib/InfoSyS/Network/FAQs/GSP-CS-UFGICT.zip</URL>
          <SIZE>0.9</SIZE>
          <CHECKSUM>0</CHECKSUM>
          <TYPE>zip</TYPE>
         </LOCATION>
         <ITEM>
          <INFO>
           <CATEGORIES>
            <CATEGORY>Lib/InfoSyS/Network/FAQs</CATEGORY>
           </CATEGORIES>
           <DESCRIPTION>GSP - Charles Steed - The User Friendly Guide to Internet and Computer Terms</DESCRIPTION>
           <PUBLISHERS>
            <PUBLISHER>GSP</PUBLISHER>
           </PUBLISHERS>
           <AUTHORS>
            <AUTHOR>
             <FULLNAME>Charles Steed</FULLNAME>
             <LASTNAME>Steed</LASTNAME>
             <FIRSTNAME>Charles</FIRSTNAME>
            </AUTHOR>
           </AUTHORS>
           <TITLE>The User Friendly Guide to Internet and Computer Terms</TITLE>
           <INSTANCES>
            <INSTANCE>
             <FORMAT>pdf</FORMAT>
             <SIZE>0</SIZE>
             <CHECKSUM>0</CHECKSUM>
            </INSTANCE>
           </INSTANCES>
          </INFO>
         </ITEM>
        </FILE>
        <FILE link="Lib/InfoSyS/Network/FAQs/sockfaq.zip">
         <LOCATION>
          <URL>Lib/InfoSyS/Network/FAQs/sockfaq.zip</URL>
          <SIZE>0</SIZE>
          <CHECKSUM>0</CHECKSUM>
          <TYPE>zip</TYPE>
         </LOCATION>
         <ITEM>
          <INFO>
           <CATEGORIES>
            <CATEGORY>Lib/InfoSyS/Network/FAQs</CATEGORY>
           </CATEGORIES>
           <DESCRIPTION>Unix-socket-faq for network programming</DESCRIPTION>
           <TITLE>Unix-socket-faq for network programming</TITLE>
           <INSTANCES>
            <INSTANCE>
             <FORMAT>pdf</FORMAT>
             <SIZE>0</SIZE>
             <CHECKSUM>0</CHECKSUM>
            </INSTANCE>
           </INSTANCES>
          </INFO>
         </ITEM>
        </FILE>
        <FILE link="Lib/InfoSyS/Network/FAQs/U--Protocols.zip">
         <LOCATION>
          <URL>Lib/InfoSyS/Network/FAQs/U--Protocols.zip</URL>
          <SIZE>12.3</SIZE>
          <CHECKSUM>0</CHECKSUM>
          <TYPE>zip</TYPE>
         </LOCATION>
         <ITEM>
          <INFO>
           <CATEGORIES>
            <CATEGORY>Lib/InfoSyS/Network/FAQs</CATEGORY>
           </CATEGORIES>
           <DESCRIPTION>Network Protocols Overview</DESCRIPTION>
           <TITLE>Network Protocols Overview</TITLE>
           <INSTANCES>
            <INSTANCE>
             <FORMAT>pdf</FORMAT>
             <SIZE>0</SIZE>
             <CHECKSUM>0</CHECKSUM>
            </INSTANCE>
           </INSTANCES>
          </INFO>
         </ITEM>
        </FILE>
        <FILE link="Lib/InfoSyS/Network/FAQs/U--TCPIPFAQ.zip">
         <LOCATION>
          <URL>Lib/InfoSyS/Network/FAQs/U--TCPIPFAQ.zip</URL>
          <SIZE>0.1</SIZE>
          <CHECKSUM>0</CHECKSUM>
          <TYPE>zip</TYPE>
         </LOCATION>
         <ITEM>
          <INFO>
           <CATEGORIES>
            <CATEGORY>Lib/InfoSyS/Network/FAQs</CATEGORY>
           </CATEGORIES>
           <DESCRIPTION>comp.protocols.tcp-ip.domains Frequently Asked Questions (html)</DESCRIPTION>
           <TITLE>comp.protocols.tcp-ip.domains Frequently Asked Questions</TITLE>
           <INSTANCES>
            <INSTANCE>
             <FORMAT>html</FORMAT>
             <SIZE>0</SIZE>
             <CHECKSUM>0</CHECKSUM>
            </INSTANCE>
           </INSTANCES>
          </INFO>
         </ITEM>
        </FILE>
       </FILELIST>
      </DIR>
      <DIR link="Lib/InfoSyS/Network/Security">
       <LOCATION>
        <URL>Lib/InfoSyS/Network/Security</URL>
        <SIZE>59.2</SIZE>
       </LOCATION>
       <FILELIST category="Lib/InfoSyS/Network/Security">
        <INFO>
         <DESCRIPTION>Security Books</DESCRIPTION>
         <TITLE>Security Books</TITLE>
         <DEFAULTFORMAT>pdf</DEFAULTFORMAT>
        </INFO>
        <FILE link="Lib/InfoSyS/Network/Security/MSPress-MH-DSWBAfW.chm">
         <LOCATION>
          <URL>Lib/InfoSyS/Network/Security/MSPress-MH-DSWBAfW.chm</URL>
          <SIZE>9.7</SIZE>
          <CHECKSUM>0</CHECKSUM>
          <TYPE>plain</TYPE>
         </LOCATION>
         <ITEM>
          <INFO>
           <CATEGORIES>
            <CATEGORY>Lib/InfoSyS/Network/Security</CATEGORY>
           </CATEGORIES>
           <DESCRIPTION>MSPress - Michael Howard - Designing Secure Web-Based Applications for W2K (chm)</DESCRIPTION>
           <PUBLISHERS>
            <PUBLISHER>MSPress</PUBLISHER>
           </PUBLISHERS>
           <AUTHORS>
            <AUTHOR>
             <FULLNAME>Michael Howard</FULLNAME>
             <LASTNAME>Howard</LASTNAME>
             <FIRSTNAME>Michael</FIRSTNAME>
            </AUTHOR>
           </AUTHORS>
           <TITLE>Designing Secure Web-Based Applications for W2K</TITLE>
           <INSTANCES>
            <INSTANCE>
             <FORMAT>chm</FORMAT>
             <SIZE>0</SIZE>
             <CHECKSUM>0</CHECKSUM>
            </INSTANCE>
           </INSTANCES>
          </INFO>
         </ITEM>
        </FILE>
        <FILE link="Lib/InfoSyS/Network/Security/NR-DA-ISPR.zip">
         <LOCATION>
          <URL>Lib/InfoSyS/Network/Security/NR-DA-ISPR.zip</URL>
          <SIZE>7.2</SIZE>
          <CHECKSUM>0</CHECKSUM>
          <TYPE>zip</TYPE>
         </LOCATION>
         <ITEM>
          <INFO>
           <CATEGORIES>
            <CATEGORY>Lib/InfoSyS/Network/Security</CATEGORY>
           </CATEGORIES>
           <DESCRIPTION>New Riders - Derek Atkins - Internet Security Professional Reference (html)</DESCRIPTION>
           <PUBLISHERS>
            <PUBLISHER>New Riders</PUBLISHER>
           </PUBLISHERS>
           <AUTHORS>
            <AUTHOR>
             <FULLNAME>Derek Atkins</FULLNAME>
             <LASTNAME>Atkins</LASTNAME>
             <FIRSTNAME>Derek</FIRSTNAME>
            </AUTHOR>
           </AUTHORS>
           <TITLE>Internet Security Professional Reference</TITLE>
           <INSTANCES>
            <INSTANCE>
             <FORMAT>html</FORMAT>
             <SIZE>0</SIZE>
             <CHECKSUM>0</CHECKSUM>
            </INSTANCE>
           </INSTANCES>
          </INFO>
         </ITEM>
        </FILE>
        <FILE link="Lib/InfoSyS/Network/Security/SAMS-MT-MSAGTSWS.zip">
         <LOCATION>
          <URL>Lib/InfoSyS/Network/Security/SAMS-MT-MSAGTSWS.zip</URL>
          <SIZE>3.1</SIZE>
          <CHECKSUM>0</CHECKSUM>
          <TYPE>zip</TYPE>
         </LOCATION>
         <ITEM>
          <INFO>
           <CATEGORIES>
            <CATEGORY>Lib/InfoSyS/Network/Security</CATEGORY>
           </CATEGORIES>
           <DESCRIPTION>SAMS - Mark Taber - Maximum Security: A Hacker's Guide to Protecting Your Internet Site and Network</DESCRIPTION>
           <PUBLISHERS>
            <PUBLISHER>SAMS</PUBLISHER>
           </PUBLISHERS>
           <AUTHORS>
            <AUTHOR>
             <FULLNAME>Mark Taber</FULLNAME>
             <LASTNAME>Taber</LASTNAME>
             <FIRSTNAME>Mark</FIRSTNAME>
            </AUTHOR>
           </AUTHORS>
           <TITLE>Maximum Security: A Hacker's Guide to Protecting Your Internet Site and Network</TITLE>
           <INSTANCES>
            <INSTANCE>
             <FORMAT>pdf</FORMAT>
             <SIZE>0</SIZE>
             <CHECKSUM>0</CHECKSUM>
            </INSTANCE>
           </INSTANCES>
          </INFO>
         </ITEM>
        </FILE>
        <FILE link="Lib/InfoSyS/Network/Security/Syngress-BB-EMailVPH.zip">
         <LOCATION>
          <URL>Lib/InfoSyS/Network/Security/Syngress-BB-EMailVPH.zip</URL>
          <SIZE>5.3</SIZE>
          <CHECKSUM>0</CHECKSUM>
          <TYPE>zip</TYPE>
         </LOCATION>
         <ITEM>
          <INFO>
           <CATEGORIES>
            <CATEGORY>Lib/InfoSyS/Network/Security</CATEGORY>
           </CATEGORIES>
           <DESCRIPTION>Syngress - Brain Bagnall - E-Mail Virus Protection Handbook</DESCRIPTION>
           <PUBLISHERS>
            <PUBLISHER>Syngress</PUBLISHER>
           </PUBLISHERS>
           <AUTHORS>
            <AUTHOR>
             <FULLNAME>Brain Bagnall</FULLNAME>
             <LASTNAME>Bagnall</LASTNAME>
             <FIRSTNAME>Brain</FIRSTNAME>
            </AUTHOR>
           </AUTHORS>
           <TITLE>E-Mail Virus Protection Handbook</TITLE>
           <INSTANCES>
            <INSTANCE>
             <FORMAT>pdf</FORMAT>
             <SIZE>0</SIZE>
             <CHECKSUM>0</CHECKSUM>
            </INSTANCE>
           </INSTANCES>
          </INFO>
         </ITEM>
        </FILE>
        <FILE link="Lib/InfoSyS/Network/Security/Syngress-BD-MCIS.zip">
         <LOCATION>
          <URL>Lib/InfoSyS/Network/Security/Syngress-BD-MCIS.zip</URL>
          <SIZE>3.5</SIZE>
          <CHECKSUM>0</CHECKSUM>
          <TYPE>zip</TYPE>
         </LOCATION>
         <ITEM>
          <INFO>
           <CATEGORIES>
            <CATEGORY>Lib/InfoSyS/Network/Security</CATEGORY>
           </CATEGORIES>
           <DESCRIPTION>Syngress - Bradley Dunsmore - Mission Critical Internet Security</DESCRIPTION>
           <PUBLISHERS>
            <PUBLISHER>Syngress</PUBLISHER>
           </PUBLISHERS>
           <AUTHORS>
            <AUTHOR>
             <FULLNAME>Bradley Dunsmore</FULLNAME>
             <LASTNAME>Dunsmore</LASTNAME>
             <FIRSTNAME>Bradley</FIRSTNAME>
            </AUTHOR>
           </AUTHORS>
           <TITLE>Mission Critical Internet Security</TITLE>
           <INSTANCES>
            <INSTANCE>
             <FORMAT>pdf</FORMAT>
             <SIZE>0</SIZE>
             <CHECKSUM>0</CHECKSUM>
            </INSTANCE>
           </INSTANCES>
          </INFO>
         </ITEM>
        </FILE>
        <FILE link="Lib/InfoSyS/Network/Security/Syngress-CB-HPYWN.zip">
         <LOCATION>
          <URL>Lib/InfoSyS/Network/Security/Syngress-CB-HPYWN.zip</URL>
          <SIZE>5.6</SIZE>
          <CHECKSUM>0</CHECKSUM>
          <TYPE>zip</TYPE>
         </LOCATION>
         <ITEM>
          <INFO>
           <CATEGORIES>
            <CATEGORY>Lib/InfoSyS/Network/Security</CATEGORY>
           </CATEGORIES>
           <DESCRIPTION>Syngress - Christian Barnes - Hack Proofing Your Wireless Network</DESCRIPTION>
           <PUBLISHERS>
            <PUBLISHER>Syngress</PUBLISHER>
           </PUBLISHERS>
           <AUTHORS>
            <AUTHOR>
             <FULLNAME>Christian Barnes</FULLNAME>
             <LASTNAME>Barnes</LASTNAME>
             <FIRSTNAME>Christian</FIRSTNAME>
            </AUTHOR>
           </AUTHORS>
           <TITLE>Hack Proofing Your Wireless Network</TITLE>
           <INSTANCES>
            <INSTANCE>
             <FORMAT>pdf</FORMAT>
             <SIZE>0</SIZE>
             <CHECKSUM>0</CHECKSUM>
            </INSTANCE>
           </INSTANCES>
          </INFO>
         </ITEM>
        </FILE>
        <FILE link="Lib/InfoSyS/Network/Security/Syngress-DS-CPNGSA.zip">
         <LOCATION>
          <URL>Lib/InfoSyS/Network/Security/Syngress-DS-CPNGSA.zip</URL>
          <SIZE>7.1</SIZE>
          <CHECKSUM>0</CHECKSUM>
          <TYPE>zip</TYPE>
         </LOCATION>
         <ITEM>
          <INFO>
           <CATEGORIES>
            <CATEGORY>Lib/InfoSyS/Network/Security</CATEGORY>
           </CATEGORIES>
           <DESCRIPTION>Syngress - Drew Simonis - Check Point NG Security Administration</DESCRIPTION>
           <PUBLISHERS>
            <PUBLISHER>Syngress</PUBLISHER>
           </PUBLISHERS>
           <AUTHORS>
            <AUTHOR>
             <FULLNAME>Drew Simonis</FULLNAME>
             <LASTNAME>Simonis</LASTNAME>
             <FIRSTNAME>Drew</FIRSTNAME>
            </AUTHOR>
           </AUTHORS>
           <TITLE>Check Point NG Security Administration</TITLE>
           <INSTANCES>
            <INSTANCE>
             <FORMAT>pdf</FORMAT>
             <SIZE>0</SIZE>
             <CHECKSUM>0</CHECKSUM>
            </INSTANCE>
           </INSTANCES>
          </INFO>
         </ITEM>
        </FILE>
        <FILE link="Lib/InfoSyS/Network/Security/Syngress-JF-HPYWA.zip">
         <LOCATION>
          <URL>Lib/InfoSyS/Network/Security/Syngress-JF-HPYWA.zip</URL>
          <SIZE>7.3</SIZE>
          <CHECKSUM>0</CHECKSUM>
          <TYPE>zip</TYPE>
         </LOCATION>
         <ITEM>
          <INFO>
           <CATEGORIES>
            <CATEGORY>Lib/InfoSyS/Network/Security</CATEGORY>
           </CATEGORIES>
           <DESCRIPTION>Syngress - Jeff Forristal - Hack Proofing Your Web Applications</DESCRIPTION>
           <PUBLISHERS>
            <PUBLISHER>Syngress</PUBLISHER>
           </PUBLISHERS>
           <AUTHORS>
            <AUTHOR>
             <FULLNAME>Jeff Forristal</FULLNAME>
             <LASTNAME>Forristal</LASTNAME>
             <FIRSTNAME>Jeff</FIRSTNAME>
            </AUTHOR>
           </AUTHORS>
           <TITLE>Hack Proofing Your Web Applications</TITLE>
           <INSTANCES>
            <INSTANCE>
             <FORMAT>pdf</FORMAT>
             <SIZE>0</SIZE>
             <CHECKSUM>0</CHECKSUM>
            </INSTANCE>
           </INSTANCES>
          </INFO>
         </ITEM>
        </FILE>
        <FILE link="Lib/InfoSyS/Network/Security/Syngress-RR-HPYECWS.zip">
         <LOCATION>
          <URL>Lib/InfoSyS/Network/Security/Syngress-RR-HPYECWS.zip</URL>
          <SIZE>6.2</SIZE>
          <CHECKSUM>0</CHECKSUM>
          <TYPE>zip</TYPE>
         </LOCATION>
         <ITEM>
          <INFO>
           <CATEGORIES>
            <CATEGORY>Lib/InfoSyS/Network/Security</CATEGORY>
           </CATEGORIES>
           <DESCRIPTION>Syngress - Ryan Russell - Hack Proofing Your E-commerce Site</DESCRIPTION>
           <PUBLISHERS>
            <PUBLISHER>Syngress</PUBLISHER>
           </PUBLISHERS>
           <AUTHORS>
            <AUTHOR>
             <FULLNAME>Ryan Russell</FULLNAME>
             <LASTNAME>Russell</LASTNAME>
             <FIRSTNAME>Ryan</FIRSTNAME>
            </AUTHOR>
           </AUTHORS>
           <TITLE>Hack Proofing Your E-commerce Site</TITLE>
           <INSTANCES>
            <INSTANCE>
             <FORMAT>pdf</FORMAT>
             <SIZE>0</SIZE>
             <CHECKSUM>0</CHECKSUM>
            </INSTANCE>
           </INSTANCES>
          </INFO>
         </ITEM>
        </FILE>
        <FILE link="Lib/InfoSyS/Network/Security/Syngress-RR-HPYNI.zip">
         <LOCATION>
          <URL>Lib/InfoSyS/Network/Security/Syngress-RR-HPYNI.zip</URL>
          <SIZE>2.5</SIZE>
          <CHECKSUM>0</CHECKSUM>
          <TYPE>zip</TYPE>
         </LOCATION>
         <ITEM>
          <INFO>
           <CATEGORIES>
            <CATEGORY>Lib/InfoSyS/Network/Security</CATEGORY>
           </CATEGORIES>
           <DESCRIPTION>Syngress - Ryan Russell - Hack Proofing Your Network Internet TradeCraft</DESCRIPTION>
           <PUBLISHERS>
            <PUBLISHER>Syngress</PUBLISHER>
           </PUBLISHERS>
           <AUTHORS>
            <AUTHOR>
             <FULLNAME>Ryan Russell</FULLNAME>
             <LASTNAME>Russell</LASTNAME>
             <FIRSTNAME>Ryan</FIRSTNAME>
            </AUTHOR>
           </AUTHORS>
           <TITLE>Hack Proofing Your Network Internet TradeCraft</TITLE>
           <INSTANCES>
            <INSTANCE>
             <FORMAT>pdf</FORMAT>
             <SIZE>0</SIZE>
             <CHECKSUM>0</CHECKSUM>
            </INSTANCE>
           </INSTANCES>
          </INFO>
         </ITEM>
        </FILE>
        <FILE link="Lib/InfoSyS/Network/Security/U-EK-CV.zip">
         <LOCATION>
          <URL>Lib/InfoSyS/Network/Security/U-EK-CV.zip</URL>
          <SIZE>0.3</SIZE>
          <CHECKSUM>0</CHECKSUM>
          <TYPE>zip</TYPE>
         </LOCATION>
         <ITEM>
          <INFO>
           <CATEGORIES>
            <CATEGORY>Lib/InfoSyS/Network/Security</CATEGORY>
           </CATEGORIES>
           <DESCRIPTION>Eric Knight - Computer Vulnerabilities</DESCRIPTION>
           <AUTHORS>
            <AUTHOR>
             <FULLNAME>Eric Knight</FULLNAME>
             <LASTNAME>Knight</LASTNAME>
             <FIRSTNAME>Eric</FIRSTNAME>
            </AUTHOR>
           </AUTHORS>
           <TITLE>Computer Vulnerabilities</TITLE>
           <INSTANCES>
            <INSTANCE>
             <FORMAT>pdf</FORMAT>
             <SIZE>0</SIZE>
             <CHECKSUM>0</CHECKSUM>
            </INSTANCE>
           </INSTANCES>
          </INFO>
         </ITEM>
        </FILE>
        <FILE link="Lib/InfoSyS/Network/Security/U-ML-TLBBoCV.zip">
         <LOCATION>
          <URL>Lib/InfoSyS/Network/Security/U-ML-TLBBoCV.zip</URL>
          <SIZE>1.3</SIZE>
          <CHECKSUM>0</CHECKSUM>
          <TYPE>zip</TYPE>
         </LOCATION>
         <ITEM>
          <INFO>
           <CATEGORIES>
            <CATEGORY>Lib/InfoSyS/Network/Security</CATEGORY>
           </CATEGORIES>
           <DESCRIPTION>Mark Ludwig - The Little Black Book of Computer Viruses</DESCRIPTION>
           <AUTHORS>
            <AUTHOR>
             <FULLNAME>Mark Ludwig</FULLNAME>
             <LASTNAME>Ludwig</LASTNAME>
             <FIRSTNAME>Mark</FIRSTNAME>
            </AUTHOR>
           </AUTHORS>
           <TITLE>The Little Black Book of Computer Viruses</TITLE>
           <INSTANCES>
            <INSTANCE>
             <FORMAT>pdf</FORMAT>
             <SIZE>0</SIZE>
             <CHECKSUM>0</CHECKSUM>
            </INSTANCE>
           </INSTANCES>
          </INFO>
         </ITEM>
        </FILE>
       </FILELIST>
      </DIR>
     </FILELIST>
    </DIR>
    <DIR link="Lib/InfoSyS/os">
     <LOCATION>
      <URL>Lib/InfoSyS/os</URL>
      <SIZE>418.2</SIZE>
     </LOCATION>
     <FILELIST category="Lib/InfoSyS/os">
      <INFO>
       <DESCRIPTION>Operational Systems Docs</DESCRIPTION>
       <TITLE>Operational Systems Docs</TITLE>
       <DEFAULTFORMAT>pdf</DEFAULTFORMAT>
      </INFO>
      <DIR link="Lib/InfoSyS/os/Linux">
       <LOCATION>
        <URL>Lib/InfoSyS/os/Linux</URL>
        <SIZE>91.2</SIZE>
       </LOCATION>
       <FILELIST category="Lib/InfoSyS/os/Linux">
        <INFO>
         <DESCRIPTION>Linux!</DESCRIPTION>
         <TITLE>Linux!</TITLE>
         <DEFAULTFORMAT>pdf</DEFAULTFORMAT>
        </INFO>
        <FILE link="Lib/InfoSyS/os/Linux/EW-MR-CItL.zip">
         <LOCATION>
          <URL>Lib/InfoSyS/os/Linux/EW-MR-CItL.zip</URL>
          <SIZE>7.3</SIZE>
          <CHECKSUM>0</CHECKSUM>
          <TYPE>zip</TYPE>
         </LOCATION>
         <ITEM>
          <INFO>
           <CATEGORIES>
            <CATEGORY>Lib/InfoSyS/os/Linux</CATEGORY>
           </CATEGORIES>
           <DESCRIPTION>EarthWeb - Manuel Ricart - Complete Idiot's Guide to Linux</DESCRIPTION>
           <PUBLISHERS>
            <PUBLISHER>EarthWeb</PUBLISHER>
           </PUBLISHERS>
           <AUTHORS>
            <AUTHOR>
             <FULLNAME>Manuel Ricart</FULLNAME>
             <LASTNAME>Ricart</LASTNAME>
             <FIRSTNAME>Manuel</FIRSTNAME>
            </AUTHOR>
           </AUTHORS>
           <TITLE>Complete Idiot's Guide to Linux</TITLE>
           <INSTANCES>
            <INSTANCE>
             <FORMAT>pdf</FORMAT>
             <SIZE>0</SIZE>
             <CHECKSUM>0</CHECKSUM>
            </INSTANCE>
           </INSTANCES>
          </INFO>
         </ITEM>
        </FILE>
        <FILE link="Lib/InfoSyS/os/Linux/OP-LKMPG.zip">
         <LOCATION>
          <URL>Lib/InfoSyS/os/Linux/OP-LKMPG.zip</URL>
          <SIZE>0.1</SIZE>
          <CHECKSUM>0</CHECKSUM>
          <TYPE>zip</TYPE>
         </LOCATION>
         <ITEM>
          <INFO>
           <CATEGORIES>
            <CATEGORY>Lib/InfoSyS/os/Linux</CATEGORY>
           </CATEGORIES>
           <DESCRIPTION>Ori Pomerantz - Linux Kernel Module Programming Guide (html)</DESCRIPTION>
           <AUTHORS>
            <AUTHOR>
             <FULLNAME>Ori Pomerantz</FULLNAME>
             <LASTNAME>Pomerantz</LASTNAME>
             <FIRSTNAME>Ori</FIRSTNAME>
            </AUTHOR>
           </AUTHORS>
           <TITLE>Linux Kernel Module Programming Guide</TITLE>
           <INSTANCES>
            <INSTANCE>
             <FORMAT>html</FORMAT>
             <SIZE>0</SIZE>
             <CHECKSUM>0</CHECKSUM>
            </INSTANCE>
           </INSTANCES>
          </INFO>
         </ITEM>
        </FILE>
        <FILE link="Lib/InfoSyS/os/Linux/Que--RPISwL.zip">
         <LOCATION>
          <URL>Lib/InfoSyS/os/Linux/Que--RPISwL.zip</URL>
          <SIZE>0.3</SIZE>
          <CHECKSUM>0</CHECKSUM>
          <TYPE>zip</TYPE>
         </LOCATION>
         <ITEM>
          <INFO>
           <CATEGORIES>
            <CATEGORY>Lib/InfoSyS/os/Linux</CATEGORY>
           </CATEGORIES>
           <DESCRIPTION>Que - - Running Perfect Internet Site with Linux</DESCRIPTION>
           <PUBLISHERS>
            <PUBLISHER>Que</PUBLISHER>
           </PUBLISHERS>
           <TITLE>Running Perfect Internet Site with Linux</TITLE>
           <INSTANCES>
            <INSTANCE>
             <FORMAT>pdf</FORMAT>
             <SIZE>0</SIZE>
             <CHECKSUM>0</CHECKSUM>
            </INSTANCE>
           </INSTANCES>
          </INFO>
         </ITEM>
        </FILE>
        <FILE link="Lib/InfoSyS/os/Linux/Que-JT-SEUL4.zip">
         <LOCATION>
          <URL>Lib/InfoSyS/os/Linux/Que-JT-SEUL4.zip</URL>
          <SIZE>4.1</SIZE>
          <CHECKSUM>0</CHECKSUM>
          <TYPE>zip</TYPE>
         </LOCATION>
         <ITEM>
          <INFO>
           <CATEGORIES>
            <CATEGORY>Lib/InfoSyS/os/Linux</CATEGORY>
           </CATEGORIES>
           <DESCRIPTION>Que - Jack Tacket - Special Edition Using Linux, 4nd Edition</DESCRIPTION>
           <PUBLISHERS>
            <PUBLISHER>Que</PUBLISHER>
           </PUBLISHERS>
           <AUTHORS>
            <AUTHOR>
             <FULLNAME>Jack Tacket</FULLNAME>
             <LASTNAME>Tacket</LASTNAME>
             <FIRSTNAME>Jack</FIRSTNAME>
            </AUTHOR>
           </AUTHORS>
           <TITLE>Special Edition Using Linux</TITLE>
           <EDITION>4</EDITION>
           <INSTANCES>
            <INSTANCE>
             <FORMAT>pdf</FORMAT>
             <SIZE>0</SIZE>
             <CHECKSUM>0</CHECKSUM>
            </INSTANCE>
           </INSTANCES>
          </INFO>
         </ITEM>
        </FILE>
        <FILE link="Lib/InfoSyS/os/Linux/Que-JT-SEUL5.zip">
         <LOCATION>
          <URL>Lib/InfoSyS/os/Linux/Que-JT-SEUL5.zip</URL>
          <SIZE>8.2</SIZE>
          <CHECKSUM>0</CHECKSUM>
          <TYPE>zip</TYPE>
         </LOCATION>
         <ITEM>
          <INFO>
           <CATEGORIES>
            <CATEGORY>Lib/InfoSyS/os/Linux</CATEGORY>
           </CATEGORIES>
           <DESCRIPTION>Que - Jack Tacket - Special Edition Using Linux, 5th Edition</DESCRIPTION>
           <PUBLISHERS>
            <PUBLISHER>Que</PUBLISHER>
           </PUBLISHERS>
           <AUTHORS>
            <AUTHOR>
             <FULLNAME>Jack Tacket</FULLNAME>
             <LASTNAME>Tacket</LASTNAME>
             <FIRSTNAME>Jack</FIRSTNAME>
            </AUTHOR>
           </AUTHORS>
           <TITLE>Special Edition Using Linux</TITLE>
           <EDITION>5</EDITION>
           <INSTANCES>
            <INSTANCE>
             <FORMAT>pdf</FORMAT>
             <SIZE>0</SIZE>
             <CHECKSUM>0</CHECKSUM>
            </INSTANCE>
           </INSTANCES>
          </INFO>
         </ITEM>
        </FILE>
        <FILE link="Lib/InfoSyS/os/Linux/RH--RH62.zip">
         <LOCATION>
          <URL>Lib/InfoSyS/os/Linux/RH--RH62.zip</URL>
          <SIZE>6</SIZE>
          <CHECKSUM>0</CHECKSUM>
          <TYPE>zip</TYPE>
         </LOCATION>
         <ITEM>
          <INFO>
           <CATEGORIES>
            <CATEGORY>Lib/InfoSyS/os/Linux</CATEGORY>
           </CATEGORIES>
           <DESCRIPTION>RH - - Official RedHat 6.2 Documentation</DESCRIPTION>
           <PUBLISHERS>
            <PUBLISHER>RH</PUBLISHER>
           </PUBLISHERS>
           <TITLE>Official RedHat 6.2 Documentation</TITLE>
           <INSTANCES>
            <INSTANCE>
             <FORMAT>pdf</FORMAT>
             <SIZE>0</SIZE>
             <CHECKSUM>0</CHECKSUM>
            </INSTANCE>
           </INSTANCES>
          </INFO>
         </ITEM>
        </FILE>
        <FILE link="Lib/InfoSyS/os/Linux/RH-JP-LCCR.zip">
         <LOCATION>
          <URL>Lib/InfoSyS/os/Linux/RH-JP-LCCR.zip</URL>
          <SIZE>8.3</SIZE>
          <CHECKSUM>0</CHECKSUM>
          <TYPE>zip</TYPE>
         </LOCATION>
         <ITEM>
          <INFO>
           <CATEGORIES>
            <CATEGORY>Lib/InfoSyS/os/Linux</CATEGORY>
           </CATEGORIES>
           <DESCRIPTION>RH - J. Purcell - Linux Complete Command Reference</DESCRIPTION>
           <PUBLISHERS>
            <PUBLISHER>RH</PUBLISHER>
           </PUBLISHERS>
           <AUTHORS>
            <AUTHOR>
             <FULLNAME>J. Purcell</FULLNAME>
             <LASTNAME>Purcell</LASTNAME>
             <FIRSTNAME>J.</FIRSTNAME>
            </AUTHOR>
           </AUTHORS>
           <TITLE>Linux Complete Command Reference</TITLE>
           <INSTANCES>
            <INSTANCE>
             <FORMAT>pdf</FORMAT>
             <SIZE>0</SIZE>
             <CHECKSUM>0</CHECKSUM>
            </INSTANCE>
           </INSTANCES>
          </INFO>
         </ITEM>
        </FILE>
        <FILE link="Lib/InfoSyS/os/Linux/Sams-BB-TYL24H.zip">
         <LOCATION>
          <URL>Lib/InfoSyS/os/Linux/Sams-BB-TYL24H.zip</URL>
          <SIZE>3.2</SIZE>
          <CHECKSUM>0</CHECKSUM>
          <TYPE>zip</TYPE>
         </LOCATION>
         <ITEM>
          <INFO>
           <CATEGORIES>
            <CATEGORY>Lib/InfoSyS/os/Linux</CATEGORY>
           </CATEGORIES>
           <DESCRIPTION>Sams - Bill Ball - Teach Yourself Linux in 24 Hours</DESCRIPTION>
           <PUBLISHERS>
            <PUBLISHER>Sams</PUBLISHER>
           </PUBLISHERS>
           <AUTHORS>
            <AUTHOR>
             <FULLNAME>Bill Ball</FULLNAME>
             <LASTNAME>Ball</LASTNAME>
             <FIRSTNAME>Bill</FIRSTNAME>
            </AUTHOR>
           </AUTHORS>
           <TITLE>Teach Yourself Linux in 24 Hours</TITLE>
           <INSTANCES>
            <INSTANCE>
             <FORMAT>pdf</FORMAT>
             <SIZE>0</SIZE>
             <CHECKSUM>0</CHECKSUM>
            </INSTANCE>
           </INSTANCES>
          </INFO>
         </ITEM>
        </FILE>
        <FILE link="Lib/InfoSyS/os/Linux/SAMS-KH-RHLU.zip">
         <LOCATION>
          <URL>Lib/InfoSyS/os/Linux/SAMS-KH-RHLU.zip</URL>
          <SIZE>0.8</SIZE>
          <CHECKSUM>0</CHECKSUM>
          <TYPE>zip</TYPE>
         </LOCATION>
         <ITEM>
          <INFO>
           <CATEGORIES>
            <CATEGORY>Lib/InfoSyS/os/Linux</CATEGORY>
           </CATEGORIES>
           <DESCRIPTION>SAMS - Kamran Husain - RedHat Linux Unleashed (html)</DESCRIPTION>
           <PUBLISHERS>
            <PUBLISHER>SAMS</PUBLISHER>
           </PUBLISHERS>
           <AUTHORS>
            <AUTHOR>
             <FULLNAME>Kamran Husain</FULLNAME>
             <LASTNAME>Husain</LASTNAME>
             <FIRSTNAME>Kamran</FIRSTNAME>
            </AUTHOR>
           </AUTHORS>
           <TITLE>RedHat Linux Unleashed</TITLE>
           <INSTANCES>
            <INSTANCE>
             <FORMAT>html</FORMAT>
             <SIZE>0</SIZE>
             <CHECKSUM>0</CHECKSUM>
            </INSTANCE>
           </INSTANCES>
          </INFO>
         </ITEM>
        </FILE>
        <FILE link="Lib/InfoSyS/os/Linux/SAMS-KH-SLU.zip">
         <LOCATION>
          <URL>Lib/InfoSyS/os/Linux/SAMS-KH-SLU.zip</URL>
          <SIZE>0.9</SIZE>
          <CHECKSUM>0</CHECKSUM>
          <TYPE>zip</TYPE>
         </LOCATION>
         <ITEM>
          <INFO>
           <CATEGORIES>
            <CATEGORY>Lib/InfoSyS/os/Linux</CATEGORY>
           </CATEGORIES>
           <DESCRIPTION>SAMS - Kamran Husain - Slackware Linux Unleashed (html)</DESCRIPTION>
           <PUBLISHERS>
            <PUBLISHER>SAMS</PUBLISHER>
           </PUBLISHERS>
           <AUTHORS>
            <AUTHOR>
             <FULLNAME>Kamran Husain</FULLNAME>
             <LASTNAME>Husain</LASTNAME>
             <FIRSTNAME>Kamran</FIRSTNAME>
            </AUTHOR>
           </AUTHORS>
           <TITLE>Slackware Linux Unleashed</TITLE>
           <INSTANCES>
            <INSTANCE>
             <FORMAT>html</FORMAT>
             <SIZE>0</SIZE>
             <CHECKSUM>0</CHECKSUM>
            </INSTANCE>
           </INSTANCES>
          </INFO>
         </ITEM>
        </FILE>
        <FILE link="Lib/InfoSyS/os/Linux/SAMS-NW-TYKDE24H.zip">
         <LOCATION>
          <URL>Lib/InfoSyS/os/Linux/SAMS-NW-TYKDE24H.zip</URL>
          <SIZE>11.8</SIZE>
          <CHECKSUM>0</CHECKSUM>
          <TYPE>zip</TYPE>
         </LOCATION>
         <ITEM>
          <INFO>
           <CATEGORIES>
            <CATEGORY>Lib/InfoSyS/os/Linux</CATEGORY>
           </CATEGORIES>
           <DESCRIPTION>SAMS - Nicholas Wells - Teach Yourself KDE in 24 Hours</DESCRIPTION>
           <PUBLISHERS>
            <PUBLISHER>SAMS</PUBLISHER>
           </PUBLISHERS>
           <AUTHORS>
            <AUTHOR>
             <FULLNAME>Nicholas Wells</FULLNAME>
             <LASTNAME>Wells</LASTNAME>
             <FIRSTNAME>Nicholas</FIRSTNAME>
            </AUTHOR>
           </AUTHORS>
           <TITLE>Teach Yourself KDE in 24 Hours</TITLE>
           <INSTANCES>
            <INSTANCE>
             <FORMAT>pdf</FORMAT>
             <SIZE>0</SIZE>
             <CHECKSUM>0</CHECKSUM>
            </INSTANCE>
           </INSTANCES>
          </INFO>
         </ITEM>
        </FILE>
        <FILE link="Lib/InfoSyS/os/Linux/SAMS-TP-LSASG.zip">
         <LOCATION>
          <URL>Lib/InfoSyS/os/Linux/SAMS-TP-LSASG.zip</URL>
          <SIZE>0.5</SIZE>
          <CHECKSUM>0</CHECKSUM>
          <TYPE>zip</TYPE>
         </LOCATION>
         <ITEM>
          <INFO>
           <CATEGORIES>
            <CATEGORY>Lib/InfoSyS/os/Linux</CATEGORY>
           </CATEGORIES>
           <DESCRIPTION>SAMS - Tim Parker - Linux System Administrator's Survival Guide (html)</DESCRIPTION>
           <PUBLISHERS>
            <PUBLISHER>SAMS</PUBLISHER>
           </PUBLISHERS>
           <AUTHORS>
            <AUTHOR>
             <FULLNAME>Tim Parker</FULLNAME>
             <LASTNAME>Parker</LASTNAME>
             <FIRSTNAME>Tim</FIRSTNAME>
            </AUTHOR>
           </AUTHORS>
           <TITLE>Linux System Administrator's Survival Guide</TITLE>
           <INSTANCES>
            <INSTANCE>
             <FORMAT>html</FORMAT>
             <SIZE>0</SIZE>
             <CHECKSUM>0</CHECKSUM>
            </INSTANCE>
           </INSTANCES>
          </INFO>
         </ITEM>
        </FILE>
        <FILE link="Lib/InfoSyS/os/Linux/Sybex-RS-LPSG.zip">
         <LOCATION>
          <URL>Lib/InfoSyS/os/Linux/Sybex-RS-LPSG.zip</URL>
          <SIZE>18.1</SIZE>
          <CHECKSUM>0</CHECKSUM>
          <TYPE>zip</TYPE>
         </LOCATION>
         <ITEM>
          <INFO>
           <CATEGORIES>
            <CATEGORY>Lib/InfoSyS/os/Linux</CATEGORY>
           </CATEGORIES>
           <DESCRIPTION>Sybex - Roderick Smith - Linux+ Study Guide</DESCRIPTION>
           <PUBLISHERS>
            <PUBLISHER>Sybex</PUBLISHER>
           </PUBLISHERS>
           <AUTHORS>
            <AUTHOR>
             <FULLNAME>Roderick Smith</FULLNAME>
             <LASTNAME>Smith</LASTNAME>
             <FIRSTNAME>Roderick</FIRSTNAME>
            </AUTHOR>
           </AUTHORS>
           <TITLE>Linux+ Study Guide</TITLE>
           <INSTANCES>
            <INSTANCE>
             <FORMAT>pdf</FORMAT>
             <SIZE>0</SIZE>
             <CHECKSUM>0</CHECKSUM>
            </INSTANCE>
           </INSTANCES>
          </INFO>
         </ITEM>
        </FILE>
        <FILE link="Lib/InfoSyS/os/Linux/Syngress-JS-HPL.zip">
         <LOCATION>
          <URL>Lib/InfoSyS/os/Linux/Syngress-JS-HPL.zip</URL>
          <SIZE>10.2</SIZE>
          <CHECKSUM>0</CHECKSUM>
          <TYPE>zip</TYPE>
         </LOCATION>
         <ITEM>
          <INFO>
           <CATEGORIES>
            <CATEGORY>Lib/InfoSyS/os/Linux</CATEGORY>
           </CATEGORIES>
           <DESCRIPTION>Syngress - James Stanger - Hack Proofing Linux (Your Guide to Open Source Security)</DESCRIPTION>
           <PUBLISHERS>
            <PUBLISHER>Syngress</PUBLISHER>
           </PUBLISHERS>
           <AUTHORS>
            <AUTHOR>
             <FULLNAME>James Stanger</FULLNAME>
             <LASTNAME>Stanger</LASTNAME>
             <FIRSTNAME>James</FIRSTNAME>
            </AUTHOR>
           </AUTHORS>
           <TITLE>Hack Proofing Linux (Your Guide to Open Source Security)</TITLE>
           <INSTANCES>
            <INSTANCE>
             <FORMAT>pdf</FORMAT>
             <SIZE>0</SIZE>
             <CHECKSUM>0</CHECKSUM>
            </INSTANCE>
           </INSTANCES>
          </INFO>
         </ITEM>
        </FILE>
        <FILE link="Lib/InfoSyS/os/Linux/U--DBAGtDBoL.zip">
         <LOCATION>
          <URL>Lib/InfoSyS/os/Linux/U--DBAGtDBoL.zip</URL>
          <SIZE>0.8</SIZE>
          <CHECKSUM>0</CHECKSUM>
          <TYPE>zip</TYPE>
         </LOCATION>
         <ITEM>
          <INFO>
           <CATEGORIES>
            <CATEGORY>Lib/InfoSyS/os/Linux</CATEGORY>
           </CATEGORIES>
           <DESCRIPTION>DBA's Guide to Databases on Linux (html)</DESCRIPTION>
           <TITLE>DBA's Guide to Databases on Linux</TITLE>
           <INSTANCES>
            <INSTANCE>
             <FORMAT>html</FORMAT>
             <SIZE>0</SIZE>
             <CHECKSUM>0</CHECKSUM>
            </INSTANCE>
           </INSTANCES>
          </INFO>
         </ITEM>
        </FILE>
        <FILE link="Lib/InfoSyS/os/Linux/U--tNAG.zip">
         <LOCATION>
          <URL>Lib/InfoSyS/os/Linux/U--tNAG.zip</URL>
          <SIZE>0.5</SIZE>
          <CHECKSUM>0</CHECKSUM>
          <TYPE>zip</TYPE>
         </LOCATION>
         <ITEM>
          <INFO>
           <CATEGORIES>
            <CATEGORY>Lib/InfoSyS/os/Linux</CATEGORY>
           </CATEGORIES>
           <DESCRIPTION>The network administrator's guide (html)</DESCRIPTION>
           <TITLE>The network administrator's guide</TITLE>
           <INSTANCES>
            <INSTANCE>
             <FORMAT>html</FORMAT>
             <SIZE>0</SIZE>
             <CHECKSUM>0</CHECKSUM>
            </INSTANCE>
           </INSTANCES>
          </INFO>
         </ITEM>
        </FILE>
        <FILE link="Lib/InfoSyS/os/Linux/U-DR-tLT.zip">
         <LOCATION>
          <URL>Lib/InfoSyS/os/Linux/U-DR-tLT.zip</URL>
          <SIZE>0.4</SIZE>
          <CHECKSUM>0</CHECKSUM>
          <TYPE>zip</TYPE>
         </LOCATION>
         <ITEM>
          <INFO>
           <CATEGORIES>
            <CATEGORY>Lib/InfoSyS/os/Linux</CATEGORY>
           </CATEGORIES>
           <DESCRIPTION>David Rusling - The Linux Kernel v. 0.8 (html)</DESCRIPTION>
           <AUTHORS>
            <AUTHOR>
             <FULLNAME>David Rusling</FULLNAME>
             <LASTNAME>Rusling</LASTNAME>
             <FIRSTNAME>David</FIRSTNAME>
            </AUTHOR>
           </AUTHORS>
           <TITLE>The Linux Kernel v. 0.8</TITLE>
           <INSTANCES>
            <INSTANCE>
             <FORMAT>html</FORMAT>
             <SIZE>0</SIZE>
             <CHECKSUM>0</CHECKSUM>
            </INSTANCE>
           </INSTANCES>
          </INFO>
         </ITEM>
        </FILE>
        <FILE link="Lib/InfoSyS/os/Linux/U-GB-LFS.zip">
         <LOCATION>
          <URL>Lib/InfoSyS/os/Linux/U-GB-LFS.zip</URL>
          <SIZE>0.4</SIZE>
          <CHECKSUM>0</CHECKSUM>
          <TYPE>zip</TYPE>
         </LOCATION>
         <ITEM>
          <INFO>
           <CATEGORIES>
            <CATEGORY>Lib/InfoSyS/os/Linux</CATEGORY>
           </CATEGORIES>
           <DESCRIPTION>Gerard Beekmans - Linux From Scratch</DESCRIPTION>
           <AUTHORS>
            <AUTHOR>
             <FULLNAME>Gerard Beekmans</FULLNAME>
             <LASTNAME>Beekmans</LASTNAME>
             <FIRSTNAME>Gerard</FIRSTNAME>
            </AUTHOR>
           </AUTHORS>
           <TITLE>Linux From Scratch</TITLE>
           <INSTANCES>
            <INSTANCE>
             <FORMAT>pdf</FORMAT>
             <SIZE>0</SIZE>
             <CHECKSUM>0</CHECKSUM>
            </INSTANCE>
           </INSTANCES>
          </INFO>
         </ITEM>
        </FILE>
        <FILE link="Lib/InfoSyS/os/Linux/U-GM-SOLRHE.zip">
         <LOCATION>
          <URL>Lib/InfoSyS/os/Linux/U-GM-SOLRHE.zip</URL>
          <SIZE>4.6</SIZE>
          <CHECKSUM>0</CHECKSUM>
          <TYPE>zip</TYPE>
         </LOCATION>
         <ITEM>
          <INFO>
           <CATEGORIES>
            <CATEGORY>Lib/InfoSyS/os/Linux</CATEGORY>
           </CATEGORIES>
           <DESCRIPTION>Gerhard Mourani - Securing and Optimizing Linux RedHat Edition</DESCRIPTION>
           <AUTHORS>
            <AUTHOR>
             <FULLNAME>Gerhard Mourani</FULLNAME>
             <LASTNAME>Mourani</LASTNAME>
             <FIRSTNAME>Gerhard</FIRSTNAME>
            </AUTHOR>
           </AUTHORS>
           <TITLE>Securing and Optimizing Linux RedHat Edition</TITLE>
           <INSTANCES>
            <INSTANCE>
             <FORMAT>pdf</FORMAT>
             <SIZE>0</SIZE>
             <CHECKSUM>0</CHECKSUM>
            </INSTANCE>
           </INSTANCES>
          </INFO>
         </ITEM>
        </FILE>
        <FILE link="Lib/InfoSyS/os/Linux/U-HP-DT.zip">
         <LOCATION>
          <URL>Lib/InfoSyS/os/Linux/U-HP-DT.zip</URL>
          <SIZE>0.3</SIZE>
          <CHECKSUM>0</CHECKSUM>
          <TYPE>zip</TYPE>
         </LOCATION>
         <ITEM>
          <INFO>
           <CATEGORIES>
            <CATEGORY>Lib/InfoSyS/os/Linux</CATEGORY>
           </CATEGORIES>
           <DESCRIPTION>Havoc Pennington - Debian Tutorial</DESCRIPTION>
           <AUTHORS>
            <AUTHOR>
             <FULLNAME>Havoc Pennington</FULLNAME>
             <LASTNAME>Pennington</LASTNAME>
             <FIRSTNAME>Havoc</FIRSTNAME>
            </AUTHOR>
           </AUTHORS>
           <TITLE>Debian Tutorial</TITLE>
           <INSTANCES>
            <INSTANCE>
             <FORMAT>pdf</FORMAT>
             <SIZE>0</SIZE>
             <CHECKSUM>0</CHECKSUM>
            </INSTANCE>
           </INSTANCES>
          </INFO>
         </ITEM>
        </FILE>
        <FILE link="Lib/InfoSyS/os/Linux/U-KS-LASG.zip">
         <LOCATION>
          <URL>Lib/InfoSyS/os/Linux/U-KS-LASG.zip</URL>
          <SIZE>0.3</SIZE>
          <CHECKSUM>0</CHECKSUM>
          <TYPE>zip</TYPE>
         </LOCATION>
         <ITEM>
          <INFO>
           <CATEGORIES>
            <CATEGORY>Lib/InfoSyS/os/Linux</CATEGORY>
           </CATEGORIES>
           <DESCRIPTION>Kurt Seifried - Linux Administration Security Guide 0.1.0</DESCRIPTION>
           <AUTHORS>
            <AUTHOR>
             <FULLNAME>Kurt Seifried</FULLNAME>
             <LASTNAME>Seifried</LASTNAME>
             <FIRSTNAME>Kurt</FIRSTNAME>
            </AUTHOR>
           </AUTHORS>
           <TITLE>Linux Administration Security Guide 0.1.0</TITLE>
           <INSTANCES>
            <INSTANCE>
             <FORMAT>pdf</FORMAT>
             <SIZE>0</SIZE>
             <CHECKSUM>0</CHECKSUM>
            </INSTANCE>
           </INSTANCES>
          </INFO>
         </ITEM>
        </FILE>
        <FILE link="Lib/InfoSyS/os/Linux/U-PL-100LTT.zip">
         <LOCATION>
          <URL>Lib/InfoSyS/os/Linux/U-PL-100LTT.zip</URL>
          <SIZE>1.1</SIZE>
          <CHECKSUM>0</CHECKSUM>
          <TYPE>zip</TYPE>
         </LOCATION>
         <ITEM>
          <INFO>
           <CATEGORIES>
            <CATEGORY>Lib/InfoSyS/os/Linux</CATEGORY>
           </CATEGORIES>
           <DESCRIPTION>Patrick Lambert - 100 Linux Tips and Tricks</DESCRIPTION>
           <AUTHORS>
            <AUTHOR>
             <FULLNAME>Patrick Lambert</FULLNAME>
             <LASTNAME>Lambert</LASTNAME>
             <FIRSTNAME>Patrick</FIRSTNAME>
            </AUTHOR>
           </AUTHORS>
           <TITLE>100 Linux Tips and Tricks</TITLE>
           <INSTANCES>
            <INSTANCE>
             <FORMAT>pdf</FORMAT>
             <SIZE>0</SIZE>
             <CHECKSUM>0</CHECKSUM>
            </INSTANCE>
           </INSTANCES>
          </INFO>
         </ITEM>
        </FILE>
        <FILE link="Lib/InfoSyS/os/Linux/U-SF-LAME.zip">
         <LOCATION>
          <URL>Lib/InfoSyS/os/Linux/U-SF-LAME.zip</URL>
          <SIZE>0.3</SIZE>
          <CHECKSUM>0</CHECKSUM>
          <TYPE>zip</TYPE>
         </LOCATION>
         <ITEM>
          <INFO>
           <CATEGORIES>
            <CATEGORY>Lib/InfoSyS/os/Linux</CATEGORY>
           </CATEGORIES>
           <DESCRIPTION>Steve Frampton - Linux Administration Made Easy</DESCRIPTION>
           <AUTHORS>
            <AUTHOR>
             <FULLNAME>Steve Frampton</FULLNAME>
             <LASTNAME>Frampton</LASTNAME>
             <FIRSTNAME>Steve</FIRSTNAME>
            </AUTHOR>
           </AUTHORS>
           <TITLE>Linux Administration Made Easy</TITLE>
           <INSTANCES>
            <INSTANCE>
             <FORMAT>pdf</FORMAT>
             <SIZE>0</SIZE>
             <CHECKSUM>0</CHECKSUM>
            </INSTANCE>
           </INSTANCES>
          </INFO>
         </ITEM>
        </FILE>
        <FILE link="Lib/InfoSyS/os/Linux/U-TP-LSASG.zip">
         <LOCATION>
          <URL>Lib/InfoSyS/os/Linux/U-TP-LSASG.zip</URL>
          <SIZE>0.5</SIZE>
          <CHECKSUM>0</CHECKSUM>
          <TYPE>zip</TYPE>
         </LOCATION>
         <ITEM>
          <INFO>
           <CATEGORIES>
            <CATEGORY>Lib/InfoSyS/os/Linux</CATEGORY>
           </CATEGORIES>
           <DESCRIPTION>Tim Parker - Linux System Administrator's Survival Guide (html)</DESCRIPTION>
           <AUTHORS>
            <AUTHOR>
             <FULLNAME>Tim Parker</FULLNAME>
             <LASTNAME>Parker</LASTNAME>
             <FIRSTNAME>Tim</FIRSTNAME>
            </AUTHOR>
           </AUTHORS>
           <TITLE>Linux System Administrator's Survival Guide</TITLE>
           <INSTANCES>
            <INSTANCE>
             <FORMAT>html</FORMAT>
             <SIZE>0</SIZE>
             <CHECKSUM>0</CHECKSUM>
            </INSTANCE>
           </INSTANCES>
          </INFO>
         </ITEM>
        </FILE>
        <DIR link="Lib/InfoSyS/os/Linux/FAQs">
         <LOCATION>
          <URL>Lib/InfoSyS/os/Linux/FAQs</URL>
          <SIZE>2</SIZE>
         </LOCATION>
         <FILELIST category="Lib/InfoSyS/os/Linux/FAQs">
          <INFO>
           <DESCRIPTION>HOWTOs and FAQs</DESCRIPTION>
           <TITLE>HOWTOs and FAQs</TITLE>
           <DEFAULTFORMAT>pdf</DEFAULTFORMAT>
          </INFO>
          <FILE link="Lib/InfoSyS/os/Linux/FAQs/khg.zip">
           <LOCATION>
            <URL>Lib/InfoSyS/os/Linux/FAQs/khg.zip</URL>
            <SIZE>0.1</SIZE>
            <CHECKSUM>0</CHECKSUM>
            <TYPE>zip</TYPE>
           </LOCATION>
           <ITEM>
            <INFO>
             <CATEGORIES>
              <CATEGORY>Lib/InfoSyS/os/Linux/FAQs</CATEGORY>
             </CATEGORIES>
             <DESCRIPTION>Ядро ОС Linux Руководство Системного Программиста</DESCRIPTION>
             <TITLE>Ядро ОС Linux Руководство Системного Программиста</TITLE>
             <INSTANCES>
              <INSTANCE>
               <FORMAT>pdf</FORMAT>
               <SIZE>0</SIZE>
               <CHECKSUM>0</CHECKSUM>
              </INSTANCE>
             </INSTANCES>
            </INFO>
           </ITEM>
          </FILE>
          <FILE link="Lib/InfoSyS/os/Linux/FAQs/lkmpg.zip">
           <LOCATION>
            <URL>Lib/InfoSyS/os/Linux/FAQs/lkmpg.zip</URL>
            <SIZE>0.3</SIZE>
            <CHECKSUM>0</CHECKSUM>
            <TYPE>zip</TYPE>
           </LOCATION>
           <ITEM>
            <INFO>
             <CATEGORIES>
              <CATEGORY>Lib/InfoSyS/os/Linux/FAQs</CATEGORY>
             </CATEGORIES>
             <DESCRIPTION>Ori Pomerantz - Linux Kernel Module Programming Guide</DESCRIPTION>
             <AUTHORS>
              <AUTHOR>
               <FULLNAME>Ori Pomerantz</FULLNAME>
               <LASTNAME>Pomerantz</LASTNAME>
               <FIRSTNAME>Ori</FIRSTNAME>
              </AUTHOR>
             </AUTHORS>
             <TITLE>Linux Kernel Module Programming Guide</TITLE>
             <INSTANCES>
              <INSTANCE>
               <FORMAT>pdf</FORMAT>
               <SIZE>0</SIZE>
               <CHECKSUM>0</CHECKSUM>
              </INSTANCE>
             </INSTANCES>
            </INFO>
           </ITEM>
          </FILE>
          <FILE link="Lib/InfoSyS/os/Linux/FAQs/lpg.zip">
           <LOCATION>
            <URL>Lib/InfoSyS/os/Linux/FAQs/lpg.zip</URL>
            <SIZE>0.1</SIZE>
            <CHECKSUM>0</CHECKSUM>
            <TYPE>zip</TYPE>
           </LOCATION>
           <ITEM>
            <INFO>
             <CATEGORIES>
              <CATEGORY>Lib/InfoSyS/os/Linux/FAQs</CATEGORY>
             </CATEGORIES>
             <DESCRIPTION>Руководство Программиста для Linux</DESCRIPTION>
             <TITLE>Руководство Программиста для Linux</TITLE>
             <INSTANCES>
              <INSTANCE>
               <FORMAT>pdf</FORMAT>
               <SIZE>0</SIZE>
               <CHECKSUM>0</CHECKSUM>
              </INSTANCE>
             </INSTANCES>
            </INFO>
           </ITEM>
          </FILE>
          <DIR link="Lib/InfoSyS/os/Linux/FAQs/Font">
           <LOCATION>
            <URL>Lib/InfoSyS/os/Linux/FAQs/Font</URL>
            <SIZE>1.2</SIZE>
           </LOCATION>
           <FILELIST category="Lib/InfoSyS/os/Linux/FAQs/Font">
            <INFO>
             <DESCRIPTION>All Font and Localisation Related Information</DESCRIPTION>
             <TITLE>All Font and Localisation Related Information</TITLE>
             <DEFAULTFORMAT>pdf</DEFAULTFORMAT>
            </INFO>
            <FILE link="Lib/InfoSyS/os/Linux/FAQs/Font/A--ASCFS.zip">
             <LOCATION>
              <URL>Lib/InfoSyS/os/Linux/FAQs/Font/A--ASCFS.zip</URL>
              <SIZE>0.3</SIZE>
              <CHECKSUM>0</CHECKSUM>
              <TYPE>zip</TYPE>
             </LOCATION>
             <ITEM>
              <INFO>
               <CATEGORIES>
                <CATEGORY>Lib/InfoSyS/os/Linux/FAQs/Font</CATEGORY>
               </CATEGORIES>
               <DESCRIPTION>Adobe - Adobe Standard Cyrillic Font Specification</DESCRIPTION>
               <AUTHORS>
                <AUTHOR>
                 <FULLNAME>Adobe</FULLNAME>
                 <LASTNAME>Adobe</LASTNAME>
                 <FIRSTNAME></FIRSTNAME>
                </AUTHOR>
               </AUTHORS>
               <TITLE>Adobe Standard Cyrillic Font Specification</TITLE>
               <INSTANCES>
                <INSTANCE>
                 <FORMAT>pdf</FORMAT>
                 <SIZE>0</SIZE>
                 <CHECKSUM>0</CHECKSUM>
                </INSTANCE>
               </INSTANCES>
              </INFO>
             </ITEM>
            </FILE>
            <FILE link="Lib/InfoSyS/os/Linux/FAQs/Font/AV-LocaleAsIs.zip">
             <LOCATION>
              <URL>Lib/InfoSyS/os/Linux/FAQs/Font/AV-LocaleAsIs.zip</URL>
              <SIZE>0.2</SIZE>
              <CHECKSUM>0</CHECKSUM>
              <TYPE>zip</TYPE>
             </LOCATION>
             <ITEM>
              <INFO>
               <CATEGORIES>
                <CATEGORY>Lib/InfoSyS/os/Linux/FAQs/Font</CATEGORY>
               </CATEGORIES>
               <DESCRIPTION>Алекс Воропай - Локализация, как она есть (HOWTO,html)</DESCRIPTION>
               <AUTHORS>
                <AUTHOR>
                 <FULLNAME>Алекс Воропай</FULLNAME>
                 <LASTNAME>Воропай</LASTNAME>
                 <FIRSTNAME>Алекс</FIRSTNAME>
                </AUTHOR>
               </AUTHORS>
               <TITLE>Локализация, как она есть (HOWTO,html)</TITLE>
               <INSTANCES>
                <INSTANCE>
                 <FORMAT>pdf</FORMAT>
                 <SIZE>0</SIZE>
                 <CHECKSUM>0</CHECKSUM>
                </INSTANCE>
               </INSTANCES>
              </INFO>
             </ITEM>
            </FILE>
            <FILE link="Lib/InfoSyS/os/Linux/FAQs/Font/FontFAQ.zip">
             <LOCATION>
              <URL>Lib/InfoSyS/os/Linux/FAQs/Font/FontFAQ.zip</URL>
              <SIZE>0</SIZE>
              <CHECKSUM>0</CHECKSUM>
              <TYPE>zip</TYPE>
             </LOCATION>
             <ITEM>
              <INFO>
               <CATEGORIES>
                <CATEGORY>Lib/InfoSyS/os/Linux/FAQs/Font</CATEGORY>
               </CATEGORIES>
               <DESCRIPTION>Donovan Revvechi - Font HOWTO (html)</DESCRIPTION>
               <AUTHORS>
                <AUTHOR>
                 <FULLNAME>Donovan Revvechi</FULLNAME>
                 <LASTNAME>Revvechi</LASTNAME>
                 <FIRSTNAME>Donovan</FIRSTNAME>
                </AUTHOR>
               </AUTHORS>
               <TITLE>Font HOWTO</TITLE>
               <INSTANCES>
                <INSTANCE>
                 <FORMAT>html</FORMAT>
                 <SIZE>0</SIZE>
                 <CHECKSUM>0</CHECKSUM>
                </INSTANCE>
               </INSTANCES>
              </INFO>
             </ITEM>
            </FILE>
            <FILE link="Lib/InfoSyS/os/Linux/FAQs/Font/Netscape4.zip">
             <LOCATION>
              <URL>Lib/InfoSyS/os/Linux/FAQs/Font/Netscape4.zip</URL>
              <SIZE>0</SIZE>
              <CHECKSUM>0</CHECKSUM>
              <TYPE>zip</TYPE>
             </LOCATION>
             <ITEM>
              <INFO>
               <CATEGORIES>
                <CATEGORY>Lib/InfoSyS/os/Linux/FAQs/Font</CATEGORY>
               </CATEGORIES>
               <DESCRIPTION>Руссификация Netscape4 (html)</DESCRIPTION>
               <TITLE>Руссификация Netscape4</TITLE>
               <INSTANCES>
                <INSTANCE>
                 <FORMAT>html</FORMAT>
                 <SIZE>0</SIZE>
                 <CHECKSUM>0</CHECKSUM>
                </INSTANCE>
               </INSTANCES>
              </INFO>
             </ITEM>
            </FILE>
            <FILE link="Lib/InfoSyS/os/Linux/FAQs/Font/Opennet-FAQ.zip">
             <LOCATION>
              <URL>Lib/InfoSyS/os/Linux/FAQs/Font/Opennet-FAQ.zip</URL>
              <SIZE>0.5</SIZE>
              <CHECKSUM>0</CHECKSUM>
              <TYPE>zip</TYPE>
             </LOCATION>
             <ITEM>
              <INFO>
               <CATEGORIES>
                <CATEGORY>Lib/InfoSyS/os/Linux/FAQs/Font</CATEGORY>
               </CATEGORIES>
               <DESCRIPTION>OpenNet - Localisation FAQ (Rus, html)</DESCRIPTION>
               <AUTHORS>
                <AUTHOR>
                 <FULLNAME>OpenNet</FULLNAME>
                 <LASTNAME>OpenNet</LASTNAME>
                 <FIRSTNAME></FIRSTNAME>
                </AUTHOR>
               </AUTHORS>
               <TITLE>Localisation FAQ (Rus, html)</TITLE>
               <INSTANCES>
                <INSTANCE>
                 <FORMAT>pdf</FORMAT>
                 <SIZE>0</SIZE>
                 <CHECKSUM>0</CHECKSUM>
                </INSTANCE>
               </INSTANCES>
              </INFO>
             </ITEM>
            </FILE>
            <FILE link="Lib/InfoSyS/os/Linux/FAQs/Font/Pascal-XKB.zip">
             <LOCATION>
              <URL>Lib/InfoSyS/os/Linux/FAQs/Font/Pascal-XKB.zip</URL>
              <SIZE>0.1</SIZE>
              <CHECKSUM>0</CHECKSUM>
              <TYPE>zip</TYPE>
             </LOCATION>
             <ITEM>
              <INFO>
               <CATEGORIES>
                <CATEGORY>Lib/InfoSyS/os/Linux/FAQs/Font</CATEGORY>
               </CATEGORIES>
               <DESCRIPTION>Иван Паскаль - Настройка XKB (html)</DESCRIPTION>
               <AUTHORS>
                <AUTHOR>
                 <FULLNAME>Иван Паскаль</FULLNAME>
                 <LASTNAME>Паскаль</LASTNAME>
                 <FIRSTNAME>Иван</FIRSTNAME>
                </AUTHOR>
               </AUTHORS>
               <TITLE>Настройка XKB</TITLE>
               <INSTANCES>
                <INSTANCE>
                 <FORMAT>html</FORMAT>
                 <SIZE>0</SIZE>
                 <CHECKSUM>0</CHECKSUM>
                </INSTANCE>
               </INSTANCES>
              </INFO>
             </ITEM>
            </FILE>
            <FILE link="Lib/InfoSyS/os/Linux/FAQs/Font/RH52Locale.zip">
             <LOCATION>
              <URL>Lib/InfoSyS/os/Linux/FAQs/Font/RH52Locale.zip</URL>
              <SIZE>0</SIZE>
              <CHECKSUM>0</CHECKSUM>
              <TYPE>zip</TYPE>
             </LOCATION>
             <ITEM>
              <INFO>
               <CATEGORIES>
                <CATEGORY>Lib/InfoSyS/os/Linux/FAQs/Font</CATEGORY>
               </CATEGORIES>
               <DESCRIPTION>Проблемы локализации в RedHat 5.2 (glib 2.0.7) (html)</DESCRIPTION>
               <TITLE>Проблемы локализации в RedHat 5.2 (glib 2.0.7)</TITLE>
               <INSTANCES>
                <INSTANCE>
                 <FORMAT>html</FORMAT>
                 <SIZE>0</SIZE>
                 <CHECKSUM>0</CHECKSUM>
                </INSTANCE>
               </INSTANCES>
              </INFO>
             </ITEM>
            </FILE>
            <FILE link="Lib/InfoSyS/os/Linux/FAQs/Font/RusFaq.zip">
             <LOCATION>
              <URL>Lib/InfoSyS/os/Linux/FAQs/Font/RusFaq.zip</URL>
              <SIZE>0</SIZE>
              <CHECKSUM>0</CHECKSUM>
              <TYPE>zip</TYPE>
             </LOCATION>
             <ITEM>
              <INFO>
               <CATEGORIES>
                <CATEGORY>Lib/InfoSyS/os/Linux/FAQs/Font</CATEGORY>
               </CATEGORIES>
               <DESCRIPTION>Linux Russification FAQ (Rus,html)</DESCRIPTION>
               <TITLE>Linux Russification FAQ (Rus,html)</TITLE>
               <INSTANCES>
                <INSTANCE>
                 <FORMAT>pdf</FORMAT>
                 <SIZE>0</SIZE>
                 <CHECKSUM>0</CHECKSUM>
                </INSTANCE>
               </INSTANCES>
              </INFO>
             </ITEM>
            </FILE>
           </FILELIST>
          </DIR>
          <DIR link="Lib/InfoSyS/os/Linux/FAQs/Routing">
           <LOCATION>
            <URL>Lib/InfoSyS/os/Linux/FAQs/Routing</URL>
            <SIZE>0.3</SIZE>
           </LOCATION>
           <FILELIST category="Lib/InfoSyS/os/Linux/FAQs/Routing">
            <INFO>
             <DESCRIPTION>Routing / Trafic Shaping</DESCRIPTION>
             <TITLE>Routing / Trafic Shaping</TITLE>
             <DEFAULTFORMAT>pdf</DEFAULTFORMAT>
            </INFO>
            <FILE link="Lib/InfoSyS/os/Linux/FAQs/Routing/2.4routing.zip">
             <LOCATION>
              <URL>Lib/InfoSyS/os/Linux/FAQs/Routing/2.4routing.zip</URL>
              <SIZE>0.2</SIZE>
              <CHECKSUM>0</CHECKSUM>
              <TYPE>zip</TYPE>
             </LOCATION>
             <ITEM>
              <INFO>
               <CATEGORIES>
                <CATEGORY>Lib/InfoSyS/os/Linux/FAQs/Routing</CATEGORY>
               </CATEGORIES>
               <DESCRIPTION>Linux 2.4 Advanced Routing HOWTO</DESCRIPTION>
               <TITLE>Linux 2.4 Advanced Routing HOWTO</TITLE>
               <INSTANCES>
                <INSTANCE>
                 <FORMAT>pdf</FORMAT>
                 <SIZE>0</SIZE>
                 <CHECKSUM>0</CHECKSUM>
                </INSTANCE>
               </INSTANCES>
              </INFO>
             </ITEM>
            </FILE>
            <FILE link="Lib/InfoSyS/os/Linux/FAQs/Routing/IBM--L24SFD.zip">
             <LOCATION>
              <URL>Lib/InfoSyS/os/Linux/FAQs/Routing/IBM--L24SFD.zip</URL>
              <SIZE>0.1</SIZE>
              <CHECKSUM>0</CHECKSUM>
              <TYPE>zip</TYPE>
             </LOCATION>
             <ITEM>
              <INFO>
               <CATEGORIES>
                <CATEGORY>Lib/InfoSyS/os/Linux/FAQs/Routing</CATEGORY>
               </CATEGORIES>
               <DESCRIPTION>IBM - - Linux 2.4 stateful firewall design</DESCRIPTION>
               <PUBLISHERS>
                <PUBLISHER>IBM</PUBLISHER>
               </PUBLISHERS>
               <TITLE>Linux 2.4 stateful firewall design</TITLE>
               <INSTANCES>
                <INSTANCE>
                 <FORMAT>pdf</FORMAT>
                 <SIZE>0</SIZE>
                 <CHECKSUM>0</CHECKSUM>
                </INSTANCE>
               </INSTANCES>
              </INFO>
             </ITEM>
            </FILE>
            <FILE link="Lib/InfoSyS/os/Linux/FAQs/Routing/LARTCHOWTO.zip">
             <LOCATION>
              <URL>Lib/InfoSyS/os/Linux/FAQs/Routing/LARTCHOWTO.zip</URL>
              <SIZE>0.1</SIZE>
              <CHECKSUM>0</CHECKSUM>
              <TYPE>zip</TYPE>
             </LOCATION>
             <ITEM>
              <INFO>
               <CATEGORIES>
                <CATEGORY>Lib/InfoSyS/os/Linux/FAQs/Routing</CATEGORY>
               </CATEGORIES>
               <DESCRIPTION>Linux Advanced Routing and Traffic Control HOWTO</DESCRIPTION>
               <TITLE>Linux Advanced Routing and Traffic Control HOWTO</TITLE>
               <INSTANCES>
                <INSTANCE>
                 <FORMAT>pdf</FORMAT>
                 <SIZE>0</SIZE>
                 <CHECKSUM>0</CHECKSUM>
                </INSTANCE>
               </INSTANCES>
              </INFO>
             </ITEM>
            </FILE>
           </FILELIST>
          </DIR>
         </FILELIST>
        </DIR>
       </FILELIST>
      </DIR>
      <DIR link="Lib/InfoSyS/os/Novell">
       <LOCATION>
        <URL>Lib/InfoSyS/os/Novell</URL>
        <SIZE>1.1</SIZE>
       </LOCATION>
       <FILELIST category="Lib/InfoSyS/os/Novell">
        <INFO>
         <DESCRIPTION>Novell Netware</DESCRIPTION>
         <TITLE>Novell Netware</TITLE>
         <DEFAULTFORMAT>pdf</DEFAULTFORMAT>
        </INFO>
        <FILE link="Lib/InfoSyS/os/Novell/MCP-KS-CBETGNNW41.zip">
         <LOCATION>
          <URL>Lib/InfoSyS/os/Novell/MCP-KS-CBETGNNW41.zip</URL>
          <SIZE>0.3</SIZE>
          <CHECKSUM>0</CHECKSUM>
          <TYPE>zip</TYPE>
         </LOCATION>
         <ITEM>
          <INFO>
           <CATEGORIES>
            <CATEGORY>Lib/InfoSyS/os/Novell</CATEGORY>
           </CATEGORIES>
           <DESCRIPTION>MCP - Karanjit Siyan - CNE Training Guide NetWare 4.1 Administration, 2nd Edition</DESCRIPTION>
           <PUBLISHERS>
            <PUBLISHER>MCP</PUBLISHER>
           </PUBLISHERS>
           <AUTHORS>
            <AUTHOR>
             <FULLNAME>Karanjit Siyan</FULLNAME>
             <LASTNAME>Siyan</LASTNAME>
             <FIRSTNAME>Karanjit</FIRSTNAME>
            </AUTHOR>
           </AUTHORS>
           <TITLE>CNE Training Guide NetWare 4.1 Administration</TITLE>
           <EDITION>2</EDITION>
           <INSTANCES>
            <INSTANCE>
             <FORMAT>pdf</FORMAT>
             <SIZE>0</SIZE>
             <CHECKSUM>0</CHECKSUM>
            </INSTANCE>
           </INSTANCES>
          </INFO>
         </ITEM>
        </FILE>
        <FILE link="Lib/InfoSyS/os/Novell/U--PSNN4D2.zip">
         <LOCATION>
          <URL>Lib/InfoSyS/os/Novell/U--PSNN4D2.zip</URL>
          <SIZE>0.7</SIZE>
          <CHECKSUM>0</CHECKSUM>
          <TYPE>zip</TYPE>
         </LOCATION>
         <ITEM>
          <INFO>
           <CATEGORIES>
            <CATEGORY>Lib/InfoSyS/os/Novell</CATEGORY>
           </CATEGORIES>
           <DESCRIPTION>Программа-справочник "Novell Netware 4 /Док" 2.0 (html)</DESCRIPTION>
           <TITLE>Программа-справочник "Novell Netware 4 /Док" 2.0</TITLE>
           <INSTANCES>
            <INSTANCE>
             <FORMAT>html</FORMAT>
             <SIZE>0</SIZE>
             <CHECKSUM>0</CHECKSUM>
            </INSTANCE>
           </INSTANCES>
          </INFO>
         </ITEM>
        </FILE>
       </FILELIST>
      </DIR>
      <DIR link="Lib/InfoSyS/os/Unix">
       <LOCATION>
        <URL>Lib/InfoSyS/os/Unix</URL>
        <SIZE>24.1</SIZE>
       </LOCATION>
       <FILELIST category="Lib/InfoSyS/os/Unix">
        <INFO>
         <DESCRIPTION>Unixes</DESCRIPTION>
         <TITLE>Unixes</TITLE>
         <DEFAULTFORMAT>pdf</DEFAULTFORMAT>
        </INFO>
        <FILE link="Lib/InfoSyS/os/Unix/DEC--DUNPG.zip">
         <LOCATION>
          <URL>Lib/InfoSyS/os/Unix/DEC--DUNPG.zip</URL>
          <SIZE>0.6</SIZE>
          <CHECKSUM>0</CHECKSUM>
          <TYPE>zip</TYPE>
         </LOCATION>
         <ITEM>
          <INFO>
           <CATEGORIES>
            <CATEGORY>Lib/InfoSyS/os/Unix</CATEGORY>
           </CATEGORIES>
           <DESCRIPTION>DEC - Digital Unix: Network Programmer's Guide</DESCRIPTION>
           <AUTHORS>
            <AUTHOR>
             <FULLNAME>DEC</FULLNAME>
             <LASTNAME>DEC</LASTNAME>
             <FIRSTNAME></FIRSTNAME>
            </AUTHOR>
           </AUTHORS>
           <TITLE>Digital Unix: Network Programmer's Guide</TITLE>
           <INSTANCES>
            <INSTANCE>
             <FORMAT>pdf</FORMAT>
             <SIZE>0</SIZE>
             <CHECKSUM>0</CHECKSUM>
            </INSTANCE>
           </INSTANCES>
          </INFO>
         </ITEM>
        </FILE>
        <FILE link="Lib/InfoSyS/os/Unix/Pascal-BSD.zip">
         <LOCATION>
          <URL>Lib/InfoSyS/os/Unix/Pascal-BSD.zip</URL>
          <SIZE>0.2</SIZE>
          <CHECKSUM>0</CHECKSUM>
          <TYPE>zip</TYPE>
         </LOCATION>
         <ITEM>
          <INFO>
           <CATEGORIES>
            <CATEGORY>Lib/InfoSyS/os/Unix</CATEGORY>
           </CATEGORIES>
           <DESCRIPTION>Иван Паскаль - Некоторая документация по FreeBSD</DESCRIPTION>
           <AUTHORS>
            <AUTHOR>
             <FULLNAME>Иван Паскаль</FULLNAME>
             <LASTNAME>Паскаль</LASTNAME>
             <FIRSTNAME>Иван</FIRSTNAME>
            </AUTHOR>
           </AUTHORS>
           <TITLE>Некоторая документация по FreeBSD</TITLE>
           <INSTANCES>
            <INSTANCE>
             <FORMAT>pdf</FORMAT>
             <SIZE>0</SIZE>
             <CHECKSUM>0</CHECKSUM>
            </INSTANCE>
           </INSTANCES>
          </INFO>
         </ITEM>
        </FILE>
        <FILE link="Lib/InfoSyS/os/Unix/Que-KW-UNIXHH.zip">
         <LOCATION>
          <URL>Lib/InfoSyS/os/Unix/Que-KW-UNIXHH.zip</URL>
          <SIZE>0.7</SIZE>
          <CHECKSUM>0</CHECKSUM>
          <TYPE>zip</TYPE>
         </LOCATION>
         <ITEM>
          <INFO>
           <CATEGORIES>
            <CATEGORY>Lib/InfoSyS/os/Unix</CATEGORY>
           </CATEGORIES>
           <DESCRIPTION>Que - Kirk Waingrow - UNIX Hints and Hacks (html)</DESCRIPTION>
           <PUBLISHERS>
            <PUBLISHER>Que</PUBLISHER>
           </PUBLISHERS>
           <AUTHORS>
            <AUTHOR>
             <FULLNAME>Kirk Waingrow</FULLNAME>
             <LASTNAME>Waingrow</LASTNAME>
             <FIRSTNAME>Kirk</FIRSTNAME>
            </AUTHOR>
           </AUTHORS>
           <TITLE>UNIX Hints and Hacks</TITLE>
           <INSTANCES>
            <INSTANCE>
             <FORMAT>html</FORMAT>
             <SIZE>0</SIZE>
             <CHECKSUM>0</CHECKSUM>
            </INSTANCE>
           </INSTANCES>
          </INFO>
         </ITEM>
        </FILE>
        <FILE link="Lib/InfoSyS/os/Unix/SAMS-RB-UUIE.zip">
         <LOCATION>
          <URL>Lib/InfoSyS/os/Unix/SAMS-RB-UUIE.zip</URL>
          <SIZE>4.9</SIZE>
          <CHECKSUM>0</CHECKSUM>
          <TYPE>zip</TYPE>
         </LOCATION>
         <ITEM>
          <INFO>
           <CATEGORIES>
            <CATEGORY>Lib/InfoSyS/os/Unix</CATEGORY>
           </CATEGORIES>
           <DESCRIPTION>SAMS - Robin Burk - UNIX Unleashed, Internet Edition (html)</DESCRIPTION>
           <PUBLISHERS>
            <PUBLISHER>SAMS</PUBLISHER>
           </PUBLISHERS>
           <AUTHORS>
            <AUTHOR>
             <FULLNAME>Robin Burk</FULLNAME>
             <LASTNAME>Burk</LASTNAME>
             <FIRSTNAME>Robin</FIRSTNAME>
            </AUTHOR>
           </AUTHORS>
           <TITLE>UNIX Unleashed</TITLE>
           <EDITION>Internet</EDITION>
           <INSTANCES>
            <INSTANCE>
             <FORMAT>html</FORMAT>
             <SIZE>0</SIZE>
             <CHECKSUM>0</CHECKSUM>
            </INSTANCE>
           </INSTANCES>
          </INFO>
         </ITEM>
        </FILE>
        <FILE link="Lib/InfoSyS/os/Unix/SAMS-RB-UUSAE.zip">
         <LOCATION>
          <URL>Lib/InfoSyS/os/Unix/SAMS-RB-UUSAE.zip</URL>
          <SIZE>1.6</SIZE>
          <CHECKSUM>0</CHECKSUM>
          <TYPE>zip</TYPE>
         </LOCATION>
         <ITEM>
          <INFO>
           <CATEGORIES>
            <CATEGORY>Lib/InfoSyS/os/Unix</CATEGORY>
           </CATEGORIES>
           <DESCRIPTION>SAMS - Robin Burk - Unix Unleashed, System Administrators Edition (html)</DESCRIPTION>
           <PUBLISHERS>
            <PUBLISHER>SAMS</PUBLISHER>
           </PUBLISHERS>
           <AUTHORS>
            <AUTHOR>
             <FULLNAME>Robin Burk</FULLNAME>
             <LASTNAME>Burk</LASTNAME>
             <FIRSTNAME>Robin</FIRSTNAME>
            </AUTHOR>
           </AUTHORS>
           <TITLE>Unix Unleashed</TITLE>
           <EDITION>System Administrators</EDITION>
           <INSTANCES>
            <INSTANCE>
             <FORMAT>html</FORMAT>
             <SIZE>0</SIZE>
             <CHECKSUM>0</CHECKSUM>
            </INSTANCE>
           </INSTANCES>
          </INFO>
         </ITEM>
        </FILE>
        <FILE link="Lib/InfoSyS/os/Unix/SAMS-RS-UU.zip">
         <LOCATION>
          <URL>Lib/InfoSyS/os/Unix/SAMS-RS-UU.zip</URL>
          <SIZE>1.6</SIZE>
          <CHECKSUM>0</CHECKSUM>
          <TYPE>zip</TYPE>
         </LOCATION>
         <ITEM>
          <INFO>
           <CATEGORIES>
            <CATEGORY>Lib/InfoSyS/os/Unix</CATEGORY>
           </CATEGORIES>
           <DESCRIPTION>SAMS - Rachel Sartin - Unix Unleashed (html)</DESCRIPTION>
           <PUBLISHERS>
            <PUBLISHER>SAMS</PUBLISHER>
           </PUBLISHERS>
           <AUTHORS>
            <AUTHOR>
             <FULLNAME>Rachel Sartin</FULLNAME>
             <LASTNAME>Sartin</LASTNAME>
             <FIRSTNAME>Rachel</FIRSTNAME>
            </AUTHOR>
           </AUTHORS>
           <TITLE>Unix Unleashed</TITLE>
           <INSTANCES>
            <INSTANCE>
             <FORMAT>html</FORMAT>
             <SIZE>0</SIZE>
             <CHECKSUM>0</CHECKSUM>
            </INSTANCE>
           </INSTANCES>
          </INFO>
         </ITEM>
        </FILE>
        <FILE link="Lib/InfoSyS/os/Unix/U--FreeBSDH.zip">
         <LOCATION>
          <URL>Lib/InfoSyS/os/Unix/U--FreeBSDH.zip</URL>
          <SIZE>0.7</SIZE>
          <CHECKSUM>0</CHECKSUM>
          <TYPE>zip</TYPE>
         </LOCATION>
         <ITEM>
          <INFO>
           <CATEGORIES>
            <CATEGORY>Lib/InfoSyS/os/Unix</CATEGORY>
           </CATEGORIES>
           <DESCRIPTION>FreeBSD Handbook (html)</DESCRIPTION>
           <TITLE>FreeBSD Handbook</TITLE>
           <INSTANCES>
            <INSTANCE>
             <FORMAT>html</FORMAT>
             <SIZE>0</SIZE>
             <CHECKSUM>0</CHECKSUM>
            </INSTANCE>
           </INSTANCES>
          </INFO>
         </ITEM>
        </FILE>
        <FILE link="Lib/InfoSyS/os/Unix/U--SCOOSNG.zip">
         <LOCATION>
          <URL>Lib/InfoSyS/os/Unix/U--SCOOSNG.zip</URL>
          <SIZE>1.7</SIZE>
          <CHECKSUM>0</CHECKSUM>
          <TYPE>zip</TYPE>
         </LOCATION>
         <ITEM>
          <INFO>
           <CATEGORIES>
            <CATEGORY>Lib/InfoSyS/os/Unix</CATEGORY>
           </CATEGORIES>
           <DESCRIPTION>SCO OpenServer Networking Guide (html)</DESCRIPTION>
           <TITLE>SCO OpenServer Networking Guide</TITLE>
           <INSTANCES>
            <INSTANCE>
             <FORMAT>html</FORMAT>
             <SIZE>0</SIZE>
             <CHECKSUM>0</CHECKSUM>
            </INSTANCE>
           </INSTANCES>
          </INFO>
         </ITEM>
        </FILE>
        <FILE link="Lib/InfoSyS/os/Unix/U-AB-SAAIX4.zip">
         <LOCATION>
          <URL>Lib/InfoSyS/os/Unix/U-AB-SAAIX4.zip</URL>
          <SIZE>0.2</SIZE>
          <CHECKSUM>0</CHECKSUM>
          <TYPE>zip</TYPE>
         </LOCATION>
         <ITEM>
          <INFO>
           <CATEGORIES>
            <CATEGORY>Lib/InfoSyS/os/Unix</CATEGORY>
           </CATEGORIES>
           <DESCRIPTION>A. Быков - Системное администрирование IBM AIX version 4.x (html)</DESCRIPTION>
           <AUTHORS>
            <AUTHOR>
             <FULLNAME>A. Быков</FULLNAME>
             <LASTNAME>Быков</LASTNAME>
             <FIRSTNAME>A.</FIRSTNAME>
            </AUTHOR>
           </AUTHORS>
           <TITLE>Системное администрирование IBM AIX version 4.x</TITLE>
           <INSTANCES>
            <INSTANCE>
             <FORMAT>html</FORMAT>
             <SIZE>0</SIZE>
             <CHECKSUM>0</CHECKSUM>
            </INSTANCE>
           </INSTANCES>
          </INFO>
         </ITEM>
        </FILE>
        <FILE link="Lib/InfoSyS/os/Unix/U-MB-AOSU.zip">
         <LOCATION>
          <URL>Lib/InfoSyS/os/Unix/U-MB-AOSU.zip</URL>
          <SIZE>0.4</SIZE>
          <CHECKSUM>0</CHECKSUM>
          <TYPE>zip</TYPE>
         </LOCATION>
         <ITEM>
          <INFO>
           <CATEGORIES>
            <CATEGORY>Lib/InfoSyS/os/Unix</CATEGORY>
           </CATEGORIES>
           <DESCRIPTION>Морис Бах - Архитектура операционной системы Unix (html)</DESCRIPTION>
           <AUTHORS>
            <AUTHOR>
             <FULLNAME>Морис Бах</FULLNAME>
             <LASTNAME>Бах</LASTNAME>
             <FIRSTNAME>Морис</FIRSTNAME>
            </AUTHOR>
           </AUTHORS>
           <TITLE>Архитектура операционной системы Unix</TITLE>
           <INSTANCES>
            <INSTANCE>
             <FORMAT>html</FORMAT>
             <SIZE>0</SIZE>
             <CHECKSUM>0</CHECKSUM>
            </INSTANCE>
           </INSTANCES>
          </INFO>
         </ITEM>
        </FILE>
        <DIR link="Lib/InfoSyS/os/Unix/Solaris">
         <LOCATION>
          <URL>Lib/InfoSyS/os/Unix/Solaris</URL>
          <SIZE>11.5</SIZE>
         </LOCATION>
         <FILELIST category="Lib/InfoSyS/os/Unix/Solaris">
          <INFO>
           <DESCRIPTION>Sun Solaris</DESCRIPTION>
           <TITLE>Sun Solaris</TITLE>
           <DEFAULTFORMAT>pdf</DEFAULTFORMAT>
          </INFO>
          <FILE link="Lib/InfoSyS/os/Unix/Solaris/MTP-JW-SASAG.zip">
           <LOCATION>
            <URL>Lib/InfoSyS/os/Unix/Solaris/MTP-JW-SASAG.zip</URL>
            <SIZE>3.7</SIZE>
            <CHECKSUM>0</CHECKSUM>
            <TYPE>zip</TYPE>
           </LOCATION>
           <ITEM>
            <INFO>
             <CATEGORIES>
              <CATEGORY>Lib/InfoSyS/os/Unix/Solaris</CATEGORY>
             </CATEGORIES>
             <DESCRIPTION>MTP - Janice Winsor - Solaris Advanced System Administrators Guide, 2nd Edition (html)</DESCRIPTION>
             <PUBLISHERS>
              <PUBLISHER>MTP</PUBLISHER>
             </PUBLISHERS>
             <AUTHORS>
              <AUTHOR>
               <FULLNAME>Janice Winsor</FULLNAME>
               <LASTNAME>Winsor</LASTNAME>
               <FIRSTNAME>Janice</FIRSTNAME>
              </AUTHOR>
             </AUTHORS>
             <TITLE>Solaris Advanced System Administrators Guide</TITLE>
             <EDITION>2</EDITION>
             <INSTANCES>
              <INSTANCE>
               <FORMAT>html</FORMAT>
               <SIZE>0</SIZE>
               <CHECKSUM>0</CHECKSUM>
              </INSTANCE>
             </INSTANCES>
            </INFO>
           </ITEM>
          </FILE>
          <FILE link="Lib/InfoSyS/os/Unix/Solaris/MTP-JW-SSAG.zip">
           <LOCATION>
            <URL>Lib/InfoSyS/os/Unix/Solaris/MTP-JW-SSAG.zip</URL>
            <SIZE>2.2</SIZE>
            <CHECKSUM>0</CHECKSUM>
            <TYPE>zip</TYPE>
           </LOCATION>
           <ITEM>
            <INFO>
             <CATEGORIES>
              <CATEGORY>Lib/InfoSyS/os/Unix/Solaris</CATEGORY>
             </CATEGORIES>
             <DESCRIPTION>MTP - Janice Winsor - Solaris System Administrators Guide, 2nd Edition (html)</DESCRIPTION>
             <PUBLISHERS>
              <PUBLISHER>MTP</PUBLISHER>
             </PUBLISHERS>
             <AUTHORS>
              <AUTHOR>
               <FULLNAME>Janice Winsor</FULLNAME>
               <LASTNAME>Winsor</LASTNAME>
               <FIRSTNAME>Janice</FIRSTNAME>
              </AUTHOR>
             </AUTHORS>
             <TITLE>Solaris System Administrators Guide</TITLE>
             <EDITION>2</EDITION>
             <INSTANCES>
              <INSTANCE>
               <FORMAT>html</FORMAT>
               <SIZE>0</SIZE>
               <CHECKSUM>0</CHECKSUM>
              </INSTANCE>
             </INSTANCES>
            </INFO>
           </ITEM>
          </FILE>
          <FILE link="Lib/InfoSyS/os/Unix/Solaris/Syngress-WM-HPSS8.zip">
           <LOCATION>
            <URL>Lib/InfoSyS/os/Unix/Solaris/Syngress-WM-HPSS8.zip</URL>
            <SIZE>5.6</SIZE>
            <CHECKSUM>0</CHECKSUM>
            <TYPE>zip</TYPE>
           </LOCATION>
           <ITEM>
            <INFO>
             <CATEGORIES>
              <CATEGORY>Lib/InfoSyS/os/Unix/Solaris</CATEGORY>
             </CATEGORIES>
             <DESCRIPTION>Syngress - Wyman Miles - Hack Proofing Sun Solaris 8</DESCRIPTION>
             <PUBLISHERS>
              <PUBLISHER>Syngress</PUBLISHER>
             </PUBLISHERS>
             <AUTHORS>
              <AUTHOR>
               <FULLNAME>Wyman Miles</FULLNAME>
               <LASTNAME>Miles</LASTNAME>
               <FIRSTNAME>Wyman</FIRSTNAME>
              </AUTHOR>
             </AUTHORS>
             <TITLE>Hack Proofing Sun Solaris 8</TITLE>
             <INSTANCES>
              <INSTANCE>
               <FORMAT>pdf</FORMAT>
               <SIZE>0</SIZE>
               <CHECKSUM>0</CHECKSUM>
              </INSTANCE>
             </INSTANCES>
            </INFO>
           </ITEM>
          </FILE>
         </FILELIST>
        </DIR>
       </FILELIST>
      </DIR>
      <DIR link="Lib/InfoSyS/os/Win">
       <LOCATION>
        <URL>Lib/InfoSyS/os/Win</URL>
        <SIZE>301.8</SIZE>
       </LOCATION>
       <FILELIST category="Lib/InfoSyS/os/Win">
        <INFO>
         <DESCRIPTION>All Windows</DESCRIPTION>
         <TITLE>All Windows</TITLE>
         <DEFAULTFORMAT>pdf</DEFAULTFORMAT>
        </INFO>
        <FILE link="Lib/InfoSyS/os/Win/C-AK-HPNT4OT.zip">
         <LOCATION>
          <URL>Lib/InfoSyS/os/Win/C-AK-HPNT4OT.zip</URL>
          <SIZE>6</SIZE>
          <CHECKSUM>0</CHECKSUM>
          <TYPE>zip</TYPE>
         </LOCATION>
         <ITEM>
          <INFO>
           <CATEGORIES>
            <CATEGORY>Lib/InfoSyS/os/Win</CATEGORY>
           </CATEGORIES>
           <DESCRIPTION>Coriolis - Arthur Knowles - High Perfomance NT4 Optimization and Tuning (html)</DESCRIPTION>
           <PUBLISHERS>
            <PUBLISHER>Coriolis</PUBLISHER>
           </PUBLISHERS>
           <AUTHORS>
            <AUTHOR>
             <FULLNAME>Arthur Knowles</FULLNAME>
             <LASTNAME>Knowles</LASTNAME>
             <FIRSTNAME>Arthur</FIRSTNAME>
            </AUTHOR>
           </AUTHORS>
           <TITLE>High Perfomance NT4 Optimization and Tuning</TITLE>
           <INSTANCES>
            <INSTANCE>
             <FORMAT>html</FORMAT>
             <SIZE>0</SIZE>
             <CHECKSUM>0</CHECKSUM>
            </INSTANCE>
           </INSTANCES>
          </INFO>
         </ITEM>
        </FILE>
        <FILE link="Lib/InfoSyS/os/Win/Coriolis-PT-WNT4ABB.zip">
         <LOCATION>
          <URL>Lib/InfoSyS/os/Win/Coriolis-PT-WNT4ABB.zip</URL>
          <SIZE>0.2</SIZE>
          <CHECKSUM>0</CHECKSUM>
          <TYPE>zip</TYPE>
         </LOCATION>
         <ITEM>
          <INFO>
           <CATEGORIES>
            <CATEGORY>Lib/InfoSyS/os/Win</CATEGORY>
           </CATEGORIES>
           <DESCRIPTION>Coriolis - Paul Taylor - Windows NT 4 Administrator's Black Book (separate html)</DESCRIPTION>
           <PUBLISHERS>
            <PUBLISHER>Coriolis</PUBLISHER>
           </PUBLISHERS>
           <AUTHORS>
            <AUTHOR>
             <FULLNAME>Paul Taylor</FULLNAME>
             <LASTNAME>Taylor</LASTNAME>
             <FIRSTNAME>Paul</FIRSTNAME>
            </AUTHOR>
           </AUTHORS>
           <TITLE>Windows NT 4 Administrator's Black Book (separate html)</TITLE>
           <INSTANCES>
            <INSTANCE>
             <FORMAT>pdf</FORMAT>
             <SIZE>0</SIZE>
             <CHECKSUM>0</CHECKSUM>
            </INSTANCE>
           </INSTANCES>
          </INFO>
         </ITEM>
        </FILE>
        <FILE link="Lib/InfoSyS/os/Win/HM-AS-WXPB.zip">
         <LOCATION>
          <URL>Lib/InfoSyS/os/Win/HM-AS-WXPB.zip</URL>
          <SIZE>15.4</SIZE>
          <CHECKSUM>0</CHECKSUM>
          <TYPE>zip</TYPE>
         </LOCATION>
         <ITEM>
          <INFO>
           <CATEGORIES>
            <CATEGORY>Lib/InfoSyS/os/Win</CATEGORY>
           </CATEGORIES>
           <DESCRIPTION>Hangry Minds - Alan Simpsons - Windows XP Bible</DESCRIPTION>
           <PUBLISHERS>
            <PUBLISHER>Hangry Minds</PUBLISHER>
           </PUBLISHERS>
           <AUTHORS>
            <AUTHOR>
             <FULLNAME>Alan Simpsons</FULLNAME>
             <LASTNAME>Simpsons</LASTNAME>
             <FIRSTNAME>Alan</FIRSTNAME>
            </AUTHOR>
           </AUTHORS>
           <TITLE>Windows XP Bible</TITLE>
           <INSTANCES>
            <INSTANCE>
             <FORMAT>pdf</FORMAT>
             <SIZE>0</SIZE>
             <CHECKSUM>0</CHECKSUM>
            </INSTANCE>
           </INSTANCES>
          </INFO>
         </ITEM>
        </FILE>
        <FILE link="Lib/InfoSyS/os/Win/IDG-AC-WNT4MCSESG.zip">
         <LOCATION>
          <URL>Lib/InfoSyS/os/Win/IDG-AC-WNT4MCSESG.zip</URL>
          <SIZE>8.5</SIZE>
          <CHECKSUM>0</CHECKSUM>
          <TYPE>zip</TYPE>
         </LOCATION>
         <ITEM>
          <INFO>
           <CATEGORIES>
            <CATEGORY>Lib/InfoSyS/os/Win</CATEGORY>
           </CATEGORIES>
           <DESCRIPTION>IDG - Alan Carter - Windows NT 4.0 MCSE Study Guide (70-67, 70-68, 70-73)</DESCRIPTION>
           <PUBLISHERS>
            <PUBLISHER>IDG</PUBLISHER>
           </PUBLISHERS>
           <AUTHORS>
            <AUTHOR>
             <FULLNAME>Alan Carter</FULLNAME>
             <LASTNAME>Carter</LASTNAME>
             <FIRSTNAME>Alan</FIRSTNAME>
            </AUTHOR>
           </AUTHORS>
           <TITLE>Windows NT 4.0 MCSE Study Guide (70-67, 70-68, 70-73)</TITLE>
           <INSTANCES>
            <INSTANCE>
             <FORMAT>pdf</FORMAT>
             <SIZE>0</SIZE>
             <CHECKSUM>0</CHECKSUM>
            </INSTANCE>
           </INSTANCES>
          </INFO>
         </ITEM>
        </FILE>
        <FILE link="Lib/InfoSyS/os/Win/IDG-BL-WS.zip">
         <LOCATION>
          <URL>Lib/InfoSyS/os/Win/IDG-BL-WS.zip</URL>
          <SIZE>8.3</SIZE>
          <CHECKSUM>0</CHECKSUM>
          <TYPE>zip</TYPE>
         </LOCATION>
         <ITEM>
          <INFO>
           <CATEGORIES>
            <CATEGORY>Lib/InfoSyS/os/Win</CATEGORY>
           </CATEGORIES>
           <DESCRIPTION>IDG - Brian Livingston - Windows Secrets (hlp)</DESCRIPTION>
           <PUBLISHERS>
            <PUBLISHER>IDG</PUBLISHER>
           </PUBLISHERS>
           <AUTHORS>
            <AUTHOR>
             <FULLNAME>Brian Livingston</FULLNAME>
             <LASTNAME>Livingston</LASTNAME>
             <FIRSTNAME>Brian</FIRSTNAME>
            </AUTHOR>
           </AUTHORS>
           <TITLE>Windows Secrets (hlp)</TITLE>
           <INSTANCES>
            <INSTANCE>
             <FORMAT>pdf</FORMAT>
             <SIZE>0</SIZE>
             <CHECKSUM>0</CHECKSUM>
            </INSTANCE>
           </INSTANCES>
          </INFO>
         </ITEM>
        </FILE>
        <FILE link="Lib/InfoSyS/os/Win/IK-TS-CW2000SS.zip">
         <LOCATION>
          <URL>Lib/InfoSyS/os/Win/IK-TS-CW2000SS.zip</URL>
          <SIZE>1.7</SIZE>
          <CHECKSUM>0</CHECKSUM>
          <TYPE>zip</TYPE>
         </LOCATION>
         <ITEM>
          <INFO>
           <CATEGORIES>
            <CATEGORY>Lib/InfoSyS/os/Win</CATEGORY>
           </CATEGORIES>
           <DESCRIPTION>iTKnowledge - Thomas Shinder - Configuring Windows 2000 Server Security</DESCRIPTION>
           <PUBLISHERS>
            <PUBLISHER>iTKnowledge</PUBLISHER>
           </PUBLISHERS>
           <AUTHORS>
            <AUTHOR>
             <FULLNAME>Thomas Shinder</FULLNAME>
             <LASTNAME>Shinder</LASTNAME>
             <FIRSTNAME>Thomas</FIRSTNAME>
            </AUTHOR>
           </AUTHORS>
           <TITLE>Configuring Windows 2000 Server Security</TITLE>
           <INSTANCES>
            <INSTANCE>
             <FORMAT>pdf</FORMAT>
             <SIZE>0</SIZE>
             <CHECKSUM>0</CHECKSUM>
            </INSTANCE>
           </INSTANCES>
          </INFO>
         </ITEM>
        </FILE>
        <FILE link="Lib/InfoSyS/os/Win/MGH--TWNTR.zip">
         <LOCATION>
          <URL>Lib/InfoSyS/os/Win/MGH--TWNTR.zip</URL>
          <SIZE>1.3</SIZE>
          <CHECKSUM>0</CHECKSUM>
          <TYPE>zip</TYPE>
         </LOCATION>
         <ITEM>
          <INFO>
           <CATEGORIES>
            <CATEGORY>Lib/InfoSyS/os/Win</CATEGORY>
           </CATEGORIES>
           <DESCRIPTION>McGraw-Hill - - The Windows NT Registry (html)</DESCRIPTION>
           <TITLE>McGraw-Hill - - The Windows NT Registry</TITLE>
           <INSTANCES>
            <INSTANCE>
             <FORMAT>html</FORMAT>
             <SIZE>0</SIZE>
             <CHECKSUM>0</CHECKSUM>
            </INSTANCE>
           </INSTANCES>
          </INFO>
         </ITEM>
        </FILE>
        <FILE link="Lib/InfoSyS/os/Win/MS--AD.zip">
         <LOCATION>
          <URL>Lib/InfoSyS/os/Win/MS--AD.zip</URL>
          <SIZE>0.5</SIZE>
          <CHECKSUM>0</CHECKSUM>
          <TYPE>zip</TYPE>
         </LOCATION>
         <ITEM>
          <INFO>
           <CATEGORIES>
            <CATEGORY>Lib/InfoSyS/os/Win</CATEGORY>
           </CATEGORIES>
           <DESCRIPTION>Microsoft - Active Directory Documentation</DESCRIPTION>
           <AUTHORS>
            <AUTHOR>
             <FULLNAME>Microsoft</FULLNAME>
             <LASTNAME>Microsoft</LASTNAME>
             <FIRSTNAME></FIRSTNAME>
            </AUTHOR>
           </AUTHORS>
           <TITLE>Active Directory Documentation</TITLE>
           <INSTANCES>
            <INSTANCE>
             <FORMAT>pdf</FORMAT>
             <SIZE>0</SIZE>
             <CHECKSUM>0</CHECKSUM>
            </INSTANCE>
           </INSTANCES>
          </INFO>
         </ITEM>
        </FILE>
        <FILE link="Lib/InfoSyS/os/Win/MS--NT4OD.zip">
         <LOCATION>
          <URL>Lib/InfoSyS/os/Win/MS--NT4OD.zip</URL>
          <SIZE>0.7</SIZE>
          <CHECKSUM>0</CHECKSUM>
          <TYPE>zip</TYPE>
         </LOCATION>
         <ITEM>
          <INFO>
           <CATEGORIES>
            <CATEGORY>Lib/InfoSyS/os/Win</CATEGORY>
           </CATEGORIES>
           <DESCRIPTION>Microsoft - Windows NT4 Official Documentation (doc)</DESCRIPTION>
           <AUTHORS>
            <AUTHOR>
             <FULLNAME>Microsoft</FULLNAME>
             <LASTNAME>Microsoft</LASTNAME>
             <FIRSTNAME></FIRSTNAME>
            </AUTHOR>
           </AUTHORS>
           <TITLE>Windows NT4 Official Documentation</TITLE>
           <INSTANCES>
            <INSTANCE>
             <FORMAT>doc</FORMAT>
             <SIZE>0</SIZE>
             <CHECKSUM>0</CHECKSUM>
            </INSTANCE>
           </INSTANCES>
          </INFO>
         </ITEM>
        </FILE>
        <FILE link="Lib/InfoSyS/os/Win/MS-ADSI.chm">
         <LOCATION>
          <URL>Lib/InfoSyS/os/Win/MS-ADSI.chm</URL>
          <SIZE>1.5</SIZE>
          <CHECKSUM>0</CHECKSUM>
          <TYPE>plain</TYPE>
         </LOCATION>
         <ITEM>
          <INFO>
           <CATEGORIES>
            <CATEGORY>Lib/InfoSyS/os/Win</CATEGORY>
           </CATEGORIES>
           <DESCRIPTION>MS - Microsoft Active Directory SDK (chm)</DESCRIPTION>
           <AUTHORS>
            <AUTHOR>
             <FULLNAME>MS</FULLNAME>
             <LASTNAME>MS</LASTNAME>
             <FIRSTNAME></FIRSTNAME>
            </AUTHOR>
           </AUTHORS>
           <TITLE>Microsoft Active Directory SDK</TITLE>
           <INSTANCES>
            <INSTANCE>
             <FORMAT>chm</FORMAT>
             <SIZE>0</SIZE>
             <CHECKSUM>0</CHECKSUM>
            </INSTANCE>
           </INSTANCES>
          </INFO>
         </ITEM>
        </FILE>
        <FILE link="Lib/InfoSyS/os/Win/MSPress--NT4RK.chm">
         <LOCATION>
          <URL>Lib/InfoSyS/os/Win/MSPress--NT4RK.chm</URL>
          <SIZE>0.7</SIZE>
          <CHECKSUM>0</CHECKSUM>
          <TYPE>plain</TYPE>
         </LOCATION>
         <ITEM>
          <INFO>
           <CATEGORIES>
            <CATEGORY>Lib/InfoSyS/os/Win</CATEGORY>
           </CATEGORIES>
           <DESCRIPTION>MSPress - Windows NT 4.0 Server Resource Kit (chm)</DESCRIPTION>
           <AUTHORS>
            <AUTHOR>
             <FULLNAME>MSPress</FULLNAME>
             <LASTNAME>MSPress</LASTNAME>
             <FIRSTNAME></FIRSTNAME>
            </AUTHOR>
           </AUTHORS>
           <TITLE>Windows NT 4.0 Server Resource Kit</TITLE>
           <INSTANCES>
            <INSTANCE>
             <FORMAT>chm</FORMAT>
             <SIZE>0</SIZE>
             <CHECKSUM>0</CHECKSUM>
            </INSTANCE>
           </INSTANCES>
          </INFO>
         </ITEM>
        </FILE>
        <FILE link="Lib/InfoSyS/os/Win/MSPRESS--NTTST.chm">
         <LOCATION>
          <URL>Lib/InfoSyS/os/Win/MSPRESS--NTTST.chm</URL>
          <SIZE>7.9</SIZE>
          <CHECKSUM>0</CHECKSUM>
          <TYPE>plain</TYPE>
         </LOCATION>
         <ITEM>
          <INFO>
           <CATEGORIES>
            <CATEGORY>Lib/InfoSyS/os/Win</CATEGORY>
           </CATEGORIES>
           <DESCRIPTION>MSPress - WinNT Technical Support Training (chm)</DESCRIPTION>
           <AUTHORS>
            <AUTHOR>
             <FULLNAME>MSPress</FULLNAME>
             <LASTNAME>MSPress</LASTNAME>
             <FIRSTNAME></FIRSTNAME>
            </AUTHOR>
           </AUTHORS>
           <TITLE>WinNT Technical Support Training</TITLE>
           <INSTANCES>
            <INSTANCE>
             <FORMAT>chm</FORMAT>
             <SIZE>0</SIZE>
             <CHECKSUM>0</CHECKSUM>
            </INSTANCE>
           </INSTANCES>
          </INFO>
         </ITEM>
        </FILE>
        <FILE link="Lib/InfoSyS/os/Win/MSPress--W2KCNG.chm">
         <LOCATION>
          <URL>Lib/InfoSyS/os/Win/MSPress--W2KCNG.chm</URL>
          <SIZE>2.4</SIZE>
          <CHECKSUM>0</CHECKSUM>
          <TYPE>plain</TYPE>
         </LOCATION>
         <ITEM>
          <INFO>
           <CATEGORIES>
            <CATEGORY>Lib/InfoSyS/os/Win</CATEGORY>
           </CATEGORIES>
           <DESCRIPTION>MSPress - W2K TCP/IP Core Networking Guide (chm)</DESCRIPTION>
           <AUTHORS>
            <AUTHOR>
             <FULLNAME>MSPress</FULLNAME>
             <LASTNAME>MSPress</LASTNAME>
             <FIRSTNAME></FIRSTNAME>
            </AUTHOR>
           </AUTHORS>
           <TITLE>W2K TCP/IP Core Networking Guide</TITLE>
           <INSTANCES>
            <INSTANCE>
             <FORMAT>chm</FORMAT>
             <SIZE>0</SIZE>
             <CHECKSUM>0</CHECKSUM>
            </INSTANCE>
           </INSTANCES>
          </INFO>
         </ITEM>
        </FILE>
        <FILE link="Lib/InfoSyS/os/Win/MSPress--W2KSOG.chm">
         <LOCATION>
          <URL>Lib/InfoSyS/os/Win/MSPress--W2KSOG.chm</URL>
          <SIZE>2</SIZE>
          <CHECKSUM>0</CHECKSUM>
          <TYPE>plain</TYPE>
         </LOCATION>
         <ITEM>
          <INFO>
           <CATEGORIES>
            <CATEGORY>Lib/InfoSyS/os/Win</CATEGORY>
           </CATEGORIES>
           <DESCRIPTION>MSPress - W2K Server Operations Guide (chm)</DESCRIPTION>
           <AUTHORS>
            <AUTHOR>
             <FULLNAME>MSPress</FULLNAME>
             <LASTNAME>MSPress</LASTNAME>
             <FIRSTNAME></FIRSTNAME>
            </AUTHOR>
           </AUTHORS>
           <TITLE>W2K Server Operations Guide</TITLE>
           <INSTANCES>
            <INSTANCE>
             <FORMAT>chm</FORMAT>
             <SIZE>0</SIZE>
             <CHECKSUM>0</CHECKSUM>
            </INSTANCE>
           </INSTANCES>
          </INFO>
         </ITEM>
        </FILE>
        <FILE link="Lib/InfoSyS/os/Win/MSPress-APCT.chm">
         <LOCATION>
          <URL>Lib/InfoSyS/os/Win/MSPress-APCT.chm</URL>
          <SIZE>6.8</SIZE>
          <CHECKSUM>0</CHECKSUM>
          <TYPE>plain</TYPE>
         </LOCATION>
         <ITEM>
          <INFO>
           <CATEGORIES>
            <CATEGORY>Lib/InfoSyS/os/Win</CATEGORY>
           </CATEGORIES>
           <DESCRIPTION>MSPress - A+ Certification Training Kit, 2nd Edition (chm)</DESCRIPTION>
           <AUTHORS>
            <AUTHOR>
             <FULLNAME>MSPress</FULLNAME>
             <LASTNAME>MSPress</LASTNAME>
             <FIRSTNAME></FIRSTNAME>
            </AUTHOR>
           </AUTHORS>
           <TITLE>A+ Certification Training Kit</TITLE>
           <EDITION>2</EDITION>
           <INSTANCES>
            <INSTANCE>
             <FORMAT>chm</FORMAT>
             <SIZE>0</SIZE>
             <CHECKSUM>0</CHECKSUM>
            </INSTANCE>
           </INSTANCES>
          </INFO>
         </ITEM>
        </FILE>
        <FILE link="Lib/InfoSyS/os/Win/MSPress-CR-W2KSAC.chm">
         <LOCATION>
          <URL>Lib/InfoSyS/os/Win/MSPress-CR-W2KSAC.chm</URL>
          <SIZE>30.4</SIZE>
          <CHECKSUM>0</CHECKSUM>
          <TYPE>plain</TYPE>
         </LOCATION>
         <ITEM>
          <INFO>
           <CATEGORIES>
            <CATEGORY>Lib/InfoSyS/os/Win</CATEGORY>
           </CATEGORIES>
           <DESCRIPTION>MSPress - Charlie Russel - W2K Server Administrator's Companion (chm)</DESCRIPTION>
           <PUBLISHERS>
            <PUBLISHER>MSPress</PUBLISHER>
           </PUBLISHERS>
           <AUTHORS>
            <AUTHOR>
             <FULLNAME>Charlie Russel</FULLNAME>
             <LASTNAME>Russel</LASTNAME>
             <FIRSTNAME>Charlie</FIRSTNAME>
            </AUTHOR>
           </AUTHORS>
           <TITLE>W2K Server Administrator's Companion</TITLE>
           <INSTANCES>
            <INSTANCE>
             <FORMAT>chm</FORMAT>
             <SIZE>0</SIZE>
             <CHECKSUM>0</CHECKSUM>
            </INSTANCE>
           </INSTANCES>
          </INFO>
         </ITEM>
        </FILE>
        <FILE link="Lib/InfoSyS/os/Win/MSPress-EB-MWXPIO.zip">
         <LOCATION>
          <URL>Lib/InfoSyS/os/Win/MSPress-EB-MWXPIO.zip</URL>
          <SIZE>34.4</SIZE>
          <CHECKSUM>0</CHECKSUM>
          <TYPE>zip</TYPE>
         </LOCATION>
         <ITEM>
          <INFO>
           <CATEGORIES>
            <CATEGORY>Lib/InfoSyS/os/Win</CATEGORY>
           </CATEGORIES>
           <DESCRIPTION>MSPress - Ed Bott - Microsoft Windows XP Inside Out (chm)</DESCRIPTION>
           <PUBLISHERS>
            <PUBLISHER>MSPress</PUBLISHER>
           </PUBLISHERS>
           <AUTHORS>
            <AUTHOR>
             <FULLNAME>Ed Bott</FULLNAME>
             <LASTNAME>Bott</LASTNAME>
             <FIRSTNAME>Ed</FIRSTNAME>
            </AUTHOR>
           </AUTHORS>
           <TITLE>Microsoft Windows XP Inside Out</TITLE>
           <INSTANCES>
            <INSTANCE>
             <FORMAT>chm</FORMAT>
             <SIZE>0</SIZE>
             <CHECKSUM>0</CHECKSUM>
            </INSTANCE>
           </INSTANCES>
          </INFO>
         </ITEM>
        </FILE>
        <FILE link="Lib/InfoSyS/os/Win/MSPress-PA-W2KPRK.chm">
         <LOCATION>
          <URL>Lib/InfoSyS/os/Win/MSPress-PA-W2KPRK.chm</URL>
          <SIZE>12.2</SIZE>
          <CHECKSUM>0</CHECKSUM>
          <TYPE>plain</TYPE>
         </LOCATION>
         <ITEM>
          <INFO>
           <CATEGORIES>
            <CATEGORY>Lib/InfoSyS/os/Win</CATEGORY>
           </CATEGORIES>
           <DESCRIPTION>MSPress - Pilar Ackerman - W2K Professional Resource Kit (chm)</DESCRIPTION>
           <PUBLISHERS>
            <PUBLISHER>MSPress</PUBLISHER>
           </PUBLISHERS>
           <AUTHORS>
            <AUTHOR>
             <FULLNAME>Pilar Ackerman</FULLNAME>
             <LASTNAME>Ackerman</LASTNAME>
             <FIRSTNAME>Pilar</FIRSTNAME>
            </AUTHOR>
           </AUTHORS>
           <TITLE>W2K Professional Resource Kit</TITLE>
           <INSTANCES>
            <INSTANCE>
             <FORMAT>chm</FORMAT>
             <SIZE>0</SIZE>
             <CHECKSUM>0</CHECKSUM>
            </INSTANCE>
           </INSTANCES>
          </INFO>
         </ITEM>
        </FILE>
        <FILE link="Lib/InfoSyS/os/Win/NR-BH-W98PR.zip">
         <LOCATION>
          <URL>Lib/InfoSyS/os/Win/NR-BH-W98PR.zip</URL>
          <SIZE>0.6</SIZE>
          <CHECKSUM>0</CHECKSUM>
          <TYPE>zip</TYPE>
         </LOCATION>
         <ITEM>
          <INFO>
           <CATEGORIES>
            <CATEGORY>Lib/InfoSyS/os/Win</CATEGORY>
           </CATEGORIES>
           <DESCRIPTION>NewRiders - Bruce Hallberg - Windows 98 Professional Reference (html)</DESCRIPTION>
           <PUBLISHERS>
            <PUBLISHER>NewRiders</PUBLISHER>
           </PUBLISHERS>
           <AUTHORS>
            <AUTHOR>
             <FULLNAME>Bruce Hallberg</FULLNAME>
             <LASTNAME>Hallberg</LASTNAME>
             <FIRSTNAME>Bruce</FIRSTNAME>
            </AUTHOR>
           </AUTHORS>
           <TITLE>Windows 98 Professional Reference</TITLE>
           <INSTANCES>
            <INSTANCE>
             <FORMAT>html</FORMAT>
             <SIZE>0</SIZE>
             <CHECKSUM>0</CHECKSUM>
            </INSTANCE>
           </INSTANCES>
          </INFO>
         </ITEM>
        </FILE>
        <FILE link="Lib/InfoSyS/os/Win/NR-ST-W2KER.zip">
         <LOCATION>
          <URL>Lib/InfoSyS/os/Win/NR-ST-W2KER.zip</URL>
          <SIZE>3.3</SIZE>
          <CHECKSUM>0</CHECKSUM>
          <TYPE>zip</TYPE>
         </LOCATION>
         <ITEM>
          <INFO>
           <CATEGORIES>
            <CATEGORY>Lib/InfoSyS/os/Win</CATEGORY>
           </CATEGORIES>
           <DESCRIPTION>New Riders - Steven Tate - Windows 2000 Essential Reference</DESCRIPTION>
           <PUBLISHERS>
            <PUBLISHER>New Riders</PUBLISHER>
           </PUBLISHERS>
           <AUTHORS>
            <AUTHOR>
             <FULLNAME>Steven Tate</FULLNAME>
             <LASTNAME>Tate</LASTNAME>
             <FIRSTNAME>Steven</FIRSTNAME>
            </AUTHOR>
           </AUTHORS>
           <TITLE>Windows 2000 Essential Reference</TITLE>
           <INSTANCES>
            <INSTANCE>
             <FORMAT>pdf</FORMAT>
             <SIZE>0</SIZE>
             <CHECKSUM>0</CHECKSUM>
            </INSTANCE>
           </INSTANCES>
          </INFO>
         </ITEM>
        </FILE>
        <FILE link="Lib/InfoSyS/os/Win/OReilly-AF-W2KCPR.zip">
         <LOCATION>
          <URL>Lib/InfoSyS/os/Win/OReilly-AF-W2KCPR.zip</URL>
          <SIZE>0.6</SIZE>
          <CHECKSUM>0</CHECKSUM>
          <TYPE>zip</TYPE>
         </LOCATION>
         <ITEM>
          <INFO>
           <CATEGORIES>
            <CATEGORY>Lib/InfoSyS/os/Win</CATEGORY>
           </CATEGORIES>
           <DESCRIPTION>O'Reilly - Aleen Frisch - Windows 2000 Comands Pocket Reference</DESCRIPTION>
           <PUBLISHERS>
            <PUBLISHER>O'Reilly</PUBLISHER>
           </PUBLISHERS>
           <AUTHORS>
            <AUTHOR>
             <FULLNAME>Aleen Frisch</FULLNAME>
             <LASTNAME>Frisch</LASTNAME>
             <FIRSTNAME>Aleen</FIRSTNAME>
            </AUTHOR>
           </AUTHORS>
           <TITLE>Windows 2000 Comands Pocket Reference</TITLE>
           <INSTANCES>
            <INSTANCE>
             <FORMAT>pdf</FORMAT>
             <SIZE>0</SIZE>
             <CHECKSUM>0</CHECKSUM>
            </INSTANCE>
           </INSTANCES>
          </INFO>
         </ITEM>
        </FILE>
        <FILE link="Lib/InfoSyS/os/Win/QS--CT.exe">
         <LOCATION>
          <URL>Lib/InfoSyS/os/Win/QS--CT.exe</URL>
          <SIZE>0.8</SIZE>
          <CHECKSUM>0</CHECKSUM>
          <TYPE>plain</TYPE>
         </LOCATION>
         <ITEM>
          <INFO>
           <CATEGORIES>
            <CATEGORY>Lib/InfoSyS/os/Win</CATEGORY>
           </CATEGORIES>
           <DESCRIPTION>Quciker Surfing - Computer Tips Directory (exe)</DESCRIPTION>
           <AUTHORS>
            <AUTHOR>
             <FULLNAME>Quciker Surfing</FULLNAME>
             <LASTNAME>Surfing</LASTNAME>
             <FIRSTNAME>Quciker</FIRSTNAME>
            </AUTHOR>
           </AUTHORS>
           <TITLE>Computer Tips Directory</TITLE>
           <INSTANCES>
            <INSTANCE>
             <FORMAT>exe</FORMAT>
             <SIZE>0</SIZE>
             <CHECKSUM>0</CHECKSUM>
            </INSTANCE>
           </INSTANCES>
          </INFO>
         </ITEM>
        </FILE>
        <FILE link="Lib/InfoSyS/os/Win/Que--PEUWNTS4.zip">
         <LOCATION>
          <URL>Lib/InfoSyS/os/Win/Que--PEUWNTS4.zip</URL>
          <SIZE>18.5</SIZE>
          <CHECKSUM>0</CHECKSUM>
          <TYPE>zip</TYPE>
         </LOCATION>
         <ITEM>
          <INFO>
           <CATEGORIES>
            <CATEGORY>Lib/InfoSyS/os/Win</CATEGORY>
           </CATEGORIES>
           <DESCRIPTION>Que - - Platinum Edition Using Windows NT Server 4 (html)</DESCRIPTION>
           <PUBLISHERS>
            <PUBLISHER>Que</PUBLISHER>
           </PUBLISHERS>
           <TITLE>Platinum Edition Using Windows NT Server 4</TITLE>
           <INSTANCES>
            <INSTANCE>
             <FORMAT>html</FORMAT>
             <SIZE>0</SIZE>
             <CHECKSUM>0</CHECKSUM>
            </INSTANCE>
           </INSTANCES>
          </INFO>
         </ITEM>
        </FILE>
        <FILE link="Lib/InfoSyS/os/Win/Que--SEUWNT4S.zip">
         <LOCATION>
          <URL>Lib/InfoSyS/os/Win/Que--SEUWNT4S.zip</URL>
          <SIZE>0.7</SIZE>
          <CHECKSUM>0</CHECKSUM>
          <TYPE>zip</TYPE>
         </LOCATION>
         <ITEM>
          <INFO>
           <CATEGORIES>
            <CATEGORY>Lib/InfoSyS/os/Win</CATEGORY>
           </CATEGORIES>
           <DESCRIPTION>Que - - Special Edition Using Windows NT Server 4 (html)</DESCRIPTION>
           <PUBLISHERS>
            <PUBLISHER>Que</PUBLISHER>
           </PUBLISHERS>
           <TITLE>Special Edition Using Windows NT Server 4</TITLE>
           <INSTANCES>
            <INSTANCE>
             <FORMAT>html</FORMAT>
             <SIZE>0</SIZE>
             <CHECKSUM>0</CHECKSUM>
            </INSTANCE>
           </INSTANCES>
          </INFO>
         </ITEM>
        </FILE>
        <FILE link="Lib/InfoSyS/os/Win/Que-DA-PEUW98.zip">
         <LOCATION>
          <URL>Lib/InfoSyS/os/Win/Que-DA-PEUW98.zip</URL>
          <SIZE>0.7</SIZE>
          <CHECKSUM>0</CHECKSUM>
          <TYPE>zip</TYPE>
         </LOCATION>
         <ITEM>
          <INFO>
           <CATEGORIES>
            <CATEGORY>Lib/InfoSyS/os/Win</CATEGORY>
           </CATEGORIES>
           <DESCRIPTION>Que - Dean Andrews - Platinum Edition Using Windows 98 (html)</DESCRIPTION>
           <PUBLISHERS>
            <PUBLISHER>Que</PUBLISHER>
           </PUBLISHERS>
           <AUTHORS>
            <AUTHOR>
             <FULLNAME>Dean Andrews</FULLNAME>
             <LASTNAME>Andrews</LASTNAME>
             <FIRSTNAME>Dean</FIRSTNAME>
            </AUTHOR>
           </AUTHORS>
           <TITLE>Platinum Edition Using Windows 98</TITLE>
           <INSTANCES>
            <INSTANCE>
             <FORMAT>html</FORMAT>
             <SIZE>0</SIZE>
             <CHECKSUM>0</CHECKSUM>
            </INSTANCE>
           </INSTANCES>
          </INFO>
         </ITEM>
        </FILE>
        <FILE link="Lib/InfoSyS/os/Win/Que-JS-MW2000SH.zip">
         <LOCATION>
          <URL>Lib/InfoSyS/os/Win/Que-JS-MW2000SH.zip</URL>
          <SIZE>3.1</SIZE>
          <CHECKSUM>0</CHECKSUM>
          <TYPE>zip</TYPE>
         </LOCATION>
         <ITEM>
          <INFO>
           <CATEGORIES>
            <CATEGORY>Lib/InfoSyS/os/Win</CATEGORY>
           </CATEGORIES>
           <DESCRIPTION>Que - Jeff Schmidt - Microsoft Windows 2000 Security Handbook (html)</DESCRIPTION>
           <PUBLISHERS>
            <PUBLISHER>Que</PUBLISHER>
           </PUBLISHERS>
           <AUTHORS>
            <AUTHOR>
             <FULLNAME>Jeff Schmidt</FULLNAME>
             <LASTNAME>Schmidt</LASTNAME>
             <FIRSTNAME>Jeff</FIRSTNAME>
            </AUTHOR>
           </AUTHORS>
           <TITLE>Microsoft Windows 2000 Security Handbook</TITLE>
           <INSTANCES>
            <INSTANCE>
             <FORMAT>html</FORMAT>
             <SIZE>0</SIZE>
             <CHECKSUM>0</CHECKSUM>
            </INSTANCE>
           </INSTANCES>
          </INFO>
         </ITEM>
        </FILE>
        <FILE link="Lib/InfoSyS/os/Win/Que-PS-SEUWNT4W.zip">
         <LOCATION>
          <URL>Lib/InfoSyS/os/Win/Que-PS-SEUWNT4W.zip</URL>
          <SIZE>9.4</SIZE>
          <CHECKSUM>0</CHECKSUM>
          <TYPE>zip</TYPE>
         </LOCATION>
         <ITEM>
          <INFO>
           <CATEGORIES>
            <CATEGORY>Lib/InfoSyS/os/Win</CATEGORY>
           </CATEGORIES>
           <DESCRIPTION>Que - Paul Sanna - Special Edition Using  Windows NT Workstation 4.0 (html)</DESCRIPTION>
           <PUBLISHERS>
            <PUBLISHER>Que</PUBLISHER>
           </PUBLISHERS>
           <AUTHORS>
            <AUTHOR>
             <FULLNAME>Paul Sanna</FULLNAME>
             <LASTNAME>Sanna</LASTNAME>
             <FIRSTNAME>Paul</FIRSTNAME>
            </AUTHOR>
           </AUTHORS>
           <TITLE>Special Edition Using  Windows NT Workstation 4.0</TITLE>
           <INSTANCES>
            <INSTANCE>
             <FORMAT>html</FORMAT>
             <SIZE>0</SIZE>
             <CHECKSUM>0</CHECKSUM>
            </INSTANCE>
           </INSTANCES>
          </INFO>
         </ITEM>
        </FILE>
        <FILE link="Lib/InfoSyS/os/Win/SAMS-CJ-TCWR.zip">
         <LOCATION>
          <URL>Lib/InfoSyS/os/Win/SAMS-CJ-TCWR.zip</URL>
          <SIZE>4</SIZE>
          <CHECKSUM>0</CHECKSUM>
          <TYPE>zip</TYPE>
         </LOCATION>
         <ITEM>
          <INFO>
           <CATEGORIES>
            <CATEGORY>Lib/InfoSyS/os/Win</CATEGORY>
           </CATEGORIES>
           <DESCRIPTION>SAMS - Clayton Johnson - Troubleshooting and Configuring the Windows NT/95 Registry (html)</DESCRIPTION>
           <PUBLISHERS>
            <PUBLISHER>SAMS</PUBLISHER>
           </PUBLISHERS>
           <AUTHORS>
            <AUTHOR>
             <FULLNAME>Clayton Johnson</FULLNAME>
             <LASTNAME>Johnson</LASTNAME>
             <FIRSTNAME>Clayton</FIRSTNAME>
            </AUTHOR>
           </AUTHORS>
           <TITLE>Troubleshooting and Configuring the Windows NT/95 Registry</TITLE>
           <INSTANCES>
            <INSTANCE>
             <FORMAT>html</FORMAT>
             <SIZE>0</SIZE>
             <CHECKSUM>0</CHECKSUM>
            </INSTANCE>
           </INSTANCES>
          </INFO>
         </ITEM>
        </FILE>
        <FILE link="Lib/InfoSyS/os/Win/SAMS-PN-NCCtWNT4W.zip">
         <LOCATION>
          <URL>Lib/InfoSyS/os/Win/SAMS-PN-NCCtWNT4W.zip</URL>
          <SIZE>10.8</SIZE>
          <CHECKSUM>0</CHECKSUM>
          <TYPE>zip</TYPE>
         </LOCATION>
         <ITEM>
          <INFO>
           <CATEGORIES>
            <CATEGORY>Lib/InfoSyS/os/Win</CATEGORY>
           </CATEGORIES>
           <DESCRIPTION>SAMS - Peter Norton - Peter Norton's Complete Guide to Windows NT 4 Workstation (html)</DESCRIPTION>
           <PUBLISHERS>
            <PUBLISHER>SAMS</PUBLISHER>
           </PUBLISHERS>
           <AUTHORS>
            <AUTHOR>
             <FULLNAME>Peter Norton</FULLNAME>
             <LASTNAME>Norton</LASTNAME>
             <FIRSTNAME>Peter</FIRSTNAME>
            </AUTHOR>
           </AUTHORS>
           <TITLE>Peter Norton's Complete Guide to Windows NT 4 Workstation</TITLE>
           <INSTANCES>
            <INSTANCE>
             <FORMAT>html</FORMAT>
             <SIZE>0</SIZE>
             <CHECKSUM>0</CHECKSUM>
            </INSTANCE>
           </INSTANCES>
          </INFO>
         </ITEM>
        </FILE>
        <FILE link="Lib/InfoSyS/os/Win/SAMS-SH-WNTIID.zip">
         <LOCATION>
          <URL>Lib/InfoSyS/os/Win/SAMS-SH-WNTIID.zip</URL>
          <SIZE>1.8</SIZE>
          <CHECKSUM>0</CHECKSUM>
          <TYPE>zip</TYPE>
         </LOCATION>
         <ITEM>
          <INFO>
           <CATEGORIES>
            <CATEGORY>Lib/InfoSyS/os/Win</CATEGORY>
           </CATEGORIES>
           <DESCRIPTION>SAMS - Sanjaya Hettihewa - Windows NT Internet and Intranet Development (html)</DESCRIPTION>
           <PUBLISHERS>
            <PUBLISHER>SAMS</PUBLISHER>
           </PUBLISHERS>
           <AUTHORS>
            <AUTHOR>
             <FULLNAME>Sanjaya Hettihewa</FULLNAME>
             <LASTNAME>Hettihewa</LASTNAME>
             <FIRSTNAME>Sanjaya</FIRSTNAME>
            </AUTHOR>
           </AUTHORS>
           <TITLE>Windows NT Internet and Intranet Development</TITLE>
           <INSTANCES>
            <INSTANCE>
             <FORMAT>html</FORMAT>
             <SIZE>0</SIZE>
             <CHECKSUM>0</CHECKSUM>
            </INSTANCE>
           </INSTANCES>
          </INFO>
         </ITEM>
        </FILE>
        <FILE link="Lib/InfoSyS/os/Win/SAMS-SZ-BIWNT4.zip">
         <LOCATION>
          <URL>Lib/InfoSyS/os/Win/SAMS-SZ-BIWNT4.zip</URL>
          <SIZE>1.3</SIZE>
          <CHECKSUM>0</CHECKSUM>
          <TYPE>zip</TYPE>
         </LOCATION>
         <ITEM>
          <INFO>
           <CATEGORIES>
            <CATEGORY>Lib/InfoSyS/os/Win</CATEGORY>
           </CATEGORIES>
           <DESCRIPTION>SAMS - Scott Zimmerman - Building an Intranet with Windows NT 4.0 (html)</DESCRIPTION>
           <PUBLISHERS>
            <PUBLISHER>SAMS</PUBLISHER>
           </PUBLISHERS>
           <AUTHORS>
            <AUTHOR>
             <FULLNAME>Scott Zimmerman</FULLNAME>
             <LASTNAME>Zimmerman</LASTNAME>
             <FIRSTNAME>Scott</FIRSTNAME>
            </AUTHOR>
           </AUTHORS>
           <TITLE>Building an Intranet with Windows NT 4.0</TITLE>
           <INSTANCES>
            <INSTANCE>
             <FORMAT>html</FORMAT>
             <SIZE>0</SIZE>
             <CHECKSUM>0</CHECKSUM>
            </INSTANCE>
           </INSTANCES>
          </INFO>
         </ITEM>
        </FILE>
        <FILE link="Lib/InfoSyS/os/Win/Sybex--MWXPHE.zip">
         <LOCATION>
          <URL>Lib/InfoSyS/os/Win/Sybex--MWXPHE.zip</URL>
          <SIZE>15.6</SIZE>
          <CHECKSUM>0</CHECKSUM>
          <TYPE>zip</TYPE>
         </LOCATION>
         <ITEM>
          <INFO>
           <CATEGORIES>
            <CATEGORY>Lib/InfoSyS/os/Win</CATEGORY>
           </CATEGORIES>
           <DESCRIPTION>Sybex - - Mastering Windows XP Home Edition</DESCRIPTION>
           <PUBLISHERS>
            <PUBLISHER>Sybex</PUBLISHER>
           </PUBLISHERS>
           <TITLE>Mastering Windows XP Home Edition</TITLE>
           <INSTANCES>
            <INSTANCE>
             <FORMAT>pdf</FORMAT>
             <SIZE>0</SIZE>
             <CHECKSUM>0</CHECKSUM>
            </INSTANCE>
           </INSTANCES>
          </INFO>
         </ITEM>
        </FILE>
        <FILE link="Lib/InfoSyS/os/Win/Sybex-GG-W2000NSD.zip">
         <LOCATION>
          <URL>Lib/InfoSyS/os/Win/Sybex-GG-W2000NSD.zip</URL>
          <SIZE>4.7</SIZE>
          <CHECKSUM>0</CHECKSUM>
          <TYPE>zip</TYPE>
         </LOCATION>
         <ITEM>
          <INFO>
           <CATEGORIES>
            <CATEGORY>Lib/InfoSyS/os/Win</CATEGORY>
           </CATEGORIES>
           <DESCRIPTION>Sybex - Gary Govanus - Windows 2000 Network Security Design Study Guide</DESCRIPTION>
           <PUBLISHERS>
            <PUBLISHER>Sybex</PUBLISHER>
           </PUBLISHERS>
           <AUTHORS>
            <AUTHOR>
             <FULLNAME>Gary Govanus</FULLNAME>
             <LASTNAME>Govanus</LASTNAME>
             <FIRSTNAME>Gary</FIRSTNAME>
            </AUTHOR>
           </AUTHORS>
           <TITLE>Windows 2000 Network Security Design Study Guide</TITLE>
           <INSTANCES>
            <INSTANCE>
             <FORMAT>pdf</FORMAT>
             <SIZE>0</SIZE>
             <CHECKSUM>0</CHECKSUM>
            </INSTANCE>
           </INSTANCES>
          </INFO>
         </ITEM>
        </FILE>
        <FILE link="Lib/InfoSyS/os/Win/Syngress-BC-W2KCW.zip">
         <LOCATION>
          <URL>Lib/InfoSyS/os/Win/Syngress-BC-W2KCW.zip</URL>
          <SIZE>4.3</SIZE>
          <CHECKSUM>0</CHECKSUM>
          <TYPE>zip</TYPE>
         </LOCATION>
         <ITEM>
          <INFO>
           <CATEGORIES>
            <CATEGORY>Lib/InfoSyS/os/Win</CATEGORY>
           </CATEGORIES>
           <DESCRIPTION>Syngress - Brian Collins - W2K Configuration Wizards</DESCRIPTION>
           <PUBLISHERS>
            <PUBLISHER>Syngress</PUBLISHER>
           </PUBLISHERS>
           <AUTHORS>
            <AUTHOR>
             <FULLNAME>Brian Collins</FULLNAME>
             <LASTNAME>Collins</LASTNAME>
             <FIRSTNAME>Brian</FIRSTNAME>
            </AUTHOR>
           </AUTHORS>
           <TITLE>W2K Configuration Wizards</TITLE>
           <INSTANCES>
            <INSTANCE>
             <FORMAT>pdf</FORMAT>
             <SIZE>0</SIZE>
             <CHECKSUM>0</CHECKSUM>
            </INSTANCE>
           </INSTANCES>
          </INFO>
         </ITEM>
        </FILE>
        <FILE link="Lib/InfoSyS/os/Win/Syngress-CB-CW2KwAD.zip">
         <LOCATION>
          <URL>Lib/InfoSyS/os/Win/Syngress-CB-CW2KwAD.zip</URL>
          <SIZE>9.4</SIZE>
          <CHECKSUM>0</CHECKSUM>
          <TYPE>zip</TYPE>
         </LOCATION>
         <ITEM>
          <INFO>
           <CATEGORIES>
            <CATEGORY>Lib/InfoSyS/os/Win</CATEGORY>
           </CATEGORIES>
           <DESCRIPTION>Syngress - Carol Bailey - Configuring W2k Without Active Directory</DESCRIPTION>
           <PUBLISHERS>
            <PUBLISHER>Syngress</PUBLISHER>
           </PUBLISHERS>
           <AUTHORS>
            <AUTHOR>
             <FULLNAME>Carol Bailey</FULLNAME>
             <LASTNAME>Bailey</LASTNAME>
             <FIRSTNAME>Carol</FIRSTNAME>
            </AUTHOR>
           </AUTHORS>
           <TITLE>Configuring W2k Without Active Directory</TITLE>
           <INSTANCES>
            <INSTANCE>
             <FORMAT>pdf</FORMAT>
             <SIZE>0</SIZE>
             <CHECKSUM>0</CHECKSUM>
            </INSTANCE>
           </INSTANCES>
          </INFO>
         </ITEM>
        </FILE>
        <FILE link="Lib/InfoSyS/os/Win/Syngress-CT-HPW2KS.zip">
         <LOCATION>
          <URL>Lib/InfoSyS/os/Win/Syngress-CT-HPW2KS.zip</URL>
          <SIZE>10.2</SIZE>
          <CHECKSUM>0</CHECKSUM>
          <TYPE>zip</TYPE>
         </LOCATION>
         <ITEM>
          <INFO>
           <CATEGORIES>
            <CATEGORY>Lib/InfoSyS/os/Win</CATEGORY>
           </CATEGORIES>
           <DESCRIPTION>Syngress - Chad Todd - Hack Proofing Windows 2000 Server</DESCRIPTION>
           <PUBLISHERS>
            <PUBLISHER>Syngress</PUBLISHER>
           </PUBLISHERS>
           <AUTHORS>
            <AUTHOR>
             <FULLNAME>Chad Todd</FULLNAME>
             <LASTNAME>Todd</LASTNAME>
             <FIRSTNAME>Chad</FIRSTNAME>
            </AUTHOR>
           </AUTHORS>
           <TITLE>Hack Proofing Windows 2000 Server</TITLE>
           <INSTANCES>
            <INSTANCE>
             <FORMAT>pdf</FORMAT>
             <SIZE>0</SIZE>
             <CHECKSUM>0</CHECKSUM>
            </INSTANCE>
           </INSTANCES>
          </INFO>
         </ITEM>
        </FILE>
        <FILE link="Lib/InfoSyS/os/Win/Syngress-DS-TW2KTCPIP.zip">
         <LOCATION>
          <URL>Lib/InfoSyS/os/Win/Syngress-DS-TW2KTCPIP.zip</URL>
          <SIZE>4.4</SIZE>
          <CHECKSUM>0</CHECKSUM>
          <TYPE>zip</TYPE>
         </LOCATION>
         <ITEM>
          <INFO>
           <CATEGORIES>
            <CATEGORY>Lib/InfoSyS/os/Win</CATEGORY>
           </CATEGORIES>
           <DESCRIPTION>Syngress - Debra Shinder - Trubleshooting W2K Tcp/Ip</DESCRIPTION>
           <PUBLISHERS>
            <PUBLISHER>Syngress</PUBLISHER>
           </PUBLISHERS>
           <AUTHORS>
            <AUTHOR>
             <FULLNAME>Debra Shinder</FULLNAME>
             <LASTNAME>Shinder</LASTNAME>
             <FIRSTNAME>Debra</FIRSTNAME>
            </AUTHOR>
           </AUTHORS>
           <TITLE>Trubleshooting W2K Tcp/Ip</TITLE>
           <INSTANCES>
            <INSTANCE>
             <FORMAT>pdf</FORMAT>
             <SIZE>0</SIZE>
             <CHECKSUM>0</CHECKSUM>
            </INSTANCE>
           </INSTANCES>
          </INFO>
         </ITEM>
        </FILE>
        <FILE link="Lib/InfoSyS/os/Win/Syngress-GR-DW2KwST.zip">
         <LOCATION>
          <URL>Lib/InfoSyS/os/Win/Syngress-GR-DW2KwST.zip</URL>
          <SIZE>3.5</SIZE>
          <CHECKSUM>0</CHECKSUM>
          <TYPE>zip</TYPE>
         </LOCATION>
         <ITEM>
          <INFO>
           <CATEGORIES>
            <CATEGORY>Lib/InfoSyS/os/Win</CATEGORY>
           </CATEGORIES>
           <DESCRIPTION>Syngress - Gary Rosenfeld - Deploying W2k with Support Tools</DESCRIPTION>
           <PUBLISHERS>
            <PUBLISHER>Syngress</PUBLISHER>
           </PUBLISHERS>
           <AUTHORS>
            <AUTHOR>
             <FULLNAME>Gary Rosenfeld</FULLNAME>
             <LASTNAME>Rosenfeld</LASTNAME>
             <FIRSTNAME>Gary</FIRSTNAME>
            </AUTHOR>
           </AUTHORS>
           <TITLE>Deploying W2k with Support Tools</TITLE>
           <INSTANCES>
            <INSTANCE>
             <FORMAT>pdf</FORMAT>
             <SIZE>0</SIZE>
             <CHECKSUM>0</CHECKSUM>
            </INSTANCE>
           </INSTANCES>
          </INFO>
         </ITEM>
        </FILE>
        <FILE link="Lib/InfoSyS/os/Win/Syngress-MC-W2KAD2.zip">
         <LOCATION>
          <URL>Lib/InfoSyS/os/Win/Syngress-MC-W2KAD2.zip</URL>
          <SIZE>5.8</SIZE>
          <CHECKSUM>0</CHECKSUM>
          <TYPE>zip</TYPE>
         </LOCATION>
         <ITEM>
          <INFO>
           <CATEGORIES>
            <CATEGORY>Lib/InfoSyS/os/Win</CATEGORY>
           </CATEGORIES>
           <DESCRIPTION>Syngress - Melissa Craft - W2K Active Directory, 2nd Edition</DESCRIPTION>
           <PUBLISHERS>
            <PUBLISHER>Syngress</PUBLISHER>
           </PUBLISHERS>
           <AUTHORS>
            <AUTHOR>
             <FULLNAME>Melissa Craft</FULLNAME>
             <LASTNAME>Craft</LASTNAME>
             <FIRSTNAME>Melissa</FIRSTNAME>
            </AUTHOR>
           </AUTHORS>
           <TITLE>W2K Active Directory</TITLE>
           <EDITION>2</EDITION>
           <INSTANCES>
            <INSTANCE>
             <FORMAT>pdf</FORMAT>
             <SIZE>0</SIZE>
             <CHECKSUM>0</CHECKSUM>
            </INSTANCE>
           </INSTANCES>
          </INFO>
         </ITEM>
        </FILE>
        <FILE link="Lib/InfoSyS/os/Win/Syngress-MG-CaTWXPP.zip">
         <LOCATION>
          <URL>Lib/InfoSyS/os/Win/Syngress-MG-CaTWXPP.zip</URL>
          <SIZE>9.8</SIZE>
          <CHECKSUM>0</CHECKSUM>
          <TYPE>zip</TYPE>
         </LOCATION>
         <ITEM>
          <INFO>
           <CATEGORIES>
            <CATEGORY>Lib/InfoSyS/os/Win</CATEGORY>
           </CATEGORIES>
           <DESCRIPTION>Syngress - Martin Grasdal - Configuring and Troubleshooting WinXP Professional</DESCRIPTION>
           <PUBLISHERS>
            <PUBLISHER>Syngress</PUBLISHER>
           </PUBLISHERS>
           <AUTHORS>
            <AUTHOR>
             <FULLNAME>Martin Grasdal</FULLNAME>
             <LASTNAME>Grasdal</LASTNAME>
             <FIRSTNAME>Martin</FIRSTNAME>
            </AUTHOR>
           </AUTHORS>
           <TITLE>Configuring and Troubleshooting WinXP Professional</TITLE>
           <INSTANCES>
            <INSTANCE>
             <FORMAT>pdf</FORMAT>
             <SIZE>0</SIZE>
             <CHECKSUM>0</CHECKSUM>
            </INSTANCE>
           </INSTANCES>
          </INFO>
         </ITEM>
        </FILE>
        <FILE link="Lib/InfoSyS/os/Win/Syngress-PS-W2KSSA.zip">
         <LOCATION>
          <URL>Lib/InfoSyS/os/Win/Syngress-PS-W2KSSA.zip</URL>
          <SIZE>4.1</SIZE>
          <CHECKSUM>0</CHECKSUM>
          <TYPE>zip</TYPE>
         </LOCATION>
         <ITEM>
          <INFO>
           <CATEGORIES>
            <CATEGORY>Lib/InfoSyS/os/Win</CATEGORY>
           </CATEGORIES>
           <DESCRIPTION>Syngress - Paul Shields - W2K Server System Administration Handbook</DESCRIPTION>
           <PUBLISHERS>
            <PUBLISHER>Syngress</PUBLISHER>
           </PUBLISHERS>
           <AUTHORS>
            <AUTHOR>
             <FULLNAME>Paul Shields</FULLNAME>
             <LASTNAME>Shields</LASTNAME>
             <FIRSTNAME>Paul</FIRSTNAME>
            </AUTHOR>
           </AUTHORS>
           <TITLE>W2K Server System Administration Handbook</TITLE>
           <INSTANCES>
            <INSTANCE>
             <FORMAT>pdf</FORMAT>
             <SIZE>0</SIZE>
             <CHECKSUM>0</CHECKSUM>
            </INSTANCE>
           </INSTANCES>
          </INFO>
         </ITEM>
        </FILE>
        <FILE link="Lib/InfoSyS/os/Win/Syngress-RW-MCW2KSA.zip">
         <LOCATION>
          <URL>Lib/InfoSyS/os/Win/Syngress-RW-MCW2KSA.zip</URL>
          <SIZE>4.7</SIZE>
          <CHECKSUM>0</CHECKSUM>
          <TYPE>zip</TYPE>
         </LOCATION>
         <ITEM>
          <INFO>
           <CATEGORIES>
            <CATEGORY>Lib/InfoSyS/os/Win</CATEGORY>
           </CATEGORIES>
           <DESCRIPTION>Syngress - Robin Walshaw - Mission Critical W2K Server Administration</DESCRIPTION>
           <PUBLISHERS>
            <PUBLISHER>Syngress</PUBLISHER>
           </PUBLISHERS>
           <AUTHORS>
            <AUTHOR>
             <FULLNAME>Robin Walshaw</FULLNAME>
             <LASTNAME>Walshaw</LASTNAME>
             <FIRSTNAME>Robin</FIRSTNAME>
            </AUTHOR>
           </AUTHORS>
           <TITLE>Mission Critical W2K Server Administration</TITLE>
           <INSTANCES>
            <INSTANCE>
             <FORMAT>pdf</FORMAT>
             <SIZE>0</SIZE>
             <CHECKSUM>0</CHECKSUM>
            </INSTANCE>
           </INSTANCES>
          </INFO>
         </ITEM>
        </FILE>
        <FILE link="Lib/InfoSyS/os/Win/U--NT4SU.zip">
         <LOCATION>
          <URL>Lib/InfoSyS/os/Win/U--NT4SU.zip</URL>
          <SIZE>14</SIZE>
          <CHECKSUM>0</CHECKSUM>
          <TYPE>zip</TYPE>
         </LOCATION>
         <ITEM>
          <INFO>
           <CATEGORIES>
            <CATEGORY>Lib/InfoSyS/os/Win</CATEGORY>
           </CATEGORIES>
           <DESCRIPTION>Windows NT 4 Server Unleashed (html)</DESCRIPTION>
           <TITLE>Windows NT 4 Server Unleashed</TITLE>
           <INSTANCES>
            <INSTANCE>
             <FORMAT>html</FORMAT>
             <SIZE>0</SIZE>
             <CHECKSUM>0</CHECKSUM>
            </INSTANCE>
           </INSTANCES>
          </INFO>
         </ITEM>
        </FILE>
        <FILE link="Lib/InfoSyS/os/Win/U--soveti.zip">
         <LOCATION>
          <URL>Lib/InfoSyS/os/Win/U--soveti.zip</URL>
          <SIZE>0.5</SIZE>
          <CHECKSUM>0</CHECKSUM>
          <TYPE>zip</TYPE>
         </LOCATION>
         <ITEM>
          <INFO>
           <CATEGORIES>
            <CATEGORY>Lib/InfoSyS/os/Win</CATEGORY>
           </CATEGORIES>
           <DESCRIPTION>Советы</DESCRIPTION>
           <TITLE>Советы</TITLE>
           <INSTANCES>
            <INSTANCE>
             <FORMAT>pdf</FORMAT>
             <SIZE>0</SIZE>
             <CHECKSUM>0</CHECKSUM>
            </INSTANCE>
           </INSTANCES>
          </INFO>
         </ITEM>
        </FILE>
        <FILE link="Lib/InfoSyS/os/Win/U--windowsxp.exe">
         <LOCATION>
          <URL>Lib/InfoSyS/os/Win/U--windowsxp.exe</URL>
          <SIZE>12.9</SIZE>
          <CHECKSUM>0</CHECKSUM>
          <TYPE>plain</TYPE>
         </LOCATION>
         <ITEM>
          <INFO>
           <CATEGORIES>
            <CATEGORY>Lib/InfoSyS/os/Win</CATEGORY>
           </CATEGORIES>
           <DESCRIPTION>Configuring WindowsXP Professional (exe)</DESCRIPTION>
           <TITLE>Configuring WindowsXP Professional</TITLE>
           <INSTANCES>
            <INSTANCE>
             <FORMAT>exe</FORMAT>
             <SIZE>0</SIZE>
             <CHECKSUM>0</CHECKSUM>
            </INSTANCE>
           </INSTANCES>
          </INFO>
         </ITEM>
        </FILE>
        <FILE link="Lib/InfoSyS/os/Win/U--WNToI.zip">
         <LOCATION>
          <URL>Lib/InfoSyS/os/Win/U--WNToI.zip</URL>
          <SIZE>0</SIZE>
          <CHECKSUM>0</CHECKSUM>
          <TYPE>zip</TYPE>
         </LOCATION>
         <ITEM>
          <INFO>
           <CATEGORIES>
            <CATEGORY>Lib/InfoSyS/os/Win</CATEGORY>
           </CATEGORIES>
           <DESCRIPTION>Windows NT on the Internet (html)</DESCRIPTION>
           <TITLE>Windows NT on the Internet</TITLE>
           <INSTANCES>
            <INSTANCE>
             <FORMAT>html</FORMAT>
             <SIZE>0</SIZE>
             <CHECKSUM>0</CHECKSUM>
            </INSTANCE>
           </INSTANCES>
          </INFO>
         </ITEM>
        </FILE>
        <DIR link="Lib/InfoSyS/os/Win/FAQs">
         <LOCATION>
          <URL>Lib/InfoSyS/os/Win/FAQs</URL>
          <SIZE>1.5</SIZE>
         </LOCATION>
         <FILELIST category="Lib/InfoSyS/os/Win/FAQs">
          <INFO>
           <DESCRIPTION>FAQs and HOWTOs</DESCRIPTION>
           <TITLE>FAQs and HOWTOs</TITLE>
           <DEFAULTFORMAT>pdf</DEFAULTFORMAT>
          </INFO>
          <FILE link="Lib/InfoSyS/os/Win/FAQs/JS-NTFAQ.zip">
           <LOCATION>
            <URL>Lib/InfoSyS/os/Win/FAQs/JS-NTFAQ.zip</URL>
            <SIZE>0.1</SIZE>
            <CHECKSUM>0</CHECKSUM>
            <TYPE>zip</TYPE>
           </LOCATION>
           <ITEM>
            <INFO>
             <CATEGORIES>
              <CATEGORY>Lib/InfoSyS/os/Win/FAQs</CATEGORY>
             </CATEGORIES>
             <DESCRIPTION>John Savill - NT FAQ (html)</DESCRIPTION>
             <AUTHORS>
              <AUTHOR>
               <FULLNAME>John Savill</FULLNAME>
               <LASTNAME>Savill</LASTNAME>
               <FIRSTNAME>John</FIRSTNAME>
              </AUTHOR>
             </AUTHORS>
             <TITLE>NT FAQ</TITLE>
             <INSTANCES>
              <INSTANCE>
               <FORMAT>html</FORMAT>
               <SIZE>0</SIZE>
               <CHECKSUM>0</CHECKSUM>
              </INSTANCE>
             </INSTANCES>
            </INFO>
           </ITEM>
          </FILE>
          <FILE link="Lib/InfoSyS/os/Win/FAQs/msdos.zip">
           <LOCATION>
            <URL>Lib/InfoSyS/os/Win/FAQs/msdos.zip</URL>
            <SIZE>0</SIZE>
            <CHECKSUM>0</CHECKSUM>
            <TYPE>zip</TYPE>
           </LOCATION>
           <ITEM>
            <INFO>
             <CATEGORIES>
              <CATEGORY>Lib/InfoSyS/os/Win/FAQs</CATEGORY>
             </CATEGORIES>
             <DESCRIPTION>msdos.sys commands (txt)</DESCRIPTION>
             <TITLE>msdos.sys commands</TITLE>
             <INSTANCES>
              <INSTANCE>
               <FORMAT>txt</FORMAT>
               <SIZE>0</SIZE>
               <CHECKSUM>0</CHECKSUM>
              </INSTANCE>
             </INSTANCES>
            </INFO>
           </ITEM>
          </FILE>
          <FILE link="Lib/InfoSyS/os/Win/FAQs/ntsec.zip">
           <LOCATION>
            <URL>Lib/InfoSyS/os/Win/FAQs/ntsec.zip</URL>
            <SIZE>0</SIZE>
            <CHECKSUM>0</CHECKSUM>
            <TYPE>zip</TYPE>
           </LOCATION>
           <ITEM>
            <INFO>
             <CATEGORIES>
              <CATEGORY>Lib/InfoSyS/os/Win/FAQs</CATEGORY>
             </CATEGORIES>
             <DESCRIPTION>NT Security - Frequently Asked Questions version 0.41 (html)</DESCRIPTION>
             <AUTHORS>
              <AUTHOR>
               <FULLNAME>NT Security</FULLNAME>
               <LASTNAME>Security</LASTNAME>
               <FIRSTNAME>NT</FIRSTNAME>
              </AUTHOR>
             </AUTHORS>
             <TITLE>Frequently Asked Questions version 0.41</TITLE>
             <INSTANCES>
              <INSTANCE>
               <FORMAT>html</FORMAT>
               <SIZE>0</SIZE>
               <CHECKSUM>0</CHECKSUM>
              </INSTANCE>
             </INSTANCES>
            </INFO>
           </ITEM>
          </FILE>
          <FILE link="Lib/InfoSyS/os/Win/FAQs/RWNTUG.zip">
           <LOCATION>
            <URL>Lib/InfoSyS/os/Win/FAQs/RWNTUG.zip</URL>
            <SIZE>0</SIZE>
            <CHECKSUM>0</CHECKSUM>
            <TYPE>zip</TYPE>
           </LOCATION>
           <ITEM>
            <INFO>
             <CATEGORIES>
              <CATEGORY>Lib/InfoSyS/os/Win/FAQs</CATEGORY>
             </CATEGORIES>
             <DESCRIPTION>RWNTUG FAQ for Win NT 4 (html)</DESCRIPTION>
             <TITLE>RWNTUG FAQ for Win NT 4</TITLE>
             <INSTANCES>
              <INSTANCE>
               <FORMAT>html</FORMAT>
               <SIZE>0</SIZE>
               <CHECKSUM>0</CHECKSUM>
              </INSTANCE>
             </INSTANCES>
            </INFO>
           </ITEM>
          </FILE>
          <FILE link="Lib/InfoSyS/os/Win/FAQs/Win2kFAQ3.chm">
           <LOCATION>
            <URL>Lib/InfoSyS/os/Win/FAQs/Win2kFAQ3.chm</URL>
            <SIZE>0.2</SIZE>
            <CHECKSUM>0</CHECKSUM>
            <TYPE>plain</TYPE>
           </LOCATION>
           <ITEM>
            <INFO>
             <CATEGORIES>
              <CATEGORY>Lib/InfoSyS/os/Win/FAQs</CATEGORY>
             </CATEGORIES>
             <DESCRIPTION>3DNews - Windows 2000 FAQ v. 5.2.0</DESCRIPTION>
             <AUTHORS>
              <AUTHOR>
               <FULLNAME>3DNews</FULLNAME>
               <LASTNAME>3DNews</LASTNAME>
               <FIRSTNAME></FIRSTNAME>
              </AUTHOR>
             </AUTHORS>
             <TITLE>Windows 2000 FAQ v. 5.2.0</TITLE>
             <INSTANCES>
              <INSTANCE>
               <FORMAT>pdf</FORMAT>
               <SIZE>0</SIZE>
               <CHECKSUM>0</CHECKSUM>
              </INSTANCE>
             </INSTANCES>
            </INFO>
           </ITEM>
          </FILE>
          <FILE link="Lib/InfoSyS/os/Win/FAQs/WinXPFAQ.chm">
           <LOCATION>
            <URL>Lib/InfoSyS/os/Win/FAQs/WinXPFAQ.chm</URL>
            <SIZE>1.2</SIZE>
            <CHECKSUM>0</CHECKSUM>
            <TYPE>plain</TYPE>
           </LOCATION>
           <ITEM>
            <INFO>
             <CATEGORIES>
              <CATEGORY>Lib/InfoSyS/os/Win/FAQs</CATEGORY>
             </CATEGORIES>
             <DESCRIPTION>3DNews - Windows XP FAQ v. 0.8</DESCRIPTION>
             <AUTHORS>
              <AUTHOR>
               <FULLNAME>3DNews</FULLNAME>
               <LASTNAME>3DNews</LASTNAME>
               <FIRSTNAME></FIRSTNAME>
              </AUTHOR>
             </AUTHORS>
             <TITLE>Windows XP FAQ v. 0.8</TITLE>
             <INSTANCES>
              <INSTANCE>
               <FORMAT>pdf</FORMAT>
               <SIZE>0</SIZE>
               <CHECKSUM>0</CHECKSUM>
              </INSTANCE>
             </INSTANCES>
            </INFO>
           </ITEM>
          </FILE>
         </FILELIST>
        </DIR>
       </FILELIST>
      </DIR>
     </FILELIST>
    </DIR>
    <DIR link="Lib/InfoSyS/Other">
     <LOCATION>
      <URL>Lib/InfoSyS/Other</URL>
      <SIZE>10.2</SIZE>
     </LOCATION>
     <FILELIST category="Lib/InfoSyS/Other">
      <INFO>
       <DESCRIPTION>All Other</DESCRIPTION>
       <TITLE>All Other</TITLE>
       <DEFAULTFORMAT>pdf</DEFAULTFORMAT>
      </INFO>
      <FILE link="Lib/InfoSyS/Other/MSPress--MCD4.chm">
       <LOCATION>
        <URL>Lib/InfoSyS/Other/MSPress--MCD4.chm</URL>
        <SIZE>1.8</SIZE>
        <CHECKSUM>0</CHECKSUM>
        <TYPE>plain</TYPE>
       </LOCATION>
       <ITEM>
        <INFO>
         <CATEGORIES>
          <CATEGORY>Lib/InfoSyS/Other</CATEGORY>
         </CATEGORIES>
         <DESCRIPTION>MSPress - - Microsoft Computer Dictionary, 4th Edition (chm)</DESCRIPTION>
         <PUBLISHERS>
          <PUBLISHER>MSPress</PUBLISHER>
         </PUBLISHERS>
         <TITLE>Microsoft Computer Dictionary</TITLE>
         <EDITION>4</EDITION>
         <INSTANCES>
          <INSTANCE>
           <FORMAT>chm</FORMAT>
           <SIZE>0</SIZE>
           <CHECKSUM>0</CHECKSUM>
          </INSTANCE>
         </INSTANCES>
        </INFO>
       </ITEM>
      </FILE>
      <FILE link="Lib/InfoSyS/Other/U--PCE.zip">
       <LOCATION>
        <URL>Lib/InfoSyS/Other/U--PCE.zip</URL>
        <SIZE>8.3</SIZE>
        <CHECKSUM>0</CHECKSUM>
        <TYPE>zip</TYPE>
       </LOCATION>
       <ITEM>
        <INFO>
         <CATEGORIES>
          <CATEGORY>Lib/InfoSyS/Other</CATEGORY>
         </CATEGORIES>
         <DESCRIPTION>PC Энциклопедия</DESCRIPTION>
         <TITLE>PC Энциклопедия</TITLE>
         <INSTANCES>
          <INSTANCE>
           <FORMAT>pdf</FORMAT>
           <SIZE>0</SIZE>
           <CHECKSUM>0</CHECKSUM>
          </INSTANCE>
         </INSTANCES>
        </INFO>
       </ITEM>
      </FILE>
     </FILELIST>
    </DIR>
    <DIR link="Lib/InfoSyS/Programms">
     <LOCATION>
      <URL>Lib/InfoSyS/Programms</URL>
      <SIZE>794.4</SIZE>
     </LOCATION>
     <FILELIST category="Lib/InfoSyS/Programms">
      <INFO>
       <DESCRIPTION>Software Documentation</DESCRIPTION>
       <TITLE>Software Documentation</TITLE>
       <DEFAULTFORMAT>pdf</DEFAULTFORMAT>
      </INFO>
      <FILE link="Lib/InfoSyS/Programms/VMW--Manual.zip">
       <LOCATION>
        <URL>Lib/InfoSyS/Programms/VMW--Manual.zip</URL>
        <SIZE>6.9</SIZE>
        <CHECKSUM>0</CHECKSUM>
        <TYPE>zip</TYPE>
       </LOCATION>
       <ITEM>
        <INFO>
         <CATEGORIES>
          <CATEGORY>Lib/InfoSyS/Programms</CATEGORY>
         </CATEGORIES>
         <DESCRIPTION>WMWare - Manual</DESCRIPTION>
         <AUTHORS>
          <AUTHOR>
           <FULLNAME>WMWare</FULLNAME>
           <LASTNAME>WMWare</LASTNAME>
           <FIRSTNAME></FIRSTNAME>
          </AUTHOR>
         </AUTHORS>
         <TITLE>Manual</TITLE>
         <INSTANCES>
          <INSTANCE>
           <FORMAT>pdf</FORMAT>
           <SIZE>0</SIZE>
           <CHECKSUM>0</CHECKSUM>
          </INSTANCE>
         </INSTANCES>
        </INFO>
       </ITEM>
      </FILE>
      <DIR link="Lib/InfoSyS/Programms/3DStudio">
       <LOCATION>
        <URL>Lib/InfoSyS/Programms/3DStudio</URL>
        <SIZE>73.2</SIZE>
       </LOCATION>
       <FILELIST category="Lib/InfoSyS/Programms/3DStudio">
        <INFO>
         <DESCRIPTION>3D Studio MAX</DESCRIPTION>
         <TITLE>3D Studio MAX</TITLE>
         <DEFAULTFORMAT>pdf</DEFAULTFORMAT>
        </INFO>
        <FILE link="Lib/InfoSyS/Programms/3DStudio/HM-KM-3DSM4B.zip">
         <LOCATION>
          <URL>Lib/InfoSyS/Programms/3DStudio/HM-KM-3DSM4B.zip</URL>
          <SIZE>30.9</SIZE>
          <CHECKSUM>0</CHECKSUM>
          <TYPE>zip</TYPE>
         </LOCATION>
         <ITEM>
          <INFO>
           <CATEGORIES>
            <CATEGORY>Lib/InfoSyS/Programms/3DStudio</CATEGORY>
           </CATEGORIES>
           <DESCRIPTION>Hungry Minds - Kelly Murdock - 3DS MAX 4 Bible</DESCRIPTION>
           <PUBLISHERS>
            <PUBLISHER>Hungry Minds</PUBLISHER>
           </PUBLISHERS>
           <AUTHORS>
            <AUTHOR>
             <FULLNAME>Kelly Murdock</FULLNAME>
             <LASTNAME>Murdock</LASTNAME>
             <FIRSTNAME>Kelly</FIRSTNAME>
            </AUTHOR>
           </AUTHORS>
           <TITLE>3DS MAX 4 Bible</TITLE>
           <INSTANCES>
            <INSTANCE>
             <FORMAT>pdf</FORMAT>
             <SIZE>0</SIZE>
             <CHECKSUM>0</CHECKSUM>
            </INSTANCE>
           </INSTANCES>
          </INFO>
         </ITEM>
        </FILE>
        <FILE link="Lib/InfoSyS/Programms/3DStudio/NR-GM-I3DSM2A.zip">
         <LOCATION>
          <URL>Lib/InfoSyS/Programms/3DStudio/NR-GM-I3DSM2A.zip</URL>
          <SIZE>17.4</SIZE>
          <CHECKSUM>0</CHECKSUM>
          <TYPE>zip</TYPE>
         </LOCATION>
         <ITEM>
          <INFO>
           <CATEGORIES>
            <CATEGORY>Lib/InfoSyS/Programms/3DStudio</CATEGORY>
           </CATEGORIES>
           <DESCRIPTION>New Riders - George Maestri - Inside 3D Studio Max 2 Animation</DESCRIPTION>
           <PUBLISHERS>
            <PUBLISHER>New Riders</PUBLISHER>
           </PUBLISHERS>
           <AUTHORS>
            <AUTHOR>
             <FULLNAME>George Maestri</FULLNAME>
             <LASTNAME>Maestri</LASTNAME>
             <FIRSTNAME>George</FIRSTNAME>
            </AUTHOR>
           </AUTHORS>
           <TITLE>Inside 3D Studio Max 2 Animation</TITLE>
           <INSTANCES>
            <INSTANCE>
             <FORMAT>pdf</FORMAT>
             <SIZE>0</SIZE>
             <CHECKSUM>0</CHECKSUM>
            </INSTANCE>
           </INSTANCES>
          </INFO>
         </ITEM>
        </FILE>
        <FILE link="Lib/InfoSyS/Programms/3DStudio/NR-TB-I3DSM2MM.zip">
         <LOCATION>
          <URL>Lib/InfoSyS/Programms/3DStudio/NR-TB-I3DSM2MM.zip</URL>
          <SIZE>20.4</SIZE>
          <CHECKSUM>0</CHECKSUM>
          <TYPE>zip</TYPE>
         </LOCATION>
         <ITEM>
          <INFO>
           <CATEGORIES>
            <CATEGORY>Lib/InfoSyS/Programms/3DStudio</CATEGORY>
           </CATEGORIES>
           <DESCRIPTION>New Riders - Ted Boardman - Inside 3D Studio MAX 2 Modeling and Materials</DESCRIPTION>
           <PUBLISHERS>
            <PUBLISHER>New Riders</PUBLISHER>
           </PUBLISHERS>
           <AUTHORS>
            <AUTHOR>
             <FULLNAME>Ted Boardman</FULLNAME>
             <LASTNAME>Boardman</LASTNAME>
             <FIRSTNAME>Ted</FIRSTNAME>
            </AUTHOR>
           </AUTHORS>
           <TITLE>Inside 3D Studio MAX 2 Modeling and Materials</TITLE>
           <INSTANCES>
            <INSTANCE>
             <FORMAT>pdf</FORMAT>
             <SIZE>0</SIZE>
             <CHECKSUM>0</CHECKSUM>
            </INSTANCE>
           </INSTANCES>
          </INFO>
         </ITEM>
        </FILE>
        <FILE link="Lib/InfoSyS/Programms/3DStudio/U--3DSMAXR3T.chm">
         <LOCATION>
          <URL>Lib/InfoSyS/Programms/3DStudio/U--3DSMAXR3T.chm</URL>
          <SIZE>4.5</SIZE>
          <CHECKSUM>0</CHECKSUM>
          <TYPE>plain</TYPE>
         </LOCATION>
         <ITEM>
          <INFO>
           <CATEGORIES>
            <CATEGORY>Lib/InfoSyS/Programms/3DStudio</CATEGORY>
           </CATEGORIES>
           <DESCRIPTION>3D Studio MAX R3 Tutorials (chm)</DESCRIPTION>
           <TITLE>3D Studio MAX R3 Tutorials</TITLE>
           <INSTANCES>
            <INSTANCE>
             <FORMAT>chm</FORMAT>
             <SIZE>0</SIZE>
             <CHECKSUM>0</CHECKSUM>
            </INSTANCE>
           </INSTANCES>
          </INFO>
         </ITEM>
        </FILE>
       </FILELIST>
      </DIR>
      <DIR link="Lib/InfoSyS/Programms/Adobe">
       <LOCATION>
        <URL>Lib/InfoSyS/Programms/Adobe</URL>
        <SIZE>211.4</SIZE>
       </LOCATION>
       <FILELIST category="Lib/InfoSyS/Programms/Adobe">
        <INFO>
         <DESCRIPTION>Adobe Software</DESCRIPTION>
         <TITLE>Adobe Software</TITLE>
         <DEFAULTFORMAT>pdf</DEFAULTFORMAT>
        </INFO>
        <FILE link="Lib/InfoSyS/Programms/Adobe/HM-TP-AA5PDFB.zip">
         <LOCATION>
          <URL>Lib/InfoSyS/Programms/Adobe/HM-TP-AA5PDFB.zip</URL>
          <SIZE>9.5</SIZE>
          <CHECKSUM>0</CHECKSUM>
          <TYPE>zip</TYPE>
         </LOCATION>
         <ITEM>
          <INFO>
           <CATEGORIES>
            <CATEGORY>Lib/InfoSyS/Programms/Adobe</CATEGORY>
           </CATEGORIES>
           <DESCRIPTION>Hangry Minds - Ted Padova - Adobe Acrobat 5 PDF Bible</DESCRIPTION>
           <PUBLISHERS>
            <PUBLISHER>Hangry Minds</PUBLISHER>
           </PUBLISHERS>
           <AUTHORS>
            <AUTHOR>
             <FULLNAME>Ted Padova</FULLNAME>
             <LASTNAME>Padova</LASTNAME>
             <FIRSTNAME>Ted</FIRSTNAME>
            </AUTHOR>
           </AUTHORS>
           <TITLE>Adobe Acrobat 5 PDF Bible</TITLE>
           <INSTANCES>
            <INSTANCE>
             <FORMAT>pdf</FORMAT>
             <SIZE>0</SIZE>
             <CHECKSUM>0</CHECKSUM>
            </INSTANCE>
           </INSTANCES>
          </INFO>
         </ITEM>
        </FILE>
        <FILE link="Lib/InfoSyS/Programms/Adobe/IDG-DM-P6B.zip">
         <LOCATION>
          <URL>Lib/InfoSyS/Programms/Adobe/IDG-DM-P6B.zip</URL>
          <SIZE>13.9</SIZE>
          <CHECKSUM>0</CHECKSUM>
          <TYPE>zip</TYPE>
         </LOCATION>
         <ITEM>
          <INFO>
           <CATEGORIES>
            <CATEGORY>Lib/InfoSyS/Programms/Adobe</CATEGORY>
           </CATEGORIES>
           <DESCRIPTION>IDG - Deke McClelland - Photoshop 6 for Windows Bible</DESCRIPTION>
           <PUBLISHERS>
            <PUBLISHER>IDG</PUBLISHER>
           </PUBLISHERS>
           <AUTHORS>
            <AUTHOR>
             <FULLNAME>Deke McClelland</FULLNAME>
             <LASTNAME>McClelland</LASTNAME>
             <FIRSTNAME>Deke</FIRSTNAME>
            </AUTHOR>
           </AUTHORS>
           <TITLE>Photoshop 6 for Windows Bible</TITLE>
           <INSTANCES>
            <INSTANCE>
             <FORMAT>pdf</FORMAT>
             <SIZE>0</SIZE>
             <CHECKSUM>0</CHECKSUM>
            </INSTANCE>
           </INSTANCES>
          </INFO>
         </ITEM>
        </FILE>
        <FILE link="Lib/InfoSyS/Programms/Adobe/IDG-DS-AGL5B.zip">
         <LOCATION>
          <URL>Lib/InfoSyS/Programms/Adobe/IDG-DS-AGL5B.zip</URL>
          <SIZE>9.8</SIZE>
          <CHECKSUM>0</CHECKSUM>
          <TYPE>zip</TYPE>
         </LOCATION>
         <ITEM>
          <INFO>
           <CATEGORIES>
            <CATEGORY>Lib/InfoSyS/Programms/Adobe</CATEGORY>
           </CATEGORIES>
           <DESCRIPTION>IDG - Deborah Shadovitz - Adobe GoLive 5 Bible</DESCRIPTION>
           <PUBLISHERS>
            <PUBLISHER>IDG</PUBLISHER>
           </PUBLISHERS>
           <AUTHORS>
            <AUTHOR>
             <FULLNAME>Deborah Shadovitz</FULLNAME>
             <LASTNAME>Shadovitz</LASTNAME>
             <FIRSTNAME>Deborah</FIRSTNAME>
            </AUTHOR>
           </AUTHORS>
           <TITLE>Adobe GoLive 5 Bible</TITLE>
           <INSTANCES>
            <INSTANCE>
             <FORMAT>pdf</FORMAT>
             <SIZE>0</SIZE>
             <CHECKSUM>0</CHECKSUM>
            </INSTANCE>
           </INSTANCES>
          </INFO>
         </ITEM>
        </FILE>
        <DIR link="Lib/InfoSyS/Programms/Adobe/Classroom">
         <LOCATION>
          <URL>Lib/InfoSyS/Programms/Adobe/Classroom</URL>
          <SIZE>164.2</SIZE>
         </LOCATION>
         <FILELIST category="Lib/InfoSyS/Programms/Adobe/Classroom">
          <INFO>
           <DESCRIPTION>ClassRoom in a Book Serie</DESCRIPTION>
           <TITLE>ClassRoom in a Book Serie</TITLE>
           <DEFAULTFORMAT>pdf</DEFAULTFORMAT>
          </INFO>
          <FILE link="Lib/InfoSyS/Programms/Adobe/Classroom/acrobat.zip">
           <LOCATION>
            <URL>Lib/InfoSyS/Programms/Adobe/Classroom/acrobat.zip</URL>
            <SIZE>9.8</SIZE>
            <CHECKSUM>0</CHECKSUM>
            <TYPE>zip</TYPE>
           </LOCATION>
           <ITEM>
            <INFO>
             <CATEGORIES>
              <CATEGORY>Lib/InfoSyS/Programms/Adobe/Classroom</CATEGORY>
             </CATEGORIES>
             <DESCRIPTION>Acrobat 5.0</DESCRIPTION>
             <TITLE>Acrobat 5.0</TITLE>
             <INSTANCES>
              <INSTANCE>
               <FORMAT>pdf</FORMAT>
               <SIZE>0</SIZE>
               <CHECKSUM>0</CHECKSUM>
              </INSTANCE>
             </INSTANCES>
            </INFO>
           </ITEM>
          </FILE>
          <FILE link="Lib/InfoSyS/Programms/Adobe/Classroom/AfterEffects.zip">
           <LOCATION>
            <URL>Lib/InfoSyS/Programms/Adobe/Classroom/AfterEffects.zip</URL>
            <SIZE>10.1</SIZE>
            <CHECKSUM>0</CHECKSUM>
            <TYPE>zip</TYPE>
           </LOCATION>
           <ITEM>
            <INFO>
             <CATEGORIES>
              <CATEGORY>Lib/InfoSyS/Programms/Adobe/Classroom</CATEGORY>
             </CATEGORIES>
             <DESCRIPTION>After Effects 4.0</DESCRIPTION>
             <TITLE>After Effects 4.0</TITLE>
             <INSTANCES>
              <INSTANCE>
               <FORMAT>pdf</FORMAT>
               <SIZE>0</SIZE>
               <CHECKSUM>0</CHECKSUM>
              </INSTANCE>
             </INSTANCES>
            </INFO>
           </ITEM>
          </FILE>
          <FILE link="Lib/InfoSyS/Programms/Adobe/Classroom/FrameMaker.zip">
           <LOCATION>
            <URL>Lib/InfoSyS/Programms/Adobe/Classroom/FrameMaker.zip</URL>
            <SIZE>5.4</SIZE>
            <CHECKSUM>0</CHECKSUM>
            <TYPE>zip</TYPE>
           </LOCATION>
           <ITEM>
            <INFO>
             <CATEGORIES>
              <CATEGORY>Lib/InfoSyS/Programms/Adobe/Classroom</CATEGORY>
             </CATEGORIES>
             <DESCRIPTION>FrameMaker 6.0</DESCRIPTION>
             <TITLE>FrameMaker 6.0</TITLE>
             <INSTANCES>
              <INSTANCE>
               <FORMAT>pdf</FORMAT>
               <SIZE>0</SIZE>
               <CHECKSUM>0</CHECKSUM>
              </INSTANCE>
             </INSTANCES>
            </INFO>
           </ITEM>
          </FILE>
          <FILE link="Lib/InfoSyS/Programms/Adobe/Classroom/GoLive.zip">
           <LOCATION>
            <URL>Lib/InfoSyS/Programms/Adobe/Classroom/GoLive.zip</URL>
            <SIZE>11.6</SIZE>
            <CHECKSUM>0</CHECKSUM>
            <TYPE>zip</TYPE>
           </LOCATION>
           <ITEM>
            <INFO>
             <CATEGORIES>
              <CATEGORY>Lib/InfoSyS/Programms/Adobe/Classroom</CATEGORY>
             </CATEGORIES>
             <DESCRIPTION>GoLive 5</DESCRIPTION>
             <TITLE>GoLive 5</TITLE>
             <INSTANCES>
              <INSTANCE>
               <FORMAT>pdf</FORMAT>
               <SIZE>0</SIZE>
               <CHECKSUM>0</CHECKSUM>
              </INSTANCE>
             </INSTANCES>
            </INFO>
           </ITEM>
          </FILE>
          <FILE link="Lib/InfoSyS/Programms/Adobe/Classroom/Illustrator.zip">
           <LOCATION>
            <URL>Lib/InfoSyS/Programms/Adobe/Classroom/Illustrator.zip</URL>
            <SIZE>17.3</SIZE>
            <CHECKSUM>0</CHECKSUM>
            <TYPE>zip</TYPE>
           </LOCATION>
           <ITEM>
            <INFO>
             <CATEGORIES>
              <CATEGORY>Lib/InfoSyS/Programms/Adobe/Classroom</CATEGORY>
             </CATEGORIES>
             <DESCRIPTION>Illustrator 9.0</DESCRIPTION>
             <TITLE>Illustrator 9.0</TITLE>
             <INSTANCES>
              <INSTANCE>
               <FORMAT>pdf</FORMAT>
               <SIZE>0</SIZE>
               <CHECKSUM>0</CHECKSUM>
              </INSTANCE>
             </INSTANCES>
            </INFO>
           </ITEM>
          </FILE>
          <FILE link="Lib/InfoSyS/Programms/Adobe/Classroom/InDesign.zip">
           <LOCATION>
            <URL>Lib/InfoSyS/Programms/Adobe/Classroom/InDesign.zip</URL>
            <SIZE>29.6</SIZE>
            <CHECKSUM>0</CHECKSUM>
            <TYPE>zip</TYPE>
           </LOCATION>
           <ITEM>
            <INFO>
             <CATEGORIES>
              <CATEGORY>Lib/InfoSyS/Programms/Adobe/Classroom</CATEGORY>
             </CATEGORIES>
             <DESCRIPTION>InDesign 1.5</DESCRIPTION>
             <TITLE>InDesign 1.5</TITLE>
             <INSTANCES>
              <INSTANCE>
               <FORMAT>pdf</FORMAT>
               <SIZE>0</SIZE>
               <CHECKSUM>0</CHECKSUM>
              </INSTANCE>
             </INSTANCES>
            </INFO>
           </ITEM>
          </FILE>
          <FILE link="Lib/InfoSyS/Programms/Adobe/Classroom/LiveMotion.zip">
           <LOCATION>
            <URL>Lib/InfoSyS/Programms/Adobe/Classroom/LiveMotion.zip</URL>
            <SIZE>21.1</SIZE>
            <CHECKSUM>0</CHECKSUM>
            <TYPE>zip</TYPE>
           </LOCATION>
           <ITEM>
            <INFO>
             <CATEGORIES>
              <CATEGORY>Lib/InfoSyS/Programms/Adobe/Classroom</CATEGORY>
             </CATEGORIES>
             <DESCRIPTION>Live Motion</DESCRIPTION>
             <TITLE>Live Motion</TITLE>
             <INSTANCES>
              <INSTANCE>
               <FORMAT>pdf</FORMAT>
               <SIZE>0</SIZE>
               <CHECKSUM>0</CHECKSUM>
              </INSTANCE>
             </INSTANCES>
            </INFO>
           </ITEM>
          </FILE>
          <FILE link="Lib/InfoSyS/Programms/Adobe/Classroom/PageMaker.zip">
           <LOCATION>
            <URL>Lib/InfoSyS/Programms/Adobe/Classroom/PageMaker.zip</URL>
            <SIZE>9.5</SIZE>
            <CHECKSUM>0</CHECKSUM>
            <TYPE>zip</TYPE>
           </LOCATION>
           <ITEM>
            <INFO>
             <CATEGORIES>
              <CATEGORY>Lib/InfoSyS/Programms/Adobe/Classroom</CATEGORY>
             </CATEGORIES>
             <DESCRIPTION>PageMaker 6.5</DESCRIPTION>
             <TITLE>PageMaker 6.5</TITLE>
             <INSTANCES>
              <INSTANCE>
               <FORMAT>pdf</FORMAT>
               <SIZE>0</SIZE>
               <CHECKSUM>0</CHECKSUM>
              </INSTANCE>
             </INSTANCES>
            </INFO>
           </ITEM>
          </FILE>
          <FILE link="Lib/InfoSyS/Programms/Adobe/Classroom/PageMil.zip">
           <LOCATION>
            <URL>Lib/InfoSyS/Programms/Adobe/Classroom/PageMil.zip</URL>
            <SIZE>5.6</SIZE>
            <CHECKSUM>0</CHECKSUM>
            <TYPE>zip</TYPE>
           </LOCATION>
           <ITEM>
            <INFO>
             <CATEGORIES>
              <CATEGORY>Lib/InfoSyS/Programms/Adobe/Classroom</CATEGORY>
             </CATEGORIES>
             <DESCRIPTION>PageMil 2.0</DESCRIPTION>
             <TITLE>PageMil 2.0</TITLE>
             <INSTANCES>
              <INSTANCE>
               <FORMAT>pdf</FORMAT>
               <SIZE>0</SIZE>
               <CHECKSUM>0</CHECKSUM>
              </INSTANCE>
             </INSTANCES>
            </INFO>
           </ITEM>
          </FILE>
          <FILE link="Lib/InfoSyS/Programms/Adobe/Classroom/Photoshop.zip">
           <LOCATION>
            <URL>Lib/InfoSyS/Programms/Adobe/Classroom/Photoshop.zip</URL>
            <SIZE>33.9</SIZE>
            <CHECKSUM>0</CHECKSUM>
            <TYPE>zip</TYPE>
           </LOCATION>
           <ITEM>
            <INFO>
             <CATEGORIES>
              <CATEGORY>Lib/InfoSyS/Programms/Adobe/Classroom</CATEGORY>
             </CATEGORIES>
             <DESCRIPTION>PhotoShop 6.0</DESCRIPTION>
             <TITLE>PhotoShop 6.0</TITLE>
             <INSTANCES>
              <INSTANCE>
               <FORMAT>pdf</FORMAT>
               <SIZE>0</SIZE>
               <CHECKSUM>0</CHECKSUM>
              </INSTANCE>
             </INSTANCES>
            </INFO>
           </ITEM>
          </FILE>
          <FILE link="Lib/InfoSyS/Programms/Adobe/Classroom/Premiere.zip">
           <LOCATION>
            <URL>Lib/InfoSyS/Programms/Adobe/Classroom/Premiere.zip</URL>
            <SIZE>10.2</SIZE>
            <CHECKSUM>0</CHECKSUM>
            <TYPE>zip</TYPE>
           </LOCATION>
           <ITEM>
            <INFO>
             <CATEGORIES>
              <CATEGORY>Lib/InfoSyS/Programms/Adobe/Classroom</CATEGORY>
             </CATEGORIES>
             <DESCRIPTION>Premiere 5.0</DESCRIPTION>
             <TITLE>Premiere 5.0</TITLE>
             <INSTANCES>
              <INSTANCE>
               <FORMAT>pdf</FORMAT>
               <SIZE>0</SIZE>
               <CHECKSUM>0</CHECKSUM>
              </INSTANCE>
             </INSTANCES>
            </INFO>
           </ITEM>
          </FILE>
         </FILELIST>
        </DIR>
        <DIR link="Lib/InfoSyS/Programms/Adobe/InDesign">
         <LOCATION>
          <URL>Lib/InfoSyS/Programms/Adobe/InDesign</URL>
          <SIZE>14</SIZE>
         </LOCATION>
         <FILELIST category="Lib/InfoSyS/Programms/Adobe/InDesign">
          <INFO>
           <DESCRIPTION>Adobe InDesign</DESCRIPTION>
           <TITLE>Adobe InDesign</TITLE>
           <DEFAULTFORMAT>pdf</DEFAULTFORMAT>
          </INFO>
          <FILE link="Lib/InfoSyS/Programms/Adobe/InDesign/Adobe--InDesign.zip">
           <LOCATION>
            <URL>Lib/InfoSyS/Programms/Adobe/InDesign/Adobe--InDesign.zip</URL>
            <SIZE>14</SIZE>
            <CHECKSUM>0</CHECKSUM>
            <TYPE>zip</TYPE>
           </LOCATION>
           <ITEM>
            <INFO>
             <CATEGORIES>
              <CATEGORY>Lib/InfoSyS/Programms/Adobe/InDesign</CATEGORY>
             </CATEGORIES>
             <DESCRIPTION>Adobe - Learning Adobe InDesign</DESCRIPTION>
             <AUTHORS>
              <AUTHOR>
               <FULLNAME>Adobe</FULLNAME>
               <LASTNAME>Adobe</LASTNAME>
               <FIRSTNAME></FIRSTNAME>
              </AUTHOR>
             </AUTHORS>
             <TITLE>Learning Adobe InDesign</TITLE>
             <INSTANCES>
              <INSTANCE>
               <FORMAT>pdf</FORMAT>
               <SIZE>0</SIZE>
               <CHECKSUM>0</CHECKSUM>
              </INSTANCE>
             </INSTANCES>
            </INFO>
           </ITEM>
          </FILE>
         </FILELIST>
        </DIR>
       </FILELIST>
      </DIR>
      <DIR link="Lib/InfoSyS/Programms/cad">
       <LOCATION>
        <URL>Lib/InfoSyS/Programms/cad</URL>
        <SIZE>0.6</SIZE>
       </LOCATION>
       <FILELIST category="Lib/InfoSyS/Programms/cad">
        <INFO>
         <DESCRIPTION>CAD Systems</DESCRIPTION>
         <TITLE>CAD Systems</TITLE>
         <DEFAULTFORMAT>pdf</DEFAULTFORMAT>
        </INFO>
        <FILE link="Lib/InfoSyS/Programms/cad/U-JP-A2KDGFP.zip">
         <LOCATION>
          <URL>Lib/InfoSyS/Programms/cad/U-JP-A2KDGFP.zip</URL>
          <SIZE>0.2</SIZE>
          <CHECKSUM>0</CHECKSUM>
          <TYPE>zip</TYPE>
         </LOCATION>
         <ITEM>
          <INFO>
           <CATEGORIES>
            <CATEGORY>Lib/InfoSyS/Programms/cad</CATEGORY>
           </CATEGORIES>
           <DESCRIPTION>Jim Plume - AutoCAD 2000, Drawing the Granny Flat Plan</DESCRIPTION>
           <AUTHORS>
            <AUTHOR>
             <FULLNAME>Jim Plume</FULLNAME>
             <LASTNAME>Plume</LASTNAME>
             <FIRSTNAME>Jim</FIRSTNAME>
            </AUTHOR>
           </AUTHORS>
           <TITLE>AutoCAD 2000, Drawing the Granny Flat Plan</TITLE>
           <INSTANCES>
            <INSTANCE>
             <FORMAT>pdf</FORMAT>
             <SIZE>0</SIZE>
             <CHECKSUM>0</CHECKSUM>
            </INSTANCE>
           </INSTANCES>
          </INFO>
         </ITEM>
        </FILE>
        <FILE link="Lib/InfoSyS/Programms/cad/U-JP-A2Ki3DMST.zip">
         <LOCATION>
          <URL>Lib/InfoSyS/Programms/cad/U-JP-A2Ki3DMST.zip</URL>
          <SIZE>0.2</SIZE>
          <CHECKSUM>0</CHECKSUM>
          <TYPE>zip</TYPE>
         </LOCATION>
         <ITEM>
          <INFO>
           <CATEGORIES>
            <CATEGORY>Lib/InfoSyS/Programms/cad</CATEGORY>
           </CATEGORIES>
           <DESCRIPTION>Jim Plume - AutoCAD 2000 in 3D, a Monkish Shot Tower</DESCRIPTION>
           <AUTHORS>
            <AUTHOR>
             <FULLNAME>Jim Plume</FULLNAME>
             <LASTNAME>Plume</LASTNAME>
             <FIRSTNAME>Jim</FIRSTNAME>
            </AUTHOR>
           </AUTHORS>
           <TITLE>AutoCAD 2000 in 3D, a Monkish Shot Tower</TITLE>
           <INSTANCES>
            <INSTANCE>
             <FORMAT>pdf</FORMAT>
             <SIZE>0</SIZE>
             <CHECKSUM>0</CHECKSUM>
            </INSTANCE>
           </INSTANCES>
          </INFO>
         </ITEM>
        </FILE>
        <FILE link="Lib/InfoSyS/Programms/cad/U-JP-A2KRSP.zip">
         <LOCATION>
          <URL>Lib/InfoSyS/Programms/cad/U-JP-A2KRSP.zip</URL>
          <SIZE>0.1</SIZE>
          <CHECKSUM>0</CHECKSUM>
          <TYPE>zip</TYPE>
         </LOCATION>
         <ITEM>
          <INFO>
           <CATEGORIES>
            <CATEGORY>Lib/InfoSyS/Programms/cad</CATEGORY>
           </CATEGORIES>
           <DESCRIPTION>Jim Plume - Autocad 2000 A Residential Site Plan</DESCRIPTION>
           <AUTHORS>
            <AUTHOR>
             <FULLNAME>Jim Plume</FULLNAME>
             <LASTNAME>Plume</LASTNAME>
             <FIRSTNAME>Jim</FIRSTNAME>
            </AUTHOR>
           </AUTHORS>
           <TITLE>Autocad 2000 A Residential Site Plan</TITLE>
           <INSTANCES>
            <INSTANCE>
             <FORMAT>pdf</FORMAT>
             <SIZE>0</SIZE>
             <CHECKSUM>0</CHECKSUM>
            </INSTANCE>
           </INSTANCES>
          </INFO>
         </ITEM>
        </FILE>
        <FILE link="Lib/InfoSyS/Programms/cad/U-JP-DwA2KI.zip">
         <LOCATION>
          <URL>Lib/InfoSyS/Programms/cad/U-JP-DwA2KI.zip</URL>
          <SIZE>0.1</SIZE>
          <CHECKSUM>0</CHECKSUM>
          <TYPE>zip</TYPE>
         </LOCATION>
         <ITEM>
          <INFO>
           <CATEGORIES>
            <CATEGORY>Lib/InfoSyS/Programms/cad</CATEGORY>
           </CATEGORIES>
           <DESCRIPTION>Jim Plume - Drawing with AUTOCAD 2000 IntroductionU-JP-DwA2KI.zip</DESCRIPTION>
           <AUTHORS>
            <AUTHOR>
             <FULLNAME>Jim Plume</FULLNAME>
             <LASTNAME>Plume</LASTNAME>
             <FIRSTNAME>Jim</FIRSTNAME>
            </AUTHOR>
           </AUTHORS>
           <TITLE>Drawing with AUTOCAD 2000 IntroductionU-JP-DwA2KI.zip</TITLE>
           <INSTANCES>
            <INSTANCE>
             <FORMAT>pdf</FORMAT>
             <SIZE>0</SIZE>
             <CHECKSUM>0</CHECKSUM>
            </INSTANCE>
           </INSTANCES>
          </INFO>
         </ITEM>
        </FILE>
       </FILELIST>
      </DIR>
      <DIR link="Lib/InfoSyS/Programms/Citrix">
       <LOCATION>
        <URL>Lib/InfoSyS/Programms/Citrix</URL>
        <SIZE>4.5</SIZE>
       </LOCATION>
       <FILELIST category="Lib/InfoSyS/Programms/Citrix">
        <INFO>
         <DESCRIPTION>Citrix MetaFrame</DESCRIPTION>
         <TITLE>Citrix MetaFrame</TITLE>
         <DEFAULTFORMAT>pdf</DEFAULTFORMAT>
        </INFO>
        <FILE link="Lib/InfoSyS/Programms/Citrix/Syngress-PS-CCMF.zip">
         <LOCATION>
          <URL>Lib/InfoSyS/Programms/Citrix/Syngress-PS-CCMF.zip</URL>
          <SIZE>4.5</SIZE>
          <CHECKSUM>0</CHECKSUM>
          <TYPE>zip</TYPE>
         </LOCATION>
         <ITEM>
          <INFO>
           <CATEGORIES>
            <CATEGORY>Lib/InfoSyS/Programms/Citrix</CATEGORY>
           </CATEGORIES>
           <DESCRIPTION>Syngress - Paul Stansel - Configuring Citrix MetaFrame for W2K</DESCRIPTION>
           <PUBLISHERS>
            <PUBLISHER>Syngress</PUBLISHER>
           </PUBLISHERS>
           <AUTHORS>
            <AUTHOR>
             <FULLNAME>Paul Stansel</FULLNAME>
             <LASTNAME>Stansel</LASTNAME>
             <FIRSTNAME>Paul</FIRSTNAME>
            </AUTHOR>
           </AUTHORS>
           <TITLE>Configuring Citrix MetaFrame for W2K</TITLE>
           <INSTANCES>
            <INSTANCE>
             <FORMAT>pdf</FORMAT>
             <SIZE>0</SIZE>
             <CHECKSUM>0</CHECKSUM>
            </INSTANCE>
           </INSTANCES>
          </INFO>
         </ITEM>
        </FILE>
       </FILELIST>
      </DIR>
      <DIR link="Lib/InfoSyS/Programms/ida">
       <LOCATION>
        <URL>Lib/InfoSyS/Programms/ida</URL>
        <SIZE>0.6</SIZE>
       </LOCATION>
       <FILELIST category="Lib/InfoSyS/Programms/ida">
        <INFO>
         <DESCRIPTION>Interactive Disassembler</DESCRIPTION>
         <TITLE>Interactive Disassembler</TITLE>
         <DEFAULTFORMAT>pdf</DEFAULTFORMAT>
        </INFO>
        <FILE link="Lib/InfoSyS/Programms/ida/IdaPro.zip">
         <LOCATION>
          <URL>Lib/InfoSyS/Programms/ida/IdaPro.zip</URL>
          <SIZE>0.6</SIZE>
          <CHECKSUM>0</CHECKSUM>
          <TYPE>zip</TYPE>
         </LOCATION>
         <ITEM>
          <INFO>
           <CATEGORIES>
            <CATEGORY>Lib/InfoSyS/Programms/ida</CATEGORY>
           </CATEGORIES>
           <DESCRIPTION>IDA Pro Manual (Rus,separate html)</DESCRIPTION>
           <TITLE>IDA Pro Manual (Rus,separate html)</TITLE>
           <INSTANCES>
            <INSTANCE>
             <FORMAT>pdf</FORMAT>
             <SIZE>0</SIZE>
             <CHECKSUM>0</CHECKSUM>
            </INSTANCE>
           </INSTANCES>
          </INFO>
         </ITEM>
        </FILE>
       </FILELIST>
      </DIR>
      <DIR link="Lib/InfoSyS/Programms/Linux">
       <LOCATION>
        <URL>Lib/InfoSyS/Programms/Linux</URL>
        <SIZE>40.9</SIZE>
       </LOCATION>
       <FILELIST category="Lib/InfoSyS/Programms/Linux">
        <INFO>
         <DESCRIPTION>Linux Software</DESCRIPTION>
         <TITLE>Linux Software</TITLE>
         <DEFAULTFORMAT>pdf</DEFAULTFORMAT>
        </INFO>
        <FILE link="Lib/InfoSyS/Programms/Linux/U-MR-ASSG.zip">
         <LOCATION>
          <URL>Lib/InfoSyS/Programms/Linux/U-MR-ASSG.zip</URL>
          <SIZE>0.3</SIZE>
          <CHECKSUM>0</CHECKSUM>
          <TYPE>zip</TYPE>
         </LOCATION>
         <ITEM>
          <INFO>
           <CATEGORIES>
            <CATEGORY>Lib/InfoSyS/Programms/Linux</CATEGORY>
           </CATEGORIES>
           <DESCRIPTION>Manuel Ricart - Apache Server Survival Guide (html)</DESCRIPTION>
           <AUTHORS>
            <AUTHOR>
             <FULLNAME>Manuel Ricart</FULLNAME>
             <LASTNAME>Ricart</LASTNAME>
             <FIRSTNAME>Manuel</FIRSTNAME>
            </AUTHOR>
           </AUTHORS>
           <TITLE>Apache Server Survival Guide</TITLE>
           <INSTANCES>
            <INSTANCE>
             <FORMAT>html</FORMAT>
             <SIZE>0</SIZE>
             <CHECKSUM>0</CHECKSUM>
            </INSTANCE>
           </INSTANCES>
          </INFO>
         </ITEM>
        </FILE>
        <DIR link="Lib/InfoSyS/Programms/Linux/Gimp">
         <LOCATION>
          <URL>Lib/InfoSyS/Programms/Linux/Gimp</URL>
          <SIZE>34.3</SIZE>
         </LOCATION>
         <FILELIST category="Lib/InfoSyS/Programms/Linux/Gimp">
          <INFO>
           <DESCRIPTION>Gimp</DESCRIPTION>
           <TITLE>Gimp</TITLE>
           <DEFAULTFORMAT>pdf</DEFAULTFORMAT>
          </INFO>
          <FILE link="Lib/InfoSyS/Programms/Linux/Gimp/NR-CB-GtGIMP.zip">
           <LOCATION>
            <URL>Lib/InfoSyS/Programms/Linux/Gimp/NR-CB-GtGIMP.zip</URL>
            <SIZE>27.1</SIZE>
            <CHECKSUM>0</CHECKSUM>
            <TYPE>zip</TYPE>
           </LOCATION>
           <ITEM>
            <INFO>
             <CATEGORIES>
              <CATEGORY>Lib/InfoSyS/Programms/Linux/Gimp</CATEGORY>
             </CATEGORIES>
             <DESCRIPTION>New Riders - Carey Bunks - Grokking the GIMP (html)</DESCRIPTION>
             <PUBLISHERS>
              <PUBLISHER>New Riders</PUBLISHER>
             </PUBLISHERS>
             <AUTHORS>
              <AUTHOR>
               <FULLNAME>Carey Bunks</FULLNAME>
               <LASTNAME>Bunks</LASTNAME>
               <FIRSTNAME>Carey</FIRSTNAME>
              </AUTHOR>
             </AUTHORS>
             <TITLE>Grokking the GIMP</TITLE>
             <INSTANCES>
              <INSTANCE>
               <FORMAT>html</FORMAT>
               <SIZE>0</SIZE>
               <CHECKSUM>0</CHECKSUM>
              </INSTANCE>
             </INSTANCES>
            </INFO>
           </ITEM>
          </FILE>
          <FILE link="Lib/InfoSyS/Programms/Linux/Gimp/U-KK-GIMPTOH.zip">
           <LOCATION>
            <URL>Lib/InfoSyS/Programms/Linux/Gimp/U-KK-GIMPTOH.zip</URL>
            <SIZE>7.2</SIZE>
            <CHECKSUM>0</CHECKSUM>
            <TYPE>zip</TYPE>
           </LOCATION>
           <ITEM>
            <INFO>
             <CATEGORIES>
              <CATEGORY>Lib/InfoSyS/Programms/Linux/Gimp</CATEGORY>
             </CATEGORIES>
             <DESCRIPTION>Karin Kylander - Gimp: The Official Handbook</DESCRIPTION>
             <AUTHORS>
              <AUTHOR>
               <FULLNAME>Karin Kylander</FULLNAME>
               <LASTNAME>Kylander</LASTNAME>
               <FIRSTNAME>Karin</FIRSTNAME>
              </AUTHOR>
             </AUTHORS>
             <TITLE>Gimp: The Official Handbook</TITLE>
             <INSTANCES>
              <INSTANCE>
               <FORMAT>pdf</FORMAT>
               <SIZE>0</SIZE>
               <CHECKSUM>0</CHECKSUM>
              </INSTANCE>
             </INSTANCES>
            </INFO>
           </ITEM>
          </FILE>
         </FILELIST>
        </DIR>
        <DIR link="Lib/InfoSyS/Programms/Linux/Samba">
         <LOCATION>
          <URL>Lib/InfoSyS/Programms/Linux/Samba</URL>
          <SIZE>6.2</SIZE>
         </LOCATION>
         <FILELIST category="Lib/InfoSyS/Programms/Linux/Samba">
          <INFO>
           <DESCRIPTION>Samba</DESCRIPTION>
           <TITLE>Samba</TITLE>
           <DEFAULTFORMAT>pdf</DEFAULTFORMAT>
          </INFO>
          <FILE link="Lib/InfoSyS/Programms/Linux/Samba/OReilly-RE-US.zip">
           <LOCATION>
            <URL>Lib/InfoSyS/Programms/Linux/Samba/OReilly-RE-US.zip</URL>
            <SIZE>1.4</SIZE>
            <CHECKSUM>0</CHECKSUM>
            <TYPE>zip</TYPE>
           </LOCATION>
           <ITEM>
            <INFO>
             <CATEGORIES>
              <CATEGORY>Lib/InfoSyS/Programms/Linux/Samba</CATEGORY>
             </CATEGORIES>
             <DESCRIPTION>O'Reilly - Robert Eckstein - Using Samba (html)</DESCRIPTION>
             <PUBLISHERS>
              <PUBLISHER>O'Reilly</PUBLISHER>
             </PUBLISHERS>
             <AUTHORS>
              <AUTHOR>
               <FULLNAME>Robert Eckstein</FULLNAME>
               <LASTNAME>Eckstein</LASTNAME>
               <FIRSTNAME>Robert</FIRSTNAME>
              </AUTHOR>
             </AUTHORS>
             <TITLE>Using Samba</TITLE>
             <INSTANCES>
              <INSTANCE>
               <FORMAT>html</FORMAT>
               <SIZE>0</SIZE>
               <CHECKSUM>0</CHECKSUM>
              </INSTANCE>
             </INSTANCES>
            </INFO>
           </ITEM>
          </FILE>
          <FILE link="Lib/InfoSyS/Programms/Linux/Samba/OReilly-RE-USp.zip">
           <LOCATION>
            <URL>Lib/InfoSyS/Programms/Linux/Samba/OReilly-RE-USp.zip</URL>
            <SIZE>4.8</SIZE>
            <CHECKSUM>0</CHECKSUM>
            <TYPE>zip</TYPE>
           </LOCATION>
           <ITEM>
            <INFO>
             <CATEGORIES>
              <CATEGORY>Lib/InfoSyS/Programms/Linux/Samba</CATEGORY>
             </CATEGORIES>
             <DESCRIPTION>O'Reilly - Robert Eckstein - Using Samba (Separate PDFs)</DESCRIPTION>
             <PUBLISHERS>
              <PUBLISHER>O'Reilly</PUBLISHER>
             </PUBLISHERS>
             <AUTHORS>
              <AUTHOR>
               <FULLNAME>Robert Eckstein</FULLNAME>
               <LASTNAME>Eckstein</LASTNAME>
               <FIRSTNAME>Robert</FIRSTNAME>
              </AUTHOR>
             </AUTHORS>
             <TITLE>Using Samba (Separate PDFs)</TITLE>
             <INSTANCES>
              <INSTANCE>
               <FORMAT>pdf</FORMAT>
               <SIZE>0</SIZE>
               <CHECKSUM>0</CHECKSUM>
              </INSTANCE>
             </INSTANCES>
            </INFO>
           </ITEM>
          </FILE>
         </FILELIST>
        </DIR>
       </FILELIST>
      </DIR>
      <DIR link="Lib/InfoSyS/Programms/Lotus">
       <LOCATION>
        <URL>Lib/InfoSyS/Programms/Lotus</URL>
        <SIZE>4.7</SIZE>
       </LOCATION>
       <FILELIST category="Lib/InfoSyS/Programms/Lotus">
        <INFO>
         <DESCRIPTION>Lotus Notes</DESCRIPTION>
         <TITLE>Lotus Notes</TITLE>
         <DEFAULTFORMAT>pdf</DEFAULTFORMAT>
        </INFO>
        <FILE link="Lib/InfoSyS/Programms/Lotus/SAMS-AD-LN4A.zip">
         <LOCATION>
          <URL>Lib/InfoSyS/Programms/Lotus/SAMS-AD-LN4A.zip</URL>
          <SIZE>4.7</SIZE>
          <CHECKSUM>0</CHECKSUM>
          <TYPE>zip</TYPE>
         </LOCATION>
         <ITEM>
          <INFO>
           <CATEGORIES>
            <CATEGORY>Lib/InfoSyS/Programms/Lotus</CATEGORY>
           </CATEGORIES>
           <DESCRIPTION>SAMS - Andrew Dahl - Lotus Notes 4 Administrator's Survival Guide (html)</DESCRIPTION>
           <PUBLISHERS>
            <PUBLISHER>SAMS</PUBLISHER>
           </PUBLISHERS>
           <AUTHORS>
            <AUTHOR>
             <FULLNAME>Andrew Dahl</FULLNAME>
             <LASTNAME>Dahl</LASTNAME>
             <FIRSTNAME>Andrew</FIRSTNAME>
            </AUTHOR>
           </AUTHORS>
           <TITLE>Lotus Notes 4 Administrator's Survival Guide</TITLE>
           <INSTANCES>
            <INSTANCE>
             <FORMAT>html</FORMAT>
             <SIZE>0</SIZE>
             <CHECKSUM>0</CHECKSUM>
            </INSTANCE>
           </INSTANCES>
          </INFO>
         </ITEM>
        </FILE>
       </FILELIST>
      </DIR>
      <DIR link="Lib/InfoSyS/Programms/Macromedia">
       <LOCATION>
        <URL>Lib/InfoSyS/Programms/Macromedia</URL>
        <SIZE>67.4</SIZE>
       </LOCATION>
       <FILELIST category="Lib/InfoSyS/Programms/Macromedia">
        <INFO>
         <DESCRIPTION>Macromedia Software</DESCRIPTION>
         <TITLE>Macromedia Software</TITLE>
         <DEFAULTFORMAT>pdf</DEFAULTFORMAT>
        </INFO>
        <FILE link="Lib/InfoSyS/Programms/Macromedia/HM-RR-F5B.zip">
         <LOCATION>
          <URL>Lib/InfoSyS/Programms/Macromedia/HM-RR-F5B.zip</URL>
          <SIZE>14.8</SIZE>
          <CHECKSUM>0</CHECKSUM>
          <TYPE>zip</TYPE>
         </LOCATION>
         <ITEM>
          <INFO>
           <CATEGORIES>
            <CATEGORY>Lib/InfoSyS/Programms/Macromedia</CATEGORY>
           </CATEGORIES>
           <DESCRIPTION>Hungry Minds - Robert Reinhardt - Flash 5 Bible</DESCRIPTION>
           <PUBLISHERS>
            <PUBLISHER>Hungry Minds</PUBLISHER>
           </PUBLISHERS>
           <AUTHORS>
            <AUTHOR>
             <FULLNAME>Robert Reinhardt</FULLNAME>
             <LASTNAME>Reinhardt</LASTNAME>
             <FIRSTNAME>Robert</FIRSTNAME>
            </AUTHOR>
           </AUTHORS>
           <TITLE>Flash 5 Bible</TITLE>
           <INSTANCES>
            <INSTANCE>
             <FORMAT>pdf</FORMAT>
             <SIZE>0</SIZE>
             <CHECKSUM>0</CHECKSUM>
            </INSTANCE>
           </INSTANCES>
          </INFO>
         </ITEM>
        </FILE>
        <FILE link="Lib/InfoSyS/Programms/Macromedia/HM-WS-SSF.zip">
         <LOCATION>
          <URL>Lib/InfoSyS/Programms/Macromedia/HM-WS-SSF.zip</URL>
          <SIZE>7.1</SIZE>
          <CHECKSUM>0</CHECKSUM>
          <TYPE>zip</TYPE>
         </LOCATION>
         <ITEM>
          <INFO>
           <CATEGORIES>
            <CATEGORY>Lib/InfoSyS/Programms/Macromedia</CATEGORY>
           </CATEGORIES>
           <DESCRIPTION>Hungry Minds - William Sanders - Server Side Flash</DESCRIPTION>
           <PUBLISHERS>
            <PUBLISHER>Hungry Minds</PUBLISHER>
           </PUBLISHERS>
           <AUTHORS>
            <AUTHOR>
             <FULLNAME>William Sanders</FULLNAME>
             <LASTNAME>Sanders</LASTNAME>
             <FIRSTNAME>William</FIRSTNAME>
            </AUTHOR>
           </AUTHORS>
           <TITLE>Server Side Flash</TITLE>
           <INSTANCES>
            <INSTANCE>
             <FORMAT>pdf</FORMAT>
             <SIZE>0</SIZE>
             <CHECKSUM>0</CHECKSUM>
            </INSTANCE>
           </INSTANCES>
          </INFO>
         </ITEM>
        </FILE>
        <FILE link="Lib/InfoSyS/Programms/Macromedia/M--FEF.zip">
         <LOCATION>
          <URL>Lib/InfoSyS/Programms/Macromedia/M--FEF.zip</URL>
          <SIZE>0.7</SIZE>
          <CHECKSUM>0</CHECKSUM>
          <TYPE>zip</TYPE>
         </LOCATION>
         <ITEM>
          <INFO>
           <CATEGORIES>
            <CATEGORY>Lib/InfoSyS/Programms/Macromedia</CATEGORY>
           </CATEGORIES>
           <DESCRIPTION>Macromedia - - Fireworks3: Extending Fireworks</DESCRIPTION>
           <PUBLISHERS>
            <PUBLISHER>Macromedia</PUBLISHER>
           </PUBLISHERS>
           <TITLE>Fireworks3: Extending Fireworks</TITLE>
           <INSTANCES>
            <INSTANCE>
             <FORMAT>pdf</FORMAT>
             <SIZE>0</SIZE>
             <CHECKSUM>0</CHECKSUM>
            </INSTANCE>
           </INSTANCES>
          </INFO>
         </ITEM>
        </FILE>
        <FILE link="Lib/InfoSyS/Programms/Macromedia/SAMS-PK-AiF.zip">
         <LOCATION>
          <URL>Lib/InfoSyS/Programms/Macromedia/SAMS-PK-AiF.zip</URL>
          <SIZE>4.7</SIZE>
          <CHECKSUM>0</CHECKSUM>
          <TYPE>zip</TYPE>
         </LOCATION>
         <ITEM>
          <INFO>
           <CATEGORIES>
            <CATEGORY>Lib/InfoSyS/Programms/Macromedia</CATEGORY>
           </CATEGORIES>
           <DESCRIPTION>SAMS - Philip Kerman - ActionScripting in FLASH</DESCRIPTION>
           <PUBLISHERS>
            <PUBLISHER>SAMS</PUBLISHER>
           </PUBLISHERS>
           <AUTHORS>
            <AUTHOR>
             <FULLNAME>Philip Kerman</FULLNAME>
             <LASTNAME>Kerman</LASTNAME>
             <FIRSTNAME>Philip</FIRSTNAME>
            </AUTHOR>
           </AUTHORS>
           <TITLE>ActionScripting in FLASH</TITLE>
           <INSTANCES>
            <INSTANCE>
             <FORMAT>pdf</FORMAT>
             <SIZE>0</SIZE>
             <CHECKSUM>0</CHECKSUM>
            </INSTANCE>
           </INSTANCES>
          </INFO>
         </ITEM>
        </FILE>
        <FILE link="Lib/InfoSyS/Programms/Macromedia/Syngress-GM-HPCF.zip">
         <LOCATION>
          <URL>Lib/InfoSyS/Programms/Macromedia/Syngress-GM-HPCF.zip</URL>
          <SIZE>6.6</SIZE>
          <CHECKSUM>0</CHECKSUM>
          <TYPE>zip</TYPE>
         </LOCATION>
         <ITEM>
          <INFO>
           <CATEGORIES>
            <CATEGORY>Lib/InfoSyS/Programms/Macromedia</CATEGORY>
           </CATEGORIES>
           <DESCRIPTION>Syngress - Greg Meyer - Hack Proofing  ColdFusion</DESCRIPTION>
           <PUBLISHERS>
            <PUBLISHER>Syngress</PUBLISHER>
           </PUBLISHERS>
           <AUTHORS>
            <AUTHOR>
             <FULLNAME>Greg Meyer</FULLNAME>
             <LASTNAME>Meyer</LASTNAME>
             <FIRSTNAME>Greg</FIRSTNAME>
            </AUTHOR>
           </AUTHORS>
           <TITLE>Hack Proofing  ColdFusion</TITLE>
           <INSTANCES>
            <INSTANCE>
             <FORMAT>pdf</FORMAT>
             <SIZE>0</SIZE>
             <CHECKSUM>0</CHECKSUM>
            </INSTANCE>
           </INSTANCES>
          </INFO>
         </ITEM>
        </FILE>
        <FILE link="Lib/InfoSyS/Programms/Macromedia/U-PK-AiF.zip">
         <LOCATION>
          <URL>Lib/InfoSyS/Programms/Macromedia/U-PK-AiF.zip</URL>
          <SIZE>4.7</SIZE>
          <CHECKSUM>0</CHECKSUM>
          <TYPE>zip</TYPE>
         </LOCATION>
         <ITEM>
          <INFO>
           <CATEGORIES>
            <CATEGORY>Lib/InfoSyS/Programms/Macromedia</CATEGORY>
           </CATEGORIES>
           <DESCRIPTION>Philip Kerman - ActionScripting in Flash</DESCRIPTION>
           <AUTHORS>
            <AUTHOR>
             <FULLNAME>Philip Kerman</FULLNAME>
             <LASTNAME>Kerman</LASTNAME>
             <FIRSTNAME>Philip</FIRSTNAME>
            </AUTHOR>
           </AUTHORS>
           <TITLE>ActionScripting in Flash</TITLE>
           <INSTANCES>
            <INSTANCE>
             <FORMAT>pdf</FORMAT>
             <SIZE>0</SIZE>
             <CHECKSUM>0</CHECKSUM>
            </INSTANCE>
           </INSTANCES>
          </INFO>
         </ITEM>
        </FILE>
        <FILE link="Lib/InfoSyS/Programms/Macromedia/UltraDev4bible.zip">
         <LOCATION>
          <URL>Lib/InfoSyS/Programms/Macromedia/UltraDev4bible.zip</URL>
          <SIZE>13.2</SIZE>
          <CHECKSUM>0</CHECKSUM>
          <TYPE>zip</TYPE>
         </LOCATION>
         <ITEM>
          <INFO>
           <CATEGORIES>
            <CATEGORY>Lib/InfoSyS/Programms/Macromedia</CATEGORY>
           </CATEGORIES>
           <DESCRIPTION>Hangry Minds - Joseph Lowery - Dreamweaver UltraDev 4 Bible</DESCRIPTION>
           <PUBLISHERS>
            <PUBLISHER>Hangry Minds</PUBLISHER>
           </PUBLISHERS>
           <AUTHORS>
            <AUTHOR>
             <FULLNAME>Joseph Lowery</FULLNAME>
             <LASTNAME>Lowery</LASTNAME>
             <FIRSTNAME>Joseph</FIRSTNAME>
            </AUTHOR>
           </AUTHORS>
           <TITLE>Dreamweaver UltraDev 4 Bible</TITLE>
           <INSTANCES>
            <INSTANCE>
             <FORMAT>pdf</FORMAT>
             <SIZE>0</SIZE>
             <CHECKSUM>0</CHECKSUM>
            </INSTANCE>
           </INSTANCES>
          </INFO>
         </ITEM>
        </FILE>
        <FILE link="Lib/InfoSyS/Programms/Macromedia/using_director_85.zip">
         <LOCATION>
          <URL>Lib/InfoSyS/Programms/Macromedia/using_director_85.zip</URL>
          <SIZE>2.7</SIZE>
          <CHECKSUM>0</CHECKSUM>
          <TYPE>zip</TYPE>
         </LOCATION>
         <ITEM>
          <INFO>
           <CATEGORIES>
            <CATEGORY>Lib/InfoSyS/Programms/Macromedia</CATEGORY>
           </CATEGORIES>
           <DESCRIPTION>Macromedia - Using Director 8.5 ShockWave Studio</DESCRIPTION>
           <AUTHORS>
            <AUTHOR>
             <FULLNAME>Macromedia</FULLNAME>
             <LASTNAME>Macromedia</LASTNAME>
             <FIRSTNAME></FIRSTNAME>
            </AUTHOR>
           </AUTHORS>
           <TITLE>Using Director 8.5 ShockWave Studio</TITLE>
           <INSTANCES>
            <INSTANCE>
             <FORMAT>pdf</FORMAT>
             <SIZE>0</SIZE>
             <CHECKSUM>0</CHECKSUM>
            </INSTANCE>
           </INSTANCES>
          </INFO>
         </ITEM>
        </FILE>
        <FILE link="Lib/InfoSyS/Programms/Macromedia/using_dreamweaver4.zip">
         <LOCATION>
          <URL>Lib/InfoSyS/Programms/Macromedia/using_dreamweaver4.zip</URL>
          <SIZE>2.5</SIZE>
          <CHECKSUM>0</CHECKSUM>
          <TYPE>zip</TYPE>
         </LOCATION>
         <ITEM>
          <INFO>
           <CATEGORIES>
            <CATEGORY>Lib/InfoSyS/Programms/Macromedia</CATEGORY>
           </CATEGORIES>
           <DESCRIPTION>Macromedia - Using DreamWeawer 4</DESCRIPTION>
           <AUTHORS>
            <AUTHOR>
             <FULLNAME>Macromedia</FULLNAME>
             <LASTNAME>Macromedia</LASTNAME>
             <FIRSTNAME></FIRSTNAME>
            </AUTHOR>
           </AUTHORS>
           <TITLE>Using DreamWeawer 4</TITLE>
           <INSTANCES>
            <INSTANCE>
             <FORMAT>pdf</FORMAT>
             <SIZE>0</SIZE>
             <CHECKSUM>0</CHECKSUM>
            </INSTANCE>
           </INSTANCES>
          </INFO>
         </ITEM>
        </FILE>
        <FILE link="Lib/InfoSyS/Programms/Macromedia/using_fireworks4.zip">
         <LOCATION>
          <URL>Lib/InfoSyS/Programms/Macromedia/using_fireworks4.zip</URL>
          <SIZE>3.9</SIZE>
          <CHECKSUM>0</CHECKSUM>
          <TYPE>zip</TYPE>
         </LOCATION>
         <ITEM>
          <INFO>
           <CATEGORIES>
            <CATEGORY>Lib/InfoSyS/Programms/Macromedia</CATEGORY>
           </CATEGORIES>
           <DESCRIPTION>Macromedia - Using FireWorks 4</DESCRIPTION>
           <AUTHORS>
            <AUTHOR>
             <FULLNAME>Macromedia</FULLNAME>
             <LASTNAME>Macromedia</LASTNAME>
             <FIRSTNAME></FIRSTNAME>
            </AUTHOR>
           </AUTHORS>
           <TITLE>Using FireWorks 4</TITLE>
           <INSTANCES>
            <INSTANCE>
             <FORMAT>pdf</FORMAT>
             <SIZE>0</SIZE>
             <CHECKSUM>0</CHECKSUM>
            </INSTANCE>
           </INSTANCES>
          </INFO>
         </ITEM>
        </FILE>
        <FILE link="Lib/InfoSyS/Programms/Macromedia/using_flash_5.zip">
         <LOCATION>
          <URL>Lib/InfoSyS/Programms/Macromedia/using_flash_5.zip</URL>
          <SIZE>1.7</SIZE>
          <CHECKSUM>0</CHECKSUM>
          <TYPE>zip</TYPE>
         </LOCATION>
         <ITEM>
          <INFO>
           <CATEGORIES>
            <CATEGORY>Lib/InfoSyS/Programms/Macromedia</CATEGORY>
           </CATEGORIES>
           <DESCRIPTION>Macromedia - Using Flash 5</DESCRIPTION>
           <AUTHORS>
            <AUTHOR>
             <FULLNAME>Macromedia</FULLNAME>
             <LASTNAME>Macromedia</LASTNAME>
             <FIRSTNAME></FIRSTNAME>
            </AUTHOR>
           </AUTHORS>
           <TITLE>Using Flash 5</TITLE>
           <INSTANCES>
            <INSTANCE>
             <FORMAT>pdf</FORMAT>
             <SIZE>0</SIZE>
             <CHECKSUM>0</CHECKSUM>
            </INSTANCE>
           </INSTANCES>
          </INFO>
         </ITEM>
        </FILE>
        <FILE link="Lib/InfoSyS/Programms/Macromedia/using_freehand_10.zip">
         <LOCATION>
          <URL>Lib/InfoSyS/Programms/Macromedia/using_freehand_10.zip</URL>
          <SIZE>3.9</SIZE>
          <CHECKSUM>0</CHECKSUM>
          <TYPE>zip</TYPE>
         </LOCATION>
         <ITEM>
          <INFO>
           <CATEGORIES>
            <CATEGORY>Lib/InfoSyS/Programms/Macromedia</CATEGORY>
           </CATEGORIES>
           <DESCRIPTION>Macromedia - Using FreeHand 10</DESCRIPTION>
           <AUTHORS>
            <AUTHOR>
             <FULLNAME>Macromedia</FULLNAME>
             <LASTNAME>Macromedia</LASTNAME>
             <FIRSTNAME></FIRSTNAME>
            </AUTHOR>
           </AUTHORS>
           <TITLE>Using FreeHand 10</TITLE>
           <INSTANCES>
            <INSTANCE>
             <FORMAT>pdf</FORMAT>
             <SIZE>0</SIZE>
             <CHECKSUM>0</CHECKSUM>
            </INSTANCE>
           </INSTANCES>
          </INFO>
         </ITEM>
        </FILE>
        <FILE link="Lib/InfoSyS/Programms/Macromedia/using_ultradev_4.zip">
         <LOCATION>
          <URL>Lib/InfoSyS/Programms/Macromedia/using_ultradev_4.zip</URL>
          <SIZE>0.8</SIZE>
          <CHECKSUM>0</CHECKSUM>
          <TYPE>zip</TYPE>
         </LOCATION>
         <ITEM>
          <INFO>
           <CATEGORIES>
            <CATEGORY>Lib/InfoSyS/Programms/Macromedia</CATEGORY>
           </CATEGORIES>
           <DESCRIPTION>Macromedia - Using UltraDev 4</DESCRIPTION>
           <AUTHORS>
            <AUTHOR>
             <FULLNAME>Macromedia</FULLNAME>
             <LASTNAME>Macromedia</LASTNAME>
             <FIRSTNAME></FIRSTNAME>
            </AUTHOR>
           </AUTHORS>
           <TITLE>Using UltraDev 4</TITLE>
           <INSTANCES>
            <INSTANCE>
             <FORMAT>pdf</FORMAT>
             <SIZE>0</SIZE>
             <CHECKSUM>0</CHECKSUM>
            </INSTANCE>
           </INSTANCES>
          </INFO>
         </ITEM>
        </FILE>
       </FILELIST>
      </DIR>
      <DIR link="Lib/InfoSyS/Programms/Matlab">
       <LOCATION>
        <URL>Lib/InfoSyS/Programms/Matlab</URL>
        <SIZE>5.2</SIZE>
       </LOCATION>
       <FILELIST category="Lib/InfoSyS/Programms/Matlab">
        <INFO>
         <DESCRIPTION>Mathworks Matlab</DESCRIPTION>
         <TITLE>Mathworks Matlab</TITLE>
         <DEFAULTFORMAT>pdf</DEFAULTFORMAT>
        </INFO>
        <FILE link="Lib/InfoSyS/Programms/Matlab/MW--UM6.zip">
         <LOCATION>
          <URL>Lib/InfoSyS/Programms/Matlab/MW--UM6.zip</URL>
          <SIZE>3.2</SIZE>
          <CHECKSUM>0</CHECKSUM>
          <TYPE>zip</TYPE>
         </LOCATION>
         <ITEM>
          <INFO>
           <CATEGORIES>
            <CATEGORY>Lib/InfoSyS/Programms/Matlab</CATEGORY>
           </CATEGORIES>
           <DESCRIPTION>MathWorks - - Using Matlab, Version 6</DESCRIPTION>
           <PUBLISHERS>
            <PUBLISHER>MathWorks</PUBLISHER>
           </PUBLISHERS>
           <TITLE>Using Matlab, Version 6</TITLE>
           <INSTANCES>
            <INSTANCE>
             <FORMAT>pdf</FORMAT>
             <SIZE>0</SIZE>
             <CHECKSUM>0</CHECKSUM>
            </INSTANCE>
           </INSTANCES>
          </INFO>
         </ITEM>
        </FILE>
        <FILE link="Lib/InfoSyS/Programms/Matlab/U--MD.zip">
         <LOCATION>
          <URL>Lib/InfoSyS/Programms/Matlab/U--MD.zip</URL>
          <SIZE>2</SIZE>
          <CHECKSUM>0</CHECKSUM>
          <TYPE>zip</TYPE>
         </LOCATION>
         <ITEM>
          <INFO>
           <CATEGORIES>
            <CATEGORY>Lib/InfoSyS/Programms/Matlab</CATEGORY>
           </CATEGORIES>
           <DESCRIPTION>Matlab Documentation</DESCRIPTION>
           <TITLE>Matlab Documentation</TITLE>
           <INSTANCES>
            <INSTANCE>
             <FORMAT>pdf</FORMAT>
             <SIZE>0</SIZE>
             <CHECKSUM>0</CHECKSUM>
            </INSTANCE>
           </INSTANCES>
          </INFO>
         </ITEM>
        </FILE>
       </FILELIST>
      </DIR>
      <DIR link="Lib/InfoSyS/Programms/Maya">
       <LOCATION>
        <URL>Lib/InfoSyS/Programms/Maya</URL>
        <SIZE>25.4</SIZE>
       </LOCATION>
       <FILELIST category="Lib/InfoSyS/Programms/Maya">
        <INFO>
         <DESCRIPTION>Alias|Wavefront Maya</DESCRIPTION>
         <TITLE>Alias|Wavefront Maya</TITLE>
         <DEFAULTFORMAT>pdf</DEFAULTFORMAT>
        </INFO>
        <FILE link="Lib/InfoSyS/Programms/Maya/AW-DC-LM1.zip">
         <LOCATION>
          <URL>Lib/InfoSyS/Programms/Maya/AW-DC-LM1.zip</URL>
          <SIZE>25.4</SIZE>
          <CHECKSUM>0</CHECKSUM>
          <TYPE>zip</TYPE>
         </LOCATION>
         <ITEM>
          <INFO>
           <CATEGORIES>
            <CATEGORY>Lib/InfoSyS/Programms/Maya</CATEGORY>
           </CATEGORIES>
           <DESCRIPTION>Alias|Wavefront - Don Chong - Learning Maya, version 1.0</DESCRIPTION>
           <PUBLISHERS>
            <PUBLISHER>Alias|Wavefront</PUBLISHER>
           </PUBLISHERS>
           <AUTHORS>
            <AUTHOR>
             <FULLNAME>Don Chong</FULLNAME>
             <LASTNAME>Chong</LASTNAME>
             <FIRSTNAME>Don</FIRSTNAME>
            </AUTHOR>
           </AUTHORS>
           <TITLE>Learning Maya, version 1.0</TITLE>
           <INSTANCES>
            <INSTANCE>
             <FORMAT>pdf</FORMAT>
             <SIZE>0</SIZE>
             <CHECKSUM>0</CHECKSUM>
            </INSTANCE>
           </INSTANCES>
          </INFO>
         </ITEM>
        </FILE>
       </FILELIST>
      </DIR>
      <DIR link="Lib/InfoSyS/Programms/Microsoft">
       <LOCATION>
        <URL>Lib/InfoSyS/Programms/Microsoft</URL>
        <SIZE>303.5</SIZE>
       </LOCATION>
       <FILELIST category="Lib/InfoSyS/Programms/Microsoft">
        <INFO>
         <DESCRIPTION>Microsoft Software</DESCRIPTION>
         <TITLE>Microsoft Software</TITLE>
         <DEFAULTFORMAT>pdf</DEFAULTFORMAT>
        </INFO>
        <DIR link="Lib/InfoSyS/Programms/Microsoft/BackOffice">
         <LOCATION>
          <URL>Lib/InfoSyS/Programms/Microsoft/BackOffice</URL>
          <SIZE>35.7</SIZE>
         </LOCATION>
         <FILELIST category="Lib/InfoSyS/Programms/Microsoft/BackOffice">
          <INFO>
           <DESCRIPTION>Back Office</DESCRIPTION>
           <TITLE>Back Office</TITLE>
           <DEFAULTFORMAT>pdf</DEFAULTFORMAT>
          </INFO>
          <FILE link="Lib/InfoSyS/Programms/Microsoft/BackOffice/Que--SEUMBOV1.zip">
           <LOCATION>
            <URL>Lib/InfoSyS/Programms/Microsoft/BackOffice/Que--SEUMBOV1.zip</URL>
            <SIZE>8</SIZE>
            <CHECKSUM>0</CHECKSUM>
            <TYPE>zip</TYPE>
           </LOCATION>
           <ITEM>
            <INFO>
             <CATEGORIES>
              <CATEGORY>Lib/InfoSyS/Programms/Microsoft/BackOffice</CATEGORY>
             </CATEGORIES>
             <DESCRIPTION>Que - - Special Edition Using Microsoft BackOffice, Volume I (html)</DESCRIPTION>
             <PUBLISHERS>
              <PUBLISHER>Que</PUBLISHER>
             </PUBLISHERS>
             <TITLE>Special Edition Using Microsoft BackOffice, Volume I</TITLE>
             <INSTANCES>
              <INSTANCE>
               <FORMAT>html</FORMAT>
               <SIZE>0</SIZE>
               <CHECKSUM>0</CHECKSUM>
              </INSTANCE>
             </INSTANCES>
            </INFO>
           </ITEM>
          </FILE>
          <FILE link="Lib/InfoSyS/Programms/Microsoft/BackOffice/Que--SEUMBOV2.zip">
           <LOCATION>
            <URL>Lib/InfoSyS/Programms/Microsoft/BackOffice/Que--SEUMBOV2.zip</URL>
            <SIZE>17.2</SIZE>
            <CHECKSUM>0</CHECKSUM>
            <TYPE>zip</TYPE>
           </LOCATION>
           <ITEM>
            <INFO>
             <CATEGORIES>
              <CATEGORY>Lib/InfoSyS/Programms/Microsoft/BackOffice</CATEGORY>
             </CATEGORIES>
             <DESCRIPTION>Que - - Special Edition Using Microsoft BackOffice, Volume II (html)</DESCRIPTION>
             <PUBLISHERS>
              <PUBLISHER>Que</PUBLISHER>
             </PUBLISHERS>
             <TITLE>Special Edition Using Microsoft BackOffice, Volume II</TITLE>
             <INSTANCES>
              <INSTANCE>
               <FORMAT>html</FORMAT>
               <SIZE>0</SIZE>
               <CHECKSUM>0</CHECKSUM>
              </INSTANCE>
             </INSTANCES>
            </INFO>
           </ITEM>
          </FILE>
          <FILE link="Lib/InfoSyS/Programms/Microsoft/BackOffice/Que-SW-BOIK.zip">
           <LOCATION>
            <URL>Lib/InfoSyS/Programms/Microsoft/BackOffice/Que-SW-BOIK.zip</URL>
            <SIZE>0.4</SIZE>
            <CHECKSUM>0</CHECKSUM>
            <TYPE>zip</TYPE>
           </LOCATION>
           <ITEM>
            <INFO>
             <CATEGORIES>
              <CATEGORY>Lib/InfoSyS/Programms/Microsoft/BackOffice</CATEGORY>
             </CATEGORIES>
             <DESCRIPTION>Que - Stephen Wynkoop - BackOffice Intranet Kit (html)</DESCRIPTION>
             <PUBLISHERS>
              <PUBLISHER>Que</PUBLISHER>
             </PUBLISHERS>
             <AUTHORS>
              <AUTHOR>
               <FULLNAME>Stephen Wynkoop</FULLNAME>
               <LASTNAME>Wynkoop</LASTNAME>
               <FIRSTNAME>Stephen</FIRSTNAME>
              </AUTHOR>
             </AUTHORS>
             <TITLE>BackOffice Intranet Kit</TITLE>
             <INSTANCES>
              <INSTANCE>
               <FORMAT>html</FORMAT>
               <SIZE>0</SIZE>
               <CHECKSUM>0</CHECKSUM>
              </INSTANCE>
             </INSTANCES>
            </INFO>
           </ITEM>
          </FILE>
          <FILE link="Lib/InfoSyS/Programms/Microsoft/BackOffice/U--MBOU.zip">
           <LOCATION>
            <URL>Lib/InfoSyS/Programms/Microsoft/BackOffice/U--MBOU.zip</URL>
            <SIZE>9.3</SIZE>
            <CHECKSUM>0</CHECKSUM>
            <TYPE>zip</TYPE>
           </LOCATION>
           <ITEM>
            <INFO>
             <CATEGORIES>
              <CATEGORY>Lib/InfoSyS/Programms/Microsoft/BackOffice</CATEGORY>
             </CATEGORIES>
             <DESCRIPTION>MS BackOffice Unleashed (html)</DESCRIPTION>
             <TITLE>MS BackOffice Unleashed</TITLE>
             <INSTANCES>
              <INSTANCE>
               <FORMAT>html</FORMAT>
               <SIZE>0</SIZE>
               <CHECKSUM>0</CHECKSUM>
              </INSTANCE>
             </INSTANCES>
            </INFO>
           </ITEM>
          </FILE>
          <FILE link="Lib/InfoSyS/Programms/Microsoft/BackOffice/U-VO-IBO25.zip">
           <LOCATION>
            <URL>Lib/InfoSyS/Programms/Microsoft/BackOffice/U-VO-IBO25.zip</URL>
            <SIZE>0.7</SIZE>
            <CHECKSUM>0</CHECKSUM>
            <TYPE>zip</TYPE>
           </LOCATION>
           <ITEM>
            <INFO>
             <CATEGORIES>
              <CATEGORY>Lib/InfoSyS/Programms/Microsoft/BackOffice</CATEGORY>
             </CATEGORIES>
             <DESCRIPTION>Виктор Олифер - Введение в BackOffice 2.5 (html)</DESCRIPTION>
             <AUTHORS>
              <AUTHOR>
               <FULLNAME>Виктор Олифер</FULLNAME>
               <LASTNAME>Олифер</LASTNAME>
               <FIRSTNAME>Виктор</FIRSTNAME>
              </AUTHOR>
             </AUTHORS>
             <TITLE>Введение в BackOffice 2.5</TITLE>
             <INSTANCES>
              <INSTANCE>
               <FORMAT>html</FORMAT>
               <SIZE>0</SIZE>
               <CHECKSUM>0</CHECKSUM>
              </INSTANCE>
             </INSTANCES>
            </INFO>
           </ITEM>
          </FILE>
         </FILELIST>
        </DIR>
        <DIR link="Lib/InfoSyS/Programms/Microsoft/Exchange">
         <LOCATION>
          <URL>Lib/InfoSyS/Programms/Microsoft/Exchange</URL>
          <SIZE>47.1</SIZE>
         </LOCATION>
         <FILELIST category="Lib/InfoSyS/Programms/Microsoft/Exchange">
          <INFO>
           <DESCRIPTION>Microsoft Exchange Server</DESCRIPTION>
           <TITLE>Microsoft Exchange Server</TITLE>
           <DEFAULTFORMAT>pdf</DEFAULTFORMAT>
          </INFO>
          <FILE link="Lib/InfoSyS/Programms/Microsoft/Exchange/MSPress-WG-E2000SAC.chm">
           <LOCATION>
            <URL>Lib/InfoSyS/Programms/Microsoft/Exchange/MSPress-WG-E2000SAC.chm</URL>
            <SIZE>22.8</SIZE>
            <CHECKSUM>0</CHECKSUM>
            <TYPE>plain</TYPE>
           </LOCATION>
           <ITEM>
            <INFO>
             <CATEGORIES>
              <CATEGORY>Lib/InfoSyS/Programms/Microsoft/Exchange</CATEGORY>
             </CATEGORIES>
             <DESCRIPTION>MSPress - Walter Glenn - Exchange 2000 Server Administrator's Companion (chm)</DESCRIPTION>
             <PUBLISHERS>
              <PUBLISHER>MSPress</PUBLISHER>
             </PUBLISHERS>
             <AUTHORS>
              <AUTHOR>
               <FULLNAME>Walter Glenn</FULLNAME>
               <LASTNAME>Glenn</LASTNAME>
               <FIRSTNAME>Walter</FIRSTNAME>
              </AUTHOR>
             </AUTHORS>
             <TITLE>Exchange 2000 Server Administrator's Companion</TITLE>
             <INSTANCES>
              <INSTANCE>
               <FORMAT>chm</FORMAT>
               <SIZE>0</SIZE>
               <CHECKSUM>0</CHECKSUM>
              </INSTANCE>
             </INSTANCES>
            </INFO>
           </ITEM>
          </FILE>
          <FILE link="Lib/InfoSyS/Programms/Microsoft/Exchange/Que--10MGMES5.zip">
           <LOCATION>
            <URL>Lib/InfoSyS/Programms/Microsoft/Exchange/Que--10MGMES5.zip</URL>
            <SIZE>1.9</SIZE>
            <CHECKSUM>0</CHECKSUM>
            <TYPE>zip</TYPE>
           </LOCATION>
           <ITEM>
            <INFO>
             <CATEGORIES>
              <CATEGORY>Lib/InfoSyS/Programms/Microsoft/Exchange</CATEGORY>
             </CATEGORIES>
             <DESCRIPTION>Que - - 10 Minute Guide to Microsoft Exchange Server 5.0 (html)</DESCRIPTION>
             <PUBLISHERS>
              <PUBLISHER>Que</PUBLISHER>
             </PUBLISHERS>
             <TITLE>10 Minute Guide to Microsoft Exchange Server 5.0</TITLE>
             <INSTANCES>
              <INSTANCE>
               <FORMAT>html</FORMAT>
               <SIZE>0</SIZE>
               <CHECKSUM>0</CHECKSUM>
              </INSTANCE>
             </INSTANCES>
            </INFO>
           </ITEM>
          </FILE>
          <FILE link="Lib/InfoSyS/Programms/Microsoft/Exchange/Que-NN-SEMES55.zip">
           <LOCATION>
            <URL>Lib/InfoSyS/Programms/Microsoft/Exchange/Que-NN-SEMES55.zip</URL>
            <SIZE>13.3</SIZE>
            <CHECKSUM>0</CHECKSUM>
            <TYPE>zip</TYPE>
           </LOCATION>
           <ITEM>
            <INFO>
             <CATEGORIES>
              <CATEGORY>Lib/InfoSyS/Programms/Microsoft/Exchange</CATEGORY>
             </CATEGORIES>
             <DESCRIPTION>Que - Neil Nelmida - Special Edition Microsoft Exchange Server 5.5 (html)</DESCRIPTION>
             <PUBLISHERS>
              <PUBLISHER>Que</PUBLISHER>
             </PUBLISHERS>
             <AUTHORS>
              <AUTHOR>
               <FULLNAME>Neil Nelmida</FULLNAME>
               <LASTNAME>Nelmida</LASTNAME>
               <FIRSTNAME>Neil</FIRSTNAME>
              </AUTHOR>
             </AUTHORS>
             <TITLE>Special Edition Microsoft Exchange Server 5.5</TITLE>
             <INSTANCES>
              <INSTANCE>
               <FORMAT>html</FORMAT>
               <SIZE>0</SIZE>
               <CHECKSUM>0</CHECKSUM>
              </INSTANCE>
             </INSTANCES>
            </INFO>
           </ITEM>
          </FILE>
          <FILE link="Lib/InfoSyS/Programms/Microsoft/Exchange/Syngress-LM-CE2KS.zip">
           <LOCATION>
            <URL>Lib/InfoSyS/Programms/Microsoft/Exchange/Syngress-LM-CE2KS.zip</URL>
            <SIZE>6.7</SIZE>
            <CHECKSUM>0</CHECKSUM>
            <TYPE>zip</TYPE>
           </LOCATION>
           <ITEM>
            <INFO>
             <CATEGORIES>
              <CATEGORY>Lib/InfoSyS/Programms/Microsoft/Exchange</CATEGORY>
             </CATEGORIES>
             <DESCRIPTION>Syngress - Liz Mason - Configuring Exchange 2000 Server</DESCRIPTION>
             <PUBLISHERS>
              <PUBLISHER>Syngress</PUBLISHER>
             </PUBLISHERS>
             <AUTHORS>
              <AUTHOR>
               <FULLNAME>Liz Mason</FULLNAME>
               <LASTNAME>Mason</LASTNAME>
               <FIRSTNAME>Liz</FIRSTNAME>
              </AUTHOR>
             </AUTHORS>
             <TITLE>Configuring Exchange 2000 Server</TITLE>
             <INSTANCES>
              <INSTANCE>
               <FORMAT>pdf</FORMAT>
               <SIZE>0</SIZE>
               <CHECKSUM>0</CHECKSUM>
              </INSTANCE>
             </INSTANCES>
            </INFO>
           </ITEM>
          </FILE>
          <FILE link="Lib/InfoSyS/Programms/Microsoft/Exchange/U--ES2000RK.chm">
           <LOCATION>
            <URL>Lib/InfoSyS/Programms/Microsoft/Exchange/U--ES2000RK.chm</URL>
            <SIZE>2.1</SIZE>
            <CHECKSUM>0</CHECKSUM>
            <TYPE>plain</TYPE>
           </LOCATION>
           <ITEM>
            <INFO>
             <CATEGORIES>
              <CATEGORY>Lib/InfoSyS/Programms/Microsoft/Exchange</CATEGORY>
             </CATEGORIES>
             <DESCRIPTION>Exchange Server 2000 Resource Kit (chm)</DESCRIPTION>
             <TITLE>Exchange Server 2000 Resource Kit</TITLE>
             <INSTANCES>
              <INSTANCE>
               <FORMAT>chm</FORMAT>
               <SIZE>0</SIZE>
               <CHECKSUM>0</CHECKSUM>
              </INSTANCE>
             </INSTANCES>
            </INFO>
           </ITEM>
          </FILE>
          <FILE link="Lib/InfoSyS/Programms/Microsoft/Exchange/U-NO-MSESP.zip">
           <LOCATION>
            <URL>Lib/InfoSyS/Programms/Microsoft/Exchange/U-NO-MSESP.zip</URL>
            <SIZE>0.3</SIZE>
            <CHECKSUM>0</CHECKSUM>
            <TYPE>zip</TYPE>
           </LOCATION>
           <ITEM>
            <INFO>
             <CATEGORIES>
              <CATEGORY>Lib/InfoSyS/Programms/Microsoft/Exchange</CATEGORY>
             </CATEGORIES>
             <DESCRIPTION>Nik Okuntseff  - MS Exchange Server Programming (html)</DESCRIPTION>
             <AUTHORS>
              <AUTHOR>
               <FULLNAME>Nik Okuntseff </FULLNAME>
               <LASTNAME>Okuntseff</LASTNAME>
               <FIRSTNAME>Nik</FIRSTNAME>
              </AUTHOR>
             </AUTHORS>
             <TITLE>MS Exchange Server Programming</TITLE>
             <INSTANCES>
              <INSTANCE>
               <FORMAT>html</FORMAT>
               <SIZE>0</SIZE>
               <CHECKSUM>0</CHECKSUM>
              </INSTANCE>
             </INSTANCES>
            </INFO>
           </ITEM>
          </FILE>
         </FILELIST>
        </DIR>
        <DIR link="Lib/InfoSyS/Programms/Microsoft/iis">
         <LOCATION>
          <URL>Lib/InfoSyS/Programms/Microsoft/iis</URL>
          <SIZE>0.4</SIZE>
         </LOCATION>
         <FILELIST category="Lib/InfoSyS/Programms/Microsoft/iis">
          <INFO>
           <DESCRIPTION>Internet Informational Server</DESCRIPTION>
           <TITLE>Internet Informational Server</TITLE>
           <DEFAULTFORMAT>pdf</DEFAULTFORMAT>
          </INFO>
          <FILE link="Lib/InfoSyS/Programms/Microsoft/iis/Que-VW-SEUMIIS.zip">
           <LOCATION>
            <URL>Lib/InfoSyS/Programms/Microsoft/iis/Que-VW-SEUMIIS.zip</URL>
            <SIZE>0.1</SIZE>
            <CHECKSUM>0</CHECKSUM>
            <TYPE>zip</TYPE>
           </LOCATION>
           <ITEM>
            <INFO>
             <CATEGORIES>
              <CATEGORY>Lib/InfoSyS/Programms/Microsoft/iis</CATEGORY>
             </CATEGORIES>
             <DESCRIPTION>Que - Victor Wolters - Special Edition Using Microsoft Internet Information Server (html)</DESCRIPTION>
             <PUBLISHERS>
              <PUBLISHER>Que</PUBLISHER>
             </PUBLISHERS>
             <AUTHORS>
              <AUTHOR>
               <FULLNAME>Victor Wolters</FULLNAME>
               <LASTNAME>Wolters</LASTNAME>
               <FIRSTNAME>Victor</FIRSTNAME>
              </AUTHOR>
             </AUTHORS>
             <TITLE>Special Edition Using Microsoft Internet Information Server</TITLE>
             <INSTANCES>
              <INSTANCE>
               <FORMAT>html</FORMAT>
               <SIZE>0</SIZE>
               <CHECKSUM>0</CHECKSUM>
              </INSTANCE>
             </INSTANCES>
            </INFO>
           </ITEM>
          </FILE>
          <FILE link="Lib/InfoSyS/Programms/Microsoft/iis/SAMS-WC-DIMIIS.zip">
           <LOCATION>
            <URL>Lib/InfoSyS/Programms/Microsoft/iis/SAMS-WC-DIMIIS.zip</URL>
            <SIZE>0.2</SIZE>
            <CHECKSUM>0</CHECKSUM>
            <TYPE>zip</TYPE>
           </LOCATION>
           <ITEM>
            <INFO>
             <CATEGORIES>
              <CATEGORY>Lib/InfoSyS/Programms/Microsoft/iis</CATEGORY>
             </CATEGORIES>
             <DESCRIPTION>SAMS - Weiying Chen - Designing and Implementing Microsoft Internet Information Server (html)</DESCRIPTION>
             <PUBLISHERS>
              <PUBLISHER>SAMS</PUBLISHER>
             </PUBLISHERS>
             <AUTHORS>
              <AUTHOR>
               <FULLNAME>Weiying Chen</FULLNAME>
               <LASTNAME>Chen</LASTNAME>
               <FIRSTNAME>Weiying</FIRSTNAME>
              </AUTHOR>
             </AUTHORS>
             <TITLE>Designing and Implementing Microsoft Internet Information Server</TITLE>
             <INSTANCES>
              <INSTANCE>
               <FORMAT>html</FORMAT>
               <SIZE>0</SIZE>
               <CHECKSUM>0</CHECKSUM>
              </INSTANCE>
             </INSTANCES>
            </INFO>
           </ITEM>
          </FILE>
          <FILE link="Lib/InfoSyS/Programms/Microsoft/iis/U--IISFAQ.zip">
           <LOCATION>
            <URL>Lib/InfoSyS/Programms/Microsoft/iis/U--IISFAQ.zip</URL>
            <SIZE>0</SIZE>
            <CHECKSUM>0</CHECKSUM>
            <TYPE>zip</TYPE>
           </LOCATION>
           <ITEM>
            <INFO>
             <CATEGORIES>
              <CATEGORY>Lib/InfoSyS/Programms/Microsoft/iis</CATEGORY>
             </CATEGORIES>
             <DESCRIPTION>IIS FAQ ( comp.infosystems.www.servers.ms-windows.iis ) (html)</DESCRIPTION>
             <TITLE>IIS FAQ ( comp.infosystems.www.servers.ms-windows.iis )</TITLE>
             <INSTANCES>
              <INSTANCE>
               <FORMAT>html</FORMAT>
               <SIZE>0</SIZE>
               <CHECKSUM>0</CHECKSUM>
              </INSTANCE>
             </INSTANCES>
            </INFO>
           </ITEM>
          </FILE>
         </FILELIST>
        </DIR>
        <DIR link="Lib/InfoSyS/Programms/Microsoft/Office">
         <LOCATION>
          <URL>Lib/InfoSyS/Programms/Microsoft/Office</URL>
          <SIZE>130.2</SIZE>
         </LOCATION>
         <FILELIST category="Lib/InfoSyS/Programms/Microsoft/Office">
          <INFO>
           <DESCRIPTION>Microsoft Office</DESCRIPTION>
           <TITLE>Microsoft Office</TITLE>
           <DEFAULTFORMAT>pdf</DEFAULTFORMAT>
          </INFO>
          <FILE link="Lib/InfoSyS/Programms/Microsoft/Office/MSPress-DB-O2000VBAF.chm">
           <LOCATION>
            <URL>Lib/InfoSyS/Programms/Microsoft/Office/MSPress-DB-O2000VBAF.chm</URL>
            <SIZE>6.4</SIZE>
            <CHECKSUM>0</CHECKSUM>
            <TYPE>plain</TYPE>
           </LOCATION>
           <ITEM>
            <INFO>
             <CATEGORIES>
              <CATEGORY>Lib/InfoSyS/Programms/Microsoft/Office</CATEGORY>
             </CATEGORIES>
             <DESCRIPTION>MSPress - David Boctor - Office 2000 VBA Fundamentals (chm)</DESCRIPTION>
             <PUBLISHERS>
              <PUBLISHER>MSPress</PUBLISHER>
             </PUBLISHERS>
             <AUTHORS>
              <AUTHOR>
               <FULLNAME>David Boctor</FULLNAME>
               <LASTNAME>Boctor</LASTNAME>
               <FIRSTNAME>David</FIRSTNAME>
              </AUTHOR>
             </AUTHORS>
             <TITLE>Office 2000 VBA Fundamentals</TITLE>
             <INSTANCES>
              <INSTANCE>
               <FORMAT>chm</FORMAT>
               <SIZE>0</SIZE>
               <CHECKSUM>0</CHECKSUM>
              </INSTANCE>
             </INSTANCES>
            </INFO>
           </ITEM>
          </FILE>
          <FILE link="Lib/InfoSyS/Programms/Microsoft/Office/MSPress-MY-MOXPIO.zip">
           <LOCATION>
            <URL>Lib/InfoSyS/Programms/Microsoft/Office/MSPress-MY-MOXPIO.zip</URL>
            <SIZE>116.6</SIZE>
            <CHECKSUM>0</CHECKSUM>
            <TYPE>zip</TYPE>
           </LOCATION>
           <ITEM>
            <INFO>
             <CATEGORIES>
              <CATEGORY>Lib/InfoSyS/Programms/Microsoft/Office</CATEGORY>
             </CATEGORIES>
             <DESCRIPTION>MSPress - Michael Young - Microsoft Office XP Inside Out (chm)</DESCRIPTION>
             <PUBLISHERS>
              <PUBLISHER>MSPress</PUBLISHER>
             </PUBLISHERS>
             <AUTHORS>
              <AUTHOR>
               <FULLNAME>Michael Young</FULLNAME>
               <LASTNAME>Young</LASTNAME>
               <FIRSTNAME>Michael</FIRSTNAME>
              </AUTHOR>
             </AUTHORS>
             <TITLE>Microsoft Office XP Inside Out</TITLE>
             <INSTANCES>
              <INSTANCE>
               <FORMAT>chm</FORMAT>
               <SIZE>0</SIZE>
               <CHECKSUM>0</CHECKSUM>
              </INSTANCE>
             </INSTANCES>
            </INFO>
           </ITEM>
          </FILE>
          <FILE link="Lib/InfoSyS/Programms/Microsoft/Office/Que--10MGO97.zip">
           <LOCATION>
            <URL>Lib/InfoSyS/Programms/Microsoft/Office/Que--10MGO97.zip</URL>
            <SIZE>2.9</SIZE>
            <CHECKSUM>0</CHECKSUM>
            <TYPE>zip</TYPE>
           </LOCATION>
           <ITEM>
            <INFO>
             <CATEGORIES>
              <CATEGORY>Lib/InfoSyS/Programms/Microsoft/Office</CATEGORY>
             </CATEGORIES>
             <DESCRIPTION>Que - - 10 Minute Guide to Outlook 97 (html)</DESCRIPTION>
             <PUBLISHERS>
              <PUBLISHER>Que</PUBLISHER>
             </PUBLISHERS>
             <TITLE>10 Minute Guide to Outlook 97</TITLE>
             <INSTANCES>
              <INSTANCE>
               <FORMAT>html</FORMAT>
               <SIZE>0</SIZE>
               <CHECKSUM>0</CHECKSUM>
              </INSTANCE>
             </INSTANCES>
            </INFO>
           </ITEM>
          </FILE>
          <FILE link="Lib/InfoSyS/Programms/Microsoft/Office/Que--A97ES.zip">
           <LOCATION>
            <URL>Lib/InfoSyS/Programms/Microsoft/Office/Que--A97ES.zip</URL>
            <SIZE>4.1</SIZE>
            <CHECKSUM>0</CHECKSUM>
            <TYPE>zip</TYPE>
           </LOCATION>
           <ITEM>
            <INFO>
             <CATEGORIES>
              <CATEGORY>Lib/InfoSyS/Programms/Microsoft/Office</CATEGORY>
             </CATEGORIES>
             <DESCRIPTION>Que - - Access 97 Expert Solutions (html)</DESCRIPTION>
             <PUBLISHERS>
              <PUBLISHER>Que</PUBLISHER>
             </PUBLISHERS>
             <TITLE>Access 97 Expert Solutions</TITLE>
             <INSTANCES>
              <INSTANCE>
               <FORMAT>html</FORMAT>
               <SIZE>0</SIZE>
               <CHECKSUM>0</CHECKSUM>
              </INSTANCE>
             </INSTANCES>
            </INFO>
           </ITEM>
          </FILE>
          <FILE link="Lib/InfoSyS/Programms/Microsoft/Office/QUE-RW-A97QR.zip">
           <LOCATION>
            <URL>Lib/InfoSyS/Programms/Microsoft/Office/QUE-RW-A97QR.zip</URL>
            <SIZE>0.2</SIZE>
            <CHECKSUM>0</CHECKSUM>
            <TYPE>zip</TYPE>
           </LOCATION>
           <ITEM>
            <INFO>
             <CATEGORIES>
              <CATEGORY>Lib/InfoSyS/Programms/Microsoft/Office</CATEGORY>
             </CATEGORIES>
             <DESCRIPTION>QUE - Rick Winter - Microsoft Access 97 Quick Reference (html)</DESCRIPTION>
             <PUBLISHERS>
              <PUBLISHER>QUE</PUBLISHER>
             </PUBLISHERS>
             <AUTHORS>
              <AUTHOR>
               <FULLNAME>Rick Winter</FULLNAME>
               <LASTNAME>Winter</LASTNAME>
               <FIRSTNAME>Rick</FIRSTNAME>
              </AUTHOR>
             </AUTHORS>
             <TITLE>Microsoft Access 97 Quick Reference</TITLE>
             <INSTANCES>
              <INSTANCE>
               <FORMAT>html</FORMAT>
               <SIZE>0</SIZE>
               <CHECKSUM>0</CHECKSUM>
              </INSTANCE>
             </INSTANCES>
            </INFO>
           </ITEM>
          </FILE>
         </FILELIST>
        </DIR>
        <DIR link="Lib/InfoSyS/Programms/Microsoft/Servers">
         <LOCATION>
          <URL>Lib/InfoSyS/Programms/Microsoft/Servers</URL>
          <SIZE>78.3</SIZE>
         </LOCATION>
         <FILELIST category="Lib/InfoSyS/Programms/Microsoft/Servers">
          <INFO>
           <DESCRIPTION>Other Servers</DESCRIPTION>
           <TITLE>Other Servers</TITLE>
           <DEFAULTFORMAT>pdf</DEFAULTFORMAT>
          </INFO>
          <FILE link="Lib/InfoSyS/Programms/Microsoft/Servers/MSPress--MPSIAG.zip">
           <LOCATION>
            <URL>Lib/InfoSyS/Programms/Microsoft/Servers/MSPress--MPSIAG.zip</URL>
            <SIZE>0.3</SIZE>
            <CHECKSUM>0</CHECKSUM>
            <TYPE>zip</TYPE>
           </LOCATION>
           <ITEM>
            <INFO>
             <CATEGORIES>
              <CATEGORY>Lib/InfoSyS/Programms/Microsoft/Servers</CATEGORY>
             </CATEGORIES>
             <DESCRIPTION>MSPress - - Microsoft Proxy Server Installation and Administration Guide (html)</DESCRIPTION>
             <PUBLISHERS>
              <PUBLISHER>MSPress</PUBLISHER>
             </PUBLISHERS>
             <TITLE>Microsoft Proxy Server Installation and Administration Guide</TITLE>
             <INSTANCES>
              <INSTANCE>
               <FORMAT>html</FORMAT>
               <SIZE>0</SIZE>
               <CHECKSUM>0</CHECKSUM>
              </INSTANCE>
             </INSTANCES>
            </INFO>
           </ITEM>
          </FILE>
          <FILE link="Lib/InfoSyS/Programms/Microsoft/Servers/MSPress-SK-SMSAC.chm">
           <LOCATION>
            <URL>Lib/InfoSyS/Programms/Microsoft/Servers/MSPress-SK-SMSAC.chm</URL>
            <SIZE>35.6</SIZE>
            <CHECKSUM>0</CHECKSUM>
            <TYPE>plain</TYPE>
           </LOCATION>
           <ITEM>
            <INFO>
             <CATEGORIES>
              <CATEGORY>Lib/InfoSyS/Programms/Microsoft/Servers</CATEGORY>
             </CATEGORIES>
             <DESCRIPTION>MSPress - Steven Kaczmarek - Systems Managment Server 2.0 Administrator's Companion (chm)</DESCRIPTION>
             <PUBLISHERS>
              <PUBLISHER>MSPress</PUBLISHER>
             </PUBLISHERS>
             <AUTHORS>
              <AUTHOR>
               <FULLNAME>Steven Kaczmarek</FULLNAME>
               <LASTNAME>Kaczmarek</LASTNAME>
               <FIRSTNAME>Steven</FIRSTNAME>
              </AUTHOR>
             </AUTHORS>
             <TITLE>Systems Managment Server 2.0 Administrator's Companion</TITLE>
             <INSTANCES>
              <INSTANCE>
               <FORMAT>chm</FORMAT>
               <SIZE>0</SIZE>
               <CHECKSUM>0</CHECKSUM>
              </INSTANCE>
             </INSTANCES>
            </INFO>
           </ITEM>
          </FILE>
          <FILE link="Lib/InfoSyS/Programms/Microsoft/Servers/Que-PB-UMCI.zip">
           <LOCATION>
            <URL>Lib/InfoSyS/Programms/Microsoft/Servers/Que-PB-UMCI.zip</URL>
            <SIZE>11.4</SIZE>
            <CHECKSUM>0</CHECKSUM>
            <TYPE>zip</TYPE>
           </LOCATION>
           <ITEM>
            <INFO>
             <CATEGORIES>
              <CATEGORY>Lib/InfoSyS/Programms/Microsoft/Servers</CATEGORY>
             </CATEGORIES>
             <DESCRIPTION>Que - Pete Butler - Using Microsoft Commercial Internet System (html)</DESCRIPTION>
             <PUBLISHERS>
              <PUBLISHER>Que</PUBLISHER>
             </PUBLISHERS>
             <AUTHORS>
              <AUTHOR>
               <FULLNAME>Pete Butler</FULLNAME>
               <LASTNAME>Butler</LASTNAME>
               <FIRSTNAME>Pete</FIRSTNAME>
              </AUTHOR>
             </AUTHORS>
             <TITLE>Using Microsoft Commercial Internet System</TITLE>
             <INSTANCES>
              <INSTANCE>
               <FORMAT>html</FORMAT>
               <SIZE>0</SIZE>
               <CHECKSUM>0</CHECKSUM>
              </INSTANCE>
             </INSTANCES>
            </INFO>
           </ITEM>
          </FILE>
          <FILE link="Lib/InfoSyS/Programms/Microsoft/Servers/Que-TD-SEUMSMS.zip">
           <LOCATION>
            <URL>Lib/InfoSyS/Programms/Microsoft/Servers/Que-TD-SEUMSMS.zip</URL>
            <SIZE>20.5</SIZE>
            <CHECKSUM>0</CHECKSUM>
            <TYPE>zip</TYPE>
           </LOCATION>
           <ITEM>
            <INFO>
             <CATEGORIES>
              <CATEGORY>Lib/InfoSyS/Programms/Microsoft/Servers</CATEGORY>
             </CATEGORIES>
             <DESCRIPTION>Que - Tim Darby - Special Edition Using Microsoft Systems Management Server (html)</DESCRIPTION>
             <PUBLISHERS>
              <PUBLISHER>Que</PUBLISHER>
             </PUBLISHERS>
             <AUTHORS>
              <AUTHOR>
               <FULLNAME>Tim Darby</FULLNAME>
               <LASTNAME>Darby</LASTNAME>
               <FIRSTNAME>Tim</FIRSTNAME>
              </AUTHOR>
             </AUTHORS>
             <TITLE>Special Edition Using Microsoft Systems Management Server</TITLE>
             <INSTANCES>
              <INSTANCE>
               <FORMAT>html</FORMAT>
               <SIZE>0</SIZE>
               <CHECKSUM>0</CHECKSUM>
              </INSTANCE>
             </INSTANCES>
            </INFO>
           </ITEM>
          </FILE>
          <FILE link="Lib/InfoSyS/Programms/Microsoft/Servers/SAMS-MS-DIMIS.zip">
           <LOCATION>
            <URL>Lib/InfoSyS/Programms/Microsoft/Servers/SAMS-MS-DIMIS.zip</URL>
            <SIZE>4.2</SIZE>
            <CHECKSUM>0</CHECKSUM>
            <TYPE>zip</TYPE>
           </LOCATION>
           <ITEM>
            <INFO>
             <CATEGORIES>
              <CATEGORY>Lib/InfoSyS/Programms/Microsoft/Servers</CATEGORY>
             </CATEGORIES>
             <DESCRIPTION>SAMS - Mark Swank - Designing and Implementing Microsoft Index Server (html)</DESCRIPTION>
             <PUBLISHERS>
              <PUBLISHER>SAMS</PUBLISHER>
             </PUBLISHERS>
             <AUTHORS>
              <AUTHOR>
               <FULLNAME>Mark Swank</FULLNAME>
               <LASTNAME>Swank</LASTNAME>
               <FIRSTNAME>Mark</FIRSTNAME>
              </AUTHOR>
             </AUTHORS>
             <TITLE>Designing and Implementing Microsoft Index Server</TITLE>
             <INSTANCES>
              <INSTANCE>
               <FORMAT>html</FORMAT>
               <SIZE>0</SIZE>
               <CHECKSUM>0</CHECKSUM>
              </INSTANCE>
             </INSTANCES>
            </INFO>
           </ITEM>
          </FILE>
          <FILE link="Lib/InfoSyS/Programms/Microsoft/Servers/Syngress-TS-CISA2000.zip">
           <LOCATION>
            <URL>Lib/InfoSyS/Programms/Microsoft/Servers/Syngress-TS-CISA2000.zip</URL>
            <SIZE>6.2</SIZE>
            <CHECKSUM>0</CHECKSUM>
            <TYPE>zip</TYPE>
           </LOCATION>
           <ITEM>
            <INFO>
             <CATEGORIES>
              <CATEGORY>Lib/InfoSyS/Programms/Microsoft/Servers</CATEGORY>
             </CATEGORIES>
             <DESCRIPTION>Syngress - Thomas Shinder - Configuring ISA Server 2000 (Building Firewalls for W2K)</DESCRIPTION>
             <PUBLISHERS>
              <PUBLISHER>Syngress</PUBLISHER>
             </PUBLISHERS>
             <AUTHORS>
              <AUTHOR>
               <FULLNAME>Thomas Shinder</FULLNAME>
               <LASTNAME>Shinder</LASTNAME>
               <FIRSTNAME>Thomas</FIRSTNAME>
              </AUTHOR>
             </AUTHORS>
             <TITLE>Configuring ISA Server 2000 (Building Firewalls for W2K)</TITLE>
             <INSTANCES>
              <INSTANCE>
               <FORMAT>pdf</FORMAT>
               <SIZE>0</SIZE>
               <CHECKSUM>0</CHECKSUM>
              </INSTANCE>
             </INSTANCES>
            </INFO>
           </ITEM>
          </FILE>
         </FILELIST>
        </DIR>
        <DIR link="Lib/InfoSyS/Programms/Microsoft/SQLServer">
         <LOCATION>
          <URL>Lib/InfoSyS/Programms/Microsoft/SQLServer</URL>
          <SIZE>11.9</SIZE>
         </LOCATION>
         <FILELIST category="Lib/InfoSyS/Programms/Microsoft/SQLServer">
          <INFO>
           <DESCRIPTION>Microsoft SQL Server</DESCRIPTION>
           <TITLE>Microsoft SQL Server</TITLE>
           <DEFAULTFORMAT>pdf</DEFAULTFORMAT>
          </INFO>
          <FILE link="Lib/InfoSyS/Programms/Microsoft/SQLServer/GKP--MCSESQL7ASG.zip">
           <LOCATION>
            <URL>Lib/InfoSyS/Programms/Microsoft/SQLServer/GKP--MCSESQL7ASG.zip</URL>
            <SIZE>3.4</SIZE>
            <CHECKSUM>0</CHECKSUM>
            <TYPE>zip</TYPE>
           </LOCATION>
           <ITEM>
            <INFO>
             <CATEGORIES>
              <CATEGORY>Lib/InfoSyS/Programms/Microsoft/SQLServer</CATEGORY>
             </CATEGORIES>
             <DESCRIPTION>GKP - - MCSE/MCDBA SQL Server 7 Administration Study Guide (html)</DESCRIPTION>
             <PUBLISHERS>
              <PUBLISHER>GKP</PUBLISHER>
             </PUBLISHERS>
             <TITLE>MCSE/MCDBA SQL Server 7 Administration Study Guide</TITLE>
             <INSTANCES>
              <INSTANCE>
               <FORMAT>html</FORMAT>
               <SIZE>0</SIZE>
               <CHECKSUM>0</CHECKSUM>
              </INSTANCE>
             </INSTANCES>
            </INFO>
           </ITEM>
          </FILE>
          <FILE link="Lib/InfoSyS/Programms/Microsoft/SQLServer/ms--sql7docs.zip">
           <LOCATION>
            <URL>Lib/InfoSyS/Programms/Microsoft/SQLServer/ms--sql7docs.zip</URL>
            <SIZE>2.6</SIZE>
            <CHECKSUM>0</CHECKSUM>
            <TYPE>zip</TYPE>
           </LOCATION>
           <ITEM>
            <INFO>
             <CATEGORIES>
              <CATEGORY>Lib/InfoSyS/Programms/Microsoft/SQLServer</CATEGORY>
             </CATEGORIES>
             <DESCRIPTION>Microsoft MS SQL 7.0 Documentation (doc)</DESCRIPTION>
             <TITLE>Microsoft MS SQL 7.0 Documentation</TITLE>
             <INSTANCES>
              <INSTANCE>
               <FORMAT>doc</FORMAT>
               <SIZE>0</SIZE>
               <CHECKSUM>0</CHECKSUM>
              </INSTANCE>
             </INSTANCES>
            </INFO>
           </ITEM>
          </FILE>
          <FILE link="Lib/InfoSyS/Programms/Microsoft/SQLServer/SAMS-RS-TYMSSQL6521D.zip">
           <LOCATION>
            <URL>Lib/InfoSyS/Programms/Microsoft/SQLServer/SAMS-RS-TYMSSQL6521D.zip</URL>
            <SIZE>5.9</SIZE>
            <CHECKSUM>0</CHECKSUM>
            <TYPE>zip</TYPE>
           </LOCATION>
           <ITEM>
            <INFO>
             <CATEGORIES>
              <CATEGORY>Lib/InfoSyS/Programms/Microsoft/SQLServer</CATEGORY>
             </CATEGORIES>
             <DESCRIPTION>SAMS - Rick Sawtell - Teach Yourself Microsoft SQL Server 6.5 in 21 day (html)</DESCRIPTION>
             <PUBLISHERS>
              <PUBLISHER>SAMS</PUBLISHER>
             </PUBLISHERS>
             <AUTHORS>
              <AUTHOR>
               <FULLNAME>Rick Sawtell</FULLNAME>
               <LASTNAME>Sawtell</LASTNAME>
               <FIRSTNAME>Rick</FIRSTNAME>
              </AUTHOR>
             </AUTHORS>
             <TITLE>Teach Yourself Microsoft SQL Server 6.5 in 21 day</TITLE>
             <INSTANCES>
              <INSTANCE>
               <FORMAT>html</FORMAT>
               <SIZE>0</SIZE>
               <CHECKSUM>0</CHECKSUM>
              </INSTANCE>
             </INSTANCES>
            </INFO>
           </ITEM>
          </FILE>
         </FILELIST>
        </DIR>
       </FILELIST>
      </DIR>
      <DIR link="Lib/InfoSyS/Programms/SoftIce">
       <LOCATION>
        <URL>Lib/InfoSyS/Programms/SoftIce</URL>
        <SIZE>0.9</SIZE>
       </LOCATION>
       <FILELIST category="Lib/InfoSyS/Programms/SoftIce">
        <INFO>
         <DESCRIPTION>SoftIce</DESCRIPTION>
         <TITLE>SoftIce</TITLE>
         <DEFAULTFORMAT>pdf</DEFAULTFORMAT>
        </INFO>
        <FILE link="Lib/InfoSyS/Programms/SoftIce/siug.pdf.gz">
         <LOCATION>
          <URL>Lib/InfoSyS/Programms/SoftIce/siug.pdf.gz</URL>
          <SIZE>0.9</SIZE>
          <CHECKSUM>0</CHECKSUM>
          <TYPE>gzip</TYPE>
         </LOCATION>
         <ITEM>
          <INFO>
           <CATEGORIES>
            <CATEGORY>Lib/InfoSyS/Programms/SoftIce</CATEGORY>
           </CATEGORIES>
           <DESCRIPTION>siug.pdf.gz</DESCRIPTION>
           <TITLE>siug.pdf.gz</TITLE>
           <INSTANCES>
            <INSTANCE>
             <FORMAT>pdf</FORMAT>
             <SIZE>0</SIZE>
             <CHECKSUM>0</CHECKSUM>
            </INSTANCE>
           </INSTANCES>
          </INFO>
         </ITEM>
        </FILE>
       </FILELIST>
      </DIR>
      <DIR link="Lib/InfoSyS/Programms/Xara">
       <LOCATION>
        <URL>Lib/InfoSyS/Programms/Xara</URL>
        <SIZE>49.1</SIZE>
       </LOCATION>
       <FILELIST category="Lib/InfoSyS/Programms/Xara">
        <INFO>
         <DESCRIPTION>Corel Xara</DESCRIPTION>
         <TITLE>Corel Xara</TITLE>
         <DEFAULTFORMAT>pdf</DEFAULTFORMAT>
        </INFO>
        <FILE link="Lib/InfoSyS/Programms/Xara/Corel--XaraAVI.zip">
         <LOCATION>
          <URL>Lib/InfoSyS/Programms/Xara/Corel--XaraAVI.zip</URL>
          <SIZE>49.1</SIZE>
          <CHECKSUM>0</CHECKSUM>
          <TYPE>zip</TYPE>
         </LOCATION>
         <ITEM>
          <INFO>
           <CATEGORIES>
            <CATEGORY>Lib/InfoSyS/Programms/Xara</CATEGORY>
           </CATEGORIES>
           <DESCRIPTION>Corel - Xara Tutorial (avi)</DESCRIPTION>
           <AUTHORS>
            <AUTHOR>
             <FULLNAME>Corel</FULLNAME>
             <LASTNAME>Corel</LASTNAME>
             <FIRSTNAME></FIRSTNAME>
            </AUTHOR>
           </AUTHORS>
           <TITLE>Xara Tutorial (avi)</TITLE>
           <INSTANCES>
            <INSTANCE>
             <FORMAT>pdf</FORMAT>
             <SIZE>0</SIZE>
             <CHECKSUM>0</CHECKSUM>
            </INSTANCE>
           </INSTANCES>
          </INFO>
         </ITEM>
        </FILE>
       </FILELIST>
      </DIR>
     </FILELIST>
    </DIR>
   </FILELIST>
  </DIR>
  <DIR link="Lib/New">
   <LOCATION>
    <URL>Lib/New</URL>
    <SIZE>552.9</SIZE>
   </LOCATION>
   <FILELIST category="Lib/New">
    <INFO>
     <DESCRIPTION>New</DESCRIPTION>
     <TITLE>New</TITLE>
     <DEFAULTFORMAT>pdf</DEFAULTFORMAT>
    </INFO>
    <FILE link="Lib/New/AW-BM-PSQLIC.zip">
     <LOCATION>
      <URL>Lib/New/AW-BM-PSQLIC.zip</URL>
      <SIZE>1.7</SIZE>
      <CHECKSUM>0</CHECKSUM>
      <TYPE>zip</TYPE>
     </LOCATION>
     <ITEM>
      <INFO>
       <CATEGORIES>
        <CATEGORY>Lib/New</CATEGORY>
       </CATEGORIES>
       <DESCRIPTION>AW - Bruce Momjian - PostgreSQL Introduction and Concepts</DESCRIPTION>
       <PUBLISHERS>
        <PUBLISHER>AW</PUBLISHER>
       </PUBLISHERS>
       <AUTHORS>
        <AUTHOR>
         <FULLNAME>Bruce Momjian</FULLNAME>
         <LASTNAME>Momjian</LASTNAME>
         <FIRSTNAME>Bruce</FIRSTNAME>
        </AUTHOR>
       </AUTHORS>
       <TITLE>PostgreSQL Introduction and Concepts</TITLE>
       <INSTANCES>
        <INSTANCE>
         <FORMAT>pdf</FORMAT>
         <SIZE>0</SIZE>
         <CHECKSUM>0</CHECKSUM>
        </INSTANCE>
       </INSTANCES>
      </INFO>
     </ITEM>
    </FILE>
    <FILE link="Lib/New/AW-DS-CPPNPCwAP.chm">
     <LOCATION>
      <URL>Lib/New/AW-DS-CPPNPCwAP.chm</URL>
      <SIZE>2.3</SIZE>
      <CHECKSUM>0</CHECKSUM>
      <TYPE>plain</TYPE>
     </LOCATION>
     <ITEM>
      <INFO>
       <CATEGORIES>
        <CATEGORY>Lib/New</CATEGORY>
       </CATEGORIES>
       <DESCRIPTION>Addison Wesley - Douglas Schmidt - C++ Network Programming, Volume 1: Mastering Complexity with ACE and Patterns</DESCRIPTION>
       <ISBNS>
        <ISBN>0201604647</ISBN>
       </ISBNS>
       <PUBLISHERS>
        <PUBLISHER>Addison Wesley</PUBLISHER>
       </PUBLISHERS>
       <AUTHORS>
        <AUTHOR>
         <FULLNAME>Douglas Schmidt</FULLNAME>
         <LASTNAME>Schmidt</LASTNAME>
         <FIRSTNAME>Douglas</FIRSTNAME>
        </AUTHOR>
       </AUTHORS>
       <TITLE>C++ Network Programming, Volume 1: Mastering Complexity with ACE and Patterns</TITLE>
       <INSTANCES>
        <INSTANCE>
         <FORMAT>pdf</FORMAT>
         <SIZE>0</SIZE>
         <CHECKSUM>0</CHECKSUM>
        </INSTANCE>
       </INSTANCES>
      </INFO>
     </ITEM>
    </FILE>
    <FILE link="Lib/New/AW-HS-MECPP.chm">
     <LOCATION>
      <URL>Lib/New/AW-HS-MECPP.chm</URL>
      <SIZE>0.5</SIZE>
      <CHECKSUM>0</CHECKSUM>
      <TYPE>plain</TYPE>
     </LOCATION>
     <ITEM>
      <INFO>
       <CATEGORIES>
        <CATEGORY>Lib/New</CATEGORY>
       </CATEGORIES>
       <DESCRIPTION>Addison Wesley - Herb Shutter - More Exceptional C++</DESCRIPTION>
       <ISBNS>
        <ISBN>020170434X</ISBN>
       </ISBNS>
       <PUBLISHERS>
        <PUBLISHER>Addison Wesley</PUBLISHER>
       </PUBLISHERS>
       <AUTHORS>
        <AUTHOR>
         <FULLNAME>Herb Shutter</FULLNAME>
         <LASTNAME>Shutter</LASTNAME>
         <FIRSTNAME>Herb</FIRSTNAME>
        </AUTHOR>
       </AUTHORS>
       <TITLE>More Exceptional C++</TITLE>
       <INSTANCES>
        <INSTANCE>
         <FORMAT>pdf</FORMAT>
         <SIZE>0</SIZE>
         <CHECKSUM>0</CHECKSUM>
        </INSTANCE>
       </INSTANCES>
      </INFO>
     </ITEM>
    </FILE>
    <FILE link="Lib/New/AW-NJ-CPPSL.chm">
     <LOCATION>
      <URL>Lib/New/AW-NJ-CPPSL.chm</URL>
      <SIZE>3.3</SIZE>
      <CHECKSUM>0</CHECKSUM>
      <TYPE>plain</TYPE>
     </LOCATION>
     <ITEM>
      <INFO>
       <CATEGORIES>
        <CATEGORY>Lib/New</CATEGORY>
       </CATEGORIES>
       <DESCRIPTION>Addison Wesley - Nicolai Josuttis - C++ Standard Library: A Tutorial and Reference</DESCRIPTION>
       <PUBLISHERS>
        <PUBLISHER>Addison Wesley</PUBLISHER>
       </PUBLISHERS>
       <AUTHORS>
        <AUTHOR>
         <FULLNAME>Nicolai Josuttis</FULLNAME>
         <LASTNAME>Josuttis</LASTNAME>
         <FIRSTNAME>Nicolai</FIRSTNAME>
        </AUTHOR>
       </AUTHORS>
       <TITLE>C++ Standard Library: A Tutorial and Reference</TITLE>
       <INSTANCES>
        <INSTANCE>
         <FORMAT>pdf</FORMAT>
         <SIZE>0</SIZE>
         <CHECKSUM>0</CHECKSUM>
        </INSTANCE>
       </INSTANCES>
      </INFO>
     </ITEM>
    </FILE>
    <FILE link="Lib/New/AW-NJ-CPPSLTR.chm">
     <LOCATION>
      <URL>Lib/New/AW-NJ-CPPSLTR.chm</URL>
      <SIZE>3.4</SIZE>
      <CHECKSUM>0</CHECKSUM>
      <TYPE>plain</TYPE>
     </LOCATION>
     <ITEM>
      <INFO>
       <CATEGORIES>
        <CATEGORY>Lib/New</CATEGORY>
       </CATEGORIES>
       <DESCRIPTION>Addison Wesley - Nicolai Josuttis - C++ Standad Library, The: A Tutorial and Reference</DESCRIPTION>
       <ISBNS>
        <ISBN>0201379260</ISBN>
       </ISBNS>
       <PUBLISHERS>
        <PUBLISHER>Addison Wesley</PUBLISHER>
       </PUBLISHERS>
       <AUTHORS>
        <AUTHOR>
         <FULLNAME>Nicolai Josuttis</FULLNAME>
         <LASTNAME>Josuttis</LASTNAME>
         <FIRSTNAME>Nicolai</FIRSTNAME>
        </AUTHOR>
       </AUTHORS>
       <TITLE>C++ Standad Library, The: A Tutorial and Reference</TITLE>
       <INSTANCES>
        <INSTANCE>
         <FORMAT>pdf</FORMAT>
         <SIZE>0</SIZE>
         <CHECKSUM>0</CHECKSUM>
        </INSTANCE>
       </INSTANCES>
      </INFO>
     </ITEM>
    </FILE>
    <FILE link="Lib/New/AW-SL-CPPP3.chm">
     <LOCATION>
      <URL>Lib/New/AW-SL-CPPP3.chm</URL>
      <SIZE>1.4</SIZE>
      <CHECKSUM>0</CHECKSUM>
      <TYPE>plain</TYPE>
     </LOCATION>
     <ITEM>
      <INFO>
       <CATEGORIES>
        <CATEGORY>Lib/New</CATEGORY>
       </CATEGORIES>
       <DESCRIPTION>Addison Wesley - Stanley Lippman - C++ Primer, 3rd Edition</DESCRIPTION>
       <ISBNS>
        <ISBN>0201824701</ISBN>
       </ISBNS>
       <PUBLISHERS>
        <PUBLISHER>Addison Wesley</PUBLISHER>
       </PUBLISHERS>
       <AUTHORS>
        <AUTHOR>
         <FULLNAME>Stanley Lippman</FULLNAME>
         <LASTNAME>Lippman</LASTNAME>
         <FIRSTNAME>Stanley</FIRSTNAME>
        </AUTHOR>
       </AUTHORS>
       <TITLE>C++ Primer</TITLE>
       <EDITION>3</EDITION>
       <INSTANCES>
        <INSTANCE>
         <FORMAT>pdf</FORMAT>
         <SIZE>0</SIZE>
         <CHECKSUM>0</CHECKSUM>
        </INSTANCE>
       </INSTANCES>
      </INFO>
     </ITEM>
    </FILE>
    <FILE link="Lib/New/CRM-BF-MAFMA.zip">
     <LOCATION>
      <URL>Lib/New/CRM-BF-MAFMA.zip</URL>
      <SIZE>10.3</SIZE>
      <CHECKSUM>0</CHECKSUM>
      <TYPE>zip</TYPE>
     </LOCATION>
     <ITEM>
      <INFO>
       <CATEGORIES>
        <CATEGORY>Lib/New</CATEGORY>
       </CATEGORIES>
       <DESCRIPTION>CRM - Билл Флеминг - Методы анимации лица: мимика и артикуляция</DESCRIPTION>
       <PUBLISHERS>
        <PUBLISHER>CRM</PUBLISHER>
       </PUBLISHERS>
       <AUTHORS>
        <AUTHOR>
         <FULLNAME>Билл Флеминг</FULLNAME>
         <LASTNAME>Флеминг</LASTNAME>
         <FIRSTNAME>Билл</FIRSTNAME>
        </AUTHOR>
       </AUTHORS>
       <TITLE>Методы анимации лица: мимика и артикуляция</TITLE>
       <INSTANCES>
        <INSTANCE>
         <FORMAT>pdf</FORMAT>
         <SIZE>0</SIZE>
         <CHECKSUM>0</CHECKSUM>
        </INSTANCE>
       </INSTANCES>
      </INFO>
     </ITEM>
    </FILE>
    <FILE link="Lib/New/HM-DE-FAS.zip">
     <LOCATION>
      <URL>Lib/New/HM-DE-FAS.zip</URL>
      <SIZE>13.9</SIZE>
      <CHECKSUM>0</CHECKSUM>
      <TYPE>zip</TYPE>
     </LOCATION>
     <ITEM>
      <INFO>
       <CATEGORIES>
        <CATEGORY>Lib/New</CATEGORY>
       </CATEGORIES>
       <DESCRIPTION>Hungry Minds - Denise Etheridge - Flash ActionScript</DESCRIPTION>
       <PUBLISHERS>
        <PUBLISHER>Hungry Minds</PUBLISHER>
       </PUBLISHERS>
       <AUTHORS>
        <AUTHOR>
         <FULLNAME>Denise Etheridge</FULLNAME>
         <LASTNAME>Etheridge</LASTNAME>
         <FIRSTNAME>Denise</FIRSTNAME>
        </AUTHOR>
       </AUTHORS>
       <TITLE>Flash ActionScript</TITLE>
       <INSTANCES>
        <INSTANCE>
         <FORMAT>pdf</FORMAT>
         <SIZE>0</SIZE>
         <CHECKSUM>0</CHECKSUM>
        </INSTANCE>
       </INSTANCES>
      </INFO>
     </ITEM>
    </FILE>
    <FILE link="Lib/New/HM-DR-ASPNET.zip">
     <LOCATION>
      <URL>Lib/New/HM-DR-ASPNET.zip</URL>
      <SIZE>13.6</SIZE>
      <CHECKSUM>0</CHECKSUM>
      <TYPE>zip</TYPE>
     </LOCATION>
     <ITEM>
      <INFO>
       <CATEGORIES>
        <CATEGORY>Lib/New</CATEGORY>
       </CATEGORIES>
       <DESCRIPTION>Hungry Minds - Danny Ryan - ASP.NET</DESCRIPTION>
       <PUBLISHERS>
        <PUBLISHER>Hungry Minds</PUBLISHER>
       </PUBLISHERS>
       <AUTHORS>
        <AUTHOR>
         <FULLNAME>Danny Ryan</FULLNAME>
         <LASTNAME>Ryan</LASTNAME>
         <FIRSTNAME>Danny</FIRSTNAME>
        </AUTHOR>
       </AUTHORS>
       <TITLE>ASP.NET</TITLE>
       <INSTANCES>
        <INSTANCE>
         <FORMAT>pdf</FORMAT>
         <SIZE>0</SIZE>
         <CHECKSUM>0</CHECKSUM>
        </INSTANCE>
       </INSTANCES>
      </INFO>
     </ITEM>
    </FILE>
    <FILE link="Lib/New/HM-EB-CS.zip">
     <LOCATION>
      <URL>Lib/New/HM-EB-CS.zip</URL>
      <SIZE>9.8</SIZE>
      <CHECKSUM>0</CHECKSUM>
      <TYPE>zip</TYPE>
     </LOCATION>
     <ITEM>
      <INFO>
       <CATEGORIES>
        <CATEGORY>Lib/New</CATEGORY>
       </CATEGORIES>
       <DESCRIPTION>Hungry Minds - Eric Butow - C#</DESCRIPTION>
       <PUBLISHERS>
        <PUBLISHER>Hungry Minds</PUBLISHER>
       </PUBLISHERS>
       <AUTHORS>
        <AUTHOR>
         <FULLNAME>Eric Butow</FULLNAME>
         <LASTNAME>Butow</LASTNAME>
         <FIRSTNAME>Eric</FIRSTNAME>
        </AUTHOR>
       </AUTHORS>
       <TITLE>C#</TITLE>
       <INSTANCES>
        <INSTANCE>
         <FORMAT>pdf</FORMAT>
         <SIZE>0</SIZE>
         <CHECKSUM>0</CHECKSUM>
        </INSTANCE>
       </INSTANCES>
      </INFO>
     </ITEM>
    </FILE>
    <FILE link="Lib/New/HM-EF-AC2002B.zip">
     <LOCATION>
      <URL>Lib/New/HM-EF-AC2002B.zip</URL>
      <SIZE>14.6</SIZE>
      <CHECKSUM>0</CHECKSUM>
      <TYPE>zip</TYPE>
     </LOCATION>
     <ITEM>
      <INFO>
       <CATEGORIES>
        <CATEGORY>Lib/New</CATEGORY>
       </CATEGORIES>
       <DESCRIPTION>Hungry Minds - Ellen Finkelstein - Autocad 2002 Bible</DESCRIPTION>
       <PUBLISHERS>
        <PUBLISHER>Hungry Minds</PUBLISHER>
       </PUBLISHERS>
       <AUTHORS>
        <AUTHOR>
         <FULLNAME>Ellen Finkelstein</FULLNAME>
         <LASTNAME>Finkelstein</LASTNAME>
         <FIRSTNAME>Ellen</FIRSTNAME>
        </AUTHOR>
       </AUTHORS>
       <TITLE>Autocad 2002 Bible</TITLE>
       <INSTANCES>
        <INSTANCE>
         <FORMAT>pdf</FORMAT>
         <SIZE>0</SIZE>
         <CHECKSUM>0</CHECKSUM>
        </INSTANCE>
       </INSTANCES>
      </INFO>
     </ITEM>
    </FILE>
    <FILE link="Lib/New/HM-JB-ASPNETDP.zip">
     <LOCATION>
      <URL>Lib/New/HM-JB-ASPNETDP.zip</URL>
      <SIZE>3.1</SIZE>
      <CHECKSUM>0</CHECKSUM>
      <TYPE>zip</TYPE>
     </LOCATION>
     <ITEM>
      <INFO>
       <CATEGORIES>
        <CATEGORY>Lib/New</CATEGORY>
       </CATEGORIES>
       <DESCRIPTION>Hungry Minds - Jason Butler - ASP.NET Database Programing Weekend Crash Course</DESCRIPTION>
       <PUBLISHERS>
        <PUBLISHER>Hungry Minds</PUBLISHER>
       </PUBLISHERS>
       <AUTHORS>
        <AUTHOR>
         <FULLNAME>Jason Butler</FULLNAME>
         <LASTNAME>Butler</LASTNAME>
         <FIRSTNAME>Jason</FIRSTNAME>
        </AUTHOR>
       </AUTHORS>
       <TITLE>ASP.NET Database Programing Weekend Crash Course</TITLE>
       <INSTANCES>
        <INSTANCE>
         <FORMAT>pdf</FORMAT>
         <SIZE>0</SIZE>
         <CHECKSUM>0</CHECKSUM>
        </INSTANCE>
       </INSTANCES>
      </INFO>
     </ITEM>
    </FILE>
    <FILE link="Lib/New/HM-LW-SSAVSAWU.zip">
     <LOCATION>
      <URL>Lib/New/HM-LW-SSAVSAWU.zip</URL>
      <SIZE>27.9</SIZE>
      <CHECKSUM>0</CHECKSUM>
      <TYPE>zip</TYPE>
     </LOCATION>
     <ITEM>
      <INFO>
       <CATEGORIES>
        <CATEGORY>Lib/New</CATEGORY>
       </CATEGORIES>
       <DESCRIPTION>Hungry Minds - Luke Wroblewski - Site-Seeing: A Visual Approach to Web Usability</DESCRIPTION>
       <PUBLISHERS>
        <PUBLISHER>Hungry Minds</PUBLISHER>
       </PUBLISHERS>
       <AUTHORS>
        <AUTHOR>
         <FULLNAME>Luke Wroblewski</FULLNAME>
         <LASTNAME>Wroblewski</LASTNAME>
         <FIRSTNAME>Luke</FIRSTNAME>
        </AUTHOR>
       </AUTHORS>
       <TITLE>Site-Seeing: A Visual Approach to Web Usability</TITLE>
       <INSTANCES>
        <INSTANCE>
         <FORMAT>pdf</FORMAT>
         <SIZE>0</SIZE>
         <CHECKSUM>0</CHECKSUM>
        </INSTANCE>
       </INSTANCES>
      </INFO>
     </ITEM>
    </FILE>
    <FILE link="Lib/New/HM-RG-E2KSAB.zip">
     <LOCATION>
      <URL>Lib/New/HM-RG-E2KSAB.zip</URL>
      <SIZE>15.7</SIZE>
      <CHECKSUM>0</CHECKSUM>
      <TYPE>zip</TYPE>
     </LOCATION>
     <ITEM>
      <INFO>
       <CATEGORIES>
        <CATEGORY>Lib/New</CATEGORY>
       </CATEGORIES>
       <DESCRIPTION>Hungry Minds - Robert Guaraldi - Exchange 2000 Server Administrator's Bible</DESCRIPTION>
       <PUBLISHERS>
        <PUBLISHER>Hungry Minds</PUBLISHER>
       </PUBLISHERS>
       <AUTHORS>
        <AUTHOR>
         <FULLNAME>Robert Guaraldi</FULLNAME>
         <LASTNAME>Guaraldi</LASTNAME>
         <FIRSTNAME>Robert</FIRSTNAME>
        </AUTHOR>
       </AUTHORS>
       <TITLE>Exchange 2000 Server Administrator's Bible</TITLE>
       <INSTANCES>
        <INSTANCE>
         <FORMAT>pdf</FORMAT>
         <SIZE>0</SIZE>
         <CHECKSUM>0</CHECKSUM>
        </INSTANCE>
       </INSTANCES>
      </INFO>
     </ITEM>
    </FILE>
    <FILE link="Lib/New/Manning-HD-SWCD_ESK.zip">
     <LOCATION>
      <URL>Lib/New/Manning-HD-SWCD_ESK.zip</URL>
      <SIZE>12.8</SIZE>
      <CHECKSUM>0</CHECKSUM>
      <TYPE>zip</TYPE>
     </LOCATION>
     <ITEM>
      <INFO>
       <CATEGORIES>
        <CATEGORY>Lib/New</CATEGORY>
       </CATEGORIES>
       <DESCRIPTION>Manning - Hanumant Deshmukh - SCWCD Exam Study Kit</DESCRIPTION>
       <PUBLISHERS>
        <PUBLISHER>Manning</PUBLISHER>
       </PUBLISHERS>
       <AUTHORS>
        <AUTHOR>
         <FULLNAME>Hanumant Deshmukh</FULLNAME>
         <LASTNAME>Deshmukh</LASTNAME>
         <FIRSTNAME>Hanumant</FIRSTNAME>
        </AUTHOR>
       </AUTHORS>
       <TITLE>SCWCD Exam Study Kit</TITLE>
       <INSTANCES>
        <INSTANCE>
         <FORMAT>pdf</FORMAT>
         <SIZE>0</SIZE>
         <CHECKSUM>0</CHECKSUM>
        </INSTANCE>
       </INSTANCES>
      </INFO>
     </ITEM>
    </FILE>
    <FILE link="Lib/New/Manning-SG-USwS2.zip">
     <LOCATION>
      <URL>Lib/New/Manning-SG-USwS2.zip</URL>
      <SIZE>5.4</SIZE>
      <CHECKSUM>0</CHECKSUM>
      <TYPE>zip</TYPE>
     </LOCATION>
     <ITEM>
      <INFO>
       <CATEGORIES>
        <CATEGORY>Lib/New</CATEGORY>
       </CATEGORIES>
       <DESCRIPTION>Manning - Steven Guiz - Up to Speed with Swing, 2nd Edition</DESCRIPTION>
       <PUBLISHERS>
        <PUBLISHER>Manning</PUBLISHER>
       </PUBLISHERS>
       <AUTHORS>
        <AUTHOR>
         <FULLNAME>Steven Guiz</FULLNAME>
         <LASTNAME>Guiz</LASTNAME>
         <FIRSTNAME>Steven</FIRSTNAME>
        </AUTHOR>
       </AUTHORS>
       <TITLE>Up to Speed with Swing</TITLE>
       <EDITION>2</EDITION>
       <INSTANCES>
        <INSTANCE>
         <FORMAT>pdf</FORMAT>
         <SIZE>0</SIZE>
         <CHECKSUM>0</CHECKSUM>
        </INSTANCE>
       </INSTANCES>
      </INFO>
     </ITEM>
    </FILE>
    <FILE link="Lib/New/Microsoft-MW-MSVCNETCR.zip">
     <LOCATION>
      <URL>Lib/New/Microsoft-MW-MSVCNETCR.zip</URL>
      <SIZE>8.2</SIZE>
      <CHECKSUM>0</CHECKSUM>
      <TYPE>zip</TYPE>
     </LOCATION>
     <ITEM>
      <INFO>
       <CATEGORIES>
        <CATEGORY>Lib/New</CATEGORY>
       </CATEGORIES>
       <DESCRIPTION>Microsoft - Mickey Williams - Microsoft Visual C# .NET Core Reference (exe)</DESCRIPTION>
       <PUBLISHERS>
        <PUBLISHER>Microsoft</PUBLISHER>
       </PUBLISHERS>
       <AUTHORS>
        <AUTHOR>
         <FULLNAME>Mickey Williams</FULLNAME>
         <LASTNAME>Williams</LASTNAME>
         <FIRSTNAME>Mickey</FIRSTNAME>
        </AUTHOR>
       </AUTHORS>
       <TITLE>Microsoft Visual C# .NET Core Reference</TITLE>
       <INSTANCES>
        <INSTANCE>
         <FORMAT>exe</FORMAT>
         <SIZE>0</SIZE>
         <CHECKSUM>0</CHECKSUM>
        </INSTANCE>
       </INSTANCES>
      </INFO>
     </ITEM>
    </FILE>
    <FILE link="Lib/New/Microsoft-SS-BXMLWSfNET.zip">
     <LOCATION>
      <URL>Lib/New/Microsoft-SS-BXMLWSfNET.zip</URL>
      <SIZE>4.3</SIZE>
      <CHECKSUM>0</CHECKSUM>
      <TYPE>zip</TYPE>
     </LOCATION>
     <ITEM>
      <INFO>
       <CATEGORIES>
        <CATEGORY>Lib/New</CATEGORY>
       </CATEGORIES>
       <DESCRIPTION>Microsoft - Scott Short - Building XML Web Services for the Microsoft .NET Platform (exe)</DESCRIPTION>
       <PUBLISHERS>
        <PUBLISHER>Microsoft</PUBLISHER>
       </PUBLISHERS>
       <AUTHORS>
        <AUTHOR>
         <FULLNAME>Scott Short</FULLNAME>
         <LASTNAME>Short</LASTNAME>
         <FIRSTNAME>Scott</FIRSTNAME>
        </AUTHOR>
       </AUTHORS>
       <TITLE>Building XML Web Services for the Microsoft .NET Platform</TITLE>
       <INSTANCES>
        <INSTANCE>
         <FORMAT>exe</FORMAT>
         <SIZE>0</SIZE>
         <CHECKSUM>0</CHECKSUM>
        </INSTANCE>
       </INSTANCES>
      </INFO>
     </ITEM>
    </FILE>
    <FILE link="Lib/New/MIT-PS-JP.zip">
     <LOCATION>
      <URL>Lib/New/MIT-PS-JP.zip</URL>
      <SIZE>0.8</SIZE>
      <CHECKSUM>0</CHECKSUM>
      <TYPE>zip</TYPE>
     </LOCATION>
     <ITEM>
      <INFO>
       <CATEGORIES>
        <CATEGORY>Lib/New</CATEGORY>
       </CATEGORIES>
       <DESCRIPTION>MIT Press - Peter Sestoft - Java Precisely</DESCRIPTION>
       <PUBLISHERS>
        <PUBLISHER>MIT Press</PUBLISHER>
       </PUBLISHERS>
       <AUTHORS>
        <AUTHOR>
         <FULLNAME>Peter Sestoft</FULLNAME>
         <LASTNAME>Sestoft</LASTNAME>
         <FIRSTNAME>Peter</FIRSTNAME>
        </AUTHOR>
       </AUTHORS>
       <TITLE>Java Precisely</TITLE>
       <INSTANCES>
        <INSTANCE>
         <FORMAT>pdf</FORMAT>
         <SIZE>0</SIZE>
         <CHECKSUM>0</CHECKSUM>
        </INSTANCE>
       </INSTANCES>
      </INFO>
     </ITEM>
    </FILE>
    <FILE link="Lib/New/MIT-TC-ItA2.zip">
     <LOCATION>
      <URL>Lib/New/MIT-TC-ItA2.zip</URL>
      <SIZE>11.5</SIZE>
      <CHECKSUM>0</CHECKSUM>
      <TYPE>zip</TYPE>
     </LOCATION>
     <ITEM>
      <INFO>
       <CATEGORIES>
        <CATEGORY>Lib/New</CATEGORY>
       </CATEGORIES>
       <DESCRIPTION>MIT - Thomas Cormen - Introduction To Algorithms, 2nd Edition</DESCRIPTION>
       <ISBNS>
        <ISBN>0262032937</ISBN>
        <ISBN>0070131511</ISBN>
       </ISBNS>
       <PUBLISHERS>
        <PUBLISHER>MIT</PUBLISHER>
       </PUBLISHERS>
       <AUTHORS>
        <AUTHOR>
         <FULLNAME>Thomas Cormen</FULLNAME>
         <LASTNAME>Cormen</LASTNAME>
         <FIRSTNAME>Thomas</FIRSTNAME>
        </AUTHOR>
       </AUTHORS>
       <TITLE>Introduction To Algorithms</TITLE>
       <EDITION>2</EDITION>
       <INSTANCES>
        <INSTANCE>
         <FORMAT>pdf</FORMAT>
         <SIZE>0</SIZE>
         <CHECKSUM>0</CHECKSUM>
        </INSTANCE>
       </INSTANCES>
      </INFO>
     </ITEM>
    </FILE>
    <FILE link="Lib/New/MSPress-EB-WXPIODE.chm">
     <LOCATION>
      <URL>Lib/New/MSPress-EB-WXPIODE.chm</URL>
      <SIZE>22.3</SIZE>
      <CHECKSUM>0</CHECKSUM>
      <TYPE>plain</TYPE>
     </LOCATION>
     <ITEM>
      <INFO>
       <CATEGORIES>
        <CATEGORY>Lib/New</CATEGORY>
       </CATEGORIES>
       <DESCRIPTION>MSPress - Ed Bott - Windows XP Inside Out, Deluxe Edition (chm)</DESCRIPTION>
       <PUBLISHERS>
        <PUBLISHER>MSPress</PUBLISHER>
       </PUBLISHERS>
       <AUTHORS>
        <AUTHOR>
         <FULLNAME>Ed Bott</FULLNAME>
         <LASTNAME>Bott</LASTNAME>
         <FIRSTNAME>Ed</FIRSTNAME>
        </AUTHOR>
       </AUTHORS>
       <TITLE>Windows XP Inside Out</TITLE>
       <EDITION>Deluxe</EDITION>
       <INSTANCES>
        <INSTANCE>
         <FORMAT>chm</FORMAT>
         <SIZE>0</SIZE>
         <CHECKSUM>0</CHECKSUM>
        </INSTANCE>
       </INSTANCES>
      </INFO>
     </ITEM>
    </FILE>
    <FILE link="Lib/New/MSPress-MT-MEoN.chm">
     <LOCATION>
      <URL>Lib/New/MSPress-MT-MEoN.chm</URL>
      <SIZE>14</SIZE>
      <CHECKSUM>0</CHECKSUM>
      <TYPE>plain</TYPE>
     </LOCATION>
     <ITEM>
      <INFO>
       <CATEGORIES>
        <CATEGORY>Lib/New</CATEGORY>
       </CATEGORIES>
       <DESCRIPTION>MSPress - Mitch Tulloch - Microsoft Encyclopedia of Networking (chm)</DESCRIPTION>
       <PUBLISHERS>
        <PUBLISHER>MSPress</PUBLISHER>
       </PUBLISHERS>
       <AUTHORS>
        <AUTHOR>
         <FULLNAME>Mitch Tulloch</FULLNAME>
         <LASTNAME>Tulloch</LASTNAME>
         <FIRSTNAME>Mitch</FIRSTNAME>
        </AUTHOR>
       </AUTHORS>
       <TITLE>Microsoft Encyclopedia of Networking</TITLE>
       <INSTANCES>
        <INSTANCE>
         <FORMAT>chm</FORMAT>
         <SIZE>0</SIZE>
         <CHECKSUM>0</CHECKSUM>
        </INSTANCE>
       </INSTANCES>
      </INFO>
     </ITEM>
    </FILE>
    <FILE link="Lib/New/MSPress-TS-MP2002IO.chm">
     <LOCATION>
      <URL>Lib/New/MSPress-TS-MP2002IO.chm</URL>
      <SIZE>19</SIZE>
      <CHECKSUM>0</CHECKSUM>
      <TYPE>plain</TYPE>
     </LOCATION>
     <ITEM>
      <INFO>
       <CATEGORIES>
        <CATEGORY>Lib/New</CATEGORY>
       </CATEGORIES>
       <DESCRIPTION>MSPress - Teresa Stover - Microsoft Project 2002 Inside Out (chm)</DESCRIPTION>
       <PUBLISHERS>
        <PUBLISHER>MSPress</PUBLISHER>
       </PUBLISHERS>
       <AUTHORS>
        <AUTHOR>
         <FULLNAME>Teresa Stover</FULLNAME>
         <LASTNAME>Stover</LASTNAME>
         <FIRSTNAME>Teresa</FIRSTNAME>
        </AUTHOR>
       </AUTHORS>
       <TITLE>Microsoft Project 2002 Inside Out</TITLE>
       <INSTANCES>
        <INSTANCE>
         <FORMAT>chm</FORMAT>
         <SIZE>0</SIZE>
         <CHECKSUM>0</CHECKSUM>
        </INSTANCE>
       </INSTANCES>
      </INFO>
     </ITEM>
    </FILE>
    <FILE link="Lib/New/NR-DA-LW67fD.zip">
     <LOCATION>
      <URL>Lib/New/NR-DA-LW67fD.zip</URL>
      <SIZE>24</SIZE>
      <CHECKSUM>0</CHECKSUM>
      <TYPE>zip</TYPE>
     </LOCATION>
     <ITEM>
      <INFO>
       <CATEGORIES>
        <CATEGORY>Lib/New</CATEGORY>
       </CATEGORIES>
       <DESCRIPTION>New Riders - Дэн Аблан - LightWave 6/7 для Дизайнера</DESCRIPTION>
       <PUBLISHERS>
        <PUBLISHER>New Riders</PUBLISHER>
       </PUBLISHERS>
       <AUTHORS>
        <AUTHOR>
         <FULLNAME>Дэн Аблан</FULLNAME>
         <LASTNAME>Аблан</LASTNAME>
         <FIRSTNAME>Дэн</FIRSTNAME>
        </AUTHOR>
       </AUTHORS>
       <TITLE>LightWave 6/7 для Дизайнера</TITLE>
       <INSTANCES>
        <INSTANCE>
         <FORMAT>pdf</FORMAT>
         <SIZE>0</SIZE>
         <CHECKSUM>0</CHECKSUM>
        </INSTANCE>
       </INSTANCES>
      </INFO>
     </ITEM>
    </FILE>
    <FILE link="Lib/New/NR-EC-HB.zip">
     <LOCATION>
      <URL>Lib/New/NR-EC-HB.zip</URL>
      <SIZE>4.2</SIZE>
      <CHECKSUM>0</CHECKSUM>
      <TYPE>zip</TYPE>
     </LOCATION>
     <ITEM>
      <INFO>
       <CATEGORIES>
        <CATEGORY>Lib/New</CATEGORY>
       </CATEGORIES>
       <DESCRIPTION>New Riders - Eric Cole - Hackers Beware</DESCRIPTION>
       <PUBLISHERS>
        <PUBLISHER>New Riders</PUBLISHER>
       </PUBLISHERS>
       <AUTHORS>
        <AUTHOR>
         <FULLNAME>Eric Cole</FULLNAME>
         <LASTNAME>Cole</LASTNAME>
         <FIRSTNAME>Eric</FIRSTNAME>
        </AUTHOR>
       </AUTHORS>
       <TITLE>Hackers Beware</TITLE>
       <INSTANCES>
        <INSTANCE>
         <FORMAT>pdf</FORMAT>
         <SIZE>0</SIZE>
         <CHECKSUM>0</CHECKSUM>
        </INSTANCE>
       </INSTANCES>
      </INFO>
     </ITEM>
    </FILE>
    <FILE link="Lib/New/NR-LJ-FM6BB.chm">
     <LOCATION>
      <URL>Lib/New/NR-LJ-FM6BB.chm</URL>
      <SIZE>2.4</SIZE>
      <CHECKSUM>0</CHECKSUM>
      <TYPE>plain</TYPE>
     </LOCATION>
     <ITEM>
      <INFO>
       <CATEGORIES>
        <CATEGORY>Lib/New</CATEGORY>
       </CATEGORIES>
       <DESCRIPTION>New Riders - Lisa Jahred - FrameMaker 6: Beyond the Basics</DESCRIPTION>
       <ISBNS>
        <ISBN>0735711089</ISBN>
       </ISBNS>
       <PUBLISHERS>
        <PUBLISHER>New Riders</PUBLISHER>
       </PUBLISHERS>
       <AUTHORS>
        <AUTHOR>
         <FULLNAME>Lisa Jahred</FULLNAME>
         <LASTNAME>Jahred</LASTNAME>
         <FIRSTNAME>Lisa</FIRSTNAME>
        </AUTHOR>
       </AUTHORS>
       <TITLE>FrameMaker 6: Beyond the Basics</TITLE>
       <INSTANCES>
        <INSTANCE>
         <FORMAT>pdf</FORMAT>
         <SIZE>0</SIZE>
         <CHECKSUM>0</CHECKSUM>
        </INSTANCE>
       </INSTANCES>
      </INFO>
     </ITEM>
    </FILE>
    <FILE link="Lib/New/OP-KL-O9iCR.zip">
     <LOCATION>
      <URL>Lib/New/OP-KL-O9iCR.zip</URL>
      <SIZE>21.9</SIZE>
      <CHECKSUM>0</CHECKSUM>
      <TYPE>zip</TYPE>
     </LOCATION>
     <ITEM>
      <INFO>
       <CATEGORIES>
        <CATEGORY>Lib/New</CATEGORY>
       </CATEGORIES>
       <DESCRIPTION>Oracle Press - Kevin Loney - Oracle 9i: The Complete Reference</DESCRIPTION>
       <PUBLISHERS>
        <PUBLISHER>Oracle Press</PUBLISHER>
       </PUBLISHERS>
       <AUTHORS>
        <AUTHOR>
         <FULLNAME>Kevin Loney</FULLNAME>
         <LASTNAME>Loney</LASTNAME>
         <FIRSTNAME>Kevin</FIRSTNAME>
        </AUTHOR>
       </AUTHORS>
       <TITLE>Oracle 9i: The Complete Reference</TITLE>
       <INSTANCES>
        <INSTANCE>
         <FORMAT>pdf</FORMAT>
         <SIZE>0</SIZE>
         <CHECKSUM>0</CHECKSUM>
        </INSTANCE>
       </INSTANCES>
      </INFO>
     </ITEM>
    </FILE>
    <FILE link="Lib/New/OReilly-ER-PERLXML.zip">
     <LOCATION>
      <URL>Lib/New/OReilly-ER-PERLXML.zip</URL>
      <SIZE>0.8</SIZE>
      <CHECKSUM>0</CHECKSUM>
      <TYPE>zip</TYPE>
     </LOCATION>
     <ITEM>
      <INFO>
       <CATEGORIES>
        <CATEGORY>Lib/New</CATEGORY>
       </CATEGORIES>
       <DESCRIPTION>O'Reilly - Erile Ray - Perl and XML</DESCRIPTION>
       <PUBLISHERS>
        <PUBLISHER>O'Reilly</PUBLISHER>
       </PUBLISHERS>
       <AUTHORS>
        <AUTHOR>
         <FULLNAME>Erile Ray</FULLNAME>
         <LASTNAME>Ray</LASTNAME>
         <FIRSTNAME>Erile</FIRSTNAME>
        </AUTHOR>
       </AUTHORS>
       <TITLE>Perl and XML</TITLE>
       <INSTANCES>
        <INSTANCE>
         <FORMAT>pdf</FORMAT>
         <SIZE>0</SIZE>
         <CHECKSUM>0</CHECKSUM>
        </INSTANCE>
       </INSTANCES>
      </INFO>
     </ITEM>
    </FILE>
    <FILE link="Lib/New/OReilly-ER-XMLiN.chm">
     <LOCATION>
      <URL>Lib/New/OReilly-ER-XMLiN.chm</URL>
      <SIZE>2.6</SIZE>
      <CHECKSUM>0</CHECKSUM>
      <TYPE>plain</TYPE>
     </LOCATION>
     <ITEM>
      <INFO>
       <CATEGORIES>
        <CATEGORY>Lib/New</CATEGORY>
       </CATEGORIES>
       <DESCRIPTION>O'Reilly - Elliotte Rusty - XML in a Nutshell, 2nd Edition</DESCRIPTION>
       <PUBLISHERS>
        <PUBLISHER>O'Reilly</PUBLISHER>
       </PUBLISHERS>
       <AUTHORS>
        <AUTHOR>
         <FULLNAME>Elliotte Rusty</FULLNAME>
         <LASTNAME>Rusty</LASTNAME>
         <FIRSTNAME>Elliotte</FIRSTNAME>
        </AUTHOR>
       </AUTHORS>
       <TITLE>XML in a Nutshell</TITLE>
       <EDITION>2</EDITION>
       <INSTANCES>
        <INSTANCE>
         <FORMAT>pdf</FORMAT>
         <SIZE>0</SIZE>
         <CHECKSUM>0</CHECKSUM>
        </INSTANCE>
       </INSTANCES>
      </INFO>
     </ITEM>
    </FILE>
    <FILE link="Lib/New/OReilly-HB-JSP2.zip">
     <LOCATION>
      <URL>Lib/New/OReilly-HB-JSP2.zip</URL>
      <SIZE>2.7</SIZE>
      <CHECKSUM>0</CHECKSUM>
      <TYPE>zip</TYPE>
     </LOCATION>
     <ITEM>
      <INFO>
       <CATEGORIES>
        <CATEGORY>Lib/New</CATEGORY>
       </CATEGORIES>
       <DESCRIPTION>O'Reilly - Hans Bergsten - Java Server Pages, 2nd Edition</DESCRIPTION>
       <ISBNS>
        <ISBN>059600317X</ISBN>
       </ISBNS>
       <PUBLISHERS>
        <PUBLISHER>O'Reilly</PUBLISHER>
       </PUBLISHERS>
       <AUTHORS>
        <AUTHOR>
         <FULLNAME>Hans Bergsten</FULLNAME>
         <LASTNAME>Bergsten</LASTNAME>
         <FIRSTNAME>Hans</FIRSTNAME>
        </AUTHOR>
       </AUTHORS>
       <TITLE>Java Server Pages</TITLE>
       <EDITION>2</EDITION>
       <INSTANCES>
        <INSTANCE>
         <FORMAT>pdf</FORMAT>
         <SIZE>0</SIZE>
         <CHECKSUM>0</CHECKSUM>
        </INSTANCE>
       </INSTANCES>
      </INFO>
     </ITEM>
    </FILE>
    <FILE link="Lib/New/OReilly-JT-ATDG.zip">
     <LOCATION>
      <URL>Lib/New/OReilly-JT-ATDG.zip</URL>
      <SIZE>2.5</SIZE>
      <CHECKSUM>0</CHECKSUM>
      <TYPE>zip</TYPE>
     </LOCATION>
     <ITEM>
      <INFO>
       <CATEGORIES>
        <CATEGORY>Lib/New</CATEGORY>
       </CATEGORIES>
       <DESCRIPTION>O'Reilly - Jesse Tilly - Ant: The Definitive Guide</DESCRIPTION>
       <PUBLISHERS>
        <PUBLISHER>O'Reilly</PUBLISHER>
       </PUBLISHERS>
       <AUTHORS>
        <AUTHOR>
         <FULLNAME>Jesse Tilly</FULLNAME>
         <LASTNAME>Tilly</LASTNAME>
         <FIRSTNAME>Jesse</FIRSTNAME>
        </AUTHOR>
       </AUTHORS>
       <TITLE>Ant: The Definitive Guide</TITLE>
       <INSTANCES>
        <INSTANCE>
         <FORMAT>pdf</FORMAT>
         <SIZE>0</SIZE>
         <CHECKSUM>0</CHECKSUM>
        </INSTANCE>
       </INSTANCES>
      </INFO>
     </ITEM>
    </FILE>
    <FILE link="Lib/New/OReilly-KT-J2MEiN.zip">
     <LOCATION>
      <URL>Lib/New/OReilly-KT-J2MEiN.zip</URL>
      <SIZE>5.2</SIZE>
      <CHECKSUM>0</CHECKSUM>
      <TYPE>zip</TYPE>
     </LOCATION>
     <ITEM>
      <INFO>
       <CATEGORIES>
        <CATEGORY>Lib/New</CATEGORY>
       </CATEGORIES>
       <DESCRIPTION>O'Reilly - Kim Topley - J2ME in a Nutshell</DESCRIPTION>
       <PUBLISHERS>
        <PUBLISHER>O'Reilly</PUBLISHER>
       </PUBLISHERS>
       <AUTHORS>
        <AUTHOR>
         <FULLNAME>Kim Topley</FULLNAME>
         <LASTNAME>Topley</LASTNAME>
         <FIRSTNAME>Kim</FIRSTNAME>
        </AUTHOR>
       </AUTHORS>
       <TITLE>J2ME in a Nutshell</TITLE>
       <INSTANCES>
        <INSTANCE>
         <FORMAT>pdf</FORMAT>
         <SIZE>0</SIZE>
         <CHECKSUM>0</CHECKSUM>
        </INSTANCE>
       </INSTANCES>
      </INFO>
     </ITEM>
    </FILE>
    <FILE link="Lib/New/OReilly-LS-WAMwPC.chm">
     <LOCATION>
      <URL>Lib/New/OReilly-LS-WAMwPC.chm</URL>
      <SIZE>1.7</SIZE>
      <CHECKSUM>0</CHECKSUM>
      <TYPE>plain</TYPE>
     </LOCATION>
     <ITEM>
      <INFO>
       <CATEGORIES>
        <CATEGORY>Lib/New</CATEGORY>
       </CATEGORIES>
       <DESCRIPTION>O'Reilly - Lincoln Stein - Writing Apache Modules with Perl and C</DESCRIPTION>
       <ISBNS>
        <ISBN>156592567X</ISBN>
       </ISBNS>
       <PUBLISHERS>
        <PUBLISHER>O'Reilly</PUBLISHER>
       </PUBLISHERS>
       <AUTHORS>
        <AUTHOR>
         <FULLNAME>Lincoln Stein</FULLNAME>
         <LASTNAME>Stein</LASTNAME>
         <FIRSTNAME>Lincoln</FIRSTNAME>
        </AUTHOR>
       </AUTHORS>
       <TITLE>Writing Apache Modules with Perl and C</TITLE>
       <INSTANCES>
        <INSTANCE>
         <FORMAT>pdf</FORMAT>
         <SIZE>0</SIZE>
         <CHECKSUM>0</CHECKSUM>
        </INSTANCE>
       </INSTANCES>
      </INFO>
     </ITEM>
    </FILE>
    <FILE link="Lib/New/OReilly-MW-RL4.zip">
     <LOCATION>
      <URL>Lib/New/OReilly-MW-RL4.zip</URL>
      <SIZE>3.3</SIZE>
      <CHECKSUM>0</CHECKSUM>
      <TYPE>zip</TYPE>
     </LOCATION>
     <ITEM>
      <INFO>
       <CATEGORIES>
        <CATEGORY>Lib/New</CATEGORY>
       </CATEGORIES>
       <DESCRIPTION>O'Reilly - Matt Welsh - Running Linux, 4th Edition</DESCRIPTION>
       <ISBNS>
        <ISBN>0596002726</ISBN>
       </ISBNS>
       <PUBLISHERS>
        <PUBLISHER>O'Reilly</PUBLISHER>
       </PUBLISHERS>
       <AUTHORS>
        <AUTHOR>
         <FULLNAME>Matt Welsh</FULLNAME>
         <LASTNAME>Welsh</LASTNAME>
         <FIRSTNAME>Matt</FIRSTNAME>
        </AUTHOR>
       </AUTHORS>
       <TITLE>Running Linux</TITLE>
       <EDITION>4</EDITION>
       <INSTANCES>
        <INSTANCE>
         <FORMAT>pdf</FORMAT>
         <SIZE>0</SIZE>
         <CHECKSUM>0</CHECKSUM>
        </INSTANCE>
       </INSTANCES>
      </INFO>
     </ITEM>
    </FILE>
    <FILE link="Lib/New/OReilly-RE-JAVASOAP.zip">
     <LOCATION>
      <URL>Lib/New/OReilly-RE-JAVASOAP.zip</URL>
      <SIZE>2.5</SIZE>
      <CHECKSUM>0</CHECKSUM>
      <TYPE>zip</TYPE>
     </LOCATION>
     <ITEM>
      <INFO>
       <CATEGORIES>
        <CATEGORY>Lib/New</CATEGORY>
       </CATEGORIES>
       <DESCRIPTION>O'Reilly - Robert Englander - Java and SOAP</DESCRIPTION>
       <PUBLISHERS>
        <PUBLISHER>O'Reilly</PUBLISHER>
       </PUBLISHERS>
       <AUTHORS>
        <AUTHOR>
         <FULLNAME>Robert Englander</FULLNAME>
         <LASTNAME>Englander</LASTNAME>
         <FIRSTNAME>Robert</FIRSTNAME>
        </AUTHOR>
       </AUTHORS>
       <TITLE>Java and SOAP</TITLE>
       <INSTANCES>
        <INSTANCE>
         <FORMAT>pdf</FORMAT>
         <SIZE>0</SIZE>
         <CHECKSUM>0</CHECKSUM>
        </INSTANCE>
       </INSTANCES>
      </INFO>
     </ITEM>
    </FILE>
    <FILE link="Lib/New/Osborne-RB-IBMWSAS.zip">
     <LOCATION>
      <URL>Lib/New/Osborne-RB-IBMWSAS.zip</URL>
      <SIZE>18.9</SIZE>
      <CHECKSUM>0</CHECKSUM>
      <TYPE>zip</TYPE>
     </LOCATION>
     <ITEM>
      <INFO>
       <CATEGORIES>
        <CATEGORY>Lib/New</CATEGORY>
       </CATEGORIES>
       <DESCRIPTION>Osborne - Ron Ben-Natan - IBM WebSphere Application Server</DESCRIPTION>
       <AUTHORS>
        <AUTHOR>
         <FULLNAME>Osborne</FULLNAME>
         <LASTNAME>Osborne</LASTNAME>
         <FIRSTNAME></FIRSTNAME>
        </AUTHOR>
       </AUTHORS>
       <TITLE>Ron Ben-Natan - IBM WebSphere Application Server</TITLE>
       <INSTANCES>
        <INSTANCE>
         <FORMAT>pdf</FORMAT>
         <SIZE>0</SIZE>
         <CHECKSUM>0</CHECKSUM>
        </INSTANCE>
       </INSTANCES>
      </INFO>
     </ITEM>
    </FILE>
    <FILE link="Lib/New/Prentice-MM-ILW.zip">
     <LOCATION>
      <URL>Lib/New/Prentice-MM-ILW.zip</URL>
      <SIZE>4</SIZE>
      <CHECKSUM>0</CHECKSUM>
      <TYPE>zip</TYPE>
     </LOCATION>
     <ITEM>
      <INFO>
       <CATEGORIES>
        <CATEGORY>Lib/New</CATEGORY>
       </CATEGORIES>
       <DESCRIPTION>Prentice Hall - Mike McCune - Integrating Linux and Windows</DESCRIPTION>
       <PUBLISHERS>
        <PUBLISHER>Prentice Hall</PUBLISHER>
       </PUBLISHERS>
       <AUTHORS>
        <AUTHOR>
         <FULLNAME>Mike McCune</FULLNAME>
         <LASTNAME>McCune</LASTNAME>
         <FIRSTNAME>Mike</FIRSTNAME>
        </AUTHOR>
       </AUTHORS>
       <TITLE>Integrating Linux and Windows</TITLE>
       <INSTANCES>
        <INSTANCE>
         <FORMAT>pdf</FORMAT>
         <SIZE>0</SIZE>
         <CHECKSUM>0</CHECKSUM>
        </INSTANCE>
       </INSTANCES>
      </INFO>
     </ITEM>
    </FILE>
    <FILE link="Lib/New/PVII-AS-BSFDM6.zip">
     <LOCATION>
      <URL>Lib/New/PVII-AS-BSFDM6.zip</URL>
      <SIZE>4.5</SIZE>
      <CHECKSUM>0</CHECKSUM>
      <TYPE>zip</TYPE>
     </LOCATION>
     <ITEM>
      <INFO>
       <CATEGORIES>
        <CATEGORY>Lib/New</CATEGORY>
       </CATEGORIES>
       <DESCRIPTION>PVII PRESS - Al Sparber - Building  on Solid Foundations with Dreamweaver MX</DESCRIPTION>
       <PUBLISHERS>
        <PUBLISHER>PVII PRESS</PUBLISHER>
       </PUBLISHERS>
       <AUTHORS>
        <AUTHOR>
         <FULLNAME>Al Sparber</FULLNAME>
         <LASTNAME>Sparber</LASTNAME>
         <FIRSTNAME>Al</FIRSTNAME>
        </AUTHOR>
       </AUTHORS>
       <TITLE>Building  on Solid Foundations with Dreamweaver MX</TITLE>
       <INSTANCES>
        <INSTANCE>
         <FORMAT>pdf</FORMAT>
         <SIZE>0</SIZE>
         <CHECKSUM>0</CHECKSUM>
        </INSTANCE>
       </INSTANCES>
      </INFO>
     </ITEM>
    </FILE>
    <FILE link="Lib/New/PVII-LR-DMX.zip">
     <LOCATION>
      <URL>Lib/New/PVII-LR-DMX.zip</URL>
      <SIZE>4.5</SIZE>
      <CHECKSUM>0</CHECKSUM>
      <TYPE>zip</TYPE>
     </LOCATION>
     <ITEM>
      <INFO>
       <CATEGORIES>
        <CATEGORY>Lib/New</CATEGORY>
       </CATEGORIES>
       <DESCRIPTION>PVII Visions - Linda Rathgeber - Dreamweaver MX: Building on Solid Foundations</DESCRIPTION>
       <PUBLISHERS>
        <PUBLISHER>PVII Visions</PUBLISHER>
       </PUBLISHERS>
       <AUTHORS>
        <AUTHOR>
         <FULLNAME>Linda Rathgeber</FULLNAME>
         <LASTNAME>Rathgeber</LASTNAME>
         <FIRSTNAME>Linda</FIRSTNAME>
        </AUTHOR>
       </AUTHORS>
       <TITLE>Dreamweaver MX: Building on Solid Foundations</TITLE>
       <INSTANCES>
        <INSTANCE>
         <FORMAT>pdf</FORMAT>
         <SIZE>0</SIZE>
         <CHECKSUM>0</CHECKSUM>
        </INSTANCE>
       </INSTANCES>
      </INFO>
     </ITEM>
    </FILE>
    <FILE link="Lib/New/PW0-100.zip">
     <LOCATION>
      <URL>Lib/New/PW0-100.zip</URL>
      <SIZE>4.3</SIZE>
      <CHECKSUM>0</CHECKSUM>
      <TYPE>zip</TYPE>
     </LOCATION>
     <ITEM>
      <INFO>
       <CATEGORIES>
        <CATEGORY>Lib/New</CATEGORY>
       </CATEGORIES>
       <DESCRIPTION>CWNA PW0-100: Certified Wireless Network Administration</DESCRIPTION>
       <TITLE>CWNA PW0-100: Certified Wireless Network Administration</TITLE>
       <INSTANCES>
        <INSTANCE>
         <FORMAT>pdf</FORMAT>
         <SIZE>0</SIZE>
         <CHECKSUM>0</CHECKSUM>
        </INSTANCE>
       </INSTANCES>
      </INFO>
     </ITEM>
    </FILE>
    <FILE link="Lib/New/Que-BM-XMLbE.zip">
     <LOCATION>
      <URL>Lib/New/Que-BM-XMLbE.zip</URL>
      <SIZE>3</SIZE>
      <CHECKSUM>0</CHECKSUM>
      <TYPE>zip</TYPE>
     </LOCATION>
     <ITEM>
      <INFO>
       <CATEGORIES>
        <CATEGORY>Lib/New</CATEGORY>
       </CATEGORIES>
       <DESCRIPTION>Que - Benoit Marchal - XML By Example</DESCRIPTION>
       <PUBLISHERS>
        <PUBLISHER>Que</PUBLISHER>
       </PUBLISHERS>
       <AUTHORS>
        <AUTHOR>
         <FULLNAME>Benoit Marchal</FULLNAME>
         <LASTNAME>Marchal</LASTNAME>
         <FIRSTNAME>Benoit</FIRSTNAME>
        </AUTHOR>
       </AUTHORS>
       <TITLE>XML By Example</TITLE>
       <INSTANCES>
        <INSTANCE>
         <FORMAT>pdf</FORMAT>
         <SIZE>0</SIZE>
         <CHECKSUM>0</CHECKSUM>
        </INSTANCE>
       </INSTANCES>
      </INFO>
     </ITEM>
    </FILE>
    <FILE link="Lib/New/reg.chm">
     <LOCATION>
      <URL>Lib/New/reg.chm</URL>
      <SIZE>0.2</SIZE>
      <CHECKSUM>0</CHECKSUM>
      <TYPE>plain</TYPE>
     </LOCATION>
     <ITEM>
      <INFO>
       <CATEGORIES>
        <CATEGORY>Lib/New</CATEGORY>
       </CATEGORIES>
       <DESCRIPTION>Реестр Windows (chm)</DESCRIPTION>
       <TITLE>Реестр Windows</TITLE>
       <INSTANCES>
        <INSTANCE>
         <FORMAT>chm</FORMAT>
         <SIZE>0</SIZE>
         <CHECKSUM>0</CHECKSUM>
        </INSTANCE>
       </INSTANCES>
      </INFO>
     </ITEM>
    </FILE>
    <FILE link="Lib/New/SAMS-AW-PJS.zip">
     <LOCATION>
      <URL>Lib/New/SAMS-AW-PJS.zip</URL>
      <SIZE>8.4</SIZE>
      <CHECKSUM>0</CHECKSUM>
      <TYPE>zip</TYPE>
     </LOCATION>
     <ITEM>
      <INFO>
       <CATEGORIES>
        <CATEGORY>Lib/New</CATEGORY>
       </CATEGORIES>
       <DESCRIPTION>SAMS - Allen Wyke - Pure JavaScript, Second Edition</DESCRIPTION>
       <PUBLISHERS>
        <PUBLISHER>SAMS</PUBLISHER>
       </PUBLISHERS>
       <AUTHORS>
        <AUTHOR>
         <FULLNAME>Allen Wyke</FULLNAME>
         <LASTNAME>Wyke</LASTNAME>
         <FIRSTNAME>Allen</FIRSTNAME>
        </AUTHOR>
       </AUTHORS>
       <TITLE>Pure JavaScript</TITLE>
       <EDITION>Second</EDITION>
       <INSTANCES>
        <INSTANCE>
         <FORMAT>pdf</FORMAT>
         <SIZE>0</SIZE>
         <CHECKSUM>0</CHECKSUM>
        </INSTANCE>
       </INSTANCES>
      </INFO>
     </ITEM>
    </FILE>
    <FILE link="Lib/New/SAMS-MB-TYJ2EE21D.zip">
     <LOCATION>
      <URL>Lib/New/SAMS-MB-TYJ2EE21D.zip</URL>
      <SIZE>18.4</SIZE>
      <CHECKSUM>0</CHECKSUM>
      <TYPE>zip</TYPE>
     </LOCATION>
     <ITEM>
      <INFO>
       <CATEGORIES>
        <CATEGORY>Lib/New</CATEGORY>
       </CATEGORIES>
       <DESCRIPTION>SAMS - Martin Bond - Teach Yourself J2EE in 21 Days</DESCRIPTION>
       <PUBLISHERS>
        <PUBLISHER>SAMS</PUBLISHER>
       </PUBLISHERS>
       <AUTHORS>
        <AUTHOR>
         <FULLNAME>Martin Bond</FULLNAME>
         <LASTNAME>Bond</LASTNAME>
         <FIRSTNAME>Martin</FIRSTNAME>
        </AUTHOR>
       </AUTHORS>
       <TITLE>Teach Yourself J2EE in 21 Days</TITLE>
       <INSTANCES>
        <INSTANCE>
         <FORMAT>pdf</FORMAT>
         <SIZE>0</SIZE>
         <CHECKSUM>0</CHECKSUM>
        </INSTANCE>
       </INSTANCES>
      </INFO>
     </ITEM>
    </FILE>
    <FILE link="Lib/New/Sams-MB-ZWACK.chm">
     <LOCATION>
      <URL>Lib/New/Sams-MB-ZWACK.chm</URL>
      <SIZE>8.3</SIZE>
      <CHECKSUM>0</CHECKSUM>
      <TYPE>plain</TYPE>
     </LOCATION>
     <ITEM>
      <INFO>
       <CATEGORIES>
        <CATEGORY>Lib/New</CATEGORY>
       </CATEGORIES>
       <DESCRIPTION>Sams - Martina Brockmann - Zope Web Application Construction Kit</DESCRIPTION>
       <ISBNS>
        <ISBN>0672321335</ISBN>
       </ISBNS>
       <PUBLISHERS>
        <PUBLISHER>Sams</PUBLISHER>
       </PUBLISHERS>
       <AUTHORS>
        <AUTHOR>
         <FULLNAME>Martina Brockmann</FULLNAME>
         <LASTNAME>Brockmann</LASTNAME>
         <FIRSTNAME>Martina</FIRSTNAME>
        </AUTHOR>
       </AUTHORS>
       <TITLE>Zope Web Application Construction Kit</TITLE>
       <INSTANCES>
        <INSTANCE>
         <FORMAT>pdf</FORMAT>
         <SIZE>0</SIZE>
         <CHECKSUM>0</CHECKSUM>
        </INSTANCE>
       </INSTANCES>
      </INFO>
     </ITEM>
    </FILE>
    <FILE link="Lib/New/SAMS-RA-CPPFaPO.chm">
     <LOCATION>
      <URL>Lib/New/SAMS-RA-CPPFaPO.chm</URL>
      <SIZE>0.8</SIZE>
      <CHECKSUM>0</CHECKSUM>
      <TYPE>plain</TYPE>
     </LOCATION>
     <ITEM>
      <INFO>
       <CATEGORIES>
        <CATEGORY>Lib/New</CATEGORY>
       </CATEGORIES>
       <DESCRIPTION>Sams - R. Alexander - C++ Footprint and Perfomance Optimization</DESCRIPTION>
       <PUBLISHERS>
        <PUBLISHER>Sams</PUBLISHER>
       </PUBLISHERS>
       <AUTHORS>
        <AUTHOR>
         <FULLNAME>R. Alexander</FULLNAME>
         <LASTNAME>Alexander</LASTNAME>
         <FIRSTNAME>R.</FIRSTNAME>
        </AUTHOR>
       </AUTHORS>
       <TITLE>C++ Footprint and Perfomance Optimization</TITLE>
       <INSTANCES>
        <INSTANCE>
         <FORMAT>pdf</FORMAT>
         <SIZE>0</SIZE>
         <CHECKSUM>0</CHECKSUM>
        </INSTANCE>
       </INSTANCES>
      </INFO>
     </ITEM>
    </FILE>
    <FILE link="Lib/New/Sybex-JH-PSBaAiJ.zip">
     <LOCATION>
      <URL>Lib/New/Sybex-JH-PSBaAiJ.zip</URL>
      <SIZE>2.7</SIZE>
      <CHECKSUM>0</CHECKSUM>
      <TYPE>zip</TYPE>
     </LOCATION>
     <ITEM>
      <INFO>
       <CATEGORIES>
        <CATEGORY>Lib/New</CATEGORY>
       </CATEGORIES>
       <DESCRIPTION>Sybex - Jeff Heaton - Programming Spiders Bots and Aggreagators in Java</DESCRIPTION>
       <ISBNS>
        <ISBN>0782140408</ISBN>
       </ISBNS>
       <PUBLISHERS>
        <PUBLISHER>Sybex</PUBLISHER>
       </PUBLISHERS>
       <AUTHORS>
        <AUTHOR>
         <FULLNAME>Jeff Heaton</FULLNAME>
         <LASTNAME>Heaton</LASTNAME>
         <FIRSTNAME>Jeff</FIRSTNAME>
        </AUTHOR>
       </AUTHORS>
       <TITLE>Programming Spiders Bots and Aggreagators in Java</TITLE>
       <INSTANCES>
        <INSTANCE>
         <FORMAT>pdf</FORMAT>
         <SIZE>0</SIZE>
         <CHECKSUM>0</CHECKSUM>
        </INSTANCE>
       </INSTANCES>
      </INFO>
     </ITEM>
    </FILE>
    <FILE link="Lib/New/Sybex-TL-CCIPSCI_SG.zip">
     <LOCATION>
      <URL>Lib/New/Sybex-TL-CCIPSCI_SG.zip</URL>
      <SIZE>18.2</SIZE>
      <CHECKSUM>0</CHECKSUM>
      <TYPE>zip</TYPE>
     </LOCATION>
     <ITEM>
      <INFO>
       <CATEGORIES>
        <CATEGORY>Lib/New</CATEGORY>
       </CATEGORIES>
       <DESCRIPTION>Sybex - Todd Lammle - CCIP: BSCI Study Guide</DESCRIPTION>
       <PUBLISHERS>
        <PUBLISHER>Sybex</PUBLISHER>
       </PUBLISHERS>
       <AUTHORS>
        <AUTHOR>
         <FULLNAME>Todd Lammle</FULLNAME>
         <LASTNAME>Lammle</LASTNAME>
         <FIRSTNAME>Todd</FIRSTNAME>
        </AUTHOR>
       </AUTHORS>
       <TITLE>CCIP: BSCI Study Guide</TITLE>
       <INSTANCES>
        <INSTANCE>
         <FORMAT>pdf</FORMAT>
         <SIZE>0</SIZE>
         <CHECKSUM>0</CHECKSUM>
        </INSTANCE>
       </INSTANCES>
      </INFO>
     </ITEM>
    </FILE>
    <FILE link="Lib/New/Syngress--HtCIW2kFS.zip">
     <LOCATION>
      <URL>Lib/New/Syngress--HtCIW2kFS.zip</URL>
      <SIZE>0.7</SIZE>
      <CHECKSUM>0</CHECKSUM>
      <TYPE>zip</TYPE>
     </LOCATION>
     <ITEM>
      <INFO>
       <CATEGORIES>
        <CATEGORY>Lib/New</CATEGORY>
       </CATEGORIES>
       <DESCRIPTION>Syngress - - How to Cheat at Installing W2K File Systems</DESCRIPTION>
       <PUBLISHERS>
        <PUBLISHER>Syngress</PUBLISHER>
       </PUBLISHERS>
       <TITLE>How to Cheat at Installing W2K File Systems</TITLE>
       <INSTANCES>
        <INSTANCE>
         <FORMAT>pdf</FORMAT>
         <SIZE>0</SIZE>
         <CHECKSUM>0</CHECKSUM>
        </INSTANCE>
       </INSTANCES>
      </INFO>
     </ITEM>
    </FILE>
    <FILE link="Lib/New/Syngress-EK-MCNS.zip">
     <LOCATION>
      <URL>Lib/New/Syngress-EK-MCNS.zip</URL>
      <SIZE>5.8</SIZE>
      <CHECKSUM>0</CHECKSUM>
      <TYPE>zip</TYPE>
     </LOCATION>
     <ITEM>
      <INFO>
       <CATEGORIES>
        <CATEGORY>Lib/New</CATEGORY>
       </CATEGORIES>
       <DESCRIPTION>Syngress - Eric Knipp - Managing Cisco Network Security, 2nd Edition</DESCRIPTION>
       <PUBLISHERS>
        <PUBLISHER>Syngress</PUBLISHER>
       </PUBLISHERS>
       <AUTHORS>
        <AUTHOR>
         <FULLNAME>Eric Knipp</FULLNAME>
         <LASTNAME>Knipp</LASTNAME>
         <FIRSTNAME>Eric</FIRSTNAME>
        </AUTHOR>
       </AUTHORS>
       <TITLE>Managing Cisco Network Security</TITLE>
       <EDITION>2</EDITION>
       <INSTANCES>
        <INSTANCE>
         <FORMAT>pdf</FORMAT>
         <SIZE>0</SIZE>
         <CHECKSUM>0</CHECKSUM>
        </INSTANCE>
       </INSTANCES>
      </INFO>
     </ITEM>
    </FILE>
    <FILE link="Lib/New/Syngress-KH-NNSSH.zip">
     <LOCATION>
      <URL>Lib/New/Syngress-KH-NNSSH.zip</URL>
      <SIZE>8.7</SIZE>
      <CHECKSUM>0</CHECKSUM>
      <TYPE>zip</TYPE>
     </LOCATION>
     <ITEM>
      <INFO>
       <CATEGORIES>
        <CATEGORY>Lib/New</CATEGORY>
       </CATEGORIES>
       <DESCRIPTION>Syngress - Kyle Hourihan - Nokia Network Security Solutions Handbook</DESCRIPTION>
       <PUBLISHERS>
        <PUBLISHER>Syngress</PUBLISHER>
       </PUBLISHERS>
       <AUTHORS>
        <AUTHOR>
         <FULLNAME>Kyle Hourihan</FULLNAME>
         <LASTNAME>Hourihan</LASTNAME>
         <FIRSTNAME>Kyle</FIRSTNAME>
        </AUTHOR>
       </AUTHORS>
       <TITLE>Nokia Network Security Solutions Handbook</TITLE>
       <INSTANCES>
        <INSTANCE>
         <FORMAT>pdf</FORMAT>
         <SIZE>0</SIZE>
         <CHECKSUM>0</CHECKSUM>
        </INSTANCE>
       </INSTANCES>
      </INFO>
     </ITEM>
    </FILE>
    <FILE link="Lib/New/Syngress-MC-HtCIADaDNS.zip">
     <LOCATION>
      <URL>Lib/New/Syngress-MC-HtCIADaDNS.zip</URL>
      <SIZE>0.7</SIZE>
      <CHECKSUM>0</CHECKSUM>
      <TYPE>zip</TYPE>
     </LOCATION>
     <ITEM>
      <INFO>
       <CATEGORIES>
        <CATEGORY>Lib/New</CATEGORY>
       </CATEGORIES>
       <DESCRIPTION>Syngress - Melissa Craft - How to Cheat at Installing Active Directory and DNS</DESCRIPTION>
       <ISBNS>
        <ISBN>1932266399</ISBN>
       </ISBNS>
       <PUBLISHERS>
        <PUBLISHER>Syngress</PUBLISHER>
       </PUBLISHERS>
       <AUTHORS>
        <AUTHOR>
         <FULLNAME>Melissa Craft</FULLNAME>
         <LASTNAME>Craft</LASTNAME>
         <FIRSTNAME>Melissa</FIRSTNAME>
        </AUTHOR>
       </AUTHORS>
       <TITLE>How to Cheat at Installing Active Directory and DNS</TITLE>
       <INSTANCES>
        <INSTANCE>
         <FORMAT>pdf</FORMAT>
         <SIZE>0</SIZE>
         <CHECKSUM>0</CHECKSUM>
        </INSTANCE>
       </INSTANCES>
      </INFO>
     </ITEM>
    </FILE>
    <FILE link="Lib/New/Syngress-MC-SPSGaDVDTS.zip">
     <LOCATION>
      <URL>Lib/New/Syngress-MC-SPSGaDVDTS.zip</URL>
      <SIZE>9.6</SIZE>
      <CHECKSUM>0</CHECKSUM>
      <TYPE>zip</TYPE>
     </LOCATION>
     <ITEM>
      <INFO>
       <CATEGORIES>
        <CATEGORY>Lib/New</CATEGORY>
       </CATEGORIES>
       <DESCRIPTION>Syngress - Michael Cross - Security+ Study Guide and DVD Training System</DESCRIPTION>
       <ISBNS>
        <ISBN>1931836728</ISBN>
       </ISBNS>
       <PUBLISHERS>
        <PUBLISHER>Syngress</PUBLISHER>
       </PUBLISHERS>
       <AUTHORS>
        <AUTHOR>
         <FULLNAME>Michael Cross</FULLNAME>
         <LASTNAME>Cross</LASTNAME>
         <FIRSTNAME>Michael</FIRSTNAME>
        </AUTHOR>
       </AUTHORS>
       <TITLE>Security+ Study Guide and DVD Training System</TITLE>
       <INSTANCES>
        <INSTANCE>
         <FORMAT>pdf</FORMAT>
         <SIZE>0</SIZE>
         <CHECKSUM>0</CHECKSUM>
        </INSTANCE>
       </INSTANCES>
      </INFO>
     </ITEM>
    </FILE>
    <FILE link="Lib/New/Syngress-MG-CTWXPP.zip">
     <LOCATION>
      <URL>Lib/New/Syngress-MG-CTWXPP.zip</URL>
      <SIZE>10.9</SIZE>
      <CHECKSUM>0</CHECKSUM>
      <TYPE>zip</TYPE>
     </LOCATION>
     <ITEM>
      <INFO>
       <CATEGORIES>
        <CATEGORY>Lib/New</CATEGORY>
       </CATEGORIES>
       <DESCRIPTION>Syngress - Martin Grasdal - Configuring and Troubleshooting Windows XP Professional</DESCRIPTION>
       <PUBLISHERS>
        <PUBLISHER>Syngress</PUBLISHER>
       </PUBLISHERS>
       <AUTHORS>
        <AUTHOR>
         <FULLNAME>Martin Grasdal</FULLNAME>
         <LASTNAME>Grasdal</LASTNAME>
         <FIRSTNAME>Martin</FIRSTNAME>
        </AUTHOR>
       </AUTHORS>
       <TITLE>Configuring and Troubleshooting Windows XP Professional</TITLE>
       <INSTANCES>
        <INSTANCE>
         <FORMAT>pdf</FORMAT>
         <SIZE>0</SIZE>
         <CHECKSUM>0</CHECKSUM>
        </INSTANCE>
       </INSTANCES>
      </INFO>
     </ITEM>
    </FILE>
    <FILE link="Lib/New/Syngress-RS-SPNOTH.zip">
     <LOCATION>
      <URL>Lib/New/Syngress-RS-SPNOTH.zip</URL>
      <SIZE>6.4</SIZE>
      <CHECKSUM>0</CHECKSUM>
      <TYPE>zip</TYPE>
     </LOCATION>
     <ITEM>
      <INFO>
       <CATEGORIES>
        <CATEGORY>Lib/New</CATEGORY>
       </CATEGORIES>
       <DESCRIPTION>Syngress - Robert Shimonsky - Sniffer Pro Network Optimization and Troubleshouting Handbook</DESCRIPTION>
       <PUBLISHERS>
        <PUBLISHER>Syngress</PUBLISHER>
       </PUBLISHERS>
       <AUTHORS>
        <AUTHOR>
         <FULLNAME>Robert Shimonsky</FULLNAME>
         <LASTNAME>Shimonsky</LASTNAME>
         <FIRSTNAME>Robert</FIRSTNAME>
        </AUTHOR>
       </AUTHORS>
       <TITLE>Sniffer Pro Network Optimization and Troubleshouting Handbook</TITLE>
       <INSTANCES>
        <INSTANCE>
         <FORMAT>pdf</FORMAT>
         <SIZE>0</SIZE>
         <CHECKSUM>0</CHECKSUM>
        </INSTANCE>
       </INSTANCES>
      </INFO>
     </ITEM>
    </FILE>
    <FILE link="Lib/New/Syngress-TB-HPYIiIA.zip">
     <LOCATION>
      <URL>Lib/New/Syngress-TB-HPYIiIA.zip</URL>
      <SIZE>7.2</SIZE>
      <CHECKSUM>0</CHECKSUM>
      <TYPE>zip</TYPE>
     </LOCATION>
     <ITEM>
      <INFO>
       <CATEGORIES>
        <CATEGORY>Lib/New</CATEGORY>
       </CATEGORIES>
       <DESCRIPTION>Syngress - Teri Bidwell - Hack Proofing Your Identity in the Information Age</DESCRIPTION>
       <PUBLISHERS>
        <PUBLISHER>Syngress</PUBLISHER>
       </PUBLISHERS>
       <AUTHORS>
        <AUTHOR>
         <FULLNAME>Teri Bidwell</FULLNAME>
         <LASTNAME>Bidwell</LASTNAME>
         <FIRSTNAME>Teri</FIRSTNAME>
        </AUTHOR>
       </AUTHORS>
       <TITLE>Hack Proofing Your Identity in the Information Age</TITLE>
       <INSTANCES>
        <INSTANCE>
         <FORMAT>pdf</FORMAT>
         <SIZE>0</SIZE>
         <CHECKSUM>0</CHECKSUM>
        </INSTANCE>
       </INSTANCES>
      </INFO>
     </ITEM>
    </FILE>
    <FILE link="Lib/New/Syngress-TS-ISASB.zip">
     <LOCATION>
      <URL>Lib/New/Syngress-TS-ISASB.zip</URL>
      <SIZE>12.7</SIZE>
      <CHECKSUM>0</CHECKSUM>
      <TYPE>zip</TYPE>
     </LOCATION>
     <ITEM>
      <INFO>
       <CATEGORIES>
        <CATEGORY>Lib/New</CATEGORY>
       </CATEGORIES>
       <DESCRIPTION>Syngress - Tom Shinder - ISA Server and Beyond</DESCRIPTION>
       <PUBLISHERS>
        <PUBLISHER>Syngress</PUBLISHER>
       </PUBLISHERS>
       <AUTHORS>
        <AUTHOR>
         <FULLNAME>Tom Shinder</FULLNAME>
         <LASTNAME>Shinder</LASTNAME>
         <FIRSTNAME>Tom</FIRSTNAME>
        </AUTHOR>
       </AUTHORS>
       <TITLE>ISA Server and Beyond</TITLE>
       <INSTANCES>
        <INSTANCE>
         <FORMAT>pdf</FORMAT>
         <SIZE>0</SIZE>
         <CHECKSUM>0</CHECKSUM>
        </INSTANCE>
       </INSTANCES>
      </INFO>
     </ITEM>
    </FILE>
    <FILE link="Lib/New/Syngress-VO-CSSPIXF.zip">
     <LOCATION>
      <URL>Lib/New/Syngress-VO-CSSPIXF.zip</URL>
      <SIZE>9.3</SIZE>
      <CHECKSUM>0</CHECKSUM>
      <TYPE>zip</TYPE>
     </LOCATION>
     <ITEM>
      <INFO>
       <CATEGORIES>
        <CATEGORY>Lib/New</CATEGORY>
       </CATEGORIES>
       <DESCRIPTION>Syngress - Vitaly Osipov - Cisco Security Specialist's Guide to PIX Firewall</DESCRIPTION>
       <PUBLISHERS>
        <PUBLISHER>Syngress</PUBLISHER>
       </PUBLISHERS>
       <AUTHORS>
        <AUTHOR>
         <FULLNAME>Vitaly Osipov</FULLNAME>
         <LASTNAME>Osipov</LASTNAME>
         <FIRSTNAME>Vitaly</FIRSTNAME>
        </AUTHOR>
       </AUTHORS>
       <TITLE>Cisco Security Specialist's Guide to PIX Firewall</TITLE>
       <INSTANCES>
        <INSTANCE>
         <FORMAT>pdf</FORMAT>
         <SIZE>0</SIZE>
         <CHECKSUM>0</CHECKSUM>
        </INSTANCE>
       </INSTANCES>
      </INFO>
     </ITEM>
    </FILE>
    <FILE link="Lib/New/U-MK-CAQA.zip">
     <LOCATION>
      <URL>Lib/New/U-MK-CAQA.zip</URL>
      <SIZE>7.4</SIZE>
      <CHECKSUM>0</CHECKSUM>
      <TYPE>zip</TYPE>
     </LOCATION>
     <ITEM>
      <INFO>
       <CATEGORIES>
        <CATEGORY>Lib/New</CATEGORY>
       </CATEGORIES>
       <DESCRIPTION>Morgan Kaufmann - Computer Architecture: A Quantitative Approach</DESCRIPTION>
       <AUTHORS>
        <AUTHOR>
         <FULLNAME>Morgan Kaufmann</FULLNAME>
         <LASTNAME>Kaufmann</LASTNAME>
         <FIRSTNAME>Morgan</FIRSTNAME>
        </AUTHOR>
       </AUTHORS>
       <TITLE>Computer Architecture: A Quantitative Approach</TITLE>
       <INSTANCES>
        <INSTANCE>
         <FORMAT>pdf</FORMAT>
         <SIZE>0</SIZE>
         <CHECKSUM>0</CHECKSUM>
        </INSTANCE>
       </INSTANCES>
      </INFO>
     </ITEM>
    </FILE>
    <FILE link="Lib/New/Whiley-BF-PPMW.zip">
     <LOCATION>
      <URL>Lib/New/Whiley-BF-PPMW.zip</URL>
      <SIZE>10</SIZE>
      <CHECKSUM>0</CHECKSUM>
      <TYPE>zip</TYPE>
     </LOCATION>
     <ITEM>
      <INFO>
       <CATEGORIES>
        <CATEGORY>Lib/New</CATEGORY>
       </CATEGORIES>
       <DESCRIPTION>Whiley - Билл Флеминг - Фотореализм: Профессиональные приемы работы</DESCRIPTION>
       <PUBLISHERS>
        <PUBLISHER>Whiley</PUBLISHER>
       </PUBLISHERS>
       <AUTHORS>
        <AUTHOR>
         <FULLNAME>Билл Флеминг</FULLNAME>
         <LASTNAME>Флеминг</LASTNAME>
         <FIRSTNAME>Билл</FIRSTNAME>
        </AUTHOR>
       </AUTHORS>
       <TITLE>Фотореализм: Профессиональные приемы работы</TITLE>
       <INSTANCES>
        <INSTANCE>
         <FORMAT>pdf</FORMAT>
         <SIZE>0</SIZE>
         <CHECKSUM>0</CHECKSUM>
        </INSTANCE>
       </INSTANCES>
      </INFO>
     </ITEM>
    </FILE>
    <FILE link="Lib/New/Wiley-AG-AoPDSPiMC.zip">
     <LOCATION>
      <URL>Lib/New/Wiley-AG-AoPDSPiMC.zip</URL>
      <SIZE>4</SIZE>
      <CHECKSUM>0</CHECKSUM>
      <TYPE>zip</TYPE>
     </LOCATION>
     <ITEM>
      <INFO>
       <CATEGORIES>
        <CATEGORY>Lib/New</CATEGORY>
       </CATEGORIES>
       <DESCRIPTION>Wiley - Alan Gatherer - The Application of Programmable DSPs in Mobile Communications</DESCRIPTION>
       <ISBNS>
        <ISBN>0471486434</ISBN>
        <ISBN>0470845902</ISBN>
       </ISBNS>
       <PUBLISHERS>
        <PUBLISHER>Wiley</PUBLISHER>
       </PUBLISHERS>
       <AUTHORS>
        <AUTHOR>
         <FULLNAME>Alan Gatherer</FULLNAME>
         <LASTNAME>Gatherer</LASTNAME>
         <FIRSTNAME>Alan</FIRSTNAME>
        </AUTHOR>
       </AUTHORS>
       <TITLE>The Application of Programmable DSPs in Mobile Communications</TITLE>
       <INSTANCES>
        <INSTANCE>
         <FORMAT>pdf</FORMAT>
         <SIZE>0</SIZE>
         <CHECKSUM>0</CHECKSUM>
        </INSTANCE>
       </INSTANCES>
      </INFO>
     </ITEM>
    </FILE>
    <FILE link="Lib/New/Wiley-FM-EJBDP.zip">
     <LOCATION>
      <URL>Lib/New/Wiley-FM-EJBDP.zip</URL>
      <SIZE>0.7</SIZE>
      <CHECKSUM>0</CHECKSUM>
      <TYPE>zip</TYPE>
     </LOCATION>
     <ITEM>
      <INFO>
       <CATEGORIES>
        <CATEGORY>Lib/New</CATEGORY>
       </CATEGORIES>
       <DESCRIPTION>Wiley - Floyd Marinescu - EJB Design Patterns: Advanced Patterns, Processes, and Idioms</DESCRIPTION>
       <PUBLISHERS>
        <PUBLISHER>Wiley</PUBLISHER>
       </PUBLISHERS>
       <AUTHORS>
        <AUTHOR>
         <FULLNAME>Floyd Marinescu</FULLNAME>
         <LASTNAME>Marinescu</LASTNAME>
         <FIRSTNAME>Floyd</FIRSTNAME>
        </AUTHOR>
       </AUTHORS>
       <TITLE>EJB Design Patterns: Advanced Patterns, Processes, and Idioms</TITLE>
       <INSTANCES>
        <INSTANCE>
         <FORMAT>pdf</FORMAT>
         <SIZE>0</SIZE>
         <CHECKSUM>0</CHECKSUM>
        </INSTANCE>
       </INSTANCES>
      </INFO>
     </ITEM>
    </FILE>
    <FILE link="Lib/New/Wiley-GG-50FPS7T.zip">
     <LOCATION>
      <URL>Lib/New/Wiley-GG-50FPS7T.zip</URL>
      <SIZE>26.5</SIZE>
      <CHECKSUM>0</CHECKSUM>
      <TYPE>zip</TYPE>
     </LOCATION>
     <ITEM>
      <INFO>
       <CATEGORIES>
        <CATEGORY>Lib/New</CATEGORY>
       </CATEGORIES>
       <DESCRIPTION>Wiley - George Georges - 50 Fast Photoshop 7 Techniques</DESCRIPTION>
       <PUBLISHERS>
        <PUBLISHER>Wiley</PUBLISHER>
       </PUBLISHERS>
       <AUTHORS>
        <AUTHOR>
         <FULLNAME>George Georges</FULLNAME>
         <LASTNAME>Georges</LASTNAME>
         <FIRSTNAME>George</FIRSTNAME>
        </AUTHOR>
       </AUTHORS>
       <TITLE>50 Fast Photoshop 7 Techniques</TITLE>
       <INSTANCES>
        <INSTANCE>
         <FORMAT>pdf</FORMAT>
         <SIZE>0</SIZE>
         <CHECKSUM>0</CHECKSUM>
        </INSTANCE>
       </INSTANCES>
      </INFO>
     </ITEM>
    </FILE>
    <FILE link="Lib/New/Wiley-JG-MJS.zip">
     <LOCATION>
      <URL>Lib/New/Wiley-JG-MJS.zip</URL>
      <SIZE>1</SIZE>
      <CHECKSUM>0</CHECKSUM>
      <TYPE>zip</TYPE>
     </LOCATION>
     <ITEM>
      <INFO>
       <CATEGORIES>
        <CATEGORY>Lib/New</CATEGORY>
       </CATEGORIES>
       <DESCRIPTION>Wiley - James Goodwill - Mastering Jakarta Struts</DESCRIPTION>
       <PUBLISHERS>
        <PUBLISHER>Wiley</PUBLISHER>
       </PUBLISHERS>
       <AUTHORS>
        <AUTHOR>
         <FULLNAME>James Goodwill</FULLNAME>
         <LASTNAME>Goodwill</LASTNAME>
         <FIRSTNAME>James</FIRSTNAME>
        </AUTHOR>
       </AUTHORS>
       <TITLE>Mastering Jakarta Struts</TITLE>
       <INSTANCES>
        <INSTANCE>
         <FORMAT>pdf</FORMAT>
         <SIZE>0</SIZE>
         <CHECKSUM>0</CHECKSUM>
        </INSTANCE>
       </INSTANCES>
      </INFO>
     </ITEM>
    </FILE>
    <FILE link="Lib/New/Wiley-JL-FMXB.zip">
     <LOCATION>
      <URL>Lib/New/Wiley-JL-FMXB.zip</URL>
      <SIZE>19.6</SIZE>
      <CHECKSUM>0</CHECKSUM>
      <TYPE>zip</TYPE>
     </LOCATION>
     <ITEM>
      <INFO>
       <CATEGORIES>
        <CATEGORY>Lib/New</CATEGORY>
       </CATEGORIES>
       <DESCRIPTION>Wiley - Joseph Lowery - Fireworks MX Bible</DESCRIPTION>
       <PUBLISHERS>
        <PUBLISHER>Wiley</PUBLISHER>
       </PUBLISHERS>
       <AUTHORS>
        <AUTHOR>
         <FULLNAME>Joseph Lowery</FULLNAME>
         <LASTNAME>Lowery</LASTNAME>
         <FIRSTNAME>Joseph</FIRSTNAME>
        </AUTHOR>
       </AUTHORS>
       <TITLE>Fireworks MX Bible</TITLE>
       <INSTANCES>
        <INSTANCE>
         <FORMAT>pdf</FORMAT>
         <SIZE>0</SIZE>
         <CHECKSUM>0</CHECKSUM>
        </INSTANCE>
       </INSTANCES>
      </INFO>
     </ITEM>
    </FILE>
    <FILE link="Lib/New/Wiley-SS-MySQLB.zip">
     <LOCATION>
      <URL>Lib/New/Wiley-SS-MySQLB.zip</URL>
      <SIZE>5.9</SIZE>
      <CHECKSUM>0</CHECKSUM>
      <TYPE>zip</TYPE>
     </LOCATION>
     <ITEM>
      <INFO>
       <CATEGORIES>
        <CATEGORY>Lib/New</CATEGORY>
       </CATEGORIES>
       <DESCRIPTION>Wiley - Steve Suehring - MySQL Bible</DESCRIPTION>
       <PUBLISHERS>
        <PUBLISHER>Wiley</PUBLISHER>
       </PUBLISHERS>
       <AUTHORS>
        <AUTHOR>
         <FULLNAME>Steve Suehring</FULLNAME>
         <LASTNAME>Suehring</LASTNAME>
         <FIRSTNAME>Steve</FIRSTNAME>
        </AUTHOR>
       </AUTHORS>
       <TITLE>MySQL Bible</TITLE>
       <INSTANCES>
        <INSTANCE>
         <FORMAT>pdf</FORMAT>
         <SIZE>0</SIZE>
         <CHECKSUM>0</CHECKSUM>
        </INSTANCE>
       </INSTANCES>
      </INFO>
     </ITEM>
    </FILE>
    <FILE link="Lib/New/WROX-BJ-PADONETP.zip">
     <LOCATION>
      <URL>Lib/New/WROX-BJ-PADONETP.zip</URL>
      <SIZE>7.4</SIZE>
      <CHECKSUM>0</CHECKSUM>
      <TYPE>zip</TYPE>
     </LOCATION>
     <ITEM>
      <INFO>
       <CATEGORIES>
        <CATEGORY>Lib/New</CATEGORY>
       </CATEGORIES>
       <DESCRIPTION>WROX - Bipin Joshi - Professional ADO.NET Programming</DESCRIPTION>
       <PUBLISHERS>
        <PUBLISHER>WROX</PUBLISHER>
       </PUBLISHERS>
       <AUTHORS>
        <AUTHOR>
         <FULLNAME>Bipin Joshi</FULLNAME>
         <LASTNAME>Joshi</LASTNAME>
         <FIRSTNAME>Bipin</FIRSTNAME>
        </AUTHOR>
       </AUTHORS>
       <TITLE>Professional ADO.NET Programming</TITLE>
       <INSTANCES>
        <INSTANCE>
         <FORMAT>pdf</FORMAT>
         <SIZE>0</SIZE>
         <CHECKSUM>0</CHECKSUM>
        </INSTANCE>
       </INSTANCES>
      </INFO>
     </ITEM>
    </FILE>
    <FILE link="Lib/New/WROX-WC-BPHP4.zip">
     <LOCATION>
      <URL>Lib/New/WROX-WC-BPHP4.zip</URL>
      <SIZE>8.8</SIZE>
      <CHECKSUM>0</CHECKSUM>
      <TYPE>zip</TYPE>
     </LOCATION>
     <ITEM>
      <INFO>
       <CATEGORIES>
        <CATEGORY>Lib/New</CATEGORY>
       </CATEGORIES>
       <DESCRIPTION>WROX - Wankyu Choi - Begining PHP4</DESCRIPTION>
       <PUBLISHERS>
        <PUBLISHER>WROX</PUBLISHER>
       </PUBLISHERS>
       <AUTHORS>
        <AUTHOR>
         <FULLNAME>Wankyu Choi</FULLNAME>
         <LASTNAME>Choi</LASTNAME>
         <FIRSTNAME>Wankyu</FIRSTNAME>
        </AUTHOR>
       </AUTHORS>
       <TITLE>Begining PHP4</TITLE>
       <INSTANCES>
        <INSTANCE>
         <FORMAT>pdf</FORMAT>
         <SIZE>0</SIZE>
         <CHECKSUM>0</CHECKSUM>
        </INSTANCE>
       </INSTANCES>
      </INFO>
     </ITEM>
    </FILE>
   </FILELIST>
  </DIR>
  <DIR link="Lib/Science">
   <LOCATION>
    <URL>Lib/Science</URL>
    <SIZE>9282.5</SIZE>
   </LOCATION>
   <FILELIST category="Lib/Science">
    <INFO>
     <DESCRIPTION>Science</DESCRIPTION>
     <TITLE>Science</TITLE>
     <DEFAULTFORMAT>pdf</DEFAULTFORMAT>
    </INFO>
    <DIR link="Lib/Science/Chemestry">
     <LOCATION>
      <URL>Lib/Science/Chemestry</URL>
      <SIZE>318.3</SIZE>
     </LOCATION>
     <FILELIST category="Lib/Science/Chemestry">
      <INFO>
       <DESCRIPTION>Chemestry</DESCRIPTION>
       <TITLE>Chemestry</TITLE>
       <DEFAULTFORMAT>pdf</DEFAULTFORMAT>
      </INFO>
      <FILE link="Lib/Science/Chemestry/Carey.zip">
       <LOCATION>
        <URL>Lib/Science/Chemestry/Carey.zip</URL>
        <SIZE>29</SIZE>
        <CHECKSUM>0</CHECKSUM>
        <TYPE>zip</TYPE>
       </LOCATION>
       <ITEM>
        <INFO>
         <CATEGORIES>
          <CATEGORY>Lib/Science/Chemestry</CATEGORY>
         </CATEGORIES>
         <DESCRIPTION>Organic Chemistry (Carey)</DESCRIPTION>
         <AUTHORS>
          <AUTHOR>
           <FULLNAME>Carey</FULLNAME>
           <LASTNAME>Carey</LASTNAME>
           <FIRSTNAME></FIRSTNAME>
          </AUTHOR>
         </AUTHORS>
         <TITLE>Organic Chemistry</TITLE>
         <INSTANCES>
          <INSTANCE>
           <FORMAT>pdf</FORMAT>
           <SIZE>0</SIZE>
           <CHECKSUM>0</CHECKSUM>
          </INSTANCE>
         </INSTANCES>
        </INFO>
       </ITEM>
      </FILE>
      <FILE link="Lib/Science/Chemestry/ChemistryLife.7z">
       <LOCATION>
        <URL>Lib/Science/Chemestry/ChemistryLife.7z</URL>
        <SIZE>54.3</SIZE>
        <CHECKSUM>0</CHECKSUM>
        <TYPE>7zip</TYPE>
       </LOCATION>
       <ITEM>
        <INFO>
         <CATEGORIES>
          <CATEGORY>Lib/Science/Chemestry</CATEGORY>
         </CATEGORIES>
         <DESCRIPTION>Химия и Жизнь (Журнал 2001-2002 годы)</DESCRIPTION>
         <AUTHORS>
          <AUTHOR>
           <FULLNAME>Журнал 2001-2002 годы</FULLNAME>
           <LASTNAME>годы</LASTNAME>
           <FIRSTNAME>Журнал</FIRSTNAME>
          </AUTHOR>
         </AUTHORS>
         <TITLE>Химия и Жизнь</TITLE>
         <INSTANCES>
          <INSTANCE>
           <FORMAT>pdf</FORMAT>
           <SIZE>0</SIZE>
           <CHECKSUM>0</CHECKSUM>
          </INSTANCE>
         </INSTANCES>
        </INFO>
       </ITEM>
      </FILE>
      <FILE link="Lib/Science/Chemestry/Perry.zip">
       <LOCATION>
        <URL>Lib/Science/Chemestry/Perry.zip</URL>
        <SIZE>235</SIZE>
        <CHECKSUM>0</CHECKSUM>
        <TYPE>zip</TYPE>
       </LOCATION>
       <ITEM>
        <INFO>
         <CATEGORIES>
          <CATEGORY>Lib/Science/Chemestry</CATEGORY>
         </CATEGORIES>
         <DESCRIPTION>Perri'S Chemical Engineers Handbook</DESCRIPTION>
         <TITLE>Perri'S Chemical Engineers Handbook</TITLE>
         <INSTANCES>
          <INSTANCE>
           <FORMAT>pdf</FORMAT>
           <SIZE>0</SIZE>
           <CHECKSUM>0</CHECKSUM>
          </INSTANCE>
         </INSTANCES>
        </INFO>
       </ITEM>
      </FILE>
     </FILELIST>
    </DIR>
    <DIR link="Lib/Science/Economics">
     <LOCATION>
      <URL>Lib/Science/Economics</URL>
      <SIZE>29.7</SIZE>
     </LOCATION>
     <FILELIST category="Lib/Science/Economics">
      <INFO>
       <DESCRIPTION>Economics</DESCRIPTION>
       <TITLE>Economics</TITLE>
       <DEFAULTFORMAT>pdf</DEFAULTFORMAT>
      </INFO>
      <FILE link="Lib/Science/Economics/Kantorovich.zip">
       <LOCATION>
        <URL>Lib/Science/Economics/Kantorovich.zip</URL>
        <SIZE>21.8</SIZE>
        <CHECKSUM>0</CHECKSUM>
        <TYPE>zip</TYPE>
       </LOCATION>
       <ITEM>
        <INFO>
         <CATEGORIES>
          <CATEGORY>Lib/Science/Economics</CATEGORY>
         </CATEGORIES>
         <DESCRIPTION>Оптимальные Решения в Экономике (Канторович,Горстко)</DESCRIPTION>
         <AUTHORS>
          <AUTHOR>
           <FULLNAME>Канторович</FULLNAME>
           <LASTNAME>Канторович</LASTNAME>
           <FIRSTNAME></FIRSTNAME>
          </AUTHOR>
          <AUTHOR>
           <FULLNAME>Горстко</FULLNAME>
           <LASTNAME>Горстко</LASTNAME>
           <FIRSTNAME></FIRSTNAME>
          </AUTHOR>
         </AUTHORS>
         <TITLE>Оптимальные Решения в Экономике</TITLE>
         <INSTANCES>
          <INSTANCE>
           <FORMAT>pdf</FORMAT>
           <SIZE>0</SIZE>
           <CHECKSUM>0</CHECKSUM>
          </INSTANCE>
         </INSTANCES>
        </INFO>
       </ITEM>
      </FILE>
      <FILE link="Lib/Science/Economics/Kantorovich2.zip">
       <LOCATION>
        <URL>Lib/Science/Economics/Kantorovich2.zip</URL>
        <SIZE>7.8</SIZE>
        <CHECKSUM>0</CHECKSUM>
        <TYPE>zip</TYPE>
       </LOCATION>
       <ITEM>
        <INFO>
         <CATEGORIES>
          <CATEGORY>Lib/Science/Economics</CATEGORY>
         </CATEGORIES>
         <DESCRIPTION>Математическое Оптимальное Программирование в Экономике (Канторович,Горстко)</DESCRIPTION>
         <AUTHORS>
          <AUTHOR>
           <FULLNAME>Канторович</FULLNAME>
           <LASTNAME>Канторович</LASTNAME>
           <FIRSTNAME></FIRSTNAME>
          </AUTHOR>
          <AUTHOR>
           <FULLNAME>Горстко</FULLNAME>
           <LASTNAME>Горстко</LASTNAME>
           <FIRSTNAME></FIRSTNAME>
          </AUTHOR>
         </AUTHORS>
         <TITLE>Математическое Оптимальное Программирование в Экономике</TITLE>
         <INSTANCES>
          <INSTANCE>
           <FORMAT>pdf</FORMAT>
           <SIZE>0</SIZE>
           <CHECKSUM>0</CHECKSUM>
          </INSTANCE>
         </INSTANCES>
        </INFO>
       </ITEM>
      </FILE>
     </FILELIST>
    </DIR>
    <DIR link="Lib/Science/Math">
     <LOCATION>
      <URL>Lib/Science/Math</URL>
      <SIZE>4335.7</SIZE>
     </LOCATION>
     <FILELIST category="Lib/Science/Math">
      <INFO>
       <DESCRIPTION>Math</DESCRIPTION>
       <TITLE>Math</TITLE>
       <DEFAULTFORMAT>pdf</DEFAULTFORMAT>
      </INFO>
      <FILE link="Lib/Science/Math/Kolmog.zip">
       <LOCATION>
        <URL>Lib/Science/Math/Kolmog.zip</URL>
        <SIZE>22.6</SIZE>
        <CHECKSUM>0</CHECKSUM>
        <TYPE>zip</TYPE>
       </LOCATION>
       <ITEM>
        <INFO>
         <CATEGORIES>
          <CATEGORY>Lib/Science/Math</CATEGORY>
         </CATEGORIES>
         <DESCRIPTION>Математика и Механика (Колмогоров)</DESCRIPTION>
         <AUTHORS>
          <AUTHOR>
           <FULLNAME>Колмогоров</FULLNAME>
           <LASTNAME>Колмогоров</LASTNAME>
           <FIRSTNAME></FIRSTNAME>
          </AUTHOR>
         </AUTHORS>
         <TITLE>Математика и Механика</TITLE>
         <INSTANCES>
          <INSTANCE>
           <FORMAT>pdf</FORMAT>
           <SIZE>0</SIZE>
           <CHECKSUM>0</CHECKSUM>
          </INSTANCE>
         </INSTANCES>
        </INFO>
       </ITEM>
      </FILE>
      <DIR link="Lib/Science/Math/Algebra">
       <LOCATION>
        <URL>Lib/Science/Math/Algebra</URL>
        <SIZE>689.2</SIZE>
       </LOCATION>
       <FILELIST category="Lib/Science/Math/Algebra">
        <INFO>
         <DESCRIPTION>Algebra</DESCRIPTION>
         <TITLE>Algebra</TITLE>
         <DEFAULTFORMAT>pdf</DEFAULTFORMAT>
        </INFO>
        <FILE link="Lib/Science/Math/Algebra/Barut1.zip">
         <LOCATION>
          <URL>Lib/Science/Math/Algebra/Barut1.zip</URL>
          <SIZE>17.5</SIZE>
          <CHECKSUM>0</CHECKSUM>
          <TYPE>zip</TYPE>
         </LOCATION>
         <ITEM>
          <INFO>
           <CATEGORIES>
            <CATEGORY>Lib/Science/Math/Algebra</CATEGORY>
           </CATEGORIES>
           <DESCRIPTION>Теория Представлений Групп и ее Приложения т.1 (Барут, Рончка)</DESCRIPTION>
           <AUTHORS>
            <AUTHOR>
             <FULLNAME>Барут</FULLNAME>
             <LASTNAME>Барут</LASTNAME>
             <FIRSTNAME></FIRSTNAME>
            </AUTHOR>
            <AUTHOR>
             <FULLNAME>Рончка</FULLNAME>
             <LASTNAME>Рончка</LASTNAME>
             <FIRSTNAME></FIRSTNAME>
            </AUTHOR>
           </AUTHORS>
           <TITLE>Теория Представлений Групп и ее Приложения</TITLE>
           <INSTANCES>
            <INSTANCE>
             <FORMAT>pdf</FORMAT>
             <SIZE>0</SIZE>
             <CHECKSUM>0</CHECKSUM>
            </INSTANCE>
           </INSTANCES>
          </INFO>
         </ITEM>
        </FILE>
        <FILE link="Lib/Science/Math/Algebra/Barut2.zip">
         <LOCATION>
          <URL>Lib/Science/Math/Algebra/Barut2.zip</URL>
          <SIZE>15.3</SIZE>
          <CHECKSUM>0</CHECKSUM>
          <TYPE>zip</TYPE>
         </LOCATION>
         <ITEM>
          <INFO>
           <CATEGORIES>
            <CATEGORY>Lib/Science/Math/Algebra</CATEGORY>
           </CATEGORIES>
           <DESCRIPTION>Теория Представлений Групп и ее Приложения т.2 (Барут, Рончка)</DESCRIPTION>
           <AUTHORS>
            <AUTHOR>
             <FULLNAME>Барут</FULLNAME>
             <LASTNAME>Барут</LASTNAME>
             <FIRSTNAME></FIRSTNAME>
            </AUTHOR>
            <AUTHOR>
             <FULLNAME>Рончка</FULLNAME>
             <LASTNAME>Рончка</LASTNAME>
             <FIRSTNAME></FIRSTNAME>
            </AUTHOR>
           </AUTHORS>
           <TITLE>Теория Представлений Групп и ее Приложения</TITLE>
           <INSTANCES>
            <INSTANCE>
             <FORMAT>pdf</FORMAT>
             <SIZE>0</SIZE>
             <CHECKSUM>0</CHECKSUM>
            </INSTANCE>
           </INSTANCES>
          </INFO>
         </ITEM>
        </FILE>
        <FILE link="Lib/Science/Math/Algebra/Berezin.zip">
         <LOCATION>
          <URL>Lib/Science/Math/Algebra/Berezin.zip</URL>
          <SIZE>9.3</SIZE>
          <CHECKSUM>0</CHECKSUM>
          <TYPE>zip</TYPE>
         </LOCATION>
         <ITEM>
          <INFO>
           <CATEGORIES>
            <CATEGORY>Lib/Science/Math/Algebra</CATEGORY>
           </CATEGORIES>
           <DESCRIPTION>Введение в Алгебру и Анализ С Антикоммутирующими Переменными (Березин)</DESCRIPTION>
           <AUTHORS>
            <AUTHOR>
             <FULLNAME>Березин</FULLNAME>
             <LASTNAME>Березин</LASTNAME>
             <FIRSTNAME></FIRSTNAME>
            </AUTHOR>
           </AUTHORS>
           <TITLE>Введение в Алгебру и Анализ С Антикоммутирующими Переменными</TITLE>
           <INSTANCES>
            <INSTANCE>
             <FORMAT>pdf</FORMAT>
             <SIZE>0</SIZE>
             <CHECKSUM>0</CHECKSUM>
            </INSTANCE>
           </INSTANCES>
          </INFO>
         </ITEM>
        </FILE>
        <FILE link="Lib/Science/Math/Algebra/Demidov.zip">
         <LOCATION>
          <URL>Lib/Science/Math/Algebra/Demidov.zip</URL>
          <SIZE>5.2</SIZE>
          <CHECKSUM>0</CHECKSUM>
          <TYPE>zip</TYPE>
         </LOCATION>
         <ITEM>
          <INFO>
           <CATEGORIES>
            <CATEGORY>Lib/Science/Math/Algebra</CATEGORY>
           </CATEGORIES>
           <DESCRIPTION>Квантовые Группы (Демидов)</DESCRIPTION>
           <AUTHORS>
            <AUTHOR>
             <FULLNAME>Демидов</FULLNAME>
             <LASTNAME>Демидов</LASTNAME>
             <FIRSTNAME></FIRSTNAME>
            </AUTHOR>
           </AUTHORS>
           <TITLE>Квантовые Группы</TITLE>
           <INSTANCES>
            <INSTANCE>
             <FORMAT>pdf</FORMAT>
             <SIZE>0</SIZE>
             <CHECKSUM>0</CHECKSUM>
            </INSTANCE>
           </INSTANCES>
          </INFO>
         </ITEM>
        </FILE>
        <FILE link="Lib/Science/Math/Algebra/Dold_Al_Topology.zip">
         <LOCATION>
          <URL>Lib/Science/Math/Algebra/Dold_Al_Topology.zip</URL>
          <SIZE>19.3</SIZE>
          <CHECKSUM>0</CHECKSUM>
          <TYPE>zip</TYPE>
         </LOCATION>
         <ITEM>
          <INFO>
           <CATEGORIES>
            <CATEGORY>Lib/Science/Math/Algebra</CATEGORY>
           </CATEGORIES>
           <DESCRIPTION>Лекции по Алгебраической Топологии (Дольд)</DESCRIPTION>
           <AUTHORS>
            <AUTHOR>
             <FULLNAME>Дольд</FULLNAME>
             <LASTNAME>Дольд</LASTNAME>
             <FIRSTNAME></FIRSTNAME>
            </AUTHOR>
           </AUTHORS>
           <TITLE>Лекции по Алгебраической Топологии</TITLE>
           <INSTANCES>
            <INSTANCE>
             <FORMAT>pdf</FORMAT>
             <SIZE>0</SIZE>
             <CHECKSUM>0</CHECKSUM>
            </INSTANCE>
           </INSTANCES>
          </INFO>
         </ITEM>
        </FILE>
        <FILE link="Lib/Science/Math/Algebra/Efimov.zip">
         <LOCATION>
          <URL>Lib/Science/Math/Algebra/Efimov.zip</URL>
          <SIZE>30.9</SIZE>
          <CHECKSUM>0</CHECKSUM>
          <TYPE>zip</TYPE>
         </LOCATION>
         <ITEM>
          <INFO>
           <CATEGORIES>
            <CATEGORY>Lib/Science/Math/Algebra</CATEGORY>
           </CATEGORIES>
           <DESCRIPTION>Линейная Алгебра и Многомерная Геометрия (Ефимов)</DESCRIPTION>
           <AUTHORS>
            <AUTHOR>
             <FULLNAME>Ефимов</FULLNAME>
             <LASTNAME>Ефимов</LASTNAME>
             <FIRSTNAME></FIRSTNAME>
            </AUTHOR>
           </AUTHORS>
           <TITLE>Линейная Алгебра и Многомерная Геометрия</TITLE>
           <INSTANCES>
            <INSTANCE>
             <FORMAT>pdf</FORMAT>
             <SIZE>0</SIZE>
             <CHECKSUM>0</CHECKSUM>
            </INSTANCE>
           </INSTANCES>
          </INFO>
         </ITEM>
        </FILE>
        <FILE link="Lib/Science/Math/Algebra/Emch.zip">
         <LOCATION>
          <URL>Lib/Science/Math/Algebra/Emch.zip</URL>
          <SIZE>35.2</SIZE>
          <CHECKSUM>0</CHECKSUM>
          <TYPE>zip</TYPE>
         </LOCATION>
         <ITEM>
          <INFO>
           <CATEGORIES>
            <CATEGORY>Lib/Science/Math/Algebra</CATEGORY>
           </CATEGORIES>
           <DESCRIPTION>Алгебраические Методы (Эмх)</DESCRIPTION>
           <AUTHORS>
            <AUTHOR>
             <FULLNAME>Эмх</FULLNAME>
             <LASTNAME>Эмх</LASTNAME>
             <FIRSTNAME></FIRSTNAME>
            </AUTHOR>
           </AUTHORS>
           <TITLE>Алгебраические Методы</TITLE>
           <INSTANCES>
            <INSTANCE>
             <FORMAT>pdf</FORMAT>
             <SIZE>0</SIZE>
             <CHECKSUM>0</CHECKSUM>
            </INSTANCE>
           </INSTANCES>
          </INFO>
         </ITEM>
        </FILE>
        <FILE link="Lib/Science/Math/Algebra/Fadeev.zip">
         <LOCATION>
          <URL>Lib/Science/Math/Algebra/Fadeev.zip</URL>
          <SIZE>20</SIZE>
          <CHECKSUM>0</CHECKSUM>
          <TYPE>zip</TYPE>
         </LOCATION>
         <ITEM>
          <INFO>
           <CATEGORIES>
            <CATEGORY>Lib/Science/Math/Algebra</CATEGORY>
           </CATEGORIES>
           <DESCRIPTION>Лекции по Алгебре (Фаддеев)</DESCRIPTION>
           <AUTHORS>
            <AUTHOR>
             <FULLNAME>Фаддеев</FULLNAME>
             <LASTNAME>Фаддеев</LASTNAME>
             <FIRSTNAME></FIRSTNAME>
            </AUTHOR>
           </AUTHORS>
           <TITLE>Лекции по Алгебре</TITLE>
           <INSTANCES>
            <INSTANCE>
             <FORMAT>pdf</FORMAT>
             <SIZE>0</SIZE>
             <CHECKSUM>0</CHECKSUM>
            </INSTANCE>
           </INSTANCES>
          </INFO>
         </ITEM>
        </FILE>
        <FILE link="Lib/Science/Math/Algebra/field_theory3.zip">
         <LOCATION>
          <URL>Lib/Science/Math/Algebra/field_theory3.zip</URL>
          <SIZE>9.8</SIZE>
          <CHECKSUM>0</CHECKSUM>
          <TYPE>zip</TYPE>
         </LOCATION>
         <ITEM>
          <INFO>
           <CATEGORIES>
            <CATEGORY>Lib/Science/Math/Algebra</CATEGORY>
           </CATEGORIES>
           <DESCRIPTION>Алгебраическая Квантовая Теория (Сарданашвили)</DESCRIPTION>
           <AUTHORS>
            <AUTHOR>
             <FULLNAME>Сарданашвили</FULLNAME>
             <LASTNAME>Сарданашвили</LASTNAME>
             <FIRSTNAME></FIRSTNAME>
            </AUTHOR>
           </AUTHORS>
           <TITLE>Алгебраическая Квантовая Теория</TITLE>
           <INSTANCES>
            <INSTANCE>
             <FORMAT>pdf</FORMAT>
             <SIZE>0</SIZE>
             <CHECKSUM>0</CHECKSUM>
            </INSTANCE>
           </INSTANCES>
          </INFO>
         </ITEM>
        </FILE>
        <FILE link="Lib/Science/Math/Algebra/Gantmaher.zip">
         <LOCATION>
          <URL>Lib/Science/Math/Algebra/Gantmaher.zip</URL>
          <SIZE>26.3</SIZE>
          <CHECKSUM>0</CHECKSUM>
          <TYPE>zip</TYPE>
         </LOCATION>
         <ITEM>
          <INFO>
           <CATEGORIES>
            <CATEGORY>Lib/Science/Math/Algebra</CATEGORY>
           </CATEGORIES>
           <DESCRIPTION>Теория Матриц (Гантмахер)</DESCRIPTION>
           <AUTHORS>
            <AUTHOR>
             <FULLNAME>Гантмахер</FULLNAME>
             <LASTNAME>Гантмахер</LASTNAME>
             <FIRSTNAME></FIRSTNAME>
            </AUTHOR>
           </AUTHORS>
           <TITLE>Теория Матриц</TITLE>
           <INSTANCES>
            <INSTANCE>
             <FORMAT>pdf</FORMAT>
             <SIZE>0</SIZE>
             <CHECKSUM>0</CHECKSUM>
            </INSTANCE>
           </INSTANCES>
          </INFO>
         </ITEM>
        </FILE>
        <FILE link="Lib/Science/Math/Algebra/gelfand.zip">
         <LOCATION>
          <URL>Lib/Science/Math/Algebra/gelfand.zip</URL>
          <SIZE>47.4</SIZE>
          <CHECKSUM>0</CHECKSUM>
          <TYPE>zip</TYPE>
         </LOCATION>
         <ITEM>
          <INFO>
           <CATEGORIES>
            <CATEGORY>Lib/Science/Math/Algebra</CATEGORY>
           </CATEGORIES>
           <DESCRIPTION>Лекции по Линейной Алгебре (Гельфанд)</DESCRIPTION>
           <AUTHORS>
            <AUTHOR>
             <FULLNAME>Гельфанд</FULLNAME>
             <LASTNAME>Гельфанд</LASTNAME>
             <FIRSTNAME></FIRSTNAME>
            </AUTHOR>
           </AUTHORS>
           <TITLE>Лекции по Линейной Алгебре</TITLE>
           <INSTANCES>
            <INSTANCE>
             <FORMAT>pdf</FORMAT>
             <SIZE>0</SIZE>
             <CHECKSUM>0</CHECKSUM>
            </INSTANCE>
           </INSTANCES>
          </INFO>
         </ITEM>
        </FILE>
        <FILE link="Lib/Science/Math/Algebra/Golod.zip">
         <LOCATION>
          <URL>Lib/Science/Math/Algebra/Golod.zip</URL>
          <SIZE>15.8</SIZE>
          <CHECKSUM>0</CHECKSUM>
          <TYPE>zip</TYPE>
         </LOCATION>
         <ITEM>
          <INFO>
           <CATEGORIES>
            <CATEGORY>Lib/Science/Math/Algebra</CATEGORY>
           </CATEGORIES>
           <DESCRIPTION>Математичесие Основы Теории Симметрии (Голод, Климык)</DESCRIPTION>
           <AUTHORS>
            <AUTHOR>
             <FULLNAME>Голод</FULLNAME>
             <LASTNAME>Голод</LASTNAME>
             <FIRSTNAME></FIRSTNAME>
            </AUTHOR>
            <AUTHOR>
             <FULLNAME>Климык</FULLNAME>
             <LASTNAME>Климык</LASTNAME>
             <FIRSTNAME></FIRSTNAME>
            </AUTHOR>
           </AUTHORS>
           <TITLE>Математичесие Основы Теории Симметрии</TITLE>
           <INSTANCES>
            <INSTANCE>
             <FORMAT>pdf</FORMAT>
             <SIZE>0</SIZE>
             <CHECKSUM>0</CHECKSUM>
            </INSTANCE>
           </INSTANCES>
          </INFO>
         </ITEM>
        </FILE>
        <FILE link="Lib/Science/Math/Algebra/Khorunji.zip">
         <LOCATION>
          <URL>Lib/Science/Math/Algebra/Khorunji.zip</URL>
          <SIZE>28.4</SIZE>
          <CHECKSUM>0</CHECKSUM>
          <TYPE>zip</TYPE>
         </LOCATION>
         <ITEM>
          <INFO>
           <CATEGORIES>
            <CATEGORY>Lib/Science/Math/Algebra</CATEGORY>
           </CATEGORIES>
           <DESCRIPTION>Введение в Алгербраическую Квантувую Теорию Поля (Хоружий)</DESCRIPTION>
           <AUTHORS>
            <AUTHOR>
             <FULLNAME>Хоружий</FULLNAME>
             <LASTNAME>Хоружий</LASTNAME>
             <FIRSTNAME></FIRSTNAME>
            </AUTHOR>
           </AUTHORS>
           <TITLE>Введение в Алгербраическую Квантувую Теорию Поля</TITLE>
           <INSTANCES>
            <INSTANCE>
             <FORMAT>pdf</FORMAT>
             <SIZE>0</SIZE>
             <CHECKSUM>0</CHECKSUM>
            </INSTANCE>
           </INSTANCES>
          </INFO>
         </ITEM>
        </FILE>
        <FILE link="Lib/Science/Math/Algebra/KOSTRIKIN_MANIN.zip">
         <LOCATION>
          <URL>Lib/Science/Math/Algebra/KOSTRIKIN_MANIN.zip</URL>
          <SIZE>14.8</SIZE>
          <CHECKSUM>0</CHECKSUM>
          <TYPE>zip</TYPE>
         </LOCATION>
         <ITEM>
          <INFO>
           <CATEGORIES>
            <CATEGORY>Lib/Science/Math/Algebra</CATEGORY>
           </CATEGORIES>
           <DESCRIPTION>Линейная Алегбра и Геометрия (Кострикин,Манин) !</DESCRIPTION>
           <TITLE>Линейная Алегбра и Геометрия (Кострикин,Манин) !</TITLE>
           <INSTANCES>
            <INSTANCE>
             <FORMAT>pdf</FORMAT>
             <SIZE>0</SIZE>
             <CHECKSUM>0</CHECKSUM>
            </INSTANCE>
           </INSTANCES>
          </INFO>
         </ITEM>
        </FILE>
        <FILE link="Lib/Science/Math/Algebra/Kurosh.zip">
         <LOCATION>
          <URL>Lib/Science/Math/Algebra/Kurosh.zip</URL>
          <SIZE>5.9</SIZE>
          <CHECKSUM>0</CHECKSUM>
          <TYPE>zip</TYPE>
         </LOCATION>
         <ITEM>
          <INFO>
           <CATEGORIES>
            <CATEGORY>Lib/Science/Math/Algebra</CATEGORY>
           </CATEGORIES>
           <DESCRIPTION>Общая Алгебра (Курош) !</DESCRIPTION>
           <TITLE>Общая Алгебра (Курош) !</TITLE>
           <INSTANCES>
            <INSTANCE>
             <FORMAT>pdf</FORMAT>
             <SIZE>0</SIZE>
             <CHECKSUM>0</CHECKSUM>
            </INSTANCE>
           </INSTANCES>
          </INFO>
         </ITEM>
        </FILE>
        <FILE link="Lib/Science/Math/Algebra/Leng.zip">
         <LOCATION>
          <URL>Lib/Science/Math/Algebra/Leng.zip</URL>
          <SIZE>20.4</SIZE>
          <CHECKSUM>0</CHECKSUM>
          <TYPE>zip</TYPE>
         </LOCATION>
         <ITEM>
          <INFO>
           <CATEGORIES>
            <CATEGORY>Lib/Science/Math/Algebra</CATEGORY>
           </CATEGORIES>
           <DESCRIPTION>Алгебра (Ленг)</DESCRIPTION>
           <AUTHORS>
            <AUTHOR>
             <FULLNAME>Ленг</FULLNAME>
             <LASTNAME>Ленг</LASTNAME>
             <FIRSTNAME></FIRSTNAME>
            </AUTHOR>
           </AUTHORS>
           <TITLE>Алгебра</TITLE>
           <INSTANCES>
            <INSTANCE>
             <FORMAT>pdf</FORMAT>
             <SIZE>0</SIZE>
             <CHECKSUM>0</CHECKSUM>
            </INSTANCE>
           </INSTANCES>
          </INFO>
         </ITEM>
        </FILE>
        <FILE link="Lib/Science/Math/Algebra/Lorenz_gr.zip">
         <LOCATION>
          <URL>Lib/Science/Math/Algebra/Lorenz_gr.zip</URL>
          <SIZE>13.5</SIZE>
          <CHECKSUM>0</CHECKSUM>
          <TYPE>zip</TYPE>
         </LOCATION>
         <ITEM>
          <INFO>
           <CATEGORIES>
            <CATEGORY>Lib/Science/Math/Algebra</CATEGORY>
           </CATEGORIES>
           <DESCRIPTION>Представления Группы Вращений и Группы Лоренца, Их Применения (Гелъфанд, Минлос, Шапиро)</DESCRIPTION>
           <AUTHORS>
            <AUTHOR>
             <FULLNAME>Гелъфанд</FULLNAME>
             <LASTNAME>Гелъфанд</LASTNAME>
             <FIRSTNAME></FIRSTNAME>
            </AUTHOR>
            <AUTHOR>
             <FULLNAME>Минлос</FULLNAME>
             <LASTNAME>Минлос</LASTNAME>
             <FIRSTNAME></FIRSTNAME>
            </AUTHOR>
            <AUTHOR>
             <FULLNAME>Шапиро</FULLNAME>
             <LASTNAME>Шапиро</LASTNAME>
             <FIRSTNAME></FIRSTNAME>
            </AUTHOR>
           </AUTHORS>
           <TITLE>Представления Группы Вращений и Группы Лоренца, Их Применения</TITLE>
           <INSTANCES>
            <INSTANCE>
             <FORMAT>pdf</FORMAT>
             <SIZE>0</SIZE>
             <CHECKSUM>0</CHECKSUM>
            </INSTANCE>
           </INSTANCES>
          </INFO>
         </ITEM>
        </FILE>
        <FILE link="Lib/Science/Math/Algebra/Naymark.zip">
         <LOCATION>
          <URL>Lib/Science/Math/Algebra/Naymark.zip</URL>
          <SIZE>24.6</SIZE>
          <CHECKSUM>0</CHECKSUM>
          <TYPE>zip</TYPE>
         </LOCATION>
         <ITEM>
          <INFO>
           <CATEGORIES>
            <CATEGORY>Lib/Science/Math/Algebra</CATEGORY>
           </CATEGORIES>
           <DESCRIPTION>Теория Представления Групп (Наймарк)</DESCRIPTION>
           <AUTHORS>
            <AUTHOR>
             <FULLNAME>Наймарк</FULLNAME>
             <LASTNAME>Наймарк</LASTNAME>
             <FIRSTNAME></FIRSTNAME>
            </AUTHOR>
           </AUTHORS>
           <TITLE>Теория Представления Групп</TITLE>
           <INSTANCES>
            <INSTANCE>
             <FORMAT>pdf</FORMAT>
             <SIZE>0</SIZE>
             <CHECKSUM>0</CHECKSUM>
            </INSTANCE>
           </INSTANCES>
          </INFO>
         </ITEM>
        </FILE>
        <FILE link="Lib/Science/Math/Algebra/poznak.zip">
         <LOCATION>
          <URL>Lib/Science/Math/Algebra/poznak.zip</URL>
          <SIZE>53.7</SIZE>
          <CHECKSUM>0</CHECKSUM>
          <TYPE>zip</TYPE>
         </LOCATION>
         <ITEM>
          <INFO>
           <CATEGORIES>
            <CATEGORY>Lib/Science/Math/Algebra</CATEGORY>
           </CATEGORIES>
           <DESCRIPTION>Линейная Алгебра (Ильин, Позняк)</DESCRIPTION>
           <AUTHORS>
            <AUTHOR>
             <FULLNAME>Ильин</FULLNAME>
             <LASTNAME>Ильин</LASTNAME>
             <FIRSTNAME></FIRSTNAME>
            </AUTHOR>
            <AUTHOR>
             <FULLNAME>Позняк</FULLNAME>
             <LASTNAME>Позняк</LASTNAME>
             <FIRSTNAME></FIRSTNAME>
            </AUTHOR>
           </AUTHORS>
           <TITLE>Линейная Алгебра</TITLE>
           <INSTANCES>
            <INSTANCE>
             <FORMAT>pdf</FORMAT>
             <SIZE>0</SIZE>
             <CHECKSUM>0</CHECKSUM>
            </INSTANCE>
           </INSTANCES>
          </INFO>
         </ITEM>
        </FILE>
        <FILE link="Lib/Science/Math/Algebra/PROSKURIAKOV_LA.zip">
         <LOCATION>
          <URL>Lib/Science/Math/Algebra/PROSKURIAKOV_LA.zip</URL>
          <SIZE>13.3</SIZE>
          <CHECKSUM>0</CHECKSUM>
          <TYPE>zip</TYPE>
         </LOCATION>
         <ITEM>
          <INFO>
           <CATEGORIES>
            <CATEGORY>Lib/Science/Math/Algebra</CATEGORY>
           </CATEGORIES>
           <DESCRIPTION>Сборник Задач по Линейной Алгебре (Проскуряков)</DESCRIPTION>
           <AUTHORS>
            <AUTHOR>
             <FULLNAME>Проскуряков</FULLNAME>
             <LASTNAME>Проскуряков</LASTNAME>
             <FIRSTNAME></FIRSTNAME>
            </AUTHOR>
           </AUTHORS>
           <TITLE>Сборник Задач по Линейной Алгебре</TITLE>
           <INSTANCES>
            <INSTANCE>
             <FORMAT>pdf</FORMAT>
             <SIZE>0</SIZE>
             <CHECKSUM>0</CHECKSUM>
            </INSTANCE>
           </INSTANCES>
          </INFO>
         </ITEM>
        </FILE>
        <FILE link="Lib/Science/Math/Algebra/Q_groups.zip">
         <LOCATION>
          <URL>Lib/Science/Math/Algebra/Q_groups.zip</URL>
          <SIZE>24.1</SIZE>
          <CHECKSUM>0</CHECKSUM>
          <TYPE>zip</TYPE>
         </LOCATION>
         <ITEM>
          <INFO>
           <CATEGORIES>
            <CATEGORY>Lib/Science/Math/Algebra</CATEGORY>
           </CATEGORIES>
           <DESCRIPTION>Квантовые Группы (Кассель)</DESCRIPTION>
           <AUTHORS>
            <AUTHOR>
             <FULLNAME>Кассель</FULLNAME>
             <LASTNAME>Кассель</LASTNAME>
             <FIRSTNAME></FIRSTNAME>
            </AUTHOR>
           </AUTHORS>
           <TITLE>Квантовые Группы</TITLE>
           <INSTANCES>
            <INSTANCE>
             <FORMAT>pdf</FORMAT>
             <SIZE>0</SIZE>
             <CHECKSUM>0</CHECKSUM>
            </INSTANCE>
           </INSTANCES>
          </INFO>
         </ITEM>
        </FILE>
        <FILE link="Lib/Science/Math/Algebra/QIST-Sklyanin.zip">
         <LOCATION>
          <URL>Lib/Science/Math/Algebra/QIST-Sklyanin.zip</URL>
          <SIZE>0.2</SIZE>
          <CHECKSUM>0</CHECKSUM>
          <TYPE>zip</TYPE>
         </LOCATION>
         <ITEM>
          <INFO>
           <CATEGORIES>
            <CATEGORY>Lib/Science/Math/Algebra</CATEGORY>
           </CATEGORIES>
           <DESCRIPTION>Quantum Inverse Scattering Method Selected Topics (Sklyanin)</DESCRIPTION>
           <AUTHORS>
            <AUTHOR>
             <FULLNAME>Sklyanin</FULLNAME>
             <LASTNAME>Sklyanin</LASTNAME>
             <FIRSTNAME></FIRSTNAME>
            </AUTHOR>
           </AUTHORS>
           <TITLE>Quantum Inverse Scattering Method Selected Topics</TITLE>
           <INSTANCES>
            <INSTANCE>
             <FORMAT>pdf</FORMAT>
             <SIZE>0</SIZE>
             <CHECKSUM>0</CHECKSUM>
            </INSTANCE>
           </INSTANCES>
          </INFO>
         </ITEM>
        </FILE>
        <FILE link="Lib/Science/Math/Algebra/Serr.zip">
         <LOCATION>
          <URL>Lib/Science/Math/Algebra/Serr.zip</URL>
          <SIZE>9.7</SIZE>
          <CHECKSUM>0</CHECKSUM>
          <TYPE>zip</TYPE>
         </LOCATION>
         <ITEM>
          <INFO>
           <CATEGORIES>
            <CATEGORY>Lib/Science/Math/Algebra</CATEGORY>
           </CATEGORIES>
           <DESCRIPTION>Алгебраические Группы и Поля Классов (Серр)</DESCRIPTION>
           <AUTHORS>
            <AUTHOR>
             <FULLNAME>Серр</FULLNAME>
             <LASTNAME>Серр</LASTNAME>
             <FIRSTNAME></FIRSTNAME>
            </AUTHOR>
           </AUTHORS>
           <TITLE>Алгебраические Группы и Поля Классов</TITLE>
           <INSTANCES>
            <INSTANCE>
             <FORMAT>pdf</FORMAT>
             <SIZE>0</SIZE>
             <CHECKSUM>0</CHECKSUM>
            </INSTANCE>
           </INSTANCES>
          </INFO>
         </ITEM>
        </FILE>
        <FILE link="Lib/Science/Math/Algebra/Shafarevich.zip">
         <LOCATION>
          <URL>Lib/Science/Math/Algebra/Shafarevich.zip</URL>
          <SIZE>23.7</SIZE>
          <CHECKSUM>0</CHECKSUM>
          <TYPE>zip</TYPE>
         </LOCATION>
         <ITEM>
          <INFO>
           <CATEGORIES>
            <CATEGORY>Lib/Science/Math/Algebra</CATEGORY>
           </CATEGORIES>
           <DESCRIPTION>Основные Понятия Алгебры (Шафаревич)</DESCRIPTION>
           <AUTHORS>
            <AUTHOR>
             <FULLNAME>Шафаревич</FULLNAME>
             <LASTNAME>Шафаревич</LASTNAME>
             <FIRSTNAME></FIRSTNAME>
            </AUTHOR>
           </AUTHORS>
           <TITLE>Основные Понятия Алгебры</TITLE>
           <INSTANCES>
            <INSTANCE>
             <FORMAT>pdf</FORMAT>
             <SIZE>0</SIZE>
             <CHECKSUM>0</CHECKSUM>
            </INSTANCE>
           </INSTANCES>
          </INFO>
         </ITEM>
        </FILE>
        <FILE link="Lib/Science/Math/Algebra/Spanier_Al_Topology.zip">
         <LOCATION>
          <URL>Lib/Science/Math/Algebra/Spanier_Al_Topology.zip</URL>
          <SIZE>39.1</SIZE>
          <CHECKSUM>0</CHECKSUM>
          <TYPE>zip</TYPE>
         </LOCATION>
         <ITEM>
          <INFO>
           <CATEGORIES>
            <CATEGORY>Lib/Science/Math/Algebra</CATEGORY>
           </CATEGORIES>
           <DESCRIPTION>Алгебраическая Топология (Спеньер)</DESCRIPTION>
           <AUTHORS>
            <AUTHOR>
             <FULLNAME>Спеньер</FULLNAME>
             <LASTNAME>Спеньер</LASTNAME>
             <FIRSTNAME></FIRSTNAME>
            </AUTHOR>
           </AUTHORS>
           <TITLE>Алгебраическая Топология</TITLE>
           <INSTANCES>
            <INSTANCE>
             <FORMAT>pdf</FORMAT>
             <SIZE>0</SIZE>
             <CHECKSUM>0</CHECKSUM>
            </INSTANCE>
           </INSTANCES>
          </INFO>
         </ITEM>
        </FILE>
        <FILE link="Lib/Science/Math/Algebra/Varden.zip">
         <LOCATION>
          <URL>Lib/Science/Math/Algebra/Varden.zip</URL>
          <SIZE>43.3</SIZE>
          <CHECKSUM>0</CHECKSUM>
          <TYPE>zip</TYPE>
         </LOCATION>
         <ITEM>
          <INFO>
           <CATEGORIES>
            <CATEGORY>Lib/Science/Math/Algebra</CATEGORY>
           </CATEGORIES>
           <DESCRIPTION>Алгебра (Ван Дер Варден)</DESCRIPTION>
           <AUTHORS>
            <AUTHOR>
             <FULLNAME>Ван Дер Варден</FULLNAME>
             <LASTNAME>Варден</LASTNAME>
             <FIRSTNAME>Ван</FIRSTNAME>
            </AUTHOR>
           </AUTHORS>
           <TITLE>Алгебра</TITLE>
           <INSTANCES>
            <INSTANCE>
             <FORMAT>pdf</FORMAT>
             <SIZE>0</SIZE>
             <CHECKSUM>0</CHECKSUM>
            </INSTANCE>
           </INSTANCES>
          </INFO>
         </ITEM>
        </FILE>
        <FILE link="Lib/Science/Math/Algebra/Vilenkin.zip">
         <LOCATION>
          <URL>Lib/Science/Math/Algebra/Vilenkin.zip</URL>
          <SIZE>18</SIZE>
          <CHECKSUM>0</CHECKSUM>
          <TYPE>zip</TYPE>
         </LOCATION>
         <ITEM>
          <INFO>
           <CATEGORIES>
            <CATEGORY>Lib/Science/Math/Algebra</CATEGORY>
           </CATEGORIES>
           <DESCRIPTION>Специальные Функции и Теория Представлений Групп (Виленкин)</DESCRIPTION>
           <AUTHORS>
            <AUTHOR>
             <FULLNAME>Виленкин</FULLNAME>
             <LASTNAME>Виленкин</LASTNAME>
             <FIRSTNAME></FIRSTNAME>
            </AUTHOR>
           </AUTHORS>
           <TITLE>Специальные Функции и Теория Представлений Групп</TITLE>
           <INSTANCES>
            <INSTANCE>
             <FORMAT>pdf</FORMAT>
             <SIZE>0</SIZE>
             <CHECKSUM>0</CHECKSUM>
            </INSTANCE>
           </INSTANCES>
          </INFO>
         </ITEM>
        </FILE>
        <FILE link="Lib/Science/Math/Algebra/Wigner_Spectr.zip">
         <LOCATION>
          <URL>Lib/Science/Math/Algebra/Wigner_Spectr.zip</URL>
          <SIZE>17.2</SIZE>
          <CHECKSUM>0</CHECKSUM>
          <TYPE>zip</TYPE>
         </LOCATION>
         <ITEM>
          <INFO>
           <CATEGORIES>
            <CATEGORY>Lib/Science/Math/Algebra</CATEGORY>
           </CATEGORIES>
           <DESCRIPTION>Теория Групп и Ее приложение к Квантовомеханической Теории Атомных Спектров (Вигнер)</DESCRIPTION>
           <AUTHORS>
            <AUTHOR>
             <FULLNAME>Вигнер</FULLNAME>
             <LASTNAME>Вигнер</LASTNAME>
             <FIRSTNAME></FIRSTNAME>
            </AUTHOR>
           </AUTHORS>
           <TITLE>Теория Групп и Ее приложение к Квантовомеханической Теории Атомных Спектров</TITLE>
           <INSTANCES>
            <INSTANCE>
             <FORMAT>pdf</FORMAT>
             <SIZE>0</SIZE>
             <CHECKSUM>0</CHECKSUM>
            </INSTANCE>
           </INSTANCES>
          </INFO>
         </ITEM>
        </FILE>
        <FILE link="Lib/Science/Math/Algebra/Zaris1.zip">
         <LOCATION>
          <URL>Lib/Science/Math/Algebra/Zaris1.zip</URL>
          <SIZE>19.4</SIZE>
          <CHECKSUM>0</CHECKSUM>
          <TYPE>zip</TYPE>
         </LOCATION>
         <ITEM>
          <INFO>
           <CATEGORIES>
            <CATEGORY>Lib/Science/Math/Algebra</CATEGORY>
           </CATEGORIES>
           <DESCRIPTION>Коммутативная Алгебра т.1 (Зарриский,Самюэль)</DESCRIPTION>
           <AUTHORS>
            <AUTHOR>
             <FULLNAME>Зарриский</FULLNAME>
             <LASTNAME>Зарриский</LASTNAME>
             <FIRSTNAME></FIRSTNAME>
            </AUTHOR>
            <AUTHOR>
             <FULLNAME>Самюэль</FULLNAME>
             <LASTNAME>Самюэль</LASTNAME>
             <FIRSTNAME></FIRSTNAME>
            </AUTHOR>
           </AUTHORS>
           <TITLE>Коммутативная Алгебра</TITLE>
           <INSTANCES>
            <INSTANCE>
             <FORMAT>pdf</FORMAT>
             <SIZE>0</SIZE>
             <CHECKSUM>0</CHECKSUM>
            </INSTANCE>
           </INSTANCES>
          </INFO>
         </ITEM>
        </FILE>
        <FILE link="Lib/Science/Math/Algebra/Zaris2.zip">
         <LOCATION>
          <URL>Lib/Science/Math/Algebra/Zaris2.zip</URL>
          <SIZE>22.1</SIZE>
          <CHECKSUM>0</CHECKSUM>
          <TYPE>zip</TYPE>
         </LOCATION>
         <ITEM>
          <INFO>
           <CATEGORIES>
            <CATEGORY>Lib/Science/Math/Algebra</CATEGORY>
           </CATEGORIES>
           <DESCRIPTION>Коммутативная Алгебра т.2 (Зарриский,Самюэль)</DESCRIPTION>
           <AUTHORS>
            <AUTHOR>
             <FULLNAME>Зарриский</FULLNAME>
             <LASTNAME>Зарриский</LASTNAME>
             <FIRSTNAME></FIRSTNAME>
            </AUTHOR>
            <AUTHOR>
             <FULLNAME>Самюэль</FULLNAME>
             <LASTNAME>Самюэль</LASTNAME>
             <FIRSTNAME></FIRSTNAME>
            </AUTHOR>
           </AUTHORS>
           <TITLE>Коммутативная Алгебра</TITLE>
           <INSTANCES>
            <INSTANCE>
             <FORMAT>pdf</FORMAT>
             <SIZE>0</SIZE>
             <CHECKSUM>0</CHECKSUM>
            </INSTANCE>
           </INSTANCES>
          </INFO>
         </ITEM>
        </FILE>
        <DIR link="Lib/Science/Math/Algebra/Lee">
         <LOCATION>
          <URL>Lib/Science/Math/Algebra/Lee</URL>
          <SIZE>45.9</SIZE>
         </LOCATION>
         <FILELIST category="Lib/Science/Math/Algebra/Lee">
          <INFO>
           <DESCRIPTION>Lee</DESCRIPTION>
           <TITLE>Lee</TITLE>
           <DEFAULTFORMAT>pdf</DEFAULTFORMAT>
          </INFO>
          <FILE link="Lib/Science/Math/Algebra/Lee/Compact_Lie.zip">
           <LOCATION>
            <URL>Lib/Science/Math/Algebra/Lee/Compact_Lie.zip</URL>
            <SIZE>24</SIZE>
            <CHECKSUM>0</CHECKSUM>
            <TYPE>zip</TYPE>
           </LOCATION>
           <ITEM>
            <INFO>
             <CATEGORIES>
              <CATEGORY>Lib/Science/Math/Algebra/Lee</CATEGORY>
             </CATEGORIES>
             <DESCRIPTION>Компактные Группы Ли и Их Представления (Желобенко)</DESCRIPTION>
             <AUTHORS>
              <AUTHOR>
               <FULLNAME>Желобенко</FULLNAME>
               <LASTNAME>Желобенко</LASTNAME>
               <FIRSTNAME></FIRSTNAME>
              </AUTHOR>
             </AUTHORS>
             <TITLE>Компактные Группы Ли и Их Представления</TITLE>
             <INSTANCES>
              <INSTANCE>
               <FORMAT>pdf</FORMAT>
               <SIZE>0</SIZE>
               <CHECKSUM>0</CHECKSUM>
              </INSTANCE>
             </INSTANCES>
            </INFO>
           </ITEM>
          </FILE>
          <FILE link="Lib/Science/Math/Algebra/Lee/Sofus Lie.zip">
           <LOCATION>
            <URL>Lib/Science/Math/Algebra/Lee/Sofus Lie.zip</URL>
            <SIZE>10.7</SIZE>
            <CHECKSUM>0</CHECKSUM>
            <TYPE>zip</TYPE>
           </LOCATION>
           <ITEM>
            <INFO>
             <CATEGORIES>
              <CATEGORY>Lib/Science/Math/Algebra/Lee</CATEGORY>
             </CATEGORIES>
             <DESCRIPTION>Теория Алгебр Ли. Топология Групп Ли (Семинар: Софус Ли)</DESCRIPTION>
             <AUTHORS>
              <AUTHOR>
               <FULLNAME>Семинар: Софус Ли</FULLNAME>
               <LASTNAME>Ли</LASTNAME>
               <FIRSTNAME>Семинар:</FIRSTNAME>
              </AUTHOR>
             </AUTHORS>
             <TITLE>Теория Алгебр Ли. Топология Групп Ли</TITLE>
             <INSTANCES>
              <INSTANCE>
               <FORMAT>pdf</FORMAT>
               <SIZE>0</SIZE>
               <CHECKSUM>0</CHECKSUM>
              </INSTANCE>
             </INSTANCES>
            </INFO>
           </ITEM>
          </FILE>
          <FILE link="Lib/Science/Math/Algebra/Lee/Zhelobenko.zip">
           <LOCATION>
            <URL>Lib/Science/Math/Algebra/Lee/Zhelobenko.zip</URL>
            <SIZE>11.2</SIZE>
            <CHECKSUM>0</CHECKSUM>
            <TYPE>zip</TYPE>
           </LOCATION>
           <ITEM>
            <INFO>
             <CATEGORIES>
              <CATEGORY>Lib/Science/Math/Algebra/Lee</CATEGORY>
             </CATEGORIES>
             <DESCRIPTION>Представление Редуктивных Алгебр Ли (Желобенко)</DESCRIPTION>
             <AUTHORS>
              <AUTHOR>
               <FULLNAME>Желобенко</FULLNAME>
               <LASTNAME>Желобенко</LASTNAME>
               <FIRSTNAME></FIRSTNAME>
              </AUTHOR>
             </AUTHORS>
             <TITLE>Представление Редуктивных Алгебр Ли</TITLE>
             <INSTANCES>
              <INSTANCE>
               <FORMAT>pdf</FORMAT>
               <SIZE>0</SIZE>
               <CHECKSUM>0</CHECKSUM>
              </INSTANCE>
             </INSTANCES>
            </INFO>
           </ITEM>
          </FILE>
         </FILELIST>
        </DIR>
       </FILELIST>
      </DIR>
      <DIR link="Lib/Science/Math/ComplAn">
       <LOCATION>
        <URL>Lib/Science/Math/ComplAn</URL>
        <SIZE>55.9</SIZE>
       </LOCATION>
       <FILELIST category="Lib/Science/Math/ComplAn">
        <INFO>
         <DESCRIPTION>ComplAn</DESCRIPTION>
         <TITLE>ComplAn</TITLE>
         <DEFAULTFORMAT>pdf</DEFAULTFORMAT>
        </INFO>
        <FILE link="Lib/Science/Math/ComplAn/Evgrafov.zip">
         <LOCATION>
          <URL>Lib/Science/Math/ComplAn/Evgrafov.zip</URL>
          <SIZE>17.6</SIZE>
          <CHECKSUM>0</CHECKSUM>
          <TYPE>zip</TYPE>
         </LOCATION>
         <ITEM>
          <INFO>
           <CATEGORIES>
            <CATEGORY>Lib/Science/Math/ComplAn</CATEGORY>
           </CATEGORIES>
           <DESCRIPTION>Аналитические Функции (Евграфов)</DESCRIPTION>
           <AUTHORS>
            <AUTHOR>
             <FULLNAME>Евграфов</FULLNAME>
             <LASTNAME>Евграфов</LASTNAME>
             <FIRSTNAME></FIRSTNAME>
            </AUTHOR>
           </AUTHORS>
           <TITLE>Аналитические Функции</TITLE>
           <INSTANCES>
            <INSTANCE>
             <FORMAT>pdf</FORMAT>
             <SIZE>0</SIZE>
             <CHECKSUM>0</CHECKSUM>
            </INSTANCE>
           </INSTANCES>
          </INFO>
         </ITEM>
        </FILE>
        <FILE link="Lib/Science/Math/ComplAn/Lavrentev_Shabat.zip">
         <LOCATION>
          <URL>Lib/Science/Math/ComplAn/Lavrentev_Shabat.zip</URL>
          <SIZE>26.3</SIZE>
          <CHECKSUM>0</CHECKSUM>
          <TYPE>zip</TYPE>
         </LOCATION>
         <ITEM>
          <INFO>
           <CATEGORIES>
            <CATEGORY>Lib/Science/Math/ComplAn</CATEGORY>
           </CATEGORIES>
           <DESCRIPTION>Методы Теории Функций Комплексного Переменного (Лаврентьев)</DESCRIPTION>
           <AUTHORS>
            <AUTHOR>
             <FULLNAME>Лаврентьев</FULLNAME>
             <LASTNAME>Лаврентьев</LASTNAME>
             <FIRSTNAME></FIRSTNAME>
            </AUTHOR>
           </AUTHORS>
           <TITLE>Методы Теории Функций Комплексного Переменного</TITLE>
           <INSTANCES>
            <INSTANCE>
             <FORMAT>pdf</FORMAT>
             <SIZE>0</SIZE>
             <CHECKSUM>0</CHECKSUM>
            </INSTANCE>
           </INSTANCES>
          </INFO>
         </ITEM>
        </FILE>
        <FILE link="Lib/Science/Math/ComplAn/Sveshnikov_Tihonov.zip">
         <LOCATION>
          <URL>Lib/Science/Math/ComplAn/Sveshnikov_Tihonov.zip</URL>
          <SIZE>12</SIZE>
          <CHECKSUM>0</CHECKSUM>
          <TYPE>zip</TYPE>
         </LOCATION>
         <ITEM>
          <INFO>
           <CATEGORIES>
            <CATEGORY>Lib/Science/Math/ComplAn</CATEGORY>
           </CATEGORIES>
           <DESCRIPTION>Теория Функций Комплексной Переменной (Свешников)</DESCRIPTION>
           <AUTHORS>
            <AUTHOR>
             <FULLNAME>Свешников</FULLNAME>
             <LASTNAME>Свешников</LASTNAME>
             <FIRSTNAME></FIRSTNAME>
            </AUTHOR>
           </AUTHORS>
           <TITLE>Теория Функций Комплексной Переменной</TITLE>
           <INSTANCES>
            <INSTANCE>
             <FORMAT>pdf</FORMAT>
             <SIZE>0</SIZE>
             <CHECKSUM>0</CHECKSUM>
            </INSTANCE>
           </INSTANCES>
          </INFO>
         </ITEM>
        </FILE>
       </FILELIST>
      </DIR>
      <DIR link="Lib/Science/Math/Cryptography">
       <LOCATION>
        <URL>Lib/Science/Math/Cryptography</URL>
        <SIZE>53.4</SIZE>
       </LOCATION>
       <FILELIST category="Lib/Science/Math/Cryptography">
        <INFO>
         <DESCRIPTION>Cryptography</DESCRIPTION>
         <TITLE>Cryptography</TITLE>
         <DEFAULTFORMAT>pdf</DEFAULTFORMAT>
        </INFO>
        <FILE link="Lib/Science/Math/Cryptography/Yaschenko.zip">
         <LOCATION>
          <URL>Lib/Science/Math/Cryptography/Yaschenko.zip</URL>
          <SIZE>53.4</SIZE>
          <CHECKSUM>0</CHECKSUM>
          <TYPE>zip</TYPE>
         </LOCATION>
         <ITEM>
          <INFO>
           <CATEGORIES>
            <CATEGORY>Lib/Science/Math/Cryptography</CATEGORY>
           </CATEGORIES>
           <DESCRIPTION>Введение в криптографию (Ященко)</DESCRIPTION>
           <AUTHORS>
            <AUTHOR>
             <FULLNAME>Ященко</FULLNAME>
             <LASTNAME>Ященко</LASTNAME>
             <FIRSTNAME></FIRSTNAME>
            </AUTHOR>
           </AUTHORS>
           <TITLE>Введение в криптографию</TITLE>
           <INSTANCES>
            <INSTANCE>
             <FORMAT>pdf</FORMAT>
             <SIZE>0</SIZE>
             <CHECKSUM>0</CHECKSUM>
            </INSTANCE>
           </INSTANCES>
          </INFO>
         </ITEM>
        </FILE>
       </FILELIST>
      </DIR>
      <DIR link="Lib/Science/Math/DiffEq">
       <LOCATION>
        <URL>Lib/Science/Math/DiffEq</URL>
        <SIZE>664.9</SIZE>
       </LOCATION>
       <FILELIST category="Lib/Science/Math/DiffEq">
        <INFO>
         <DESCRIPTION>DiffEq</DESCRIPTION>
         <TITLE>DiffEq</TITLE>
         <DEFAULTFORMAT>pdf</DEFAULTFORMAT>
        </INFO>
        <FILE link="Lib/Science/Math/DiffEq/Ains.zip">
         <LOCATION>
          <URL>Lib/Science/Math/DiffEq/Ains.zip</URL>
          <SIZE>22.9</SIZE>
          <CHECKSUM>0</CHECKSUM>
          <TYPE>zip</TYPE>
         </LOCATION>
         <ITEM>
          <INFO>
           <CATEGORIES>
            <CATEGORY>Lib/Science/Math/DiffEq</CATEGORY>
           </CATEGORIES>
           <DESCRIPTION>Обыкновенные дифференциальные уравнения (Айнс)</DESCRIPTION>
           <AUTHORS>
            <AUTHOR>
             <FULLNAME>Айнс</FULLNAME>
             <LASTNAME>Айнс</LASTNAME>
             <FIRSTNAME></FIRSTNAME>
            </AUTHOR>
           </AUTHORS>
           <TITLE>Обыкновенные дифференциальные уравнения</TITLE>
           <INSTANCES>
            <INSTANCE>
             <FORMAT>pdf</FORMAT>
             <SIZE>0</SIZE>
             <CHECKSUM>0</CHECKSUM>
            </INSTANCE>
           </INSTANCES>
          </INFO>
         </ITEM>
        </FILE>
        <FILE link="Lib/Science/Math/DiffEq/Andronov.zip">
         <LOCATION>
          <URL>Lib/Science/Math/DiffEq/Andronov.zip</URL>
          <SIZE>35.8</SIZE>
          <CHECKSUM>0</CHECKSUM>
          <TYPE>zip</TYPE>
         </LOCATION>
         <ITEM>
          <INFO>
           <CATEGORIES>
            <CATEGORY>Lib/Science/Math/DiffEq</CATEGORY>
           </CATEGORIES>
           <DESCRIPTION>Качественная теория динамических систем второго порядка (Андронов,Леонтович)</DESCRIPTION>
           <AUTHORS>
            <AUTHOR>
             <FULLNAME>Андронов</FULLNAME>
             <LASTNAME>Андронов</LASTNAME>
             <FIRSTNAME></FIRSTNAME>
            </AUTHOR>
            <AUTHOR>
             <FULLNAME>Леонтович</FULLNAME>
             <LASTNAME>Леонтович</LASTNAME>
             <FIRSTNAME></FIRSTNAME>
            </AUTHOR>
           </AUTHORS>
           <TITLE>Качественная теория динамических систем второго порядка</TITLE>
           <INSTANCES>
            <INSTANCE>
             <FORMAT>pdf</FORMAT>
             <SIZE>0</SIZE>
             <CHECKSUM>0</CHECKSUM>
            </INSTANCE>
           </INSTANCES>
          </INFO>
         </ITEM>
        </FILE>
        <FILE link="Lib/Science/Math/DiffEq/Arnold1.zip">
         <LOCATION>
          <URL>Lib/Science/Math/DiffEq/Arnold1.zip</URL>
          <SIZE>21</SIZE>
          <CHECKSUM>0</CHECKSUM>
          <TYPE>zip</TYPE>
         </LOCATION>
         <ITEM>
          <INFO>
           <CATEGORIES>
            <CATEGORY>Lib/Science/Math/DiffEq</CATEGORY>
           </CATEGORIES>
           <DESCRIPTION>Обыкновенные дифференциальные уравнения (Арнольд) (4)</DESCRIPTION>
           <AUTHORS>
            <AUTHOR>
             <FULLNAME>Арнольд</FULLNAME>
             <LASTNAME>Арнольд</LASTNAME>
             <FIRSTNAME></FIRSTNAME>
            </AUTHOR>
           </AUTHORS>
           <TITLE>Обыкновенные дифференциальные уравнения</TITLE>
           <EDITION>4</EDITION>
           <INSTANCES>
            <INSTANCE>
             <FORMAT>pdf</FORMAT>
             <SIZE>0</SIZE>
             <CHECKSUM>0</CHECKSUM>
            </INSTANCE>
           </INSTANCES>
          </INFO>
         </ITEM>
        </FILE>
        <FILE link="Lib/Science/Math/DiffEq/Arnold3.zip">
         <LOCATION>
          <URL>Lib/Science/Math/DiffEq/Arnold3.zip</URL>
          <SIZE>7</SIZE>
          <CHECKSUM>0</CHECKSUM>
          <TYPE>zip</TYPE>
         </LOCATION>
         <ITEM>
          <INFO>
           <CATEGORIES>
            <CATEGORY>Lib/Science/Math/DiffEq</CATEGORY>
           </CATEGORIES>
           <DESCRIPTION>Обыкновенные дифференциальные уравнения (Арнольд,Ильяшенко)</DESCRIPTION>
           <AUTHORS>
            <AUTHOR>
             <FULLNAME>Арнольд</FULLNAME>
             <LASTNAME>Арнольд</LASTNAME>
             <FIRSTNAME></FIRSTNAME>
            </AUTHOR>
            <AUTHOR>
             <FULLNAME>Ильяшенко</FULLNAME>
             <LASTNAME>Ильяшенко</LASTNAME>
             <FIRSTNAME></FIRSTNAME>
            </AUTHOR>
           </AUTHORS>
           <TITLE>Обыкновенные дифференциальные уравнения</TITLE>
           <INSTANCES>
            <INSTANCE>
             <FORMAT>pdf</FORMAT>
             <SIZE>0</SIZE>
             <CHECKSUM>0</CHECKSUM>
            </INSTANCE>
           </INSTANCES>
          </INFO>
         </ITEM>
        </FILE>
        <FILE link="Lib/Science/Math/DiffEq/Arnold4.zip">
         <LOCATION>
          <URL>Lib/Science/Math/DiffEq/Arnold4.zip</URL>
          <SIZE>9.7</SIZE>
          <CHECKSUM>0</CHECKSUM>
          <TYPE>zip</TYPE>
         </LOCATION>
         <ITEM>
          <INFO>
           <CATEGORIES>
            <CATEGORY>Lib/Science/Math/DiffEq</CATEGORY>
           </CATEGORIES>
           <DESCRIPTION>Теория бифуркаций (Арнольд,Афраймович,Ильяшенко)</DESCRIPTION>
           <AUTHORS>
            <AUTHOR>
             <FULLNAME>Арнольд</FULLNAME>
             <LASTNAME>Арнольд</LASTNAME>
             <FIRSTNAME></FIRSTNAME>
            </AUTHOR>
            <AUTHOR>
             <FULLNAME>Афраймович</FULLNAME>
             <LASTNAME>Афраймович</LASTNAME>
             <FIRSTNAME></FIRSTNAME>
            </AUTHOR>
            <AUTHOR>
             <FULLNAME>Ильяшенко</FULLNAME>
             <LASTNAME>Ильяшенко</LASTNAME>
             <FIRSTNAME></FIRSTNAME>
            </AUTHOR>
           </AUTHORS>
           <TITLE>Теория бифуркаций</TITLE>
           <INSTANCES>
            <INSTANCE>
             <FORMAT>pdf</FORMAT>
             <SIZE>0</SIZE>
             <CHECKSUM>0</CHECKSUM>
            </INSTANCE>
           </INSTANCES>
          </INFO>
         </ITEM>
        </FILE>
        <FILE link="Lib/Science/Math/DiffEq/Arnold_I.zip">
         <LOCATION>
          <URL>Lib/Science/Math/DiffEq/Arnold_I.zip</URL>
          <SIZE>19.7</SIZE>
          <CHECKSUM>0</CHECKSUM>
          <TYPE>zip</TYPE>
         </LOCATION>
         <ITEM>
          <INFO>
           <CATEGORIES>
            <CATEGORY>Lib/Science/Math/DiffEq</CATEGORY>
           </CATEGORIES>
           <DESCRIPTION>Обыкновенные Дифференциальные Уравнения (Арнольд) (3)</DESCRIPTION>
           <AUTHORS>
            <AUTHOR>
             <FULLNAME>Арнольд</FULLNAME>
             <LASTNAME>Арнольд</LASTNAME>
             <FIRSTNAME></FIRSTNAME>
            </AUTHOR>
           </AUTHORS>
           <TITLE>Обыкновенные Дифференциальные Уравнения</TITLE>
           <EDITION>3</EDITION>
           <INSTANCES>
            <INSTANCE>
             <FORMAT>pdf</FORMAT>
             <SIZE>0</SIZE>
             <CHECKSUM>0</CHECKSUM>
            </INSTANCE>
           </INSTANCES>
          </INFO>
         </ITEM>
        </FILE>
        <FILE link="Lib/Science/Math/DiffEq/Arnold_II.zip">
         <LOCATION>
          <URL>Lib/Science/Math/DiffEq/Arnold_II.zip</URL>
          <SIZE>12</SIZE>
          <CHECKSUM>0</CHECKSUM>
          <TYPE>zip</TYPE>
         </LOCATION>
         <ITEM>
          <INFO>
           <CATEGORIES>
            <CATEGORY>Lib/Science/Math/DiffEq</CATEGORY>
           </CATEGORIES>
           <DESCRIPTION>Лекции об Уравнениях с Частными Производными (Арнольд)</DESCRIPTION>
           <AUTHORS>
            <AUTHOR>
             <FULLNAME>Арнольд</FULLNAME>
             <LASTNAME>Арнольд</LASTNAME>
             <FIRSTNAME></FIRSTNAME>
            </AUTHOR>
           </AUTHORS>
           <TITLE>Лекции об Уравнениях с Частными Производными</TITLE>
           <INSTANCES>
            <INSTANCE>
             <FORMAT>pdf</FORMAT>
             <SIZE>0</SIZE>
             <CHECKSUM>0</CHECKSUM>
            </INSTANCE>
           </INSTANCES>
          </INFO>
         </ITEM>
        </FILE>
        <FILE link="Lib/Science/Math/DiffEq/Arnold_III.zip">
         <LOCATION>
          <URL>Lib/Science/Math/DiffEq/Arnold_III.zip</URL>
          <SIZE>25.2</SIZE>
          <CHECKSUM>0</CHECKSUM>
          <TYPE>zip</TYPE>
         </LOCATION>
         <ITEM>
          <INFO>
           <CATEGORIES>
            <CATEGORY>Lib/Science/Math/DiffEq</CATEGORY>
           </CATEGORIES>
           <DESCRIPTION>Геометрические Методы в Теории ОДУ (Арнольд) (2)</DESCRIPTION>
           <AUTHORS>
            <AUTHOR>
             <FULLNAME>Арнольд</FULLNAME>
             <LASTNAME>Арнольд</LASTNAME>
             <FIRSTNAME></FIRSTNAME>
            </AUTHOR>
           </AUTHORS>
           <TITLE>Геометрические Методы в Теории ОДУ</TITLE>
           <EDITION>2</EDITION>
           <INSTANCES>
            <INSTANCE>
             <FORMAT>pdf</FORMAT>
             <SIZE>0</SIZE>
             <CHECKSUM>0</CHECKSUM>
            </INSTANCE>
           </INSTANCES>
          </INFO>
         </ITEM>
        </FILE>
        <FILE link="Lib/Science/Math/DiffEq/Bibikov.zip">
         <LOCATION>
          <URL>Lib/Science/Math/DiffEq/Bibikov.zip</URL>
          <SIZE>33.5</SIZE>
          <CHECKSUM>0</CHECKSUM>
          <TYPE>zip</TYPE>
         </LOCATION>
         <ITEM>
          <INFO>
           <CATEGORIES>
            <CATEGORY>Lib/Science/Math/DiffEq</CATEGORY>
           </CATEGORIES>
           <DESCRIPTION>Курс обыкновенных дифференциальных уравнений (Бибиков)</DESCRIPTION>
           <AUTHORS>
            <AUTHOR>
             <FULLNAME>Бибиков</FULLNAME>
             <LASTNAME>Бибиков</LASTNAME>
             <FIRSTNAME></FIRSTNAME>
            </AUTHOR>
           </AUTHORS>
           <TITLE>Курс обыкновенных дифференциальных уравнений</TITLE>
           <INSTANCES>
            <INSTANCE>
             <FORMAT>pdf</FORMAT>
             <SIZE>0</SIZE>
             <CHECKSUM>0</CHECKSUM>
            </INSTANCE>
           </INSTANCES>
          </INFO>
         </ITEM>
        </FILE>
        <FILE link="Lib/Science/Math/DiffEq/Chang.zip">
         <LOCATION>
          <URL>Lib/Science/Math/DiffEq/Chang.zip</URL>
          <SIZE>8.9</SIZE>
          <CHECKSUM>0</CHECKSUM>
          <TYPE>zip</TYPE>
         </LOCATION>
         <ITEM>
          <INFO>
           <CATEGORIES>
            <CATEGORY>Lib/Science/Math/DiffEq</CATEGORY>
           </CATEGORIES>
           <DESCRIPTION>Нелинейные сингулярно возмущенные краевые задачи (Чанг,Хауэс)</DESCRIPTION>
           <AUTHORS>
            <AUTHOR>
             <FULLNAME>Чанг</FULLNAME>
             <LASTNAME>Чанг</LASTNAME>
             <FIRSTNAME></FIRSTNAME>
            </AUTHOR>
            <AUTHOR>
             <FULLNAME>Хауэс</FULLNAME>
             <LASTNAME>Хауэс</LASTNAME>
             <FIRSTNAME></FIRSTNAME>
            </AUTHOR>
           </AUTHORS>
           <TITLE>Нелинейные сингулярно возмущенные краевые задачи</TITLE>
           <INSTANCES>
            <INSTANCE>
             <FORMAT>pdf</FORMAT>
             <SIZE>0</SIZE>
             <CHECKSUM>0</CHECKSUM>
            </INSTANCE>
           </INSTANCES>
          </INFO>
         </ITEM>
        </FILE>
        <FILE link="Lib/Science/Math/DiffEq/Chesari.zip">
         <LOCATION>
          <URL>Lib/Science/Math/DiffEq/Chesari.zip</URL>
          <SIZE>17.1</SIZE>
          <CHECKSUM>0</CHECKSUM>
          <TYPE>zip</TYPE>
         </LOCATION>
         <ITEM>
          <INFO>
           <CATEGORIES>
            <CATEGORY>Lib/Science/Math/DiffEq</CATEGORY>
           </CATEGORIES>
           <DESCRIPTION>Асимптотическое поведение и устойчивость решений ОДУ (Чезари)</DESCRIPTION>
           <AUTHORS>
            <AUTHOR>
             <FULLNAME>Чезари</FULLNAME>
             <LASTNAME>Чезари</LASTNAME>
             <FIRSTNAME></FIRSTNAME>
            </AUTHOR>
           </AUTHORS>
           <TITLE>Асимптотическое поведение и устойчивость решений ОДУ</TITLE>
           <INSTANCES>
            <INSTANCE>
             <FORMAT>pdf</FORMAT>
             <SIZE>0</SIZE>
             <CHECKSUM>0</CHECKSUM>
            </INSTANCE>
           </INSTANCES>
          </INFO>
         </ITEM>
        </FILE>
        <FILE link="Lib/Science/Math/DiffEq/Courant.zip">
         <LOCATION>
          <URL>Lib/Science/Math/DiffEq/Courant.zip</URL>
          <SIZE>30.9</SIZE>
          <CHECKSUM>0</CHECKSUM>
          <TYPE>zip</TYPE>
         </LOCATION>
         <ITEM>
          <INFO>
           <CATEGORIES>
            <CATEGORY>Lib/Science/Math/DiffEq</CATEGORY>
           </CATEGORIES>
           <DESCRIPTION>Уравнения с Частными Производными (Курант)</DESCRIPTION>
           <AUTHORS>
            <AUTHOR>
             <FULLNAME>Курант</FULLNAME>
             <LASTNAME>Курант</LASTNAME>
             <FIRSTNAME></FIRSTNAME>
            </AUTHOR>
           </AUTHORS>
           <TITLE>Уравнения с Частными Производными</TITLE>
           <INSTANCES>
            <INSTANCE>
             <FORMAT>pdf</FORMAT>
             <SIZE>0</SIZE>
             <CHECKSUM>0</CHECKSUM>
            </INSTANCE>
           </INSTANCES>
          </INFO>
         </ITEM>
        </FILE>
        <FILE link="Lib/Science/Math/DiffEq/Errousmith.zip">
         <LOCATION>
          <URL>Lib/Science/Math/DiffEq/Errousmith.zip</URL>
          <SIZE>8.3</SIZE>
          <CHECKSUM>0</CHECKSUM>
          <TYPE>zip</TYPE>
         </LOCATION>
         <ITEM>
          <INFO>
           <CATEGORIES>
            <CATEGORY>Lib/Science/Math/DiffEq</CATEGORY>
           </CATEGORIES>
           <DESCRIPTION>ОДУ. Качественная теория с приложениями (Эрроусмит,Плейс)</DESCRIPTION>
           <AUTHORS>
            <AUTHOR>
             <FULLNAME>Эрроусмит</FULLNAME>
             <LASTNAME>Эрроусмит</LASTNAME>
             <FIRSTNAME></FIRSTNAME>
            </AUTHOR>
            <AUTHOR>
             <FULLNAME>Плейс</FULLNAME>
             <LASTNAME>Плейс</LASTNAME>
             <FIRSTNAME></FIRSTNAME>
            </AUTHOR>
           </AUTHORS>
           <TITLE>ОДУ. Качественная теория с приложениями</TITLE>
           <INSTANCES>
            <INSTANCE>
             <FORMAT>pdf</FORMAT>
             <SIZE>0</SIZE>
             <CHECKSUM>0</CHECKSUM>
            </INSTANCE>
           </INSTANCES>
          </INFO>
         </ITEM>
        </FILE>
        <FILE link="Lib/Science/Math/DiffEq/Filipov.zip">
         <LOCATION>
          <URL>Lib/Science/Math/DiffEq/Filipov.zip</URL>
          <SIZE>8</SIZE>
          <CHECKSUM>0</CHECKSUM>
          <TYPE>zip</TYPE>
         </LOCATION>
         <ITEM>
          <INFO>
           <CATEGORIES>
            <CATEGORY>Lib/Science/Math/DiffEq</CATEGORY>
           </CATEGORIES>
           <DESCRIPTION>Сборник Задач по Дифференциальным Уравнениям (Филипов) !</DESCRIPTION>
           <TITLE>Сборник Задач по Дифференциальным Уравнениям (Филипов) !</TITLE>
           <INSTANCES>
            <INSTANCE>
             <FORMAT>pdf</FORMAT>
             <SIZE>0</SIZE>
             <CHECKSUM>0</CHECKSUM>
            </INSTANCE>
           </INSTANCES>
          </INFO>
         </ITEM>
        </FILE>
        <FILE link="Lib/Science/Math/DiffEq/Golubev.zip">
         <LOCATION>
          <URL>Lib/Science/Math/DiffEq/Golubev.zip</URL>
          <SIZE>16.7</SIZE>
          <CHECKSUM>0</CHECKSUM>
          <TYPE>zip</TYPE>
         </LOCATION>
         <ITEM>
          <INFO>
           <CATEGORIES>
            <CATEGORY>Lib/Science/Math/DiffEq</CATEGORY>
           </CATEGORIES>
           <DESCRIPTION>Лекции по аналитической теории дифференциальных уравнений (Голубев)</DESCRIPTION>
           <AUTHORS>
            <AUTHOR>
             <FULLNAME>Голубев</FULLNAME>
             <LASTNAME>Голубев</LASTNAME>
             <FIRSTNAME></FIRSTNAME>
            </AUTHOR>
           </AUTHORS>
           <TITLE>Лекции по аналитической теории дифференциальных уравнений</TITLE>
           <INSTANCES>
            <INSTANCE>
             <FORMAT>pdf</FORMAT>
             <SIZE>0</SIZE>
             <CHECKSUM>0</CHECKSUM>
            </INSTANCE>
           </INSTANCES>
          </INFO>
         </ITEM>
        </FILE>
        <FILE link="Lib/Science/Math/DiffEq/Kamke.zip">
         <LOCATION>
          <URL>Lib/Science/Math/DiffEq/Kamke.zip</URL>
          <SIZE>14.2</SIZE>
          <CHECKSUM>0</CHECKSUM>
          <TYPE>zip</TYPE>
         </LOCATION>
         <ITEM>
          <INFO>
           <CATEGORIES>
            <CATEGORY>Lib/Science/Math/DiffEq</CATEGORY>
           </CATEGORIES>
           <DESCRIPTION>Справочник по ДУвЧП первого порядка (Камке)</DESCRIPTION>
           <AUTHORS>
            <AUTHOR>
             <FULLNAME>Камке</FULLNAME>
             <LASTNAME>Камке</LASTNAME>
             <FIRSTNAME></FIRSTNAME>
            </AUTHOR>
           </AUTHORS>
           <TITLE>Справочник по ДУвЧП первого порядка</TITLE>
           <INSTANCES>
            <INSTANCE>
             <FORMAT>pdf</FORMAT>
             <SIZE>0</SIZE>
             <CHECKSUM>0</CHECKSUM>
            </INSTANCE>
           </INSTANCES>
          </INFO>
         </ITEM>
        </FILE>
        <FILE link="Lib/Science/Math/DiffEq/Kamke_I.zip">
         <LOCATION>
          <URL>Lib/Science/Math/DiffEq/Kamke_I.zip</URL>
          <SIZE>34.4</SIZE>
          <CHECKSUM>0</CHECKSUM>
          <TYPE>zip</TYPE>
         </LOCATION>
         <ITEM>
          <INFO>
           <CATEGORIES>
            <CATEGORY>Lib/Science/Math/DiffEq</CATEGORY>
           </CATEGORIES>
           <DESCRIPTION>Справочник по ОДУ (Камке)</DESCRIPTION>
           <AUTHORS>
            <AUTHOR>
             <FULLNAME>Камке</FULLNAME>
             <LASTNAME>Камке</LASTNAME>
             <FIRSTNAME></FIRSTNAME>
            </AUTHOR>
           </AUTHORS>
           <TITLE>Справочник по ОДУ</TITLE>
           <INSTANCES>
            <INSTANCE>
             <FORMAT>pdf</FORMAT>
             <SIZE>0</SIZE>
             <CHECKSUM>0</CHECKSUM>
            </INSTANCE>
           </INSTANCES>
          </INFO>
         </ITEM>
        </FILE>
        <FILE link="Lib/Science/Math/DiffEq/Kodigton.zip">
         <LOCATION>
          <URL>Lib/Science/Math/DiffEq/Kodigton.zip</URL>
          <SIZE>17.7</SIZE>
          <CHECKSUM>0</CHECKSUM>
          <TYPE>zip</TYPE>
         </LOCATION>
         <ITEM>
          <INFO>
           <CATEGORIES>
            <CATEGORY>Lib/Science/Math/DiffEq</CATEGORY>
           </CATEGORIES>
           <DESCRIPTION>Теория обыкновенных дифференциальных уравнений (Коддингтон,Левисон)</DESCRIPTION>
           <AUTHORS>
            <AUTHOR>
             <FULLNAME>Коддингтон</FULLNAME>
             <LASTNAME>Коддингтон</LASTNAME>
             <FIRSTNAME></FIRSTNAME>
            </AUTHOR>
            <AUTHOR>
             <FULLNAME>Левисон</FULLNAME>
             <LASTNAME>Левисон</LASTNAME>
             <FIRSTNAME></FIRSTNAME>
            </AUTHOR>
           </AUTHORS>
           <TITLE>Теория обыкновенных дифференциальных уравнений</TITLE>
           <INSTANCES>
            <INSTANCE>
             <FORMAT>pdf</FORMAT>
             <SIZE>0</SIZE>
             <CHECKSUM>0</CHECKSUM>
            </INSTANCE>
           </INSTANCES>
          </INFO>
         </ITEM>
        </FILE>
        <FILE link="Lib/Science/Math/DiffEq/La_Salle.zip">
         <LOCATION>
          <URL>Lib/Science/Math/DiffEq/La_Salle.zip</URL>
          <SIZE>5.5</SIZE>
          <CHECKSUM>0</CHECKSUM>
          <TYPE>zip</TYPE>
         </LOCATION>
         <ITEM>
          <INFO>
           <CATEGORIES>
            <CATEGORY>Lib/Science/Math/DiffEq</CATEGORY>
           </CATEGORIES>
           <DESCRIPTION>Исследования Устойчивости Прямым Методом Ляпунова (Ла-Салль, Лефшец)</DESCRIPTION>
           <AUTHORS>
            <AUTHOR>
             <FULLNAME>Ла-Салль</FULLNAME>
             <LASTNAME>Ла-Салль</LASTNAME>
             <FIRSTNAME></FIRSTNAME>
            </AUTHOR>
            <AUTHOR>
             <FULLNAME>Лефшец</FULLNAME>
             <LASTNAME>Лефшец</LASTNAME>
             <FIRSTNAME></FIRSTNAME>
            </AUTHOR>
           </AUTHORS>
           <TITLE>Исследования Устойчивости Прямым Методом Ляпунова</TITLE>
           <INSTANCES>
            <INSTANCE>
             <FORMAT>pdf</FORMAT>
             <SIZE>0</SIZE>
             <CHECKSUM>0</CHECKSUM>
            </INSTANCE>
           </INSTANCES>
          </INFO>
         </ITEM>
        </FILE>
        <FILE link="Lib/Science/Math/DiffEq/Lefschetz.zip">
         <LOCATION>
          <URL>Lib/Science/Math/DiffEq/Lefschetz.zip</URL>
          <SIZE>12.9</SIZE>
          <CHECKSUM>0</CHECKSUM>
          <TYPE>zip</TYPE>
         </LOCATION>
         <ITEM>
          <INFO>
           <CATEGORIES>
            <CATEGORY>Lib/Science/Math/DiffEq</CATEGORY>
           </CATEGORIES>
           <DESCRIPTION>Геометрическая теория дифференциальных уравнений (Левшец)</DESCRIPTION>
           <AUTHORS>
            <AUTHOR>
             <FULLNAME>Левшец</FULLNAME>
             <LASTNAME>Левшец</LASTNAME>
             <FIRSTNAME></FIRSTNAME>
            </AUTHOR>
           </AUTHORS>
           <TITLE>Геометрическая теория дифференциальных уравнений</TITLE>
           <INSTANCES>
            <INSTANCE>
             <FORMAT>pdf</FORMAT>
             <SIZE>0</SIZE>
             <CHECKSUM>0</CHECKSUM>
            </INSTANCE>
           </INSTANCES>
          </INFO>
         </ITEM>
        </FILE>
        <FILE link="Lib/Science/Math/DiffEq/Lions.zip">
         <LOCATION>
          <URL>Lib/Science/Math/DiffEq/Lions.zip</URL>
          <SIZE>1.9</SIZE>
          <CHECKSUM>0</CHECKSUM>
          <TYPE>zip</TYPE>
         </LOCATION>
         <ITEM>
          <INFO>
           <CATEGORIES>
            <CATEGORY>Lib/Science/Math/DiffEq</CATEGORY>
           </CATEGORIES>
           <DESCRIPTION>О некоторых новых методах теории нелинейных ДУсЧП (Лионс)</DESCRIPTION>
           <AUTHORS>
            <AUTHOR>
             <FULLNAME>Лионс</FULLNAME>
             <LASTNAME>Лионс</LASTNAME>
             <FIRSTNAME></FIRSTNAME>
            </AUTHOR>
           </AUTHORS>
           <TITLE>О некоторых новых методах теории нелинейных ДУсЧП</TITLE>
           <INSTANCES>
            <INSTANCE>
             <FORMAT>pdf</FORMAT>
             <SIZE>0</SIZE>
             <CHECKSUM>0</CHECKSUM>
            </INSTANCE>
           </INSTANCES>
          </INFO>
         </ITEM>
        </FILE>
        <FILE link="Lib/Science/Math/DiffEq/Nemickiy.zip">
         <LOCATION>
          <URL>Lib/Science/Math/DiffEq/Nemickiy.zip</URL>
          <SIZE>23.9</SIZE>
          <CHECKSUM>0</CHECKSUM>
          <TYPE>zip</TYPE>
         </LOCATION>
         <ITEM>
          <INFO>
           <CATEGORIES>
            <CATEGORY>Lib/Science/Math/DiffEq</CATEGORY>
           </CATEGORIES>
           <DESCRIPTION>Качественная теория дифференциальных уравнений (Немыцкий,Степанов)</DESCRIPTION>
           <AUTHORS>
            <AUTHOR>
             <FULLNAME>Немыцкий</FULLNAME>
             <LASTNAME>Немыцкий</LASTNAME>
             <FIRSTNAME></FIRSTNAME>
            </AUTHOR>
            <AUTHOR>
             <FULLNAME>Степанов</FULLNAME>
             <LASTNAME>Степанов</LASTNAME>
             <FIRSTNAME></FIRSTNAME>
            </AUTHOR>
           </AUTHORS>
           <TITLE>Качественная теория дифференциальных уравнений</TITLE>
           <INSTANCES>
            <INSTANCE>
             <FORMAT>pdf</FORMAT>
             <SIZE>0</SIZE>
             <CHECKSUM>0</CHECKSUM>
            </INSTANCE>
           </INSTANCES>
          </INFO>
         </ITEM>
        </FILE>
        <FILE link="Lib/Science/Math/DiffEq/Olver.zip">
         <LOCATION>
          <URL>Lib/Science/Math/DiffEq/Olver.zip</URL>
          <SIZE>23.8</SIZE>
          <CHECKSUM>0</CHECKSUM>
          <TYPE>zip</TYPE>
         </LOCATION>
         <ITEM>
          <INFO>
           <CATEGORIES>
            <CATEGORY>Lib/Science/Math/DiffEq</CATEGORY>
           </CATEGORIES>
           <DESCRIPTION>Приложение Групп Ли к Дифференциальным Уравнениям (Олвер)</DESCRIPTION>
           <AUTHORS>
            <AUTHOR>
             <FULLNAME>Олвер</FULLNAME>
             <LASTNAME>Олвер</LASTNAME>
             <FIRSTNAME></FIRSTNAME>
            </AUTHOR>
           </AUTHORS>
           <TITLE>Приложение Групп Ли к Дифференциальным Уравнениям</TITLE>
           <INSTANCES>
            <INSTANCE>
             <FORMAT>pdf</FORMAT>
             <SIZE>0</SIZE>
             <CHECKSUM>0</CHECKSUM>
            </INSTANCE>
           </INSTANCES>
          </INFO>
         </ITEM>
        </FILE>
        <FILE link="Lib/Science/Math/DiffEq/Ovsanikov.zip">
         <LOCATION>
          <URL>Lib/Science/Math/DiffEq/Ovsanikov.zip</URL>
          <SIZE>17.9</SIZE>
          <CHECKSUM>0</CHECKSUM>
          <TYPE>zip</TYPE>
         </LOCATION>
         <ITEM>
          <INFO>
           <CATEGORIES>
            <CATEGORY>Lib/Science/Math/DiffEq</CATEGORY>
           </CATEGORIES>
           <DESCRIPTION>Групповой Анализ Дифференциальных Уравнений (Овсянников)</DESCRIPTION>
           <AUTHORS>
            <AUTHOR>
             <FULLNAME>Овсянников</FULLNAME>
             <LASTNAME>Овсянников</LASTNAME>
             <FIRSTNAME></FIRSTNAME>
            </AUTHOR>
           </AUTHORS>
           <TITLE>Групповой Анализ Дифференциальных Уравнений</TITLE>
           <INSTANCES>
            <INSTANCE>
             <FORMAT>pdf</FORMAT>
             <SIZE>0</SIZE>
             <CHECKSUM>0</CHECKSUM>
            </INSTANCE>
           </INSTANCES>
          </INFO>
         </ITEM>
        </FILE>
        <FILE link="Lib/Science/Math/DiffEq/Palis.zip">
         <LOCATION>
          <URL>Lib/Science/Math/DiffEq/Palis.zip</URL>
          <SIZE>12.6</SIZE>
          <CHECKSUM>0</CHECKSUM>
          <TYPE>zip</TYPE>
         </LOCATION>
         <ITEM>
          <INFO>
           <CATEGORIES>
            <CATEGORY>Lib/Science/Math/DiffEq</CATEGORY>
           </CATEGORIES>
           <DESCRIPTION>Геометрическая теория динамических систем (Палис,ди Мелу)</DESCRIPTION>
           <AUTHORS>
            <AUTHOR>
             <FULLNAME>Палис</FULLNAME>
             <LASTNAME>Палис</LASTNAME>
             <FIRSTNAME></FIRSTNAME>
            </AUTHOR>
            <AUTHOR>
             <FULLNAME>ди Мелу</FULLNAME>
             <LASTNAME>Мелу</LASTNAME>
             <FIRSTNAME>ди</FIRSTNAME>
            </AUTHOR>
           </AUTHORS>
           <TITLE>Геометрическая теория динамических систем</TITLE>
           <INSTANCES>
            <INSTANCE>
             <FORMAT>pdf</FORMAT>
             <SIZE>0</SIZE>
             <CHECKSUM>0</CHECKSUM>
            </INSTANCE>
           </INSTANCES>
          </INFO>
         </ITEM>
        </FILE>
        <FILE link="Lib/Science/Math/DiffEq/Petrovskiy.zip">
         <LOCATION>
          <URL>Lib/Science/Math/DiffEq/Petrovskiy.zip</URL>
          <SIZE>13.5</SIZE>
          <CHECKSUM>0</CHECKSUM>
          <TYPE>zip</TYPE>
         </LOCATION>
         <ITEM>
          <INFO>
           <CATEGORIES>
            <CATEGORY>Lib/Science/Math/DiffEq</CATEGORY>
           </CATEGORIES>
           <DESCRIPTION>Лекции по теории обыкновенных дифференциальных уравнений (Петровский)</DESCRIPTION>
           <AUTHORS>
            <AUTHOR>
             <FULLNAME>Петровский</FULLNAME>
             <LASTNAME>Петровский</LASTNAME>
             <FIRSTNAME></FIRSTNAME>
            </AUTHOR>
           </AUTHORS>
           <TITLE>Лекции по теории обыкновенных дифференциальных уравнений</TITLE>
           <INSTANCES>
            <INSTANCE>
             <FORMAT>pdf</FORMAT>
             <SIZE>0</SIZE>
             <CHECKSUM>0</CHECKSUM>
            </INSTANCE>
           </INSTANCES>
          </INFO>
         </ITEM>
        </FILE>
        <FILE link="Lib/Science/Math/DiffEq/Pommaret.zip">
         <LOCATION>
          <URL>Lib/Science/Math/DiffEq/Pommaret.zip</URL>
          <SIZE>15.5</SIZE>
          <CHECKSUM>0</CHECKSUM>
          <TYPE>zip</TYPE>
         </LOCATION>
         <ITEM>
          <INFO>
           <CATEGORIES>
            <CATEGORY>Lib/Science/Math/DiffEq</CATEGORY>
           </CATEGORIES>
           <DESCRIPTION>Системы Уравнений с Частными Производными и Псевогруппы Ли (Поммаре)</DESCRIPTION>
           <AUTHORS>
            <AUTHOR>
             <FULLNAME>Поммаре</FULLNAME>
             <LASTNAME>Поммаре</LASTNAME>
             <FIRSTNAME></FIRSTNAME>
            </AUTHOR>
           </AUTHORS>
           <TITLE>Системы Уравнений с Частными Производными и Псевогруппы Ли</TITLE>
           <INSTANCES>
            <INSTANCE>
             <FORMAT>pdf</FORMAT>
             <SIZE>0</SIZE>
             <CHECKSUM>0</CHECKSUM>
            </INSTANCE>
           </INSTANCES>
          </INFO>
         </ITEM>
        </FILE>
        <FILE link="Lib/Science/Math/DiffEq/Pontryagin.zip">
         <LOCATION>
          <URL>Lib/Science/Math/DiffEq/Pontryagin.zip</URL>
          <SIZE>15</SIZE>
          <CHECKSUM>0</CHECKSUM>
          <TYPE>zip</TYPE>
         </LOCATION>
         <ITEM>
          <INFO>
           <CATEGORIES>
            <CATEGORY>Lib/Science/Math/DiffEq</CATEGORY>
           </CATEGORIES>
           <DESCRIPTION>Обыкновенные дифференциальные уравнения (Понтрягин)</DESCRIPTION>
           <AUTHORS>
            <AUTHOR>
             <FULLNAME>Понтрягин</FULLNAME>
             <LASTNAME>Понтрягин</LASTNAME>
             <FIRSTNAME></FIRSTNAME>
            </AUTHOR>
           </AUTHORS>
           <TITLE>Обыкновенные дифференциальные уравнения</TITLE>
           <INSTANCES>
            <INSTANCE>
             <FORMAT>pdf</FORMAT>
             <SIZE>0</SIZE>
             <CHECKSUM>0</CHECKSUM>
            </INSTANCE>
           </INSTANCES>
          </INFO>
         </ITEM>
        </FILE>
        <FILE link="Lib/Science/Math/DiffEq/Reising.zip">
         <LOCATION>
          <URL>Lib/Science/Math/DiffEq/Reising.zip</URL>
          <SIZE>13.8</SIZE>
          <CHECKSUM>0</CHECKSUM>
          <TYPE>zip</TYPE>
         </LOCATION>
         <ITEM>
          <INFO>
           <CATEGORIES>
            <CATEGORY>Lib/Science/Math/DiffEq</CATEGORY>
           </CATEGORIES>
           <DESCRIPTION>Качественная теория нелинейных дифференциальных уравнений (Рейссиг,Сансоне,Конти)</DESCRIPTION>
           <AUTHORS>
            <AUTHOR>
             <FULLNAME>Рейссиг</FULLNAME>
             <LASTNAME>Рейссиг</LASTNAME>
             <FIRSTNAME></FIRSTNAME>
            </AUTHOR>
            <AUTHOR>
             <FULLNAME>Сансоне</FULLNAME>
             <LASTNAME>Сансоне</LASTNAME>
             <FIRSTNAME></FIRSTNAME>
            </AUTHOR>
            <AUTHOR>
             <FULLNAME>Конти</FULLNAME>
             <LASTNAME>Конти</LASTNAME>
             <FIRSTNAME></FIRSTNAME>
            </AUTHOR>
           </AUTHORS>
           <TITLE>Качественная теория нелинейных дифференциальных уравнений</TITLE>
           <INSTANCES>
            <INSTANCE>
             <FORMAT>pdf</FORMAT>
             <SIZE>0</SIZE>
             <CHECKSUM>0</CHECKSUM>
            </INSTANCE>
           </INSTANCES>
          </INFO>
         </ITEM>
        </FILE>
        <FILE link="Lib/Science/Math/DiffEq/Sansone1.zip">
         <LOCATION>
          <URL>Lib/Science/Math/DiffEq/Sansone1.zip</URL>
          <SIZE>14.3</SIZE>
          <CHECKSUM>0</CHECKSUM>
          <TYPE>zip</TYPE>
         </LOCATION>
         <ITEM>
          <INFO>
           <CATEGORIES>
            <CATEGORY>Lib/Science/Math/DiffEq</CATEGORY>
           </CATEGORIES>
           <DESCRIPTION>Обыкновенные дифференциальные уравнения, т. 1 (Сансоне)</DESCRIPTION>
           <AUTHORS>
            <AUTHOR>
             <FULLNAME>Сансоне</FULLNAME>
             <LASTNAME>Сансоне</LASTNAME>
             <FIRSTNAME></FIRSTNAME>
            </AUTHOR>
           </AUTHORS>
           <TITLE>Обыкновенные дифференциальные уравнения,</TITLE>
           <INSTANCES>
            <INSTANCE>
             <FORMAT>pdf</FORMAT>
             <SIZE>0</SIZE>
             <CHECKSUM>0</CHECKSUM>
            </INSTANCE>
           </INSTANCES>
          </INFO>
         </ITEM>
        </FILE>
        <FILE link="Lib/Science/Math/DiffEq/Sansone2.zip">
         <LOCATION>
          <URL>Lib/Science/Math/DiffEq/Sansone2.zip</URL>
          <SIZE>17.9</SIZE>
          <CHECKSUM>0</CHECKSUM>
          <TYPE>zip</TYPE>
         </LOCATION>
         <ITEM>
          <INFO>
           <CATEGORIES>
            <CATEGORY>Lib/Science/Math/DiffEq</CATEGORY>
           </CATEGORIES>
           <DESCRIPTION>Обыкновенные дифференциальные уравнения, т. 2 (Сансоне)</DESCRIPTION>
           <AUTHORS>
            <AUTHOR>
             <FULLNAME>Сансоне</FULLNAME>
             <LASTNAME>Сансоне</LASTNAME>
             <FIRSTNAME></FIRSTNAME>
            </AUTHOR>
           </AUTHORS>
           <TITLE>Обыкновенные дифференциальные уравнения,</TITLE>
           <INSTANCES>
            <INSTANCE>
             <FORMAT>pdf</FORMAT>
             <SIZE>0</SIZE>
             <CHECKSUM>0</CHECKSUM>
            </INSTANCE>
           </INSTANCES>
          </INFO>
         </ITEM>
        </FILE>
        <FILE link="Lib/Science/Math/DiffEq/Sparrow.zip">
         <LOCATION>
          <URL>Lib/Science/Math/DiffEq/Sparrow.zip</URL>
          <SIZE>8.7</SIZE>
          <CHECKSUM>0</CHECKSUM>
          <TYPE>zip</TYPE>
         </LOCATION>
         <ITEM>
          <INFO>
           <CATEGORIES>
            <CATEGORY>Lib/Science/Math/DiffEq</CATEGORY>
           </CATEGORIES>
           <DESCRIPTION>Lorenz Equations: Bifurcations, Chaos and Strange Attractors (Sparrow)</DESCRIPTION>
           <AUTHORS>
            <AUTHOR>
             <FULLNAME>Sparrow</FULLNAME>
             <LASTNAME>Sparrow</LASTNAME>
             <FIRSTNAME></FIRSTNAME>
            </AUTHOR>
           </AUTHORS>
           <TITLE>Lorenz Equations: Bifurcations, Chaos and Strange Attractors</TITLE>
           <INSTANCES>
            <INSTANCE>
             <FORMAT>pdf</FORMAT>
             <SIZE>0</SIZE>
             <CHECKSUM>0</CHECKSUM>
            </INSTANCE>
           </INSTANCES>
          </INFO>
         </ITEM>
        </FILE>
        <FILE link="Lib/Science/Math/DiffEq/Stepanov.zip">
         <LOCATION>
          <URL>Lib/Science/Math/DiffEq/Stepanov.zip</URL>
          <SIZE>17.3</SIZE>
          <CHECKSUM>0</CHECKSUM>
          <TYPE>zip</TYPE>
         </LOCATION>
         <ITEM>
          <INFO>
           <CATEGORIES>
            <CATEGORY>Lib/Science/Math/DiffEq</CATEGORY>
           </CATEGORIES>
           <DESCRIPTION>Курс Дифференциальных Уравнений (Степанов)</DESCRIPTION>
           <AUTHORS>
            <AUTHOR>
             <FULLNAME>Степанов</FULLNAME>
             <LASTNAME>Степанов</LASTNAME>
             <FIRSTNAME></FIRSTNAME>
            </AUTHOR>
           </AUTHORS>
           <TITLE>Курс Дифференциальных Уравнений</TITLE>
           <INSTANCES>
            <INSTANCE>
             <FORMAT>pdf</FORMAT>
             <SIZE>0</SIZE>
             <CHECKSUM>0</CHECKSUM>
            </INSTANCE>
           </INSTANCES>
          </INFO>
         </ITEM>
        </FILE>
        <FILE link="Lib/Science/Math/DiffEq/Thompson.zip">
         <LOCATION>
          <URL>Lib/Science/Math/DiffEq/Thompson.zip</URL>
          <SIZE>12.6</SIZE>
          <CHECKSUM>0</CHECKSUM>
          <TYPE>zip</TYPE>
         </LOCATION>
         <ITEM>
          <INFO>
           <CATEGORIES>
            <CATEGORY>Lib/Science/Math/DiffEq</CATEGORY>
           </CATEGORIES>
           <DESCRIPTION>Неустойчивости и катастрофы в науке и технике (Томпсон)</DESCRIPTION>
           <AUTHORS>
            <AUTHOR>
             <FULLNAME>Томпсон</FULLNAME>
             <LASTNAME>Томпсон</LASTNAME>
             <FIRSTNAME></FIRSTNAME>
            </AUTHOR>
           </AUTHORS>
           <TITLE>Неустойчивости и катастрофы в науке и технике</TITLE>
           <INSTANCES>
            <INSTANCE>
             <FORMAT>pdf</FORMAT>
             <SIZE>0</SIZE>
             <CHECKSUM>0</CHECKSUM>
            </INSTANCE>
           </INSTANCES>
          </INFO>
         </ITEM>
        </FILE>
        <FILE link="Lib/Science/Math/DiffEq/Tihonov.zip">
         <LOCATION>
          <URL>Lib/Science/Math/DiffEq/Tihonov.zip</URL>
          <SIZE>37.7</SIZE>
          <CHECKSUM>0</CHECKSUM>
          <TYPE>zip</TYPE>
         </LOCATION>
         <ITEM>
          <INFO>
           <CATEGORIES>
            <CATEGORY>Lib/Science/Math/DiffEq</CATEGORY>
           </CATEGORIES>
           <DESCRIPTION>Курс высшей математики и математической физики. Дифференциальные уравнения (Тихонов,Васильева,Свешников)</DESCRIPTION>
           <AUTHORS>
            <AUTHOR>
             <FULLNAME>Тихонов</FULLNAME>
             <LASTNAME>Тихонов</LASTNAME>
             <FIRSTNAME></FIRSTNAME>
            </AUTHOR>
            <AUTHOR>
             <FULLNAME>Васильева</FULLNAME>
             <LASTNAME>Васильева</LASTNAME>
             <FIRSTNAME></FIRSTNAME>
            </AUTHOR>
            <AUTHOR>
             <FULLNAME>Свешников</FULLNAME>
             <LASTNAME>Свешников</LASTNAME>
             <FIRSTNAME></FIRSTNAME>
            </AUTHOR>
           </AUTHORS>
           <TITLE>Курс высшей математики и математической физики. Дифференциальные уравнения</TITLE>
           <INSTANCES>
            <INSTANCE>
             <FORMAT>pdf</FORMAT>
             <SIZE>0</SIZE>
             <CHECKSUM>0</CHECKSUM>
            </INSTANCE>
           </INSTANCES>
          </INFO>
         </ITEM>
        </FILE>
        <FILE link="Lib/Science/Math/DiffEq/Tikhonov.zip">
         <LOCATION>
          <URL>Lib/Science/Math/DiffEq/Tikhonov.zip</URL>
          <SIZE>17.2</SIZE>
          <CHECKSUM>0</CHECKSUM>
          <TYPE>zip</TYPE>
         </LOCATION>
         <ITEM>
          <INFO>
           <CATEGORIES>
            <CATEGORY>Lib/Science/Math/DiffEq</CATEGORY>
           </CATEGORIES>
           <DESCRIPTION>Дифференциальные Уравнения (Тихонов,Васильева,Свешников)</DESCRIPTION>
           <AUTHORS>
            <AUTHOR>
             <FULLNAME>Тихонов</FULLNAME>
             <LASTNAME>Тихонов</LASTNAME>
             <FIRSTNAME></FIRSTNAME>
            </AUTHOR>
            <AUTHOR>
             <FULLNAME>Васильева</FULLNAME>
             <LASTNAME>Васильева</LASTNAME>
             <FIRSTNAME></FIRSTNAME>
            </AUTHOR>
            <AUTHOR>
             <FULLNAME>Свешников</FULLNAME>
             <LASTNAME>Свешников</LASTNAME>
             <FIRSTNAME></FIRSTNAME>
            </AUTHOR>
           </AUTHORS>
           <TITLE>Дифференциальные Уравнения</TITLE>
           <INSTANCES>
            <INSTANCE>
             <FORMAT>pdf</FORMAT>
             <SIZE>0</SIZE>
             <CHECKSUM>0</CHECKSUM>
            </INSTANCE>
           </INSTANCES>
          </INFO>
         </ITEM>
        </FILE>
        <FILE link="Lib/Science/Math/DiffEq/Trofimov_Fomenko.zip">
         <LOCATION>
          <URL>Lib/Science/Math/DiffEq/Trofimov_Fomenko.zip</URL>
          <SIZE>17.2</SIZE>
          <CHECKSUM>0</CHECKSUM>
          <TYPE>zip</TYPE>
         </LOCATION>
         <ITEM>
          <INFO>
           <CATEGORIES>
            <CATEGORY>Lib/Science/Math/DiffEq</CATEGORY>
           </CATEGORIES>
           <DESCRIPTION>Алгебра и Геометрия Итегрируемых Гамильтоновых ДУ (Трофимов, Фоменко)</DESCRIPTION>
           <AUTHORS>
            <AUTHOR>
             <FULLNAME>Трофимов</FULLNAME>
             <LASTNAME>Трофимов</LASTNAME>
             <FIRSTNAME></FIRSTNAME>
            </AUTHOR>
            <AUTHOR>
             <FULLNAME>Фоменко</FULLNAME>
             <LASTNAME>Фоменко</LASTNAME>
             <FIRSTNAME></FIRSTNAME>
            </AUTHOR>
           </AUTHORS>
           <TITLE>Алгебра и Геометрия Итегрируемых Гамильтоновых ДУ</TITLE>
           <INSTANCES>
            <INSTANCE>
             <FORMAT>pdf</FORMAT>
             <SIZE>0</SIZE>
             <CHECKSUM>0</CHECKSUM>
            </INSTANCE>
           </INSTANCES>
          </INFO>
         </ITEM>
        </FILE>
        <FILE link="Lib/Science/Math/DiffEq/Vazov.zip">
         <LOCATION>
          <URL>Lib/Science/Math/DiffEq/Vazov.zip</URL>
          <SIZE>22.6</SIZE>
          <CHECKSUM>0</CHECKSUM>
          <TYPE>zip</TYPE>
         </LOCATION>
         <ITEM>
          <INFO>
           <CATEGORIES>
            <CATEGORY>Lib/Science/Math/DiffEq</CATEGORY>
           </CATEGORIES>
           <DESCRIPTION>Асимптотические разложения решений обыкновенных дифференциальных уравнений (Вазов)</DESCRIPTION>
           <AUTHORS>
            <AUTHOR>
             <FULLNAME>Вазов</FULLNAME>
             <LASTNAME>Вазов</LASTNAME>
             <FIRSTNAME></FIRSTNAME>
            </AUTHOR>
           </AUTHORS>
           <TITLE>Асимптотические разложения решений обыкновенных дифференциальных уравнений</TITLE>
           <INSTANCES>
            <INSTANCE>
             <FORMAT>pdf</FORMAT>
             <SIZE>0</SIZE>
             <CHECKSUM>0</CHECKSUM>
            </INSTANCE>
           </INSTANCES>
          </INFO>
         </ITEM>
        </FILE>
       </FILELIST>
      </DIR>
      <DIR link="Lib/Science/Math/Elemental">
       <LOCATION>
        <URL>Lib/Science/Math/Elemental</URL>
        <SIZE>281.8</SIZE>
       </LOCATION>
       <FILELIST category="Lib/Science/Math/Elemental">
        <INFO>
         <DESCRIPTION>Elemental</DESCRIPTION>
         <TITLE>Elemental</TITLE>
         <DEFAULTFORMAT>pdf</DEFAULTFORMAT>
        </INFO>
        <FILE link="Lib/Science/Math/Elemental/Felix.zip">
         <LOCATION>
          <URL>Lib/Science/Math/Elemental/Felix.zip</URL>
          <SIZE>21.5</SIZE>
          <CHECKSUM>0</CHECKSUM>
          <TYPE>zip</TYPE>
         </LOCATION>
         <ITEM>
          <INFO>
           <CATEGORIES>
            <CATEGORY>Lib/Science/Math/Elemental</CATEGORY>
           </CATEGORIES>
           <DESCRIPTION>Элементарная Математика в Современном Изложение (Феликс)</DESCRIPTION>
           <AUTHORS>
            <AUTHOR>
             <FULLNAME>Феликс</FULLNAME>
             <LASTNAME>Феликс</LASTNAME>
             <FIRSTNAME></FIRSTNAME>
            </AUTHOR>
           </AUTHORS>
           <TITLE>Элементарная Математика в Современном Изложение</TITLE>
           <INSTANCES>
            <INSTANCE>
             <FORMAT>pdf</FORMAT>
             <SIZE>0</SIZE>
             <CHECKSUM>0</CHECKSUM>
            </INSTANCE>
           </INSTANCES>
          </INFO>
         </ITEM>
        </FILE>
        <FILE link="Lib/Science/Math/Elemental/Handbook of Math Functions.zip">
         <LOCATION>
          <URL>Lib/Science/Math/Elemental/Handbook of Math Functions.zip</URL>
          <SIZE>59.5</SIZE>
          <CHECKSUM>0</CHECKSUM>
          <TYPE>zip</TYPE>
         </LOCATION>
         <ITEM>
          <INFO>
           <CATEGORIES>
            <CATEGORY>Lib/Science/Math/Elemental</CATEGORY>
           </CATEGORIES>
           <DESCRIPTION>Handbook of Mathematical Functions (Abramowitz,Stegun)</DESCRIPTION>
           <AUTHORS>
            <AUTHOR>
             <FULLNAME>Abramowitz</FULLNAME>
             <LASTNAME>Abramowitz</LASTNAME>
             <FIRSTNAME></FIRSTNAME>
            </AUTHOR>
            <AUTHOR>
             <FULLNAME>Stegun</FULLNAME>
             <LASTNAME>Stegun</LASTNAME>
             <FIRSTNAME></FIRSTNAME>
            </AUTHOR>
           </AUTHORS>
           <TITLE>Handbook of Mathematical Functions</TITLE>
           <INSTANCES>
            <INSTANCE>
             <FORMAT>pdf</FORMAT>
             <SIZE>0</SIZE>
             <CHECKSUM>0</CHECKSUM>
            </INSTANCE>
           </INSTANCES>
          </INFO>
         </ITEM>
        </FILE>
        <FILE link="Lib/Science/Math/Elemental/Leng.zip">
         <LOCATION>
          <URL>Lib/Science/Math/Elemental/Leng.zip</URL>
          <SIZE>7.4</SIZE>
          <CHECKSUM>0</CHECKSUM>
          <TYPE>zip</TYPE>
         </LOCATION>
         <ITEM>
          <INFO>
           <CATEGORIES>
            <CATEGORY>Lib/Science/Math/Elemental</CATEGORY>
           </CATEGORIES>
           <DESCRIPTION>Математические Беседы для Студентов (Ленг)</DESCRIPTION>
           <AUTHORS>
            <AUTHOR>
             <FULLNAME>Ленг</FULLNAME>
             <LASTNAME>Ленг</LASTNAME>
             <FIRSTNAME></FIRSTNAME>
            </AUTHOR>
           </AUTHORS>
           <TITLE>Математические Беседы для Студентов</TITLE>
           <INSTANCES>
            <INSTANCE>
             <FORMAT>pdf</FORMAT>
             <SIZE>0</SIZE>
             <CHECKSUM>0</CHECKSUM>
            </INSTANCE>
           </INSTANCES>
          </INFO>
         </ITEM>
        </FILE>
        <FILE link="Lib/Science/Math/Elemental/MathDictionary.zip">
         <LOCATION>
          <URL>Lib/Science/Math/Elemental/MathDictionary.zip</URL>
          <SIZE>159.5</SIZE>
          <CHECKSUM>0</CHECKSUM>
          <TYPE>zip</TYPE>
         </LOCATION>
         <ITEM>
          <INFO>
           <CATEGORIES>
            <CATEGORY>Lib/Science/Math/Elemental</CATEGORY>
           </CATEGORIES>
           <DESCRIPTION>Encyclopedic Dictionary of Mathematics</DESCRIPTION>
           <TITLE>Encyclopedic Dictionary of Mathematics</TITLE>
           <INSTANCES>
            <INSTANCE>
             <FORMAT>pdf</FORMAT>
             <SIZE>0</SIZE>
             <CHECKSUM>0</CHECKSUM>
            </INSTANCE>
           </INSTANCES>
          </INFO>
         </ITEM>
        </FILE>
        <FILE link="Lib/Science/Math/Elemental/Schaums Mathematical Handbook of Formulas and Tables.zip">
         <LOCATION>
          <URL>Lib/Science/Math/Elemental/Schaums Mathematical Handbook of Formulas and Tables.zip</URL>
          <SIZE>21.1</SIZE>
          <CHECKSUM>0</CHECKSUM>
          <TYPE>zip</TYPE>
         </LOCATION>
         <ITEM>
          <INFO>
           <CATEGORIES>
            <CATEGORY>Lib/Science/Math/Elemental</CATEGORY>
           </CATEGORIES>
           <DESCRIPTION>Mathematical Handbook of Formulas and Tables (Schaum)</DESCRIPTION>
           <AUTHORS>
            <AUTHOR>
             <FULLNAME>Schaum</FULLNAME>
             <LASTNAME>Schaum</LASTNAME>
             <FIRSTNAME></FIRSTNAME>
            </AUTHOR>
           </AUTHORS>
           <TITLE>Mathematical Handbook of Formulas and Tables</TITLE>
           <INSTANCES>
            <INSTANCE>
             <FORMAT>pdf</FORMAT>
             <SIZE>0</SIZE>
             <CHECKSUM>0</CHECKSUM>
            </INSTANCE>
           </INSTANCES>
          </INFO>
         </ITEM>
        </FILE>
        <FILE link="Lib/Science/Math/Elemental/Vygodsky.zip">
         <LOCATION>
          <URL>Lib/Science/Math/Elemental/Vygodsky.zip</URL>
          <SIZE>12.8</SIZE>
          <CHECKSUM>0</CHECKSUM>
          <TYPE>zip</TYPE>
         </LOCATION>
         <ITEM>
          <INFO>
           <CATEGORIES>
            <CATEGORY>Lib/Science/Math/Elemental</CATEGORY>
           </CATEGORIES>
           <DESCRIPTION>Справочник по Элементарной Математике (Выгодский)</DESCRIPTION>
           <AUTHORS>
            <AUTHOR>
             <FULLNAME>Выгодский</FULLNAME>
             <LASTNAME>Выгодский</LASTNAME>
             <FIRSTNAME></FIRSTNAME>
            </AUTHOR>
           </AUTHORS>
           <TITLE>Справочник по Элементарной Математике</TITLE>
           <INSTANCES>
            <INSTANCE>
             <FORMAT>pdf</FORMAT>
             <SIZE>0</SIZE>
             <CHECKSUM>0</CHECKSUM>
            </INSTANCE>
           </INSTANCES>
          </INFO>
         </ITEM>
        </FILE>
       </FILELIST>
      </DIR>
      <DIR link="Lib/Science/Math/FuncAn">
       <LOCATION>
        <URL>Lib/Science/Math/FuncAn</URL>
        <SIZE>24.2</SIZE>
       </LOCATION>
       <FILELIST category="Lib/Science/Math/FuncAn">
        <INFO>
         <DESCRIPTION>FuncAn</DESCRIPTION>
         <TITLE>FuncAn</TITLE>
         <DEFAULTFORMAT>pdf</DEFAULTFORMAT>
        </INFO>
        <FILE link="Lib/Science/Math/FuncAn/Kolmogorov.zip">
         <LOCATION>
          <URL>Lib/Science/Math/FuncAn/Kolmogorov.zip</URL>
          <SIZE>22.9</SIZE>
          <CHECKSUM>0</CHECKSUM>
          <TYPE>zip</TYPE>
         </LOCATION>
         <ITEM>
          <INFO>
           <CATEGORIES>
            <CATEGORY>Lib/Science/Math/FuncAn</CATEGORY>
           </CATEGORIES>
           <DESCRIPTION>Элементы Теории Функций и Функционального Анализа (Колмогоров)</DESCRIPTION>
           <AUTHORS>
            <AUTHOR>
             <FULLNAME>Колмогоров</FULLNAME>
             <LASTNAME>Колмогоров</LASTNAME>
             <FIRSTNAME></FIRSTNAME>
            </AUTHOR>
           </AUTHORS>
           <TITLE>Элементы Теории Функций и Функционального Анализа</TITLE>
           <INSTANCES>
            <INSTANCE>
             <FORMAT>pdf</FORMAT>
             <SIZE>0</SIZE>
             <CHECKSUM>0</CHECKSUM>
            </INSTANCE>
           </INSTANCES>
          </INFO>
         </ITEM>
        </FILE>
        <FILE link="Lib/Science/Math/FuncAn/Kotutaladze.zip">
         <LOCATION>
          <URL>Lib/Science/Math/FuncAn/Kotutaladze.zip</URL>
          <SIZE>1.3</SIZE>
          <CHECKSUM>0</CHECKSUM>
          <TYPE>zip</TYPE>
         </LOCATION>
         <ITEM>
          <INFO>
           <CATEGORIES>
            <CATEGORY>Lib/Science/Math/FuncAn</CATEGORY>
           </CATEGORIES>
           <DESCRIPTION>Основы Функционального Анализа (Кутателадзе)</DESCRIPTION>
           <AUTHORS>
            <AUTHOR>
             <FULLNAME>Кутателадзе</FULLNAME>
             <LASTNAME>Кутателадзе</LASTNAME>
             <FIRSTNAME></FIRSTNAME>
            </AUTHOR>
           </AUTHORS>
           <TITLE>Основы Функционального Анализа</TITLE>
           <INSTANCES>
            <INSTANCE>
             <FORMAT>pdf</FORMAT>
             <SIZE>0</SIZE>
             <CHECKSUM>0</CHECKSUM>
            </INSTANCE>
           </INSTANCES>
          </INFO>
         </ITEM>
        </FILE>
       </FILELIST>
      </DIR>
      <DIR link="Lib/Science/Math/Geometry">
       <LOCATION>
        <URL>Lib/Science/Math/Geometry</URL>
        <SIZE>168.9</SIZE>
       </LOCATION>
       <FILELIST category="Lib/Science/Math/Geometry">
        <INFO>
         <DESCRIPTION>Geometry</DESCRIPTION>
         <TITLE>Geometry</TITLE>
         <DEFAULTFORMAT>pdf</DEFAULTFORMAT>
        </INFO>
        <FILE link="Lib/Science/Math/Geometry/Dubrovin.zip">
         <LOCATION>
          <URL>Lib/Science/Math/Geometry/Dubrovin.zip</URL>
          <SIZE>32.5</SIZE>
          <CHECKSUM>0</CHECKSUM>
          <TYPE>zip</TYPE>
         </LOCATION>
         <ITEM>
          <INFO>
           <CATEGORIES>
            <CATEGORY>Lib/Science/Math/Geometry</CATEGORY>
           </CATEGORIES>
           <DESCRIPTION>Современная Геометрия Методы и Ее Приложения (Дубровин)</DESCRIPTION>
           <AUTHORS>
            <AUTHOR>
             <FULLNAME>Дубровин</FULLNAME>
             <LASTNAME>Дубровин</LASTNAME>
             <FIRSTNAME></FIRSTNAME>
            </AUTHOR>
           </AUTHORS>
           <TITLE>Современная Геометрия Методы и Ее Приложения</TITLE>
           <INSTANCES>
            <INSTANCE>
             <FORMAT>pdf</FORMAT>
             <SIZE>0</SIZE>
             <CHECKSUM>0</CHECKSUM>
            </INSTANCE>
           </INSTANCES>
          </INFO>
         </ITEM>
        </FILE>
        <FILE link="Lib/Science/Math/Geometry/Efimov.zip">
         <LOCATION>
          <URL>Lib/Science/Math/Geometry/Efimov.zip</URL>
          <SIZE>15.3</SIZE>
          <CHECKSUM>0</CHECKSUM>
          <TYPE>zip</TYPE>
         </LOCATION>
         <ITEM>
          <INFO>
           <CATEGORIES>
            <CATEGORY>Lib/Science/Math/Geometry</CATEGORY>
           </CATEGORIES>
           <DESCRIPTION>Краткий Курс Аналитической Геометрии (Ефимов)</DESCRIPTION>
           <AUTHORS>
            <AUTHOR>
             <FULLNAME>Ефимов</FULLNAME>
             <LASTNAME>Ефимов</LASTNAME>
             <FIRSTNAME></FIRSTNAME>
            </AUTHOR>
           </AUTHORS>
           <TITLE>Краткий Курс Аналитической Геометрии</TITLE>
           <INSTANCES>
            <INSTANCE>
             <FORMAT>pdf</FORMAT>
             <SIZE>0</SIZE>
             <CHECKSUM>0</CHECKSUM>
            </INSTANCE>
           </INSTANCES>
          </INFO>
         </ITEM>
        </FILE>
        <FILE link="Lib/Science/Math/Geometry/Fomenko.zip">
         <LOCATION>
          <URL>Lib/Science/Math/Geometry/Fomenko.zip</URL>
          <SIZE>16.2</SIZE>
          <CHECKSUM>0</CHECKSUM>
          <TYPE>zip</TYPE>
         </LOCATION>
         <ITEM>
          <INFO>
           <CATEGORIES>
            <CATEGORY>Lib/Science/Math/Geometry</CATEGORY>
           </CATEGORIES>
           <DESCRIPTION>Дифференциальная Геометрия и Топология: Дополнительные Главы (Фоменко)</DESCRIPTION>
           <AUTHORS>
            <AUTHOR>
             <FULLNAME>Фоменко</FULLNAME>
             <LASTNAME>Фоменко</LASTNAME>
             <FIRSTNAME></FIRSTNAME>
            </AUTHOR>
           </AUTHORS>
           <TITLE>Дифференциальная Геометрия и Топология: Дополнительные Главы</TITLE>
           <INSTANCES>
            <INSTANCE>
             <FORMAT>pdf</FORMAT>
             <SIZE>0</SIZE>
             <CHECKSUM>0</CHECKSUM>
            </INSTANCE>
           </INSTANCES>
          </INFO>
         </ITEM>
        </FILE>
        <FILE link="Lib/Science/Math/Geometry/Hirsch.zip">
         <LOCATION>
          <URL>Lib/Science/Math/Geometry/Hirsch.zip</URL>
          <SIZE>12.9</SIZE>
          <CHECKSUM>0</CHECKSUM>
          <TYPE>zip</TYPE>
         </LOCATION>
         <ITEM>
          <INFO>
           <CATEGORIES>
            <CATEGORY>Lib/Science/Math/Geometry</CATEGORY>
           </CATEGORIES>
           <DESCRIPTION>Дифференциальная Топология (Хирш)</DESCRIPTION>
           <AUTHORS>
            <AUTHOR>
             <FULLNAME>Хирш</FULLNAME>
             <LASTNAME>Хирш</LASTNAME>
             <FIRSTNAME></FIRSTNAME>
            </AUTHOR>
           </AUTHORS>
           <TITLE>Дифференциальная Топология</TITLE>
           <INSTANCES>
            <INSTANCE>
             <FORMAT>pdf</FORMAT>
             <SIZE>0</SIZE>
             <CHECKSUM>0</CHECKSUM>
            </INSTANCE>
           </INSTANCES>
          </INFO>
         </ITEM>
        </FILE>
        <FILE link="Lib/Science/Math/Geometry/Kobayashi_I.zip">
         <LOCATION>
          <URL>Lib/Science/Math/Geometry/Kobayashi_I.zip</URL>
          <SIZE>28.8</SIZE>
          <CHECKSUM>0</CHECKSUM>
          <TYPE>zip</TYPE>
         </LOCATION>
         <ITEM>
          <INFO>
           <CATEGORIES>
            <CATEGORY>Lib/Science/Math/Geometry</CATEGORY>
           </CATEGORIES>
           <DESCRIPTION>Основы Дифференциальной Геометрии т.1 (Кобаяси)</DESCRIPTION>
           <AUTHORS>
            <AUTHOR>
             <FULLNAME>Кобаяси</FULLNAME>
             <LASTNAME>Кобаяси</LASTNAME>
             <FIRSTNAME></FIRSTNAME>
            </AUTHOR>
           </AUTHORS>
           <TITLE>Основы Дифференциальной Геометрии</TITLE>
           <INSTANCES>
            <INSTANCE>
             <FORMAT>pdf</FORMAT>
             <SIZE>0</SIZE>
             <CHECKSUM>0</CHECKSUM>
            </INSTANCE>
           </INSTANCES>
          </INFO>
         </ITEM>
        </FILE>
        <FILE link="Lib/Science/Math/Geometry/Kobayashi_II.zip">
         <LOCATION>
          <URL>Lib/Science/Math/Geometry/Kobayashi_II.zip</URL>
          <SIZE>19.4</SIZE>
          <CHECKSUM>0</CHECKSUM>
          <TYPE>zip</TYPE>
         </LOCATION>
         <ITEM>
          <INFO>
           <CATEGORIES>
            <CATEGORY>Lib/Science/Math/Geometry</CATEGORY>
           </CATEGORIES>
           <DESCRIPTION>Основы Дифференциальной Геометрии т.2 (Кобаяси)</DESCRIPTION>
           <AUTHORS>
            <AUTHOR>
             <FULLNAME>Кобаяси</FULLNAME>
             <LASTNAME>Кобаяси</LASTNAME>
             <FIRSTNAME></FIRSTNAME>
            </AUTHOR>
           </AUTHORS>
           <TITLE>Основы Дифференциальной Геометрии</TITLE>
           <INSTANCES>
            <INSTANCE>
             <FORMAT>pdf</FORMAT>
             <SIZE>0</SIZE>
             <CHECKSUM>0</CHECKSUM>
            </INSTANCE>
           </INSTANCES>
          </INFO>
         </ITEM>
        </FILE>
        <FILE link="Lib/Science/Math/Geometry/Kosneowski.zip">
         <LOCATION>
          <URL>Lib/Science/Math/Geometry/Kosneowski.zip</URL>
          <SIZE>17.5</SIZE>
          <CHECKSUM>0</CHECKSUM>
          <TYPE>zip</TYPE>
         </LOCATION>
         <ITEM>
          <INFO>
           <CATEGORIES>
            <CATEGORY>Lib/Science/Math/Geometry</CATEGORY>
           </CATEGORIES>
           <DESCRIPTION>Начальный Курс Алгебраической Топологии (Косневски)</DESCRIPTION>
           <AUTHORS>
            <AUTHOR>
             <FULLNAME>Косневски</FULLNAME>
             <LASTNAME>Косневски</LASTNAME>
             <FIRSTNAME></FIRSTNAME>
            </AUTHOR>
           </AUTHORS>
           <TITLE>Начальный Курс Алгебраической Топологии</TITLE>
           <INSTANCES>
            <INSTANCE>
             <FORMAT>pdf</FORMAT>
             <SIZE>0</SIZE>
             <CHECKSUM>0</CHECKSUM>
            </INSTANCE>
           </INSTANCES>
          </INFO>
         </ITEM>
        </FILE>
        <FILE link="Lib/Science/Math/Geometry/planim.zip">
         <LOCATION>
          <URL>Lib/Science/Math/Geometry/planim.zip</URL>
          <SIZE>0.4</SIZE>
          <CHECKSUM>0</CHECKSUM>
          <TYPE>zip</TYPE>
         </LOCATION>
         <ITEM>
          <INFO>
           <CATEGORIES>
            <CATEGORY>Lib/Science/Math/Geometry</CATEGORY>
           </CATEGORIES>
           <DESCRIPTION>Задачи по планиметрии (Гордин)</DESCRIPTION>
           <AUTHORS>
            <AUTHOR>
             <FULLNAME>Гордин</FULLNAME>
             <LASTNAME>Гордин</LASTNAME>
             <FIRSTNAME></FIRSTNAME>
            </AUTHOR>
           </AUTHORS>
           <TITLE>Задачи по планиметрии</TITLE>
           <INSTANCES>
            <INSTANCE>
             <FORMAT>pdf</FORMAT>
             <SIZE>0</SIZE>
             <CHECKSUM>0</CHECKSUM>
            </INSTANCE>
           </INSTANCES>
          </INFO>
         </ITEM>
        </FILE>
        <FILE link="Lib/Science/Math/Geometry/Reid.zip">
         <LOCATION>
          <URL>Lib/Science/Math/Geometry/Reid.zip</URL>
          <SIZE>9.7</SIZE>
          <CHECKSUM>0</CHECKSUM>
          <TYPE>zip</TYPE>
         </LOCATION>
         <ITEM>
          <INFO>
           <CATEGORIES>
            <CATEGORY>Lib/Science/Math/Geometry</CATEGORY>
           </CATEGORIES>
           <DESCRIPTION>Алгебраическая Геометрия для Всех (Рид)</DESCRIPTION>
           <AUTHORS>
            <AUTHOR>
             <FULLNAME>Рид</FULLNAME>
             <LASTNAME>Рид</LASTNAME>
             <FIRSTNAME></FIRSTNAME>
            </AUTHOR>
           </AUTHORS>
           <TITLE>Алгебраическая Геометрия для Всех</TITLE>
           <INSTANCES>
            <INSTANCE>
             <FORMAT>pdf</FORMAT>
             <SIZE>0</SIZE>
             <CHECKSUM>0</CHECKSUM>
            </INSTANCE>
           </INSTANCES>
          </INFO>
         </ITEM>
        </FILE>
        <FILE link="Lib/Science/Math/Geometry/Trofimov.zip">
         <LOCATION>
          <URL>Lib/Science/Math/Geometry/Trofimov.zip</URL>
          <SIZE>16.3</SIZE>
          <CHECKSUM>0</CHECKSUM>
          <TYPE>zip</TYPE>
         </LOCATION>
         <ITEM>
          <INFO>
           <CATEGORIES>
            <CATEGORY>Lib/Science/Math/Geometry</CATEGORY>
           </CATEGORIES>
           <DESCRIPTION>Введение в Геометрию Многообразий с Симметриями (Трофимов)</DESCRIPTION>
           <AUTHORS>
            <AUTHOR>
             <FULLNAME>Трофимов</FULLNAME>
             <LASTNAME>Трофимов</LASTNAME>
             <FIRSTNAME></FIRSTNAME>
            </AUTHOR>
           </AUTHORS>
           <TITLE>Введение в Геометрию Многообразий с Симметриями</TITLE>
           <INSTANCES>
            <INSTANCE>
             <FORMAT>pdf</FORMAT>
             <SIZE>0</SIZE>
             <CHECKSUM>0</CHECKSUM>
            </INSTANCE>
           </INSTANCES>
          </INFO>
         </ITEM>
        </FILE>
       </FILELIST>
      </DIR>
      <DIR link="Lib/Science/Math/Logic">
       <LOCATION>
        <URL>Lib/Science/Math/Logic</URL>
        <SIZE>0.1</SIZE>
       </LOCATION>
       <FILELIST category="Lib/Science/Math/Logic">
        <INFO>
         <DESCRIPTION>Logic</DESCRIPTION>
         <TITLE>Logic</TITLE>
         <DEFAULTFORMAT>pdf</DEFAULTFORMAT>
        </INFO>
        <FILE link="Lib/Science/Math/Logic/fuzzy.zip">
         <LOCATION>
          <URL>Lib/Science/Math/Logic/fuzzy.zip</URL>
          <SIZE>0.1</SIZE>
          <CHECKSUM>0</CHECKSUM>
          <TYPE>zip</TYPE>
         </LOCATION>
         <ITEM>
          <INFO>
           <CATEGORIES>
            <CATEGORY>Lib/Science/Math/Logic</CATEGORY>
           </CATEGORIES>
           <DESCRIPTION>Краткий Курс + FAQ по нечеткой логике и Нечеткому Управлению (Анисимов)</DESCRIPTION>
           <AUTHORS>
            <AUTHOR>
             <FULLNAME>Анисимов</FULLNAME>
             <LASTNAME>Анисимов</LASTNAME>
             <FIRSTNAME></FIRSTNAME>
            </AUTHOR>
           </AUTHORS>
           <TITLE>Краткий Курс + FAQ по нечеткой логике и Нечеткому Управлению</TITLE>
           <INSTANCES>
            <INSTANCE>
             <FORMAT>pdf</FORMAT>
             <SIZE>0</SIZE>
             <CHECKSUM>0</CHECKSUM>
            </INSTANCE>
           </INSTANCES>
          </INFO>
         </ITEM>
        </FILE>
       </FILELIST>
      </DIR>
      <DIR link="Lib/Science/Math/Matan">
       <LOCATION>
        <URL>Lib/Science/Math/Matan</URL>
        <SIZE>1029.6</SIZE>
       </LOCATION>
       <FILELIST category="Lib/Science/Math/Matan">
        <INFO>
         <DESCRIPTION>Matan</DESCRIPTION>
         <TITLE>Matan</TITLE>
         <DEFAULTFORMAT>pdf</DEFAULTFORMAT>
        </INFO>
        <FILE link="Lib/Science/Math/Matan/Arhipov1.zip">
         <LOCATION>
          <URL>Lib/Science/Math/Matan/Arhipov1.zip</URL>
          <SIZE>23.8</SIZE>
          <CHECKSUM>0</CHECKSUM>
          <TYPE>zip</TYPE>
         </LOCATION>
         <ITEM>
          <INFO>
           <CATEGORIES>
            <CATEGORY>Lib/Science/Math/Matan</CATEGORY>
           </CATEGORIES>
           <DESCRIPTION>Лекции по Математическому Анализу (Архипов, Садовничий, Чубариков)</DESCRIPTION>
           <AUTHORS>
            <AUTHOR>
             <FULLNAME>Архипов</FULLNAME>
             <LASTNAME>Архипов</LASTNAME>
             <FIRSTNAME></FIRSTNAME>
            </AUTHOR>
            <AUTHOR>
             <FULLNAME>Садовничий</FULLNAME>
             <LASTNAME>Садовничий</LASTNAME>
             <FIRSTNAME></FIRSTNAME>
            </AUTHOR>
            <AUTHOR>
             <FULLNAME>Чубариков</FULLNAME>
             <LASTNAME>Чубариков</LASTNAME>
             <FIRSTNAME></FIRSTNAME>
            </AUTHOR>
           </AUTHORS>
           <TITLE>Лекции по Математическому Анализу</TITLE>
           <INSTANCES>
            <INSTANCE>
             <FORMAT>pdf</FORMAT>
             <SIZE>0</SIZE>
             <CHECKSUM>0</CHECKSUM>
            </INSTANCE>
           </INSTANCES>
          </INFO>
         </ITEM>
        </FILE>
        <FILE link="Lib/Science/Math/Matan/Chezaro1.zip">
         <LOCATION>
          <URL>Lib/Science/Math/Matan/Chezaro1.zip</URL>
          <SIZE>23</SIZE>
          <CHECKSUM>0</CHECKSUM>
          <TYPE>zip</TYPE>
         </LOCATION>
         <ITEM>
          <INFO>
           <CATEGORIES>
            <CATEGORY>Lib/Science/Math/Matan</CATEGORY>
           </CATEGORIES>
           <DESCRIPTION>Элементарный учебник алгебраического анализа и исчисления бесконечно малых (Чезаро)</DESCRIPTION>
           <AUTHORS>
            <AUTHOR>
             <FULLNAME>Чезаро</FULLNAME>
             <LASTNAME>Чезаро</LASTNAME>
             <FIRSTNAME></FIRSTNAME>
            </AUTHOR>
           </AUTHORS>
           <TITLE>Элементарный учебник алгебраического анализа и исчисления бесконечно малых</TITLE>
           <INSTANCES>
            <INSTANCE>
             <FORMAT>pdf</FORMAT>
             <SIZE>0</SIZE>
             <CHECKSUM>0</CHECKSUM>
            </INSTANCE>
           </INSTANCES>
          </INFO>
         </ITEM>
        </FILE>
        <FILE link="Lib/Science/Math/Matan/Chezaro2.zip">
         <LOCATION>
          <URL>Lib/Science/Math/Matan/Chezaro2.zip</URL>
          <SIZE>18</SIZE>
          <CHECKSUM>0</CHECKSUM>
          <TYPE>zip</TYPE>
         </LOCATION>
         <ITEM>
          <INFO>
           <CATEGORIES>
            <CATEGORY>Lib/Science/Math/Matan</CATEGORY>
           </CATEGORIES>
           <DESCRIPTION>Элементарный учебник алгебраического анализа и исчисления бесконечно малых (Чезаро)</DESCRIPTION>
           <AUTHORS>
            <AUTHOR>
             <FULLNAME>Чезаро</FULLNAME>
             <LASTNAME>Чезаро</LASTNAME>
             <FIRSTNAME></FIRSTNAME>
            </AUTHOR>
           </AUTHORS>
           <TITLE>Элементарный учебник алгебраического анализа и исчисления бесконечно малых</TITLE>
           <INSTANCES>
            <INSTANCE>
             <FORMAT>pdf</FORMAT>
             <SIZE>0</SIZE>
             <CHECKSUM>0</CHECKSUM>
            </INSTANCE>
           </INSTANCES>
          </INFO>
         </ITEM>
        </FILE>
        <FILE link="Lib/Science/Math/Matan/Demidovitch.zip">
         <LOCATION>
          <URL>Lib/Science/Math/Matan/Demidovitch.zip</URL>
          <SIZE>16</SIZE>
          <CHECKSUM>0</CHECKSUM>
          <TYPE>zip</TYPE>
         </LOCATION>
         <ITEM>
          <INFO>
           <CATEGORIES>
            <CATEGORY>Lib/Science/Math/Matan</CATEGORY>
           </CATEGORIES>
           <DESCRIPTION>Сборник задач и упражнений по Математическому Анализу (Демидович)</DESCRIPTION>
           <AUTHORS>
            <AUTHOR>
             <FULLNAME>Демидович</FULLNAME>
             <LASTNAME>Демидович</LASTNAME>
             <FIRSTNAME></FIRSTNAME>
            </AUTHOR>
           </AUTHORS>
           <TITLE>Сборник задач и упражнений по Математическому Анализу</TITLE>
           <INSTANCES>
            <INSTANCE>
             <FORMAT>pdf</FORMAT>
             <SIZE>0</SIZE>
             <CHECKSUM>0</CHECKSUM>
            </INSTANCE>
           </INSTANCES>
          </INFO>
         </ITEM>
        </FILE>
        <FILE link="Lib/Science/Math/Matan/Dendonne.zip">
         <LOCATION>
          <URL>Lib/Science/Math/Matan/Dendonne.zip</URL>
          <SIZE>21</SIZE>
          <CHECKSUM>0</CHECKSUM>
          <TYPE>zip</TYPE>
         </LOCATION>
         <ITEM>
          <INFO>
           <CATEGORIES>
            <CATEGORY>Lib/Science/Math/Matan</CATEGORY>
           </CATEGORIES>
           <DESCRIPTION>Основы Современного Анализа (Дьедонне)</DESCRIPTION>
           <AUTHORS>
            <AUTHOR>
             <FULLNAME>Дьедонне</FULLNAME>
             <LASTNAME>Дьедонне</LASTNAME>
             <FIRSTNAME></FIRSTNAME>
            </AUTHOR>
           </AUTHORS>
           <TITLE>Основы Современного Анализа</TITLE>
           <INSTANCES>
            <INSTANCE>
             <FORMAT>pdf</FORMAT>
             <SIZE>0</SIZE>
             <CHECKSUM>0</CHECKSUM>
            </INSTANCE>
           </INSTANCES>
          </INFO>
         </ITEM>
        </FILE>
        <FILE link="Lib/Science/Math/Matan/Ermit.zip">
         <LOCATION>
          <URL>Lib/Science/Math/Matan/Ermit.zip</URL>
          <SIZE>14.5</SIZE>
          <CHECKSUM>0</CHECKSUM>
          <TYPE>zip</TYPE>
         </LOCATION>
         <ITEM>
          <INFO>
           <CATEGORIES>
            <CATEGORY>Lib/Science/Math/Matan</CATEGORY>
           </CATEGORIES>
           <DESCRIPTION>Курс анализа (Эрмит)</DESCRIPTION>
           <AUTHORS>
            <AUTHOR>
             <FULLNAME>Эрмит</FULLNAME>
             <LASTNAME>Эрмит</LASTNAME>
             <FIRSTNAME></FIRSTNAME>
            </AUTHOR>
           </AUTHORS>
           <TITLE>Курс анализа</TITLE>
           <INSTANCES>
            <INSTANCE>
             <FORMAT>pdf</FORMAT>
             <SIZE>0</SIZE>
             <CHECKSUM>0</CHECKSUM>
            </INSTANCE>
           </INSTANCES>
          </INFO>
         </ITEM>
        </FILE>
        <FILE link="Lib/Science/Math/Matan/Euler1.zip">
         <LOCATION>
          <URL>Lib/Science/Math/Matan/Euler1.zip</URL>
          <SIZE>15.1</SIZE>
          <CHECKSUM>0</CHECKSUM>
          <TYPE>zip</TYPE>
         </LOCATION>
         <ITEM>
          <INFO>
           <CATEGORIES>
            <CATEGORY>Lib/Science/Math/Matan</CATEGORY>
           </CATEGORIES>
           <DESCRIPTION>Введение в анализ бесконечных т. 1 (Эйлер)</DESCRIPTION>
           <AUTHORS>
            <AUTHOR>
             <FULLNAME>Эйлер</FULLNAME>
             <LASTNAME>Эйлер</LASTNAME>
             <FIRSTNAME></FIRSTNAME>
            </AUTHOR>
           </AUTHORS>
           <TITLE>Введение в анализ бесконечных</TITLE>
           <INSTANCES>
            <INSTANCE>
             <FORMAT>pdf</FORMAT>
             <SIZE>0</SIZE>
             <CHECKSUM>0</CHECKSUM>
            </INSTANCE>
           </INSTANCES>
          </INFO>
         </ITEM>
        </FILE>
        <FILE link="Lib/Science/Math/Matan/Euler2.zip">
         <LOCATION>
          <URL>Lib/Science/Math/Matan/Euler2.zip</URL>
          <SIZE>18.8</SIZE>
          <CHECKSUM>0</CHECKSUM>
          <TYPE>zip</TYPE>
         </LOCATION>
         <ITEM>
          <INFO>
           <CATEGORIES>
            <CATEGORY>Lib/Science/Math/Matan</CATEGORY>
           </CATEGORIES>
           <DESCRIPTION>Введение в анализ бесконечных т. 2 (Эйлер)</DESCRIPTION>
           <AUTHORS>
            <AUTHOR>
             <FULLNAME>Эйлер</FULLNAME>
             <LASTNAME>Эйлер</LASTNAME>
             <FIRSTNAME></FIRSTNAME>
            </AUTHOR>
           </AUTHORS>
           <TITLE>Введение в анализ бесконечных</TITLE>
           <INSTANCES>
            <INSTANCE>
             <FORMAT>pdf</FORMAT>
             <SIZE>0</SIZE>
             <CHECKSUM>0</CHECKSUM>
            </INSTANCE>
           </INSTANCES>
          </INFO>
         </ITEM>
        </FILE>
        <FILE link="Lib/Science/Math/Matan/Euler3.zip">
         <LOCATION>
          <URL>Lib/Science/Math/Matan/Euler3.zip</URL>
          <SIZE>25.7</SIZE>
          <CHECKSUM>0</CHECKSUM>
          <TYPE>zip</TYPE>
         </LOCATION>
         <ITEM>
          <INFO>
           <CATEGORIES>
            <CATEGORY>Lib/Science/Math/Matan</CATEGORY>
           </CATEGORIES>
           <DESCRIPTION>Дифференциальное исчислений (Эйлер)</DESCRIPTION>
           <AUTHORS>
            <AUTHOR>
             <FULLNAME>Эйлер</FULLNAME>
             <LASTNAME>Эйлер</LASTNAME>
             <FIRSTNAME></FIRSTNAME>
            </AUTHOR>
           </AUTHORS>
           <TITLE>Дифференциальное исчислений</TITLE>
           <INSTANCES>
            <INSTANCE>
             <FORMAT>pdf</FORMAT>
             <SIZE>0</SIZE>
             <CHECKSUM>0</CHECKSUM>
            </INSTANCE>
           </INSTANCES>
          </INFO>
         </ITEM>
        </FILE>
        <FILE link="Lib/Science/Math/Matan/Euler4.zip">
         <LOCATION>
          <URL>Lib/Science/Math/Matan/Euler4.zip</URL>
          <SIZE>17.4</SIZE>
          <CHECKSUM>0</CHECKSUM>
          <TYPE>zip</TYPE>
         </LOCATION>
         <ITEM>
          <INFO>
           <CATEGORIES>
            <CATEGORY>Lib/Science/Math/Matan</CATEGORY>
           </CATEGORIES>
           <DESCRIPTION>Интегральное исчисление т. 1 (Эйлер)</DESCRIPTION>
           <AUTHORS>
            <AUTHOR>
             <FULLNAME>Эйлер</FULLNAME>
             <LASTNAME>Эйлер</LASTNAME>
             <FIRSTNAME></FIRSTNAME>
            </AUTHOR>
           </AUTHORS>
           <TITLE>Интегральное исчисление</TITLE>
           <INSTANCES>
            <INSTANCE>
             <FORMAT>pdf</FORMAT>
             <SIZE>0</SIZE>
             <CHECKSUM>0</CHECKSUM>
            </INSTANCE>
           </INSTANCES>
          </INFO>
         </ITEM>
        </FILE>
        <FILE link="Lib/Science/Math/Matan/Euler5.zip">
         <LOCATION>
          <URL>Lib/Science/Math/Matan/Euler5.zip</URL>
          <SIZE>14.5</SIZE>
          <CHECKSUM>0</CHECKSUM>
          <TYPE>zip</TYPE>
         </LOCATION>
         <ITEM>
          <INFO>
           <CATEGORIES>
            <CATEGORY>Lib/Science/Math/Matan</CATEGORY>
           </CATEGORIES>
           <DESCRIPTION>Интегральное исчисление т. 2 (Эйлер)</DESCRIPTION>
           <AUTHORS>
            <AUTHOR>
             <FULLNAME>Эйлер</FULLNAME>
             <LASTNAME>Эйлер</LASTNAME>
             <FIRSTNAME></FIRSTNAME>
            </AUTHOR>
           </AUTHORS>
           <TITLE>Интегральное исчисление</TITLE>
           <INSTANCES>
            <INSTANCE>
             <FORMAT>pdf</FORMAT>
             <SIZE>0</SIZE>
             <CHECKSUM>0</CHECKSUM>
            </INSTANCE>
           </INSTANCES>
          </INFO>
         </ITEM>
        </FILE>
        <FILE link="Lib/Science/Math/Matan/Euler6.zip">
         <LOCATION>
          <URL>Lib/Science/Math/Matan/Euler6.zip</URL>
          <SIZE>18.2</SIZE>
          <CHECKSUM>0</CHECKSUM>
          <TYPE>zip</TYPE>
         </LOCATION>
         <ITEM>
          <INFO>
           <CATEGORIES>
            <CATEGORY>Lib/Science/Math/Matan</CATEGORY>
           </CATEGORIES>
           <DESCRIPTION>Интегральное исчисление т. 3 (Эйлер)</DESCRIPTION>
           <AUTHORS>
            <AUTHOR>
             <FULLNAME>Эйлер</FULLNAME>
             <LASTNAME>Эйлер</LASTNAME>
             <FIRSTNAME></FIRSTNAME>
            </AUTHOR>
           </AUTHORS>
           <TITLE>Интегральное исчисление</TITLE>
           <INSTANCES>
            <INSTANCE>
             <FORMAT>pdf</FORMAT>
             <SIZE>0</SIZE>
             <CHECKSUM>0</CHECKSUM>
            </INSTANCE>
           </INSTANCES>
          </INFO>
         </ITEM>
        </FILE>
        <FILE link="Lib/Science/Math/Matan/Fixtengolz1.zip">
         <LOCATION>
          <URL>Lib/Science/Math/Matan/Fixtengolz1.zip</URL>
          <SIZE>24.2</SIZE>
          <CHECKSUM>0</CHECKSUM>
          <TYPE>zip</TYPE>
         </LOCATION>
         <ITEM>
          <INFO>
           <CATEGORIES>
            <CATEGORY>Lib/Science/Math/Matan</CATEGORY>
           </CATEGORIES>
           <DESCRIPTION>Курс дифференциального и интегрального исчисления т. 1 (Фихтенгольц)</DESCRIPTION>
           <AUTHORS>
            <AUTHOR>
             <FULLNAME>Фихтенгольц</FULLNAME>
             <LASTNAME>Фихтенгольц</LASTNAME>
             <FIRSTNAME></FIRSTNAME>
            </AUTHOR>
           </AUTHORS>
           <TITLE>Курс дифференциального и интегрального исчисления</TITLE>
           <INSTANCES>
            <INSTANCE>
             <FORMAT>pdf</FORMAT>
             <SIZE>0</SIZE>
             <CHECKSUM>0</CHECKSUM>
            </INSTANCE>
           </INSTANCES>
          </INFO>
         </ITEM>
        </FILE>
        <FILE link="Lib/Science/Math/Matan/Fixtengolz2.zip">
         <LOCATION>
          <URL>Lib/Science/Math/Matan/Fixtengolz2.zip</URL>
          <SIZE>26.1</SIZE>
          <CHECKSUM>0</CHECKSUM>
          <TYPE>zip</TYPE>
         </LOCATION>
         <ITEM>
          <INFO>
           <CATEGORIES>
            <CATEGORY>Lib/Science/Math/Matan</CATEGORY>
           </CATEGORIES>
           <DESCRIPTION>Курс дифференциального и интегрального исчисления т. 2 (Фихтенгольц)</DESCRIPTION>
           <AUTHORS>
            <AUTHOR>
             <FULLNAME>Фихтенгольц</FULLNAME>
             <LASTNAME>Фихтенгольц</LASTNAME>
             <FIRSTNAME></FIRSTNAME>
            </AUTHOR>
           </AUTHORS>
           <TITLE>Курс дифференциального и интегрального исчисления</TITLE>
           <INSTANCES>
            <INSTANCE>
             <FORMAT>pdf</FORMAT>
             <SIZE>0</SIZE>
             <CHECKSUM>0</CHECKSUM>
            </INSTANCE>
           </INSTANCES>
          </INFO>
         </ITEM>
        </FILE>
        <FILE link="Lib/Science/Math/Matan/Fixtengolz3.zip">
         <LOCATION>
          <URL>Lib/Science/Math/Matan/Fixtengolz3.zip</URL>
          <SIZE>23.9</SIZE>
          <CHECKSUM>0</CHECKSUM>
          <TYPE>zip</TYPE>
         </LOCATION>
         <ITEM>
          <INFO>
           <CATEGORIES>
            <CATEGORY>Lib/Science/Math/Matan</CATEGORY>
           </CATEGORIES>
           <DESCRIPTION>Курс дифференциального и интегрального исчисления т. 3 (Фихтенгольц)</DESCRIPTION>
           <AUTHORS>
            <AUTHOR>
             <FULLNAME>Фихтенгольц</FULLNAME>
             <LASTNAME>Фихтенгольц</LASTNAME>
             <FIRSTNAME></FIRSTNAME>
            </AUTHOR>
           </AUTHORS>
           <TITLE>Курс дифференциального и интегрального исчисления</TITLE>
           <INSTANCES>
            <INSTANCE>
             <FORMAT>pdf</FORMAT>
             <SIZE>0</SIZE>
             <CHECKSUM>0</CHECKSUM>
            </INSTANCE>
           </INSTANCES>
          </INFO>
         </ITEM>
        </FILE>
        <FILE link="Lib/Science/Math/Matan/Gelbaum.zip">
         <LOCATION>
          <URL>Lib/Science/Math/Matan/Gelbaum.zip</URL>
          <SIZE>7.6</SIZE>
          <CHECKSUM>0</CHECKSUM>
          <TYPE>zip</TYPE>
         </LOCATION>
         <ITEM>
          <INFO>
           <CATEGORIES>
            <CATEGORY>Lib/Science/Math/Matan</CATEGORY>
           </CATEGORIES>
           <DESCRIPTION>КонтрПримеры в Анализе (Гелбаум,Олмстед)</DESCRIPTION>
           <AUTHORS>
            <AUTHOR>
             <FULLNAME>Гелбаум</FULLNAME>
             <LASTNAME>Гелбаум</LASTNAME>
             <FIRSTNAME></FIRSTNAME>
            </AUTHOR>
            <AUTHOR>
             <FULLNAME>Олмстед</FULLNAME>
             <LASTNAME>Олмстед</LASTNAME>
             <FIRSTNAME></FIRSTNAME>
            </AUTHOR>
           </AUTHORS>
           <TITLE>КонтрПримеры в Анализе</TITLE>
           <INSTANCES>
            <INSTANCE>
             <FORMAT>pdf</FORMAT>
             <SIZE>0</SIZE>
             <CHECKSUM>0</CHECKSUM>
            </INSTANCE>
           </INSTANCES>
          </INFO>
         </ITEM>
        </FILE>
        <FILE link="Lib/Science/Math/Matan/Gursa1.zip">
         <LOCATION>
          <URL>Lib/Science/Math/Matan/Gursa1.zip</URL>
          <SIZE>16.4</SIZE>
          <CHECKSUM>0</CHECKSUM>
          <TYPE>zip</TYPE>
         </LOCATION>
         <ITEM>
          <INFO>
           <CATEGORIES>
            <CATEGORY>Lib/Science/Math/Matan</CATEGORY>
           </CATEGORIES>
           <DESCRIPTION>Курс математического анализа т. 1-1 (Гурса)</DESCRIPTION>
           <AUTHORS>
            <AUTHOR>
             <FULLNAME>Гурса</FULLNAME>
             <LASTNAME>Гурса</LASTNAME>
             <FIRSTNAME></FIRSTNAME>
            </AUTHOR>
           </AUTHORS>
           <TITLE>Курс математического анализа т. 1-1</TITLE>
           <INSTANCES>
            <INSTANCE>
             <FORMAT>pdf</FORMAT>
             <SIZE>0</SIZE>
             <CHECKSUM>0</CHECKSUM>
            </INSTANCE>
           </INSTANCES>
          </INFO>
         </ITEM>
        </FILE>
        <FILE link="Lib/Science/Math/Matan/Gursa2.zip">
         <LOCATION>
          <URL>Lib/Science/Math/Matan/Gursa2.zip</URL>
          <SIZE>9.7</SIZE>
          <CHECKSUM>0</CHECKSUM>
          <TYPE>zip</TYPE>
         </LOCATION>
         <ITEM>
          <INFO>
           <CATEGORIES>
            <CATEGORY>Lib/Science/Math/Matan</CATEGORY>
           </CATEGORIES>
           <DESCRIPTION>Курс математического анализа т. 1-2 (Гурса)</DESCRIPTION>
           <AUTHORS>
            <AUTHOR>
             <FULLNAME>Гурса</FULLNAME>
             <LASTNAME>Гурса</LASTNAME>
             <FIRSTNAME></FIRSTNAME>
            </AUTHOR>
           </AUTHORS>
           <TITLE>Курс математического анализа т. 1-2</TITLE>
           <INSTANCES>
            <INSTANCE>
             <FORMAT>pdf</FORMAT>
             <SIZE>0</SIZE>
             <CHECKSUM>0</CHECKSUM>
            </INSTANCE>
           </INSTANCES>
          </INFO>
         </ITEM>
        </FILE>
        <FILE link="Lib/Science/Math/Matan/Gursa3.zip">
         <LOCATION>
          <URL>Lib/Science/Math/Matan/Gursa3.zip</URL>
          <SIZE>12.7</SIZE>
          <CHECKSUM>0</CHECKSUM>
          <TYPE>zip</TYPE>
         </LOCATION>
         <ITEM>
          <INFO>
           <CATEGORIES>
            <CATEGORY>Lib/Science/Math/Matan</CATEGORY>
           </CATEGORIES>
           <DESCRIPTION>Курс математического анализа т. 2-1 (Гурса)</DESCRIPTION>
           <AUTHORS>
            <AUTHOR>
             <FULLNAME>Гурса</FULLNAME>
             <LASTNAME>Гурса</LASTNAME>
             <FIRSTNAME></FIRSTNAME>
            </AUTHOR>
           </AUTHORS>
           <TITLE>Курс математического анализа т. 2-1</TITLE>
           <INSTANCES>
            <INSTANCE>
             <FORMAT>pdf</FORMAT>
             <SIZE>0</SIZE>
             <CHECKSUM>0</CHECKSUM>
            </INSTANCE>
           </INSTANCES>
          </INFO>
         </ITEM>
        </FILE>
        <FILE link="Lib/Science/Math/Matan/Gursa5.zip">
         <LOCATION>
          <URL>Lib/Science/Math/Matan/Gursa5.zip</URL>
          <SIZE>12.7</SIZE>
          <CHECKSUM>0</CHECKSUM>
          <TYPE>zip</TYPE>
         </LOCATION>
         <ITEM>
          <INFO>
           <CATEGORIES>
            <CATEGORY>Lib/Science/Math/Matan</CATEGORY>
           </CATEGORIES>
           <DESCRIPTION>Курс математического анализа т. 3-1 (Гурса)</DESCRIPTION>
           <AUTHORS>
            <AUTHOR>
             <FULLNAME>Гурса</FULLNAME>
             <LASTNAME>Гурса</LASTNAME>
             <FIRSTNAME></FIRSTNAME>
            </AUTHOR>
           </AUTHORS>
           <TITLE>Курс математического анализа т. 3-1</TITLE>
           <INSTANCES>
            <INSTANCE>
             <FORMAT>pdf</FORMAT>
             <SIZE>0</SIZE>
             <CHECKSUM>0</CHECKSUM>
            </INSTANCE>
           </INSTANCES>
          </INFO>
         </ITEM>
        </FILE>
        <FILE link="Lib/Science/Math/Matan/Gursa6.zip">
         <LOCATION>
          <URL>Lib/Science/Math/Matan/Gursa6.zip</URL>
          <SIZE>13.9</SIZE>
          <CHECKSUM>0</CHECKSUM>
          <TYPE>zip</TYPE>
         </LOCATION>
         <ITEM>
          <INFO>
           <CATEGORIES>
            <CATEGORY>Lib/Science/Math/Matan</CATEGORY>
           </CATEGORIES>
           <DESCRIPTION>Курс математического анализа т. 3-2 (Гурса)</DESCRIPTION>
           <AUTHORS>
            <AUTHOR>
             <FULLNAME>Гурса</FULLNAME>
             <LASTNAME>Гурса</LASTNAME>
             <FIRSTNAME></FIRSTNAME>
            </AUTHOR>
           </AUTHORS>
           <TITLE>Курс математического анализа т. 3-2</TITLE>
           <INSTANCES>
            <INSTANCE>
             <FORMAT>pdf</FORMAT>
             <SIZE>0</SIZE>
             <CHECKSUM>0</CHECKSUM>
            </INSTANCE>
           </INSTANCES>
          </INFO>
         </ITEM>
        </FILE>
        <FILE link="Lib/Science/Math/Matan/Hardi1.zip">
         <LOCATION>
          <URL>Lib/Science/Math/Matan/Hardi1.zip</URL>
          <SIZE>22.1</SIZE>
          <CHECKSUM>0</CHECKSUM>
          <TYPE>zip</TYPE>
         </LOCATION>
         <ITEM>
          <INFO>
           <CATEGORIES>
            <CATEGORY>Lib/Science/Math/Matan</CATEGORY>
           </CATEGORIES>
           <DESCRIPTION>Курс чистой математики (Харди)</DESCRIPTION>
           <AUTHORS>
            <AUTHOR>
             <FULLNAME>Харди</FULLNAME>
             <LASTNAME>Харди</LASTNAME>
             <FIRSTNAME></FIRSTNAME>
            </AUTHOR>
           </AUTHORS>
           <TITLE>Курс чистой математики</TITLE>
           <INSTANCES>
            <INSTANCE>
             <FORMAT>pdf</FORMAT>
             <SIZE>0</SIZE>
             <CHECKSUM>0</CHECKSUM>
            </INSTANCE>
           </INSTANCES>
          </INFO>
         </ITEM>
        </FILE>
        <FILE link="Lib/Science/Math/Matan/Hardi2.zip">
         <LOCATION>
          <URL>Lib/Science/Math/Matan/Hardi2.zip</URL>
          <SIZE>17.7</SIZE>
          <CHECKSUM>0</CHECKSUM>
          <TYPE>zip</TYPE>
         </LOCATION>
         <ITEM>
          <INFO>
           <CATEGORIES>
            <CATEGORY>Lib/Science/Math/Matan</CATEGORY>
           </CATEGORIES>
           <DESCRIPTION>Расходящиеся ряды (Харди)</DESCRIPTION>
           <AUTHORS>
            <AUTHOR>
             <FULLNAME>Харди</FULLNAME>
             <LASTNAME>Харди</LASTNAME>
             <FIRSTNAME></FIRSTNAME>
            </AUTHOR>
           </AUTHORS>
           <TITLE>Расходящиеся ряды</TITLE>
           <INSTANCES>
            <INSTANCE>
             <FORMAT>pdf</FORMAT>
             <SIZE>0</SIZE>
             <CHECKSUM>0</CHECKSUM>
            </INSTANCE>
           </INSTANCES>
          </INFO>
         </ITEM>
        </FILE>
        <FILE link="Lib/Science/Math/Matan/Huner.zip">
         <LOCATION>
          <URL>Lib/Science/Math/Matan/Huner.zip</URL>
          <SIZE>2.7</SIZE>
          <CHECKSUM>0</CHECKSUM>
          <TYPE>zip</TYPE>
         </LOCATION>
         <ITEM>
          <INFO>
           <CATEGORIES>
            <CATEGORY>Lib/Science/Math/Matan</CATEGORY>
           </CATEGORIES>
           <DESCRIPTION>Applied Analysis (Hunter)</DESCRIPTION>
           <AUTHORS>
            <AUTHOR>
             <FULLNAME>Hunter</FULLNAME>
             <LASTNAME>Hunter</LASTNAME>
             <FIRSTNAME></FIRSTNAME>
            </AUTHOR>
           </AUTHORS>
           <TITLE>Applied Analysis</TITLE>
           <INSTANCES>
            <INSTANCE>
             <FORMAT>pdf</FORMAT>
             <SIZE>0</SIZE>
             <CHECKSUM>0</CHECKSUM>
            </INSTANCE>
           </INSTANCES>
          </INFO>
         </ITEM>
        </FILE>
        <FILE link="Lib/Science/Math/Matan/Ilyin1.zip">
         <LOCATION>
          <URL>Lib/Science/Math/Matan/Ilyin1.zip</URL>
          <SIZE>30.7</SIZE>
          <CHECKSUM>0</CHECKSUM>
          <TYPE>zip</TYPE>
         </LOCATION>
         <ITEM>
          <INFO>
           <CATEGORIES>
            <CATEGORY>Lib/Science/Math/Matan</CATEGORY>
           </CATEGORIES>
           <DESCRIPTION>Математический Анализ т. 1 (Ильин,Садовничий,Сендов)</DESCRIPTION>
           <AUTHORS>
            <AUTHOR>
             <FULLNAME>Ильин</FULLNAME>
             <LASTNAME>Ильин</LASTNAME>
             <FIRSTNAME></FIRSTNAME>
            </AUTHOR>
            <AUTHOR>
             <FULLNAME>Садовничий</FULLNAME>
             <LASTNAME>Садовничий</LASTNAME>
             <FIRSTNAME></FIRSTNAME>
            </AUTHOR>
            <AUTHOR>
             <FULLNAME>Сендов</FULLNAME>
             <LASTNAME>Сендов</LASTNAME>
             <FIRSTNAME></FIRSTNAME>
            </AUTHOR>
           </AUTHORS>
           <TITLE>Математический Анализ</TITLE>
           <INSTANCES>
            <INSTANCE>
             <FORMAT>pdf</FORMAT>
             <SIZE>0</SIZE>
             <CHECKSUM>0</CHECKSUM>
            </INSTANCE>
           </INSTANCES>
          </INFO>
         </ITEM>
        </FILE>
        <FILE link="Lib/Science/Math/Matan/Ilyin2.zip">
         <LOCATION>
          <URL>Lib/Science/Math/Matan/Ilyin2.zip</URL>
          <SIZE>14.3</SIZE>
          <CHECKSUM>0</CHECKSUM>
          <TYPE>zip</TYPE>
         </LOCATION>
         <ITEM>
          <INFO>
           <CATEGORIES>
            <CATEGORY>Lib/Science/Math/Matan</CATEGORY>
           </CATEGORIES>
           <DESCRIPTION>Математический Анализ т. 2 (Ильин,Садовничий,Сендов)</DESCRIPTION>
           <AUTHORS>
            <AUTHOR>
             <FULLNAME>Ильин</FULLNAME>
             <LASTNAME>Ильин</LASTNAME>
             <FIRSTNAME></FIRSTNAME>
            </AUTHOR>
            <AUTHOR>
             <FULLNAME>Садовничий</FULLNAME>
             <LASTNAME>Садовничий</LASTNAME>
             <FIRSTNAME></FIRSTNAME>
            </AUTHOR>
            <AUTHOR>
             <FULLNAME>Сендов</FULLNAME>
             <LASTNAME>Сендов</LASTNAME>
             <FIRSTNAME></FIRSTNAME>
            </AUTHOR>
           </AUTHORS>
           <TITLE>Математический Анализ</TITLE>
           <INSTANCES>
            <INSTANCE>
             <FORMAT>pdf</FORMAT>
             <SIZE>0</SIZE>
             <CHECKSUM>0</CHECKSUM>
            </INSTANCE>
           </INSTANCES>
          </INFO>
         </ITEM>
        </FILE>
        <FILE link="Lib/Science/Math/Matan/Kartan.zip">
         <LOCATION>
          <URL>Lib/Science/Math/Matan/Kartan.zip</URL>
          <SIZE>15.9</SIZE>
          <CHECKSUM>0</CHECKSUM>
          <TYPE>zip</TYPE>
         </LOCATION>
         <ITEM>
          <INFO>
           <CATEGORIES>
            <CATEGORY>Lib/Science/Math/Matan</CATEGORY>
           </CATEGORIES>
           <DESCRIPTION>Дифференциально Исчесление (Картан)</DESCRIPTION>
           <AUTHORS>
            <AUTHOR>
             <FULLNAME>Картан</FULLNAME>
             <LASTNAME>Картан</LASTNAME>
             <FIRSTNAME></FIRSTNAME>
            </AUTHOR>
           </AUTHORS>
           <TITLE>Дифференциально Исчесление</TITLE>
           <INSTANCES>
            <INSTANCE>
             <FORMAT>pdf</FORMAT>
             <SIZE>0</SIZE>
             <CHECKSUM>0</CHECKSUM>
            </INSTANCE>
           </INSTANCES>
          </INFO>
         </ITEM>
        </FILE>
        <FILE link="Lib/Science/Math/Matan/Koshi.zip">
         <LOCATION>
          <URL>Lib/Science/Math/Matan/Koshi.zip</URL>
          <SIZE>8.8</SIZE>
          <CHECKSUM>0</CHECKSUM>
          <TYPE>zip</TYPE>
         </LOCATION>
         <ITEM>
          <INFO>
           <CATEGORIES>
            <CATEGORY>Lib/Science/Math/Matan</CATEGORY>
           </CATEGORIES>
           <DESCRIPTION>Краткое изложение уроков о дифференциальном и интегральном исчислении (Коши)</DESCRIPTION>
           <AUTHORS>
            <AUTHOR>
             <FULLNAME>Коши</FULLNAME>
             <LASTNAME>Коши</LASTNAME>
             <FIRSTNAME></FIRSTNAME>
            </AUTHOR>
           </AUTHORS>
           <TITLE>Краткое изложение уроков о дифференциальном и интегральном исчислении</TITLE>
           <INSTANCES>
            <INSTANCE>
             <FORMAT>pdf</FORMAT>
             <SIZE>0</SIZE>
             <CHECKSUM>0</CHECKSUM>
            </INSTANCE>
           </INSTANCES>
          </INFO>
         </ITEM>
        </FILE>
        <FILE link="Lib/Science/Math/Matan/KUDRIAV1.zip">
         <LOCATION>
          <URL>Lib/Science/Math/Matan/KUDRIAV1.zip</URL>
          <SIZE>18.1</SIZE>
          <CHECKSUM>0</CHECKSUM>
          <TYPE>zip</TYPE>
         </LOCATION>
         <ITEM>
          <INFO>
           <CATEGORIES>
            <CATEGORY>Lib/Science/Math/Matan</CATEGORY>
           </CATEGORIES>
           <DESCRIPTION>Математический Анализ т.1 (Кудрявцев)</DESCRIPTION>
           <AUTHORS>
            <AUTHOR>
             <FULLNAME>Кудрявцев</FULLNAME>
             <LASTNAME>Кудрявцев</LASTNAME>
             <FIRSTNAME></FIRSTNAME>
            </AUTHOR>
           </AUTHORS>
           <TITLE>Математический Анализ</TITLE>
           <INSTANCES>
            <INSTANCE>
             <FORMAT>pdf</FORMAT>
             <SIZE>0</SIZE>
             <CHECKSUM>0</CHECKSUM>
            </INSTANCE>
           </INSTANCES>
          </INFO>
         </ITEM>
        </FILE>
        <FILE link="Lib/Science/Math/Matan/KUDRIAV2.zip">
         <LOCATION>
          <URL>Lib/Science/Math/Matan/KUDRIAV2.zip</URL>
          <SIZE>14.2</SIZE>
          <CHECKSUM>0</CHECKSUM>
          <TYPE>zip</TYPE>
         </LOCATION>
         <ITEM>
          <INFO>
           <CATEGORIES>
            <CATEGORY>Lib/Science/Math/Matan</CATEGORY>
           </CATEGORIES>
           <DESCRIPTION>Математический Анализ т.2 (Кудрявцев)</DESCRIPTION>
           <AUTHORS>
            <AUTHOR>
             <FULLNAME>Кудрявцев</FULLNAME>
             <LASTNAME>Кудрявцев</LASTNAME>
             <FIRSTNAME></FIRSTNAME>
            </AUTHOR>
           </AUTHORS>
           <TITLE>Математический Анализ</TITLE>
           <INSTANCES>
            <INSTANCE>
             <FORMAT>pdf</FORMAT>
             <SIZE>0</SIZE>
             <CHECKSUM>0</CHECKSUM>
            </INSTANCE>
           </INSTANCES>
          </INFO>
         </ITEM>
        </FILE>
        <FILE link="Lib/Science/Math/Matan/Kudryavzev1.zip">
         <LOCATION>
          <URL>Lib/Science/Math/Matan/Kudryavzev1.zip</URL>
          <SIZE>29</SIZE>
          <CHECKSUM>0</CHECKSUM>
          <TYPE>zip</TYPE>
         </LOCATION>
         <ITEM>
          <INFO>
           <CATEGORIES>
            <CATEGORY>Lib/Science/Math/Matan</CATEGORY>
           </CATEGORIES>
           <DESCRIPTION>Курс Математического Анализа т. 1 (Кудрявцев)</DESCRIPTION>
           <AUTHORS>
            <AUTHOR>
             <FULLNAME>Кудрявцев</FULLNAME>
             <LASTNAME>Кудрявцев</LASTNAME>
             <FIRSTNAME></FIRSTNAME>
            </AUTHOR>
           </AUTHORS>
           <TITLE>Курс Математического Анализа</TITLE>
           <INSTANCES>
            <INSTANCE>
             <FORMAT>pdf</FORMAT>
             <SIZE>0</SIZE>
             <CHECKSUM>0</CHECKSUM>
            </INSTANCE>
           </INSTANCES>
          </INFO>
         </ITEM>
        </FILE>
        <FILE link="Lib/Science/Math/Matan/Kudryavzev2.zip">
         <LOCATION>
          <URL>Lib/Science/Math/Matan/Kudryavzev2.zip</URL>
          <SIZE>25.8</SIZE>
          <CHECKSUM>0</CHECKSUM>
          <TYPE>zip</TYPE>
         </LOCATION>
         <ITEM>
          <INFO>
           <CATEGORIES>
            <CATEGORY>Lib/Science/Math/Matan</CATEGORY>
           </CATEGORIES>
           <DESCRIPTION>Курс Математического Анализа т. 2 (Кудрявцев)</DESCRIPTION>
           <AUTHORS>
            <AUTHOR>
             <FULLNAME>Кудрявцев</FULLNAME>
             <LASTNAME>Кудрявцев</LASTNAME>
             <FIRSTNAME></FIRSTNAME>
            </AUTHOR>
           </AUTHORS>
           <TITLE>Курс Математического Анализа</TITLE>
           <INSTANCES>
            <INSTANCE>
             <FORMAT>pdf</FORMAT>
             <SIZE>0</SIZE>
             <CHECKSUM>0</CHECKSUM>
            </INSTANCE>
           </INSTANCES>
          </INFO>
         </ITEM>
        </FILE>
        <FILE link="Lib/Science/Math/Matan/Kudryavzev3.zip">
         <LOCATION>
          <URL>Lib/Science/Math/Matan/Kudryavzev3.zip</URL>
          <SIZE>13.3</SIZE>
          <CHECKSUM>0</CHECKSUM>
          <TYPE>zip</TYPE>
         </LOCATION>
         <ITEM>
          <INFO>
           <CATEGORIES>
            <CATEGORY>Lib/Science/Math/Matan</CATEGORY>
           </CATEGORIES>
           <DESCRIPTION>Курс Математического Анализа для Вузов (Кудрявцев)</DESCRIPTION>
           <AUTHORS>
            <AUTHOR>
             <FULLNAME>Кудрявцев</FULLNAME>
             <LASTNAME>Кудрявцев</LASTNAME>
             <FIRSTNAME></FIRSTNAME>
            </AUTHOR>
           </AUTHORS>
           <TITLE>Курс Математического Анализа для Вузов</TITLE>
           <INSTANCES>
            <INSTANCE>
             <FORMAT>pdf</FORMAT>
             <SIZE>0</SIZE>
             <CHECKSUM>0</CHECKSUM>
            </INSTANCE>
           </INSTANCES>
          </INFO>
         </ITEM>
        </FILE>
        <FILE link="Lib/Science/Math/Matan/Kurant1.zip">
         <LOCATION>
          <URL>Lib/Science/Math/Matan/Kurant1.zip</URL>
          <SIZE>29.2</SIZE>
          <CHECKSUM>0</CHECKSUM>
          <TYPE>zip</TYPE>
         </LOCATION>
         <ITEM>
          <INFO>
           <CATEGORIES>
            <CATEGORY>Lib/Science/Math/Matan</CATEGORY>
           </CATEGORIES>
           <DESCRIPTION>Курс дифференциального и интегрального исчисления т. 1 (Курант)</DESCRIPTION>
           <AUTHORS>
            <AUTHOR>
             <FULLNAME>Курант</FULLNAME>
             <LASTNAME>Курант</LASTNAME>
             <FIRSTNAME></FIRSTNAME>
            </AUTHOR>
           </AUTHORS>
           <TITLE>Курс дифференциального и интегрального исчисления</TITLE>
           <INSTANCES>
            <INSTANCE>
             <FORMAT>pdf</FORMAT>
             <SIZE>0</SIZE>
             <CHECKSUM>0</CHECKSUM>
            </INSTANCE>
           </INSTANCES>
          </INFO>
         </ITEM>
        </FILE>
        <FILE link="Lib/Science/Math/Matan/Kurant2.zip">
         <LOCATION>
          <URL>Lib/Science/Math/Matan/Kurant2.zip</URL>
          <SIZE>28.6</SIZE>
          <CHECKSUM>0</CHECKSUM>
          <TYPE>zip</TYPE>
         </LOCATION>
         <ITEM>
          <INFO>
           <CATEGORIES>
            <CATEGORY>Lib/Science/Math/Matan</CATEGORY>
           </CATEGORIES>
           <DESCRIPTION>Курс дифференциального и интегрального исчисления т. 2 (Курант)</DESCRIPTION>
           <AUTHORS>
            <AUTHOR>
             <FULLNAME>Курант</FULLNAME>
             <LASTNAME>Курант</LASTNAME>
             <FIRSTNAME></FIRSTNAME>
            </AUTHOR>
           </AUTHORS>
           <TITLE>Курс дифференциального и интегрального исчисления</TITLE>
           <INSTANCES>
            <INSTANCE>
             <FORMAT>pdf</FORMAT>
             <SIZE>0</SIZE>
             <CHECKSUM>0</CHECKSUM>
            </INSTANCE>
           </INSTANCES>
          </INFO>
         </ITEM>
        </FILE>
        <FILE link="Lib/Science/Math/Matan/Landau.zip">
         <LOCATION>
          <URL>Lib/Science/Math/Matan/Landau.zip</URL>
          <SIZE>3.3</SIZE>
          <CHECKSUM>0</CHECKSUM>
          <TYPE>zip</TYPE>
         </LOCATION>
         <ITEM>
          <INFO>
           <CATEGORIES>
            <CATEGORY>Lib/Science/Math/Matan</CATEGORY>
           </CATEGORIES>
           <DESCRIPTION>Основы анализа (Ландау)</DESCRIPTION>
           <AUTHORS>
            <AUTHOR>
             <FULLNAME>Ландау</FULLNAME>
             <LASTNAME>Ландау</LASTNAME>
             <FIRSTNAME></FIRSTNAME>
            </AUTHOR>
           </AUTHORS>
           <TITLE>Основы анализа</TITLE>
           <INSTANCES>
            <INSTANCE>
             <FORMAT>pdf</FORMAT>
             <SIZE>0</SIZE>
             <CHECKSUM>0</CHECKSUM>
            </INSTANCE>
           </INSTANCES>
          </INFO>
         </ITEM>
        </FILE>
        <FILE link="Lib/Science/Math/Matan/Lopital.zip">
         <LOCATION>
          <URL>Lib/Science/Math/Matan/Lopital.zip</URL>
          <SIZE>10.7</SIZE>
          <CHECKSUM>0</CHECKSUM>
          <TYPE>zip</TYPE>
         </LOCATION>
         <ITEM>
          <INFO>
           <CATEGORIES>
            <CATEGORY>Lib/Science/Math/Matan</CATEGORY>
           </CATEGORIES>
           <DESCRIPTION>Анализ бесконечно малых (де Лопиталь)</DESCRIPTION>
           <AUTHORS>
            <AUTHOR>
             <FULLNAME>де Лопиталь</FULLNAME>
             <LASTNAME>Лопиталь</LASTNAME>
             <FIRSTNAME>де</FIRSTNAME>
            </AUTHOR>
           </AUTHORS>
           <TITLE>Анализ бесконечно малых</TITLE>
           <INSTANCES>
            <INSTANCE>
             <FORMAT>pdf</FORMAT>
             <SIZE>0</SIZE>
             <CHECKSUM>0</CHECKSUM>
            </INSTANCE>
           </INSTANCES>
          </INFO>
         </ITEM>
        </FILE>
        <FILE link="Lib/Science/Math/Matan/Makarov.zip">
         <LOCATION>
          <URL>Lib/Science/Math/Matan/Makarov.zip</URL>
          <SIZE>22.7</SIZE>
          <CHECKSUM>0</CHECKSUM>
          <TYPE>zip</TYPE>
         </LOCATION>
         <ITEM>
          <INFO>
           <CATEGORIES>
            <CATEGORY>Lib/Science/Math/Matan</CATEGORY>
           </CATEGORIES>
           <DESCRIPTION>Дополнительные Главы Математического Анализа (Макаров)</DESCRIPTION>
           <AUTHORS>
            <AUTHOR>
             <FULLNAME>Макаров</FULLNAME>
             <LASTNAME>Макаров</LASTNAME>
             <FIRSTNAME></FIRSTNAME>
            </AUTHOR>
           </AUTHORS>
           <TITLE>Дополнительные Главы Математического Анализа</TITLE>
           <INSTANCES>
            <INSTANCE>
             <FORMAT>pdf</FORMAT>
             <SIZE>0</SIZE>
             <CHECKSUM>0</CHECKSUM>
            </INSTANCE>
           </INSTANCES>
          </INFO>
         </ITEM>
        </FILE>
        <FILE link="Lib/Science/Math/Matan/Narasimhan.zip">
         <LOCATION>
          <URL>Lib/Science/Math/Matan/Narasimhan.zip</URL>
          <SIZE>9</SIZE>
          <CHECKSUM>0</CHECKSUM>
          <TYPE>zip</TYPE>
         </LOCATION>
         <ITEM>
          <INFO>
           <CATEGORIES>
            <CATEGORY>Lib/Science/Math/Matan</CATEGORY>
           </CATEGORIES>
           <DESCRIPTION>Анализ на Действительных и Комплексных Многообразиях (Нарасимхан)</DESCRIPTION>
           <AUTHORS>
            <AUTHOR>
             <FULLNAME>Нарасимхан</FULLNAME>
             <LASTNAME>Нарасимхан</LASTNAME>
             <FIRSTNAME></FIRSTNAME>
            </AUTHOR>
           </AUTHORS>
           <TITLE>Анализ на Действительных и Комплексных Многообразиях</TITLE>
           <INSTANCES>
            <INSTANCE>
             <FORMAT>pdf</FORMAT>
             <SIZE>0</SIZE>
             <CHECKSUM>0</CHECKSUM>
            </INSTANCE>
           </INSTANCES>
          </INFO>
         </ITEM>
        </FILE>
        <FILE link="Lib/Science/Math/Matan/Nikolsky1.zip">
         <LOCATION>
          <URL>Lib/Science/Math/Matan/Nikolsky1.zip</URL>
          <SIZE>21.2</SIZE>
          <CHECKSUM>0</CHECKSUM>
          <TYPE>zip</TYPE>
         </LOCATION>
         <ITEM>
          <INFO>
           <CATEGORIES>
            <CATEGORY>Lib/Science/Math/Matan</CATEGORY>
           </CATEGORIES>
           <DESCRIPTION>Курс Математического Анализа т. 1 (Никольский)</DESCRIPTION>
           <AUTHORS>
            <AUTHOR>
             <FULLNAME>Никольский</FULLNAME>
             <LASTNAME>Никольский</LASTNAME>
             <FIRSTNAME></FIRSTNAME>
            </AUTHOR>
           </AUTHORS>
           <TITLE>Курс Математического Анализа</TITLE>
           <INSTANCES>
            <INSTANCE>
             <FORMAT>pdf</FORMAT>
             <SIZE>0</SIZE>
             <CHECKSUM>0</CHECKSUM>
            </INSTANCE>
           </INSTANCES>
          </INFO>
         </ITEM>
        </FILE>
        <FILE link="Lib/Science/Math/Matan/Nikolsky2.zip">
         <LOCATION>
          <URL>Lib/Science/Math/Matan/Nikolsky2.zip</URL>
          <SIZE>16.1</SIZE>
          <CHECKSUM>0</CHECKSUM>
          <TYPE>zip</TYPE>
         </LOCATION>
         <ITEM>
          <INFO>
           <CATEGORIES>
            <CATEGORY>Lib/Science/Math/Matan</CATEGORY>
           </CATEGORIES>
           <DESCRIPTION>Курс Математического Анализа т. 2 (Никольский)</DESCRIPTION>
           <AUTHORS>
            <AUTHOR>
             <FULLNAME>Никольский</FULLNAME>
             <LASTNAME>Никольский</LASTNAME>
             <FIRSTNAME></FIRSTNAME>
            </AUTHOR>
           </AUTHORS>
           <TITLE>Курс Математического Анализа</TITLE>
           <INSTANCES>
            <INSTANCE>
             <FORMAT>pdf</FORMAT>
             <SIZE>0</SIZE>
             <CHECKSUM>0</CHECKSUM>
            </INSTANCE>
           </INSTANCES>
          </INFO>
         </ITEM>
        </FILE>
        <FILE link="Lib/Science/Math/Matan/Polia1.zip">
         <LOCATION>
          <URL>Lib/Science/Math/Matan/Polia1.zip</URL>
          <SIZE>11.8</SIZE>
          <CHECKSUM>0</CHECKSUM>
          <TYPE>zip</TYPE>
         </LOCATION>
         <ITEM>
          <INFO>
           <CATEGORIES>
            <CATEGORY>Lib/Science/Math/Matan</CATEGORY>
           </CATEGORIES>
           <DESCRIPTION>Задачи и Теоремы из Анализа ч.1 (Полиа)</DESCRIPTION>
           <AUTHORS>
            <AUTHOR>
             <FULLNAME>Полиа</FULLNAME>
             <LASTNAME>Полиа</LASTNAME>
             <FIRSTNAME></FIRSTNAME>
            </AUTHOR>
           </AUTHORS>
           <TITLE>Задачи и Теоремы из Анализа ч.1</TITLE>
           <INSTANCES>
            <INSTANCE>
             <FORMAT>pdf</FORMAT>
             <SIZE>0</SIZE>
             <CHECKSUM>0</CHECKSUM>
            </INSTANCE>
           </INSTANCES>
          </INFO>
         </ITEM>
        </FILE>
        <FILE link="Lib/Science/Math/Matan/Polia2.zip">
         <LOCATION>
          <URL>Lib/Science/Math/Matan/Polia2.zip</URL>
          <SIZE>13.5</SIZE>
          <CHECKSUM>0</CHECKSUM>
          <TYPE>zip</TYPE>
         </LOCATION>
         <ITEM>
          <INFO>
           <CATEGORIES>
            <CATEGORY>Lib/Science/Math/Matan</CATEGORY>
           </CATEGORIES>
           <DESCRIPTION>Задачи и Теоремы из Анализа ч.2 (Полиа)</DESCRIPTION>
           <AUTHORS>
            <AUTHOR>
             <FULLNAME>Полиа</FULLNAME>
             <LASTNAME>Полиа</LASTNAME>
             <FIRSTNAME></FIRSTNAME>
            </AUTHOR>
           </AUTHORS>
           <TITLE>Задачи и Теоремы из Анализа ч.2</TITLE>
           <INSTANCES>
            <INSTANCE>
             <FORMAT>pdf</FORMAT>
             <SIZE>0</SIZE>
             <CHECKSUM>0</CHECKSUM>
            </INSTANCE>
           </INSTANCES>
          </INFO>
         </ITEM>
        </FILE>
        <FILE link="Lib/Science/Math/Matan/Rudin.zip">
         <LOCATION>
          <URL>Lib/Science/Math/Matan/Rudin.zip</URL>
          <SIZE>10.7</SIZE>
          <CHECKSUM>0</CHECKSUM>
          <TYPE>zip</TYPE>
         </LOCATION>
         <ITEM>
          <INFO>
           <CATEGORIES>
            <CATEGORY>Lib/Science/Math/Matan</CATEGORY>
           </CATEGORIES>
           <DESCRIPTION>Основы Математического Анализа (Рудин)</DESCRIPTION>
           <AUTHORS>
            <AUTHOR>
             <FULLNAME>Рудин</FULLNAME>
             <LASTNAME>Рудин</LASTNAME>
             <FIRSTNAME></FIRSTNAME>
            </AUTHOR>
           </AUTHORS>
           <TITLE>Основы Математического Анализа</TITLE>
           <INSTANCES>
            <INSTANCE>
             <FORMAT>pdf</FORMAT>
             <SIZE>0</SIZE>
             <CHECKSUM>0</CHECKSUM>
            </INSTANCE>
           </INSTANCES>
          </INFO>
         </ITEM>
        </FILE>
        <FILE link="Lib/Science/Math/Matan/Schwartz1.zip">
         <LOCATION>
          <URL>Lib/Science/Math/Matan/Schwartz1.zip</URL>
          <SIZE>36.3</SIZE>
          <CHECKSUM>0</CHECKSUM>
          <TYPE>zip</TYPE>
         </LOCATION>
         <ITEM>
          <INFO>
           <CATEGORIES>
            <CATEGORY>Lib/Science/Math/Matan</CATEGORY>
           </CATEGORIES>
           <DESCRIPTION>Анализ т.1 (Шварц)</DESCRIPTION>
           <AUTHORS>
            <AUTHOR>
             <FULLNAME>Шварц</FULLNAME>
             <LASTNAME>Шварц</LASTNAME>
             <FIRSTNAME></FIRSTNAME>
            </AUTHOR>
           </AUTHORS>
           <TITLE>Анализ</TITLE>
           <INSTANCES>
            <INSTANCE>
             <FORMAT>pdf</FORMAT>
             <SIZE>0</SIZE>
             <CHECKSUM>0</CHECKSUM>
            </INSTANCE>
           </INSTANCES>
          </INFO>
         </ITEM>
        </FILE>
        <FILE link="Lib/Science/Math/Matan/Schwartz2.zip">
         <LOCATION>
          <URL>Lib/Science/Math/Matan/Schwartz2.zip</URL>
          <SIZE>21.2</SIZE>
          <CHECKSUM>0</CHECKSUM>
          <TYPE>zip</TYPE>
         </LOCATION>
         <ITEM>
          <INFO>
           <CATEGORIES>
            <CATEGORY>Lib/Science/Math/Matan</CATEGORY>
           </CATEGORIES>
           <DESCRIPTION>Анализ т.2 (Шварц)</DESCRIPTION>
           <AUTHORS>
            <AUTHOR>
             <FULLNAME>Шварц</FULLNAME>
             <LASTNAME>Шварц</LASTNAME>
             <FIRSTNAME></FIRSTNAME>
            </AUTHOR>
           </AUTHORS>
           <TITLE>Анализ</TITLE>
           <INSTANCES>
            <INSTANCE>
             <FORMAT>pdf</FORMAT>
             <SIZE>0</SIZE>
             <CHECKSUM>0</CHECKSUM>
            </INSTANCE>
           </INSTANCES>
          </INFO>
         </ITEM>
        </FILE>
        <FILE link="Lib/Science/Math/Matan/shilov.zip">
         <LOCATION>
          <URL>Lib/Science/Math/Matan/shilov.zip</URL>
          <SIZE>82.3</SIZE>
          <CHECKSUM>0</CHECKSUM>
          <TYPE>zip</TYPE>
         </LOCATION>
         <ITEM>
          <INFO>
           <CATEGORIES>
            <CATEGORY>Lib/Science/Math/Matan</CATEGORY>
           </CATEGORIES>
           <DESCRIPTION>Математический Анализ Специальный Курс (Шилов)</DESCRIPTION>
           <AUTHORS>
            <AUTHOR>
             <FULLNAME>Шилов</FULLNAME>
             <LASTNAME>Шилов</LASTNAME>
             <FIRSTNAME></FIRSTNAME>
            </AUTHOR>
           </AUTHORS>
           <TITLE>Математический Анализ Специальный Курс</TITLE>
           <INSTANCES>
            <INSTANCE>
             <FORMAT>pdf</FORMAT>
             <SIZE>0</SIZE>
             <CHECKSUM>0</CHECKSUM>
            </INSTANCE>
           </INSTANCES>
          </INFO>
         </ITEM>
        </FILE>
        <FILE link="Lib/Science/Math/Matan/Spivak.zip">
         <LOCATION>
          <URL>Lib/Science/Math/Matan/Spivak.zip</URL>
          <SIZE>4.5</SIZE>
          <CHECKSUM>0</CHECKSUM>
          <TYPE>zip</TYPE>
         </LOCATION>
         <ITEM>
          <INFO>
           <CATEGORIES>
            <CATEGORY>Lib/Science/Math/Matan</CATEGORY>
           </CATEGORIES>
           <DESCRIPTION>Математический Анализ на Многообразиях (Спивак)</DESCRIPTION>
           <AUTHORS>
            <AUTHOR>
             <FULLNAME>Спивак</FULLNAME>
             <LASTNAME>Спивак</LASTNAME>
             <FIRSTNAME></FIRSTNAME>
            </AUTHOR>
           </AUTHORS>
           <TITLE>Математический Анализ на Многообразиях</TITLE>
           <INSTANCES>
            <INSTANCE>
             <FORMAT>pdf</FORMAT>
             <SIZE>0</SIZE>
             <CHECKSUM>0</CHECKSUM>
            </INSTANCE>
           </INSTANCES>
          </INFO>
         </ITEM>
        </FILE>
        <FILE link="Lib/Science/Math/Matan/Titcharmash.zip">
         <LOCATION>
          <URL>Lib/Science/Math/Matan/Titcharmash.zip</URL>
          <SIZE>15.4</SIZE>
          <CHECKSUM>0</CHECKSUM>
          <TYPE>zip</TYPE>
         </LOCATION>
         <ITEM>
          <INFO>
           <CATEGORIES>
            <CATEGORY>Lib/Science/Math/Matan</CATEGORY>
           </CATEGORIES>
           <DESCRIPTION>Теория Функций (Титчмарш)</DESCRIPTION>
           <AUTHORS>
            <AUTHOR>
             <FULLNAME>Титчмарш</FULLNAME>
             <LASTNAME>Титчмарш</LASTNAME>
             <FIRSTNAME></FIRSTNAME>
            </AUTHOR>
           </AUTHORS>
           <TITLE>Теория Функций</TITLE>
           <INSTANCES>
            <INSTANCE>
             <FORMAT>pdf</FORMAT>
             <SIZE>0</SIZE>
             <CHECKSUM>0</CHECKSUM>
            </INSTANCE>
           </INSTANCES>
          </INFO>
         </ITEM>
        </FILE>
        <FILE link="Lib/Science/Math/Matan/Titchmarsh.zip">
         <LOCATION>
          <URL>Lib/Science/Math/Matan/Titchmarsh.zip</URL>
          <SIZE>11.7</SIZE>
          <CHECKSUM>0</CHECKSUM>
          <TYPE>zip</TYPE>
         </LOCATION>
         <ITEM>
          <INFO>
           <CATEGORIES>
            <CATEGORY>Lib/Science/Math/Matan</CATEGORY>
           </CATEGORIES>
           <DESCRIPTION>Теория Дзета-Функции Римана (Титчмарш)</DESCRIPTION>
           <AUTHORS>
            <AUTHOR>
             <FULLNAME>Титчмарш</FULLNAME>
             <LASTNAME>Титчмарш</LASTNAME>
             <FIRSTNAME></FIRSTNAME>
            </AUTHOR>
           </AUTHORS>
           <TITLE>Теория Дзета-Функции Римана</TITLE>
           <INSTANCES>
            <INSTANCE>
             <FORMAT>pdf</FORMAT>
             <SIZE>0</SIZE>
             <CHECKSUM>0</CHECKSUM>
            </INSTANCE>
           </INSTANCES>
          </INFO>
         </ITEM>
        </FILE>
        <FILE link="Lib/Science/Math/Matan/Uittker1.zip">
         <LOCATION>
          <URL>Lib/Science/Math/Matan/Uittker1.zip</URL>
          <SIZE>9.8</SIZE>
          <CHECKSUM>0</CHECKSUM>
          <TYPE>zip</TYPE>
         </LOCATION>
         <ITEM>
          <INFO>
           <CATEGORIES>
            <CATEGORY>Lib/Science/Math/Matan</CATEGORY>
           </CATEGORIES>
           <DESCRIPTION>Курс Современного Анализа  т. 1 (Уиттекер, Ватсон)</DESCRIPTION>
           <AUTHORS>
            <AUTHOR>
             <FULLNAME>Уиттекер</FULLNAME>
             <LASTNAME>Уиттекер</LASTNAME>
             <FIRSTNAME></FIRSTNAME>
            </AUTHOR>
            <AUTHOR>
             <FULLNAME>Ватсон</FULLNAME>
             <LASTNAME>Ватсон</LASTNAME>
             <FIRSTNAME></FIRSTNAME>
            </AUTHOR>
           </AUTHORS>
           <TITLE>Курс Современного Анализа</TITLE>
           <INSTANCES>
            <INSTANCE>
             <FORMAT>pdf</FORMAT>
             <SIZE>0</SIZE>
             <CHECKSUM>0</CHECKSUM>
            </INSTANCE>
           </INSTANCES>
          </INFO>
         </ITEM>
        </FILE>
        <FILE link="Lib/Science/Math/Matan/Uittker2.zip">
         <LOCATION>
          <URL>Lib/Science/Math/Matan/Uittker2.zip</URL>
          <SIZE>13.9</SIZE>
          <CHECKSUM>0</CHECKSUM>
          <TYPE>zip</TYPE>
         </LOCATION>
         <ITEM>
          <INFO>
           <CATEGORIES>
            <CATEGORY>Lib/Science/Math/Matan</CATEGORY>
           </CATEGORIES>
           <DESCRIPTION>Курс Современного Анализа  т. 2 (Уиттекер, Ватсон)</DESCRIPTION>
           <AUTHORS>
            <AUTHOR>
             <FULLNAME>Уиттекер</FULLNAME>
             <LASTNAME>Уиттекер</LASTNAME>
             <FIRSTNAME></FIRSTNAME>
            </AUTHOR>
            <AUTHOR>
             <FULLNAME>Ватсон</FULLNAME>
             <LASTNAME>Ватсон</LASTNAME>
             <FIRSTNAME></FIRSTNAME>
            </AUTHOR>
           </AUTHORS>
           <TITLE>Курс Современного Анализа</TITLE>
           <INSTANCES>
            <INSTANCE>
             <FORMAT>pdf</FORMAT>
             <SIZE>0</SIZE>
             <CHECKSUM>0</CHECKSUM>
            </INSTANCE>
           </INSTANCES>
          </INFO>
         </ITEM>
        </FILE>
        <FILE link="Lib/Science/Math/Matan/Uspensky.zip">
         <LOCATION>
          <URL>Lib/Science/Math/Matan/Uspensky.zip</URL>
          <SIZE>6</SIZE>
          <CHECKSUM>0</CHECKSUM>
          <TYPE>zip</TYPE>
         </LOCATION>
         <ITEM>
          <INFO>
           <CATEGORIES>
            <CATEGORY>Lib/Science/Math/Matan</CATEGORY>
           </CATEGORIES>
           <DESCRIPTION>Что такое нестандартный Анализ? (Успенский)</DESCRIPTION>
           <AUTHORS>
            <AUTHOR>
             <FULLNAME>Успенский</FULLNAME>
             <LASTNAME>Успенский</LASTNAME>
             <FIRSTNAME></FIRSTNAME>
            </AUTHOR>
           </AUTHORS>
           <TITLE>Что такое нестандартный Анализ?</TITLE>
           <INSTANCES>
            <INSTANCE>
             <FORMAT>pdf</FORMAT>
             <SIZE>0</SIZE>
             <CHECKSUM>0</CHECKSUM>
            </INSTANCE>
           </INSTANCES>
          </INFO>
         </ITEM>
        </FILE>
        <FILE link="Lib/Science/Math/Matan/VallePussen1.zip">
         <LOCATION>
          <URL>Lib/Science/Math/Matan/VallePussen1.zip</URL>
          <SIZE>19.7</SIZE>
          <CHECKSUM>0</CHECKSUM>
          <TYPE>zip</TYPE>
         </LOCATION>
         <ITEM>
          <INFO>
           <CATEGORIES>
            <CATEGORY>Lib/Science/Math/Matan</CATEGORY>
           </CATEGORIES>
           <DESCRIPTION>Курс анализа бесконечно малых т. 1 (Де Ля Валле-Пуссен)</DESCRIPTION>
           <AUTHORS>
            <AUTHOR>
             <FULLNAME>Де Ля Валле-Пуссен</FULLNAME>
             <LASTNAME>Валле-Пуссен</LASTNAME>
             <FIRSTNAME>Де</FIRSTNAME>
            </AUTHOR>
           </AUTHORS>
           <TITLE>Курс анализа бесконечно малых</TITLE>
           <INSTANCES>
            <INSTANCE>
             <FORMAT>pdf</FORMAT>
             <SIZE>0</SIZE>
             <CHECKSUM>0</CHECKSUM>
            </INSTANCE>
           </INSTANCES>
          </INFO>
         </ITEM>
        </FILE>
        <FILE link="Lib/Science/Math/Matan/VallePussen2.zip">
         <LOCATION>
          <URL>Lib/Science/Math/Matan/VallePussen2.zip</URL>
          <SIZE>20.3</SIZE>
          <CHECKSUM>0</CHECKSUM>
          <TYPE>zip</TYPE>
         </LOCATION>
         <ITEM>
          <INFO>
           <CATEGORIES>
            <CATEGORY>Lib/Science/Math/Matan</CATEGORY>
           </CATEGORIES>
           <DESCRIPTION>Курс анализа бесконечно малых т. 2 (Де Ля Валле-Пуссен)</DESCRIPTION>
           <AUTHORS>
            <AUTHOR>
             <FULLNAME>Де Ля Валле-Пуссен</FULLNAME>
             <LASTNAME>Валле-Пуссен</LASTNAME>
             <FIRSTNAME>Де</FIRSTNAME>
            </AUTHOR>
           </AUTHORS>
           <TITLE>Курс анализа бесконечно малых</TITLE>
           <INSTANCES>
            <INSTANCE>
             <FORMAT>pdf</FORMAT>
             <SIZE>0</SIZE>
             <CHECKSUM>0</CHECKSUM>
            </INSTANCE>
           </INSTANCES>
          </INFO>
         </ITEM>
        </FILE>
        <FILE link="Lib/Science/Math/Matan/Vinogradov1.zip">
         <LOCATION>
          <URL>Lib/Science/Math/Matan/Vinogradov1.zip</URL>
          <SIZE>14.3</SIZE>
          <CHECKSUM>0</CHECKSUM>
          <TYPE>zip</TYPE>
         </LOCATION>
         <ITEM>
          <INFO>
           <CATEGORIES>
            <CATEGORY>Lib/Science/Math/Matan</CATEGORY>
           </CATEGORIES>
           <DESCRIPTION>Задачи и Упражнения по Математическому Анализу (Виноградова, Олехник, Садовничий)</DESCRIPTION>
           <AUTHORS>
            <AUTHOR>
             <FULLNAME>Виноградова</FULLNAME>
             <LASTNAME>Виноградова</LASTNAME>
             <FIRSTNAME></FIRSTNAME>
            </AUTHOR>
            <AUTHOR>
             <FULLNAME>Олехник</FULLNAME>
             <LASTNAME>Олехник</LASTNAME>
             <FIRSTNAME></FIRSTNAME>
            </AUTHOR>
            <AUTHOR>
             <FULLNAME>Садовничий</FULLNAME>
             <LASTNAME>Садовничий</LASTNAME>
             <FIRSTNAME></FIRSTNAME>
            </AUTHOR>
           </AUTHORS>
           <TITLE>Задачи и Упражнения по Математическому Анализу</TITLE>
           <INSTANCES>
            <INSTANCE>
             <FORMAT>pdf</FORMAT>
             <SIZE>0</SIZE>
             <CHECKSUM>0</CHECKSUM>
            </INSTANCE>
           </INSTANCES>
          </INFO>
         </ITEM>
        </FILE>
        <FILE link="Lib/Science/Math/Matan/Vinogradov2.zip">
         <LOCATION>
          <URL>Lib/Science/Math/Matan/Vinogradov2.zip</URL>
          <SIZE>11.6</SIZE>
          <CHECKSUM>0</CHECKSUM>
          <TYPE>zip</TYPE>
         </LOCATION>
         <ITEM>
          <INFO>
           <CATEGORIES>
            <CATEGORY>Lib/Science/Math/Matan</CATEGORY>
           </CATEGORIES>
           <DESCRIPTION>Математический Анализ в Задачах и Упражнениях (Виноградова,Олехник,Садовничий)</DESCRIPTION>
           <AUTHORS>
            <AUTHOR>
             <FULLNAME>Виноградова</FULLNAME>
             <LASTNAME>Виноградова</LASTNAME>
             <FIRSTNAME></FIRSTNAME>
            </AUTHOR>
            <AUTHOR>
             <FULLNAME>Олехник</FULLNAME>
             <LASTNAME>Олехник</LASTNAME>
             <FIRSTNAME></FIRSTNAME>
            </AUTHOR>
            <AUTHOR>
             <FULLNAME>Садовничий</FULLNAME>
             <LASTNAME>Садовничий</LASTNAME>
             <FIRSTNAME></FIRSTNAME>
            </AUTHOR>
           </AUTHORS>
           <TITLE>Математический Анализ в Задачах и Упражнениях</TITLE>
           <INSTANCES>
            <INSTANCE>
             <FORMAT>pdf</FORMAT>
             <SIZE>0</SIZE>
             <CHECKSUM>0</CHECKSUM>
            </INSTANCE>
           </INSTANCES>
          </INFO>
         </ITEM>
        </FILE>
       </FILELIST>
      </DIR>
      <DIR link="Lib/Science/Math/MatPhys">
       <LOCATION>
        <URL>Lib/Science/Math/MatPhys</URL>
        <SIZE>629.1</SIZE>
       </LOCATION>
       <FILELIST category="Lib/Science/Math/MatPhys">
        <INFO>
         <DESCRIPTION>MatPhys</DESCRIPTION>
         <TITLE>MatPhys</TITLE>
         <DEFAULTFORMAT>pdf</DEFAULTFORMAT>
        </INFO>
        <FILE link="Lib/Science/Math/MatPhys/Bogoyavlensky.zip">
         <LOCATION>
          <URL>Lib/Science/Math/MatPhys/Bogoyavlensky.zip</URL>
          <SIZE>11.9</SIZE>
          <CHECKSUM>0</CHECKSUM>
          <TYPE>zip</TYPE>
         </LOCATION>
         <ITEM>
          <INFO>
           <CATEGORIES>
            <CATEGORY>Lib/Science/Math/MatPhys</CATEGORY>
           </CATEGORIES>
           <DESCRIPTION>Опрокидывающиея Солитоны (Богоявленский)</DESCRIPTION>
           <AUTHORS>
            <AUTHOR>
             <FULLNAME>Богоявленский</FULLNAME>
             <LASTNAME>Богоявленский</LASTNAME>
             <FIRSTNAME></FIRSTNAME>
            </AUTHOR>
           </AUTHORS>
           <TITLE>Опрокидывающиея Солитоны</TITLE>
           <INSTANCES>
            <INSTANCE>
             <FORMAT>pdf</FORMAT>
             <SIZE>0</SIZE>
             <CHECKSUM>0</CHECKSUM>
            </INSTANCE>
           </INSTANCES>
          </INFO>
         </ITEM>
        </FILE>
        <FILE link="Lib/Science/Math/MatPhys/Budak.zip">
         <LOCATION>
          <URL>Lib/Science/Math/MatPhys/Budak.zip</URL>
          <SIZE>40.8</SIZE>
          <CHECKSUM>0</CHECKSUM>
          <TYPE>zip</TYPE>
         </LOCATION>
         <ITEM>
          <INFO>
           <CATEGORIES>
            <CATEGORY>Lib/Science/Math/MatPhys</CATEGORY>
           </CATEGORIES>
           <DESCRIPTION>Сборник задач по Математической Физике (Будак,Самарский,Тихонов)</DESCRIPTION>
           <AUTHORS>
            <AUTHOR>
             <FULLNAME>Будак</FULLNAME>
             <LASTNAME>Будак</LASTNAME>
             <FIRSTNAME></FIRSTNAME>
            </AUTHOR>
            <AUTHOR>
             <FULLNAME>Самарский</FULLNAME>
             <LASTNAME>Самарский</LASTNAME>
             <FIRSTNAME></FIRSTNAME>
            </AUTHOR>
            <AUTHOR>
             <FULLNAME>Тихонов</FULLNAME>
             <LASTNAME>Тихонов</LASTNAME>
             <FIRSTNAME></FIRSTNAME>
            </AUTHOR>
           </AUTHORS>
           <TITLE>Сборник задач по Математической Физике</TITLE>
           <INSTANCES>
            <INSTANCE>
             <FORMAT>pdf</FORMAT>
             <SIZE>0</SIZE>
             <CHECKSUM>0</CHECKSUM>
            </INSTANCE>
           </INSTANCES>
          </INFO>
         </ITEM>
        </FILE>
        <FILE link="Lib/Science/Math/MatPhys/Courant1.zip">
         <LOCATION>
          <URL>Lib/Science/Math/MatPhys/Courant1.zip</URL>
          <SIZE>23.7</SIZE>
          <CHECKSUM>0</CHECKSUM>
          <TYPE>zip</TYPE>
         </LOCATION>
         <ITEM>
          <INFO>
           <CATEGORIES>
            <CATEGORY>Lib/Science/Math/MatPhys</CATEGORY>
           </CATEGORIES>
           <DESCRIPTION>Методы Математической Физики т. 1 (Курант, Гильберт)</DESCRIPTION>
           <AUTHORS>
            <AUTHOR>
             <FULLNAME>Курант</FULLNAME>
             <LASTNAME>Курант</LASTNAME>
             <FIRSTNAME></FIRSTNAME>
            </AUTHOR>
            <AUTHOR>
             <FULLNAME>Гильберт</FULLNAME>
             <LASTNAME>Гильберт</LASTNAME>
             <FIRSTNAME></FIRSTNAME>
            </AUTHOR>
           </AUTHORS>
           <TITLE>Методы Математической Физики</TITLE>
           <INSTANCES>
            <INSTANCE>
             <FORMAT>pdf</FORMAT>
             <SIZE>0</SIZE>
             <CHECKSUM>0</CHECKSUM>
            </INSTANCE>
           </INSTANCES>
          </INFO>
         </ITEM>
        </FILE>
        <FILE link="Lib/Science/Math/MatPhys/Courant2.zip">
         <LOCATION>
          <URL>Lib/Science/Math/MatPhys/Courant2.zip</URL>
          <SIZE>28.7</SIZE>
          <CHECKSUM>0</CHECKSUM>
          <TYPE>zip</TYPE>
         </LOCATION>
         <ITEM>
          <INFO>
           <CATEGORIES>
            <CATEGORY>Lib/Science/Math/MatPhys</CATEGORY>
           </CATEGORIES>
           <DESCRIPTION>Методы Математической Физики т. 2 (Курант, Гильберт)</DESCRIPTION>
           <AUTHORS>
            <AUTHOR>
             <FULLNAME>Курант</FULLNAME>
             <LASTNAME>Курант</LASTNAME>
             <FIRSTNAME></FIRSTNAME>
            </AUTHOR>
            <AUTHOR>
             <FULLNAME>Гильберт</FULLNAME>
             <LASTNAME>Гильберт</LASTNAME>
             <FIRSTNAME></FIRSTNAME>
            </AUTHOR>
           </AUTHORS>
           <TITLE>Методы Математической Физики</TITLE>
           <INSTANCES>
            <INSTANCE>
             <FORMAT>pdf</FORMAT>
             <SIZE>0</SIZE>
             <CHECKSUM>0</CHECKSUM>
            </INSTANCE>
           </INSTANCES>
          </INFO>
         </ITEM>
        </FILE>
        <FILE link="Lib/Science/Math/MatPhys/Glimm.zip">
         <LOCATION>
          <URL>Lib/Science/Math/MatPhys/Glimm.zip</URL>
          <SIZE>19</SIZE>
          <CHECKSUM>0</CHECKSUM>
          <TYPE>zip</TYPE>
         </LOCATION>
         <ITEM>
          <INFO>
           <CATEGORIES>
            <CATEGORY>Lib/Science/Math/MatPhys</CATEGORY>
           </CATEGORIES>
           <DESCRIPTION>Математические Методы Квантовой Физики (Глимм, Джаффе)</DESCRIPTION>
           <AUTHORS>
            <AUTHOR>
             <FULLNAME>Глимм</FULLNAME>
             <LASTNAME>Глимм</LASTNAME>
             <FIRSTNAME></FIRSTNAME>
            </AUTHOR>
            <AUTHOR>
             <FULLNAME>Джаффе</FULLNAME>
             <LASTNAME>Джаффе</LASTNAME>
             <FIRSTNAME></FIRSTNAME>
            </AUTHOR>
           </AUTHORS>
           <TITLE>Математические Методы Квантовой Физики</TITLE>
           <INSTANCES>
            <INSTANCE>
             <FORMAT>pdf</FORMAT>
             <SIZE>0</SIZE>
             <CHECKSUM>0</CHECKSUM>
            </INSTANCE>
           </INSTANCES>
          </INFO>
         </ITEM>
        </FILE>
        <FILE link="Lib/Science/Math/MatPhys/Hamermesh.zip">
         <LOCATION>
          <URL>Lib/Science/Math/MatPhys/Hamermesh.zip</URL>
          <SIZE>18.8</SIZE>
          <CHECKSUM>0</CHECKSUM>
          <TYPE>zip</TYPE>
         </LOCATION>
         <ITEM>
          <INFO>
           <CATEGORIES>
            <CATEGORY>Lib/Science/Math/MatPhys</CATEGORY>
           </CATEGORIES>
           <DESCRIPTION>Теория Групп и ее применение к физическим проблемам (Хамермеш)</DESCRIPTION>
           <AUTHORS>
            <AUTHOR>
             <FULLNAME>Хамермеш</FULLNAME>
             <LASTNAME>Хамермеш</LASTNAME>
             <FIRSTNAME></FIRSTNAME>
            </AUTHOR>
           </AUTHORS>
           <TITLE>Теория Групп и ее применение к физическим проблемам</TITLE>
           <INSTANCES>
            <INSTANCE>
             <FORMAT>pdf</FORMAT>
             <SIZE>0</SIZE>
             <CHECKSUM>0</CHECKSUM>
            </INSTANCE>
           </INSTANCES>
          </INFO>
         </ITEM>
        </FILE>
        <FILE link="Lib/Science/Math/MatPhys/Ibragimov.zip">
         <LOCATION>
          <URL>Lib/Science/Math/MatPhys/Ibragimov.zip</URL>
          <SIZE>11</SIZE>
          <CHECKSUM>0</CHECKSUM>
          <TYPE>zip</TYPE>
         </LOCATION>
         <ITEM>
          <INFO>
           <CATEGORIES>
            <CATEGORY>Lib/Science/Math/MatPhys</CATEGORY>
           </CATEGORIES>
           <DESCRIPTION>Группы Преобразований в Математической Физике (Ибрагимов)</DESCRIPTION>
           <AUTHORS>
            <AUTHOR>
             <FULLNAME>Ибрагимов</FULLNAME>
             <LASTNAME>Ибрагимов</LASTNAME>
             <FIRSTNAME></FIRSTNAME>
            </AUTHOR>
           </AUTHORS>
           <TITLE>Группы Преобразований в Математической Физике</TITLE>
           <INSTANCES>
            <INSTANCE>
             <FORMAT>pdf</FORMAT>
             <SIZE>0</SIZE>
             <CHECKSUM>0</CHECKSUM>
            </INSTANCE>
           </INSTANCES>
          </INFO>
         </ITEM>
        </FILE>
        <FILE link="Lib/Science/Math/MatPhys/Kurant2.zip">
         <LOCATION>
          <URL>Lib/Science/Math/MatPhys/Kurant2.zip</URL>
          <SIZE>23.7</SIZE>
          <CHECKSUM>0</CHECKSUM>
          <TYPE>zip</TYPE>
         </LOCATION>
         <ITEM>
          <INFO>
           <CATEGORIES>
            <CATEGORY>Lib/Science/Math/MatPhys</CATEGORY>
           </CATEGORIES>
           <DESCRIPTION>Методы Математической Физики т. 1 (Курант,Гильберт)</DESCRIPTION>
           <AUTHORS>
            <AUTHOR>
             <FULLNAME>Курант</FULLNAME>
             <LASTNAME>Курант</LASTNAME>
             <FIRSTNAME></FIRSTNAME>
            </AUTHOR>
            <AUTHOR>
             <FULLNAME>Гильберт</FULLNAME>
             <LASTNAME>Гильберт</LASTNAME>
             <FIRSTNAME></FIRSTNAME>
            </AUTHOR>
           </AUTHORS>
           <TITLE>Методы Математической Физики</TITLE>
           <INSTANCES>
            <INSTANCE>
             <FORMAT>pdf</FORMAT>
             <SIZE>0</SIZE>
             <CHECKSUM>0</CHECKSUM>
            </INSTANCE>
           </INSTANCES>
          </INFO>
         </ITEM>
        </FILE>
        <FILE link="Lib/Science/Math/MatPhys/Kurant3.zip">
         <LOCATION>
          <URL>Lib/Science/Math/MatPhys/Kurant3.zip</URL>
          <SIZE>28.7</SIZE>
          <CHECKSUM>0</CHECKSUM>
          <TYPE>zip</TYPE>
         </LOCATION>
         <ITEM>
          <INFO>
           <CATEGORIES>
            <CATEGORY>Lib/Science/Math/MatPhys</CATEGORY>
           </CATEGORIES>
           <DESCRIPTION>Методы Математической Физики т. 2 (Курант,Гильберт)</DESCRIPTION>
           <AUTHORS>
            <AUTHOR>
             <FULLNAME>Курант</FULLNAME>
             <LASTNAME>Курант</LASTNAME>
             <FIRSTNAME></FIRSTNAME>
            </AUTHOR>
            <AUTHOR>
             <FULLNAME>Гильберт</FULLNAME>
             <LASTNAME>Гильберт</LASTNAME>
             <FIRSTNAME></FIRSTNAME>
            </AUTHOR>
           </AUTHORS>
           <TITLE>Методы Математической Физики</TITLE>
           <INSTANCES>
            <INSTANCE>
             <FORMAT>pdf</FORMAT>
             <SIZE>0</SIZE>
             <CHECKSUM>0</CHECKSUM>
            </INSTANCE>
           </INSTANCES>
          </INFO>
         </ITEM>
        </FILE>
        <FILE link="Lib/Science/Math/MatPhys/Madelung.zip">
         <LOCATION>
          <URL>Lib/Science/Math/MatPhys/Madelung.zip</URL>
          <SIZE>20.1</SIZE>
          <CHECKSUM>0</CHECKSUM>
          <TYPE>zip</TYPE>
         </LOCATION>
         <ITEM>
          <INFO>
           <CATEGORIES>
            <CATEGORY>Lib/Science/Math/MatPhys</CATEGORY>
           </CATEGORIES>
           <DESCRIPTION>Математический Аппарат Физики (Маделунг)</DESCRIPTION>
           <AUTHORS>
            <AUTHOR>
             <FULLNAME>Маделунг</FULLNAME>
             <LASTNAME>Маделунг</LASTNAME>
             <FIRSTNAME></FIRSTNAME>
            </AUTHOR>
           </AUTHORS>
           <TITLE>Математический Аппарат Физики</TITLE>
           <INSTANCES>
            <INSTANCE>
             <FORMAT>pdf</FORMAT>
             <SIZE>0</SIZE>
             <CHECKSUM>0</CHECKSUM>
            </INSTANCE>
           </INSTANCES>
          </INFO>
         </ITEM>
        </FILE>
        <FILE link="Lib/Science/Math/MatPhys/Mathews.zip">
         <LOCATION>
          <URL>Lib/Science/Math/MatPhys/Mathews.zip</URL>
          <SIZE>12.2</SIZE>
          <CHECKSUM>0</CHECKSUM>
          <TYPE>zip</TYPE>
         </LOCATION>
         <ITEM>
          <INFO>
           <CATEGORIES>
            <CATEGORY>Lib/Science/Math/MatPhys</CATEGORY>
           </CATEGORIES>
           <DESCRIPTION>Математические Методы в Физики (Мэтьюз, Уокер)</DESCRIPTION>
           <AUTHORS>
            <AUTHOR>
             <FULLNAME>Мэтьюз</FULLNAME>
             <LASTNAME>Мэтьюз</LASTNAME>
             <FIRSTNAME></FIRSTNAME>
            </AUTHOR>
            <AUTHOR>
             <FULLNAME>Уокер</FULLNAME>
             <LASTNAME>Уокер</LASTNAME>
             <FIRSTNAME></FIRSTNAME>
            </AUTHOR>
           </AUTHORS>
           <TITLE>Математические Методы в Физики</TITLE>
           <INSTANCES>
            <INSTANCE>
             <FORMAT>pdf</FORMAT>
             <SIZE>0</SIZE>
             <CHECKSUM>0</CHECKSUM>
            </INSTANCE>
           </INSTANCES>
          </INFO>
         </ITEM>
        </FILE>
        <FILE link="Lib/Science/Math/MatPhys/Miller.zip">
         <LOCATION>
          <URL>Lib/Science/Math/MatPhys/Miller.zip</URL>
          <SIZE>14.5</SIZE>
          <CHECKSUM>0</CHECKSUM>
          <TYPE>zip</TYPE>
         </LOCATION>
         <ITEM>
          <INFO>
           <CATEGORIES>
            <CATEGORY>Lib/Science/Math/MatPhys</CATEGORY>
           </CATEGORIES>
           <DESCRIPTION>Симметрия и Разделение Переменных (Миллер)</DESCRIPTION>
           <AUTHORS>
            <AUTHOR>
             <FULLNAME>Миллер</FULLNAME>
             <LASTNAME>Миллер</LASTNAME>
             <FIRSTNAME></FIRSTNAME>
            </AUTHOR>
           </AUTHORS>
           <TITLE>Симметрия и Разделение Переменных</TITLE>
           <INSTANCES>
            <INSTANCE>
             <FORMAT>pdf</FORMAT>
             <SIZE>0</SIZE>
             <CHECKSUM>0</CHECKSUM>
            </INSTANCE>
           </INSTANCES>
          </INFO>
         </ITEM>
        </FILE>
        <FILE link="Lib/Science/Math/MatPhys/Mors1.zip">
         <LOCATION>
          <URL>Lib/Science/Math/MatPhys/Mors1.zip</URL>
          <SIZE>49.9</SIZE>
          <CHECKSUM>0</CHECKSUM>
          <TYPE>zip</TYPE>
         </LOCATION>
         <ITEM>
          <INFO>
           <CATEGORIES>
            <CATEGORY>Lib/Science/Math/MatPhys</CATEGORY>
           </CATEGORIES>
           <DESCRIPTION>Методы Теоретической Физики т. 1 (Морс,Фешбах)</DESCRIPTION>
           <AUTHORS>
            <AUTHOR>
             <FULLNAME>Морс</FULLNAME>
             <LASTNAME>Морс</LASTNAME>
             <FIRSTNAME></FIRSTNAME>
            </AUTHOR>
            <AUTHOR>
             <FULLNAME>Фешбах</FULLNAME>
             <LASTNAME>Фешбах</LASTNAME>
             <FIRSTNAME></FIRSTNAME>
            </AUTHOR>
           </AUTHORS>
           <TITLE>Методы Теоретической Физики</TITLE>
           <INSTANCES>
            <INSTANCE>
             <FORMAT>pdf</FORMAT>
             <SIZE>0</SIZE>
             <CHECKSUM>0</CHECKSUM>
            </INSTANCE>
           </INSTANCES>
          </INFO>
         </ITEM>
        </FILE>
        <FILE link="Lib/Science/Math/MatPhys/Mors2.zip">
         <LOCATION>
          <URL>Lib/Science/Math/MatPhys/Mors2.zip</URL>
          <SIZE>47.7</SIZE>
          <CHECKSUM>0</CHECKSUM>
          <TYPE>zip</TYPE>
         </LOCATION>
         <ITEM>
          <INFO>
           <CATEGORIES>
            <CATEGORY>Lib/Science/Math/MatPhys</CATEGORY>
           </CATEGORIES>
           <DESCRIPTION>Методы Теоретической Физики т. 2 (Морс,Фешбах)</DESCRIPTION>
           <AUTHORS>
            <AUTHOR>
             <FULLNAME>Морс</FULLNAME>
             <LASTNAME>Морс</LASTNAME>
             <FIRSTNAME></FIRSTNAME>
            </AUTHOR>
            <AUTHOR>
             <FULLNAME>Фешбах</FULLNAME>
             <LASTNAME>Фешбах</LASTNAME>
             <FIRSTNAME></FIRSTNAME>
            </AUTHOR>
           </AUTHORS>
           <TITLE>Методы Теоретической Физики</TITLE>
           <INSTANCES>
            <INSTANCE>
             <FORMAT>pdf</FORMAT>
             <SIZE>0</SIZE>
             <CHECKSUM>0</CHECKSUM>
            </INSTANCE>
           </INSTANCES>
          </INFO>
         </ITEM>
        </FILE>
        <FILE link="Lib/Science/Math/MatPhys/Mozer.zip">
         <LOCATION>
          <URL>Lib/Science/Math/MatPhys/Mozer.zip</URL>
          <SIZE>12.5</SIZE>
          <CHECKSUM>0</CHECKSUM>
          <TYPE>zip</TYPE>
         </LOCATION>
         <ITEM>
          <INFO>
           <CATEGORIES>
            <CATEGORY>Lib/Science/Math/MatPhys</CATEGORY>
           </CATEGORIES>
           <DESCRIPTION>Интегрируемые Гамильтоновы Системы и Спектральная Теория (Мозер)</DESCRIPTION>
           <AUTHORS>
            <AUTHOR>
             <FULLNAME>Мозер</FULLNAME>
             <LASTNAME>Мозер</LASTNAME>
             <FIRSTNAME></FIRSTNAME>
            </AUTHOR>
           </AUTHORS>
           <TITLE>Интегрируемые Гамильтоновы Системы и Спектральная Теория</TITLE>
           <INSTANCES>
            <INSTANCE>
             <FORMAT>pdf</FORMAT>
             <SIZE>0</SIZE>
             <CHECKSUM>0</CHECKSUM>
            </INSTANCE>
           </INSTANCES>
          </INFO>
         </ITEM>
        </FILE>
        <FILE link="Lib/Science/Math/MatPhys/Nesis.zip">
         <LOCATION>
          <URL>Lib/Science/Math/MatPhys/Nesis.zip</URL>
          <SIZE>6.4</SIZE>
          <CHECKSUM>0</CHECKSUM>
          <TYPE>zip</TYPE>
         </LOCATION>
         <ITEM>
          <INFO>
           <CATEGORIES>
            <CATEGORY>Lib/Science/Math/MatPhys</CATEGORY>
           </CATEGORIES>
           <DESCRIPTION>Методы Математической Физики (Несис)</DESCRIPTION>
           <AUTHORS>
            <AUTHOR>
             <FULLNAME>Несис</FULLNAME>
             <LASTNAME>Несис</LASTNAME>
             <FIRSTNAME></FIRSTNAME>
            </AUTHOR>
           </AUTHORS>
           <TITLE>Методы Математической Физики</TITLE>
           <INSTANCES>
            <INSTANCE>
             <FORMAT>pdf</FORMAT>
             <SIZE>0</SIZE>
             <CHECKSUM>0</CHECKSUM>
            </INSTANCE>
           </INSTANCES>
          </INFO>
         </ITEM>
        </FILE>
        <FILE link="Lib/Science/Math/MatPhys/Nikiforov.zip">
         <LOCATION>
          <URL>Lib/Science/Math/MatPhys/Nikiforov.zip</URL>
          <SIZE>12.5</SIZE>
          <CHECKSUM>0</CHECKSUM>
          <TYPE>zip</TYPE>
         </LOCATION>
         <ITEM>
          <INFO>
           <CATEGORIES>
            <CATEGORY>Lib/Science/Math/MatPhys</CATEGORY>
           </CATEGORIES>
           <DESCRIPTION>Специальные Функции Математической Физики (Никифоров,Уваров)</DESCRIPTION>
           <AUTHORS>
            <AUTHOR>
             <FULLNAME>Никифоров</FULLNAME>
             <LASTNAME>Никифоров</LASTNAME>
             <FIRSTNAME></FIRSTNAME>
            </AUTHOR>
            <AUTHOR>
             <FULLNAME>Уваров</FULLNAME>
             <LASTNAME>Уваров</LASTNAME>
             <FIRSTNAME></FIRSTNAME>
            </AUTHOR>
           </AUTHORS>
           <TITLE>Специальные Функции Математической Физики</TITLE>
           <INSTANCES>
            <INSTANCE>
             <FORMAT>pdf</FORMAT>
             <SIZE>0</SIZE>
             <CHECKSUM>0</CHECKSUM>
            </INSTANCE>
           </INSTANCES>
          </INFO>
         </ITEM>
        </FILE>
        <FILE link="Lib/Science/Math/MatPhys/Nyuel.zip">
         <LOCATION>
          <URL>Lib/Science/Math/MatPhys/Nyuel.zip</URL>
          <SIZE>11.9</SIZE>
          <CHECKSUM>0</CHECKSUM>
          <TYPE>zip</TYPE>
         </LOCATION>
         <ITEM>
          <INFO>
           <CATEGORIES>
            <CATEGORY>Lib/Science/Math/MatPhys</CATEGORY>
           </CATEGORIES>
           <DESCRIPTION>Солитоны в Математической Физике (Ньюэлл)</DESCRIPTION>
           <AUTHORS>
            <AUTHOR>
             <FULLNAME>Ньюэлл</FULLNAME>
             <LASTNAME>Ньюэлл</LASTNAME>
             <FIRSTNAME></FIRSTNAME>
            </AUTHOR>
           </AUTHORS>
           <TITLE>Солитоны в Математической Физике</TITLE>
           <INSTANCES>
            <INSTANCE>
             <FORMAT>pdf</FORMAT>
             <SIZE>0</SIZE>
             <CHECKSUM>0</CHECKSUM>
            </INSTANCE>
           </INSTANCES>
          </INFO>
         </ITEM>
        </FILE>
        <FILE link="Lib/Science/Math/MatPhys/Rihtmayer1.zip">
         <LOCATION>
          <URL>Lib/Science/Math/MatPhys/Rihtmayer1.zip</URL>
          <SIZE>22.7</SIZE>
          <CHECKSUM>0</CHECKSUM>
          <TYPE>zip</TYPE>
         </LOCATION>
         <ITEM>
          <INFO>
           <CATEGORIES>
            <CATEGORY>Lib/Science/Math/MatPhys</CATEGORY>
           </CATEGORIES>
           <DESCRIPTION>Принципы Современной Математической Физики т. 1 (Рихтмайер)</DESCRIPTION>
           <AUTHORS>
            <AUTHOR>
             <FULLNAME>Рихтмайер</FULLNAME>
             <LASTNAME>Рихтмайер</LASTNAME>
             <FIRSTNAME></FIRSTNAME>
            </AUTHOR>
           </AUTHORS>
           <TITLE>Принципы Современной Математической Физики</TITLE>
           <INSTANCES>
            <INSTANCE>
             <FORMAT>pdf</FORMAT>
             <SIZE>0</SIZE>
             <CHECKSUM>0</CHECKSUM>
            </INSTANCE>
           </INSTANCES>
          </INFO>
         </ITEM>
        </FILE>
        <FILE link="Lib/Science/Math/MatPhys/Rihtmayer2.zip">
         <LOCATION>
          <URL>Lib/Science/Math/MatPhys/Rihtmayer2.zip</URL>
          <SIZE>16.3</SIZE>
          <CHECKSUM>0</CHECKSUM>
          <TYPE>zip</TYPE>
         </LOCATION>
         <ITEM>
          <INFO>
           <CATEGORIES>
            <CATEGORY>Lib/Science/Math/MatPhys</CATEGORY>
           </CATEGORIES>
           <DESCRIPTION>Принципы Современной Математической Физики т. 2 (Рихтмайер)</DESCRIPTION>
           <AUTHORS>
            <AUTHOR>
             <FULLNAME>Рихтмайер</FULLNAME>
             <LASTNAME>Рихтмайер</LASTNAME>
             <FIRSTNAME></FIRSTNAME>
            </AUTHOR>
           </AUTHORS>
           <TITLE>Принципы Современной Математической Физики</TITLE>
           <INSTANCES>
            <INSTANCE>
             <FORMAT>pdf</FORMAT>
             <SIZE>0</SIZE>
             <CHECKSUM>0</CHECKSUM>
            </INSTANCE>
           </INSTANCES>
          </INFO>
         </ITEM>
        </FILE>
        <FILE link="Lib/Science/Math/MatPhys/Schutz.zip">
         <LOCATION>
          <URL>Lib/Science/Math/MatPhys/Schutz.zip</URL>
          <SIZE>12.8</SIZE>
          <CHECKSUM>0</CHECKSUM>
          <TYPE>zip</TYPE>
         </LOCATION>
         <ITEM>
          <INFO>
           <CATEGORIES>
            <CATEGORY>Lib/Science/Math/MatPhys</CATEGORY>
           </CATEGORIES>
           <DESCRIPTION>Геометрические Методы Математической Физики (Шутц)</DESCRIPTION>
           <AUTHORS>
            <AUTHOR>
             <FULLNAME>Шутц</FULLNAME>
             <LASTNAME>Шутц</LASTNAME>
             <FIRSTNAME></FIRSTNAME>
            </AUTHOR>
           </AUTHORS>
           <TITLE>Геометрические Методы Математической Физики</TITLE>
           <INSTANCES>
            <INSTANCE>
             <FORMAT>pdf</FORMAT>
             <SIZE>0</SIZE>
             <CHECKSUM>0</CHECKSUM>
            </INSTANCE>
           </INSTANCES>
          </INFO>
         </ITEM>
        </FILE>
        <FILE link="Lib/Science/Math/MatPhys/Shapiro.zip">
         <LOCATION>
          <URL>Lib/Science/Math/MatPhys/Shapiro.zip</URL>
          <SIZE>3.9</SIZE>
          <CHECKSUM>0</CHECKSUM>
          <TYPE>zip</TYPE>
         </LOCATION>
         <ITEM>
          <INFO>
           <CATEGORIES>
            <CATEGORY>Lib/Science/Math/MatPhys</CATEGORY>
           </CATEGORIES>
           <DESCRIPTION>Лекции по Топологии для Физиков (Шапиро, Ольшанецкий)</DESCRIPTION>
           <AUTHORS>
            <AUTHOR>
             <FULLNAME>Шапиро</FULLNAME>
             <LASTNAME>Шапиро</LASTNAME>
             <FIRSTNAME></FIRSTNAME>
            </AUTHOR>
            <AUTHOR>
             <FULLNAME>Ольшанецкий</FULLNAME>
             <LASTNAME>Ольшанецкий</LASTNAME>
             <FIRSTNAME></FIRSTNAME>
            </AUTHOR>
           </AUTHORS>
           <TITLE>Лекции по Топологии для Физиков</TITLE>
           <INSTANCES>
            <INSTANCE>
             <FORMAT>pdf</FORMAT>
             <SIZE>0</SIZE>
             <CHECKSUM>0</CHECKSUM>
            </INSTANCE>
           </INSTANCES>
          </INFO>
         </ITEM>
        </FILE>
        <FILE link="Lib/Science/Math/MatPhys/Shredinger.zip">
         <LOCATION>
          <URL>Lib/Science/Math/MatPhys/Shredinger.zip</URL>
          <SIZE>7.7</SIZE>
          <CHECKSUM>0</CHECKSUM>
          <TYPE>zip</TYPE>
         </LOCATION>
         <ITEM>
          <INFO>
           <CATEGORIES>
            <CATEGORY>Lib/Science/Math/MatPhys</CATEGORY>
           </CATEGORIES>
           <DESCRIPTION>Лекции по Физике (Шредингер)</DESCRIPTION>
           <AUTHORS>
            <AUTHOR>
             <FULLNAME>Шредингер</FULLNAME>
             <LASTNAME>Шредингер</LASTNAME>
             <FIRSTNAME></FIRSTNAME>
            </AUTHOR>
           </AUTHORS>
           <TITLE>Лекции по Физике</TITLE>
           <INSTANCES>
            <INSTANCE>
             <FORMAT>pdf</FORMAT>
             <SIZE>0</SIZE>
             <CHECKSUM>0</CHECKSUM>
            </INSTANCE>
           </INSTANCES>
          </INFO>
         </ITEM>
        </FILE>
        <FILE link="Lib/Science/Math/MatPhys/Sobolev.zip">
         <LOCATION>
          <URL>Lib/Science/Math/MatPhys/Sobolev.zip</URL>
          <SIZE>10.5</SIZE>
          <CHECKSUM>0</CHECKSUM>
          <TYPE>zip</TYPE>
         </LOCATION>
         <ITEM>
          <INFO>
           <CATEGORIES>
            <CATEGORY>Lib/Science/Math/MatPhys</CATEGORY>
           </CATEGORIES>
           <DESCRIPTION>Некоторые Применения Функционального Анализа в Математической Физике (Соболев)</DESCRIPTION>
           <AUTHORS>
            <AUTHOR>
             <FULLNAME>Соболев</FULLNAME>
             <LASTNAME>Соболев</LASTNAME>
             <FIRSTNAME></FIRSTNAME>
            </AUTHOR>
           </AUTHORS>
           <TITLE>Некоторые Применения Функционального Анализа в Математической Физике</TITLE>
           <INSTANCES>
            <INSTANCE>
             <FORMAT>pdf</FORMAT>
             <SIZE>0</SIZE>
             <CHECKSUM>0</CHECKSUM>
            </INSTANCE>
           </INSTANCES>
          </INFO>
         </ITEM>
        </FILE>
        <FILE link="Lib/Science/Math/MatPhys/Steklov.zip">
         <LOCATION>
          <URL>Lib/Science/Math/MatPhys/Steklov.zip</URL>
          <SIZE>17.1</SIZE>
          <CHECKSUM>0</CHECKSUM>
          <TYPE>zip</TYPE>
         </LOCATION>
         <ITEM>
          <INFO>
           <CATEGORIES>
            <CATEGORY>Lib/Science/Math/MatPhys</CATEGORY>
           </CATEGORIES>
           <DESCRIPTION>Основне Задачи Математической Физики (Стеклов)</DESCRIPTION>
           <AUTHORS>
            <AUTHOR>
             <FULLNAME>Стеклов</FULLNAME>
             <LASTNAME>Стеклов</LASTNAME>
             <FIRSTNAME></FIRSTNAME>
            </AUTHOR>
           </AUTHORS>
           <TITLE>Основне Задачи Математической Физики</TITLE>
           <INSTANCES>
            <INSTANCE>
             <FORMAT>pdf</FORMAT>
             <SIZE>0</SIZE>
             <CHECKSUM>0</CHECKSUM>
            </INSTANCE>
           </INSTANCES>
          </INFO>
         </ITEM>
        </FILE>
        <FILE link="Lib/Science/Math/MatPhys/Tihonov.zip">
         <LOCATION>
          <URL>Lib/Science/Math/MatPhys/Tihonov.zip</URL>
          <SIZE>26</SIZE>
          <CHECKSUM>0</CHECKSUM>
          <TYPE>zip</TYPE>
         </LOCATION>
         <ITEM>
          <INFO>
           <CATEGORIES>
            <CATEGORY>Lib/Science/Math/MatPhys</CATEGORY>
           </CATEGORIES>
           <DESCRIPTION>Уравнения Математической Физики (Тихонов,Самарский)</DESCRIPTION>
           <AUTHORS>
            <AUTHOR>
             <FULLNAME>Тихонов</FULLNAME>
             <LASTNAME>Тихонов</LASTNAME>
             <FIRSTNAME></FIRSTNAME>
            </AUTHOR>
            <AUTHOR>
             <FULLNAME>Самарский</FULLNAME>
             <LASTNAME>Самарский</LASTNAME>
             <FIRSTNAME></FIRSTNAME>
            </AUTHOR>
           </AUTHORS>
           <TITLE>Уравнения Математической Физики</TITLE>
           <INSTANCES>
            <INSTANCE>
             <FORMAT>pdf</FORMAT>
             <SIZE>0</SIZE>
             <CHECKSUM>0</CHECKSUM>
            </INSTANCE>
           </INSTANCES>
          </INFO>
         </ITEM>
        </FILE>
        <FILE link="Lib/Science/Math/MatPhys/Yukava.zip">
         <LOCATION>
          <URL>Lib/Science/Math/MatPhys/Yukava.zip</URL>
          <SIZE>6</SIZE>
          <CHECKSUM>0</CHECKSUM>
          <TYPE>zip</TYPE>
         </LOCATION>
         <ITEM>
          <INFO>
           <CATEGORIES>
            <CATEGORY>Lib/Science/Math/MatPhys</CATEGORY>
           </CATEGORIES>
           <DESCRIPTION>Лекции по Физике (Юкава)</DESCRIPTION>
           <AUTHORS>
            <AUTHOR>
             <FULLNAME>Юкава</FULLNAME>
             <LASTNAME>Юкава</LASTNAME>
             <FIRSTNAME></FIRSTNAME>
            </AUTHOR>
           </AUTHORS>
           <TITLE>Лекции по Физике</TITLE>
           <INSTANCES>
            <INSTANCE>
             <FORMAT>pdf</FORMAT>
             <SIZE>0</SIZE>
             <CHECKSUM>0</CHECKSUM>
            </INSTANCE>
           </INSTANCES>
          </INFO>
         </ITEM>
        </FILE>
        <FILE link="Lib/Science/Math/MatPhys/Zeldovich.zip">
         <LOCATION>
          <URL>Lib/Science/Math/MatPhys/Zeldovich.zip</URL>
          <SIZE>16</SIZE>
          <CHECKSUM>0</CHECKSUM>
          <TYPE>zip</TYPE>
         </LOCATION>
         <ITEM>
          <INFO>
           <CATEGORIES>
            <CATEGORY>Lib/Science/Math/MatPhys</CATEGORY>
           </CATEGORIES>
           <DESCRIPTION>Элементы математической Физики (Зельдович,Мышкис)</DESCRIPTION>
           <AUTHORS>
            <AUTHOR>
             <FULLNAME>Зельдович</FULLNAME>
             <LASTNAME>Зельдович</LASTNAME>
             <FIRSTNAME></FIRSTNAME>
            </AUTHOR>
            <AUTHOR>
             <FULLNAME>Мышкис</FULLNAME>
             <LASTNAME>Мышкис</LASTNAME>
             <FIRSTNAME></FIRSTNAME>
            </AUTHOR>
           </AUTHORS>
           <TITLE>Элементы математической Физики</TITLE>
           <INSTANCES>
            <INSTANCE>
             <FORMAT>pdf</FORMAT>
             <SIZE>0</SIZE>
             <CHECKSUM>0</CHECKSUM>
            </INSTANCE>
           </INSTANCES>
          </INFO>
         </ITEM>
        </FILE>
        <FILE link="Lib/Science/Math/MatPhys/Zommerfeld.zip">
         <LOCATION>
          <URL>Lib/Science/Math/MatPhys/Zommerfeld.zip</URL>
          <SIZE>14.9</SIZE>
          <CHECKSUM>0</CHECKSUM>
          <TYPE>zip</TYPE>
         </LOCATION>
         <ITEM>
          <INFO>
           <CATEGORIES>
            <CATEGORY>Lib/Science/Math/MatPhys</CATEGORY>
           </CATEGORIES>
           <DESCRIPTION>ДУвЧП Физики (Зомерфельд)</DESCRIPTION>
           <AUTHORS>
            <AUTHOR>
             <FULLNAME>Зомерфельд</FULLNAME>
             <LASTNAME>Зомерфельд</LASTNAME>
             <FIRSTNAME></FIRSTNAME>
            </AUTHOR>
           </AUTHORS>
           <TITLE>ДУвЧП Физики</TITLE>
           <INSTANCES>
            <INSTANCE>
             <FORMAT>pdf</FORMAT>
             <SIZE>0</SIZE>
             <CHECKSUM>0</CHECKSUM>
            </INSTANCE>
           </INSTANCES>
          </INFO>
         </ITEM>
        </FILE>
        <DIR link="Lib/Science/Math/MatPhys/Soliton">
         <LOCATION>
          <URL>Lib/Science/Math/MatPhys/Soliton</URL>
          <SIZE>81.3</SIZE>
         </LOCATION>
         <FILELIST category="Lib/Science/Math/MatPhys/Soliton">
          <INFO>
           <DESCRIPTION>Soliton</DESCRIPTION>
           <TITLE>Soliton</TITLE>
           <DEFAULTFORMAT>pdf</DEFAULTFORMAT>
          </INFO>
          <FILE link="Lib/Science/Math/MatPhys/Soliton/Ablowitz.zip">
           <LOCATION>
            <URL>Lib/Science/Math/MatPhys/Soliton/Ablowitz.zip</URL>
            <SIZE>17.6</SIZE>
            <CHECKSUM>0</CHECKSUM>
            <TYPE>zip</TYPE>
           </LOCATION>
           <ITEM>
            <INFO>
             <CATEGORIES>
              <CATEGORY>Lib/Science/Math/MatPhys/Soliton</CATEGORY>
             </CATEGORIES>
             <DESCRIPTION>Солитоны и Метод Обратной Задачи (Абловиц,Сигур)</DESCRIPTION>
             <AUTHORS>
              <AUTHOR>
               <FULLNAME>Абловиц</FULLNAME>
               <LASTNAME>Абловиц</LASTNAME>
               <FIRSTNAME></FIRSTNAME>
              </AUTHOR>
              <AUTHOR>
               <FULLNAME>Сигур</FULLNAME>
               <LASTNAME>Сигур</LASTNAME>
               <FIRSTNAME></FIRSTNAME>
              </AUTHOR>
             </AUTHORS>
             <TITLE>Солитоны и Метод Обратной Задачи</TITLE>
             <INSTANCES>
              <INSTANCE>
               <FORMAT>pdf</FORMAT>
               <SIZE>0</SIZE>
               <CHECKSUM>0</CHECKSUM>
              </INSTANCE>
             </INSTANCES>
            </INFO>
           </ITEM>
          </FILE>
          <FILE link="Lib/Science/Math/MatPhys/Soliton/Bullaf.zip">
           <LOCATION>
            <URL>Lib/Science/Math/MatPhys/Soliton/Bullaf.zip</URL>
            <SIZE>16.2</SIZE>
            <CHECKSUM>0</CHECKSUM>
            <TYPE>zip</TYPE>
           </LOCATION>
           <ITEM>
            <INFO>
             <CATEGORIES>
              <CATEGORY>Lib/Science/Math/MatPhys/Soliton</CATEGORY>
             </CATEGORIES>
             <DESCRIPTION>Солитоны (Буллаф,Кодри)</DESCRIPTION>
             <AUTHORS>
              <AUTHOR>
               <FULLNAME>Буллаф</FULLNAME>
               <LASTNAME>Буллаф</LASTNAME>
               <FIRSTNAME></FIRSTNAME>
              </AUTHOR>
              <AUTHOR>
               <FULLNAME>Кодри</FULLNAME>
               <LASTNAME>Кодри</LASTNAME>
               <FIRSTNAME></FIRSTNAME>
              </AUTHOR>
             </AUTHORS>
             <TITLE>Солитоны</TITLE>
             <INSTANCES>
              <INSTANCE>
               <FORMAT>pdf</FORMAT>
               <SIZE>0</SIZE>
               <CHECKSUM>0</CHECKSUM>
              </INSTANCE>
             </INSTANCES>
            </INFO>
           </ITEM>
          </FILE>
          <FILE link="Lib/Science/Math/MatPhys/Soliton/Dodd.zip">
           <LOCATION>
            <URL>Lib/Science/Math/MatPhys/Soliton/Dodd.zip</URL>
            <SIZE>27.2</SIZE>
            <CHECKSUM>0</CHECKSUM>
            <TYPE>zip</TYPE>
           </LOCATION>
           <ITEM>
            <INFO>
             <CATEGORIES>
              <CATEGORY>Lib/Science/Math/MatPhys/Soliton</CATEGORY>
             </CATEGORIES>
             <DESCRIPTION>Солитоны и нелинейные волновые уравнения (Додд,Эйлбек,Гиббон,Моррис)</DESCRIPTION>
             <AUTHORS>
              <AUTHOR>
               <FULLNAME>Додд</FULLNAME>
               <LASTNAME>Додд</LASTNAME>
               <FIRSTNAME></FIRSTNAME>
              </AUTHOR>
              <AUTHOR>
               <FULLNAME>Эйлбек</FULLNAME>
               <LASTNAME>Эйлбек</LASTNAME>
               <FIRSTNAME></FIRSTNAME>
              </AUTHOR>
              <AUTHOR>
               <FULLNAME>Гиббон</FULLNAME>
               <LASTNAME>Гиббон</LASTNAME>
               <FIRSTNAME></FIRSTNAME>
              </AUTHOR>
              <AUTHOR>
               <FULLNAME>Моррис</FULLNAME>
               <LASTNAME>Моррис</LASTNAME>
               <FIRSTNAME></FIRSTNAME>
              </AUTHOR>
             </AUTHORS>
             <TITLE>Солитоны и нелинейные волновые уравнения</TITLE>
             <INSTANCES>
              <INSTANCE>
               <FORMAT>pdf</FORMAT>
               <SIZE>0</SIZE>
               <CHECKSUM>0</CHECKSUM>
              </INSTANCE>
             </INSTANCES>
            </INFO>
           </ITEM>
          </FILE>
          <FILE link="Lib/Science/Math/MatPhys/Soliton/Lem.zip">
           <LOCATION>
            <URL>Lib/Science/Math/MatPhys/Soliton/Lem.zip</URL>
            <SIZE>9.9</SIZE>
            <CHECKSUM>0</CHECKSUM>
            <TYPE>zip</TYPE>
           </LOCATION>
           <ITEM>
            <INFO>
             <CATEGORIES>
              <CATEGORY>Lib/Science/Math/MatPhys/Soliton</CATEGORY>
             </CATEGORIES>
             <DESCRIPTION>Введение в теорию Солитонов (Лэм)</DESCRIPTION>
             <AUTHORS>
              <AUTHOR>
               <FULLNAME>Лэм</FULLNAME>
               <LASTNAME>Лэм</LASTNAME>
               <FIRSTNAME></FIRSTNAME>
              </AUTHOR>
             </AUTHORS>
             <TITLE>Введение в теорию Солитонов</TITLE>
             <INSTANCES>
              <INSTANCE>
               <FORMAT>pdf</FORMAT>
               <SIZE>0</SIZE>
               <CHECKSUM>0</CHECKSUM>
              </INSTANCE>
             </INSTANCES>
            </INFO>
           </ITEM>
          </FILE>
          <FILE link="Lib/Science/Math/MatPhys/Soliton/Zaharov.zip">
           <LOCATION>
            <URL>Lib/Science/Math/MatPhys/Soliton/Zaharov.zip</URL>
            <SIZE>10.4</SIZE>
            <CHECKSUM>0</CHECKSUM>
            <TYPE>zip</TYPE>
           </LOCATION>
           <ITEM>
            <INFO>
             <CATEGORIES>
              <CATEGORY>Lib/Science/Math/MatPhys/Soliton</CATEGORY>
             </CATEGORIES>
             <DESCRIPTION>Теория Солитонов: Метод Обратной Задачи (Захаров, Манаков, Новиков, Питаевский)</DESCRIPTION>
             <AUTHORS>
              <AUTHOR>
               <FULLNAME>Захаров</FULLNAME>
               <LASTNAME>Захаров</LASTNAME>
               <FIRSTNAME></FIRSTNAME>
              </AUTHOR>
              <AUTHOR>
               <FULLNAME>Манаков</FULLNAME>
               <LASTNAME>Манаков</LASTNAME>
               <FIRSTNAME></FIRSTNAME>
              </AUTHOR>
              <AUTHOR>
               <FULLNAME>Новиков</FULLNAME>
               <LASTNAME>Новиков</LASTNAME>
               <FIRSTNAME></FIRSTNAME>
              </AUTHOR>
              <AUTHOR>
               <FULLNAME>Питаевский</FULLNAME>
               <LASTNAME>Питаевский</LASTNAME>
               <FIRSTNAME></FIRSTNAME>
              </AUTHOR>
             </AUTHORS>
             <TITLE>Теория Солитонов: Метод Обратной Задачи</TITLE>
             <INSTANCES>
              <INSTANCE>
               <FORMAT>pdf</FORMAT>
               <SIZE>0</SIZE>
               <CHECKSUM>0</CHECKSUM>
              </INSTANCE>
             </INSTANCES>
            </INFO>
           </ITEM>
          </FILE>
         </FILELIST>
        </DIR>
       </FILELIST>
      </DIR>
      <DIR link="Lib/Science/Math/NumMethods">
       <LOCATION>
        <URL>Lib/Science/Math/NumMethods</URL>
        <SIZE>378.9</SIZE>
       </LOCATION>
       <FILELIST category="Lib/Science/Math/NumMethods">
        <INFO>
         <DESCRIPTION>NumMethods</DESCRIPTION>
         <TITLE>NumMethods</TITLE>
         <DEFAULTFORMAT>pdf</DEFAULTFORMAT>
        </INFO>
        <FILE link="Lib/Science/Math/NumMethods/Afifi.zip">
         <LOCATION>
          <URL>Lib/Science/Math/NumMethods/Afifi.zip</URL>
          <SIZE>21.1</SIZE>
          <CHECKSUM>0</CHECKSUM>
          <TYPE>zip</TYPE>
         </LOCATION>
         <ITEM>
          <INFO>
           <CATEGORIES>
            <CATEGORY>Lib/Science/Math/NumMethods</CATEGORY>
           </CATEGORIES>
           <DESCRIPTION>Статистический Анализ - подход с использованием ЭВМ (Афифи,Эйзен)</DESCRIPTION>
           <PUBLISHERS>
            <PUBLISHER>Статистический Анализ</PUBLISHER>
           </PUBLISHERS>
           <AUTHORS>
            <AUTHOR>
             <FULLNAME>Афифи</FULLNAME>
             <LASTNAME>Афифи</LASTNAME>
             <FIRSTNAME></FIRSTNAME>
            </AUTHOR>
            <AUTHOR>
             <FULLNAME>Эйзен</FULLNAME>
             <LASTNAME>Эйзен</LASTNAME>
             <FIRSTNAME></FIRSTNAME>
            </AUTHOR>
           </AUTHORS>
           <TITLE>подход с использованием ЭВМ</TITLE>
           <INSTANCES>
            <INSTANCE>
             <FORMAT>pdf</FORMAT>
             <SIZE>0</SIZE>
             <CHECKSUM>0</CHECKSUM>
            </INSTANCE>
           </INSTANCES>
          </INFO>
         </ITEM>
        </FILE>
        <FILE link="Lib/Science/Math/NumMethods/Avetisyan.zip">
         <LOCATION>
          <URL>Lib/Science/Math/NumMethods/Avetisyan.zip</URL>
          <SIZE>43.2</SIZE>
          <CHECKSUM>0</CHECKSUM>
          <TYPE>zip</TYPE>
         </LOCATION>
         <ITEM>
          <INFO>
           <CATEGORIES>
            <CATEGORY>Lib/Science/Math/NumMethods</CATEGORY>
           </CATEGORIES>
           <DESCRIPTION>Теоретические Основы Информатики (Аветисян,Аветисян)</DESCRIPTION>
           <AUTHORS>
            <AUTHOR>
             <FULLNAME>Аветисян</FULLNAME>
             <LASTNAME>Аветисян</LASTNAME>
             <FIRSTNAME></FIRSTNAME>
            </AUTHOR>
            <AUTHOR>
             <FULLNAME>Аветисян</FULLNAME>
             <LASTNAME>Аветисян</LASTNAME>
             <FIRSTNAME></FIRSTNAME>
            </AUTHOR>
           </AUTHORS>
           <TITLE>Теоретические Основы Информатики</TITLE>
           <INSTANCES>
            <INSTANCE>
             <FORMAT>pdf</FORMAT>
             <SIZE>0</SIZE>
             <CHECKSUM>0</CHECKSUM>
            </INSTANCE>
           </INSTANCES>
          </INFO>
         </ITEM>
        </FILE>
        <FILE link="Lib/Science/Math/NumMethods/Bahvalov.zip">
         <LOCATION>
          <URL>Lib/Science/Math/NumMethods/Bahvalov.zip</URL>
          <SIZE>28.7</SIZE>
          <CHECKSUM>0</CHECKSUM>
          <TYPE>zip</TYPE>
         </LOCATION>
         <ITEM>
          <INFO>
           <CATEGORIES>
            <CATEGORY>Lib/Science/Math/NumMethods</CATEGORY>
           </CATEGORIES>
           <DESCRIPTION>Численные Методы (Бахвалов)</DESCRIPTION>
           <AUTHORS>
            <AUTHOR>
             <FULLNAME>Бахвалов</FULLNAME>
             <LASTNAME>Бахвалов</LASTNAME>
             <FIRSTNAME></FIRSTNAME>
            </AUTHOR>
           </AUTHORS>
           <TITLE>Численные Методы</TITLE>
           <INSTANCES>
            <INSTANCE>
             <FORMAT>pdf</FORMAT>
             <SIZE>0</SIZE>
             <CHECKSUM>0</CHECKSUM>
            </INSTANCE>
           </INSTANCES>
          </INFO>
         </ITEM>
        </FILE>
        <FILE link="Lib/Science/Math/NumMethods/Bartenev.zip">
         <LOCATION>
          <URL>Lib/Science/Math/NumMethods/Bartenev.zip</URL>
          <SIZE>75.9</SIZE>
          <CHECKSUM>0</CHECKSUM>
          <TYPE>zip</TYPE>
         </LOCATION>
         <ITEM>
          <INFO>
           <CATEGORIES>
            <CATEGORY>Lib/Science/Math/NumMethods</CATEGORY>
           </CATEGORIES>
           <DESCRIPTION>Современный Фортран (Бартеньев)</DESCRIPTION>
           <AUTHORS>
            <AUTHOR>
             <FULLNAME>Бартеньев</FULLNAME>
             <LASTNAME>Бартеньев</LASTNAME>
             <FIRSTNAME></FIRSTNAME>
            </AUTHOR>
           </AUTHORS>
           <TITLE>Современный Фортран</TITLE>
           <INSTANCES>
            <INSTANCE>
             <FORMAT>pdf</FORMAT>
             <SIZE>0</SIZE>
             <CHECKSUM>0</CHECKSUM>
            </INSTANCE>
           </INSTANCES>
          </INFO>
         </ITEM>
        </FILE>
        <FILE link="Lib/Science/Math/NumMethods/Kalitkin.zip">
         <LOCATION>
          <URL>Lib/Science/Math/NumMethods/Kalitkin.zip</URL>
          <SIZE>48.2</SIZE>
          <CHECKSUM>0</CHECKSUM>
          <TYPE>zip</TYPE>
         </LOCATION>
         <ITEM>
          <INFO>
           <CATEGORIES>
            <CATEGORY>Lib/Science/Math/NumMethods</CATEGORY>
           </CATEGORIES>
           <DESCRIPTION>Численные Методы (Калиткин)</DESCRIPTION>
           <AUTHORS>
            <AUTHOR>
             <FULLNAME>Калиткин</FULLNAME>
             <LASTNAME>Калиткин</LASTNAME>
             <FIRSTNAME></FIRSTNAME>
            </AUTHOR>
           </AUTHORS>
           <TITLE>Численные Методы</TITLE>
           <INSTANCES>
            <INSTANCE>
             <FORMAT>pdf</FORMAT>
             <SIZE>0</SIZE>
             <CHECKSUM>0</CHECKSUM>
            </INSTANCE>
           </INSTANCES>
          </INFO>
         </ITEM>
        </FILE>
        <FILE link="Lib/Science/Math/NumMethods/Kitaev.zip">
         <LOCATION>
          <URL>Lib/Science/Math/NumMethods/Kitaev.zip</URL>
          <SIZE>45</SIZE>
          <CHECKSUM>0</CHECKSUM>
          <TYPE>zip</TYPE>
         </LOCATION>
         <ITEM>
          <INFO>
           <CATEGORIES>
            <CATEGORY>Lib/Science/Math/NumMethods</CATEGORY>
           </CATEGORIES>
           <DESCRIPTION>Классические и Квантовые Вычисления (Китаев,Шень,Вылый)</DESCRIPTION>
           <AUTHORS>
            <AUTHOR>
             <FULLNAME>Китаев</FULLNAME>
             <LASTNAME>Китаев</LASTNAME>
             <FIRSTNAME></FIRSTNAME>
            </AUTHOR>
            <AUTHOR>
             <FULLNAME>Шень</FULLNAME>
             <LASTNAME>Шень</LASTNAME>
             <FIRSTNAME></FIRSTNAME>
            </AUTHOR>
            <AUTHOR>
             <FULLNAME>Вылый</FULLNAME>
             <LASTNAME>Вылый</LASTNAME>
             <FIRSTNAME></FIRSTNAME>
            </AUTHOR>
           </AUTHORS>
           <TITLE>Классические и Квантовые Вычисления</TITLE>
           <INSTANCES>
            <INSTANCE>
             <FORMAT>pdf</FORMAT>
             <SIZE>0</SIZE>
             <CHECKSUM>0</CHECKSUM>
            </INSTANCE>
           </INSTANCES>
          </INFO>
         </ITEM>
        </FILE>
        <FILE link="Lib/Science/Math/NumMethods/Mauch.zip">
         <LOCATION>
          <URL>Lib/Science/Math/NumMethods/Mauch.zip</URL>
          <SIZE>6.5</SIZE>
          <CHECKSUM>0</CHECKSUM>
          <TYPE>zip</TYPE>
         </LOCATION>
         <ITEM>
          <INFO>
           <CATEGORIES>
            <CATEGORY>Lib/Science/Math/NumMethods</CATEGORY>
           </CATEGORIES>
           <DESCRIPTION>Introduction to Methods of Applied Mathematics (Mauch)</DESCRIPTION>
           <AUTHORS>
            <AUTHOR>
             <FULLNAME>Mauch</FULLNAME>
             <LASTNAME>Mauch</LASTNAME>
             <FIRSTNAME></FIRSTNAME>
            </AUTHOR>
           </AUTHORS>
           <TITLE>Introduction to Methods of Applied Mathematics</TITLE>
           <INSTANCES>
            <INSTANCE>
             <FORMAT>pdf</FORMAT>
             <SIZE>0</SIZE>
             <CHECKSUM>0</CHECKSUM>
            </INSTANCE>
           </INSTANCES>
          </INFO>
         </ITEM>
        </FILE>
        <FILE link="Lib/Science/Math/NumMethods/Samarskii.zip">
         <LOCATION>
          <URL>Lib/Science/Math/NumMethods/Samarskii.zip</URL>
          <SIZE>45.3</SIZE>
          <CHECKSUM>0</CHECKSUM>
          <TYPE>zip</TYPE>
         </LOCATION>
         <ITEM>
          <INFO>
           <CATEGORIES>
            <CATEGORY>Lib/Science/Math/NumMethods</CATEGORY>
           </CATEGORIES>
           <DESCRIPTION>Введение в Численные Методы (Самарский)</DESCRIPTION>
           <AUTHORS>
            <AUTHOR>
             <FULLNAME>Самарский</FULLNAME>
             <LASTNAME>Самарский</LASTNAME>
             <FIRSTNAME></FIRSTNAME>
            </AUTHOR>
           </AUTHORS>
           <TITLE>Введение в Численные Методы</TITLE>
           <INSTANCES>
            <INSTANCE>
             <FORMAT>pdf</FORMAT>
             <SIZE>0</SIZE>
             <CHECKSUM>0</CHECKSUM>
            </INSTANCE>
           </INSTANCES>
          </INFO>
         </ITEM>
        </FILE>
        <FILE link="Lib/Science/Math/NumMethods/shannon1948.zip">
         <LOCATION>
          <URL>Lib/Science/Math/NumMethods/shannon1948.zip</URL>
          <SIZE>0.3</SIZE>
          <CHECKSUM>0</CHECKSUM>
          <TYPE>zip</TYPE>
         </LOCATION>
         <ITEM>
          <INFO>
           <CATEGORIES>
            <CATEGORY>Lib/Science/Math/NumMethods</CATEGORY>
           </CATEGORIES>
           <DESCRIPTION>A Mathematical Theory of Communication (Shannon)</DESCRIPTION>
           <AUTHORS>
            <AUTHOR>
             <FULLNAME>Shannon</FULLNAME>
             <LASTNAME>Shannon</LASTNAME>
             <FIRSTNAME></FIRSTNAME>
            </AUTHOR>
           </AUTHORS>
           <TITLE>A Mathematical Theory of Communication</TITLE>
           <INSTANCES>
            <INSTANCE>
             <FORMAT>pdf</FORMAT>
             <SIZE>0</SIZE>
             <CHECKSUM>0</CHECKSUM>
            </INSTANCE>
           </INSTANCES>
          </INFO>
         </ITEM>
        </FILE>
        <FILE link="Lib/Science/Math/NumMethods/Dobbs.zip">
         <LOCATION>
          <URL>Lib/Science/Math/NumMethods/Dobbs.zip</URL>
          <SIZE>64.6</SIZE>
          <CHECKSUM>0</CHECKSUM>
          <TYPE>zip</TYPE>
         </LOCATION>
         <LIST category="Lib/Science/Math/NumMethods/Dobbs">
          <INFO>
           <DESCRIPTION>Dobbs Algorithm Collection</DESCRIPTION>
           <TITLE>Dobbs Algorithm Collection</TITLE>
           <DEFAULTFORMAT>pdf</DEFAULTFORMAT>
          </INFO>
          <ITEM>
           <INFO>
            <CATEGORIES>
             <CATEGORY>Lib/Science/Math/NumMethods/Dobbs</CATEGORY>
            </CATEGORIES>
            <DESCRIPTION>Fundamentals of Data Structures (Horowitz)</DESCRIPTION>
            <AUTHORS>
             <AUTHOR>
              <FULLNAME>Horowitz</FULLNAME>
              <LASTNAME>Horowitz</LASTNAME>
              <FIRSTNAME></FIRSTNAME>
             </AUTHOR>
            </AUTHORS>
            <TITLE>Fundamentals of Data Structures</TITLE>
            <INSTANCES>
             <INSTANCE>
              <FORMAT>pdf</FORMAT>
              <SIZE>0</SIZE>
              <CHECKSUM>0</CHECKSUM>
             </INSTANCE>
            </INSTANCES>
           </INFO>
          </ITEM>
          <ITEM>
           <INFO>
            <CATEGORIES>
             <CATEGORY>Lib/Science/Math/NumMethods/Dobbs</CATEGORY>
            </CATEGORIES>
            <DESCRIPTION>Data Structures, Algorithms and Program Style Using C (Korsh)</DESCRIPTION>
            <AUTHORS>
             <AUTHOR>
              <FULLNAME>Korsh</FULLNAME>
              <LASTNAME>Korsh</LASTNAME>
              <FIRSTNAME></FIRSTNAME>
             </AUTHOR>
            </AUTHORS>
            <TITLE>Data Structures, Algorithms and Program Style Using C</TITLE>
            <INSTANCES>
             <INSTANCE>
              <FORMAT>pdf</FORMAT>
              <SIZE>0</SIZE>
              <CHECKSUM>0</CHECKSUM>
             </INSTANCE>
            </INSTANCES>
           </INFO>
          </ITEM>
          <ITEM>
           <INFO>
            <CATEGORIES>
             <CATEGORY>Lib/Science/Math/NumMethods/Dobbs</CATEGORY>
            </CATEGORIES>
            <DESCRIPTION>Data Structures and Algorithm Analysis in C (Weiss)</DESCRIPTION>
            <AUTHORS>
             <AUTHOR>
              <FULLNAME>Weiss</FULLNAME>
              <LASTNAME>Weiss</LASTNAME>
              <FIRSTNAME></FIRSTNAME>
             </AUTHOR>
            </AUTHORS>
            <TITLE>Data Structures and Algorithm Analysis in C</TITLE>
            <INSTANCES>
             <INSTANCE>
              <FORMAT>pdf</FORMAT>
              <SIZE>0</SIZE>
              <CHECKSUM>0</CHECKSUM>
             </INSTANCE>
            </INSTANCES>
           </INFO>
          </ITEM>
          <ITEM>
           <INFO>
            <CATEGORIES>
             <CATEGORY>Lib/Science/Math/NumMethods/Dobbs</CATEGORY>
            </CATEGORIES>
            <DESCRIPTION>Data Structures: From Arrays to Priority Queues (Amsbury)</DESCRIPTION>
            <AUTHORS>
             <AUTHOR>
              <FULLNAME>Amsbury</FULLNAME>
              <LASTNAME>Amsbury</LASTNAME>
              <FIRSTNAME></FIRSTNAME>
             </AUTHOR>
            </AUTHORS>
            <TITLE>Data Structures: From Arrays to Priority Queues</TITLE>
            <INSTANCES>
             <INSTANCE>
              <FORMAT>pdf</FORMAT>
              <SIZE>0</SIZE>
              <CHECKSUM>0</CHECKSUM>
             </INSTANCE>
            </INSTANCES>
           </INFO>
          </ITEM>
          <ITEM>
           <INFO>
            <CATEGORIES>
             <CATEGORY>Lib/Science/Math/NumMethods/Dobbs</CATEGORY>
            </CATEGORIES>
            <DESCRIPTION>Information Retrieval: Data Structures and Algorithms (Frakes)</DESCRIPTION>
            <AUTHORS>
             <AUTHOR>
              <FULLNAME>Frakes</FULLNAME>
              <LASTNAME>Frakes</LASTNAME>
              <FIRSTNAME></FIRSTNAME>
             </AUTHOR>
            </AUTHORS>
            <TITLE>Information Retrieval: Data Structures and Algorithms</TITLE>
            <INSTANCES>
             <INSTANCE>
              <FORMAT>pdf</FORMAT>
              <SIZE>0</SIZE>
              <CHECKSUM>0</CHECKSUM>
             </INSTANCE>
            </INSTANCES>
           </INFO>
          </ITEM>
          <ITEM>
           <INFO>
            <CATEGORIES>
             <CATEGORY>Lib/Science/Math/NumMethods/Dobbs</CATEGORY>
            </CATEGORIES>
            <DESCRIPTION>Introduction to Algorithms (Cormen)</DESCRIPTION>
            <AUTHORS>
             <AUTHOR>
              <FULLNAME>Cormen</FULLNAME>
              <LASTNAME>Cormen</LASTNAME>
              <FIRSTNAME></FIRSTNAME>
             </AUTHOR>
            </AUTHORS>
            <TITLE>Introduction to Algorithms</TITLE>
            <INSTANCES>
             <INSTANCE>
              <FORMAT>pdf</FORMAT>
              <SIZE>0</SIZE>
              <CHECKSUM>0</CHECKSUM>
             </INSTANCE>
            </INSTANCES>
           </INFO>
          </ITEM>
          <ITEM>
           <INFO>
            <CATEGORIES>
             <CATEGORY>Lib/Science/Math/NumMethods/Dobbs</CATEGORY>
            </CATEGORIES>
            <DESCRIPTION>Practical Data Structures in C++ (Flaming)</DESCRIPTION>
            <AUTHORS>
             <AUTHOR>
              <FULLNAME>Flaming</FULLNAME>
              <LASTNAME>Flaming</LASTNAME>
              <FIRSTNAME></FIRSTNAME>
             </AUTHOR>
            </AUTHORS>
            <TITLE>Practical Data Structures in C++</TITLE>
            <INSTANCES>
             <INSTANCE>
              <FORMAT>pdf</FORMAT>
              <SIZE>0</SIZE>
              <CHECKSUM>0</CHECKSUM>
             </INSTANCE>
            </INSTANCES>
           </INFO>
          </ITEM>
          <ITEM>
           <INFO>
            <CATEGORIES>
             <CATEGORY>Lib/Science/Math/NumMethods/Dobbs</CATEGORY>
            </CATEGORIES>
            <DESCRIPTION>Reliable Data Structures in C (Plum)</DESCRIPTION>
            <AUTHORS>
             <AUTHOR>
              <FULLNAME>Plum</FULLNAME>
              <LASTNAME>Plum</LASTNAME>
              <FIRSTNAME></FIRSTNAME>
             </AUTHOR>
            </AUTHORS>
            <TITLE>Reliable Data Structures in C</TITLE>
            <INSTANCES>
             <INSTANCE>
              <FORMAT>pdf</FORMAT>
              <SIZE>0</SIZE>
              <CHECKSUM>0</CHECKSUM>
             </INSTANCE>
            </INSTANCES>
           </INFO>
          </ITEM>
          <ITEM>
           <INFO>
            <CATEGORIES>
             <CATEGORY>Lib/Science/Math/NumMethods/Dobbs</CATEGORY>
            </CATEGORIES>
            <DESCRIPTION>Data Structures and Algorithms (Aho)</DESCRIPTION>
            <AUTHORS>
             <AUTHOR>
              <FULLNAME>Aho</FULLNAME>
              <LASTNAME>Aho</LASTNAME>
              <FIRSTNAME></FIRSTNAME>
             </AUTHOR>
            </AUTHORS>
            <TITLE>Data Structures and Algorithms</TITLE>
            <INSTANCES>
             <INSTANCE>
              <FORMAT>pdf</FORMAT>
              <SIZE>0</SIZE>
              <CHECKSUM>0</CHECKSUM>
             </INSTANCE>
            </INSTANCES>
           </INFO>
          </ITEM>
          <ITEM>
           <INFO>
            <CATEGORIES>
             <CATEGORY>Lib/Science/Math/NumMethods/Dobbs</CATEGORY>
            </CATEGORIES>
            <DESCRIPTION>DDJ Algorithms and Data Structures Articles</DESCRIPTION>
            <TITLE>DDJ Algorithms and Data Structures Articles</TITLE>
            <INSTANCES>
             <INSTANCE>
              <FORMAT>pdf</FORMAT>
              <SIZE>0</SIZE>
              <CHECKSUM>0</CHECKSUM>
             </INSTANCE>
            </INSTANCES>
           </INFO>
          </ITEM>
          <ITEM>
           <INFO>
            <CATEGORIES>
             <CATEGORY>Lib/Science/Math/NumMethods/Dobbs</CATEGORY>
            </CATEGORIES>
            <DESCRIPTION>Accuracy and Stability of Numerical Algorithms</DESCRIPTION>
            <TITLE>Accuracy and Stability of Numerical Algorithms</TITLE>
            <INSTANCES>
             <INSTANCE>
              <FORMAT>pdf</FORMAT>
              <SIZE>0</SIZE>
              <CHECKSUM>0</CHECKSUM>
             </INSTANCE>
            </INSTANCES>
           </INFO>
          </ITEM>
          <ITEM>
           <INFO>
            <CATEGORIES>
             <CATEGORY>Lib/Science/Math/NumMethods/Dobbs</CATEGORY>
            </CATEGORIES>
            <DESCRIPTION>Compact Numerical Methods for Computers</DESCRIPTION>
            <TITLE>Compact Numerical Methods for Computers</TITLE>
            <INSTANCES>
             <INSTANCE>
              <FORMAT>pdf</FORMAT>
              <SIZE>0</SIZE>
              <CHECKSUM>0</CHECKSUM>
             </INSTANCE>
            </INSTANCES>
           </INFO>
          </ITEM>
          <ITEM>
           <INFO>
            <CATEGORIES>
             <CATEGORY>Lib/Science/Math/NumMethods/Dobbs</CATEGORY>
            </CATEGORIES>
            <DESCRIPTION>Computing for Scientists and Engineers</DESCRIPTION>
            <TITLE>Computing for Scientists and Engineers</TITLE>
            <INSTANCES>
             <INSTANCE>
              <FORMAT>pdf</FORMAT>
              <SIZE>0</SIZE>
              <CHECKSUM>0</CHECKSUM>
             </INSTANCE>
            </INSTANCES>
           </INFO>
          </ITEM>
          <ITEM>
           <INFO>
            <CATEGORIES>
             <CATEGORY>Lib/Science/Math/NumMethods/Dobbs</CATEGORY>
            </CATEGORIES>
            <DESCRIPTION>Foundamentals of Numerical Computing</DESCRIPTION>
            <TITLE>Foundamentals of Numerical Computing</TITLE>
            <INSTANCES>
             <INSTANCE>
              <FORMAT>pdf</FORMAT>
              <SIZE>0</SIZE>
              <CHECKSUM>0</CHECKSUM>
             </INSTANCE>
            </INSTANCES>
           </INFO>
          </ITEM>
          <ITEM>
           <INFO>
            <CATEGORIES>
             <CATEGORY>Lib/Science/Math/NumMethods/Dobbs</CATEGORY>
            </CATEGORIES>
            <DESCRIPTION>Numerical Methods</DESCRIPTION>
            <TITLE>Numerical Methods</TITLE>
            <INSTANCES>
             <INSTANCE>
              <FORMAT>pdf</FORMAT>
              <SIZE>0</SIZE>
              <CHECKSUM>0</CHECKSUM>
             </INSTANCE>
            </INSTANCES>
           </INFO>
          </ITEM>
          <ITEM>
           <INFO>
            <CATEGORIES>
             <CATEGORY>Lib/Science/Math/NumMethods/Dobbs</CATEGORY>
            </CATEGORIES>
            <DESCRIPTION>Numerical Recipes in C</DESCRIPTION>
            <TITLE>Numerical Recipes in C</TITLE>
            <INSTANCES>
             <INSTANCE>
              <FORMAT>pdf</FORMAT>
              <SIZE>0</SIZE>
              <CHECKSUM>0</CHECKSUM>
             </INSTANCE>
            </INSTANCES>
           </INFO>
          </ITEM>
          <ITEM>
           <INFO>
            <CATEGORIES>
             <CATEGORY>Lib/Science/Math/NumMethods/Dobbs</CATEGORY>
            </CATEGORIES>
            <DESCRIPTION>Scientific Computing with PCs</DESCRIPTION>
            <TITLE>Scientific Computing with PCs</TITLE>
            <INSTANCES>
             <INSTANCE>
              <FORMAT>pdf</FORMAT>
              <SIZE>0</SIZE>
              <CHECKSUM>0</CHECKSUM>
             </INSTANCE>
            </INSTANCES>
           </INFO>
          </ITEM>
          <ITEM>
           <INFO>
            <CATEGORIES>
             <CATEGORY>Lib/Science/Math/NumMethods/Dobbs</CATEGORY>
            </CATEGORIES>
            <DESCRIPTION>Elementaty Numerical Analysis</DESCRIPTION>
            <TITLE>Elementaty Numerical Analysis</TITLE>
            <INSTANCES>
             <INSTANCE>
              <FORMAT>pdf</FORMAT>
              <SIZE>0</SIZE>
              <CHECKSUM>0</CHECKSUM>
             </INSTANCE>
            </INSTANCES>
           </INFO>
          </ITEM>
         </LIST>
        </FILE>
       </FILELIST>
      </DIR>
      <DIR link="Lib/Science/Math/Other">
       <LOCATION>
        <URL>Lib/Science/Math/Other</URL>
        <SIZE>42.7</SIZE>
       </LOCATION>
       <FILELIST category="Lib/Science/Math/Other">
        <INFO>
         <DESCRIPTION>Other</DESCRIPTION>
         <TITLE>Other</TITLE>
         <DEFAULTFORMAT>pdf</DEFAULTFORMAT>
        </INFO>
        <FILE link="Lib/Science/Math/Other/Attractors.zip">
         <LOCATION>
          <URL>Lib/Science/Math/Other/Attractors.zip</URL>
          <SIZE>16.8</SIZE>
          <CHECKSUM>0</CHECKSUM>
          <TYPE>zip</TYPE>
         </LOCATION>
         <ITEM>
          <INFO>
           <CATEGORIES>
            <CATEGORY>Lib/Science/Math/Other</CATEGORY>
           </CATEGORIES>
           <DESCRIPTION>Странные Аттракторы, Сборник Статей</DESCRIPTION>
           <TITLE>Странные Аттракторы, Сборник Статей</TITLE>
           <INSTANCES>
            <INSTANCE>
             <FORMAT>pdf</FORMAT>
             <SIZE>0</SIZE>
             <CHECKSUM>0</CHECKSUM>
            </INSTANCE>
           </INSTANCES>
          </INFO>
         </ITEM>
        </FILE>
        <FILE link="Lib/Science/Math/Other/Cotterell.zip">
         <LOCATION>
          <URL>Lib/Science/Math/Other/Cotterell.zip</URL>
          <SIZE>3.7</SIZE>
          <CHECKSUM>0</CHECKSUM>
          <TYPE>zip</TYPE>
         </LOCATION>
         <ITEM>
          <INFO>
           <CATEGORIES>
            <CATEGORY>Lib/Science/Math/Other</CATEGORY>
           </CATEGORIES>
           <DESCRIPTION>Slightly curved or kinked cracks ( Cotterell, Rice)</DESCRIPTION>
           <AUTHORS>
            <AUTHOR>
             <FULLNAME> Cotterell</FULLNAME>
             <LASTNAME>Cotterell</LASTNAME>
             <FIRSTNAME></FIRSTNAME>
            </AUTHOR>
            <AUTHOR>
             <FULLNAME>Rice</FULLNAME>
             <LASTNAME>Rice</LASTNAME>
             <FIRSTNAME></FIRSTNAME>
            </AUTHOR>
           </AUTHORS>
           <TITLE>Slightly curved or kinked cracks</TITLE>
           <INSTANCES>
            <INSTANCE>
             <FORMAT>pdf</FORMAT>
             <SIZE>0</SIZE>
             <CHECKSUM>0</CHECKSUM>
            </INSTANCE>
           </INSTANCES>
          </INFO>
         </ITEM>
        </FILE>
        <FILE link="Lib/Science/Math/Other/Zaslavsky.zip">
         <LOCATION>
          <URL>Lib/Science/Math/Other/Zaslavsky.zip</URL>
          <SIZE>8.9</SIZE>
          <CHECKSUM>0</CHECKSUM>
          <TYPE>zip</TYPE>
         </LOCATION>
         <ITEM>
          <INFO>
           <CATEGORIES>
            <CATEGORY>Lib/Science/Math/Other</CATEGORY>
           </CATEGORIES>
           <DESCRIPTION>Слабый Хаос и Квазирегулярные структуры (Заславский, Усиков, Черников)</DESCRIPTION>
           <AUTHORS>
            <AUTHOR>
             <FULLNAME>Заславский</FULLNAME>
             <LASTNAME>Заславский</LASTNAME>
             <FIRSTNAME></FIRSTNAME>
            </AUTHOR>
            <AUTHOR>
             <FULLNAME>Усиков</FULLNAME>
             <LASTNAME>Усиков</LASTNAME>
             <FIRSTNAME></FIRSTNAME>
            </AUTHOR>
            <AUTHOR>
             <FULLNAME>Черников</FULLNAME>
             <LASTNAME>Черников</LASTNAME>
             <FIRSTNAME></FIRSTNAME>
            </AUTHOR>
           </AUTHORS>
           <TITLE>Слабый Хаос и Квазирегулярные структуры</TITLE>
           <INSTANCES>
            <INSTANCE>
             <FORMAT>pdf</FORMAT>
             <SIZE>0</SIZE>
             <CHECKSUM>0</CHECKSUM>
            </INSTANCE>
           </INSTANCES>
          </INFO>
         </ITEM>
        </FILE>
        <DIR link="Lib/Science/Math/Other/Fractals">
         <LOCATION>
          <URL>Lib/Science/Math/Other/Fractals</URL>
          <SIZE>13.2</SIZE>
         </LOCATION>
         <FILELIST category="Lib/Science/Math/Other/Fractals">
          <INFO>
           <DESCRIPTION>Fractals</DESCRIPTION>
           <TITLE>Fractals</TITLE>
           <DEFAULTFORMAT>pdf</DEFAULTFORMAT>
          </INFO>
          <FILE link="Lib/Science/Math/Other/Fractals/f_si.zip">
           <LOCATION>
            <URL>Lib/Science/Math/Other/Fractals/f_si.zip</URL>
            <SIZE>0.1</SIZE>
            <CHECKSUM>0</CHECKSUM>
            <TYPE>zip</TYPE>
           </LOCATION>
           <ITEM>
            <INFO>
             <CATEGORIES>
              <CATEGORY>Lib/Science/Math/Other/Fractals</CATEGORY>
             </CATEGORIES>
             <DESCRIPTION>Фракталы, синтез изображений (Сундучков)</DESCRIPTION>
             <AUTHORS>
              <AUTHOR>
               <FULLNAME>Сундучков</FULLNAME>
               <LASTNAME>Сундучков</LASTNAME>
               <FIRSTNAME></FIRSTNAME>
              </AUTHOR>
             </AUTHORS>
             <TITLE>Фракталы, синтез изображений</TITLE>
             <INSTANCES>
              <INSTANCE>
               <FORMAT>pdf</FORMAT>
               <SIZE>0</SIZE>
               <CHECKSUM>0</CHECKSUM>
              </INSTANCE>
             </INSTANCES>
            </INFO>
           </ITEM>
          </FILE>
          <FILE link="Lib/Science/Math/Other/Fractals/Fedder.zip">
           <LOCATION>
            <URL>Lib/Science/Math/Other/Fractals/Fedder.zip</URL>
            <SIZE>13.1</SIZE>
            <CHECKSUM>0</CHECKSUM>
            <TYPE>zip</TYPE>
           </LOCATION>
           <ITEM>
            <INFO>
             <CATEGORIES>
              <CATEGORY>Lib/Science/Math/Other/Fractals</CATEGORY>
             </CATEGORIES>
             <DESCRIPTION>Фракталы (Федер)</DESCRIPTION>
             <AUTHORS>
              <AUTHOR>
               <FULLNAME>Федер</FULLNAME>
               <LASTNAME>Федер</LASTNAME>
               <FIRSTNAME></FIRSTNAME>
              </AUTHOR>
             </AUTHORS>
             <TITLE>Фракталы</TITLE>
             <INSTANCES>
              <INSTANCE>
               <FORMAT>pdf</FORMAT>
               <SIZE>0</SIZE>
               <CHECKSUM>0</CHECKSUM>
              </INSTANCE>
             </INSTANCES>
            </INFO>
           </ITEM>
          </FILE>
          <FILE link="Lib/Science/Math/Other/Fractals/fractals.zip">
           <LOCATION>
            <URL>Lib/Science/Math/Other/Fractals/fractals.zip</URL>
            <SIZE>0</SIZE>
            <CHECKSUM>0</CHECKSUM>
            <TYPE>zip</TYPE>
           </LOCATION>
           <ITEM>
            <INFO>
             <CATEGORIES>
              <CATEGORY>Lib/Science/Math/Other/Fractals</CATEGORY>
             </CATEGORIES>
             <DESCRIPTION>Введение во Фракталы и Фрактальные Множества (Шабаршин)</DESCRIPTION>
             <AUTHORS>
              <AUTHOR>
               <FULLNAME>Шабаршин</FULLNAME>
               <LASTNAME>Шабаршин</LASTNAME>
               <FIRSTNAME></FIRSTNAME>
              </AUTHOR>
             </AUTHORS>
             <TITLE>Введение во Фракталы и Фрактальные Множества</TITLE>
             <INSTANCES>
              <INSTANCE>
               <FORMAT>pdf</FORMAT>
               <SIZE>0</SIZE>
               <CHECKSUM>0</CHECKSUM>
              </INSTANCE>
             </INSTANCES>
            </INFO>
           </ITEM>
          </FILE>
         </FILELIST>
        </DIR>
       </FILELIST>
      </DIR>
      <DIR link="Lib/Science/Math/TeorVer">
       <LOCATION>
        <URL>Lib/Science/Math/TeorVer</URL>
        <SIZE>294.4</SIZE>
       </LOCATION>
       <FILELIST category="Lib/Science/Math/TeorVer">
        <INFO>
         <DESCRIPTION>TeorVer</DESCRIPTION>
         <TITLE>TeorVer</TITLE>
         <DEFAULTFORMAT>pdf</DEFAULTFORMAT>
        </INFO>
        <FILE link="Lib/Science/Math/TeorVer/Feller_I.zip">
         <LOCATION>
          <URL>Lib/Science/Math/TeorVer/Feller_I.zip</URL>
          <SIZE>20.7</SIZE>
          <CHECKSUM>0</CHECKSUM>
          <TYPE>zip</TYPE>
         </LOCATION>
         <ITEM>
          <INFO>
           <CATEGORIES>
            <CATEGORY>Lib/Science/Math/TeorVer</CATEGORY>
           </CATEGORIES>
           <DESCRIPTION>Введение в Теорию Вероятностей и Ее Приложения т.1 (Феллер)</DESCRIPTION>
           <AUTHORS>
            <AUTHOR>
             <FULLNAME>Феллер</FULLNAME>
             <LASTNAME>Феллер</LASTNAME>
             <FIRSTNAME></FIRSTNAME>
            </AUTHOR>
           </AUTHORS>
           <TITLE>Введение в Теорию Вероятностей и Ее Приложения</TITLE>
           <INSTANCES>
            <INSTANCE>
             <FORMAT>pdf</FORMAT>
             <SIZE>0</SIZE>
             <CHECKSUM>0</CHECKSUM>
            </INSTANCE>
           </INSTANCES>
          </INFO>
         </ITEM>
        </FILE>
        <FILE link="Lib/Science/Math/TeorVer/Feller_II.zip">
         <LOCATION>
          <URL>Lib/Science/Math/TeorVer/Feller_II.zip</URL>
          <SIZE>31.9</SIZE>
          <CHECKSUM>0</CHECKSUM>
          <TYPE>zip</TYPE>
         </LOCATION>
         <ITEM>
          <INFO>
           <CATEGORIES>
            <CATEGORY>Lib/Science/Math/TeorVer</CATEGORY>
           </CATEGORIES>
           <DESCRIPTION>Введение в Теорию Вероятностей и Ее Приложения т.2 (Феллер)</DESCRIPTION>
           <AUTHORS>
            <AUTHOR>
             <FULLNAME>Феллер</FULLNAME>
             <LASTNAME>Феллер</LASTNAME>
             <FIRSTNAME></FIRSTNAME>
            </AUTHOR>
           </AUTHORS>
           <TITLE>Введение в Теорию Вероятностей и Ее Приложения</TITLE>
           <INSTANCES>
            <INSTANCE>
             <FORMAT>pdf</FORMAT>
             <SIZE>0</SIZE>
             <CHECKSUM>0</CHECKSUM>
            </INSTANCE>
           </INSTANCES>
          </INFO>
         </ITEM>
        </FILE>
        <FILE link="Lib/Science/Math/TeorVer/Gardiner.zip">
         <LOCATION>
          <URL>Lib/Science/Math/TeorVer/Gardiner.zip</URL>
          <SIZE>30.4</SIZE>
          <CHECKSUM>0</CHECKSUM>
          <TYPE>zip</TYPE>
         </LOCATION>
         <ITEM>
          <INFO>
           <CATEGORIES>
            <CATEGORY>Lib/Science/Math/TeorVer</CATEGORY>
           </CATEGORIES>
           <DESCRIPTION>Стохастические Методы в Естественных Науках (Гардинер)</DESCRIPTION>
           <AUTHORS>
            <AUTHOR>
             <FULLNAME>Гардинер</FULLNAME>
             <LASTNAME>Гардинер</LASTNAME>
             <FIRSTNAME></FIRSTNAME>
            </AUTHOR>
           </AUTHORS>
           <TITLE>Стохастические Методы в Естественных Науках</TITLE>
           <INSTANCES>
            <INSTANCE>
             <FORMAT>pdf</FORMAT>
             <SIZE>0</SIZE>
             <CHECKSUM>0</CHECKSUM>
            </INSTANCE>
           </INSTANCES>
          </INFO>
         </ITEM>
        </FILE>
        <FILE link="Lib/Science/Math/TeorVer/Kats.zip">
         <LOCATION>
          <URL>Lib/Science/Math/TeorVer/Kats.zip</URL>
          <SIZE>14.8</SIZE>
          <CHECKSUM>0</CHECKSUM>
          <TYPE>zip</TYPE>
         </LOCATION>
         <ITEM>
          <INFO>
           <CATEGORIES>
            <CATEGORY>Lib/Science/Math/TeorVer</CATEGORY>
           </CATEGORIES>
           <DESCRIPTION>Статистическая Независимость в Теории Вероятностей, Анализе и Теории Чисел (Кац)</DESCRIPTION>
           <AUTHORS>
            <AUTHOR>
             <FULLNAME>Кац</FULLNAME>
             <LASTNAME>Кац</LASTNAME>
             <FIRSTNAME></FIRSTNAME>
            </AUTHOR>
           </AUTHORS>
           <TITLE>Статистическая Независимость в Теории Вероятностей, Анализе и Теории Чисел</TITLE>
           <INSTANCES>
            <INSTANCE>
             <FORMAT>pdf</FORMAT>
             <SIZE>0</SIZE>
             <CHECKSUM>0</CHECKSUM>
            </INSTANCE>
           </INSTANCES>
          </INFO>
         </ITEM>
        </FILE>
        <FILE link="Lib/Science/Math/TeorVer/Kliatskin.zip">
         <LOCATION>
          <URL>Lib/Science/Math/TeorVer/Kliatskin.zip</URL>
          <SIZE>22.3</SIZE>
          <CHECKSUM>0</CHECKSUM>
          <TYPE>zip</TYPE>
         </LOCATION>
         <ITEM>
          <INFO>
           <CATEGORIES>
            <CATEGORY>Lib/Science/Math/TeorVer</CATEGORY>
           </CATEGORIES>
           <DESCRIPTION>Стохастические Уравнения и Волны в Случайно-Неоднородных Средах</DESCRIPTION>
           <TITLE>Стохастические Уравнения и Волны в Случайно-Неоднородных Средах</TITLE>
           <INSTANCES>
            <INSTANCE>
             <FORMAT>pdf</FORMAT>
             <SIZE>0</SIZE>
             <CHECKSUM>0</CHECKSUM>
            </INSTANCE>
           </INSTANCES>
          </INFO>
         </ITEM>
        </FILE>
        <FILE link="Lib/Science/Math/TeorVer/Kolmogorov.zip">
         <LOCATION>
          <URL>Lib/Science/Math/TeorVer/Kolmogorov.zip</URL>
          <SIZE>15.3</SIZE>
          <CHECKSUM>0</CHECKSUM>
          <TYPE>zip</TYPE>
         </LOCATION>
         <ITEM>
          <INFO>
           <CATEGORIES>
            <CATEGORY>Lib/Science/Math/TeorVer</CATEGORY>
           </CATEGORIES>
           <DESCRIPTION>Основные Понятия Теории Вероятностей (Колмогоров)</DESCRIPTION>
           <AUTHORS>
            <AUTHOR>
             <FULLNAME>Колмогоров</FULLNAME>
             <LASTNAME>Колмогоров</LASTNAME>
             <FIRSTNAME></FIRSTNAME>
            </AUTHOR>
           </AUTHORS>
           <TITLE>Основные Понятия Теории Вероятностей</TITLE>
           <INSTANCES>
            <INSTANCE>
             <FORMAT>pdf</FORMAT>
             <SIZE>0</SIZE>
             <CHECKSUM>0</CHECKSUM>
            </INSTANCE>
           </INSTANCES>
          </INFO>
         </ITEM>
        </FILE>
        <FILE link="Lib/Science/Math/TeorVer/portr.zip">
         <LOCATION>
          <URL>Lib/Science/Math/TeorVer/portr.zip</URL>
          <SIZE>0.5</SIZE>
          <CHECKSUM>0</CHECKSUM>
          <TYPE>zip</TYPE>
         </LOCATION>
         <ITEM>
          <INFO>
           <CATEGORIES>
            <CATEGORY>Lib/Science/Math/TeorVer</CATEGORY>
           </CATEGORIES>
           <DESCRIPTION>Теория Вероятностей (Чернова)</DESCRIPTION>
           <AUTHORS>
            <AUTHOR>
             <FULLNAME>Чернова</FULLNAME>
             <LASTNAME>Чернова</LASTNAME>
             <FIRSTNAME></FIRSTNAME>
            </AUTHOR>
           </AUTHORS>
           <TITLE>Теория Вероятностей</TITLE>
           <INSTANCES>
            <INSTANCE>
             <FORMAT>pdf</FORMAT>
             <SIZE>0</SIZE>
             <CHECKSUM>0</CHECKSUM>
            </INSTANCE>
           </INSTANCES>
          </INFO>
         </ITEM>
        </FILE>
        <FILE link="Lib/Science/Math/TeorVer/Pugachev.zip">
         <LOCATION>
          <URL>Lib/Science/Math/TeorVer/Pugachev.zip</URL>
          <SIZE>26.9</SIZE>
          <CHECKSUM>0</CHECKSUM>
          <TYPE>zip</TYPE>
         </LOCATION>
         <ITEM>
          <INFO>
           <CATEGORIES>
            <CATEGORY>Lib/Science/Math/TeorVer</CATEGORY>
           </CATEGORIES>
           <DESCRIPTION>Стохастические Дифференциальные Системы. Анализ и Фильтрация (Пугачев,Синицын)</DESCRIPTION>
           <AUTHORS>
            <AUTHOR>
             <FULLNAME>Пугачев</FULLNAME>
             <LASTNAME>Пугачев</LASTNAME>
             <FIRSTNAME></FIRSTNAME>
            </AUTHOR>
            <AUTHOR>
             <FULLNAME>Синицын</FULLNAME>
             <LASTNAME>Синицын</LASTNAME>
             <FIRSTNAME></FIRSTNAME>
            </AUTHOR>
           </AUTHORS>
           <TITLE>Стохастические Дифференциальные Системы. Анализ и Фильтрация</TITLE>
           <INSTANCES>
            <INSTANCE>
             <FORMAT>pdf</FORMAT>
             <SIZE>0</SIZE>
             <CHECKSUM>0</CHECKSUM>
            </INSTANCE>
           </INSTANCES>
          </INFO>
         </ITEM>
        </FILE>
        <FILE link="Lib/Science/Math/TeorVer/Rozanov.zip">
         <LOCATION>
          <URL>Lib/Science/Math/TeorVer/Rozanov.zip</URL>
          <SIZE>14.7</SIZE>
          <CHECKSUM>0</CHECKSUM>
          <TYPE>zip</TYPE>
         </LOCATION>
         <ITEM>
          <INFO>
           <CATEGORIES>
            <CATEGORY>Lib/Science/Math/TeorVer</CATEGORY>
           </CATEGORIES>
           <DESCRIPTION>Случайные Поля и Стахастические Уравнения с Частными Производными (Розанов)</DESCRIPTION>
           <AUTHORS>
            <AUTHOR>
             <FULLNAME>Розанов</FULLNAME>
             <LASTNAME>Розанов</LASTNAME>
             <FIRSTNAME></FIRSTNAME>
            </AUTHOR>
           </AUTHORS>
           <TITLE>Случайные Поля и Стахастические Уравнения с Частными Производными</TITLE>
           <INSTANCES>
            <INSTANCE>
             <FORMAT>pdf</FORMAT>
             <SIZE>0</SIZE>
             <CHECKSUM>0</CHECKSUM>
            </INSTANCE>
           </INSTANCES>
          </INFO>
         </ITEM>
        </FILE>
        <FILE link="Lib/Science/Math/TeorVer/Sekey.zip">
         <LOCATION>
          <URL>Lib/Science/Math/TeorVer/Sekey.zip</URL>
          <SIZE>50</SIZE>
          <CHECKSUM>0</CHECKSUM>
          <TYPE>zip</TYPE>
         </LOCATION>
         <ITEM>
          <INFO>
           <CATEGORIES>
            <CATEGORY>Lib/Science/Math/TeorVer</CATEGORY>
           </CATEGORIES>
           <DESCRIPTION>Парадоксы в Теории Вероятностей и Математической Статистике (Секей)</DESCRIPTION>
           <AUTHORS>
            <AUTHOR>
             <FULLNAME>Секей</FULLNAME>
             <LASTNAME>Секей</LASTNAME>
             <FIRSTNAME></FIRSTNAME>
            </AUTHOR>
           </AUTHORS>
           <TITLE>Парадоксы в Теории Вероятностей и Математической Статистике</TITLE>
           <INSTANCES>
            <INSTANCE>
             <FORMAT>pdf</FORMAT>
             <SIZE>0</SIZE>
             <CHECKSUM>0</CHECKSUM>
            </INSTANCE>
           </INSTANCES>
          </INFO>
         </ITEM>
        </FILE>
        <FILE link="Lib/Science/Math/TeorVer/Shiryaev.zip">
         <LOCATION>
          <URL>Lib/Science/Math/TeorVer/Shiryaev.zip</URL>
          <SIZE>66.7</SIZE>
          <CHECKSUM>0</CHECKSUM>
          <TYPE>zip</TYPE>
         </LOCATION>
         <ITEM>
          <INFO>
           <CATEGORIES>
            <CATEGORY>Lib/Science/Math/TeorVer</CATEGORY>
           </CATEGORIES>
           <DESCRIPTION>Вероятность (Ширяев)</DESCRIPTION>
           <AUTHORS>
            <AUTHOR>
             <FULLNAME>Ширяев</FULLNAME>
             <LASTNAME>Ширяев</LASTNAME>
             <FIRSTNAME></FIRSTNAME>
            </AUTHOR>
           </AUTHORS>
           <TITLE>Вероятность</TITLE>
           <INSTANCES>
            <INSTANCE>
             <FORMAT>pdf</FORMAT>
             <SIZE>0</SIZE>
             <CHECKSUM>0</CHECKSUM>
            </INSTANCE>
           </INSTANCES>
          </INFO>
         </ITEM>
        </FILE>
       </FILELIST>
      </DIR>
     </FILELIST>
    </DIR>
    <DIR link="Lib/Science/Mechanics">
     <LOCATION>
      <URL>Lib/Science/Mechanics</URL>
      <SIZE>1748.3</SIZE>
     </LOCATION>
     <FILELIST category="Lib/Science/Mechanics">
      <INFO>
       <DESCRIPTION>Mechanics</DESCRIPTION>
       <TITLE>Mechanics</TITLE>
       <DEFAULTFORMAT>pdf</DEFAULTFORMAT>
      </INFO>
      <FILE link="Lib/Science/Mechanics/Damaskinski.zip">
       <LOCATION>
        <URL>Lib/Science/Mechanics/Damaskinski.zip</URL>
        <SIZE>1.2</SIZE>
        <CHECKSUM>0</CHECKSUM>
        <TYPE>zip</TYPE>
       </LOCATION>
       <ITEM>
        <INFO>
         <CATEGORIES>
          <CATEGORY>Lib/Science/Mechanics</CATEGORY>
         </CATEGORIES>
         <DESCRIPTION>Деформированные Осциляторы и их Приложение (Дамаскиеский,Кулиш)</DESCRIPTION>
         <AUTHORS>
          <AUTHOR>
           <FULLNAME>Дамаскиеский</FULLNAME>
           <LASTNAME>Дамаскиеский</LASTNAME>
           <FIRSTNAME></FIRSTNAME>
          </AUTHOR>
          <AUTHOR>
           <FULLNAME>Кулиш</FULLNAME>
           <LASTNAME>Кулиш</LASTNAME>
           <FIRSTNAME></FIRSTNAME>
          </AUTHOR>
         </AUTHORS>
         <TITLE>Деформированные Осциляторы и их Приложение</TITLE>
         <INSTANCES>
          <INSTANCE>
           <FORMAT>pdf</FORMAT>
           <SIZE>0</SIZE>
           <CHECKSUM>0</CHECKSUM>
          </INSTANCE>
         </INSTANCES>
        </INFO>
       </ITEM>
      </FILE>
      <FILE link="Lib/Science/Mechanics/Frik1.zip">
       <LOCATION>
        <URL>Lib/Science/Mechanics/Frik1.zip</URL>
        <SIZE>1</SIZE>
        <CHECKSUM>0</CHECKSUM>
        <TYPE>zip</TYPE>
       </LOCATION>
       <ITEM>
        <INFO>
         <CATEGORIES>
          <CATEGORY>Lib/Science/Mechanics</CATEGORY>
         </CATEGORIES>
         <DESCRIPTION>Турбулентность: Модели и Подходы ч.1 (Фрик)</DESCRIPTION>
         <AUTHORS>
          <AUTHOR>
           <FULLNAME>Фрик</FULLNAME>
           <LASTNAME>Фрик</LASTNAME>
           <FIRSTNAME></FIRSTNAME>
          </AUTHOR>
         </AUTHORS>
         <TITLE>Турбулентность: Модели и Подходы ч.1</TITLE>
         <INSTANCES>
          <INSTANCE>
           <FORMAT>pdf</FORMAT>
           <SIZE>0</SIZE>
           <CHECKSUM>0</CHECKSUM>
          </INSTANCE>
         </INSTANCES>
        </INFO>
       </ITEM>
      </FILE>
      <FILE link="Lib/Science/Mechanics/Frik2.zip">
       <LOCATION>
        <URL>Lib/Science/Mechanics/Frik2.zip</URL>
        <SIZE>1.8</SIZE>
        <CHECKSUM>0</CHECKSUM>
        <TYPE>zip</TYPE>
       </LOCATION>
       <ITEM>
        <INFO>
         <CATEGORIES>
          <CATEGORY>Lib/Science/Mechanics</CATEGORY>
         </CATEGORIES>
         <DESCRIPTION>Турбулентность: Модели и Подходы ч.2 (Фрик)</DESCRIPTION>
         <AUTHORS>
          <AUTHOR>
           <FULLNAME>Фрик</FULLNAME>
           <LASTNAME>Фрик</LASTNAME>
           <FIRSTNAME></FIRSTNAME>
          </AUTHOR>
         </AUTHORS>
         <TITLE>Турбулентность: Модели и Подходы ч.2</TITLE>
         <INSTANCES>
          <INSTANCE>
           <FORMAT>pdf</FORMAT>
           <SIZE>0</SIZE>
           <CHECKSUM>0</CHECKSUM>
          </INSTANCE>
         </INSTANCES>
        </INFO>
       </ITEM>
      </FILE>
      <FILE link="Lib/Science/Mechanics/Kirhgof.zip">
       <LOCATION>
        <URL>Lib/Science/Mechanics/Kirhgof.zip</URL>
        <SIZE>17.7</SIZE>
        <CHECKSUM>0</CHECKSUM>
        <TYPE>zip</TYPE>
       </LOCATION>
       <ITEM>
        <INFO>
         <CATEGORIES>
          <CATEGORY>Lib/Science/Mechanics</CATEGORY>
         </CATEGORIES>
         <DESCRIPTION>Механика (Кирхгоф)</DESCRIPTION>
         <AUTHORS>
          <AUTHOR>
           <FULLNAME>Кирхгоф</FULLNAME>
           <LASTNAME>Кирхгоф</LASTNAME>
           <FIRSTNAME></FIRSTNAME>
          </AUTHOR>
         </AUTHORS>
         <TITLE>Механика</TITLE>
         <INSTANCES>
          <INSTANCE>
           <FORMAT>pdf</FORMAT>
           <SIZE>0</SIZE>
           <CHECKSUM>0</CHECKSUM>
          </INSTANCE>
         </INSTANCES>
        </INFO>
       </ITEM>
      </FILE>
      <FILE link="Lib/Science/Mechanics/Mandelshtam.zip">
       <LOCATION>
        <URL>Lib/Science/Mechanics/Mandelshtam.zip</URL>
        <SIZE>19.5</SIZE>
        <CHECKSUM>0</CHECKSUM>
        <TYPE>zip</TYPE>
       </LOCATION>
       <ITEM>
        <INFO>
         <CATEGORIES>
          <CATEGORY>Lib/Science/Mechanics</CATEGORY>
         </CATEGORIES>
         <DESCRIPTION>Полное Собрание Трудов (Мандельштам)</DESCRIPTION>
         <AUTHORS>
          <AUTHOR>
           <FULLNAME>Мандельштам</FULLNAME>
           <LASTNAME>Мандельштам</LASTNAME>
           <FIRSTNAME></FIRSTNAME>
          </AUTHOR>
         </AUTHORS>
         <TITLE>Полное Собрание Трудов</TITLE>
         <INSTANCES>
          <INSTANCE>
           <FORMAT>pdf</FORMAT>
           <SIZE>0</SIZE>
           <CHECKSUM>0</CHECKSUM>
          </INSTANCE>
         </INSTANCES>
        </INFO>
       </ITEM>
      </FILE>
      <FILE link="Lib/Science/Mechanics/Mitropolski_Lopatin.zip">
       <LOCATION>
        <URL>Lib/Science/Mechanics/Mitropolski_Lopatin.zip</URL>
        <SIZE>11.6</SIZE>
        <CHECKSUM>0</CHECKSUM>
        <TYPE>zip</TYPE>
       </LOCATION>
       <ITEM>
        <INFO>
         <CATEGORIES>
          <CATEGORY>Lib/Science/Mechanics</CATEGORY>
         </CATEGORIES>
         <DESCRIPTION>Теоретико-Групповой Подход в Ассимптотических Методах Нелинейной Маханики (Митропольский,Лопатин)</DESCRIPTION>
         <AUTHORS>
          <AUTHOR>
           <FULLNAME>Митропольский</FULLNAME>
           <LASTNAME>Митропольский</LASTNAME>
           <FIRSTNAME></FIRSTNAME>
          </AUTHOR>
          <AUTHOR>
           <FULLNAME>Лопатин</FULLNAME>
           <LASTNAME>Лопатин</LASTNAME>
           <FIRSTNAME></FIRSTNAME>
          </AUTHOR>
         </AUTHORS>
         <TITLE>Теоретико-Групповой Подход в Ассимптотических Методах Нелинейной Маханики</TITLE>
         <INSTANCES>
          <INSTANCE>
           <FORMAT>pdf</FORMAT>
           <SIZE>0</SIZE>
           <CHECKSUM>0</CHECKSUM>
          </INSTANCE>
         </INSTANCES>
        </INFO>
       </ITEM>
      </FILE>
      <FILE link="Lib/Science/Mechanics/Operator algebra.zip">
       <LOCATION>
        <URL>Lib/Science/Mechanics/Operator algebra.zip</URL>
        <SIZE>22.4</SIZE>
        <CHECKSUM>0</CHECKSUM>
        <TYPE>zip</TYPE>
       </LOCATION>
       <ITEM>
        <INFO>
         <CATEGORIES>
          <CATEGORY>Lib/Science/Mechanics</CATEGORY>
         </CATEGORIES>
         <DESCRIPTION>Операторные Алгебры и Квантовая Статистическая Механика (Браттели,Робинсон)</DESCRIPTION>
         <AUTHORS>
          <AUTHOR>
           <FULLNAME>Браттели</FULLNAME>
           <LASTNAME>Браттели</LASTNAME>
           <FIRSTNAME></FIRSTNAME>
          </AUTHOR>
          <AUTHOR>
           <FULLNAME>Робинсон</FULLNAME>
           <LASTNAME>Робинсон</LASTNAME>
           <FIRSTNAME></FIRSTNAME>
          </AUTHOR>
         </AUTHORS>
         <TITLE>Операторные Алгебры и Квантовая Статистическая Механика</TITLE>
         <INSTANCES>
          <INSTANCE>
           <FORMAT>pdf</FORMAT>
           <SIZE>0</SIZE>
           <CHECKSUM>0</CHECKSUM>
          </INSTANCE>
         </INSTANCES>
        </INFO>
       </ITEM>
      </FILE>
      <FILE link="Lib/Science/Mechanics/Perelomov_CohStates.zip">
       <LOCATION>
        <URL>Lib/Science/Mechanics/Perelomov_CohStates.zip</URL>
        <SIZE>8.8</SIZE>
        <CHECKSUM>0</CHECKSUM>
        <TYPE>zip</TYPE>
       </LOCATION>
       <ITEM>
        <INFO>
         <CATEGORIES>
          <CATEGORY>Lib/Science/Mechanics</CATEGORY>
         </CATEGORIES>
         <DESCRIPTION>Обобщенные Когерентные Состояния и их Применения (Переломов)</DESCRIPTION>
         <AUTHORS>
          <AUTHOR>
           <FULLNAME>Переломов</FULLNAME>
           <LASTNAME>Переломов</LASTNAME>
           <FIRSTNAME></FIRSTNAME>
          </AUTHOR>
         </AUTHORS>
         <TITLE>Обобщенные Когерентные Состояния и их Применения</TITLE>
         <INSTANCES>
          <INSTANCE>
           <FORMAT>pdf</FORMAT>
           <SIZE>0</SIZE>
           <CHECKSUM>0</CHECKSUM>
          </INSTANCE>
         </INSTANCES>
        </INFO>
       </ITEM>
      </FILE>
      <FILE link="Lib/Science/Mechanics/QM_eqs.zip">
       <LOCATION>
        <URL>Lib/Science/Mechanics/QM_eqs.zip</URL>
        <SIZE>19.2</SIZE>
        <CHECKSUM>0</CHECKSUM>
        <TYPE>zip</TYPE>
       </LOCATION>
       <ITEM>
        <INFO>
         <CATEGORIES>
          <CATEGORY>Lib/Science/Mechanics</CATEGORY>
         </CATEGORIES>
         <DESCRIPTION>Симметрия Уравнений Квантовой Механики (Фущич, Никитин)</DESCRIPTION>
         <AUTHORS>
          <AUTHOR>
           <FULLNAME>Фущич</FULLNAME>
           <LASTNAME>Фущич</LASTNAME>
           <FIRSTNAME></FIRSTNAME>
          </AUTHOR>
          <AUTHOR>
           <FULLNAME>Никитин</FULLNAME>
           <LASTNAME>Никитин</LASTNAME>
           <FIRSTNAME></FIRSTNAME>
          </AUTHOR>
         </AUTHORS>
         <TITLE>Симметрия Уравнений Квантовой Механики</TITLE>
         <INSTANCES>
          <INSTANCE>
           <FORMAT>pdf</FORMAT>
           <SIZE>0</SIZE>
           <CHECKSUM>0</CHECKSUM>
          </INSTANCE>
         </INSTANCES>
        </INFO>
       </ITEM>
      </FILE>
      <FILE link="Lib/Science/Mechanics/Rojdestvenski.zip">
       <LOCATION>
        <URL>Lib/Science/Mechanics/Rojdestvenski.zip</URL>
        <SIZE>27.3</SIZE>
        <CHECKSUM>0</CHECKSUM>
        <TYPE>zip</TYPE>
       </LOCATION>
       <ITEM>
        <INFO>
         <CATEGORIES>
          <CATEGORY>Lib/Science/Mechanics</CATEGORY>
         </CATEGORIES>
         <DESCRIPTION>Системы Квазилинейных Уравнений и Их Приложение к Газовой Динамике (Рождественский,Яненко)</DESCRIPTION>
         <AUTHORS>
          <AUTHOR>
           <FULLNAME>Рождественский</FULLNAME>
           <LASTNAME>Рождественский</LASTNAME>
           <FIRSTNAME></FIRSTNAME>
          </AUTHOR>
          <AUTHOR>
           <FULLNAME>Яненко</FULLNAME>
           <LASTNAME>Яненко</LASTNAME>
           <FIRSTNAME></FIRSTNAME>
          </AUTHOR>
         </AUTHORS>
         <TITLE>Системы Квазилинейных Уравнений и Их Приложение к Газовой Динамике</TITLE>
         <INSTANCES>
          <INSTANCE>
           <FORMAT>pdf</FORMAT>
           <SIZE>0</SIZE>
           <CHECKSUM>0</CHECKSUM>
          </INSTANCE>
         </INSTANCES>
        </INFO>
       </ITEM>
      </FILE>
      <FILE link="Lib/Science/Mechanics/Rouch.zip">
       <LOCATION>
        <URL>Lib/Science/Mechanics/Rouch.zip</URL>
        <SIZE>70.6</SIZE>
        <CHECKSUM>0</CHECKSUM>
        <TYPE>zip</TYPE>
       </LOCATION>
       <ITEM>
        <INFO>
         <CATEGORIES>
          <CATEGORY>Lib/Science/Mechanics</CATEGORY>
         </CATEGORIES>
         <DESCRIPTION>Вычислительная Гидродинамика (Роуч)</DESCRIPTION>
         <AUTHORS>
          <AUTHOR>
           <FULLNAME>Роуч</FULLNAME>
           <LASTNAME>Роуч</LASTNAME>
           <FIRSTNAME></FIRSTNAME>
          </AUTHOR>
         </AUTHORS>
         <TITLE>Вычислительная Гидродинамика</TITLE>
         <INSTANCES>
          <INSTANCE>
           <FORMAT>pdf</FORMAT>
           <SIZE>0</SIZE>
           <CHECKSUM>0</CHECKSUM>
          </INSTANCE>
         </INSTANCES>
        </INFO>
       </ITEM>
      </FILE>
      <FILE link="Lib/Science/Mechanics/Sinj.zip">
       <LOCATION>
        <URL>Lib/Science/Mechanics/Sinj.zip</URL>
        <SIZE>1.6</SIZE>
        <CHECKSUM>0</CHECKSUM>
        <TYPE>zip</TYPE>
       </LOCATION>
       <ITEM>
        <INFO>
         <CATEGORIES>
          <CATEGORY>Lib/Science/Mechanics</CATEGORY>
         </CATEGORIES>
         <DESCRIPTION>Тензорные методы в динамике (Синдж)</DESCRIPTION>
         <AUTHORS>
          <AUTHOR>
           <FULLNAME>Синдж</FULLNAME>
           <LASTNAME>Синдж</LASTNAME>
           <FIRSTNAME></FIRSTNAME>
          </AUTHOR>
         </AUTHORS>
         <TITLE>Тензорные методы в динамике</TITLE>
         <INSTANCES>
          <INSTANCE>
           <FORMAT>pdf</FORMAT>
           <SIZE>0</SIZE>
           <CHECKSUM>0</CHECKSUM>
          </INSTANCE>
         </INSTANCES>
        </INFO>
       </ITEM>
      </FILE>
      <FILE link="Lib/Science/Mechanics/Whitham.zip">
       <LOCATION>
        <URL>Lib/Science/Mechanics/Whitham.zip</URL>
        <SIZE>25.3</SIZE>
        <CHECKSUM>0</CHECKSUM>
        <TYPE>zip</TYPE>
       </LOCATION>
       <ITEM>
        <INFO>
         <CATEGORIES>
          <CATEGORY>Lib/Science/Mechanics</CATEGORY>
         </CATEGORIES>
         <DESCRIPTION>Линейные и Нелинейные Волны (Уизем)</DESCRIPTION>
         <AUTHORS>
          <AUTHOR>
           <FULLNAME>Уизем</FULLNAME>
           <LASTNAME>Уизем</LASTNAME>
           <FIRSTNAME></FIRSTNAME>
          </AUTHOR>
         </AUTHORS>
         <TITLE>Линейные и Нелинейные Волны</TITLE>
         <INSTANCES>
          <INSTANCE>
           <FORMAT>pdf</FORMAT>
           <SIZE>0</SIZE>
           <CHECKSUM>0</CHECKSUM>
          </INSTANCE>
         </INSTANCES>
        </INFO>
       </ITEM>
      </FILE>
      <FILE link="Lib/Science/Mechanics/Zomerfeld.zip">
       <LOCATION>
        <URL>Lib/Science/Mechanics/Zomerfeld.zip</URL>
        <SIZE>18.9</SIZE>
        <CHECKSUM>0</CHECKSUM>
        <TYPE>zip</TYPE>
       </LOCATION>
       <ITEM>
        <INFO>
         <CATEGORIES>
          <CATEGORY>Lib/Science/Mechanics</CATEGORY>
         </CATEGORIES>
         <DESCRIPTION>Механика (Зомерфельд)</DESCRIPTION>
         <AUTHORS>
          <AUTHOR>
           <FULLNAME>Зомерфельд</FULLNAME>
           <LASTNAME>Зомерфельд</LASTNAME>
           <FIRSTNAME></FIRSTNAME>
          </AUTHOR>
         </AUTHORS>
         <TITLE>Механика</TITLE>
         <INSTANCES>
          <INSTANCE>
           <FORMAT>pdf</FORMAT>
           <SIZE>0</SIZE>
           <CHECKSUM>0</CHECKSUM>
          </INSTANCE>
         </INSTANCES>
        </INFO>
       </ITEM>
      </FILE>
      <DIR link="Lib/Science/Mechanics/AnalMech">
       <LOCATION>
        <URL>Lib/Science/Mechanics/AnalMech</URL>
        <SIZE>102.4</SIZE>
       </LOCATION>
       <FILELIST category="Lib/Science/Mechanics/AnalMech">
        <INFO>
         <DESCRIPTION>Аналитическая Механика</DESCRIPTION>
         <TITLE>Аналитическая Механика</TITLE>
         <DEFAULTFORMAT>pdf</DEFAULTFORMAT>
        </INFO>
        <FILE link="Lib/Science/Mechanics/AnalMech/Gantmaher.zip">
         <LOCATION>
          <URL>Lib/Science/Mechanics/AnalMech/Gantmaher.zip</URL>
          <SIZE>9.6</SIZE>
          <CHECKSUM>0</CHECKSUM>
          <TYPE>zip</TYPE>
         </LOCATION>
         <ITEM>
          <INFO>
           <CATEGORIES>
            <CATEGORY>Lib/Science/Mechanics/AnalMech</CATEGORY>
           </CATEGORIES>
           <DESCRIPTION>Лекции по аналитической механике (Гантмахер)</DESCRIPTION>
           <AUTHORS>
            <AUTHOR>
             <FULLNAME>Гантмахер</FULLNAME>
             <LASTNAME>Гантмахер</LASTNAME>
             <FIRSTNAME></FIRSTNAME>
            </AUTHOR>
           </AUTHORS>
           <TITLE>Лекции по аналитической механике</TITLE>
           <INSTANCES>
            <INSTANCE>
             <FORMAT>pdf</FORMAT>
             <SIZE>0</SIZE>
             <CHECKSUM>0</CHECKSUM>
            </INSTANCE>
           </INSTANCES>
          </INFO>
         </ITEM>
        </FILE>
        <FILE link="Lib/Science/Mechanics/AnalMech/Haar.zip">
         <LOCATION>
          <URL>Lib/Science/Mechanics/AnalMech/Haar.zip</URL>
          <SIZE>8.3</SIZE>
          <CHECKSUM>0</CHECKSUM>
          <TYPE>zip</TYPE>
         </LOCATION>
         <ITEM>
          <INFO>
           <CATEGORIES>
            <CATEGORY>Lib/Science/Mechanics/AnalMech</CATEGORY>
           </CATEGORIES>
           <DESCRIPTION>Основы гамильтоновой механики (Хаар)</DESCRIPTION>
           <AUTHORS>
            <AUTHOR>
             <FULLNAME>Хаар</FULLNAME>
             <LASTNAME>Хаар</LASTNAME>
             <FIRSTNAME></FIRSTNAME>
            </AUTHOR>
           </AUTHORS>
           <TITLE>Основы гамильтоновой механики</TITLE>
           <INSTANCES>
            <INSTANCE>
             <FORMAT>pdf</FORMAT>
             <SIZE>0</SIZE>
             <CHECKSUM>0</CHECKSUM>
            </INSTANCE>
           </INSTANCES>
          </INFO>
         </ITEM>
        </FILE>
        <FILE link="Lib/Science/Mechanics/AnalMech/Langranj1.zip">
         <LOCATION>
          <URL>Lib/Science/Mechanics/AnalMech/Langranj1.zip</URL>
          <SIZE>21.1</SIZE>
          <CHECKSUM>0</CHECKSUM>
          <TYPE>zip</TYPE>
         </LOCATION>
         <ITEM>
          <INFO>
           <CATEGORIES>
            <CATEGORY>Lib/Science/Mechanics/AnalMech</CATEGORY>
           </CATEGORIES>
           <DESCRIPTION>Аналитическая механика т.1 (Лангранж)</DESCRIPTION>
           <AUTHORS>
            <AUTHOR>
             <FULLNAME>Лангранж</FULLNAME>
             <LASTNAME>Лангранж</LASTNAME>
             <FIRSTNAME></FIRSTNAME>
            </AUTHOR>
           </AUTHORS>
           <TITLE>Аналитическая механика</TITLE>
           <INSTANCES>
            <INSTANCE>
             <FORMAT>pdf</FORMAT>
             <SIZE>0</SIZE>
             <CHECKSUM>0</CHECKSUM>
            </INSTANCE>
           </INSTANCES>
          </INFO>
         </ITEM>
        </FILE>
        <FILE link="Lib/Science/Mechanics/AnalMech/Langranj2.zip">
         <LOCATION>
          <URL>Lib/Science/Mechanics/AnalMech/Langranj2.zip</URL>
          <SIZE>12</SIZE>
          <CHECKSUM>0</CHECKSUM>
          <TYPE>zip</TYPE>
         </LOCATION>
         <ITEM>
          <INFO>
           <CATEGORIES>
            <CATEGORY>Lib/Science/Mechanics/AnalMech</CATEGORY>
           </CATEGORIES>
           <DESCRIPTION>Аналитическая механика т.2 (Лангранж)</DESCRIPTION>
           <AUTHORS>
            <AUTHOR>
             <FULLNAME>Лангранж</FULLNAME>
             <LASTNAME>Лангранж</LASTNAME>
             <FIRSTNAME></FIRSTNAME>
            </AUTHOR>
           </AUTHORS>
           <TITLE>Аналитическая механика</TITLE>
           <INSTANCES>
            <INSTANCE>
             <FORMAT>pdf</FORMAT>
             <SIZE>0</SIZE>
             <CHECKSUM>0</CHECKSUM>
            </INSTANCE>
           </INSTANCES>
          </INFO>
         </ITEM>
        </FILE>
        <FILE link="Lib/Science/Mechanics/AnalMech/Uitker.zip">
         <LOCATION>
          <URL>Lib/Science/Mechanics/AnalMech/Uitker.zip</URL>
          <SIZE>51.3</SIZE>
          <CHECKSUM>0</CHECKSUM>
          <TYPE>zip</TYPE>
         </LOCATION>
         <ITEM>
          <INFO>
           <CATEGORIES>
            <CATEGORY>Lib/Science/Mechanics/AnalMech</CATEGORY>
           </CATEGORIES>
           <DESCRIPTION>Аналитическая динамика (Уитткер)</DESCRIPTION>
           <AUTHORS>
            <AUTHOR>
             <FULLNAME>Уитткер</FULLNAME>
             <LASTNAME>Уитткер</LASTNAME>
             <FIRSTNAME></FIRSTNAME>
            </AUTHOR>
           </AUTHORS>
           <TITLE>Аналитическая динамика</TITLE>
           <INSTANCES>
            <INSTANCE>
             <FORMAT>pdf</FORMAT>
             <SIZE>0</SIZE>
             <CHECKSUM>0</CHECKSUM>
            </INSTANCE>
           </INSTANCES>
          </INFO>
         </ITEM>
        </FILE>
       </FILELIST>
      </DIR>
      <DIR link="Lib/Science/Mechanics/Asymptotic">
       <LOCATION>
        <URL>Lib/Science/Mechanics/Asymptotic</URL>
        <SIZE>24.9</SIZE>
       </LOCATION>
       <FILELIST category="Lib/Science/Mechanics/Asymptotic">
        <INFO>
         <DESCRIPTION>Ассимптотические Методы</DESCRIPTION>
         <TITLE>Ассимптотические Методы</TITLE>
         <DEFAULTFORMAT>pdf</DEFAULTFORMAT>
        </INFO>
        <FILE link="Lib/Science/Mechanics/Asymptotic/Moiseev.zip">
         <LOCATION>
          <URL>Lib/Science/Mechanics/Asymptotic/Moiseev.zip</URL>
          <SIZE>24.9</SIZE>
          <CHECKSUM>0</CHECKSUM>
          <TYPE>zip</TYPE>
         </LOCATION>
         <ITEM>
          <INFO>
           <CATEGORIES>
            <CATEGORY>Lib/Science/Mechanics/Asymptotic</CATEGORY>
           </CATEGORIES>
           <DESCRIPTION>Ассимптотические Методы Нелинейной Механики (Моисеев)</DESCRIPTION>
           <AUTHORS>
            <AUTHOR>
             <FULLNAME>Моисеев</FULLNAME>
             <LASTNAME>Моисеев</LASTNAME>
             <FIRSTNAME></FIRSTNAME>
            </AUTHOR>
           </AUTHORS>
           <TITLE>Ассимптотические Методы Нелинейной Механики</TITLE>
           <INSTANCES>
            <INSTANCE>
             <FORMAT>pdf</FORMAT>
             <SIZE>0</SIZE>
             <CHECKSUM>0</CHECKSUM>
            </INSTANCE>
           </INSTANCES>
          </INFO>
         </ITEM>
        </FILE>
       </FILELIST>
      </DIR>
      <DIR link="Lib/Science/Mechanics/Dynamics">
       <LOCATION>
        <URL>Lib/Science/Mechanics/Dynamics</URL>
        <SIZE>427.9</SIZE>
       </LOCATION>
       <FILELIST category="Lib/Science/Mechanics/Dynamics">
        <INFO>
         <DESCRIPTION>Динамические Системы</DESCRIPTION>
         <TITLE>Динамические Системы</TITLE>
         <DEFAULTFORMAT>pdf</DEFAULTFORMAT>
        </INFO>
        <FILE link="Lib/Science/Mechanics/Dynamics/Birkgof.zip">
         <LOCATION>
          <URL>Lib/Science/Mechanics/Dynamics/Birkgof.zip</URL>
          <SIZE>40</SIZE>
          <CHECKSUM>0</CHECKSUM>
          <TYPE>zip</TYPE>
         </LOCATION>
         <ITEM>
          <INFO>
           <CATEGORIES>
            <CATEGORY>Lib/Science/Mechanics/Dynamics</CATEGORY>
           </CATEGORIES>
           <DESCRIPTION>Динамические системы (Биркгоф)</DESCRIPTION>
           <AUTHORS>
            <AUTHOR>
             <FULLNAME>Биркгоф</FULLNAME>
             <LASTNAME>Биркгоф</LASTNAME>
             <FIRSTNAME></FIRSTNAME>
            </AUTHOR>
           </AUTHORS>
           <TITLE>Динамические системы</TITLE>
           <INSTANCES>
            <INSTANCE>
             <FORMAT>pdf</FORMAT>
             <SIZE>0</SIZE>
             <CHECKSUM>0</CHECKSUM>
            </INSTANCE>
           </INSTANCES>
          </INFO>
         </ITEM>
        </FILE>
        <FILE link="Lib/Science/Mechanics/Dynamics/Bowmen.zip">
         <LOCATION>
          <URL>Lib/Science/Mechanics/Dynamics/Bowmen.zip</URL>
          <SIZE>10.3</SIZE>
          <CHECKSUM>0</CHECKSUM>
          <TYPE>zip</TYPE>
         </LOCATION>
         <ITEM>
          <INFO>
           <CATEGORIES>
            <CATEGORY>Lib/Science/Mechanics/Dynamics</CATEGORY>
           </CATEGORIES>
           <DESCRIPTION>Методы Символической Динамики (Боуэн)</DESCRIPTION>
           <AUTHORS>
            <AUTHOR>
             <FULLNAME>Боуэн</FULLNAME>
             <LASTNAME>Боуэн</LASTNAME>
             <FIRSTNAME></FIRSTNAME>
            </AUTHOR>
           </AUTHORS>
           <TITLE>Методы Символической Динамики</TITLE>
           <INSTANCES>
            <INSTANCE>
             <FORMAT>pdf</FORMAT>
             <SIZE>0</SIZE>
             <CHECKSUM>0</CHECKSUM>
            </INSTANCE>
           </INSTANCES>
          </INFO>
         </ITEM>
        </FILE>
        <FILE link="Lib/Science/Mechanics/Dynamics/Cadomcev.zip">
         <LOCATION>
          <URL>Lib/Science/Mechanics/Dynamics/Cadomcev.zip</URL>
          <SIZE>92.3</SIZE>
          <CHECKSUM>0</CHECKSUM>
          <TYPE>zip</TYPE>
         </LOCATION>
         <ITEM>
          <INFO>
           <CATEGORIES>
            <CATEGORY>Lib/Science/Mechanics/Dynamics</CATEGORY>
           </CATEGORIES>
           <DESCRIPTION>Динамика и Информация (Кадомцев)</DESCRIPTION>
           <AUTHORS>
            <AUTHOR>
             <FULLNAME>Кадомцев</FULLNAME>
             <LASTNAME>Кадомцев</LASTNAME>
             <FIRSTNAME></FIRSTNAME>
            </AUTHOR>
           </AUTHORS>
           <TITLE>Динамика и Информация</TITLE>
           <INSTANCES>
            <INSTANCE>
             <FORMAT>pdf</FORMAT>
             <SIZE>0</SIZE>
             <CHECKSUM>0</CHECKSUM>
            </INSTANCE>
           </INSTANCES>
          </INFO>
         </ITEM>
        </FILE>
        <FILE link="Lib/Science/Mechanics/Dynamics/Dirac.zip">
         <LOCATION>
          <URL>Lib/Science/Mechanics/Dynamics/Dirac.zip</URL>
          <SIZE>2.5</SIZE>
          <CHECKSUM>0</CHECKSUM>
          <TYPE>zip</TYPE>
         </LOCATION>
         <ITEM>
          <INFO>
           <CATEGORIES>
            <CATEGORY>Lib/Science/Mechanics/Dynamics</CATEGORY>
           </CATEGORIES>
           <DESCRIPTION>Обобщенная Гамильтонова Динамика (Дирак)</DESCRIPTION>
           <AUTHORS>
            <AUTHOR>
             <FULLNAME>Дирак</FULLNAME>
             <LASTNAME>Дирак</LASTNAME>
             <FIRSTNAME></FIRSTNAME>
            </AUTHOR>
           </AUTHORS>
           <TITLE>Обобщенная Гамильтонова Динамика</TITLE>
           <INSTANCES>
            <INSTANCE>
             <FORMAT>pdf</FORMAT>
             <SIZE>0</SIZE>
             <CHECKSUM>0</CHECKSUM>
            </INSTANCE>
           </INSTANCES>
          </INFO>
         </ITEM>
        </FILE>
        <FILE link="Lib/Science/Mechanics/Dynamics/Giacaglia.zip">
         <LOCATION>
          <URL>Lib/Science/Mechanics/Dynamics/Giacaglia.zip</URL>
          <SIZE>12.7</SIZE>
          <CHECKSUM>0</CHECKSUM>
          <TYPE>zip</TYPE>
         </LOCATION>
         <ITEM>
          <INFO>
           <CATEGORIES>
            <CATEGORY>Lib/Science/Mechanics/Dynamics</CATEGORY>
           </CATEGORIES>
           <DESCRIPTION>Методы Теории Возмущения Для нелинейных Систем (Джакалья)</DESCRIPTION>
           <AUTHORS>
            <AUTHOR>
             <FULLNAME>Джакалья</FULLNAME>
             <LASTNAME>Джакалья</LASTNAME>
             <FIRSTNAME></FIRSTNAME>
            </AUTHOR>
           </AUTHORS>
           <TITLE>Методы Теории Возмущения Для нелинейных Систем</TITLE>
           <INSTANCES>
            <INSTANCE>
             <FORMAT>pdf</FORMAT>
             <SIZE>0</SIZE>
             <CHECKSUM>0</CHECKSUM>
            </INSTANCE>
           </INSTANCES>
          </INFO>
         </ITEM>
        </FILE>
        <FILE link="Lib/Science/Mechanics/Dynamics/Holodniok.zip">
         <LOCATION>
          <URL>Lib/Science/Mechanics/Dynamics/Holodniok.zip</URL>
          <SIZE>12.9</SIZE>
          <CHECKSUM>0</CHECKSUM>
          <TYPE>zip</TYPE>
         </LOCATION>
         <ITEM>
          <INFO>
           <CATEGORIES>
            <CATEGORY>Lib/Science/Mechanics/Dynamics</CATEGORY>
           </CATEGORIES>
           <DESCRIPTION>Методы Анализа Нелинейных Динамических Моделей (Холодниок,Клич,Кубичек,Марек)</DESCRIPTION>
           <AUTHORS>
            <AUTHOR>
             <FULLNAME>Холодниок</FULLNAME>
             <LASTNAME>Холодниок</LASTNAME>
             <FIRSTNAME></FIRSTNAME>
            </AUTHOR>
            <AUTHOR>
             <FULLNAME>Клич</FULLNAME>
             <LASTNAME>Клич</LASTNAME>
             <FIRSTNAME></FIRSTNAME>
            </AUTHOR>
            <AUTHOR>
             <FULLNAME>Кубичек</FULLNAME>
             <LASTNAME>Кубичек</LASTNAME>
             <FIRSTNAME></FIRSTNAME>
            </AUTHOR>
            <AUTHOR>
             <FULLNAME>Марек</FULLNAME>
             <LASTNAME>Марек</LASTNAME>
             <FIRSTNAME></FIRSTNAME>
            </AUTHOR>
           </AUTHORS>
           <TITLE>Методы Анализа Нелинейных Динамических Моделей</TITLE>
           <INSTANCES>
            <INSTANCE>
             <FORMAT>pdf</FORMAT>
             <SIZE>0</SIZE>
             <CHECKSUM>0</CHECKSUM>
            </INSTANCE>
           </INSTANCES>
          </INFO>
         </ITEM>
        </FILE>
        <FILE link="Lib/Science/Mechanics/Dynamics/InvitDynSys.zip">
         <LOCATION>
          <URL>Lib/Science/Mechanics/Dynamics/InvitDynSys.zip</URL>
          <SIZE>71.5</SIZE>
          <CHECKSUM>0</CHECKSUM>
          <TYPE>zip</TYPE>
         </LOCATION>
         <ITEM>
          <INFO>
           <CATEGORIES>
            <CATEGORY>Lib/Science/Mechanics/Dynamics</CATEGORY>
           </CATEGORIES>
           <DESCRIPTION>Invintation to Dynamical Systems (Scheinerman)</DESCRIPTION>
           <AUTHORS>
            <AUTHOR>
             <FULLNAME>Scheinerman</FULLNAME>
             <LASTNAME>Scheinerman</LASTNAME>
             <FIRSTNAME></FIRSTNAME>
            </AUTHOR>
           </AUTHORS>
           <TITLE>Invintation to Dynamical Systems</TITLE>
           <INSTANCES>
            <INSTANCE>
             <FORMAT>pdf</FORMAT>
             <SIZE>0</SIZE>
             <CHECKSUM>0</CHECKSUM>
            </INSTANCE>
           </INSTANCES>
          </INFO>
         </ITEM>
        </FILE>
        <FILE link="Lib/Science/Mechanics/Dynamics/Leontovich.zip">
         <LOCATION>
          <URL>Lib/Science/Mechanics/Dynamics/Leontovich.zip</URL>
          <SIZE>22.4</SIZE>
          <CHECKSUM>0</CHECKSUM>
          <TYPE>zip</TYPE>
         </LOCATION>
         <ITEM>
          <INFO>
           <CATEGORIES>
            <CATEGORY>Lib/Science/Mechanics/Dynamics</CATEGORY>
           </CATEGORIES>
           <DESCRIPTION>Методы и Приемы Качественного Исследования Динамических Систем на Плоскости (Леонтович)</DESCRIPTION>
           <AUTHORS>
            <AUTHOR>
             <FULLNAME>Леонтович</FULLNAME>
             <LASTNAME>Леонтович</LASTNAME>
             <FIRSTNAME></FIRSTNAME>
            </AUTHOR>
           </AUTHORS>
           <TITLE>Методы и Приемы Качественного Исследования Динамических Систем на Плоскости</TITLE>
           <INSTANCES>
            <INSTANCE>
             <FORMAT>pdf</FORMAT>
             <SIZE>0</SIZE>
             <CHECKSUM>0</CHECKSUM>
            </INSTANCE>
           </INSTANCES>
          </INFO>
         </ITEM>
        </FILE>
        <FILE link="Lib/Science/Mechanics/Dynamics/Lesnov.zip">
         <LOCATION>
          <URL>Lib/Science/Mechanics/Dynamics/Lesnov.zip</URL>
          <SIZE>11.7</SIZE>
          <CHECKSUM>0</CHECKSUM>
          <TYPE>zip</TYPE>
         </LOCATION>
         <ITEM>
          <INFO>
           <CATEGORIES>
            <CATEGORY>Lib/Science/Mechanics/Dynamics</CATEGORY>
           </CATEGORIES>
           <DESCRIPTION>Групповые Методы Интегрирования Нелинейных Динамических Систем (Лезнов, Савельев)</DESCRIPTION>
           <AUTHORS>
            <AUTHOR>
             <FULLNAME>Лезнов</FULLNAME>
             <LASTNAME>Лезнов</LASTNAME>
             <FIRSTNAME></FIRSTNAME>
            </AUTHOR>
            <AUTHOR>
             <FULLNAME>Савельев</FULLNAME>
             <LASTNAME>Савельев</LASTNAME>
             <FIRSTNAME></FIRSTNAME>
            </AUTHOR>
           </AUTHORS>
           <TITLE>Групповые Методы Интегрирования Нелинейных Динамических Систем</TITLE>
           <INSTANCES>
            <INSTANCE>
             <FORMAT>pdf</FORMAT>
             <SIZE>0</SIZE>
             <CHECKSUM>0</CHECKSUM>
            </INSTANCE>
           </INSTANCES>
          </INFO>
         </ITEM>
        </FILE>
        <FILE link="Lib/Science/Mechanics/Dynamics/Liberman.zip">
         <LOCATION>
          <URL>Lib/Science/Mechanics/Dynamics/Liberman.zip</URL>
          <SIZE>79.2</SIZE>
          <CHECKSUM>0</CHECKSUM>
          <TYPE>zip</TYPE>
         </LOCATION>
         <ITEM>
          <INFO>
           <CATEGORIES>
            <CATEGORY>Lib/Science/Mechanics/Dynamics</CATEGORY>
           </CATEGORIES>
           <DESCRIPTION>Регулярная и Стахастическая Динамика (Лихтенберг, Либерман)</DESCRIPTION>
           <AUTHORS>
            <AUTHOR>
             <FULLNAME>Лихтенберг</FULLNAME>
             <LASTNAME>Лихтенберг</LASTNAME>
             <FIRSTNAME></FIRSTNAME>
            </AUTHOR>
            <AUTHOR>
             <FULLNAME>Либерман</FULLNAME>
             <LASTNAME>Либерман</LASTNAME>
             <FIRSTNAME></FIRSTNAME>
            </AUTHOR>
           </AUTHORS>
           <TITLE>Регулярная и Стахастическая Динамика</TITLE>
           <INSTANCES>
            <INSTANCE>
             <FORMAT>pdf</FORMAT>
             <SIZE>0</SIZE>
             <CHECKSUM>0</CHECKSUM>
            </INSTANCE>
           </INSTANCES>
          </INFO>
         </ITEM>
        </FILE>
        <FILE link="Lib/Science/Mechanics/Dynamics/Pars.zip">
         <LOCATION>
          <URL>Lib/Science/Mechanics/Dynamics/Pars.zip</URL>
          <SIZE>30.3</SIZE>
          <CHECKSUM>0</CHECKSUM>
          <TYPE>zip</TYPE>
         </LOCATION>
         <ITEM>
          <INFO>
           <CATEGORIES>
            <CATEGORY>Lib/Science/Mechanics/Dynamics</CATEGORY>
           </CATEGORIES>
           <DESCRIPTION>Аналитическая динамика (Парс)</DESCRIPTION>
           <AUTHORS>
            <AUTHOR>
             <FULLNAME>Парс</FULLNAME>
             <LASTNAME>Парс</LASTNAME>
             <FIRSTNAME></FIRSTNAME>
            </AUTHOR>
           </AUTHORS>
           <TITLE>Аналитическая динамика</TITLE>
           <INSTANCES>
            <INSTANCE>
             <FORMAT>pdf</FORMAT>
             <SIZE>0</SIZE>
             <CHECKSUM>0</CHECKSUM>
            </INSTANCE>
           </INSTANCES>
          </INFO>
         </ITEM>
        </FILE>
        <FILE link="Lib/Science/Mechanics/Dynamics/Sing.zip">
         <LOCATION>
          <URL>Lib/Science/Mechanics/Dynamics/Sing.zip</URL>
          <SIZE>13.8</SIZE>
          <CHECKSUM>0</CHECKSUM>
          <TYPE>zip</TYPE>
         </LOCATION>
         <ITEM>
          <INFO>
           <CATEGORIES>
            <CATEGORY>Lib/Science/Mechanics/Dynamics</CATEGORY>
           </CATEGORIES>
           <DESCRIPTION>Классическая динамика (Синг)</DESCRIPTION>
           <AUTHORS>
            <AUTHOR>
             <FULLNAME>Синг</FULLNAME>
             <LASTNAME>Синг</LASTNAME>
             <FIRSTNAME></FIRSTNAME>
            </AUTHOR>
           </AUTHORS>
           <TITLE>Классическая динамика</TITLE>
           <INSTANCES>
            <INSTANCE>
             <FORMAT>pdf</FORMAT>
             <SIZE>0</SIZE>
             <CHECKSUM>0</CHECKSUM>
            </INSTANCE>
           </INSTANCES>
          </INFO>
         </ITEM>
        </FILE>
        <FILE link="Lib/Science/Mechanics/Dynamics/Tabor.zip">
         <LOCATION>
          <URL>Lib/Science/Mechanics/Dynamics/Tabor.zip</URL>
          <SIZE>14.9</SIZE>
          <CHECKSUM>0</CHECKSUM>
          <TYPE>zip</TYPE>
         </LOCATION>
         <ITEM>
          <INFO>
           <CATEGORIES>
            <CATEGORY>Lib/Science/Mechanics/Dynamics</CATEGORY>
           </CATEGORIES>
           <DESCRIPTION>Хаос и Итегрируемость в Нелиненой Динамике (Табор)</DESCRIPTION>
           <AUTHORS>
            <AUTHOR>
             <FULLNAME>Табор</FULLNAME>
             <LASTNAME>Табор</LASTNAME>
             <FIRSTNAME></FIRSTNAME>
            </AUTHOR>
           </AUTHORS>
           <TITLE>Хаос и Итегрируемость в Нелиненой Динамике</TITLE>
           <INSTANCES>
            <INSTANCE>
             <FORMAT>pdf</FORMAT>
             <SIZE>0</SIZE>
             <CHECKSUM>0</CHECKSUM>
            </INSTANCE>
           </INSTANCES>
          </INFO>
         </ITEM>
        </FILE>
        <FILE link="Lib/Science/Mechanics/Dynamics/Yakobi.zip">
         <LOCATION>
          <URL>Lib/Science/Mechanics/Dynamics/Yakobi.zip</URL>
          <SIZE>13.3</SIZE>
          <CHECKSUM>0</CHECKSUM>
          <TYPE>zip</TYPE>
         </LOCATION>
         <ITEM>
          <INFO>
           <CATEGORIES>
            <CATEGORY>Lib/Science/Mechanics/Dynamics</CATEGORY>
           </CATEGORIES>
           <DESCRIPTION>Лекции по динамике (Якоби)</DESCRIPTION>
           <AUTHORS>
            <AUTHOR>
             <FULLNAME>Якоби</FULLNAME>
             <LASTNAME>Якоби</LASTNAME>
             <FIRSTNAME></FIRSTNAME>
            </AUTHOR>
           </AUTHORS>
           <TITLE>Лекции по динамике</TITLE>
           <INSTANCES>
            <INSTANCE>
             <FORMAT>pdf</FORMAT>
             <SIZE>0</SIZE>
             <CHECKSUM>0</CHECKSUM>
            </INSTANCE>
           </INSTANCES>
          </INFO>
         </ITEM>
        </FILE>
       </FILELIST>
      </DIR>
      <DIR link="Lib/Science/Mechanics/Katastroph">
       <LOCATION>
        <URL>Lib/Science/Mechanics/Katastroph</URL>
        <SIZE>90.4</SIZE>
       </LOCATION>
       <FILELIST category="Lib/Science/Mechanics/Katastroph">
        <INFO>
         <DESCRIPTION>Теория Катастроф</DESCRIPTION>
         <TITLE>Теория Катастроф</TITLE>
         <DEFAULTFORMAT>pdf</DEFAULTFORMAT>
        </INFO>
        <FILE link="Lib/Science/Mechanics/Katastroph/Arnold.zip">
         <LOCATION>
          <URL>Lib/Science/Mechanics/Katastroph/Arnold.zip</URL>
          <SIZE>5.8</SIZE>
          <CHECKSUM>0</CHECKSUM>
          <TYPE>zip</TYPE>
         </LOCATION>
         <ITEM>
          <INFO>
           <CATEGORIES>
            <CATEGORY>Lib/Science/Mechanics/Katastroph</CATEGORY>
           </CATEGORIES>
           <DESCRIPTION>Теория Катастроф (Арнольд)</DESCRIPTION>
           <AUTHORS>
            <AUTHOR>
             <FULLNAME>Арнольд</FULLNAME>
             <LASTNAME>Арнольд</LASTNAME>
             <FIRSTNAME></FIRSTNAME>
            </AUTHOR>
           </AUTHORS>
           <TITLE>Теория Катастроф</TITLE>
           <INSTANCES>
            <INSTANCE>
             <FORMAT>pdf</FORMAT>
             <SIZE>0</SIZE>
             <CHECKSUM>0</CHECKSUM>
            </INSTANCE>
           </INSTANCES>
          </INFO>
         </ITEM>
        </FILE>
        <FILE link="Lib/Science/Mechanics/Katastroph/Breker.zip">
         <LOCATION>
          <URL>Lib/Science/Mechanics/Katastroph/Breker.zip</URL>
          <SIZE>7.3</SIZE>
          <CHECKSUM>0</CHECKSUM>
          <TYPE>zip</TYPE>
         </LOCATION>
         <ITEM>
          <INFO>
           <CATEGORIES>
            <CATEGORY>Lib/Science/Mechanics/Katastroph</CATEGORY>
           </CATEGORIES>
           <DESCRIPTION>Дифференцируемые Ростки и Катастрофы (Брекер,Ландер)</DESCRIPTION>
           <AUTHORS>
            <AUTHOR>
             <FULLNAME>Брекер</FULLNAME>
             <LASTNAME>Брекер</LASTNAME>
             <FIRSTNAME></FIRSTNAME>
            </AUTHOR>
            <AUTHOR>
             <FULLNAME>Ландер</FULLNAME>
             <LASTNAME>Ландер</LASTNAME>
             <FIRSTNAME></FIRSTNAME>
            </AUTHOR>
           </AUTHORS>
           <TITLE>Дифференцируемые Ростки и Катастрофы</TITLE>
           <INSTANCES>
            <INSTANCE>
             <FORMAT>pdf</FORMAT>
             <SIZE>0</SIZE>
             <CHECKSUM>0</CHECKSUM>
            </INSTANCE>
           </INSTANCES>
          </INFO>
         </ITEM>
        </FILE>
        <FILE link="Lib/Science/Mechanics/Katastroph/Hilmor1.zip">
         <LOCATION>
          <URL>Lib/Science/Mechanics/Katastroph/Hilmor1.zip</URL>
          <SIZE>13.3</SIZE>
          <CHECKSUM>0</CHECKSUM>
          <TYPE>zip</TYPE>
         </LOCATION>
         <ITEM>
          <INFO>
           <CATEGORIES>
            <CATEGORY>Lib/Science/Mechanics/Katastroph</CATEGORY>
           </CATEGORIES>
           <DESCRIPTION>Прикладная Теория Катастроф т. 1 (Гилмор)</DESCRIPTION>
           <AUTHORS>
            <AUTHOR>
             <FULLNAME>Гилмор</FULLNAME>
             <LASTNAME>Гилмор</LASTNAME>
             <FIRSTNAME></FIRSTNAME>
            </AUTHOR>
           </AUTHORS>
           <TITLE>Прикладная Теория Катастроф</TITLE>
           <INSTANCES>
            <INSTANCE>
             <FORMAT>pdf</FORMAT>
             <SIZE>0</SIZE>
             <CHECKSUM>0</CHECKSUM>
            </INSTANCE>
           </INSTANCES>
          </INFO>
         </ITEM>
        </FILE>
        <FILE link="Lib/Science/Mechanics/Katastroph/Hilmor2.zip">
         <LOCATION>
          <URL>Lib/Science/Mechanics/Katastroph/Hilmor2.zip</URL>
          <SIZE>12.4</SIZE>
          <CHECKSUM>0</CHECKSUM>
          <TYPE>zip</TYPE>
         </LOCATION>
         <ITEM>
          <INFO>
           <CATEGORIES>
            <CATEGORY>Lib/Science/Mechanics/Katastroph</CATEGORY>
           </CATEGORIES>
           <DESCRIPTION>Прикладная Теория Катастроф т. 2 (Гилмор)</DESCRIPTION>
           <AUTHORS>
            <AUTHOR>
             <FULLNAME>Гилмор</FULLNAME>
             <LASTNAME>Гилмор</LASTNAME>
             <FIRSTNAME></FIRSTNAME>
            </AUTHOR>
           </AUTHORS>
           <TITLE>Прикладная Теория Катастроф</TITLE>
           <INSTANCES>
            <INSTANCE>
             <FORMAT>pdf</FORMAT>
             <SIZE>0</SIZE>
             <CHECKSUM>0</CHECKSUM>
            </INSTANCE>
           </INSTANCES>
          </INFO>
         </ITEM>
        </FILE>
        <FILE link="Lib/Science/Mechanics/Katastroph/Kasti.zip">
         <LOCATION>
          <URL>Lib/Science/Mechanics/Katastroph/Kasti.zip</URL>
          <SIZE>9.5</SIZE>
          <CHECKSUM>0</CHECKSUM>
          <TYPE>zip</TYPE>
         </LOCATION>
         <ITEM>
          <INFO>
           <CATEGORIES>
            <CATEGORY>Lib/Science/Mechanics/Katastroph</CATEGORY>
           </CATEGORIES>
           <DESCRIPTION>Большие Системы: Связаность,Сложность и Катастрофы (Касти)</DESCRIPTION>
           <AUTHORS>
            <AUTHOR>
             <FULLNAME>Касти</FULLNAME>
             <LASTNAME>Касти</LASTNAME>
             <FIRSTNAME></FIRSTNAME>
            </AUTHOR>
           </AUTHORS>
           <TITLE>Большие Системы: Связаность,Сложность и Катастрофы</TITLE>
           <INSTANCES>
            <INSTANCE>
             <FORMAT>pdf</FORMAT>
             <SIZE>0</SIZE>
             <CHECKSUM>0</CHECKSUM>
            </INSTANCE>
           </INSTANCES>
          </INFO>
         </ITEM>
        </FILE>
        <FILE link="Lib/Science/Mechanics/Katastroph/Poston.zip">
         <LOCATION>
          <URL>Lib/Science/Mechanics/Katastroph/Poston.zip</URL>
          <SIZE>30.5</SIZE>
          <CHECKSUM>0</CHECKSUM>
          <TYPE>zip</TYPE>
         </LOCATION>
         <ITEM>
          <INFO>
           <CATEGORIES>
            <CATEGORY>Lib/Science/Mechanics/Katastroph</CATEGORY>
           </CATEGORIES>
           <DESCRIPTION>Теория Катастроф и Ее Приложения (Постон,Стюарт)</DESCRIPTION>
           <AUTHORS>
            <AUTHOR>
             <FULLNAME>Постон</FULLNAME>
             <LASTNAME>Постон</LASTNAME>
             <FIRSTNAME></FIRSTNAME>
            </AUTHOR>
            <AUTHOR>
             <FULLNAME>Стюарт</FULLNAME>
             <LASTNAME>Стюарт</LASTNAME>
             <FIRSTNAME></FIRSTNAME>
            </AUTHOR>
           </AUTHORS>
           <TITLE>Теория Катастроф и Ее Приложения</TITLE>
           <INSTANCES>
            <INSTANCE>
             <FORMAT>pdf</FORMAT>
             <SIZE>0</SIZE>
             <CHECKSUM>0</CHECKSUM>
            </INSTANCE>
           </INSTANCES>
          </INFO>
         </ITEM>
        </FILE>
        <FILE link="Lib/Science/Mechanics/Katastroph/Tompson.zip">
         <LOCATION>
          <URL>Lib/Science/Mechanics/Katastroph/Tompson.zip</URL>
          <SIZE>11.5</SIZE>
          <CHECKSUM>0</CHECKSUM>
          <TYPE>zip</TYPE>
         </LOCATION>
         <ITEM>
          <INFO>
           <CATEGORIES>
            <CATEGORY>Lib/Science/Mechanics/Katastroph</CATEGORY>
           </CATEGORIES>
           <DESCRIPTION>Неустойчивости и Катастрофы в Науке и Технике (Томпсон)</DESCRIPTION>
           <AUTHORS>
            <AUTHOR>
             <FULLNAME>Томпсон</FULLNAME>
             <LASTNAME>Томпсон</LASTNAME>
             <FIRSTNAME></FIRSTNAME>
            </AUTHOR>
           </AUTHORS>
           <TITLE>Неустойчивости и Катастрофы в Науке и Технике</TITLE>
           <INSTANCES>
            <INSTANCE>
             <FORMAT>pdf</FORMAT>
             <SIZE>0</SIZE>
             <CHECKSUM>0</CHECKSUM>
            </INSTANCE>
           </INSTANCES>
          </INFO>
         </ITEM>
        </FILE>
       </FILELIST>
      </DIR>
      <DIR link="Lib/Science/Mechanics/KlassMech">
       <LOCATION>
        <URL>Lib/Science/Mechanics/KlassMech</URL>
        <SIZE>256.6</SIZE>
       </LOCATION>
       <FILELIST category="Lib/Science/Mechanics/KlassMech">
        <INFO>
         <DESCRIPTION>Классическая Механика</DESCRIPTION>
         <TITLE>Классическая Механика</TITLE>
         <DEFAULTFORMAT>pdf</DEFAULTFORMAT>
        </INFO>
        <FILE link="Lib/Science/Mechanics/KlassMech/Arnold.zip">
         <LOCATION>
          <URL>Lib/Science/Mechanics/KlassMech/Arnold.zip</URL>
          <SIZE>23.6</SIZE>
          <CHECKSUM>0</CHECKSUM>
          <TYPE>zip</TYPE>
         </LOCATION>
         <ITEM>
          <INFO>
           <CATEGORIES>
            <CATEGORY>Lib/Science/Mechanics/KlassMech</CATEGORY>
           </CATEGORIES>
           <DESCRIPTION>Математические Методы Классической Механики (Арнольд)</DESCRIPTION>
           <AUTHORS>
            <AUTHOR>
             <FULLNAME>Арнольд</FULLNAME>
             <LASTNAME>Арнольд</LASTNAME>
             <FIRSTNAME></FIRSTNAME>
            </AUTHOR>
           </AUTHORS>
           <TITLE>Математические Методы Классической Механики</TITLE>
           <INSTANCES>
            <INSTANCE>
             <FORMAT>pdf</FORMAT>
             <SIZE>0</SIZE>
             <CHECKSUM>0</CHECKSUM>
            </INSTANCE>
           </INSTANCES>
          </INFO>
         </ITEM>
        </FILE>
        <FILE link="Lib/Science/Mechanics/KlassMech/Goldstein.zip">
         <LOCATION>
          <URL>Lib/Science/Mechanics/KlassMech/Goldstein.zip</URL>
          <SIZE>79.2</SIZE>
          <CHECKSUM>0</CHECKSUM>
          <TYPE>zip</TYPE>
         </LOCATION>
         <ITEM>
          <INFO>
           <CATEGORIES>
            <CATEGORY>Lib/Science/Mechanics/KlassMech</CATEGORY>
           </CATEGORIES>
           <DESCRIPTION>Классическая Механика (Голдстейн)</DESCRIPTION>
           <AUTHORS>
            <AUTHOR>
             <FULLNAME>Голдстейн</FULLNAME>
             <LASTNAME>Голдстейн</LASTNAME>
             <FIRSTNAME></FIRSTNAME>
            </AUTHOR>
           </AUTHORS>
           <TITLE>Классическая Механика</TITLE>
           <INSTANCES>
            <INSTANCE>
             <FORMAT>pdf</FORMAT>
             <SIZE>0</SIZE>
             <CHECKSUM>0</CHECKSUM>
            </INSTANCE>
           </INSTANCES>
          </INFO>
         </ITEM>
        </FILE>
        <FILE link="Lib/Science/Mechanics/KlassMech/Kotkin.zip">
         <LOCATION>
          <URL>Lib/Science/Mechanics/KlassMech/Kotkin.zip</URL>
          <SIZE>45.6</SIZE>
          <CHECKSUM>0</CHECKSUM>
          <TYPE>zip</TYPE>
         </LOCATION>
         <ITEM>
          <INFO>
           <CATEGORIES>
            <CATEGORY>Lib/Science/Mechanics/KlassMech</CATEGORY>
           </CATEGORIES>
           <DESCRIPTION>Сборник Задач по Классической Механике (Коткин, Сербо)</DESCRIPTION>
           <AUTHORS>
            <AUTHOR>
             <FULLNAME>Коткин</FULLNAME>
             <LASTNAME>Коткин</LASTNAME>
             <FIRSTNAME></FIRSTNAME>
            </AUTHOR>
            <AUTHOR>
             <FULLNAME>Сербо</FULLNAME>
             <LASTNAME>Сербо</LASTNAME>
             <FIRSTNAME></FIRSTNAME>
            </AUTHOR>
           </AUTHORS>
           <TITLE>Сборник Задач по Классической Механике</TITLE>
           <INSTANCES>
            <INSTANCE>
             <FORMAT>pdf</FORMAT>
             <SIZE>0</SIZE>
             <CHECKSUM>0</CHECKSUM>
            </INSTANCE>
           </INSTANCES>
          </INFO>
         </ITEM>
        </FILE>
        <FILE link="Lib/Science/Mechanics/KlassMech/Leech.zip">
         <LOCATION>
          <URL>Lib/Science/Mechanics/KlassMech/Leech.zip</URL>
          <SIZE>18.5</SIZE>
          <CHECKSUM>0</CHECKSUM>
          <TYPE>zip</TYPE>
         </LOCATION>
         <ITEM>
          <INFO>
           <CATEGORIES>
            <CATEGORY>Lib/Science/Mechanics/KlassMech</CATEGORY>
           </CATEGORIES>
           <DESCRIPTION>Классическая Механика (Лич)</DESCRIPTION>
           <AUTHORS>
            <AUTHOR>
             <FULLNAME>Лич</FULLNAME>
             <LASTNAME>Лич</LASTNAME>
             <FIRSTNAME></FIRSTNAME>
            </AUTHOR>
           </AUTHORS>
           <TITLE>Классическая Механика</TITLE>
           <INSTANCES>
            <INSTANCE>
             <FORMAT>pdf</FORMAT>
             <SIZE>0</SIZE>
             <CHECKSUM>0</CHECKSUM>
            </INSTANCE>
           </INSTANCES>
          </INFO>
         </ITEM>
        </FILE>
        <FILE link="Lib/Science/Mechanics/KlassMech/Nayfeh.zip">
         <LOCATION>
          <URL>Lib/Science/Mechanics/KlassMech/Nayfeh.zip</URL>
          <SIZE>15.7</SIZE>
          <CHECKSUM>0</CHECKSUM>
          <TYPE>zip</TYPE>
         </LOCATION>
         <ITEM>
          <INFO>
           <CATEGORIES>
            <CATEGORY>Lib/Science/Mechanics/KlassMech</CATEGORY>
           </CATEGORIES>
           <DESCRIPTION>Методы Возмущений (Найфэ)</DESCRIPTION>
           <AUTHORS>
            <AUTHOR>
             <FULLNAME>Найфэ</FULLNAME>
             <LASTNAME>Найфэ</LASTNAME>
             <FIRSTNAME></FIRSTNAME>
            </AUTHOR>
           </AUTHORS>
           <TITLE>Методы Возмущений</TITLE>
           <INSTANCES>
            <INSTANCE>
             <FORMAT>pdf</FORMAT>
             <SIZE>0</SIZE>
             <CHECKSUM>0</CHECKSUM>
            </INSTANCE>
           </INSTANCES>
          </INFO>
         </ITEM>
        </FILE>
        <FILE link="Lib/Science/Mechanics/KlassMech/Perelomov.zip">
         <LOCATION>
          <URL>Lib/Science/Mechanics/KlassMech/Perelomov.zip</URL>
          <SIZE>8.4</SIZE>
          <CHECKSUM>0</CHECKSUM>
          <TYPE>zip</TYPE>
         </LOCATION>
         <ITEM>
          <INFO>
           <CATEGORIES>
            <CATEGORY>Lib/Science/Mechanics/KlassMech</CATEGORY>
           </CATEGORIES>
           <DESCRIPTION>Интегрируемые Системы Классической Механики и Алгебры Ли (Переломов)</DESCRIPTION>
           <AUTHORS>
            <AUTHOR>
             <FULLNAME>Переломов</FULLNAME>
             <LASTNAME>Переломов</LASTNAME>
             <FIRSTNAME></FIRSTNAME>
            </AUTHOR>
           </AUTHORS>
           <TITLE>Интегрируемые Системы Классической Механики и Алгебры Ли</TITLE>
           <INSTANCES>
            <INSTANCE>
             <FORMAT>pdf</FORMAT>
             <SIZE>0</SIZE>
             <CHECKSUM>0</CHECKSUM>
            </INSTANCE>
           </INSTANCES>
          </INFO>
         </ITEM>
        </FILE>
        <FILE link="Lib/Science/Mechanics/KlassMech/Synge.zip">
         <LOCATION>
          <URL>Lib/Science/Mechanics/KlassMech/Synge.zip</URL>
          <SIZE>54.9</SIZE>
          <CHECKSUM>0</CHECKSUM>
          <TYPE>zip</TYPE>
         </LOCATION>
         <ITEM>
          <INFO>
           <CATEGORIES>
            <CATEGORY>Lib/Science/Mechanics/KlassMech</CATEGORY>
           </CATEGORIES>
           <DESCRIPTION>Классическая Динамика (Синг)</DESCRIPTION>
           <AUTHORS>
            <AUTHOR>
             <FULLNAME>Синг</FULLNAME>
             <LASTNAME>Синг</LASTNAME>
             <FIRSTNAME></FIRSTNAME>
            </AUTHOR>
           </AUTHORS>
           <TITLE>Классическая Динамика</TITLE>
           <INSTANCES>
            <INSTANCE>
             <FORMAT>pdf</FORMAT>
             <SIZE>0</SIZE>
             <CHECKSUM>0</CHECKSUM>
            </INSTANCE>
           </INSTANCES>
          </INFO>
         </ITEM>
        </FILE>
        <FILE link="Lib/Science/Mechanics/KlassMech/Tatarinov.zip">
         <LOCATION>
          <URL>Lib/Science/Mechanics/KlassMech/Tatarinov.zip</URL>
          <SIZE>10.6</SIZE>
          <CHECKSUM>0</CHECKSUM>
          <TYPE>zip</TYPE>
         </LOCATION>
         <ITEM>
          <INFO>
           <CATEGORIES>
            <CATEGORY>Lib/Science/Mechanics/KlassMech</CATEGORY>
           </CATEGORIES>
           <DESCRIPTION>Лекции по классической динамике (Татаринов)</DESCRIPTION>
           <AUTHORS>
            <AUTHOR>
             <FULLNAME>Татаринов</FULLNAME>
             <LASTNAME>Татаринов</LASTNAME>
             <FIRSTNAME></FIRSTNAME>
            </AUTHOR>
           </AUTHORS>
           <TITLE>Лекции по классической динамике</TITLE>
           <INSTANCES>
            <INSTANCE>
             <FORMAT>pdf</FORMAT>
             <SIZE>0</SIZE>
             <CHECKSUM>0</CHECKSUM>
            </INSTANCE>
           </INSTANCES>
          </INFO>
         </ITEM>
        </FILE>
       </FILELIST>
      </DIR>
      <DIR link="Lib/Science/Mechanics/Kolebaniya">
       <LOCATION>
        <URL>Lib/Science/Mechanics/Kolebaniya</URL>
        <SIZE>172.5</SIZE>
       </LOCATION>
       <FILELIST category="Lib/Science/Mechanics/Kolebaniya">
        <INFO>
         <DESCRIPTION>Колебания</DESCRIPTION>
         <TITLE>Колебания</TITLE>
         <DEFAULTFORMAT>pdf</DEFAULTFORMAT>
        </INFO>
        <FILE link="Lib/Science/Mechanics/Kolebaniya/Andronov.zip">
         <LOCATION>
          <URL>Lib/Science/Mechanics/Kolebaniya/Andronov.zip</URL>
          <SIZE>40.2</SIZE>
          <CHECKSUM>0</CHECKSUM>
          <TYPE>zip</TYPE>
         </LOCATION>
         <ITEM>
          <INFO>
           <CATEGORIES>
            <CATEGORY>Lib/Science/Mechanics/Kolebaniya</CATEGORY>
           </CATEGORIES>
           <DESCRIPTION>Теория Колебаний (Андронов,Витт,Хайкин)</DESCRIPTION>
           <AUTHORS>
            <AUTHOR>
             <FULLNAME>Андронов</FULLNAME>
             <LASTNAME>Андронов</LASTNAME>
             <FIRSTNAME></FIRSTNAME>
            </AUTHOR>
            <AUTHOR>
             <FULLNAME>Витт</FULLNAME>
             <LASTNAME>Витт</LASTNAME>
             <FIRSTNAME></FIRSTNAME>
            </AUTHOR>
            <AUTHOR>
             <FULLNAME>Хайкин</FULLNAME>
             <LASTNAME>Хайкин</LASTNAME>
             <FIRSTNAME></FIRSTNAME>
            </AUTHOR>
           </AUTHORS>
           <TITLE>Теория Колебаний</TITLE>
           <INSTANCES>
            <INSTANCE>
             <FORMAT>pdf</FORMAT>
             <SIZE>0</SIZE>
             <CHECKSUM>0</CHECKSUM>
            </INSTANCE>
           </INSTANCES>
          </INFO>
         </ITEM>
        </FILE>
        <FILE link="Lib/Science/Mechanics/Kolebaniya/Bogolyubov.zip">
         <LOCATION>
          <URL>Lib/Science/Mechanics/Kolebaniya/Bogolyubov.zip</URL>
          <SIZE>15.9</SIZE>
          <CHECKSUM>0</CHECKSUM>
          <TYPE>zip</TYPE>
         </LOCATION>
         <ITEM>
          <INFO>
           <CATEGORIES>
            <CATEGORY>Lib/Science/Mechanics/Kolebaniya</CATEGORY>
           </CATEGORIES>
           <DESCRIPTION>Ассимптотические Методы в Теории Нелинейных Колебаний (Боголюбов,Митропольский)</DESCRIPTION>
           <AUTHORS>
            <AUTHOR>
             <FULLNAME>Боголюбов</FULLNAME>
             <LASTNAME>Боголюбов</LASTNAME>
             <FIRSTNAME></FIRSTNAME>
            </AUTHOR>
            <AUTHOR>
             <FULLNAME>Митропольский</FULLNAME>
             <LASTNAME>Митропольский</LASTNAME>
             <FIRSTNAME></FIRSTNAME>
            </AUTHOR>
           </AUTHORS>
           <TITLE>Ассимптотические Методы в Теории Нелинейных Колебаний</TITLE>
           <INSTANCES>
            <INSTANCE>
             <FORMAT>pdf</FORMAT>
             <SIZE>0</SIZE>
             <CHECKSUM>0</CHECKSUM>
            </INSTANCE>
           </INSTANCES>
          </INFO>
         </ITEM>
        </FILE>
        <FILE link="Lib/Science/Mechanics/Kolebaniya/Jackalya.zip">
         <LOCATION>
          <URL>Lib/Science/Mechanics/Kolebaniya/Jackalya.zip</URL>
          <SIZE>13</SIZE>
          <CHECKSUM>0</CHECKSUM>
          <TYPE>zip</TYPE>
         </LOCATION>
         <ITEM>
          <INFO>
           <CATEGORIES>
            <CATEGORY>Lib/Science/Mechanics/Kolebaniya</CATEGORY>
           </CATEGORIES>
           <DESCRIPTION>Методы Теории Возмущений для Нелинейных Систем (Джакалья)</DESCRIPTION>
           <AUTHORS>
            <AUTHOR>
             <FULLNAME>Джакалья</FULLNAME>
             <LASTNAME>Джакалья</LASTNAME>
             <FIRSTNAME></FIRSTNAME>
            </AUTHOR>
           </AUTHORS>
           <TITLE>Методы Теории Возмущений для Нелинейных Систем</TITLE>
           <INSTANCES>
            <INSTANCE>
             <FORMAT>pdf</FORMAT>
             <SIZE>0</SIZE>
             <CHECKSUM>0</CHECKSUM>
            </INSTANCE>
           </INSTANCES>
          </INFO>
         </ITEM>
        </FILE>
        <FILE link="Lib/Science/Mechanics/Kolebaniya/Manguz.zip">
         <LOCATION>
          <URL>Lib/Science/Mechanics/Kolebaniya/Manguz.zip</URL>
          <SIZE>19.7</SIZE>
          <CHECKSUM>0</CHECKSUM>
          <TYPE>zip</TYPE>
         </LOCATION>
         <ITEM>
          <INFO>
           <CATEGORIES>
            <CATEGORY>Lib/Science/Mechanics/Kolebaniya</CATEGORY>
           </CATEGORIES>
           <DESCRIPTION>Колебания (Мангус)</DESCRIPTION>
           <AUTHORS>
            <AUTHOR>
             <FULLNAME>Мангус</FULLNAME>
             <LASTNAME>Мангус</LASTNAME>
             <FIRSTNAME></FIRSTNAME>
            </AUTHOR>
           </AUTHORS>
           <TITLE>Колебания</TITLE>
           <INSTANCES>
            <INSTANCE>
             <FORMAT>pdf</FORMAT>
             <SIZE>0</SIZE>
             <CHECKSUM>0</CHECKSUM>
            </INSTANCE>
           </INSTANCES>
          </INFO>
         </ITEM>
        </FILE>
        <FILE link="Lib/Science/Mechanics/Kolebaniya/Markeev.zip">
         <LOCATION>
          <URL>Lib/Science/Mechanics/Kolebaniya/Markeev.zip</URL>
          <SIZE>13.4</SIZE>
          <CHECKSUM>0</CHECKSUM>
          <TYPE>zip</TYPE>
         </LOCATION>
         <ITEM>
          <INFO>
           <CATEGORIES>
            <CATEGORY>Lib/Science/Mechanics/Kolebaniya</CATEGORY>
           </CATEGORIES>
           <DESCRIPTION>Точки Либрации в Небесной Механике и Космодинамике (Маркеев)</DESCRIPTION>
           <AUTHORS>
            <AUTHOR>
             <FULLNAME>Маркеев</FULLNAME>
             <LASTNAME>Маркеев</LASTNAME>
             <FIRSTNAME></FIRSTNAME>
            </AUTHOR>
           </AUTHORS>
           <TITLE>Точки Либрации в Небесной Механике и Космодинамике</TITLE>
           <INSTANCES>
            <INSTANCE>
             <FORMAT>pdf</FORMAT>
             <SIZE>0</SIZE>
             <CHECKSUM>0</CHECKSUM>
            </INSTANCE>
           </INSTANCES>
          </INFO>
         </ITEM>
        </FILE>
        <FILE link="Lib/Science/Mechanics/Kolebaniya/Marsden.zip">
         <LOCATION>
          <URL>Lib/Science/Mechanics/Kolebaniya/Marsden.zip</URL>
          <SIZE>15</SIZE>
          <CHECKSUM>0</CHECKSUM>
          <TYPE>zip</TYPE>
         </LOCATION>
         <ITEM>
          <INFO>
           <CATEGORIES>
            <CATEGORY>Lib/Science/Mechanics/Kolebaniya</CATEGORY>
           </CATEGORIES>
           <DESCRIPTION>Бифуркация Рождения Цикла и Ее Приложения (Марсден,Мак-Кракен)</DESCRIPTION>
           <AUTHORS>
            <AUTHOR>
             <FULLNAME>Марсден</FULLNAME>
             <LASTNAME>Марсден</LASTNAME>
             <FIRSTNAME></FIRSTNAME>
            </AUTHOR>
            <AUTHOR>
             <FULLNAME>Мак-Кракен</FULLNAME>
             <LASTNAME>Мак-Кракен</LASTNAME>
             <FIRSTNAME></FIRSTNAME>
            </AUTHOR>
           </AUTHORS>
           <TITLE>Бифуркация Рождения Цикла и Ее Приложения</TITLE>
           <INSTANCES>
            <INSTANCE>
             <FORMAT>pdf</FORMAT>
             <SIZE>0</SIZE>
             <CHECKSUM>0</CHECKSUM>
            </INSTANCE>
           </INSTANCES>
          </INFO>
         </ITEM>
        </FILE>
        <FILE link="Lib/Science/Mechanics/Kolebaniya/Mitropolski.zip">
         <LOCATION>
          <URL>Lib/Science/Mechanics/Kolebaniya/Mitropolski.zip</URL>
          <SIZE>15.9</SIZE>
          <CHECKSUM>0</CHECKSUM>
          <TYPE>zip</TYPE>
         </LOCATION>
         <ITEM>
          <INFO>
           <CATEGORIES>
            <CATEGORY>Lib/Science/Mechanics/Kolebaniya</CATEGORY>
           </CATEGORIES>
           <DESCRIPTION>Ассимптотические Методы в Теории Нелинейных Колебаний (Боголюбов,Митропольский)</DESCRIPTION>
           <AUTHORS>
            <AUTHOR>
             <FULLNAME>Боголюбов</FULLNAME>
             <LASTNAME>Боголюбов</LASTNAME>
             <FIRSTNAME></FIRSTNAME>
            </AUTHOR>
            <AUTHOR>
             <FULLNAME>Митропольский</FULLNAME>
             <LASTNAME>Митропольский</LASTNAME>
             <FIRSTNAME></FIRSTNAME>
            </AUTHOR>
           </AUTHORS>
           <TITLE>Ассимптотические Методы в Теории Нелинейных Колебаний</TITLE>
           <INSTANCES>
            <INSTANCE>
             <FORMAT>pdf</FORMAT>
             <SIZE>0</SIZE>
             <CHECKSUM>0</CHECKSUM>
            </INSTANCE>
           </INSTANCES>
          </INFO>
         </ITEM>
        </FILE>
        <FILE link="Lib/Science/Mechanics/Kolebaniya/Panovko.zip">
         <LOCATION>
          <URL>Lib/Science/Mechanics/Kolebaniya/Panovko.zip</URL>
          <SIZE>9.2</SIZE>
          <CHECKSUM>0</CHECKSUM>
          <TYPE>zip</TYPE>
         </LOCATION>
         <ITEM>
          <INFO>
           <CATEGORIES>
            <CATEGORY>Lib/Science/Mechanics/Kolebaniya</CATEGORY>
           </CATEGORIES>
           <DESCRIPTION>Введение в Теорию Механических Колебаний (Пановко)</DESCRIPTION>
           <AUTHORS>
            <AUTHOR>
             <FULLNAME>Пановко</FULLNAME>
             <LASTNAME>Пановко</LASTNAME>
             <FIRSTNAME></FIRSTNAME>
            </AUTHOR>
           </AUTHORS>
           <TITLE>Введение в Теорию Механических Колебаний</TITLE>
           <INSTANCES>
            <INSTANCE>
             <FORMAT>pdf</FORMAT>
             <SIZE>0</SIZE>
             <CHECKSUM>0</CHECKSUM>
            </INSTANCE>
           </INSTANCES>
          </INFO>
         </ITEM>
        </FILE>
        <FILE link="Lib/Science/Mechanics/Kolebaniya/Starjinskiy.zip">
         <LOCATION>
          <URL>Lib/Science/Mechanics/Kolebaniya/Starjinskiy.zip</URL>
          <SIZE>10.1</SIZE>
          <CHECKSUM>0</CHECKSUM>
          <TYPE>zip</TYPE>
         </LOCATION>
         <ITEM>
          <INFO>
           <CATEGORIES>
            <CATEGORY>Lib/Science/Mechanics/Kolebaniya</CATEGORY>
           </CATEGORIES>
           <DESCRIPTION>Прикладные Методы Нелинейных Колебаний (Старжинский)</DESCRIPTION>
           <AUTHORS>
            <AUTHOR>
             <FULLNAME>Старжинский</FULLNAME>
             <LASTNAME>Старжинский</LASTNAME>
             <FIRSTNAME></FIRSTNAME>
            </AUTHOR>
           </AUTHORS>
           <TITLE>Прикладные Методы Нелинейных Колебаний</TITLE>
           <INSTANCES>
            <INSTANCE>
             <FORMAT>pdf</FORMAT>
             <SIZE>0</SIZE>
             <CHECKSUM>0</CHECKSUM>
            </INSTANCE>
           </INSTANCES>
          </INFO>
         </ITEM>
        </FILE>
        <FILE link="Lib/Science/Mechanics/Kolebaniya/Timoshenko.zip">
         <LOCATION>
          <URL>Lib/Science/Mechanics/Kolebaniya/Timoshenko.zip</URL>
          <SIZE>20.2</SIZE>
          <CHECKSUM>0</CHECKSUM>
          <TYPE>zip</TYPE>
         </LOCATION>
         <ITEM>
          <INFO>
           <CATEGORIES>
            <CATEGORY>Lib/Science/Mechanics/Kolebaniya</CATEGORY>
           </CATEGORIES>
           <DESCRIPTION>Колебания в Инженерном Деле (Тимошенко,Янг,Уивер)</DESCRIPTION>
           <AUTHORS>
            <AUTHOR>
             <FULLNAME>Тимошенко</FULLNAME>
             <LASTNAME>Тимошенко</LASTNAME>
             <FIRSTNAME></FIRSTNAME>
            </AUTHOR>
            <AUTHOR>
             <FULLNAME>Янг</FULLNAME>
             <LASTNAME>Янг</LASTNAME>
             <FIRSTNAME></FIRSTNAME>
            </AUTHOR>
            <AUTHOR>
             <FULLNAME>Уивер</FULLNAME>
             <LASTNAME>Уивер</LASTNAME>
             <FIRSTNAME></FIRSTNAME>
            </AUTHOR>
           </AUTHORS>
           <TITLE>Колебания в Инженерном Деле</TITLE>
           <INSTANCES>
            <INSTANCE>
             <FORMAT>pdf</FORMAT>
             <SIZE>0</SIZE>
             <CHECKSUM>0</CHECKSUM>
            </INSTANCE>
           </INSTANCES>
          </INFO>
         </ITEM>
        </FILE>
       </FILELIST>
      </DIR>
      <DIR link="Lib/Science/Mechanics/Lee">
       <LOCATION>
        <URL>Lib/Science/Mechanics/Lee</URL>
        <SIZE>39.6</SIZE>
       </LOCATION>
       <FILELIST category="Lib/Science/Mechanics/Lee">
        <INFO>
         <DESCRIPTION>Примение Алгебр Ли</DESCRIPTION>
         <TITLE>Примение Алгебр Ли</TITLE>
         <DEFAULTFORMAT>pdf</DEFAULTFORMAT>
        </INFO>
        <FILE link="Lib/Science/Mechanics/Lee/Borisov.zip">
         <LOCATION>
          <URL>Lib/Science/Mechanics/Lee/Borisov.zip</URL>
          <SIZE>39.6</SIZE>
          <CHECKSUM>0</CHECKSUM>
          <TYPE>zip</TYPE>
         </LOCATION>
         <ITEM>
          <INFO>
           <CATEGORIES>
            <CATEGORY>Lib/Science/Mechanics/Lee</CATEGORY>
           </CATEGORIES>
           <DESCRIPTION>Пуассоновы Структуры и Алгебры Ли в Гамильтоновой Механике (Борисов,Мамаев)</DESCRIPTION>
           <AUTHORS>
            <AUTHOR>
             <FULLNAME>Борисов</FULLNAME>
             <LASTNAME>Борисов</LASTNAME>
             <FIRSTNAME></FIRSTNAME>
            </AUTHOR>
            <AUTHOR>
             <FULLNAME>Мамаев</FULLNAME>
             <LASTNAME>Мамаев</LASTNAME>
             <FIRSTNAME></FIRSTNAME>
            </AUTHOR>
           </AUTHORS>
           <TITLE>Пуассоновы Структуры и Алгебры Ли в Гамильтоновой Механике</TITLE>
           <INSTANCES>
            <INSTANCE>
             <FORMAT>pdf</FORMAT>
             <SIZE>0</SIZE>
             <CHECKSUM>0</CHECKSUM>
            </INSTANCE>
           </INSTANCES>
          </INFO>
         </ITEM>
        </FILE>
       </FILELIST>
      </DIR>
      <DIR link="Lib/Science/Mechanics/mss">
       <LOCATION>
        <URL>Lib/Science/Mechanics/mss</URL>
        <SIZE>5.8</SIZE>
       </LOCATION>
       <FILELIST category="Lib/Science/Mechanics/mss">
        <INFO>
         <DESCRIPTION>Механика Сплошной Среды</DESCRIPTION>
         <TITLE>Механика Сплошной Среды</TITLE>
         <DEFAULTFORMAT>pdf</DEFAULTFORMAT>
        </INFO>
        <FILE link="Lib/Science/Mechanics/mss/lemtt.zip">
         <LOCATION>
          <URL>Lib/Science/Mechanics/mss/lemtt.zip</URL>
          <SIZE>2.2</SIZE>
          <CHECKSUM>0</CHECKSUM>
          <TYPE>zip</TYPE>
         </LOCATION>
         <ITEM>
          <INFO>
           <CATEGORIES>
            <CATEGORY>Lib/Science/Mechanics/mss</CATEGORY>
           </CATEGORIES>
           <DESCRIPTION>Механика Твердого Тела (Лекционный Эксперимент: Алешкевич)</DESCRIPTION>
           <AUTHORS>
            <AUTHOR>
             <FULLNAME>Лекционный Эксперимент: Алешкевич</FULLNAME>
             <LASTNAME>Алешкевич</LASTNAME>
             <FIRSTNAME>Лекционный</FIRSTNAME>
            </AUTHOR>
           </AUTHORS>
           <TITLE>Механика Твердого Тела</TITLE>
           <INSTANCES>
            <INSTANCE>
             <FORMAT>pdf</FORMAT>
             <SIZE>0</SIZE>
             <CHECKSUM>0</CHECKSUM>
            </INSTANCE>
           </INSTANCES>
          </INFO>
         </ITEM>
        </FILE>
        <FILE link="Lib/Science/Mechanics/mss/mss.zip">
         <LOCATION>
          <URL>Lib/Science/Mechanics/mss/mss.zip</URL>
          <SIZE>1.8</SIZE>
          <CHECKSUM>0</CHECKSUM>
          <TYPE>zip</TYPE>
         </LOCATION>
         <ITEM>
          <INFO>
           <CATEGORIES>
            <CATEGORY>Lib/Science/Mechanics/mss</CATEGORY>
           </CATEGORIES>
           <DESCRIPTION>Механика Твердого Тела (Лекции: Алешкевич)</DESCRIPTION>
           <AUTHORS>
            <AUTHOR>
             <FULLNAME>Лекции: Алешкевич</FULLNAME>
             <LASTNAME>Алешкевич</LASTNAME>
             <FIRSTNAME>Лекции:</FIRSTNAME>
            </AUTHOR>
           </AUTHORS>
           <TITLE>Механика Твердого Тела</TITLE>
           <INSTANCES>
            <INSTANCE>
             <FORMAT>pdf</FORMAT>
             <SIZE>0</SIZE>
             <CHECKSUM>0</CHECKSUM>
            </INSTANCE>
           </INSTANCES>
          </INFO>
         </ITEM>
        </FILE>
        <FILE link="Lib/Science/Mechanics/mss/mtt.zip">
         <LOCATION>
          <URL>Lib/Science/Mechanics/mss/mtt.zip</URL>
          <SIZE>1.9</SIZE>
          <CHECKSUM>0</CHECKSUM>
          <TYPE>zip</TYPE>
         </LOCATION>
         <ITEM>
          <INFO>
           <CATEGORIES>
            <CATEGORY>Lib/Science/Mechanics/mss</CATEGORY>
           </CATEGORIES>
           <DESCRIPTION>Механика Сплошных Сред (Лекции: Алешкевич)</DESCRIPTION>
           <AUTHORS>
            <AUTHOR>
             <FULLNAME>Лекции: Алешкевич</FULLNAME>
             <LASTNAME>Алешкевич</LASTNAME>
             <FIRSTNAME>Лекции:</FIRSTNAME>
            </AUTHOR>
           </AUTHORS>
           <TITLE>Механика Сплошных Сред</TITLE>
           <INSTANCES>
            <INSTANCE>
             <FORMAT>pdf</FORMAT>
             <SIZE>0</SIZE>
             <CHECKSUM>0</CHECKSUM>
            </INSTANCE>
           </INSTANCES>
          </INFO>
         </ITEM>
        </FILE>
       </FILELIST>
      </DIR>
      <DIR link="Lib/Science/Mechanics/Stability">
       <LOCATION>
        <URL>Lib/Science/Mechanics/Stability</URL>
        <SIZE>81</SIZE>
       </LOCATION>
       <FILELIST category="Lib/Science/Mechanics/Stability">
        <INFO>
         <DESCRIPTION>Теория Устойчивости</DESCRIPTION>
         <TITLE>Теория Устойчивости</TITLE>
         <DEFAULTFORMAT>pdf</DEFAULTFORMAT>
        </INFO>
        <FILE link="Lib/Science/Mechanics/Stability/Barabashin.zip">
         <LOCATION>
          <URL>Lib/Science/Mechanics/Stability/Barabashin.zip</URL>
          <SIZE>7.9</SIZE>
          <CHECKSUM>0</CHECKSUM>
          <TYPE>zip</TYPE>
         </LOCATION>
         <ITEM>
          <INFO>
           <CATEGORIES>
            <CATEGORY>Lib/Science/Mechanics/Stability</CATEGORY>
           </CATEGORIES>
           <DESCRIPTION>Введение в Теорию Устойчивости (Барабашин)</DESCRIPTION>
           <AUTHORS>
            <AUTHOR>
             <FULLNAME>Барабашин</FULLNAME>
             <LASTNAME>Барабашин</LASTNAME>
             <FIRSTNAME></FIRSTNAME>
            </AUTHOR>
           </AUTHORS>
           <TITLE>Введение в Теорию Устойчивости</TITLE>
           <INSTANCES>
            <INSTANCE>
             <FORMAT>pdf</FORMAT>
             <SIZE>0</SIZE>
             <CHECKSUM>0</CHECKSUM>
            </INSTANCE>
           </INSTANCES>
          </INFO>
         </ITEM>
        </FILE>
        <FILE link="Lib/Science/Mechanics/Stability/Chetaev.zip">
         <LOCATION>
          <URL>Lib/Science/Mechanics/Stability/Chetaev.zip</URL>
          <SIZE>7.7</SIZE>
          <CHECKSUM>0</CHECKSUM>
          <TYPE>zip</TYPE>
         </LOCATION>
         <ITEM>
          <INFO>
           <CATEGORIES>
            <CATEGORY>Lib/Science/Mechanics/Stability</CATEGORY>
           </CATEGORIES>
           <DESCRIPTION>Устойчивость Движения (Четаев)</DESCRIPTION>
           <AUTHORS>
            <AUTHOR>
             <FULLNAME>Четаев</FULLNAME>
             <LASTNAME>Четаев</LASTNAME>
             <FIRSTNAME></FIRSTNAME>
            </AUTHOR>
           </AUTHORS>
           <TITLE>Устойчивость Движения</TITLE>
           <INSTANCES>
            <INSTANCE>
             <FORMAT>pdf</FORMAT>
             <SIZE>0</SIZE>
             <CHECKSUM>0</CHECKSUM>
            </INSTANCE>
           </INSTANCES>
          </INFO>
         </ITEM>
        </FILE>
        <FILE link="Lib/Science/Mechanics/Stability/Demidovich.zip">
         <LOCATION>
          <URL>Lib/Science/Mechanics/Stability/Demidovich.zip</URL>
          <SIZE>14.9</SIZE>
          <CHECKSUM>0</CHECKSUM>
          <TYPE>zip</TYPE>
         </LOCATION>
         <ITEM>
          <INFO>
           <CATEGORIES>
            <CATEGORY>Lib/Science/Mechanics/Stability</CATEGORY>
           </CATEGORIES>
           <DESCRIPTION>Лекции по Математической Теории Устойчивости (Демидович)</DESCRIPTION>
           <AUTHORS>
            <AUTHOR>
             <FULLNAME>Демидович</FULLNAME>
             <LASTNAME>Демидович</LASTNAME>
             <FIRSTNAME></FIRSTNAME>
            </AUTHOR>
           </AUTHORS>
           <TITLE>Лекции по Математической Теории Устойчивости</TITLE>
           <INSTANCES>
            <INSTANCE>
             <FORMAT>pdf</FORMAT>
             <SIZE>0</SIZE>
             <CHECKSUM>0</CHECKSUM>
            </INSTANCE>
           </INSTANCES>
          </INFO>
         </ITEM>
        </FILE>
        <FILE link="Lib/Science/Mechanics/Stability/Iooss.zip">
         <LOCATION>
          <URL>Lib/Science/Mechanics/Stability/Iooss.zip</URL>
          <SIZE>9.9</SIZE>
          <CHECKSUM>0</CHECKSUM>
          <TYPE>zip</TYPE>
         </LOCATION>
         <ITEM>
          <INFO>
           <CATEGORIES>
            <CATEGORY>Lib/Science/Mechanics/Stability</CATEGORY>
           </CATEGORIES>
           <DESCRIPTION>Элементарная Теория Устойчивости и Бифуркаций (Йосс, Джозеф)</DESCRIPTION>
           <AUTHORS>
            <AUTHOR>
             <FULLNAME>Йосс</FULLNAME>
             <LASTNAME>Йосс</LASTNAME>
             <FIRSTNAME></FIRSTNAME>
            </AUTHOR>
            <AUTHOR>
             <FULLNAME>Джозеф</FULLNAME>
             <LASTNAME>Джозеф</LASTNAME>
             <FIRSTNAME></FIRSTNAME>
            </AUTHOR>
           </AUTHORS>
           <TITLE>Элементарная Теория Устойчивости и Бифуркаций</TITLE>
           <INSTANCES>
            <INSTANCE>
             <FORMAT>pdf</FORMAT>
             <SIZE>0</SIZE>
             <CHECKSUM>0</CHECKSUM>
            </INSTANCE>
           </INSTANCES>
          </INFO>
         </ITEM>
        </FILE>
        <FILE link="Lib/Science/Mechanics/Stability/Malkin.zip">
         <LOCATION>
          <URL>Lib/Science/Mechanics/Stability/Malkin.zip</URL>
          <SIZE>18.8</SIZE>
          <CHECKSUM>0</CHECKSUM>
          <TYPE>zip</TYPE>
         </LOCATION>
         <ITEM>
          <INFO>
           <CATEGORIES>
            <CATEGORY>Lib/Science/Mechanics/Stability</CATEGORY>
           </CATEGORIES>
           <DESCRIPTION>Теория Устойчивости Движения (Малкин)</DESCRIPTION>
           <AUTHORS>
            <AUTHOR>
             <FULLNAME>Малкин</FULLNAME>
             <LASTNAME>Малкин</LASTNAME>
             <FIRSTNAME></FIRSTNAME>
            </AUTHOR>
           </AUTHORS>
           <TITLE>Теория Устойчивости Движения</TITLE>
           <INSTANCES>
            <INSTANCE>
             <FORMAT>pdf</FORMAT>
             <SIZE>0</SIZE>
             <CHECKSUM>0</CHECKSUM>
            </INSTANCE>
           </INSTANCES>
          </INFO>
         </ITEM>
        </FILE>
        <FILE link="Lib/Science/Mechanics/Stability/Merkin.zip">
         <LOCATION>
          <URL>Lib/Science/Mechanics/Stability/Merkin.zip</URL>
          <SIZE>11.7</SIZE>
          <CHECKSUM>0</CHECKSUM>
          <TYPE>zip</TYPE>
         </LOCATION>
         <ITEM>
          <INFO>
           <CATEGORIES>
            <CATEGORY>Lib/Science/Mechanics/Stability</CATEGORY>
           </CATEGORIES>
           <DESCRIPTION>Введение в Теорию Устойчивости Движения (Меркин)</DESCRIPTION>
           <AUTHORS>
            <AUTHOR>
             <FULLNAME>Меркин</FULLNAME>
             <LASTNAME>Меркин</LASTNAME>
             <FIRSTNAME></FIRSTNAME>
            </AUTHOR>
           </AUTHORS>
           <TITLE>Введение в Теорию Устойчивости Движения</TITLE>
           <INSTANCES>
            <INSTANCE>
             <FORMAT>pdf</FORMAT>
             <SIZE>0</SIZE>
             <CHECKSUM>0</CHECKSUM>
            </INSTANCE>
           </INSTANCES>
          </INFO>
         </ITEM>
        </FILE>
        <FILE link="Lib/Science/Mechanics/Stability/Yoss.zip">
         <LOCATION>
          <URL>Lib/Science/Mechanics/Stability/Yoss.zip</URL>
          <SIZE>10</SIZE>
          <CHECKSUM>0</CHECKSUM>
          <TYPE>zip</TYPE>
         </LOCATION>
         <ITEM>
          <INFO>
           <CATEGORIES>
            <CATEGORY>Lib/Science/Mechanics/Stability</CATEGORY>
           </CATEGORIES>
           <DESCRIPTION>Элементарная Теория Устойчивости и Бифуркаций (Йосс,Джозеф)</DESCRIPTION>
           <AUTHORS>
            <AUTHOR>
             <FULLNAME>Йосс</FULLNAME>
             <LASTNAME>Йосс</LASTNAME>
             <FIRSTNAME></FIRSTNAME>
            </AUTHOR>
            <AUTHOR>
             <FULLNAME>Джозеф</FULLNAME>
             <LASTNAME>Джозеф</LASTNAME>
             <FIRSTNAME></FIRSTNAME>
            </AUTHOR>
           </AUTHORS>
           <TITLE>Элементарная Теория Устойчивости и Бифуркаций</TITLE>
           <INSTANCES>
            <INSTANCE>
             <FORMAT>pdf</FORMAT>
             <SIZE>0</SIZE>
             <CHECKSUM>0</CHECKSUM>
            </INSTANCE>
           </INSTANCES>
          </INFO>
         </ITEM>
        </FILE>
       </FILELIST>
      </DIR>
      <DIR link="Lib/Science/Mechanics/TeorMech">
       <LOCATION>
        <URL>Lib/Science/Mechanics/TeorMech</URL>
        <SIZE>231.6</SIZE>
       </LOCATION>
       <FILELIST category="Lib/Science/Mechanics/TeorMech">
        <INFO>
         <DESCRIPTION>Теоретическая Механика</DESCRIPTION>
         <TITLE>Теоретическая Механика</TITLE>
         <DEFAULTFORMAT>pdf</DEFAULTFORMAT>
        </INFO>
        <FILE link="Lib/Science/Mechanics/TeorMech/Appel1.zip">
         <LOCATION>
          <URL>Lib/Science/Mechanics/TeorMech/Appel1.zip</URL>
          <SIZE>20.1</SIZE>
          <CHECKSUM>0</CHECKSUM>
          <TYPE>zip</TYPE>
         </LOCATION>
         <ITEM>
          <INFO>
           <CATEGORIES>
            <CATEGORY>Lib/Science/Mechanics/TeorMech</CATEGORY>
           </CATEGORIES>
           <DESCRIPTION>Теоретическая механика т.1 (Аппель)</DESCRIPTION>
           <AUTHORS>
            <AUTHOR>
             <FULLNAME>Аппель</FULLNAME>
             <LASTNAME>Аппель</LASTNAME>
             <FIRSTNAME></FIRSTNAME>
            </AUTHOR>
           </AUTHORS>
           <TITLE>Теоретическая механика</TITLE>
           <INSTANCES>
            <INSTANCE>
             <FORMAT>pdf</FORMAT>
             <SIZE>0</SIZE>
             <CHECKSUM>0</CHECKSUM>
            </INSTANCE>
           </INSTANCES>
          </INFO>
         </ITEM>
        </FILE>
        <FILE link="Lib/Science/Mechanics/TeorMech/Appel2.zip">
         <LOCATION>
          <URL>Lib/Science/Mechanics/TeorMech/Appel2.zip</URL>
          <SIZE>19</SIZE>
          <CHECKSUM>0</CHECKSUM>
          <TYPE>zip</TYPE>
         </LOCATION>
         <ITEM>
          <INFO>
           <CATEGORIES>
            <CATEGORY>Lib/Science/Mechanics/TeorMech</CATEGORY>
           </CATEGORIES>
           <DESCRIPTION>Теоретическая механика т.2 (Аппель)</DESCRIPTION>
           <AUTHORS>
            <AUTHOR>
             <FULLNAME>Аппель</FULLNAME>
             <LASTNAME>Аппель</LASTNAME>
             <FIRSTNAME></FIRSTNAME>
            </AUTHOR>
           </AUTHORS>
           <TITLE>Теоретическая механика</TITLE>
           <INSTANCES>
            <INSTANCE>
             <FORMAT>pdf</FORMAT>
             <SIZE>0</SIZE>
             <CHECKSUM>0</CHECKSUM>
            </INSTANCE>
           </INSTANCES>
          </INFO>
         </ITEM>
        </FILE>
        <FILE link="Lib/Science/Mechanics/TeorMech/Lamb2.zip">
         <LOCATION>
          <URL>Lib/Science/Mechanics/TeorMech/Lamb2.zip</URL>
          <SIZE>12.9</SIZE>
          <CHECKSUM>0</CHECKSUM>
          <TYPE>zip</TYPE>
         </LOCATION>
         <ITEM>
          <INFO>
           <CATEGORIES>
            <CATEGORY>Lib/Science/Mechanics/TeorMech</CATEGORY>
           </CATEGORIES>
           <DESCRIPTION>Теоретическая механика т.2 (Ламб)</DESCRIPTION>
           <AUTHORS>
            <AUTHOR>
             <FULLNAME>Ламб</FULLNAME>
             <LASTNAME>Ламб</LASTNAME>
             <FIRSTNAME></FIRSTNAME>
            </AUTHOR>
           </AUTHORS>
           <TITLE>Теоретическая механика</TITLE>
           <INSTANCES>
            <INSTANCE>
             <FORMAT>pdf</FORMAT>
             <SIZE>0</SIZE>
             <CHECKSUM>0</CHECKSUM>
            </INSTANCE>
           </INSTANCES>
          </INFO>
         </ITEM>
        </FILE>
        <FILE link="Lib/Science/Mechanics/TeorMech/Lamb3.zip">
         <LOCATION>
          <URL>Lib/Science/Mechanics/TeorMech/Lamb3.zip</URL>
          <SIZE>11.5</SIZE>
          <CHECKSUM>0</CHECKSUM>
          <TYPE>zip</TYPE>
         </LOCATION>
         <ITEM>
          <INFO>
           <CATEGORIES>
            <CATEGORY>Lib/Science/Mechanics/TeorMech</CATEGORY>
           </CATEGORIES>
           <DESCRIPTION>Теоретическая механика т.3 (Ламб)</DESCRIPTION>
           <AUTHORS>
            <AUTHOR>
             <FULLNAME>Ламб</FULLNAME>
             <LASTNAME>Ламб</LASTNAME>
             <FIRSTNAME></FIRSTNAME>
            </AUTHOR>
           </AUTHORS>
           <TITLE>Теоретическая механика</TITLE>
           <INSTANCES>
            <INSTANCE>
             <FORMAT>pdf</FORMAT>
             <SIZE>0</SIZE>
             <CHECKSUM>0</CHECKSUM>
            </INSTANCE>
           </INSTANCES>
          </INFO>
         </ITEM>
        </FILE>
        <FILE link="Lib/Science/Mechanics/TeorMech/LeviChevita1.zip">
         <LOCATION>
          <URL>Lib/Science/Mechanics/TeorMech/LeviChevita1.zip</URL>
          <SIZE>22.1</SIZE>
          <CHECKSUM>0</CHECKSUM>
          <TYPE>zip</TYPE>
         </LOCATION>
         <ITEM>
          <INFO>
           <CATEGORIES>
            <CATEGORY>Lib/Science/Mechanics/TeorMech</CATEGORY>
           </CATEGORIES>
           <DESCRIPTION>Курс теоретической механики т. 1-1 (Леви-Чивита,Амальди)</DESCRIPTION>
           <AUTHORS>
            <AUTHOR>
             <FULLNAME>Леви-Чивита</FULLNAME>
             <LASTNAME>Леви-Чивита</LASTNAME>
             <FIRSTNAME></FIRSTNAME>
            </AUTHOR>
            <AUTHOR>
             <FULLNAME>Амальди</FULLNAME>
             <LASTNAME>Амальди</LASTNAME>
             <FIRSTNAME></FIRSTNAME>
            </AUTHOR>
           </AUTHORS>
           <TITLE>Курс теоретической механики т. 1-1</TITLE>
           <INSTANCES>
            <INSTANCE>
             <FORMAT>pdf</FORMAT>
             <SIZE>0</SIZE>
             <CHECKSUM>0</CHECKSUM>
            </INSTANCE>
           </INSTANCES>
          </INFO>
         </ITEM>
        </FILE>
        <FILE link="Lib/Science/Mechanics/TeorMech/LeviChevita2.zip">
         <LOCATION>
          <URL>Lib/Science/Mechanics/TeorMech/LeviChevita2.zip</URL>
          <SIZE>15.7</SIZE>
          <CHECKSUM>0</CHECKSUM>
          <TYPE>zip</TYPE>
         </LOCATION>
         <ITEM>
          <INFO>
           <CATEGORIES>
            <CATEGORY>Lib/Science/Mechanics/TeorMech</CATEGORY>
           </CATEGORIES>
           <DESCRIPTION>Курс теоретической механики т. 1-2 (Леви-Чивита,Амальди)</DESCRIPTION>
           <AUTHORS>
            <AUTHOR>
             <FULLNAME>Леви-Чивита</FULLNAME>
             <LASTNAME>Леви-Чивита</LASTNAME>
             <FIRSTNAME></FIRSTNAME>
            </AUTHOR>
            <AUTHOR>
             <FULLNAME>Амальди</FULLNAME>
             <LASTNAME>Амальди</LASTNAME>
             <FIRSTNAME></FIRSTNAME>
            </AUTHOR>
           </AUTHORS>
           <TITLE>Курс теоретической механики т. 1-2</TITLE>
           <INSTANCES>
            <INSTANCE>
             <FORMAT>pdf</FORMAT>
             <SIZE>0</SIZE>
             <CHECKSUM>0</CHECKSUM>
            </INSTANCE>
           </INSTANCES>
          </INFO>
         </ITEM>
        </FILE>
        <FILE link="Lib/Science/Mechanics/TeorMech/LeviChevita3.zip">
         <LOCATION>
          <URL>Lib/Science/Mechanics/TeorMech/LeviChevita3.zip</URL>
          <SIZE>20.1</SIZE>
          <CHECKSUM>0</CHECKSUM>
          <TYPE>zip</TYPE>
         </LOCATION>
         <ITEM>
          <INFO>
           <CATEGORIES>
            <CATEGORY>Lib/Science/Mechanics/TeorMech</CATEGORY>
           </CATEGORIES>
           <DESCRIPTION>Курс теоретической механики т. 2-1 (Леви-Чивита,Амальди)</DESCRIPTION>
           <AUTHORS>
            <AUTHOR>
             <FULLNAME>Леви-Чивита</FULLNAME>
             <LASTNAME>Леви-Чивита</LASTNAME>
             <FIRSTNAME></FIRSTNAME>
            </AUTHOR>
            <AUTHOR>
             <FULLNAME>Амальди</FULLNAME>
             <LASTNAME>Амальди</LASTNAME>
             <FIRSTNAME></FIRSTNAME>
            </AUTHOR>
           </AUTHORS>
           <TITLE>Курс теоретической механики т. 2-1</TITLE>
           <INSTANCES>
            <INSTANCE>
             <FORMAT>pdf</FORMAT>
             <SIZE>0</SIZE>
             <CHECKSUM>0</CHECKSUM>
            </INSTANCE>
           </INSTANCES>
          </INFO>
         </ITEM>
        </FILE>
        <FILE link="Lib/Science/Mechanics/TeorMech/LeviChevita4.zip">
         <LOCATION>
          <URL>Lib/Science/Mechanics/TeorMech/LeviChevita4.zip</URL>
          <SIZE>26.2</SIZE>
          <CHECKSUM>0</CHECKSUM>
          <TYPE>zip</TYPE>
         </LOCATION>
         <ITEM>
          <INFO>
           <CATEGORIES>
            <CATEGORY>Lib/Science/Mechanics/TeorMech</CATEGORY>
           </CATEGORIES>
           <DESCRIPTION>Курс теоретической механики т. 2-2 (Леви-Чивита,Амальди)</DESCRIPTION>
           <AUTHORS>
            <AUTHOR>
             <FULLNAME>Леви-Чивита</FULLNAME>
             <LASTNAME>Леви-Чивита</LASTNAME>
             <FIRSTNAME></FIRSTNAME>
            </AUTHOR>
            <AUTHOR>
             <FULLNAME>Амальди</FULLNAME>
             <LASTNAME>Амальди</LASTNAME>
             <FIRSTNAME></FIRSTNAME>
            </AUTHOR>
           </AUTHORS>
           <TITLE>Курс теоретической механики т. 2-2</TITLE>
           <INSTANCES>
            <INSTANCE>
             <FORMAT>pdf</FORMAT>
             <SIZE>0</SIZE>
             <CHECKSUM>0</CHECKSUM>
            </INSTANCE>
           </INSTANCES>
          </INFO>
         </ITEM>
        </FILE>
        <FILE link="Lib/Science/Mechanics/TeorMech/Markeev.zip">
         <LOCATION>
          <URL>Lib/Science/Mechanics/TeorMech/Markeev.zip</URL>
          <SIZE>30.6</SIZE>
          <CHECKSUM>0</CHECKSUM>
          <TYPE>zip</TYPE>
         </LOCATION>
         <ITEM>
          <INFO>
           <CATEGORIES>
            <CATEGORY>Lib/Science/Mechanics/TeorMech</CATEGORY>
           </CATEGORIES>
           <DESCRIPTION>Теоретическая механика (Маркеев)</DESCRIPTION>
           <AUTHORS>
            <AUTHOR>
             <FULLNAME>Маркеев</FULLNAME>
             <LASTNAME>Маркеев</LASTNAME>
             <FIRSTNAME></FIRSTNAME>
            </AUTHOR>
           </AUTHORS>
           <TITLE>Теоретическая механика</TITLE>
           <INSTANCES>
            <INSTANCE>
             <FORMAT>pdf</FORMAT>
             <SIZE>0</SIZE>
             <CHECKSUM>0</CHECKSUM>
            </INSTANCE>
           </INSTANCES>
          </INFO>
         </ITEM>
        </FILE>
        <FILE link="Lib/Science/Mechanics/TeorMech/Suslov.zip">
         <LOCATION>
          <URL>Lib/Science/Mechanics/TeorMech/Suslov.zip</URL>
          <SIZE>30.4</SIZE>
          <CHECKSUM>0</CHECKSUM>
          <TYPE>zip</TYPE>
         </LOCATION>
         <ITEM>
          <INFO>
           <CATEGORIES>
            <CATEGORY>Lib/Science/Mechanics/TeorMech</CATEGORY>
           </CATEGORIES>
           <DESCRIPTION>Теоретическая механика (Суслов)</DESCRIPTION>
           <AUTHORS>
            <AUTHOR>
             <FULLNAME>Суслов</FULLNAME>
             <LASTNAME>Суслов</LASTNAME>
             <FIRSTNAME></FIRSTNAME>
            </AUTHOR>
           </AUTHORS>
           <TITLE>Теоретическая механика</TITLE>
           <INSTANCES>
            <INSTANCE>
             <FORMAT>pdf</FORMAT>
             <SIZE>0</SIZE>
             <CHECKSUM>0</CHECKSUM>
            </INSTANCE>
           </INSTANCES>
          </INFO>
         </ITEM>
        </FILE>
        <FILE link="Lib/Science/Mechanics/TeorMech/ValePussen1.zip">
         <LOCATION>
          <URL>Lib/Science/Mechanics/TeorMech/ValePussen1.zip</URL>
          <SIZE>10.8</SIZE>
          <CHECKSUM>0</CHECKSUM>
          <TYPE>zip</TYPE>
         </LOCATION>
         <ITEM>
          <INFO>
           <CATEGORIES>
            <CATEGORY>Lib/Science/Mechanics/TeorMech</CATEGORY>
           </CATEGORIES>
           <DESCRIPTION>Лекции по теоретической механике т.1 (Де Ля Валле-Пуссен)</DESCRIPTION>
           <AUTHORS>
            <AUTHOR>
             <FULLNAME>Де Ля Валле-Пуссен</FULLNAME>
             <LASTNAME>Валле-Пуссен</LASTNAME>
             <FIRSTNAME>Де</FIRSTNAME>
            </AUTHOR>
           </AUTHORS>
           <TITLE>Лекции по теоретической механике</TITLE>
           <INSTANCES>
            <INSTANCE>
             <FORMAT>pdf</FORMAT>
             <SIZE>0</SIZE>
             <CHECKSUM>0</CHECKSUM>
            </INSTANCE>
           </INSTANCES>
          </INFO>
         </ITEM>
        </FILE>
        <FILE link="Lib/Science/Mechanics/TeorMech/ValePussen2.zip">
         <LOCATION>
          <URL>Lib/Science/Mechanics/TeorMech/ValePussen2.zip</URL>
          <SIZE>12</SIZE>
          <CHECKSUM>0</CHECKSUM>
          <TYPE>zip</TYPE>
         </LOCATION>
         <ITEM>
          <INFO>
           <CATEGORIES>
            <CATEGORY>Lib/Science/Mechanics/TeorMech</CATEGORY>
           </CATEGORIES>
           <DESCRIPTION>Лекции по теоретической механике т.2 (Де Ля Валле-Пуссен)</DESCRIPTION>
           <AUTHORS>
            <AUTHOR>
             <FULLNAME>Де Ля Валле-Пуссен</FULLNAME>
             <LASTNAME>Валле-Пуссен</LASTNAME>
             <FIRSTNAME>Де</FIRSTNAME>
            </AUTHOR>
           </AUTHORS>
           <TITLE>Лекции по теоретической механике</TITLE>
           <INSTANCES>
            <INSTANCE>
             <FORMAT>pdf</FORMAT>
             <SIZE>0</SIZE>
             <CHECKSUM>0</CHECKSUM>
            </INSTANCE>
           </INSTANCES>
          </INFO>
         </ITEM>
        </FILE>
       </FILELIST>
      </DIR>
      <DIR link="Lib/Science/Mechanics/VarMeth">
       <LOCATION>
        <URL>Lib/Science/Mechanics/VarMeth</URL>
        <SIZE>68.6</SIZE>
       </LOCATION>
       <FILELIST category="Lib/Science/Mechanics/VarMeth">
        <INFO>
         <DESCRIPTION>Вариационные Методы</DESCRIPTION>
         <TITLE>Вариационные Методы</TITLE>
         <DEFAULTFORMAT>pdf</DEFAULTFORMAT>
        </INFO>
        <FILE link="Lib/Science/Mechanics/VarMeth/Lacosh.zip">
         <LOCATION>
          <URL>Lib/Science/Mechanics/VarMeth/Lacosh.zip</URL>
          <SIZE>15.6</SIZE>
          <CHECKSUM>0</CHECKSUM>
          <TYPE>zip</TYPE>
         </LOCATION>
         <ITEM>
          <INFO>
           <CATEGORIES>
            <CATEGORY>Lib/Science/Mechanics/VarMeth</CATEGORY>
           </CATEGORIES>
           <DESCRIPTION>Вариационные принципы механики (Ланцош)</DESCRIPTION>
           <AUTHORS>
            <AUTHOR>
             <FULLNAME>Ланцош</FULLNAME>
             <LASTNAME>Ланцош</LASTNAME>
             <FIRSTNAME></FIRSTNAME>
            </AUTHOR>
           </AUTHORS>
           <TITLE>Вариационные принципы механики</TITLE>
           <INSTANCES>
            <INSTANCE>
             <FORMAT>pdf</FORMAT>
             <SIZE>0</SIZE>
             <CHECKSUM>0</CHECKSUM>
            </INSTANCE>
           </INSTANCES>
          </INFO>
         </ITEM>
        </FILE>
        <FILE link="Lib/Science/Mechanics/VarMeth/Polak.zip">
         <LOCATION>
          <URL>Lib/Science/Mechanics/VarMeth/Polak.zip</URL>
          <SIZE>52.9</SIZE>
          <CHECKSUM>0</CHECKSUM>
          <TYPE>zip</TYPE>
         </LOCATION>
         <ITEM>
          <INFO>
           <CATEGORIES>
            <CATEGORY>Lib/Science/Mechanics/VarMeth</CATEGORY>
           </CATEGORIES>
           <DESCRIPTION>Вариационные принципы механики (Полак)</DESCRIPTION>
           <AUTHORS>
            <AUTHOR>
             <FULLNAME>Полак</FULLNAME>
             <LASTNAME>Полак</LASTNAME>
             <FIRSTNAME></FIRSTNAME>
            </AUTHOR>
           </AUTHORS>
           <TITLE>Вариационные принципы механики</TITLE>
           <INSTANCES>
            <INSTANCE>
             <FORMAT>pdf</FORMAT>
             <SIZE>0</SIZE>
             <CHECKSUM>0</CHECKSUM>
            </INSTANCE>
           </INSTANCES>
          </INFO>
         </ITEM>
        </FILE>
       </FILELIST>
      </DIR>
     </FILELIST>
    </DIR>
    <DIR link="Lib/Science/Physics">
     <LOCATION>
      <URL>Lib/Science/Physics</URL>
      <SIZE>2729.8</SIZE>
     </LOCATION>
     <FILELIST category="Lib/Science/Physics">
      <INFO>
       <DESCRIPTION>Physics</DESCRIPTION>
       <TITLE>Physics</TITLE>
       <DEFAULTFORMAT>pdf</DEFAULTFORMAT>
      </INFO>
      <FILE link="Lib/Science/Physics/Dirak.zip">
       <LOCATION>
        <URL>Lib/Science/Physics/Dirak.zip</URL>
        <SIZE>4.8</SIZE>
        <CHECKSUM>0</CHECKSUM>
        <TYPE>zip</TYPE>
       </LOCATION>
       <ITEM>
        <INFO>
         <CATEGORIES>
          <CATEGORY>Lib/Science/Physics</CATEGORY>
         </CATEGORIES>
         <DESCRIPTION>Пути Физики (Дирак)</DESCRIPTION>
         <AUTHORS>
          <AUTHOR>
           <FULLNAME>Дирак</FULLNAME>
           <LASTNAME>Дирак</LASTNAME>
           <FIRSTNAME></FIRSTNAME>
          </AUTHOR>
         </AUTHORS>
         <TITLE>Пути Физики</TITLE>
         <INSTANCES>
          <INSTANCE>
           <FORMAT>pdf</FORMAT>
           <SIZE>0</SIZE>
           <CHECKSUM>0</CHECKSUM>
          </INSTANCE>
         </INSTANCES>
        </INFO>
       </ITEM>
      </FILE>
      <FILE link="Lib/Science/Physics/Halmosh.zip">
       <LOCATION>
        <URL>Lib/Science/Physics/Halmosh.zip</URL>
        <SIZE>13</SIZE>
        <CHECKSUM>0</CHECKSUM>
        <TYPE>zip</TYPE>
       </LOCATION>
       <ITEM>
        <INFO>
         <CATEGORIES>
          <CATEGORY>Lib/Science/Physics</CATEGORY>
         </CATEGORIES>
         <DESCRIPTION>Лекции по Эргодической Теории (Халмош)</DESCRIPTION>
         <AUTHORS>
          <AUTHOR>
           <FULLNAME>Халмош</FULLNAME>
           <LASTNAME>Халмош</LASTNAME>
           <FIRSTNAME></FIRSTNAME>
          </AUTHOR>
         </AUTHORS>
         <TITLE>Лекции по Эргодической Теории</TITLE>
         <INSTANCES>
          <INSTANCE>
           <FORMAT>pdf</FORMAT>
           <SIZE>0</SIZE>
           <CHECKSUM>0</CHECKSUM>
          </INSTANCE>
         </INSTANCES>
        </INFO>
       </ITEM>
      </FILE>
      <FILE link="Lib/Science/Physics/Karno.zip">
       <LOCATION>
        <URL>Lib/Science/Physics/Karno.zip</URL>
        <SIZE>0.2</SIZE>
        <CHECKSUM>0</CHECKSUM>
        <TYPE>zip</TYPE>
       </LOCATION>
       <ITEM>
        <INFO>
         <CATEGORIES>
          <CATEGORY>Lib/Science/Physics</CATEGORY>
         </CATEGORIES>
         <DESCRIPTION>Размышления о движущей силе огня и о машинах, способных развивать эту силу (Карно)</DESCRIPTION>
         <AUTHORS>
          <AUTHOR>
           <FULLNAME>Карно</FULLNAME>
           <LASTNAME>Карно</LASTNAME>
           <FIRSTNAME></FIRSTNAME>
          </AUTHOR>
         </AUTHORS>
         <TITLE>Размышления о движущей силе огня и о машинах, способных развивать эту силу</TITLE>
         <INSTANCES>
          <INSTANCE>
           <FORMAT>pdf</FORMAT>
           <SIZE>0</SIZE>
           <CHECKSUM>0</CHECKSUM>
          </INSTANCE>
         </INSTANCES>
        </INFO>
       </ITEM>
      </FILE>
      <FILE link="Lib/Science/Physics/Korneo.zip">
       <LOCATION>
        <URL>Lib/Science/Physics/Korneo.zip</URL>
        <SIZE>18.2</SIZE>
        <CHECKSUM>0</CHECKSUM>
        <TYPE>zip</TYPE>
       </LOCATION>
       <ITEM>
        <INFO>
         <CATEGORIES>
          <CATEGORY>Lib/Science/Physics</CATEGORY>
         </CATEGORIES>
         <DESCRIPTION>Эродическая Теория (КорнФельд,Синай,Фомин)</DESCRIPTION>
         <AUTHORS>
          <AUTHOR>
           <FULLNAME>КорнФельд</FULLNAME>
           <LASTNAME>КорнФельд</LASTNAME>
           <FIRSTNAME></FIRSTNAME>
          </AUTHOR>
          <AUTHOR>
           <FULLNAME>Синай</FULLNAME>
           <LASTNAME>Синай</LASTNAME>
           <FIRSTNAME></FIRSTNAME>
          </AUTHOR>
          <AUTHOR>
           <FULLNAME>Фомин</FULLNAME>
           <LASTNAME>Фомин</LASTNAME>
           <FIRSTNAME></FIRSTNAME>
          </AUTHOR>
         </AUTHORS>
         <TITLE>Эродическая Теория</TITLE>
         <INSTANCES>
          <INSTANCE>
           <FORMAT>pdf</FORMAT>
           <SIZE>0</SIZE>
           <CHECKSUM>0</CHECKSUM>
          </INSTANCE>
         </INSTANCES>
        </INFO>
       </ITEM>
      </FILE>
      <FILE link="Lib/Science/Physics/Levitov.zip">
       <LOCATION>
        <URL>Lib/Science/Physics/Levitov.zip</URL>
        <SIZE>2.7</SIZE>
        <CHECKSUM>0</CHECKSUM>
        <TYPE>zip</TYPE>
       </LOCATION>
       <ITEM>
        <INFO>
         <CATEGORIES>
          <CATEGORY>Lib/Science/Physics</CATEGORY>
         </CATEGORIES>
         <DESCRIPTION>Задачи по Теоретической Физике - Функция Грина, Диаграмная Техника (Левитов)</DESCRIPTION>
         <PUBLISHERS>
          <PUBLISHER>Задачи по Теоретической Физике</PUBLISHER>
         </PUBLISHERS>
         <AUTHORS>
          <AUTHOR>
           <FULLNAME>Левитов</FULLNAME>
           <LASTNAME>Левитов</LASTNAME>
           <FIRSTNAME></FIRSTNAME>
          </AUTHOR>
         </AUTHORS>
         <TITLE>Функция Грина, Диаграмная Техника</TITLE>
         <INSTANCES>
          <INSTANCE>
           <FORMAT>pdf</FORMAT>
           <SIZE>0</SIZE>
           <CHECKSUM>0</CHECKSUM>
          </INSTANCE>
         </INSTANCES>
        </INFO>
       </ITEM>
      </FILE>
      <FILE link="Lib/Science/Physics/Manifold.zip">
       <LOCATION>
        <URL>Lib/Science/Physics/Manifold.zip</URL>
        <SIZE>18.3</SIZE>
        <CHECKSUM>0</CHECKSUM>
        <TYPE>zip</TYPE>
       </LOCATION>
       <ITEM>
        <INFO>
         <CATEGORIES>
          <CATEGORY>Lib/Science/Physics</CATEGORY>
         </CATEGORIES>
         <DESCRIPTION>Analysis Manifolds and Physics (Choquet-Bruhat,Dewitt-Morette,Dillard-Bleick)</DESCRIPTION>
         <AUTHORS>
          <AUTHOR>
           <FULLNAME>Choquet-Bruhat</FULLNAME>
           <LASTNAME>Choquet-Bruhat</LASTNAME>
           <FIRSTNAME></FIRSTNAME>
          </AUTHOR>
          <AUTHOR>
           <FULLNAME>Dewitt-Morette</FULLNAME>
           <LASTNAME>Dewitt-Morette</LASTNAME>
           <FIRSTNAME></FIRSTNAME>
          </AUTHOR>
          <AUTHOR>
           <FULLNAME>Dillard-Bleick</FULLNAME>
           <LASTNAME>Dillard-Bleick</LASTNAME>
           <FIRSTNAME></FIRSTNAME>
          </AUTHOR>
         </AUTHORS>
         <TITLE>Analysis Manifolds and Physics</TITLE>
         <INSTANCES>
          <INSTANCE>
           <FORMAT>pdf</FORMAT>
           <SIZE>0</SIZE>
           <CHECKSUM>0</CHECKSUM>
          </INSTANCE>
         </INSTANCES>
        </INFO>
       </ITEM>
      </FILE>
      <FILE link="Lib/Science/Physics/Nayak.zip">
       <LOCATION>
        <URL>Lib/Science/Physics/Nayak.zip</URL>
        <SIZE>1.2</SIZE>
        <CHECKSUM>0</CHECKSUM>
        <TYPE>zip</TYPE>
       </LOCATION>
       <ITEM>
        <INFO>
         <CATEGORIES>
          <CATEGORY>Lib/Science/Physics</CATEGORY>
         </CATEGORIES>
         <DESCRIPTION>Many-Body Physics (Nayak)</DESCRIPTION>
         <AUTHORS>
          <AUTHOR>
           <FULLNAME>Nayak</FULLNAME>
           <LASTNAME>Nayak</LASTNAME>
           <FIRSTNAME></FIRSTNAME>
          </AUTHOR>
         </AUTHORS>
         <TITLE>Many-Body Physics</TITLE>
         <INSTANCES>
          <INSTANCE>
           <FORMAT>pdf</FORMAT>
           <SIZE>0</SIZE>
           <CHECKSUM>0</CHECKSUM>
          </INSTANCE>
         </INSTANCES>
        </INFO>
       </ITEM>
      </FILE>
      <FILE link="Lib/Science/Physics/Optics.zip">
       <LOCATION>
        <URL>Lib/Science/Physics/Optics.zip</URL>
        <SIZE>2.3</SIZE>
        <CHECKSUM>0</CHECKSUM>
        <TYPE>zip</TYPE>
       </LOCATION>
       <ITEM>
        <INFO>
         <CATEGORIES>
          <CATEGORY>Lib/Science/Physics</CATEGORY>
         </CATEGORIES>
         <DESCRIPTION>Оптика Когерентного Излучения (Короленко)</DESCRIPTION>
         <AUTHORS>
          <AUTHOR>
           <FULLNAME>Короленко</FULLNAME>
           <LASTNAME>Короленко</LASTNAME>
           <FIRSTNAME></FIRSTNAME>
          </AUTHOR>
         </AUTHORS>
         <TITLE>Оптика Когерентного Излучения</TITLE>
         <INSTANCES>
          <INSTANCE>
           <FORMAT>pdf</FORMAT>
           <SIZE>0</SIZE>
           <CHECKSUM>0</CHECKSUM>
          </INSTANCE>
         </INSTANCES>
        </INFO>
       </ITEM>
      </FILE>
      <FILE link="Lib/Science/Physics/PhysTech_Zad1.zip">
       <LOCATION>
        <URL>Lib/Science/Physics/PhysTech_Zad1.zip</URL>
        <SIZE>19.1</SIZE>
        <CHECKSUM>0</CHECKSUM>
        <TYPE>zip</TYPE>
       </LOCATION>
       <ITEM>
        <INFO>
         <CATEGORIES>
          <CATEGORY>Lib/Science/Physics</CATEGORY>
         </CATEGORIES>
         <DESCRIPTION>Сборник Задач по Общему Курсу Физики т. 1 (Заикин, Овчинкин, Прут)</DESCRIPTION>
         <AUTHORS>
          <AUTHOR>
           <FULLNAME>Заикин</FULLNAME>
           <LASTNAME>Заикин</LASTNAME>
           <FIRSTNAME></FIRSTNAME>
          </AUTHOR>
          <AUTHOR>
           <FULLNAME>Овчинкин</FULLNAME>
           <LASTNAME>Овчинкин</LASTNAME>
           <FIRSTNAME></FIRSTNAME>
          </AUTHOR>
          <AUTHOR>
           <FULLNAME>Прут</FULLNAME>
           <LASTNAME>Прут</LASTNAME>
           <FIRSTNAME></FIRSTNAME>
          </AUTHOR>
         </AUTHORS>
         <TITLE>Сборник Задач по Общему Курсу Физики</TITLE>
         <INSTANCES>
          <INSTANCE>
           <FORMAT>pdf</FORMAT>
           <SIZE>0</SIZE>
           <CHECKSUM>0</CHECKSUM>
          </INSTANCE>
         </INSTANCES>
        </INFO>
       </ITEM>
      </FILE>
      <FILE link="Lib/Science/Physics/PhysTech_Zad2.zip">
       <LOCATION>
        <URL>Lib/Science/Physics/PhysTech_Zad2.zip</URL>
        <SIZE>15.5</SIZE>
        <CHECKSUM>0</CHECKSUM>
        <TYPE>zip</TYPE>
       </LOCATION>
       <ITEM>
        <INFO>
         <CATEGORIES>
          <CATEGORY>Lib/Science/Physics</CATEGORY>
         </CATEGORIES>
         <DESCRIPTION>Сборник Задач по Общему Курсу Физики т. 2 (Заикин, Овчинкин, Прут)</DESCRIPTION>
         <AUTHORS>
          <AUTHOR>
           <FULLNAME>Заикин</FULLNAME>
           <LASTNAME>Заикин</LASTNAME>
           <FIRSTNAME></FIRSTNAME>
          </AUTHOR>
          <AUTHOR>
           <FULLNAME>Овчинкин</FULLNAME>
           <LASTNAME>Овчинкин</LASTNAME>
           <FIRSTNAME></FIRSTNAME>
          </AUTHOR>
          <AUTHOR>
           <FULLNAME>Прут</FULLNAME>
           <LASTNAME>Прут</LASTNAME>
           <FIRSTNAME></FIRSTNAME>
          </AUTHOR>
         </AUTHORS>
         <TITLE>Сборник Задач по Общему Курсу Физики</TITLE>
         <INSTANCES>
          <INSTANCE>
           <FORMAT>pdf</FORMAT>
           <SIZE>0</SIZE>
           <CHECKSUM>0</CHECKSUM>
          </INSTANCE>
         </INSTANCES>
        </INFO>
       </ITEM>
      </FILE>
      <FILE link="Lib/Science/Physics/SAVELEV_I.zip">
       <LOCATION>
        <URL>Lib/Science/Physics/SAVELEV_I.zip</URL>
        <SIZE>18.4</SIZE>
        <CHECKSUM>0</CHECKSUM>
        <TYPE>zip</TYPE>
       </LOCATION>
       <ITEM>
        <INFO>
         <CATEGORIES>
          <CATEGORY>Lib/Science/Physics</CATEGORY>
         </CATEGORIES>
         <DESCRIPTION>Курс Общей Физики т. 1 (Савельев)</DESCRIPTION>
         <AUTHORS>
          <AUTHOR>
           <FULLNAME>Савельев</FULLNAME>
           <LASTNAME>Савельев</LASTNAME>
           <FIRSTNAME></FIRSTNAME>
          </AUTHOR>
         </AUTHORS>
         <TITLE>Курс Общей Физики</TITLE>
         <INSTANCES>
          <INSTANCE>
           <FORMAT>pdf</FORMAT>
           <SIZE>0</SIZE>
           <CHECKSUM>0</CHECKSUM>
          </INSTANCE>
         </INSTANCES>
        </INFO>
       </ITEM>
      </FILE>
      <FILE link="Lib/Science/Physics/Savelev_II.zip">
       <LOCATION>
        <URL>Lib/Science/Physics/Savelev_II.zip</URL>
        <SIZE>15.7</SIZE>
        <CHECKSUM>0</CHECKSUM>
        <TYPE>zip</TYPE>
       </LOCATION>
       <ITEM>
        <INFO>
         <CATEGORIES>
          <CATEGORY>Lib/Science/Physics</CATEGORY>
         </CATEGORIES>
         <DESCRIPTION>Курс Общей Физики т. 2 (Савельев)</DESCRIPTION>
         <AUTHORS>
          <AUTHOR>
           <FULLNAME>Савельев</FULLNAME>
           <LASTNAME>Савельев</LASTNAME>
           <FIRSTNAME></FIRSTNAME>
          </AUTHOR>
         </AUTHORS>
         <TITLE>Курс Общей Физики</TITLE>
         <INSTANCES>
          <INSTANCE>
           <FORMAT>pdf</FORMAT>
           <SIZE>0</SIZE>
           <CHECKSUM>0</CHECKSUM>
          </INSTANCE>
         </INSTANCES>
        </INFO>
       </ITEM>
      </FILE>
      <FILE link="Lib/Science/Physics/SAVELEV_III.zip">
       <LOCATION>
        <URL>Lib/Science/Physics/SAVELEV_III.zip</URL>
        <SIZE>20.5</SIZE>
        <CHECKSUM>0</CHECKSUM>
        <TYPE>zip</TYPE>
       </LOCATION>
       <ITEM>
        <INFO>
         <CATEGORIES>
          <CATEGORY>Lib/Science/Physics</CATEGORY>
         </CATEGORIES>
         <DESCRIPTION>Курс Общей Физики т. 3 (Савельев)</DESCRIPTION>
         <AUTHORS>
          <AUTHOR>
           <FULLNAME>Савельев</FULLNAME>
           <LASTNAME>Савельев</LASTNAME>
           <FIRSTNAME></FIRSTNAME>
          </AUTHOR>
         </AUTHORS>
         <TITLE>Курс Общей Физики</TITLE>
         <INSTANCES>
          <INSTANCE>
           <FORMAT>pdf</FORMAT>
           <SIZE>0</SIZE>
           <CHECKSUM>0</CHECKSUM>
          </INSTANCE>
         </INSTANCES>
        </INFO>
       </ITEM>
      </FILE>
      <FILE link="Lib/Science/Physics/sena.zip">
       <LOCATION>
        <URL>Lib/Science/Physics/sena.zip</URL>
        <SIZE>11.2</SIZE>
        <CHECKSUM>0</CHECKSUM>
        <TYPE>zip</TYPE>
       </LOCATION>
       <ITEM>
        <INFO>
         <CATEGORIES>
          <CATEGORY>Lib/Science/Physics</CATEGORY>
         </CATEGORIES>
         <DESCRIPTION>Единицы Физических Величин и Их Размерности (Сена)</DESCRIPTION>
         <AUTHORS>
          <AUTHOR>
           <FULLNAME>Сена</FULLNAME>
           <LASTNAME>Сена</LASTNAME>
           <FIRSTNAME></FIRSTNAME>
          </AUTHOR>
         </AUTHORS>
         <TITLE>Единицы Физических Величин и Их Размерности</TITLE>
         <INSTANCES>
          <INSTANCE>
           <FORMAT>pdf</FORMAT>
           <SIZE>0</SIZE>
           <CHECKSUM>0</CHECKSUM>
          </INSTANCE>
         </INSTANCES>
        </INFO>
       </ITEM>
      </FILE>
      <FILE link="Lib/Science/Physics/Shuster.zip">
       <LOCATION>
        <URL>Lib/Science/Physics/Shuster.zip</URL>
        <SIZE>39</SIZE>
        <CHECKSUM>0</CHECKSUM>
        <TYPE>zip</TYPE>
       </LOCATION>
       <ITEM>
        <INFO>
         <CATEGORIES>
          <CATEGORY>Lib/Science/Physics</CATEGORY>
         </CATEGORIES>
         <DESCRIPTION>Детерминированный Хаос (Шустер)</DESCRIPTION>
         <AUTHORS>
          <AUTHOR>
           <FULLNAME>Шустер</FULLNAME>
           <LASTNAME>Шустер</LASTNAME>
           <FIRSTNAME></FIRSTNAME>
          </AUTHOR>
         </AUTHORS>
         <TITLE>Детерминированный Хаос</TITLE>
         <INSTANCES>
          <INSTANCE>
           <FORMAT>pdf</FORMAT>
           <SIZE>0</SIZE>
           <CHECKSUM>0</CHECKSUM>
          </INSTANCE>
         </INSTANCES>
        </INFO>
       </ITEM>
      </FILE>
      <FILE link="Lib/Science/Physics/Zagoskin.zip">
       <LOCATION>
        <URL>Lib/Science/Physics/Zagoskin.zip</URL>
        <SIZE>12.1</SIZE>
        <CHECKSUM>0</CHECKSUM>
        <TYPE>zip</TYPE>
       </LOCATION>
       <ITEM>
        <INFO>
         <CATEGORIES>
          <CATEGORY>Lib/Science/Physics</CATEGORY>
         </CATEGORIES>
         <DESCRIPTION>Quantum Theory of Many-Body Systems (Zagoskin)</DESCRIPTION>
         <AUTHORS>
          <AUTHOR>
           <FULLNAME>Zagoskin</FULLNAME>
           <LASTNAME>Zagoskin</LASTNAME>
           <FIRSTNAME></FIRSTNAME>
          </AUTHOR>
         </AUTHORS>
         <TITLE>Quantum Theory of Many-Body Systems</TITLE>
         <INSTANCES>
          <INSTANCE>
           <FORMAT>pdf</FORMAT>
           <SIZE>0</SIZE>
           <CHECKSUM>0</CHECKSUM>
          </INSTANCE>
         </INSTANCES>
        </INFO>
       </ITEM>
      </FILE>
      <FILE link="Lib/Science/Physics/Zaslavski_I.zip">
       <LOCATION>
        <URL>Lib/Science/Physics/Zaslavski_I.zip</URL>
        <SIZE>23.3</SIZE>
        <CHECKSUM>0</CHECKSUM>
        <TYPE>zip</TYPE>
       </LOCATION>
       <ITEM>
        <INFO>
         <CATEGORIES>
          <CATEGORY>Lib/Science/Physics</CATEGORY>
         </CATEGORIES>
         <DESCRIPTION>Введение в Нелинейную Физику: От Маятника До Турбулентности и Хаоса (Заславский, Сагдеев)</DESCRIPTION>
         <AUTHORS>
          <AUTHOR>
           <FULLNAME>Заславский</FULLNAME>
           <LASTNAME>Заславский</LASTNAME>
           <FIRSTNAME></FIRSTNAME>
          </AUTHOR>
          <AUTHOR>
           <FULLNAME>Сагдеев</FULLNAME>
           <LASTNAME>Сагдеев</LASTNAME>
           <FIRSTNAME></FIRSTNAME>
          </AUTHOR>
         </AUTHORS>
         <TITLE>Введение в Нелинейную Физику: От Маятника До Турбулентности и Хаоса</TITLE>
         <INSTANCES>
          <INSTANCE>
           <FORMAT>pdf</FORMAT>
           <SIZE>0</SIZE>
           <CHECKSUM>0</CHECKSUM>
          </INSTANCE>
         </INSTANCES>
        </INFO>
       </ITEM>
      </FILE>
      <DIR link="Lib/Science/Physics/Berkly">
       <LOCATION>
        <URL>Lib/Science/Physics/Berkly</URL>
        <SIZE>118.4</SIZE>
       </LOCATION>
       <FILELIST category="Lib/Science/Physics/Berkly">
        <INFO>
         <DESCRIPTION>Книги Беркли</DESCRIPTION>
         <TITLE>Книги Беркли</TITLE>
         <DEFAULTFORMAT>pdf</DEFAULTFORMAT>
        </INFO>
        <FILE link="Lib/Science/Physics/Berkly/Berkli_I.zip">
         <LOCATION>
          <URL>Lib/Science/Physics/Berkly/Berkli_I.zip</URL>
          <SIZE>22.4</SIZE>
          <CHECKSUM>0</CHECKSUM>
          <TYPE>zip</TYPE>
         </LOCATION>
         <ITEM>
          <INFO>
           <CATEGORIES>
            <CATEGORY>Lib/Science/Physics/Berkly</CATEGORY>
           </CATEGORIES>
           <DESCRIPTION>Механика (Киттель, Наинт, Рудерман)</DESCRIPTION>
           <AUTHORS>
            <AUTHOR>
             <FULLNAME>Киттель</FULLNAME>
             <LASTNAME>Киттель</LASTNAME>
             <FIRSTNAME></FIRSTNAME>
            </AUTHOR>
            <AUTHOR>
             <FULLNAME>Наинт</FULLNAME>
             <LASTNAME>Наинт</LASTNAME>
             <FIRSTNAME></FIRSTNAME>
            </AUTHOR>
            <AUTHOR>
             <FULLNAME>Рудерман</FULLNAME>
             <LASTNAME>Рудерман</LASTNAME>
             <FIRSTNAME></FIRSTNAME>
            </AUTHOR>
           </AUTHORS>
           <TITLE>Механика</TITLE>
           <INSTANCES>
            <INSTANCE>
             <FORMAT>pdf</FORMAT>
             <SIZE>0</SIZE>
             <CHECKSUM>0</CHECKSUM>
            </INSTANCE>
           </INSTANCES>
          </INFO>
         </ITEM>
        </FILE>
        <FILE link="Lib/Science/Physics/Berkly/Berkli_II.zip">
         <LOCATION>
          <URL>Lib/Science/Physics/Berkly/Berkli_II.zip</URL>
          <SIZE>24.3</SIZE>
          <CHECKSUM>0</CHECKSUM>
          <TYPE>zip</TYPE>
         </LOCATION>
         <ITEM>
          <INFO>
           <CATEGORIES>
            <CATEGORY>Lib/Science/Physics/Berkly</CATEGORY>
           </CATEGORIES>
           <DESCRIPTION>Электричество и Магнетизм (Парселл)</DESCRIPTION>
           <AUTHORS>
            <AUTHOR>
             <FULLNAME>Парселл</FULLNAME>
             <LASTNAME>Парселл</LASTNAME>
             <FIRSTNAME></FIRSTNAME>
            </AUTHOR>
           </AUTHORS>
           <TITLE>Электричество и Магнетизм</TITLE>
           <INSTANCES>
            <INSTANCE>
             <FORMAT>pdf</FORMAT>
             <SIZE>0</SIZE>
             <CHECKSUM>0</CHECKSUM>
            </INSTANCE>
           </INSTANCES>
          </INFO>
         </ITEM>
        </FILE>
        <FILE link="Lib/Science/Physics/Berkly/Berkli_III.zip">
         <LOCATION>
          <URL>Lib/Science/Physics/Berkly/Berkli_III.zip</URL>
          <SIZE>29.3</SIZE>
          <CHECKSUM>0</CHECKSUM>
          <TYPE>zip</TYPE>
         </LOCATION>
         <ITEM>
          <INFO>
           <CATEGORIES>
            <CATEGORY>Lib/Science/Physics/Berkly</CATEGORY>
           </CATEGORIES>
           <DESCRIPTION>Волны (Крауфорд)</DESCRIPTION>
           <AUTHORS>
            <AUTHOR>
             <FULLNAME>Крауфорд</FULLNAME>
             <LASTNAME>Крауфорд</LASTNAME>
             <FIRSTNAME></FIRSTNAME>
            </AUTHOR>
           </AUTHORS>
           <TITLE>Волны</TITLE>
           <INSTANCES>
            <INSTANCE>
             <FORMAT>pdf</FORMAT>
             <SIZE>0</SIZE>
             <CHECKSUM>0</CHECKSUM>
            </INSTANCE>
           </INSTANCES>
          </INFO>
         </ITEM>
        </FILE>
        <FILE link="Lib/Science/Physics/Berkly/Berkli_IV.zip">
         <LOCATION>
          <URL>Lib/Science/Physics/Berkly/Berkli_IV.zip</URL>
          <SIZE>25.1</SIZE>
          <CHECKSUM>0</CHECKSUM>
          <TYPE>zip</TYPE>
         </LOCATION>
         <ITEM>
          <INFO>
           <CATEGORIES>
            <CATEGORY>Lib/Science/Physics/Berkly</CATEGORY>
           </CATEGORIES>
           <DESCRIPTION>Квантовая Физика (Вихман)</DESCRIPTION>
           <AUTHORS>
            <AUTHOR>
             <FULLNAME>Вихман</FULLNAME>
             <LASTNAME>Вихман</LASTNAME>
             <FIRSTNAME></FIRSTNAME>
            </AUTHOR>
           </AUTHORS>
           <TITLE>Квантовая Физика</TITLE>
           <INSTANCES>
            <INSTANCE>
             <FORMAT>pdf</FORMAT>
             <SIZE>0</SIZE>
             <CHECKSUM>0</CHECKSUM>
            </INSTANCE>
           </INSTANCES>
          </INFO>
         </ITEM>
        </FILE>
        <FILE link="Lib/Science/Physics/Berkly/Berkli_V.zip">
         <LOCATION>
          <URL>Lib/Science/Physics/Berkly/Berkli_V.zip</URL>
          <SIZE>17.2</SIZE>
          <CHECKSUM>0</CHECKSUM>
          <TYPE>zip</TYPE>
         </LOCATION>
         <ITEM>
          <INFO>
           <CATEGORIES>
            <CATEGORY>Lib/Science/Physics/Berkly</CATEGORY>
           </CATEGORIES>
           <DESCRIPTION>Статистическая Физика (Реиф)</DESCRIPTION>
           <AUTHORS>
            <AUTHOR>
             <FULLNAME>Реиф</FULLNAME>
             <LASTNAME>Реиф</LASTNAME>
             <FIRSTNAME></FIRSTNAME>
            </AUTHOR>
           </AUTHORS>
           <TITLE>Статистическая Физика</TITLE>
           <INSTANCES>
            <INSTANCE>
             <FORMAT>pdf</FORMAT>
             <SIZE>0</SIZE>
             <CHECKSUM>0</CHECKSUM>
            </INSTANCE>
           </INSTANCES>
          </INFO>
         </ITEM>
        </FILE>
       </FILELIST>
      </DIR>
      <DIR link="Lib/Science/Physics/Einstein">
       <LOCATION>
        <URL>Lib/Science/Physics/Einstein</URL>
        <SIZE>0.5</SIZE>
       </LOCATION>
       <FILELIST category="Lib/Science/Physics/Einstein">
        <INFO>
         <DESCRIPTION>Алберт Энстейн</DESCRIPTION>
         <TITLE>Алберт Энстейн</TITLE>
         <DEFAULTFORMAT>pdf</DEFAULTFORMAT>
        </INFO>
        <FILE link="Lib/Science/Physics/Einstein/Albert Einstein  Relativity.zip">
         <LOCATION>
          <URL>Lib/Science/Physics/Einstein/Albert Einstein  Relativity.zip</URL>
          <SIZE>0.2</SIZE>
          <CHECKSUM>0</CHECKSUM>
          <TYPE>zip</TYPE>
         </LOCATION>
         <ITEM>
          <INFO>
           <CATEGORIES>
            <CATEGORY>Lib/Science/Physics/Einstein</CATEGORY>
           </CATEGORIES>
           <DESCRIPTION>Relativity: The Special and General Theory (Einstein)</DESCRIPTION>
           <AUTHORS>
            <AUTHOR>
             <FULLNAME>Einstein</FULLNAME>
             <LASTNAME>Einstein</LASTNAME>
             <FIRSTNAME></FIRSTNAME>
            </AUTHOR>
           </AUTHORS>
           <TITLE>Relativity: The Special and General Theory</TITLE>
           <INSTANCES>
            <INSTANCE>
             <FORMAT>pdf</FORMAT>
             <SIZE>0</SIZE>
             <CHECKSUM>0</CHECKSUM>
            </INSTANCE>
           </INSTANCES>
          </INFO>
         </ITEM>
        </FILE>
        <FILE link="Lib/Science/Physics/Einstein/Albert Einstein - The World as I See it.zip">
         <LOCATION>
          <URL>Lib/Science/Physics/Einstein/Albert Einstein - The World as I See it.zip</URL>
          <SIZE>0.3</SIZE>
          <CHECKSUM>0</CHECKSUM>
          <TYPE>zip</TYPE>
         </LOCATION>
         <ITEM>
          <INFO>
           <CATEGORIES>
            <CATEGORY>Lib/Science/Physics/Einstein</CATEGORY>
           </CATEGORIES>
           <DESCRIPTION>The World As I See It (Einstein)</DESCRIPTION>
           <AUTHORS>
            <AUTHOR>
             <FULLNAME>Einstein</FULLNAME>
             <LASTNAME>Einstein</LASTNAME>
             <FIRSTNAME></FIRSTNAME>
            </AUTHOR>
           </AUTHORS>
           <TITLE>The World As I See It</TITLE>
           <INSTANCES>
            <INSTANCE>
             <FORMAT>pdf</FORMAT>
             <SIZE>0</SIZE>
             <CHECKSUM>0</CHECKSUM>
            </INSTANCE>
           </INSTANCES>
          </INFO>
         </ITEM>
        </FILE>
       </FILELIST>
      </DIR>
      <DIR link="Lib/Science/Physics/Feynman">
       <LOCATION>
        <URL>Lib/Science/Physics/Feynman</URL>
        <SIZE>127.6</SIZE>
       </LOCATION>
       <FILELIST category="Lib/Science/Physics/Feynman">
        <INFO>
         <DESCRIPTION>Фейнмановские Лекции По Физике № 1-10</DESCRIPTION>
         <TITLE>Фейнмановские Лекции По Физике № 1-10</TITLE>
         <DEFAULTFORMAT>pdf</DEFAULTFORMAT>
        </INFO>
        <FILE link="Lib/Science/Physics/Feynman/Feynman1.zip">
         <LOCATION>
          <URL>Lib/Science/Physics/Feynman/Feynman1.zip</URL>
          <SIZE>12.2</SIZE>
          <CHECKSUM>0</CHECKSUM>
          <TYPE>zip</TYPE>
         </LOCATION>
         <ITEM>
          <INFO>
           <CATEGORIES>
            <CATEGORY>Lib/Science/Physics/Feynman</CATEGORY>
           </CATEGORIES>
           <DESCRIPTION>Современная Наука о Природе. Законы Механики</DESCRIPTION>
           <TITLE>Современная Наука о Природе. Законы Механики</TITLE>
           <INSTANCES>
            <INSTANCE>
             <FORMAT>pdf</FORMAT>
             <SIZE>0</SIZE>
             <CHECKSUM>0</CHECKSUM>
            </INSTANCE>
           </INSTANCES>
          </INFO>
         </ITEM>
        </FILE>
        <FILE link="Lib/Science/Physics/Feynman/Feynman10.zip">
         <LOCATION>
          <URL>Lib/Science/Physics/Feynman/Feynman10.zip</URL>
          <SIZE>19.8</SIZE>
          <CHECKSUM>0</CHECKSUM>
          <TYPE>zip</TYPE>
         </LOCATION>
         <ITEM>
          <INFO>
           <CATEGORIES>
            <CATEGORY>Lib/Science/Physics/Feynman</CATEGORY>
           </CATEGORIES>
           <DESCRIPTION>Задачи и Упражнения с Ответами и Решениями</DESCRIPTION>
           <TITLE>Задачи и Упражнения с Ответами и Решениями</TITLE>
           <INSTANCES>
            <INSTANCE>
             <FORMAT>pdf</FORMAT>
             <SIZE>0</SIZE>
             <CHECKSUM>0</CHECKSUM>
            </INSTANCE>
           </INSTANCES>
          </INFO>
         </ITEM>
        </FILE>
        <FILE link="Lib/Science/Physics/Feynman/Feynman2.zip">
         <LOCATION>
          <URL>Lib/Science/Physics/Feynman/Feynman2.zip</URL>
          <SIZE>7.8</SIZE>
          <CHECKSUM>0</CHECKSUM>
          <TYPE>zip</TYPE>
         </LOCATION>
         <ITEM>
          <INFO>
           <CATEGORIES>
            <CATEGORY>Lib/Science/Physics/Feynman</CATEGORY>
           </CATEGORIES>
           <DESCRIPTION>Пространство. Время. Движение</DESCRIPTION>
           <TITLE>Пространство. Время. Движение</TITLE>
           <INSTANCES>
            <INSTANCE>
             <FORMAT>pdf</FORMAT>
             <SIZE>0</SIZE>
             <CHECKSUM>0</CHECKSUM>
            </INSTANCE>
           </INSTANCES>
          </INFO>
         </ITEM>
        </FILE>
        <FILE link="Lib/Science/Physics/Feynman/Feynman3.zip">
         <LOCATION>
          <URL>Lib/Science/Physics/Feynman/Feynman3.zip</URL>
          <SIZE>11.5</SIZE>
          <CHECKSUM>0</CHECKSUM>
          <TYPE>zip</TYPE>
         </LOCATION>
         <ITEM>
          <INFO>
           <CATEGORIES>
            <CATEGORY>Lib/Science/Physics/Feynman</CATEGORY>
           </CATEGORIES>
           <DESCRIPTION>Излучение. Волны. Кванты</DESCRIPTION>
           <TITLE>Излучение. Волны. Кванты</TITLE>
           <INSTANCES>
            <INSTANCE>
             <FORMAT>pdf</FORMAT>
             <SIZE>0</SIZE>
             <CHECKSUM>0</CHECKSUM>
            </INSTANCE>
           </INSTANCES>
          </INFO>
         </ITEM>
        </FILE>
        <FILE link="Lib/Science/Physics/Feynman/Feynman4.zip">
         <LOCATION>
          <URL>Lib/Science/Physics/Feynman/Feynman4.zip</URL>
          <SIZE>12.7</SIZE>
          <CHECKSUM>0</CHECKSUM>
          <TYPE>zip</TYPE>
         </LOCATION>
         <ITEM>
          <INFO>
           <CATEGORIES>
            <CATEGORY>Lib/Science/Physics/Feynman</CATEGORY>
           </CATEGORIES>
           <DESCRIPTION>Кинетика. Теплота. Звук</DESCRIPTION>
           <TITLE>Кинетика. Теплота. Звук</TITLE>
           <INSTANCES>
            <INSTANCE>
             <FORMAT>pdf</FORMAT>
             <SIZE>0</SIZE>
             <CHECKSUM>0</CHECKSUM>
            </INSTANCE>
           </INSTANCES>
          </INFO>
         </ITEM>
        </FILE>
        <FILE link="Lib/Science/Physics/Feynman/Feynman5.zip">
         <LOCATION>
          <URL>Lib/Science/Physics/Feynman/Feynman5.zip</URL>
          <SIZE>12.6</SIZE>
          <CHECKSUM>0</CHECKSUM>
          <TYPE>zip</TYPE>
         </LOCATION>
         <ITEM>
          <INFO>
           <CATEGORIES>
            <CATEGORY>Lib/Science/Physics/Feynman</CATEGORY>
           </CATEGORIES>
           <DESCRIPTION>Электричество и Магнетизм</DESCRIPTION>
           <TITLE>Электричество и Магнетизм</TITLE>
           <INSTANCES>
            <INSTANCE>
             <FORMAT>pdf</FORMAT>
             <SIZE>0</SIZE>
             <CHECKSUM>0</CHECKSUM>
            </INSTANCE>
           </INSTANCES>
          </INFO>
         </ITEM>
        </FILE>
        <FILE link="Lib/Science/Physics/Feynman/Feynman6.zip">
         <LOCATION>
          <URL>Lib/Science/Physics/Feynman/Feynman6.zip</URL>
          <SIZE>15</SIZE>
          <CHECKSUM>0</CHECKSUM>
          <TYPE>zip</TYPE>
         </LOCATION>
         <ITEM>
          <INFO>
           <CATEGORIES>
            <CATEGORY>Lib/Science/Physics/Feynman</CATEGORY>
           </CATEGORIES>
           <DESCRIPTION>Электродинамика</DESCRIPTION>
           <TITLE>Электродинамика</TITLE>
           <INSTANCES>
            <INSTANCE>
             <FORMAT>pdf</FORMAT>
             <SIZE>0</SIZE>
             <CHECKSUM>0</CHECKSUM>
            </INSTANCE>
           </INSTANCES>
          </INFO>
         </ITEM>
        </FILE>
        <FILE link="Lib/Science/Physics/Feynman/Feynman7.zip">
         <LOCATION>
          <URL>Lib/Science/Physics/Feynman/Feynman7.zip</URL>
          <SIZE>13.1</SIZE>
          <CHECKSUM>0</CHECKSUM>
          <TYPE>zip</TYPE>
         </LOCATION>
         <ITEM>
          <INFO>
           <CATEGORIES>
            <CATEGORY>Lib/Science/Physics/Feynman</CATEGORY>
           </CATEGORIES>
           <DESCRIPTION>Физика Сплошных Сред</DESCRIPTION>
           <TITLE>Физика Сплошных Сред</TITLE>
           <INSTANCES>
            <INSTANCE>
             <FORMAT>pdf</FORMAT>
             <SIZE>0</SIZE>
             <CHECKSUM>0</CHECKSUM>
            </INSTANCE>
           </INSTANCES>
          </INFO>
         </ITEM>
        </FILE>
        <FILE link="Lib/Science/Physics/Feynman/Feynman8.zip">
         <LOCATION>
          <URL>Lib/Science/Physics/Feynman/Feynman8.zip</URL>
          <SIZE>11.7</SIZE>
          <CHECKSUM>0</CHECKSUM>
          <TYPE>zip</TYPE>
         </LOCATION>
         <ITEM>
          <INFO>
           <CATEGORIES>
            <CATEGORY>Lib/Science/Physics/Feynman</CATEGORY>
           </CATEGORIES>
           <DESCRIPTION>Квантовая Механика 1</DESCRIPTION>
           <TITLE>Квантовая Механика 1</TITLE>
           <INSTANCES>
            <INSTANCE>
             <FORMAT>pdf</FORMAT>
             <SIZE>0</SIZE>
             <CHECKSUM>0</CHECKSUM>
            </INSTANCE>
           </INSTANCES>
          </INFO>
         </ITEM>
        </FILE>
        <FILE link="Lib/Science/Physics/Feynman/Feynman9.zip">
         <LOCATION>
          <URL>Lib/Science/Physics/Feynman/Feynman9.zip</URL>
          <SIZE>11.2</SIZE>
          <CHECKSUM>0</CHECKSUM>
          <TYPE>zip</TYPE>
         </LOCATION>
         <ITEM>
          <INFO>
           <CATEGORIES>
            <CATEGORY>Lib/Science/Physics/Feynman</CATEGORY>
           </CATEGORIES>
           <DESCRIPTION>Квантовая Механика 2</DESCRIPTION>
           <TITLE>Квантовая Механика 2</TITLE>
           <INSTANCES>
            <INSTANCE>
             <FORMAT>pdf</FORMAT>
             <SIZE>0</SIZE>
             <CHECKSUM>0</CHECKSUM>
            </INSTANCE>
           </INSTANCES>
          </INFO>
         </ITEM>
        </FILE>
       </FILELIST>
      </DIR>
      <DIR link="Lib/Science/Physics/Irodov">
       <LOCATION>
        <URL>Lib/Science/Physics/Irodov</URL>
        <SIZE>75.8</SIZE>
       </LOCATION>
       <FILELIST category="Lib/Science/Physics/Irodov">
        <INFO>
         <DESCRIPTION>Книги Иродова</DESCRIPTION>
         <TITLE>Книги Иродова</TITLE>
         <DEFAULTFORMAT>pdf</DEFAULTFORMAT>
        </INFO>
        <FILE link="Lib/Science/Physics/Irodov/Irodov.zip">
         <LOCATION>
          <URL>Lib/Science/Physics/Irodov/Irodov.zip</URL>
          <SIZE>16.2</SIZE>
          <CHECKSUM>0</CHECKSUM>
          <TYPE>zip</TYPE>
         </LOCATION>
         <ITEM>
          <INFO>
           <CATEGORIES>
            <CATEGORY>Lib/Science/Physics/Irodov</CATEGORY>
           </CATEGORIES>
           <DESCRIPTION>Основные Законы Механики (Иродов)</DESCRIPTION>
           <AUTHORS>
            <AUTHOR>
             <FULLNAME>Иродов</FULLNAME>
             <LASTNAME>Иродов</LASTNAME>
             <FIRSTNAME></FIRSTNAME>
            </AUTHOR>
           </AUTHORS>
           <TITLE>Основные Законы Механики</TITLE>
           <INSTANCES>
            <INSTANCE>
             <FORMAT>pdf</FORMAT>
             <SIZE>0</SIZE>
             <CHECKSUM>0</CHECKSUM>
            </INSTANCE>
           </INSTANCES>
          </INFO>
         </ITEM>
        </FILE>
        <FILE link="Lib/Science/Physics/Irodov/IRODOV_II.zip">
         <LOCATION>
          <URL>Lib/Science/Physics/Irodov/IRODOV_II.zip</URL>
          <SIZE>18.1</SIZE>
          <CHECKSUM>0</CHECKSUM>
          <TYPE>zip</TYPE>
         </LOCATION>
         <ITEM>
          <INFO>
           <CATEGORIES>
            <CATEGORY>Lib/Science/Physics/Irodov</CATEGORY>
           </CATEGORIES>
           <DESCRIPTION>Основные Законы Электромагнетизма (Иродов)</DESCRIPTION>
           <AUTHORS>
            <AUTHOR>
             <FULLNAME>Иродов</FULLNAME>
             <LASTNAME>Иродов</LASTNAME>
             <FIRSTNAME></FIRSTNAME>
            </AUTHOR>
           </AUTHORS>
           <TITLE>Основные Законы Электромагнетизма</TITLE>
           <INSTANCES>
            <INSTANCE>
             <FORMAT>pdf</FORMAT>
             <SIZE>0</SIZE>
             <CHECKSUM>0</CHECKSUM>
            </INSTANCE>
           </INSTANCES>
          </INFO>
         </ITEM>
        </FILE>
        <FILE link="Lib/Science/Physics/Irodov/Irodov_III.zip">
         <LOCATION>
          <URL>Lib/Science/Physics/Irodov/Irodov_III.zip</URL>
          <SIZE>8.6</SIZE>
          <CHECKSUM>0</CHECKSUM>
          <TYPE>zip</TYPE>
         </LOCATION>
         <ITEM>
          <INFO>
           <CATEGORIES>
            <CATEGORY>Lib/Science/Physics/Irodov</CATEGORY>
           </CATEGORIES>
           <DESCRIPTION>Волновые Процессы. Основные Законы (Иродов)</DESCRIPTION>
           <AUTHORS>
            <AUTHOR>
             <FULLNAME>Иродов</FULLNAME>
             <LASTNAME>Иродов</LASTNAME>
             <FIRSTNAME></FIRSTNAME>
            </AUTHOR>
           </AUTHORS>
           <TITLE>Волновые Процессы. Основные Законы</TITLE>
           <INSTANCES>
            <INSTANCE>
             <FORMAT>pdf</FORMAT>
             <SIZE>0</SIZE>
             <CHECKSUM>0</CHECKSUM>
            </INSTANCE>
           </INSTANCES>
          </INFO>
         </ITEM>
        </FILE>
        <FILE link="Lib/Science/Physics/Irodov/Irodov_IV.zip">
         <LOCATION>
          <URL>Lib/Science/Physics/Irodov/Irodov_IV.zip</URL>
          <SIZE>9.1</SIZE>
          <CHECKSUM>0</CHECKSUM>
          <TYPE>zip</TYPE>
         </LOCATION>
         <ITEM>
          <INFO>
           <CATEGORIES>
            <CATEGORY>Lib/Science/Physics/Irodov</CATEGORY>
           </CATEGORIES>
           <DESCRIPTION>Квантовая Физика. Основные Законы (Иродов)</DESCRIPTION>
           <AUTHORS>
            <AUTHOR>
             <FULLNAME>Иродов</FULLNAME>
             <LASTNAME>Иродов</LASTNAME>
             <FIRSTNAME></FIRSTNAME>
            </AUTHOR>
           </AUTHORS>
           <TITLE>Квантовая Физика. Основные Законы</TITLE>
           <INSTANCES>
            <INSTANCE>
             <FORMAT>pdf</FORMAT>
             <SIZE>0</SIZE>
             <CHECKSUM>0</CHECKSUM>
            </INSTANCE>
           </INSTANCES>
          </INFO>
         </ITEM>
        </FILE>
        <FILE link="Lib/Science/Physics/Irodov/Irodov_V.zip">
         <LOCATION>
          <URL>Lib/Science/Physics/Irodov/Irodov_V.zip</URL>
          <SIZE>6.7</SIZE>
          <CHECKSUM>0</CHECKSUM>
          <TYPE>zip</TYPE>
         </LOCATION>
         <ITEM>
          <INFO>
           <CATEGORIES>
            <CATEGORY>Lib/Science/Physics/Irodov</CATEGORY>
           </CATEGORIES>
           <DESCRIPTION>Физика Макросистем. Основные Законы (Иродов)</DESCRIPTION>
           <AUTHORS>
            <AUTHOR>
             <FULLNAME>Иродов</FULLNAME>
             <LASTNAME>Иродов</LASTNAME>
             <FIRSTNAME></FIRSTNAME>
            </AUTHOR>
           </AUTHORS>
           <TITLE>Физика Макросистем. Основные Законы</TITLE>
           <INSTANCES>
            <INSTANCE>
             <FORMAT>pdf</FORMAT>
             <SIZE>0</SIZE>
             <CHECKSUM>0</CHECKSUM>
            </INSTANCE>
           </INSTANCES>
          </INFO>
         </ITEM>
        </FILE>
        <FILE link="Lib/Science/Physics/Irodov/Irodov_Zad.zip">
         <LOCATION>
          <URL>Lib/Science/Physics/Irodov/Irodov_Zad.zip</URL>
          <SIZE>17.1</SIZE>
          <CHECKSUM>0</CHECKSUM>
          <TYPE>zip</TYPE>
         </LOCATION>
         <ITEM>
          <INFO>
           <CATEGORIES>
            <CATEGORY>Lib/Science/Physics/Irodov</CATEGORY>
           </CATEGORIES>
           <DESCRIPTION>Задачи по Общей Физики (Иродов)</DESCRIPTION>
           <AUTHORS>
            <AUTHOR>
             <FULLNAME>Иродов</FULLNAME>
             <LASTNAME>Иродов</LASTNAME>
             <FIRSTNAME></FIRSTNAME>
            </AUTHOR>
           </AUTHORS>
           <TITLE>Задачи по Общей Физики</TITLE>
           <INSTANCES>
            <INSTANCE>
             <FORMAT>pdf</FORMAT>
             <SIZE>0</SIZE>
             <CHECKSUM>0</CHECKSUM>
            </INSTANCE>
           </INSTANCES>
          </INFO>
         </ITEM>
        </FILE>
       </FILELIST>
      </DIR>
      <DIR link="Lib/Science/Physics/Kvantu">
       <LOCATION>
        <URL>Lib/Science/Physics/Kvantu</URL>
        <SIZE>511.5</SIZE>
       </LOCATION>
       <FILELIST category="Lib/Science/Physics/Kvantu">
        <INFO>
         <DESCRIPTION>Квантовая Физика</DESCRIPTION>
         <TITLE>Квантовая Физика</TITLE>
         <DEFAULTFORMAT>pdf</DEFAULTFORMAT>
        </INFO>
        <FILE link="Lib/Science/Physics/Kvantu/Bogolyubov.zip">
         <LOCATION>
          <URL>Lib/Science/Physics/Kvantu/Bogolyubov.zip</URL>
          <SIZE>16</SIZE>
          <CHECKSUM>0</CHECKSUM>
          <TYPE>zip</TYPE>
         </LOCATION>
         <ITEM>
          <INFO>
           <CATEGORIES>
            <CATEGORY>Lib/Science/Physics/Kvantu</CATEGORY>
           </CATEGORIES>
           <DESCRIPTION>Корреляционные Функции Интегрируемых Систем и Квантовый Метод Обратной Задачи (Боголюбов,Изергин,Корепин)</DESCRIPTION>
           <AUTHORS>
            <AUTHOR>
             <FULLNAME>Боголюбов</FULLNAME>
             <LASTNAME>Боголюбов</LASTNAME>
             <FIRSTNAME></FIRSTNAME>
            </AUTHOR>
            <AUTHOR>
             <FULLNAME>Изергин</FULLNAME>
             <LASTNAME>Изергин</LASTNAME>
             <FIRSTNAME></FIRSTNAME>
            </AUTHOR>
            <AUTHOR>
             <FULLNAME>Корепин</FULLNAME>
             <LASTNAME>Корепин</LASTNAME>
             <FIRSTNAME></FIRSTNAME>
            </AUTHOR>
           </AUTHORS>
           <TITLE>Корреляционные Функции Интегрируемых Систем и Квантовый Метод Обратной Задачи</TITLE>
           <INSTANCES>
            <INSTANCE>
             <FORMAT>pdf</FORMAT>
             <SIZE>0</SIZE>
             <CHECKSUM>0</CHECKSUM>
            </INSTANCE>
           </INSTANCES>
          </INFO>
         </ITEM>
        </FILE>
        <FILE link="Lib/Science/Physics/Kvantu/Bom.zip">
         <LOCATION>
          <URL>Lib/Science/Physics/Kvantu/Bom.zip</URL>
          <SIZE>34.6</SIZE>
          <CHECKSUM>0</CHECKSUM>
          <TYPE>zip</TYPE>
         </LOCATION>
         <ITEM>
          <INFO>
           <CATEGORIES>
            <CATEGORY>Lib/Science/Physics/Kvantu</CATEGORY>
           </CATEGORIES>
           <DESCRIPTION>Квантовая Теория (Бом)</DESCRIPTION>
           <AUTHORS>
            <AUTHOR>
             <FULLNAME>Бом</FULLNAME>
             <LASTNAME>Бом</LASTNAME>
             <FIRSTNAME></FIRSTNAME>
            </AUTHOR>
           </AUTHORS>
           <TITLE>Квантовая Теория</TITLE>
           <INSTANCES>
            <INSTANCE>
             <FORMAT>pdf</FORMAT>
             <SIZE>0</SIZE>
             <CHECKSUM>0</CHECKSUM>
            </INSTANCE>
           </INSTANCES>
          </INFO>
         </ITEM>
        </FILE>
        <FILE link="Lib/Science/Physics/Kvantu/Born.zip">
         <LOCATION>
          <URL>Lib/Science/Physics/Kvantu/Born.zip</URL>
          <SIZE>14.2</SIZE>
          <CHECKSUM>0</CHECKSUM>
          <TYPE>zip</TYPE>
         </LOCATION>
         <ITEM>
          <INFO>
           <CATEGORIES>
            <CATEGORY>Lib/Science/Physics/Kvantu</CATEGORY>
           </CATEGORIES>
           <DESCRIPTION>Лекции пл Атомной Механике т. 1 (Борн)</DESCRIPTION>
           <AUTHORS>
            <AUTHOR>
             <FULLNAME>Борн</FULLNAME>
             <LASTNAME>Борн</LASTNAME>
             <FIRSTNAME></FIRSTNAME>
            </AUTHOR>
           </AUTHORS>
           <TITLE>Лекции пл Атомной Механике</TITLE>
           <INSTANCES>
            <INSTANCE>
             <FORMAT>pdf</FORMAT>
             <SIZE>0</SIZE>
             <CHECKSUM>0</CHECKSUM>
            </INSTANCE>
           </INSTANCES>
          </INFO>
         </ITEM>
        </FILE>
        <FILE link="Lib/Science/Physics/Kvantu/Broyl.zip">
         <LOCATION>
          <URL>Lib/Science/Physics/Kvantu/Broyl.zip</URL>
          <SIZE>15.2</SIZE>
          <CHECKSUM>0</CHECKSUM>
          <TYPE>zip</TYPE>
         </LOCATION>
         <ITEM>
          <INFO>
           <CATEGORIES>
            <CATEGORY>Lib/Science/Physics/Kvantu</CATEGORY>
           </CATEGORIES>
           <DESCRIPTION>Соотношения Неопределенностей Гейзенберга и Вероятностная Интерпретация Волновой Механики (Бройль)</DESCRIPTION>
           <AUTHORS>
            <AUTHOR>
             <FULLNAME>Бройль</FULLNAME>
             <LASTNAME>Бройль</LASTNAME>
             <FIRSTNAME></FIRSTNAME>
            </AUTHOR>
           </AUTHORS>
           <TITLE>Соотношения Неопределенностей Гейзенберга и Вероятностная Интерпретация Волновой Механики</TITLE>
           <INSTANCES>
            <INSTANCE>
             <FORMAT>pdf</FORMAT>
             <SIZE>0</SIZE>
             <CHECKSUM>0</CHECKSUM>
            </INSTANCE>
           </INSTANCES>
          </INFO>
         </ITEM>
        </FILE>
        <FILE link="Lib/Science/Physics/Kvantu/Cheng-Li.zip">
         <LOCATION>
          <URL>Lib/Science/Physics/Kvantu/Cheng-Li.zip</URL>
          <SIZE>23.5</SIZE>
          <CHECKSUM>0</CHECKSUM>
          <TYPE>zip</TYPE>
         </LOCATION>
         <ITEM>
          <INFO>
           <CATEGORIES>
            <CATEGORY>Lib/Science/Physics/Kvantu</CATEGORY>
           </CATEGORIES>
           <DESCRIPTION>Калибровочные Теории в Физике Элементарных Частиц (Ченг, Ли)</DESCRIPTION>
           <AUTHORS>
            <AUTHOR>
             <FULLNAME>Ченг</FULLNAME>
             <LASTNAME>Ченг</LASTNAME>
             <FIRSTNAME></FIRSTNAME>
            </AUTHOR>
            <AUTHOR>
             <FULLNAME>Ли</FULLNAME>
             <LASTNAME>Ли</LASTNAME>
             <FIRSTNAME></FIRSTNAME>
            </AUTHOR>
           </AUTHORS>
           <TITLE>Калибровочные Теории в Физике Элементарных Частиц</TITLE>
           <INSTANCES>
            <INSTANCE>
             <FORMAT>pdf</FORMAT>
             <SIZE>0</SIZE>
             <CHECKSUM>0</CHECKSUM>
            </INSTANCE>
           </INSTANCES>
          </INFO>
         </ITEM>
        </FILE>
        <FILE link="Lib/Science/Physics/Kvantu/Dirak1.zip">
         <LOCATION>
          <URL>Lib/Science/Physics/Kvantu/Dirak1.zip</URL>
          <SIZE>23.4</SIZE>
          <CHECKSUM>0</CHECKSUM>
          <TYPE>zip</TYPE>
         </LOCATION>
         <ITEM>
          <INFO>
           <CATEGORIES>
            <CATEGORY>Lib/Science/Physics/Kvantu</CATEGORY>
           </CATEGORIES>
           <DESCRIPTION>Лекции по Квантовой Механике (Дирак)</DESCRIPTION>
           <AUTHORS>
            <AUTHOR>
             <FULLNAME>Дирак</FULLNAME>
             <LASTNAME>Дирак</LASTNAME>
             <FIRSTNAME></FIRSTNAME>
            </AUTHOR>
           </AUTHORS>
           <TITLE>Лекции по Квантовой Механике</TITLE>
           <INSTANCES>
            <INSTANCE>
             <FORMAT>pdf</FORMAT>
             <SIZE>0</SIZE>
             <CHECKSUM>0</CHECKSUM>
            </INSTANCE>
           </INSTANCES>
          </INFO>
         </ITEM>
        </FILE>
        <FILE link="Lib/Science/Physics/Kvantu/Dirak2.zip">
         <LOCATION>
          <URL>Lib/Science/Physics/Kvantu/Dirak2.zip</URL>
          <SIZE>18.8</SIZE>
          <CHECKSUM>0</CHECKSUM>
          <TYPE>zip</TYPE>
         </LOCATION>
         <ITEM>
          <INFO>
           <CATEGORIES>
            <CATEGORY>Lib/Science/Physics/Kvantu</CATEGORY>
           </CATEGORIES>
           <DESCRIPTION>Принципы Квантовой Механики (Дирак)</DESCRIPTION>
           <AUTHORS>
            <AUTHOR>
             <FULLNAME>Дирак</FULLNAME>
             <LASTNAME>Дирак</LASTNAME>
             <FIRSTNAME></FIRSTNAME>
            </AUTHOR>
           </AUTHORS>
           <TITLE>Принципы Квантовой Механики</TITLE>
           <INSTANCES>
            <INSTANCE>
             <FORMAT>pdf</FORMAT>
             <SIZE>0</SIZE>
             <CHECKSUM>0</CHECKSUM>
            </INSTANCE>
           </INSTANCES>
          </INFO>
         </ITEM>
        </FILE>
        <FILE link="Lib/Science/Physics/Kvantu/Faddeev.zip">
         <LOCATION>
          <URL>Lib/Science/Physics/Kvantu/Faddeev.zip</URL>
          <SIZE>8.8</SIZE>
          <CHECKSUM>0</CHECKSUM>
          <TYPE>zip</TYPE>
         </LOCATION>
         <ITEM>
          <INFO>
           <CATEGORIES>
            <CATEGORY>Lib/Science/Physics/Kvantu</CATEGORY>
           </CATEGORIES>
           <DESCRIPTION>Лекции по Квантовой Механике (Фаддеев,Якубовский)</DESCRIPTION>
           <AUTHORS>
            <AUTHOR>
             <FULLNAME>Фаддеев</FULLNAME>
             <LASTNAME>Фаддеев</LASTNAME>
             <FIRSTNAME></FIRSTNAME>
            </AUTHOR>
            <AUTHOR>
             <FULLNAME>Якубовский</FULLNAME>
             <LASTNAME>Якубовский</LASTNAME>
             <FIRSTNAME></FIRSTNAME>
            </AUTHOR>
           </AUTHORS>
           <TITLE>Лекции по Квантовой Механике</TITLE>
           <INSTANCES>
            <INSTANCE>
             <FORMAT>pdf</FORMAT>
             <SIZE>0</SIZE>
             <CHECKSUM>0</CHECKSUM>
            </INSTANCE>
           </INSTANCES>
          </INFO>
         </ITEM>
        </FILE>
        <FILE link="Lib/Science/Physics/Kvantu/Feinman1.zip">
         <LOCATION>
          <URL>Lib/Science/Physics/Kvantu/Feinman1.zip</URL>
          <SIZE>18.6</SIZE>
          <CHECKSUM>0</CHECKSUM>
          <TYPE>zip</TYPE>
         </LOCATION>
         <ITEM>
          <INFO>
           <CATEGORIES>
            <CATEGORY>Lib/Science/Physics/Kvantu</CATEGORY>
           </CATEGORIES>
           <DESCRIPTION>Квантовая Механика и Интегралы по Траекториям (Фейнман,Хибс)</DESCRIPTION>
           <AUTHORS>
            <AUTHOR>
             <FULLNAME>Фейнман</FULLNAME>
             <LASTNAME>Фейнман</LASTNAME>
             <FIRSTNAME></FIRSTNAME>
            </AUTHOR>
            <AUTHOR>
             <FULLNAME>Хибс</FULLNAME>
             <LASTNAME>Хибс</LASTNAME>
             <FIRSTNAME></FIRSTNAME>
            </AUTHOR>
           </AUTHORS>
           <TITLE>Квантовая Механика и Интегралы по Траекториям</TITLE>
           <INSTANCES>
            <INSTANCE>
             <FORMAT>pdf</FORMAT>
             <SIZE>0</SIZE>
             <CHECKSUM>0</CHECKSUM>
            </INSTANCE>
           </INSTANCES>
          </INFO>
         </ITEM>
        </FILE>
        <FILE link="Lib/Science/Physics/Kvantu/Fermi.zip">
         <LOCATION>
          <URL>Lib/Science/Physics/Kvantu/Fermi.zip</URL>
          <SIZE>28</SIZE>
          <CHECKSUM>0</CHECKSUM>
          <TYPE>zip</TYPE>
         </LOCATION>
         <ITEM>
          <INFO>
           <CATEGORIES>
            <CATEGORY>Lib/Science/Physics/Kvantu</CATEGORY>
           </CATEGORIES>
           <DESCRIPTION>Лекции по Квантовой Механике (Ферми)</DESCRIPTION>
           <AUTHORS>
            <AUTHOR>
             <FULLNAME>Ферми</FULLNAME>
             <LASTNAME>Ферми</LASTNAME>
             <FIRSTNAME></FIRSTNAME>
            </AUTHOR>
           </AUTHORS>
           <TITLE>Лекции по Квантовой Механике</TITLE>
           <INSTANCES>
            <INSTANCE>
             <FORMAT>pdf</FORMAT>
             <SIZE>0</SIZE>
             <CHECKSUM>0</CHECKSUM>
            </INSTANCE>
           </INSTANCES>
          </INFO>
         </ITEM>
        </FILE>
        <FILE link="Lib/Science/Physics/Kvantu/flyuger1.zip">
         <LOCATION>
          <URL>Lib/Science/Physics/Kvantu/flyuger1.zip</URL>
          <SIZE>13</SIZE>
          <CHECKSUM>0</CHECKSUM>
          <TYPE>zip</TYPE>
         </LOCATION>
         <ITEM>
          <INFO>
           <CATEGORIES>
            <CATEGORY>Lib/Science/Physics/Kvantu</CATEGORY>
           </CATEGORIES>
           <DESCRIPTION>Задачи по Квантовой Механике т. 1 (Флюгге)</DESCRIPTION>
           <AUTHORS>
            <AUTHOR>
             <FULLNAME>Флюгге</FULLNAME>
             <LASTNAME>Флюгге</LASTNAME>
             <FIRSTNAME></FIRSTNAME>
            </AUTHOR>
           </AUTHORS>
           <TITLE>Задачи по Квантовой Механике</TITLE>
           <INSTANCES>
            <INSTANCE>
             <FORMAT>pdf</FORMAT>
             <SIZE>0</SIZE>
             <CHECKSUM>0</CHECKSUM>
            </INSTANCE>
           </INSTANCES>
          </INFO>
         </ITEM>
        </FILE>
        <FILE link="Lib/Science/Physics/Kvantu/flyuger2.zip">
         <LOCATION>
          <URL>Lib/Science/Physics/Kvantu/flyuger2.zip</URL>
          <SIZE>11.5</SIZE>
          <CHECKSUM>0</CHECKSUM>
          <TYPE>zip</TYPE>
         </LOCATION>
         <ITEM>
          <INFO>
           <CATEGORIES>
            <CATEGORY>Lib/Science/Physics/Kvantu</CATEGORY>
           </CATEGORIES>
           <DESCRIPTION>Задачи по Квантовой Механике т. 2 (Флюгге)</DESCRIPTION>
           <AUTHORS>
            <AUTHOR>
             <FULLNAME>Флюгге</FULLNAME>
             <LASTNAME>Флюгге</LASTNAME>
             <FIRSTNAME></FIRSTNAME>
            </AUTHOR>
           </AUTHORS>
           <TITLE>Задачи по Квантовой Механике</TITLE>
           <INSTANCES>
            <INSTANCE>
             <FORMAT>pdf</FORMAT>
             <SIZE>0</SIZE>
             <CHECKSUM>0</CHECKSUM>
            </INSTANCE>
           </INSTANCES>
          </INFO>
         </ITEM>
        </FILE>
        <FILE link="Lib/Science/Physics/Kvantu/Fok.zip">
         <LOCATION>
          <URL>Lib/Science/Physics/Kvantu/Fok.zip</URL>
          <SIZE>15</SIZE>
          <CHECKSUM>0</CHECKSUM>
          <TYPE>zip</TYPE>
         </LOCATION>
         <ITEM>
          <INFO>
           <CATEGORIES>
            <CATEGORY>Lib/Science/Physics/Kvantu</CATEGORY>
           </CATEGORIES>
           <DESCRIPTION>Начала Квантовой Механики (Фок)</DESCRIPTION>
           <AUTHORS>
            <AUTHOR>
             <FULLNAME>Фок</FULLNAME>
             <LASTNAME>Фок</LASTNAME>
             <FIRSTNAME></FIRSTNAME>
            </AUTHOR>
           </AUTHORS>
           <TITLE>Начала Квантовой Механики</TITLE>
           <INSTANCES>
            <INSTANCE>
             <FORMAT>pdf</FORMAT>
             <SIZE>0</SIZE>
             <CHECKSUM>0</CHECKSUM>
            </INSTANCE>
           </INSTANCES>
          </INFO>
         </ITEM>
        </FILE>
        <FILE link="Lib/Science/Physics/Kvantu/FonNeiman.zip">
         <LOCATION>
          <URL>Lib/Science/Physics/Kvantu/FonNeiman.zip</URL>
          <SIZE>16.4</SIZE>
          <CHECKSUM>0</CHECKSUM>
          <TYPE>zip</TYPE>
         </LOCATION>
         <ITEM>
          <INFO>
           <CATEGORIES>
            <CATEGORY>Lib/Science/Physics/Kvantu</CATEGORY>
           </CATEGORIES>
           <DESCRIPTION>Математические Основы Квантовой Механики (Фон Нейман)</DESCRIPTION>
           <AUTHORS>
            <AUTHOR>
             <FULLNAME>Фон Нейман</FULLNAME>
             <LASTNAME>Нейман</LASTNAME>
             <FIRSTNAME>Фон</FIRSTNAME>
            </AUTHOR>
           </AUTHORS>
           <TITLE>Математические Основы Квантовой Механики</TITLE>
           <INSTANCES>
            <INSTANCE>
             <FORMAT>pdf</FORMAT>
             <SIZE>0</SIZE>
             <CHECKSUM>0</CHECKSUM>
            </INSTANCE>
           </INSTANCES>
          </INFO>
         </ITEM>
        </FILE>
        <FILE link="Lib/Science/Physics/Kvantu/Goldman.zip">
         <LOCATION>
          <URL>Lib/Science/Physics/Kvantu/Goldman.zip</URL>
          <SIZE>7.4</SIZE>
          <CHECKSUM>0</CHECKSUM>
          <TYPE>zip</TYPE>
         </LOCATION>
         <ITEM>
          <INFO>
           <CATEGORIES>
            <CATEGORY>Lib/Science/Physics/Kvantu</CATEGORY>
           </CATEGORIES>
           <DESCRIPTION>Сборник Задач по Квантовой Механике (Гольдман,Кривченков)</DESCRIPTION>
           <AUTHORS>
            <AUTHOR>
             <FULLNAME>Гольдман</FULLNAME>
             <LASTNAME>Гольдман</LASTNAME>
             <FIRSTNAME></FIRSTNAME>
            </AUTHOR>
            <AUTHOR>
             <FULLNAME>Кривченков</FULLNAME>
             <LASTNAME>Кривченков</LASTNAME>
             <FIRSTNAME></FIRSTNAME>
            </AUTHOR>
           </AUTHORS>
           <TITLE>Сборник Задач по Квантовой Механике</TITLE>
           <INSTANCES>
            <INSTANCE>
             <FORMAT>pdf</FORMAT>
             <SIZE>0</SIZE>
             <CHECKSUM>0</CHECKSUM>
            </INSTANCE>
           </INSTANCES>
          </INFO>
         </ITEM>
        </FILE>
        <FILE link="Lib/Science/Physics/Kvantu/Kilin.zip">
         <LOCATION>
          <URL>Lib/Science/Physics/Kvantu/Kilin.zip</URL>
          <SIZE>3.7</SIZE>
          <CHECKSUM>0</CHECKSUM>
          <TYPE>zip</TYPE>
         </LOCATION>
         <ITEM>
          <INFO>
           <CATEGORIES>
            <CATEGORY>Lib/Science/Physics/Kvantu</CATEGORY>
           </CATEGORIES>
           <DESCRIPTION>Квантовая Информация (Килин)</DESCRIPTION>
           <AUTHORS>
            <AUTHOR>
             <FULLNAME>Килин</FULLNAME>
             <LASTNAME>Килин</LASTNAME>
             <FIRSTNAME></FIRSTNAME>
            </AUTHOR>
           </AUTHORS>
           <TITLE>Квантовая Информация</TITLE>
           <INSTANCES>
            <INSTANCE>
             <FORMAT>pdf</FORMAT>
             <SIZE>0</SIZE>
             <CHECKSUM>0</CHECKSUM>
            </INSTANCE>
           </INSTANCES>
          </INFO>
         </ITEM>
        </FILE>
        <FILE link="Lib/Science/Physics/Kvantu/Klishko.zip">
         <LOCATION>
          <URL>Lib/Science/Physics/Kvantu/Klishko.zip</URL>
          <SIZE>7.6</SIZE>
          <CHECKSUM>0</CHECKSUM>
          <TYPE>zip</TYPE>
         </LOCATION>
         <ITEM>
          <INFO>
           <CATEGORIES>
            <CATEGORY>Lib/Science/Physics/Kvantu</CATEGORY>
           </CATEGORIES>
           <DESCRIPTION>Основные Понятия Квантовой Физики с Операциональной Точки Зрения (Клышко)</DESCRIPTION>
           <AUTHORS>
            <AUTHOR>
             <FULLNAME>Клышко</FULLNAME>
             <LASTNAME>Клышко</LASTNAME>
             <FIRSTNAME></FIRSTNAME>
            </AUTHOR>
           </AUTHORS>
           <TITLE>Основные Понятия Квантовой Физики с Операциональной Точки Зрения</TITLE>
           <INSTANCES>
            <INSTANCE>
             <FORMAT>pdf</FORMAT>
             <SIZE>0</SIZE>
             <CHECKSUM>0</CHECKSUM>
            </INSTANCE>
           </INSTANCES>
          </INFO>
         </ITEM>
        </FILE>
        <FILE link="Lib/Science/Physics/Kvantu/Meccia1.zip">
         <LOCATION>
          <URL>Lib/Science/Physics/Kvantu/Meccia1.zip</URL>
          <SIZE>22.4</SIZE>
          <CHECKSUM>0</CHECKSUM>
          <TYPE>zip</TYPE>
         </LOCATION>
         <ITEM>
          <INFO>
           <CATEGORIES>
            <CATEGORY>Lib/Science/Physics/Kvantu</CATEGORY>
           </CATEGORIES>
           <DESCRIPTION>Квантовая Механика т. 1 (Мессиа)</DESCRIPTION>
           <AUTHORS>
            <AUTHOR>
             <FULLNAME>Мессиа</FULLNAME>
             <LASTNAME>Мессиа</LASTNAME>
             <FIRSTNAME></FIRSTNAME>
            </AUTHOR>
           </AUTHORS>
           <TITLE>Квантовая Механика</TITLE>
           <INSTANCES>
            <INSTANCE>
             <FORMAT>pdf</FORMAT>
             <SIZE>0</SIZE>
             <CHECKSUM>0</CHECKSUM>
            </INSTANCE>
           </INSTANCES>
          </INFO>
         </ITEM>
        </FILE>
        <FILE link="Lib/Science/Physics/Kvantu/Meccia2.zip">
         <LOCATION>
          <URL>Lib/Science/Physics/Kvantu/Meccia2.zip</URL>
          <SIZE>26.6</SIZE>
          <CHECKSUM>0</CHECKSUM>
          <TYPE>zip</TYPE>
         </LOCATION>
         <ITEM>
          <INFO>
           <CATEGORIES>
            <CATEGORY>Lib/Science/Physics/Kvantu</CATEGORY>
           </CATEGORIES>
           <DESCRIPTION>Квантовая Механика т. 2 (Мессиа)</DESCRIPTION>
           <AUTHORS>
            <AUTHOR>
             <FULLNAME>Мессиа</FULLNAME>
             <LASTNAME>Мессиа</LASTNAME>
             <FIRSTNAME></FIRSTNAME>
            </AUTHOR>
           </AUTHORS>
           <TITLE>Квантовая Механика</TITLE>
           <INSTANCES>
            <INSTANCE>
             <FORMAT>pdf</FORMAT>
             <SIZE>0</SIZE>
             <CHECKSUM>0</CHECKSUM>
            </INSTANCE>
           </INSTANCES>
          </INFO>
         </ITEM>
        </FILE>
        <FILE link="Lib/Science/Physics/Kvantu/Moriya.zip">
         <LOCATION>
          <URL>Lib/Science/Physics/Kvantu/Moriya.zip</URL>
          <SIZE>10.3</SIZE>
          <CHECKSUM>0</CHECKSUM>
          <TYPE>zip</TYPE>
         </LOCATION>
         <ITEM>
          <INFO>
           <CATEGORIES>
            <CATEGORY>Lib/Science/Physics/Kvantu</CATEGORY>
           </CATEGORIES>
           <DESCRIPTION>Spin Fluctuations in Itinerant Electron Magnetism (Moriya)</DESCRIPTION>
           <AUTHORS>
            <AUTHOR>
             <FULLNAME>Moriya</FULLNAME>
             <LASTNAME>Moriya</LASTNAME>
             <FIRSTNAME></FIRSTNAME>
            </AUTHOR>
           </AUTHORS>
           <TITLE>Spin Fluctuations in Itinerant Electron Magnetism</TITLE>
           <INSTANCES>
            <INSTANCE>
             <FORMAT>pdf</FORMAT>
             <SIZE>0</SIZE>
             <CHECKSUM>0</CHECKSUM>
            </INSTANCE>
           </INSTANCES>
          </INFO>
         </ITEM>
        </FILE>
        <FILE link="Lib/Science/Physics/Kvantu/Pauli.zip">
         <LOCATION>
          <URL>Lib/Science/Physics/Kvantu/Pauli.zip</URL>
          <SIZE>13.2</SIZE>
          <CHECKSUM>0</CHECKSUM>
          <TYPE>zip</TYPE>
         </LOCATION>
         <ITEM>
          <INFO>
           <CATEGORIES>
            <CATEGORY>Lib/Science/Physics/Kvantu</CATEGORY>
           </CATEGORIES>
           <DESCRIPTION>Общие Принципы Волновой Механики (Паули)</DESCRIPTION>
           <AUTHORS>
            <AUTHOR>
             <FULLNAME>Паули</FULLNAME>
             <LASTNAME>Паули</LASTNAME>
             <FIRSTNAME></FIRSTNAME>
            </AUTHOR>
           </AUTHORS>
           <TITLE>Общие Принципы Волновой Механики</TITLE>
           <INSTANCES>
            <INSTANCE>
             <FORMAT>pdf</FORMAT>
             <SIZE>0</SIZE>
             <CHECKSUM>0</CHECKSUM>
            </INSTANCE>
           </INSTANCES>
          </INFO>
         </ITEM>
        </FILE>
        <FILE link="Lib/Science/Physics/Kvantu/qvantu1.zip">
         <LOCATION>
          <URL>Lib/Science/Physics/Kvantu/qvantu1.zip</URL>
          <SIZE>35.7</SIZE>
          <CHECKSUM>0</CHECKSUM>
          <TYPE>zip</TYPE>
         </LOCATION>
         <ITEM>
          <INFO>
           <CATEGORIES>
            <CATEGORY>Lib/Science/Physics/Kvantu</CATEGORY>
           </CATEGORIES>
           <DESCRIPTION>Квантовые Вычисления: За и Против</DESCRIPTION>
           <TITLE>Квантовые Вычисления: За и Против</TITLE>
           <INSTANCES>
            <INSTANCE>
             <FORMAT>pdf</FORMAT>
             <SIZE>0</SIZE>
             <CHECKSUM>0</CHECKSUM>
            </INSTANCE>
           </INSTANCES>
          </INFO>
         </ITEM>
        </FILE>
        <FILE link="Lib/Science/Physics/Kvantu/qvantu2.zip">
         <LOCATION>
          <URL>Lib/Science/Physics/Kvantu/qvantu2.zip</URL>
          <SIZE>46.6</SIZE>
          <CHECKSUM>0</CHECKSUM>
          <TYPE>zip</TYPE>
         </LOCATION>
         <ITEM>
          <INFO>
           <CATEGORIES>
            <CATEGORY>Lib/Science/Physics/Kvantu</CATEGORY>
           </CATEGORIES>
           <DESCRIPTION>Квантовые Компьютер: Квантовые Вычисления</DESCRIPTION>
           <TITLE>Квантовые Компьютер: Квантовые Вычисления</TITLE>
           <INSTANCES>
            <INSTANCE>
             <FORMAT>pdf</FORMAT>
             <SIZE>0</SIZE>
             <CHECKSUM>0</CHECKSUM>
            </INSTANCE>
           </INSTANCES>
          </INFO>
         </ITEM>
        </FILE>
        <FILE link="Lib/Science/Physics/Kvantu/qvantu3.zip">
         <LOCATION>
          <URL>Lib/Science/Physics/Kvantu/qvantu3.zip</URL>
          <SIZE>20.2</SIZE>
          <CHECKSUM>0</CHECKSUM>
          <TYPE>zip</TYPE>
         </LOCATION>
         <ITEM>
          <INFO>
           <CATEGORIES>
            <CATEGORY>Lib/Science/Physics/Kvantu</CATEGORY>
           </CATEGORIES>
           <DESCRIPTION>Квантовые Компьютеры: Квантовые Вычисления</DESCRIPTION>
           <TITLE>Квантовые Компьютеры: Квантовые Вычисления</TITLE>
           <INSTANCES>
            <INSTANCE>
             <FORMAT>pdf</FORMAT>
             <SIZE>0</SIZE>
             <CHECKSUM>0</CHECKSUM>
            </INSTANCE>
           </INSTANCES>
          </INFO>
         </ITEM>
        </FILE>
        <FILE link="Lib/Science/Physics/Kvantu/Shiff.zip">
         <LOCATION>
          <URL>Lib/Science/Physics/Kvantu/Shiff.zip</URL>
          <SIZE>24.7</SIZE>
          <CHECKSUM>0</CHECKSUM>
          <TYPE>zip</TYPE>
         </LOCATION>
         <ITEM>
          <INFO>
           <CATEGORIES>
            <CATEGORY>Lib/Science/Physics/Kvantu</CATEGORY>
           </CATEGORIES>
           <DESCRIPTION>Квантовая Механика (Шифф)</DESCRIPTION>
           <AUTHORS>
            <AUTHOR>
             <FULLNAME>Шифф</FULLNAME>
             <LASTNAME>Шифф</LASTNAME>
             <FIRSTNAME></FIRSTNAME>
            </AUTHOR>
           </AUTHORS>
           <TITLE>Квантовая Механика</TITLE>
           <INSTANCES>
            <INSTANCE>
             <FORMAT>pdf</FORMAT>
             <SIZE>0</SIZE>
             <CHECKSUM>0</CHECKSUM>
            </INSTANCE>
           </INSTANCES>
          </INFO>
         </ITEM>
        </FILE>
        <FILE link="Lib/Science/Physics/Kvantu/Sinay.zip">
         <LOCATION>
          <URL>Lib/Science/Physics/Kvantu/Sinay.zip</URL>
          <SIZE>13.5</SIZE>
          <CHECKSUM>0</CHECKSUM>
          <TYPE>zip</TYPE>
         </LOCATION>
         <ITEM>
          <INFO>
           <CATEGORIES>
            <CATEGORY>Lib/Science/Physics/Kvantu</CATEGORY>
           </CATEGORIES>
           <DESCRIPTION>Теория фазовых переходов (Синай)</DESCRIPTION>
           <AUTHORS>
            <AUTHOR>
             <FULLNAME>Синай</FULLNAME>
             <LASTNAME>Синай</LASTNAME>
             <FIRSTNAME></FIRSTNAME>
            </AUTHOR>
           </AUTHORS>
           <TITLE>Теория фазовых переходов</TITLE>
           <INSTANCES>
            <INSTANCE>
             <FORMAT>pdf</FORMAT>
             <SIZE>0</SIZE>
             <CHECKSUM>0</CHECKSUM>
            </INSTANCE>
           </INSTANCES>
          </INFO>
         </ITEM>
        </FILE>
        <FILE link="Lib/Science/Physics/Kvantu/Valiev.zip">
         <LOCATION>
          <URL>Lib/Science/Physics/Kvantu/Valiev.zip</URL>
          <SIZE>0.6</SIZE>
          <CHECKSUM>0</CHECKSUM>
          <TYPE>zip</TYPE>
         </LOCATION>
         <ITEM>
          <INFO>
           <CATEGORIES>
            <CATEGORY>Lib/Science/Physics/Kvantu</CATEGORY>
           </CATEGORIES>
           <DESCRIPTION>Квантовые Компьютеры: можно ли их сделать "большими"? (Валиев)</DESCRIPTION>
           <AUTHORS>
            <AUTHOR>
             <FULLNAME>Валиев</FULLNAME>
             <LASTNAME>Валиев</LASTNAME>
             <FIRSTNAME></FIRSTNAME>
            </AUTHOR>
           </AUTHORS>
           <TITLE>Квантовые Компьютеры: можно ли их сделать "большими"?</TITLE>
           <INSTANCES>
            <INSTANCE>
             <FORMAT>pdf</FORMAT>
             <SIZE>0</SIZE>
             <CHECKSUM>0</CHECKSUM>
            </INSTANCE>
           </INSTANCES>
          </INFO>
         </ITEM>
        </FILE>
        <FILE link="Lib/Science/Physics/Kvantu/VanDerVarden.zip">
         <LOCATION>
          <URL>Lib/Science/Physics/Kvantu/VanDerVarden.zip</URL>
          <SIZE>22</SIZE>
          <CHECKSUM>0</CHECKSUM>
          <TYPE>zip</TYPE>
         </LOCATION>
         <ITEM>
          <INFO>
           <CATEGORIES>
            <CATEGORY>Lib/Science/Physics/Kvantu</CATEGORY>
           </CATEGORIES>
           <DESCRIPTION>Метод Теории Групп в Квантовой Механике (Ван-Дер-Варден)</DESCRIPTION>
           <AUTHORS>
            <AUTHOR>
             <FULLNAME>Ван-Дер-Варден</FULLNAME>
             <LASTNAME>Ван-Дер-Варден</LASTNAME>
             <FIRSTNAME></FIRSTNAME>
            </AUTHOR>
           </AUTHORS>
           <TITLE>Метод Теории Групп в Квантовой Механике</TITLE>
           <INSTANCES>
            <INSTANCE>
             <FORMAT>pdf</FORMAT>
             <SIZE>0</SIZE>
             <CHECKSUM>0</CHECKSUM>
            </INSTANCE>
           </INSTANCES>
          </INFO>
         </ITEM>
        </FILE>
       </FILELIST>
      </DIR>
      <DIR link="Lib/Science/Physics/LanduLiphic">
       <LOCATION>
        <URL>Lib/Science/Physics/LanduLiphic</URL>
        <SIZE>582.4</SIZE>
       </LOCATION>
       <FILELIST category="Lib/Science/Physics/LanduLiphic">
        <INFO>
         <DESCRIPTION>Теоретическая Физика (Ландау,Лифшиц)</DESCRIPTION>
         <AUTHORS>
          <AUTHOR>
           <FULLNAME>Ландау</FULLNAME>
           <LASTNAME>Ландау</LASTNAME>
           <FIRSTNAME></FIRSTNAME>
          </AUTHOR>
          <AUTHOR>
           <FULLNAME>Лифшиц</FULLNAME>
           <LASTNAME>Лифшиц</LASTNAME>
           <FIRSTNAME></FIRSTNAME>
          </AUTHOR>
         </AUTHORS>
         <TITLE>Теоретическая Физика</TITLE>
         <DEFAULTFORMAT>pdf</DEFAULTFORMAT>
        </INFO>
        <FILE link="Lib/Science/Physics/LanduLiphic/01.zip">
         <LOCATION>
          <URL>Lib/Science/Physics/LanduLiphic/01.zip</URL>
          <SIZE>43.7</SIZE>
          <CHECKSUM>0</CHECKSUM>
          <TYPE>zip</TYPE>
         </LOCATION>
         <ITEM>
          <INFO>
           <CATEGORIES>
            <CATEGORY>Lib/Science/Physics/LanduLiphic</CATEGORY>
           </CATEGORIES>
           <DESCRIPTION>Механика т. 1 (Ландау,Лифшиц)</DESCRIPTION>
           <AUTHORS>
            <AUTHOR>
             <FULLNAME>Ландау</FULLNAME>
             <LASTNAME>Ландау</LASTNAME>
             <FIRSTNAME></FIRSTNAME>
            </AUTHOR>
            <AUTHOR>
             <FULLNAME>Лифшиц</FULLNAME>
             <LASTNAME>Лифшиц</LASTNAME>
             <FIRSTNAME></FIRSTNAME>
            </AUTHOR>
           </AUTHORS>
           <TITLE>Механика</TITLE>
           <INSTANCES>
            <INSTANCE>
             <FORMAT>pdf</FORMAT>
             <SIZE>0</SIZE>
             <CHECKSUM>0</CHECKSUM>
            </INSTANCE>
           </INSTANCES>
          </INFO>
         </ITEM>
        </FILE>
        <FILE link="Lib/Science/Physics/LanduLiphic/02.zip">
         <LOCATION>
          <URL>Lib/Science/Physics/LanduLiphic/02.zip</URL>
          <SIZE>56.8</SIZE>
          <CHECKSUM>0</CHECKSUM>
          <TYPE>zip</TYPE>
         </LOCATION>
         <ITEM>
          <INFO>
           <CATEGORIES>
            <CATEGORY>Lib/Science/Physics/LanduLiphic</CATEGORY>
           </CATEGORIES>
           <DESCRIPTION>Теория Поля</DESCRIPTION>
           <AUTHORS>
            <AUTHOR>
             <FULLNAME>Ландау</FULLNAME>
             <LASTNAME>Ландау</LASTNAME>
             <FIRSTNAME></FIRSTNAME>
            </AUTHOR>
            <AUTHOR>
             <FULLNAME>Лифшиц</FULLNAME>
             <LASTNAME>Лифшиц</LASTNAME>
             <FIRSTNAME></FIRSTNAME>
            </AUTHOR>
           </AUTHORS>
           <TITLE>Теория Поля</TITLE>
           <INSTANCES>
            <INSTANCE>
             <FORMAT>pdf</FORMAT>
             <SIZE>0</SIZE>
             <CHECKSUM>0</CHECKSUM>
            </INSTANCE>
           </INSTANCES>
          </INFO>
         </ITEM>
        </FILE>
        <FILE link="Lib/Science/Physics/LanduLiphic/03.zip">
         <LOCATION>
          <URL>Lib/Science/Physics/LanduLiphic/03.zip</URL>
          <SIZE>54.9</SIZE>
          <CHECKSUM>0</CHECKSUM>
          <TYPE>zip</TYPE>
         </LOCATION>
         <ITEM>
          <INFO>
           <CATEGORIES>
            <CATEGORY>Lib/Science/Physics/LanduLiphic</CATEGORY>
           </CATEGORIES>
           <DESCRIPTION>Квантовая Теория: Нерелятивистская Теория</DESCRIPTION>
           <AUTHORS>
            <AUTHOR>
             <FULLNAME>Ландау</FULLNAME>
             <LASTNAME>Ландау</LASTNAME>
             <FIRSTNAME></FIRSTNAME>
            </AUTHOR>
            <AUTHOR>
             <FULLNAME>Лифшиц</FULLNAME>
             <LASTNAME>Лифшиц</LASTNAME>
             <FIRSTNAME></FIRSTNAME>
            </AUTHOR>
           </AUTHORS>
           <TITLE>Квантовая Теория: Нерелятивистская Теория</TITLE>
           <INSTANCES>
            <INSTANCE>
             <FORMAT>pdf</FORMAT>
             <SIZE>0</SIZE>
             <CHECKSUM>0</CHECKSUM>
            </INSTANCE>
           </INSTANCES>
          </INFO>
         </ITEM>
        </FILE>
        <FILE link="Lib/Science/Physics/LanduLiphic/04.zip">
         <LOCATION>
          <URL>Lib/Science/Physics/LanduLiphic/04.zip</URL>
          <SIZE>77.9</SIZE>
          <CHECKSUM>0</CHECKSUM>
          <TYPE>zip</TYPE>
         </LOCATION>
         <ITEM>
          <INFO>
           <CATEGORIES>
            <CATEGORY>Lib/Science/Physics/LanduLiphic</CATEGORY>
           </CATEGORIES>
           <DESCRIPTION>Квантовая Электродинамика</DESCRIPTION>
           <AUTHORS>
            <AUTHOR>
             <FULLNAME>Ландау</FULLNAME>
             <LASTNAME>Ландау</LASTNAME>
             <FIRSTNAME></FIRSTNAME>
            </AUTHOR>
            <AUTHOR>
             <FULLNAME>Лифшиц</FULLNAME>
             <LASTNAME>Лифшиц</LASTNAME>
             <FIRSTNAME></FIRSTNAME>
            </AUTHOR>
           </AUTHORS>
           <TITLE>Квантовая Электродинамика</TITLE>
           <INSTANCES>
            <INSTANCE>
             <FORMAT>pdf</FORMAT>
             <SIZE>0</SIZE>
             <CHECKSUM>0</CHECKSUM>
            </INSTANCE>
           </INSTANCES>
          </INFO>
         </ITEM>
        </FILE>
        <FILE link="Lib/Science/Physics/LanduLiphic/05.zip">
         <LOCATION>
          <URL>Lib/Science/Physics/LanduLiphic/05.zip</URL>
          <SIZE>43.7</SIZE>
          <CHECKSUM>0</CHECKSUM>
          <TYPE>zip</TYPE>
         </LOCATION>
         <ITEM>
          <INFO>
           <CATEGORIES>
            <CATEGORY>Lib/Science/Physics/LanduLiphic</CATEGORY>
           </CATEGORIES>
           <DESCRIPTION>Статистическая Физика 1</DESCRIPTION>
           <AUTHORS>
            <AUTHOR>
             <FULLNAME>Ландау</FULLNAME>
             <LASTNAME>Ландау</LASTNAME>
             <FIRSTNAME></FIRSTNAME>
            </AUTHOR>
            <AUTHOR>
             <FULLNAME>Лифшиц</FULLNAME>
             <LASTNAME>Лифшиц</LASTNAME>
             <FIRSTNAME></FIRSTNAME>
            </AUTHOR>
           </AUTHORS>
           <TITLE>Статистическая Физика 1</TITLE>
           <INSTANCES>
            <INSTANCE>
             <FORMAT>pdf</FORMAT>
             <SIZE>0</SIZE>
             <CHECKSUM>0</CHECKSUM>
            </INSTANCE>
           </INSTANCES>
          </INFO>
         </ITEM>
        </FILE>
        <FILE link="Lib/Science/Physics/LanduLiphic/06.zip">
         <LOCATION>
          <URL>Lib/Science/Physics/LanduLiphic/06.zip</URL>
          <SIZE>86.1</SIZE>
          <CHECKSUM>0</CHECKSUM>
          <TYPE>zip</TYPE>
         </LOCATION>
         <ITEM>
          <INFO>
           <CATEGORIES>
            <CATEGORY>Lib/Science/Physics/LanduLiphic</CATEGORY>
           </CATEGORIES>
           <DESCRIPTION>Гидродинамика</DESCRIPTION>
           <AUTHORS>
            <AUTHOR>
             <FULLNAME>Ландау</FULLNAME>
             <LASTNAME>Ландау</LASTNAME>
             <FIRSTNAME></FIRSTNAME>
            </AUTHOR>
            <AUTHOR>
             <FULLNAME>Лифшиц</FULLNAME>
             <LASTNAME>Лифшиц</LASTNAME>
             <FIRSTNAME></FIRSTNAME>
            </AUTHOR>
           </AUTHORS>
           <TITLE>Гидродинамика</TITLE>
           <INSTANCES>
            <INSTANCE>
             <FORMAT>pdf</FORMAT>
             <SIZE>0</SIZE>
             <CHECKSUM>0</CHECKSUM>
            </INSTANCE>
           </INSTANCES>
          </INFO>
         </ITEM>
        </FILE>
        <FILE link="Lib/Science/Physics/LanduLiphic/07.zip">
         <LOCATION>
          <URL>Lib/Science/Physics/LanduLiphic/07.zip</URL>
          <SIZE>27.5</SIZE>
          <CHECKSUM>0</CHECKSUM>
          <TYPE>zip</TYPE>
         </LOCATION>
         <ITEM>
          <INFO>
           <CATEGORIES>
            <CATEGORY>Lib/Science/Physics/LanduLiphic</CATEGORY>
           </CATEGORIES>
           <DESCRIPTION>Теория Упругости</DESCRIPTION>
           <AUTHORS>
            <AUTHOR>
             <FULLNAME>Ландау</FULLNAME>
             <LASTNAME>Ландау</LASTNAME>
             <FIRSTNAME></FIRSTNAME>
            </AUTHOR>
            <AUTHOR>
             <FULLNAME>Лифшиц</FULLNAME>
             <LASTNAME>Лифшиц</LASTNAME>
             <FIRSTNAME></FIRSTNAME>
            </AUTHOR>
           </AUTHORS>
           <TITLE>Теория Упругости</TITLE>
           <INSTANCES>
            <INSTANCE>
             <FORMAT>pdf</FORMAT>
             <SIZE>0</SIZE>
             <CHECKSUM>0</CHECKSUM>
            </INSTANCE>
           </INSTANCES>
          </INFO>
         </ITEM>
        </FILE>
        <FILE link="Lib/Science/Physics/LanduLiphic/08.zip">
         <LOCATION>
          <URL>Lib/Science/Physics/LanduLiphic/08.zip</URL>
          <SIZE>74</SIZE>
          <CHECKSUM>0</CHECKSUM>
          <TYPE>zip</TYPE>
         </LOCATION>
         <ITEM>
          <INFO>
           <CATEGORIES>
            <CATEGORY>Lib/Science/Physics/LanduLiphic</CATEGORY>
           </CATEGORIES>
           <DESCRIPTION>Электродинамика Сплошых Сред</DESCRIPTION>
           <AUTHORS>
            <AUTHOR>
             <FULLNAME>Ландау</FULLNAME>
             <LASTNAME>Ландау</LASTNAME>
             <FIRSTNAME></FIRSTNAME>
            </AUTHOR>
            <AUTHOR>
             <FULLNAME>Лифшиц</FULLNAME>
             <LASTNAME>Лифшиц</LASTNAME>
             <FIRSTNAME></FIRSTNAME>
            </AUTHOR>
           </AUTHORS>
           <TITLE>Электродинамика Сплошых Сред</TITLE>
           <INSTANCES>
            <INSTANCE>
             <FORMAT>pdf</FORMAT>
             <SIZE>0</SIZE>
             <CHECKSUM>0</CHECKSUM>
            </INSTANCE>
           </INSTANCES>
          </INFO>
         </ITEM>
        </FILE>
        <FILE link="Lib/Science/Physics/LanduLiphic/09.zip">
         <LOCATION>
          <URL>Lib/Science/Physics/LanduLiphic/09.zip</URL>
          <SIZE>59.9</SIZE>
          <CHECKSUM>0</CHECKSUM>
          <TYPE>zip</TYPE>
         </LOCATION>
         <ITEM>
          <INFO>
           <CATEGORIES>
            <CATEGORY>Lib/Science/Physics/LanduLiphic</CATEGORY>
           </CATEGORIES>
           <DESCRIPTION>Статистическая Физика 2</DESCRIPTION>
           <AUTHORS>
            <AUTHOR>
             <FULLNAME>Ландау</FULLNAME>
             <LASTNAME>Ландау</LASTNAME>
             <FIRSTNAME></FIRSTNAME>
            </AUTHOR>
            <AUTHOR>
             <FULLNAME>Лифшиц</FULLNAME>
             <LASTNAME>Лифшиц</LASTNAME>
             <FIRSTNAME></FIRSTNAME>
            </AUTHOR>
           </AUTHORS>
           <TITLE>Статистическая Физика 2</TITLE>
           <INSTANCES>
            <INSTANCE>
             <FORMAT>pdf</FORMAT>
             <SIZE>0</SIZE>
             <CHECKSUM>0</CHECKSUM>
            </INSTANCE>
           </INSTANCES>
          </INFO>
         </ITEM>
        </FILE>
        <FILE link="Lib/Science/Physics/LanduLiphic/10.zip">
         <LOCATION>
          <URL>Lib/Science/Physics/LanduLiphic/10.zip</URL>
          <SIZE>58</SIZE>
          <CHECKSUM>0</CHECKSUM>
          <TYPE>zip</TYPE>
         </LOCATION>
         <ITEM>
          <INFO>
           <CATEGORIES>
            <CATEGORY>Lib/Science/Physics/LanduLiphic</CATEGORY>
           </CATEGORIES>
           <DESCRIPTION>Физическая Кинетика</DESCRIPTION>
           <AUTHORS>
            <AUTHOR>
             <FULLNAME>Ландау</FULLNAME>
             <LASTNAME>Ландау</LASTNAME>
             <FIRSTNAME></FIRSTNAME>
            </AUTHOR>
            <AUTHOR>
             <FULLNAME>Лифшиц</FULLNAME>
             <LASTNAME>Лифшиц</LASTNAME>
             <FIRSTNAME></FIRSTNAME>
            </AUTHOR>
           </AUTHORS>
           <TITLE>Физическая Кинетика</TITLE>
           <INSTANCES>
            <INSTANCE>
             <FORMAT>pdf</FORMAT>
             <SIZE>0</SIZE>
             <CHECKSUM>0</CHECKSUM>
            </INSTANCE>
           </INSTANCES>
          </INFO>
         </ITEM>
        </FILE>
       </FILELIST>
      </DIR>
      <DIR link="Lib/Science/Physics/Semiconductors">
       <LOCATION>
        <URL>Lib/Science/Physics/Semiconductors</URL>
        <SIZE>381.4</SIZE>
       </LOCATION>
       <FILELIST category="Lib/Science/Physics/Semiconductors">
        <INFO>
         <DESCRIPTION>Книги про Полупроводники</DESCRIPTION>
         <TITLE>Книги про Полупроводники</TITLE>
         <DEFAULTFORMAT>pdf</DEFAULTFORMAT>
        </INFO>
        <FILE link="Lib/Science/Physics/Semiconductors/Agranovich.zip">
         <LOCATION>
          <URL>Lib/Science/Physics/Semiconductors/Agranovich.zip</URL>
          <SIZE>14.9</SIZE>
          <CHECKSUM>0</CHECKSUM>
          <TYPE>zip</TYPE>
         </LOCATION>
         <ITEM>
          <INFO>
           <CATEGORIES>
            <CATEGORY>Lib/Science/Physics/Semiconductors</CATEGORY>
           </CATEGORIES>
           <DESCRIPTION>Теория Экситонов (Агранович)</DESCRIPTION>
           <AUTHORS>
            <AUTHOR>
             <FULLNAME>Агранович</FULLNAME>
             <LASTNAME>Агранович</LASTNAME>
             <FIRSTNAME></FIRSTNAME>
            </AUTHOR>
           </AUTHORS>
           <TITLE>Теория Экситонов</TITLE>
           <INSTANCES>
            <INSTANCE>
             <FORMAT>pdf</FORMAT>
             <SIZE>0</SIZE>
             <CHECKSUM>0</CHECKSUM>
            </INSTANCE>
           </INSTANCES>
          </INFO>
         </ITEM>
        </FILE>
        <FILE link="Lib/Science/Physics/Semiconductors/Anselm.zip">
         <LOCATION>
          <URL>Lib/Science/Physics/Semiconductors/Anselm.zip</URL>
          <SIZE>44.1</SIZE>
          <CHECKSUM>0</CHECKSUM>
          <TYPE>zip</TYPE>
         </LOCATION>
         <ITEM>
          <INFO>
           <CATEGORIES>
            <CATEGORY>Lib/Science/Physics/Semiconductors</CATEGORY>
           </CATEGORIES>
           <DESCRIPTION>Введение в Теорию Полупроводников (Ансельм)</DESCRIPTION>
           <AUTHORS>
            <AUTHOR>
             <FULLNAME>Ансельм</FULLNAME>
             <LASTNAME>Ансельм</LASTNAME>
             <FIRSTNAME></FIRSTNAME>
            </AUTHOR>
           </AUTHORS>
           <TITLE>Введение в Теорию Полупроводников</TITLE>
           <INSTANCES>
            <INSTANCE>
             <FORMAT>pdf</FORMAT>
             <SIZE>0</SIZE>
             <CHECKSUM>0</CHECKSUM>
            </INSTANCE>
           </INSTANCES>
          </INFO>
         </ITEM>
        </FILE>
        <FILE link="Lib/Science/Physics/Semiconductors/Ashkroft1.zip">
         <LOCATION>
          <URL>Lib/Science/Physics/Semiconductors/Ashkroft1.zip</URL>
          <SIZE>22</SIZE>
          <CHECKSUM>0</CHECKSUM>
          <TYPE>zip</TYPE>
         </LOCATION>
         <ITEM>
          <INFO>
           <CATEGORIES>
            <CATEGORY>Lib/Science/Physics/Semiconductors</CATEGORY>
           </CATEGORIES>
           <DESCRIPTION>Физика Твердого Тела т.1 (Ашкрофт)</DESCRIPTION>
           <AUTHORS>
            <AUTHOR>
             <FULLNAME>Ашкрофт</FULLNAME>
             <LASTNAME>Ашкрофт</LASTNAME>
             <FIRSTNAME></FIRSTNAME>
            </AUTHOR>
           </AUTHORS>
           <TITLE>Физика Твердого Тела</TITLE>
           <INSTANCES>
            <INSTANCE>
             <FORMAT>pdf</FORMAT>
             <SIZE>0</SIZE>
             <CHECKSUM>0</CHECKSUM>
            </INSTANCE>
           </INSTANCES>
          </INFO>
         </ITEM>
        </FILE>
        <FILE link="Lib/Science/Physics/Semiconductors/Ashkroft2.zip">
         <LOCATION>
          <URL>Lib/Science/Physics/Semiconductors/Ashkroft2.zip</URL>
          <SIZE>23.9</SIZE>
          <CHECKSUM>0</CHECKSUM>
          <TYPE>zip</TYPE>
         </LOCATION>
         <ITEM>
          <INFO>
           <CATEGORIES>
            <CATEGORY>Lib/Science/Physics/Semiconductors</CATEGORY>
           </CATEGORIES>
           <DESCRIPTION>Физика Твердого Тела т.2 (Ашкрофт)</DESCRIPTION>
           <AUTHORS>
            <AUTHOR>
             <FULLNAME>Ашкрофт</FULLNAME>
             <LASTNAME>Ашкрофт</LASTNAME>
             <FIRSTNAME></FIRSTNAME>
            </AUTHOR>
           </AUTHORS>
           <TITLE>Физика Твердого Тела</TITLE>
           <INSTANCES>
            <INSTANCE>
             <FORMAT>pdf</FORMAT>
             <SIZE>0</SIZE>
             <CHECKSUM>0</CHECKSUM>
            </INSTANCE>
           </INSTANCES>
          </INFO>
         </ITEM>
        </FILE>
        <FILE link="Lib/Science/Physics/Semiconductors/Askerov.zip">
         <LOCATION>
          <URL>Lib/Science/Physics/Semiconductors/Askerov.zip</URL>
          <SIZE>15.4</SIZE>
          <CHECKSUM>0</CHECKSUM>
          <TYPE>zip</TYPE>
         </LOCATION>
         <ITEM>
          <INFO>
           <CATEGORIES>
            <CATEGORY>Lib/Science/Physics/Semiconductors</CATEGORY>
           </CATEGORIES>
           <DESCRIPTION>Электронные Явления Переноса в Полупроводниках (Аскеров)</DESCRIPTION>
           <AUTHORS>
            <AUTHOR>
             <FULLNAME>Аскеров</FULLNAME>
             <LASTNAME>Аскеров</LASTNAME>
             <FIRSTNAME></FIRSTNAME>
            </AUTHOR>
           </AUTHORS>
           <TITLE>Электронные Явления Переноса в Полупроводниках</TITLE>
           <INSTANCES>
            <INSTANCE>
             <FORMAT>pdf</FORMAT>
             <SIZE>0</SIZE>
             <CHECKSUM>0</CHECKSUM>
            </INSTANCE>
           </INSTANCES>
          </INFO>
         </ITEM>
        </FILE>
        <FILE link="Lib/Science/Physics/Semiconductors/Baru.zip">
         <LOCATION>
          <URL>Lib/Science/Physics/Semiconductors/Baru.zip</URL>
          <SIZE>11.6</SIZE>
          <CHECKSUM>0</CHECKSUM>
          <TYPE>zip</TYPE>
         </LOCATION>
         <ITEM>
          <INFO>
           <CATEGORIES>
            <CATEGORY>Lib/Science/Physics/Semiconductors</CATEGORY>
           </CATEGORIES>
           <DESCRIPTION>Влияние Облучения на Поверхностные Свойства Полупроводников (Бару)</DESCRIPTION>
           <AUTHORS>
            <AUTHOR>
             <FULLNAME>Бару</FULLNAME>
             <LASTNAME>Бару</LASTNAME>
             <FIRSTNAME></FIRSTNAME>
            </AUTHOR>
           </AUTHORS>
           <TITLE>Влияние Облучения на Поверхностные Свойства Полупроводников</TITLE>
           <INSTANCES>
            <INSTANCE>
             <FORMAT>pdf</FORMAT>
             <SIZE>0</SIZE>
             <CHECKSUM>0</CHECKSUM>
            </INSTANCE>
           </INSTANCES>
          </INFO>
         </ITEM>
        </FILE>
        <FILE link="Lib/Science/Physics/Semiconductors/Girifalko.zip">
         <LOCATION>
          <URL>Lib/Science/Physics/Semiconductors/Girifalko.zip</URL>
          <SIZE>14.5</SIZE>
          <CHECKSUM>0</CHECKSUM>
          <TYPE>zip</TYPE>
         </LOCATION>
         <ITEM>
          <INFO>
           <CATEGORIES>
            <CATEGORY>Lib/Science/Physics/Semiconductors</CATEGORY>
           </CATEGORIES>
           <DESCRIPTION>Статистическая Физика Твердого Тела (Жирифалько)</DESCRIPTION>
           <AUTHORS>
            <AUTHOR>
             <FULLNAME>Жирифалько</FULLNAME>
             <LASTNAME>Жирифалько</LASTNAME>
             <FIRSTNAME></FIRSTNAME>
            </AUTHOR>
           </AUTHORS>
           <TITLE>Статистическая Физика Твердого Тела</TITLE>
           <INSTANCES>
            <INSTANCE>
             <FORMAT>pdf</FORMAT>
             <SIZE>0</SIZE>
             <CHECKSUM>0</CHECKSUM>
            </INSTANCE>
           </INSTANCES>
          </INFO>
         </ITEM>
        </FILE>
        <FILE link="Lib/Science/Physics/Semiconductors/Kalashnikov_I.zip">
         <LOCATION>
          <URL>Lib/Science/Physics/Semiconductors/Kalashnikov_I.zip</URL>
          <SIZE>61.4</SIZE>
          <CHECKSUM>0</CHECKSUM>
          <TYPE>zip</TYPE>
         </LOCATION>
         <ITEM>
          <INFO>
           <CATEGORIES>
            <CATEGORY>Lib/Science/Physics/Semiconductors</CATEGORY>
           </CATEGORIES>
           <DESCRIPTION>Физика Полупроводников (Бонч-Бруевич)</DESCRIPTION>
           <AUTHORS>
            <AUTHOR>
             <FULLNAME>Бонч-Бруевич</FULLNAME>
             <LASTNAME>Бонч-Бруевич</LASTNAME>
             <FIRSTNAME></FIRSTNAME>
            </AUTHOR>
           </AUTHORS>
           <TITLE>Физика Полупроводников</TITLE>
           <INSTANCES>
            <INSTANCE>
             <FORMAT>pdf</FORMAT>
             <SIZE>0</SIZE>
             <CHECKSUM>0</CHECKSUM>
            </INSTANCE>
           </INSTANCES>
          </INFO>
         </ITEM>
        </FILE>
        <FILE link="Lib/Science/Physics/Semiconductors/Kalashnikov_II.zip">
         <LOCATION>
          <URL>Lib/Science/Physics/Semiconductors/Kalashnikov_II.zip</URL>
          <SIZE>27.5</SIZE>
          <CHECKSUM>0</CHECKSUM>
          <TYPE>zip</TYPE>
         </LOCATION>
         <ITEM>
          <INFO>
           <CATEGORIES>
            <CATEGORY>Lib/Science/Physics/Semiconductors</CATEGORY>
           </CATEGORIES>
           <DESCRIPTION>Электронная Теория Неупорядоченных Полупроводников (Бонч-Бруевич)</DESCRIPTION>
           <AUTHORS>
            <AUTHOR>
             <FULLNAME>Бонч-Бруевич</FULLNAME>
             <LASTNAME>Бонч-Бруевич</LASTNAME>
             <FIRSTNAME></FIRSTNAME>
            </AUTHOR>
           </AUTHORS>
           <TITLE>Электронная Теория Неупорядоченных Полупроводников</TITLE>
           <INSTANCES>
            <INSTANCE>
             <FORMAT>pdf</FORMAT>
             <SIZE>0</SIZE>
             <CHECKSUM>0</CHECKSUM>
            </INSTANCE>
           </INSTANCES>
          </INFO>
         </ITEM>
        </FILE>
        <FILE link="Lib/Science/Physics/Semiconductors/Matare.zip">
         <LOCATION>
          <URL>Lib/Science/Physics/Semiconductors/Matare.zip</URL>
          <SIZE>32</SIZE>
          <CHECKSUM>0</CHECKSUM>
          <TYPE>zip</TYPE>
         </LOCATION>
         <ITEM>
          <INFO>
           <CATEGORIES>
            <CATEGORY>Lib/Science/Physics/Semiconductors</CATEGORY>
           </CATEGORIES>
           <DESCRIPTION>Электроника Дефектов в Полупроводниках (Матаре)</DESCRIPTION>
           <AUTHORS>
            <AUTHOR>
             <FULLNAME>Матаре</FULLNAME>
             <LASTNAME>Матаре</LASTNAME>
             <FIRSTNAME></FIRSTNAME>
            </AUTHOR>
           </AUTHORS>
           <TITLE>Электроника Дефектов в Полупроводниках</TITLE>
           <INSTANCES>
            <INSTANCE>
             <FORMAT>pdf</FORMAT>
             <SIZE>0</SIZE>
             <CHECKSUM>0</CHECKSUM>
            </INSTANCE>
           </INSTANCES>
          </INFO>
         </ITEM>
        </FILE>
        <FILE link="Lib/Science/Physics/Semiconductors/Noks.zip">
         <LOCATION>
          <URL>Lib/Science/Physics/Semiconductors/Noks.zip</URL>
          <SIZE>10.2</SIZE>
          <CHECKSUM>0</CHECKSUM>
          <TYPE>zip</TYPE>
         </LOCATION>
         <ITEM>
          <INFO>
           <CATEGORIES>
            <CATEGORY>Lib/Science/Physics/Semiconductors</CATEGORY>
           </CATEGORIES>
           <DESCRIPTION>Теория Экситонов (Нокс)</DESCRIPTION>
           <AUTHORS>
            <AUTHOR>
             <FULLNAME>Нокс</FULLNAME>
             <LASTNAME>Нокс</LASTNAME>
             <FIRSTNAME></FIRSTNAME>
            </AUTHOR>
           </AUTHORS>
           <TITLE>Теория Экситонов</TITLE>
           <INSTANCES>
            <INSTANCE>
             <FORMAT>pdf</FORMAT>
             <SIZE>0</SIZE>
             <CHECKSUM>0</CHECKSUM>
            </INSTANCE>
           </INSTANCES>
          </INFO>
         </ITEM>
        </FILE>
        <FILE link="Lib/Science/Physics/Semiconductors/OM.zip">
         <LOCATION>
          <URL>Lib/Science/Physics/Semiconductors/OM.zip</URL>
          <SIZE>2.5</SIZE>
          <CHECKSUM>0</CHECKSUM>
          <TYPE>zip</TYPE>
         </LOCATION>
         <ITEM>
          <INFO>
           <CATEGORIES>
            <CATEGORY>Lib/Science/Physics/Semiconductors</CATEGORY>
           </CATEGORIES>
           <DESCRIPTION>Основы Материаловедения и Технологии Полупроводников (Случинская)</DESCRIPTION>
           <AUTHORS>
            <AUTHOR>
             <FULLNAME>Случинская</FULLNAME>
             <LASTNAME>Случинская</LASTNAME>
             <FIRSTNAME></FIRSTNAME>
            </AUTHOR>
           </AUTHORS>
           <TITLE>Основы Материаловедения и Технологии Полупроводников</TITLE>
           <INSTANCES>
            <INSTANCE>
             <FORMAT>pdf</FORMAT>
             <SIZE>0</SIZE>
             <CHECKSUM>0</CHECKSUM>
            </INSTANCE>
           </INSTANCES>
          </INFO>
         </ITEM>
        </FILE>
        <FILE link="Lib/Science/Physics/Semiconductors/Problems.zip">
         <LOCATION>
          <URL>Lib/Science/Physics/Semiconductors/Problems.zip</URL>
          <SIZE>4.5</SIZE>
          <CHECKSUM>0</CHECKSUM>
          <TYPE>zip</TYPE>
         </LOCATION>
         <ITEM>
          <INFO>
           <CATEGORIES>
            <CATEGORY>Lib/Science/Physics/Semiconductors</CATEGORY>
           </CATEGORIES>
           <DESCRIPTION>Сборник задач по Физике Полупроводников (Бонч-Бруевич)</DESCRIPTION>
           <AUTHORS>
            <AUTHOR>
             <FULLNAME>Бонч-Бруевич</FULLNAME>
             <LASTNAME>Бонч-Бруевич</LASTNAME>
             <FIRSTNAME></FIRSTNAME>
            </AUTHOR>
           </AUTHORS>
           <TITLE>Сборник задач по Физике Полупроводников</TITLE>
           <INSTANCES>
            <INSTANCE>
             <FORMAT>pdf</FORMAT>
             <SIZE>0</SIZE>
             <CHECKSUM>0</CHECKSUM>
            </INSTANCE>
           </INSTANCES>
          </INFO>
         </ITEM>
        </FILE>
        <FILE link="Lib/Science/Physics/Semiconductors/Shalimova.zip">
         <LOCATION>
          <URL>Lib/Science/Physics/Semiconductors/Shalimova.zip</URL>
          <SIZE>17.9</SIZE>
          <CHECKSUM>0</CHECKSUM>
          <TYPE>zip</TYPE>
         </LOCATION>
         <ITEM>
          <INFO>
           <CATEGORIES>
            <CATEGORY>Lib/Science/Physics/Semiconductors</CATEGORY>
           </CATEGORIES>
           <DESCRIPTION>Физика Полупроводников (Шалимова)</DESCRIPTION>
           <AUTHORS>
            <AUTHOR>
             <FULLNAME>Шалимова</FULLNAME>
             <LASTNAME>Шалимова</LASTNAME>
             <FIRSTNAME></FIRSTNAME>
            </AUTHOR>
           </AUTHORS>
           <TITLE>Физика Полупроводников</TITLE>
           <INSTANCES>
            <INSTANCE>
             <FORMAT>pdf</FORMAT>
             <SIZE>0</SIZE>
             <CHECKSUM>0</CHECKSUM>
            </INSTANCE>
           </INSTANCES>
          </INFO>
         </ITEM>
        </FILE>
        <FILE link="Lib/Science/Physics/Semiconductors/Solid_St_surface.zip">
         <LOCATION>
          <URL>Lib/Science/Physics/Semiconductors/Solid_St_surface.zip</URL>
          <SIZE>13.1</SIZE>
          <CHECKSUM>0</CHECKSUM>
          <TYPE>zip</TYPE>
         </LOCATION>
         <ITEM>
          <INFO>
           <CATEGORIES>
            <CATEGORY>Lib/Science/Physics/Semiconductors</CATEGORY>
           </CATEGORIES>
           <DESCRIPTION>Основы Физики Поверхности Твердого Тела (Киселев)</DESCRIPTION>
           <AUTHORS>
            <AUTHOR>
             <FULLNAME>Киселев</FULLNAME>
             <LASTNAME>Киселев</LASTNAME>
             <FIRSTNAME></FIRSTNAME>
            </AUTHOR>
           </AUTHORS>
           <TITLE>Основы Физики Поверхности Твердого Тела</TITLE>
           <INSTANCES>
            <INSTANCE>
             <FORMAT>pdf</FORMAT>
             <SIZE>0</SIZE>
             <CHECKSUM>0</CHECKSUM>
            </INSTANCE>
           </INSTANCES>
          </INFO>
         </ITEM>
        </FILE>
        <FILE link="Lib/Science/Physics/Semiconductors/Stilbanse.zip">
         <LOCATION>
          <URL>Lib/Science/Physics/Semiconductors/Stilbanse.zip</URL>
          <SIZE>26.9</SIZE>
          <CHECKSUM>0</CHECKSUM>
          <TYPE>zip</TYPE>
         </LOCATION>
         <ITEM>
          <INFO>
           <CATEGORIES>
            <CATEGORY>Lib/Science/Physics/Semiconductors</CATEGORY>
           </CATEGORIES>
           <DESCRIPTION>Физика Полупроводников (Стильбанс)</DESCRIPTION>
           <AUTHORS>
            <AUTHOR>
             <FULLNAME>Стильбанс</FULLNAME>
             <LASTNAME>Стильбанс</LASTNAME>
             <FIRSTNAME></FIRSTNAME>
            </AUTHOR>
           </AUTHORS>
           <TITLE>Физика Полупроводников</TITLE>
           <INSTANCES>
            <INSTANCE>
             <FORMAT>pdf</FORMAT>
             <SIZE>0</SIZE>
             <CHECKSUM>0</CHECKSUM>
            </INSTANCE>
           </INSTANCES>
          </INFO>
         </ITEM>
        </FILE>
        <FILE link="Lib/Science/Physics/Semiconductors/Vavilov.zip">
         <LOCATION>
          <URL>Lib/Science/Physics/Semiconductors/Vavilov.zip</URL>
          <SIZE>15.4</SIZE>
          <CHECKSUM>0</CHECKSUM>
          <TYPE>zip</TYPE>
         </LOCATION>
         <ITEM>
          <INFO>
           <CATEGORIES>
            <CATEGORY>Lib/Science/Physics/Semiconductors</CATEGORY>
           </CATEGORIES>
           <DESCRIPTION>Механизмы Образования и Миграции Дефектов в Полупроводниках (Вавилов)</DESCRIPTION>
           <AUTHORS>
            <AUTHOR>
             <FULLNAME>Вавилов</FULLNAME>
             <LASTNAME>Вавилов</LASTNAME>
             <FIRSTNAME></FIRSTNAME>
            </AUTHOR>
           </AUTHORS>
           <TITLE>Механизмы Образования и Миграции Дефектов в Полупроводниках</TITLE>
           <INSTANCES>
            <INSTANCE>
             <FORMAT>pdf</FORMAT>
             <SIZE>0</SIZE>
             <CHECKSUM>0</CHECKSUM>
            </INSTANCE>
           </INSTANCES>
          </INFO>
         </ITEM>
        </FILE>
        <FILE link="Lib/Science/Physics/Semiconductors/Zeeger.zip">
         <LOCATION>
          <URL>Lib/Science/Physics/Semiconductors/Zeeger.zip</URL>
          <SIZE>23.5</SIZE>
          <CHECKSUM>0</CHECKSUM>
          <TYPE>zip</TYPE>
         </LOCATION>
         <ITEM>
          <INFO>
           <CATEGORIES>
            <CATEGORY>Lib/Science/Physics/Semiconductors</CATEGORY>
           </CATEGORIES>
           <DESCRIPTION>Физика Полупроводников (Зеегер)</DESCRIPTION>
           <AUTHORS>
            <AUTHOR>
             <FULLNAME>Зеегер</FULLNAME>
             <LASTNAME>Зеегер</LASTNAME>
             <FIRSTNAME></FIRSTNAME>
            </AUTHOR>
           </AUTHORS>
           <TITLE>Физика Полупроводников</TITLE>
           <INSTANCES>
            <INSTANCE>
             <FORMAT>pdf</FORMAT>
             <SIZE>0</SIZE>
             <CHECKSUM>0</CHECKSUM>
            </INSTANCE>
           </INSTANCES>
          </INFO>
         </ITEM>
        </FILE>
       </FILELIST>
      </DIR>
      <DIR link="Lib/Science/Physics/Sivuhin">
       <LOCATION>
        <URL>Lib/Science/Physics/Sivuhin</URL>
        <SIZE>183.2</SIZE>
       </LOCATION>
       <FILELIST category="Lib/Science/Physics/Sivuhin">
        <INFO>
         <DESCRIPTION>Общий Курс Физики (Сивухин)</DESCRIPTION>
         <AUTHORS>
          <AUTHOR>
           <FULLNAME>Сивухин</FULLNAME>
           <LASTNAME>Сивухин</LASTNAME>
           <FIRSTNAME></FIRSTNAME>
          </AUTHOR>
         </AUTHORS>
         <TITLE>Общий Курс Физики</TITLE>
         <DEFAULTFORMAT>pdf</DEFAULTFORMAT>
        </INFO>
        <FILE link="Lib/Science/Physics/Sivuhin/Sivuhin_I.zip">
         <LOCATION>
          <URL>Lib/Science/Physics/Sivuhin/Sivuhin_I.zip</URL>
          <SIZE>26.2</SIZE>
          <CHECKSUM>0</CHECKSUM>
          <TYPE>zip</TYPE>
         </LOCATION>
         <ITEM>
          <INFO>
           <CATEGORIES>
            <CATEGORY>Lib/Science/Physics/Sivuhin</CATEGORY>
           </CATEGORIES>
           <DESCRIPTION>Механика</DESCRIPTION>
           <AUTHORS>
            <AUTHOR>
             <FULLNAME>Сивухин</FULLNAME>
             <LASTNAME>Сивухин</LASTNAME>
             <FIRSTNAME></FIRSTNAME>
            </AUTHOR>
           </AUTHORS>
           <TITLE>Механика</TITLE>
           <INSTANCES>
            <INSTANCE>
             <FORMAT>pdf</FORMAT>
             <SIZE>0</SIZE>
             <CHECKSUM>0</CHECKSUM>
            </INSTANCE>
           </INSTANCES>
          </INFO>
         </ITEM>
        </FILE>
        <FILE link="Lib/Science/Physics/Sivuhin/SIVUHIN_II.zip">
         <LOCATION>
          <URL>Lib/Science/Physics/Sivuhin/SIVUHIN_II.zip</URL>
          <SIZE>27.4</SIZE>
          <CHECKSUM>0</CHECKSUM>
          <TYPE>zip</TYPE>
         </LOCATION>
         <ITEM>
          <INFO>
           <CATEGORIES>
            <CATEGORY>Lib/Science/Physics/Sivuhin</CATEGORY>
           </CATEGORIES>
           <DESCRIPTION>Термодинамика и Молекулярная Физика</DESCRIPTION>
           <AUTHORS>
            <AUTHOR>
             <FULLNAME>Сивухин</FULLNAME>
             <LASTNAME>Сивухин</LASTNAME>
             <FIRSTNAME></FIRSTNAME>
            </AUTHOR>
           </AUTHORS>
           <TITLE>Термодинамика и Молекулярная Физика</TITLE>
           <INSTANCES>
            <INSTANCE>
             <FORMAT>pdf</FORMAT>
             <SIZE>0</SIZE>
             <CHECKSUM>0</CHECKSUM>
            </INSTANCE>
           </INSTANCES>
          </INFO>
         </ITEM>
        </FILE>
        <FILE link="Lib/Science/Physics/Sivuhin/Sivuhin_III.zip">
         <LOCATION>
          <URL>Lib/Science/Physics/Sivuhin/Sivuhin_III.zip</URL>
          <SIZE>34.3</SIZE>
          <CHECKSUM>0</CHECKSUM>
          <TYPE>zip</TYPE>
         </LOCATION>
         <ITEM>
          <INFO>
           <CATEGORIES>
            <CATEGORY>Lib/Science/Physics/Sivuhin</CATEGORY>
           </CATEGORIES>
           <DESCRIPTION>Электричество</DESCRIPTION>
           <AUTHORS>
            <AUTHOR>
             <FULLNAME>Сивухин</FULLNAME>
             <LASTNAME>Сивухин</LASTNAME>
             <FIRSTNAME></FIRSTNAME>
            </AUTHOR>
           </AUTHORS>
           <TITLE>Электричество</TITLE>
           <INSTANCES>
            <INSTANCE>
             <FORMAT>pdf</FORMAT>
             <SIZE>0</SIZE>
             <CHECKSUM>0</CHECKSUM>
            </INSTANCE>
           </INSTANCES>
          </INFO>
         </ITEM>
        </FILE>
        <FILE link="Lib/Science/Physics/Sivuhin/Sivuhin_IV.zip">
         <LOCATION>
          <URL>Lib/Science/Physics/Sivuhin/Sivuhin_IV.zip</URL>
          <SIZE>39.3</SIZE>
          <CHECKSUM>0</CHECKSUM>
          <TYPE>zip</TYPE>
         </LOCATION>
         <ITEM>
          <INFO>
           <CATEGORIES>
            <CATEGORY>Lib/Science/Physics/Sivuhin</CATEGORY>
           </CATEGORIES>
           <DESCRIPTION>Оптика</DESCRIPTION>
           <AUTHORS>
            <AUTHOR>
             <FULLNAME>Сивухин</FULLNAME>
             <LASTNAME>Сивухин</LASTNAME>
             <FIRSTNAME></FIRSTNAME>
            </AUTHOR>
           </AUTHORS>
           <TITLE>Оптика</TITLE>
           <INSTANCES>
            <INSTANCE>
             <FORMAT>pdf</FORMAT>
             <SIZE>0</SIZE>
             <CHECKSUM>0</CHECKSUM>
            </INSTANCE>
           </INSTANCES>
          </INFO>
         </ITEM>
        </FILE>
        <FILE link="Lib/Science/Physics/Sivuhin/Sivuhin_V-1.zip">
         <LOCATION>
          <URL>Lib/Science/Physics/Sivuhin/Sivuhin_V-1.zip</URL>
          <SIZE>33.6</SIZE>
          <CHECKSUM>0</CHECKSUM>
          <TYPE>zip</TYPE>
         </LOCATION>
         <ITEM>
          <INFO>
           <CATEGORIES>
            <CATEGORY>Lib/Science/Physics/Sivuhin</CATEGORY>
           </CATEGORIES>
           <DESCRIPTION>Атомная Физика</DESCRIPTION>
           <AUTHORS>
            <AUTHOR>
             <FULLNAME>Сивухин</FULLNAME>
             <LASTNAME>Сивухин</LASTNAME>
             <FIRSTNAME></FIRSTNAME>
            </AUTHOR>
           </AUTHORS>
           <TITLE>Атомная Физика</TITLE>
           <INSTANCES>
            <INSTANCE>
             <FORMAT>pdf</FORMAT>
             <SIZE>0</SIZE>
             <CHECKSUM>0</CHECKSUM>
            </INSTANCE>
           </INSTANCES>
          </INFO>
         </ITEM>
        </FILE>
        <FILE link="Lib/Science/Physics/Sivuhin/Sivuhin_V-2.zip">
         <LOCATION>
          <URL>Lib/Science/Physics/Sivuhin/Sivuhin_V-2.zip</URL>
          <SIZE>22.3</SIZE>
          <CHECKSUM>0</CHECKSUM>
          <TYPE>zip</TYPE>
         </LOCATION>
         <ITEM>
          <INFO>
           <CATEGORIES>
            <CATEGORY>Lib/Science/Physics/Sivuhin</CATEGORY>
           </CATEGORIES>
           <DESCRIPTION>Ядерная Физика</DESCRIPTION>
           <AUTHORS>
            <AUTHOR>
             <FULLNAME>Сивухин</FULLNAME>
             <LASTNAME>Сивухин</LASTNAME>
             <FIRSTNAME></FIRSTNAME>
            </AUTHOR>
           </AUTHORS>
           <TITLE>Ядерная Физика</TITLE>
           <INSTANCES>
            <INSTANCE>
             <FORMAT>pdf</FORMAT>
             <SIZE>0</SIZE>
             <CHECKSUM>0</CHECKSUM>
            </INSTANCE>
           </INSTANCES>
          </INFO>
         </ITEM>
        </FILE>
       </FILELIST>
      </DIR>
      <DIR link="Lib/Science/Physics/Statu">
       <LOCATION>
        <URL>Lib/Science/Physics/Statu</URL>
        <SIZE>189</SIZE>
       </LOCATION>
       <FILELIST category="Lib/Science/Physics/Statu">
        <INFO>
         <DESCRIPTION>Статистические Теории</DESCRIPTION>
         <TITLE>Статистические Теории</TITLE>
         <DEFAULTFORMAT>pdf</DEFAULTFORMAT>
        </INFO>
        <FILE link="Lib/Science/Physics/Statu/Aizenshic.zip">
         <LOCATION>
          <URL>Lib/Science/Physics/Statu/Aizenshic.zip</URL>
          <SIZE>4.6</SIZE>
          <CHECKSUM>0</CHECKSUM>
          <TYPE>zip</TYPE>
         </LOCATION>
         <ITEM>
          <INFO>
           <CATEGORIES>
            <CATEGORY>Lib/Science/Physics/Statu</CATEGORY>
           </CATEGORIES>
           <DESCRIPTION>Статистическая теория необратимых процессов (Айзеншиц)</DESCRIPTION>
           <AUTHORS>
            <AUTHOR>
             <FULLNAME>Айзеншиц</FULLNAME>
             <LASTNAME>Айзеншиц</LASTNAME>
             <FIRSTNAME></FIRSTNAME>
            </AUTHOR>
           </AUTHORS>
           <TITLE>Статистическая теория необратимых процессов</TITLE>
           <INSTANCES>
            <INSTANCE>
             <FORMAT>pdf</FORMAT>
             <SIZE>0</SIZE>
             <CHECKSUM>0</CHECKSUM>
            </INSTANCE>
           </INSTANCES>
          </INFO>
         </ITEM>
        </FILE>
        <FILE link="Lib/Science/Physics/Statu/Bahareeva.zip">
         <LOCATION>
          <URL>Lib/Science/Physics/Statu/Bahareeva.zip</URL>
          <SIZE>5.8</SIZE>
          <CHECKSUM>0</CHECKSUM>
          <TYPE>zip</TYPE>
         </LOCATION>
         <ITEM>
          <INFO>
           <CATEGORIES>
            <CATEGORY>Lib/Science/Physics/Statu</CATEGORY>
           </CATEGORIES>
           <DESCRIPTION>Нелинейная неравновесная термодинамика (Бахарева)</DESCRIPTION>
           <AUTHORS>
            <AUTHOR>
             <FULLNAME>Бахарева</FULLNAME>
             <LASTNAME>Бахарева</LASTNAME>
             <FIRSTNAME></FIRSTNAME>
            </AUTHOR>
           </AUTHORS>
           <TITLE>Нелинейная неравновесная термодинамика</TITLE>
           <INSTANCES>
            <INSTANCE>
             <FORMAT>pdf</FORMAT>
             <SIZE>0</SIZE>
             <CHECKSUM>0</CHECKSUM>
            </INSTANCE>
           </INSTANCES>
          </INFO>
         </ITEM>
        </FILE>
        <FILE link="Lib/Science/Physics/Statu/Bazarov.zip">
         <LOCATION>
          <URL>Lib/Science/Physics/Statu/Bazarov.zip</URL>
          <SIZE>22.1</SIZE>
          <CHECKSUM>0</CHECKSUM>
          <TYPE>zip</TYPE>
         </LOCATION>
         <ITEM>
          <INFO>
           <CATEGORIES>
            <CATEGORY>Lib/Science/Physics/Statu</CATEGORY>
           </CATEGORIES>
           <DESCRIPTION>Термодинамика (Базаров)</DESCRIPTION>
           <AUTHORS>
            <AUTHOR>
             <FULLNAME>Базаров</FULLNAME>
             <LASTNAME>Базаров</LASTNAME>
             <FIRSTNAME></FIRSTNAME>
            </AUTHOR>
           </AUTHORS>
           <TITLE>Термодинамика</TITLE>
           <INSTANCES>
            <INSTANCE>
             <FORMAT>pdf</FORMAT>
             <SIZE>0</SIZE>
             <CHECKSUM>0</CHECKSUM>
            </INSTANCE>
           </INSTANCES>
          </INFO>
         </ITEM>
        </FILE>
        <FILE link="Lib/Science/Physics/Statu/Bio.zip">
         <LOCATION>
          <URL>Lib/Science/Physics/Statu/Bio.zip</URL>
          <SIZE>7.9</SIZE>
          <CHECKSUM>0</CHECKSUM>
          <TYPE>zip</TYPE>
         </LOCATION>
         <ITEM>
          <INFO>
           <CATEGORIES>
            <CATEGORY>Lib/Science/Physics/Statu</CATEGORY>
           </CATEGORIES>
           <DESCRIPTION>Вариационные принципы в теории теплообмена (Био)</DESCRIPTION>
           <AUTHORS>
            <AUTHOR>
             <FULLNAME>Био</FULLNAME>
             <LASTNAME>Био</LASTNAME>
             <FIRSTNAME></FIRSTNAME>
            </AUTHOR>
           </AUTHORS>
           <TITLE>Вариационные принципы в теории теплообмена</TITLE>
           <INSTANCES>
            <INSTANCE>
             <FORMAT>pdf</FORMAT>
             <SIZE>0</SIZE>
             <CHECKSUM>0</CHECKSUM>
            </INSTANCE>
           </INSTANCES>
          </INFO>
         </ITEM>
        </FILE>
        <FILE link="Lib/Science/Physics/Statu/Feinman.zip">
         <LOCATION>
          <URL>Lib/Science/Physics/Statu/Feinman.zip</URL>
          <SIZE>15.3</SIZE>
          <CHECKSUM>0</CHECKSUM>
          <TYPE>zip</TYPE>
         </LOCATION>
         <ITEM>
          <INFO>
           <CATEGORIES>
            <CATEGORY>Lib/Science/Physics/Statu</CATEGORY>
           </CATEGORIES>
           <DESCRIPTION>Статистическая механика (Фейнман)</DESCRIPTION>
           <AUTHORS>
            <AUTHOR>
             <FULLNAME>Фейнман</FULLNAME>
             <LASTNAME>Фейнман</LASTNAME>
             <FIRSTNAME></FIRSTNAME>
            </AUTHOR>
           </AUTHORS>
           <TITLE>Статистическая механика</TITLE>
           <INSTANCES>
            <INSTANCE>
             <FORMAT>pdf</FORMAT>
             <SIZE>0</SIZE>
             <CHECKSUM>0</CHECKSUM>
            </INSTANCE>
           </INSTANCES>
          </INFO>
         </ITEM>
        </FILE>
        <FILE link="Lib/Science/Physics/Statu/Gibbs.zip">
         <LOCATION>
          <URL>Lib/Science/Physics/Statu/Gibbs.zip</URL>
          <SIZE>19</SIZE>
          <CHECKSUM>0</CHECKSUM>
          <TYPE>zip</TYPE>
         </LOCATION>
         <ITEM>
          <INFO>
           <CATEGORIES>
            <CATEGORY>Lib/Science/Physics/Statu</CATEGORY>
           </CATEGORIES>
           <DESCRIPTION>Основные принципы статистической механики (Гиббс)</DESCRIPTION>
           <AUTHORS>
            <AUTHOR>
             <FULLNAME>Гиббс</FULLNAME>
             <LASTNAME>Гиббс</LASTNAME>
             <FIRSTNAME></FIRSTNAME>
            </AUTHOR>
           </AUTHORS>
           <TITLE>Основные принципы статистической механики</TITLE>
           <INSTANCES>
            <INSTANCE>
             <FORMAT>pdf</FORMAT>
             <SIZE>0</SIZE>
             <CHECKSUM>0</CHECKSUM>
            </INSTANCE>
           </INSTANCES>
          </INFO>
         </ITEM>
        </FILE>
        <FILE link="Lib/Science/Physics/Statu/Huang.zip">
         <LOCATION>
          <URL>Lib/Science/Physics/Statu/Huang.zip</URL>
          <SIZE>24</SIZE>
          <CHECKSUM>0</CHECKSUM>
          <TYPE>zip</TYPE>
         </LOCATION>
         <ITEM>
          <INFO>
           <CATEGORIES>
            <CATEGORY>Lib/Science/Physics/Statu</CATEGORY>
           </CATEGORIES>
           <DESCRIPTION>Статистическая механика (Хуанг)</DESCRIPTION>
           <AUTHORS>
            <AUTHOR>
             <FULLNAME>Хуанг</FULLNAME>
             <LASTNAME>Хуанг</LASTNAME>
             <FIRSTNAME></FIRSTNAME>
            </AUTHOR>
           </AUTHORS>
           <TITLE>Статистическая механика</TITLE>
           <INSTANCES>
            <INSTANCE>
             <FORMAT>pdf</FORMAT>
             <SIZE>0</SIZE>
             <CHECKSUM>0</CHECKSUM>
            </INSTANCE>
           </INSTANCES>
          </INFO>
         </ITEM>
        </FILE>
        <FILE link="Lib/Science/Physics/Statu/Kubo.zip">
         <LOCATION>
          <URL>Lib/Science/Physics/Statu/Kubo.zip</URL>
          <SIZE>17.3</SIZE>
          <CHECKSUM>0</CHECKSUM>
          <TYPE>zip</TYPE>
         </LOCATION>
         <ITEM>
          <INFO>
           <CATEGORIES>
            <CATEGORY>Lib/Science/Physics/Statu</CATEGORY>
           </CATEGORIES>
           <DESCRIPTION>Статистическая механика (Кубо)</DESCRIPTION>
           <AUTHORS>
            <AUTHOR>
             <FULLNAME>Кубо</FULLNAME>
             <LASTNAME>Кубо</LASTNAME>
             <FIRSTNAME></FIRSTNAME>
            </AUTHOR>
           </AUTHORS>
           <TITLE>Статистическая механика</TITLE>
           <INSTANCES>
            <INSTANCE>
             <FORMAT>pdf</FORMAT>
             <SIZE>0</SIZE>
             <CHECKSUM>0</CHECKSUM>
            </INSTANCE>
           </INSTANCES>
          </INFO>
         </ITEM>
        </FILE>
        <FILE link="Lib/Science/Physics/Statu/Leontovich.zip">
         <LOCATION>
          <URL>Lib/Science/Physics/Statu/Leontovich.zip</URL>
          <SIZE>19.4</SIZE>
          <CHECKSUM>0</CHECKSUM>
          <TYPE>zip</TYPE>
         </LOCATION>
         <ITEM>
          <INFO>
           <CATEGORIES>
            <CATEGORY>Lib/Science/Physics/Statu</CATEGORY>
           </CATEGORIES>
           <DESCRIPTION>Введение в термодинамику. Статистическая физика (Леонтович)</DESCRIPTION>
           <AUTHORS>
            <AUTHOR>
             <FULLNAME>Леонтович</FULLNAME>
             <LASTNAME>Леонтович</LASTNAME>
             <FIRSTNAME></FIRSTNAME>
            </AUTHOR>
           </AUTHORS>
           <TITLE>Введение в термодинамику. Статистическая физика</TITLE>
           <INSTANCES>
            <INSTANCE>
             <FORMAT>pdf</FORMAT>
             <SIZE>0</SIZE>
             <CHECKSUM>0</CHECKSUM>
            </INSTANCE>
           </INSTANCES>
          </INFO>
         </ITEM>
        </FILE>
        <FILE link="Lib/Science/Physics/Statu/Lorenz2.zip">
         <LOCATION>
          <URL>Lib/Science/Physics/Statu/Lorenz2.zip</URL>
          <SIZE>8.8</SIZE>
          <CHECKSUM>0</CHECKSUM>
          <TYPE>zip</TYPE>
         </LOCATION>
         <ITEM>
          <INFO>
           <CATEGORIES>
            <CATEGORY>Lib/Science/Physics/Statu</CATEGORY>
           </CATEGORIES>
           <DESCRIPTION>Статистические теории в термодинамике (Лоренц)</DESCRIPTION>
           <AUTHORS>
            <AUTHOR>
             <FULLNAME>Лоренц</FULLNAME>
             <LASTNAME>Лоренц</LASTNAME>
             <FIRSTNAME></FIRSTNAME>
            </AUTHOR>
           </AUTHORS>
           <TITLE>Статистические теории в термодинамике</TITLE>
           <INSTANCES>
            <INSTANCE>
             <FORMAT>pdf</FORMAT>
             <SIZE>0</SIZE>
             <CHECKSUM>0</CHECKSUM>
            </INSTANCE>
           </INSTANCES>
          </INFO>
         </ITEM>
        </FILE>
        <FILE link="Lib/Science/Physics/Statu/Rumer.zip">
         <LOCATION>
          <URL>Lib/Science/Physics/Statu/Rumer.zip</URL>
          <SIZE>27.7</SIZE>
          <CHECKSUM>0</CHECKSUM>
          <TYPE>zip</TYPE>
         </LOCATION>
         <ITEM>
          <INFO>
           <CATEGORIES>
            <CATEGORY>Lib/Science/Physics/Statu</CATEGORY>
           </CATEGORIES>
           <DESCRIPTION>Термодинамика, статистическая физика и кинетика (Румер,Рывкин)</DESCRIPTION>
           <AUTHORS>
            <AUTHOR>
             <FULLNAME>Румер</FULLNAME>
             <LASTNAME>Румер</LASTNAME>
             <FIRSTNAME></FIRSTNAME>
            </AUTHOR>
            <AUTHOR>
             <FULLNAME>Рывкин</FULLNAME>
             <LASTNAME>Рывкин</LASTNAME>
             <FIRSTNAME></FIRSTNAME>
            </AUTHOR>
           </AUTHORS>
           <TITLE>Термодинамика, статистическая физика и кинетика</TITLE>
           <INSTANCES>
            <INSTANCE>
             <FORMAT>pdf</FORMAT>
             <SIZE>0</SIZE>
             <CHECKSUM>0</CHECKSUM>
            </INSTANCE>
           </INSTANCES>
          </INFO>
         </ITEM>
        </FILE>
        <FILE link="Lib/Science/Physics/Statu/Sadovsky.zip">
         <LOCATION>
          <URL>Lib/Science/Physics/Statu/Sadovsky.zip</URL>
          <SIZE>1.4</SIZE>
          <CHECKSUM>0</CHECKSUM>
          <TYPE>zip</TYPE>
         </LOCATION>
         <ITEM>
          <INFO>
           <CATEGORIES>
            <CATEGORY>Lib/Science/Physics/Statu</CATEGORY>
           </CATEGORIES>
           <DESCRIPTION>Лекции по Статистической Физике (Садовский)</DESCRIPTION>
           <AUTHORS>
            <AUTHOR>
             <FULLNAME>Садовский</FULLNAME>
             <LASTNAME>Садовский</LASTNAME>
             <FIRSTNAME></FIRSTNAME>
            </AUTHOR>
           </AUTHORS>
           <TITLE>Лекции по Статистической Физике</TITLE>
           <INSTANCES>
            <INSTANCE>
             <FORMAT>pdf</FORMAT>
             <SIZE>0</SIZE>
             <CHECKSUM>0</CHECKSUM>
            </INSTANCE>
           </INSTANCES>
          </INFO>
         </ITEM>
        </FILE>
        <FILE link="Lib/Science/Physics/Statu/Shredinger.zip">
         <LOCATION>
          <URL>Lib/Science/Physics/Statu/Shredinger.zip</URL>
          <SIZE>5</SIZE>
          <CHECKSUM>0</CHECKSUM>
          <TYPE>zip</TYPE>
         </LOCATION>
         <ITEM>
          <INFO>
           <CATEGORIES>
            <CATEGORY>Lib/Science/Physics/Statu</CATEGORY>
           </CATEGORIES>
           <DESCRIPTION>Статистическая термодинамика (Шредингер)</DESCRIPTION>
           <AUTHORS>
            <AUTHOR>
             <FULLNAME>Шредингер</FULLNAME>
             <LASTNAME>Шредингер</LASTNAME>
             <FIRSTNAME></FIRSTNAME>
            </AUTHOR>
           </AUTHORS>
           <TITLE>Статистическая термодинамика</TITLE>
           <INSTANCES>
            <INSTANCE>
             <FORMAT>pdf</FORMAT>
             <SIZE>0</SIZE>
             <CHECKSUM>0</CHECKSUM>
            </INSTANCE>
           </INSTANCES>
          </INFO>
         </ITEM>
        </FILE>
        <FILE link="Lib/Science/Physics/Statu/Ulenbek.zip">
         <LOCATION>
          <URL>Lib/Science/Physics/Statu/Ulenbek.zip</URL>
          <SIZE>10.7</SIZE>
          <CHECKSUM>0</CHECKSUM>
          <TYPE>zip</TYPE>
         </LOCATION>
         <ITEM>
          <INFO>
           <CATEGORIES>
            <CATEGORY>Lib/Science/Physics/Statu</CATEGORY>
           </CATEGORIES>
           <DESCRIPTION>Лекции по статистической механике (Уленбек,Форд)</DESCRIPTION>
           <AUTHORS>
            <AUTHOR>
             <FULLNAME>Уленбек</FULLNAME>
             <LASTNAME>Уленбек</LASTNAME>
             <FIRSTNAME></FIRSTNAME>
            </AUTHOR>
            <AUTHOR>
             <FULLNAME>Форд</FULLNAME>
             <LASTNAME>Форд</LASTNAME>
             <FIRSTNAME></FIRSTNAME>
            </AUTHOR>
           </AUTHORS>
           <TITLE>Лекции по статистической механике</TITLE>
           <INSTANCES>
            <INSTANCE>
             <FORMAT>pdf</FORMAT>
             <SIZE>0</SIZE>
             <CHECKSUM>0</CHECKSUM>
            </INSTANCE>
           </INSTANCES>
          </INFO>
         </ITEM>
        </FILE>
       </FILELIST>
      </DIR>
      <DIR link="Lib/Science/Physics/Symmetry">
       <LOCATION>
        <URL>Lib/Science/Physics/Symmetry</URL>
        <SIZE>175.1</SIZE>
       </LOCATION>
       <FILELIST category="Lib/Science/Physics/Symmetry">
        <INFO>
         <DESCRIPTION>Теории Симметрии</DESCRIPTION>
         <TITLE>Теории Симметрии</TITLE>
         <DEFAULTFORMAT>pdf</DEFAULTFORMAT>
        </INFO>
        <FILE link="Lib/Science/Physics/Symmetry/Birman1.zip">
         <LOCATION>
          <URL>Lib/Science/Physics/Symmetry/Birman1.zip</URL>
          <SIZE>15.2</SIZE>
          <CHECKSUM>0</CHECKSUM>
          <TYPE>zip</TYPE>
         </LOCATION>
         <ITEM>
          <INFO>
           <CATEGORIES>
            <CATEGORY>Lib/Science/Physics/Symmetry</CATEGORY>
           </CATEGORIES>
           <DESCRIPTION>Пространственные Симметрия и Оптические Свойства Твердых Тел т.1 (Бирман)</DESCRIPTION>
           <AUTHORS>
            <AUTHOR>
             <FULLNAME>Бирман</FULLNAME>
             <LASTNAME>Бирман</LASTNAME>
             <FIRSTNAME></FIRSTNAME>
            </AUTHOR>
           </AUTHORS>
           <TITLE>Пространственные Симметрия и Оптические Свойства Твердых Тел</TITLE>
           <INSTANCES>
            <INSTANCE>
             <FORMAT>pdf</FORMAT>
             <SIZE>0</SIZE>
             <CHECKSUM>0</CHECKSUM>
            </INSTANCE>
           </INSTANCES>
          </INFO>
         </ITEM>
        </FILE>
        <FILE link="Lib/Science/Physics/Symmetry/Birman2.zip">
         <LOCATION>
          <URL>Lib/Science/Physics/Symmetry/Birman2.zip</URL>
          <SIZE>13.1</SIZE>
          <CHECKSUM>0</CHECKSUM>
          <TYPE>zip</TYPE>
         </LOCATION>
         <ITEM>
          <INFO>
           <CATEGORIES>
            <CATEGORY>Lib/Science/Physics/Symmetry</CATEGORY>
           </CATEGORIES>
           <DESCRIPTION>Пространственные Симметрия и Оптические Свойства Твердых Тел т.2 (Бирман)</DESCRIPTION>
           <AUTHORS>
            <AUTHOR>
             <FULLNAME>Бирман</FULLNAME>
             <LASTNAME>Бирман</LASTNAME>
             <FIRSTNAME></FIRSTNAME>
            </AUTHOR>
           </AUTHORS>
           <TITLE>Пространственные Симметрия и Оптические Свойства Твердых Тел</TITLE>
           <INSTANCES>
            <INSTANCE>
             <FORMAT>pdf</FORMAT>
             <SIZE>0</SIZE>
             <CHECKSUM>0</CHECKSUM>
            </INSTANCE>
           </INSTANCES>
          </INFO>
         </ITEM>
        </FILE>
        <FILE link="Lib/Science/Physics/Symmetry/Manko.zip">
         <LOCATION>
          <URL>Lib/Science/Physics/Symmetry/Manko.zip</URL>
          <SIZE>13.8</SIZE>
          <CHECKSUM>0</CHECKSUM>
          <TYPE>zip</TYPE>
         </LOCATION>
         <ITEM>
          <INFO>
           <CATEGORIES>
            <CATEGORY>Lib/Science/Physics/Symmetry</CATEGORY>
           </CATEGORIES>
           <DESCRIPTION>Динамические Симметрии и Когерентные Состояния Квантовых Систем (Малкин,Манько)</DESCRIPTION>
           <AUTHORS>
            <AUTHOR>
             <FULLNAME>Малкин</FULLNAME>
             <LASTNAME>Малкин</LASTNAME>
             <FIRSTNAME></FIRSTNAME>
            </AUTHOR>
            <AUTHOR>
             <FULLNAME>Манько</FULLNAME>
             <LASTNAME>Манько</LASTNAME>
             <FIRSTNAME></FIRSTNAME>
            </AUTHOR>
           </AUTHORS>
           <TITLE>Динамические Симметрии и Когерентные Состояния Квантовых Систем</TITLE>
           <INSTANCES>
            <INSTANCE>
             <FORMAT>pdf</FORMAT>
             <SIZE>0</SIZE>
             <CHECKSUM>0</CHECKSUM>
            </INSTANCE>
           </INSTANCES>
          </INFO>
         </ITEM>
        </FILE>
        <FILE link="Lib/Science/Physics/Symmetry/Rumer_Fet.zip">
         <LOCATION>
          <URL>Lib/Science/Physics/Symmetry/Rumer_Fet.zip</URL>
          <SIZE>13.1</SIZE>
          <CHECKSUM>0</CHECKSUM>
          <TYPE>zip</TYPE>
         </LOCATION>
         <ITEM>
          <INFO>
           <CATEGORIES>
            <CATEGORY>Lib/Science/Physics/Symmetry</CATEGORY>
           </CATEGORIES>
           <DESCRIPTION>Теория Унитарной Симметрии (Румер,Фет)</DESCRIPTION>
           <AUTHORS>
            <AUTHOR>
             <FULLNAME>Румер</FULLNAME>
             <LASTNAME>Румер</LASTNAME>
             <FIRSTNAME></FIRSTNAME>
            </AUTHOR>
            <AUTHOR>
             <FULLNAME>Фет</FULLNAME>
             <LASTNAME>Фет</LASTNAME>
             <FIRSTNAME></FIRSTNAME>
            </AUTHOR>
           </AUTHORS>
           <TITLE>Теория Унитарной Симметрии</TITLE>
           <INSTANCES>
            <INSTANCE>
             <FORMAT>pdf</FORMAT>
             <SIZE>0</SIZE>
             <CHECKSUM>0</CHECKSUM>
            </INSTANCE>
           </INSTANCES>
          </INFO>
         </ITEM>
        </FILE>
        <FILE link="Lib/Science/Physics/Symmetry/Supersymmetry_supergravity.zip">
         <LOCATION>
          <URL>Lib/Science/Physics/Symmetry/Supersymmetry_supergravity.zip</URL>
          <SIZE>11.7</SIZE>
          <CHECKSUM>0</CHECKSUM>
          <TYPE>zip</TYPE>
         </LOCATION>
         <ITEM>
          <INFO>
           <CATEGORIES>
            <CATEGORY>Lib/Science/Physics/Symmetry</CATEGORY>
           </CATEGORIES>
           <DESCRIPTION>ВВедение в Суперсимметрию и Супергравитацию (Уэст)</DESCRIPTION>
           <AUTHORS>
            <AUTHOR>
             <FULLNAME>Уэст</FULLNAME>
             <LASTNAME>Уэст</LASTNAME>
             <FIRSTNAME></FIRSTNAME>
            </AUTHOR>
           </AUTHORS>
           <TITLE>ВВедение в Суперсимметрию и Супергравитацию</TITLE>
           <INSTANCES>
            <INSTANCE>
             <FORMAT>pdf</FORMAT>
             <SIZE>0</SIZE>
             <CHECKSUM>0</CHECKSUM>
            </INSTANCE>
           </INSTANCES>
          </INFO>
         </ITEM>
        </FILE>
        <FILE link="Lib/Science/Physics/Symmetry/Sym_el_particles1.zip">
         <LOCATION>
          <URL>Lib/Science/Physics/Symmetry/Sym_el_particles1.zip</URL>
          <SIZE>15.2</SIZE>
          <CHECKSUM>0</CHECKSUM>
          <TYPE>zip</TYPE>
         </LOCATION>
         <ITEM>
          <INFO>
           <CATEGORIES>
            <CATEGORY>Lib/Science/Physics/Symmetry</CATEGORY>
           </CATEGORIES>
           <DESCRIPTION>Принципы Симметрии в Физике Эдементарных Частиц (Гибсон, Поллард)</DESCRIPTION>
           <AUTHORS>
            <AUTHOR>
             <FULLNAME>Гибсон</FULLNAME>
             <LASTNAME>Гибсон</LASTNAME>
             <FIRSTNAME></FIRSTNAME>
            </AUTHOR>
            <AUTHOR>
             <FULLNAME>Поллард</FULLNAME>
             <LASTNAME>Поллард</LASTNAME>
             <FIRSTNAME></FIRSTNAME>
            </AUTHOR>
           </AUTHORS>
           <TITLE>Принципы Симметрии в Физике Эдементарных Частиц</TITLE>
           <INSTANCES>
            <INSTANCE>
             <FORMAT>pdf</FORMAT>
             <SIZE>0</SIZE>
             <CHECKSUM>0</CHECKSUM>
            </INSTANCE>
           </INSTANCES>
          </INFO>
         </ITEM>
        </FILE>
        <FILE link="Lib/Science/Physics/Symmetry/Sym_el_particles2.zip">
         <LOCATION>
          <URL>Lib/Science/Physics/Symmetry/Sym_el_particles2.zip</URL>
          <SIZE>15.1</SIZE>
          <CHECKSUM>0</CHECKSUM>
          <TYPE>zip</TYPE>
         </LOCATION>
         <ITEM>
          <INFO>
           <CATEGORIES>
            <CATEGORY>Lib/Science/Physics/Symmetry</CATEGORY>
           </CATEGORIES>
           <DESCRIPTION>Группы Симметрии и Элементарные Частицы  (Ляховский, Болохов)</DESCRIPTION>
           <AUTHORS>
            <AUTHOR>
             <FULLNAME>Ляховский</FULLNAME>
             <LASTNAME>Ляховский</LASTNAME>
             <FIRSTNAME></FIRSTNAME>
            </AUTHOR>
            <AUTHOR>
             <FULLNAME>Болохов</FULLNAME>
             <LASTNAME>Болохов</LASTNAME>
             <FIRSTNAME></FIRSTNAME>
            </AUTHOR>
           </AUTHORS>
           <TITLE>Группы Симметрии и Элементарные Частицы</TITLE>
           <INSTANCES>
            <INSTANCE>
             <FORMAT>pdf</FORMAT>
             <SIZE>0</SIZE>
             <CHECKSUM>0</CHECKSUM>
            </INSTANCE>
           </INSTANCES>
          </INFO>
         </ITEM>
        </FILE>
        <FILE link="Lib/Science/Physics/Symmetry/Sym_Phase_tr.zip">
         <LOCATION>
          <URL>Lib/Science/Physics/Symmetry/Sym_Phase_tr.zip</URL>
          <SIZE>11.7</SIZE>
          <CHECKSUM>0</CHECKSUM>
          <TYPE>zip</TYPE>
         </LOCATION>
         <ITEM>
          <INFO>
           <CATEGORIES>
            <CATEGORY>Lib/Science/Physics/Symmetry</CATEGORY>
           </CATEGORIES>
           <DESCRIPTION>Фазовые Переходы и Сммметрия Кристаллов (Изюмов, Сыромятников)</DESCRIPTION>
           <AUTHORS>
            <AUTHOR>
             <FULLNAME>Изюмов</FULLNAME>
             <LASTNAME>Изюмов</LASTNAME>
             <FIRSTNAME></FIRSTNAME>
            </AUTHOR>
            <AUTHOR>
             <FULLNAME>Сыромятников</FULLNAME>
             <LASTNAME>Сыромятников</LASTNAME>
             <FIRSTNAME></FIRSTNAME>
            </AUTHOR>
           </AUTHORS>
           <TITLE>Фазовые Переходы и Сммметрия Кристаллов</TITLE>
           <INSTANCES>
            <INSTANCE>
             <FORMAT>pdf</FORMAT>
             <SIZE>0</SIZE>
             <CHECKSUM>0</CHECKSUM>
            </INSTANCE>
           </INSTANCES>
          </INFO>
         </ITEM>
        </FILE>
        <FILE link="Lib/Science/Physics/Symmetry/Sym_phys1.zip">
         <LOCATION>
          <URL>Lib/Science/Physics/Symmetry/Sym_phys1.zip</URL>
          <SIZE>13.8</SIZE>
          <CHECKSUM>0</CHECKSUM>
          <TYPE>zip</TYPE>
         </LOCATION>
         <ITEM>
          <INFO>
           <CATEGORIES>
            <CATEGORY>Lib/Science/Physics/Symmetry</CATEGORY>
           </CATEGORIES>
           <DESCRIPTION>Симметрия в Физике т.1 (Эллиот,Добер)</DESCRIPTION>
           <AUTHORS>
            <AUTHOR>
             <FULLNAME>Эллиот</FULLNAME>
             <LASTNAME>Эллиот</LASTNAME>
             <FIRSTNAME></FIRSTNAME>
            </AUTHOR>
            <AUTHOR>
             <FULLNAME>Добер</FULLNAME>
             <LASTNAME>Добер</LASTNAME>
             <FIRSTNAME></FIRSTNAME>
            </AUTHOR>
           </AUTHORS>
           <TITLE>Симметрия в Физике</TITLE>
           <INSTANCES>
            <INSTANCE>
             <FORMAT>pdf</FORMAT>
             <SIZE>0</SIZE>
             <CHECKSUM>0</CHECKSUM>
            </INSTANCE>
           </INSTANCES>
          </INFO>
         </ITEM>
        </FILE>
        <FILE link="Lib/Science/Physics/Symmetry/Sym_phys2.zip">
         <LOCATION>
          <URL>Lib/Science/Physics/Symmetry/Sym_phys2.zip</URL>
          <SIZE>14.9</SIZE>
          <CHECKSUM>0</CHECKSUM>
          <TYPE>zip</TYPE>
         </LOCATION>
         <ITEM>
          <INFO>
           <CATEGORIES>
            <CATEGORY>Lib/Science/Physics/Symmetry</CATEGORY>
           </CATEGORIES>
           <DESCRIPTION>Симметрия в Физике т.2 (Эллиот,Добер)</DESCRIPTION>
           <AUTHORS>
            <AUTHOR>
             <FULLNAME>Эллиот</FULLNAME>
             <LASTNAME>Эллиот</LASTNAME>
             <FIRSTNAME></FIRSTNAME>
            </AUTHOR>
            <AUTHOR>
             <FULLNAME>Добер</FULLNAME>
             <LASTNAME>Добер</LASTNAME>
             <FIRSTNAME></FIRSTNAME>
            </AUTHOR>
           </AUTHORS>
           <TITLE>Симметрия в Физике</TITLE>
           <INSTANCES>
            <INSTANCE>
             <FORMAT>pdf</FORMAT>
             <SIZE>0</SIZE>
             <CHECKSUM>0</CHECKSUM>
            </INSTANCE>
           </INSTANCES>
          </INFO>
         </ITEM>
        </FILE>
        <FILE link="Lib/Science/Physics/Symmetry/Sym_PhysLaw.zip">
         <LOCATION>
          <URL>Lib/Science/Physics/Symmetry/Sym_PhysLaw.zip</URL>
          <SIZE>4.7</SIZE>
          <CHECKSUM>0</CHECKSUM>
          <TYPE>zip</TYPE>
         </LOCATION>
         <ITEM>
          <INFO>
           <CATEGORIES>
            <CATEGORY>Lib/Science/Physics/Symmetry</CATEGORY>
           </CATEGORIES>
           <DESCRIPTION>Симметрия и законы Сохранения в Физике (Шмутцер)</DESCRIPTION>
           <AUTHORS>
            <AUTHOR>
             <FULLNAME>Шмутцер</FULLNAME>
             <LASTNAME>Шмутцер</LASTNAME>
             <FIRSTNAME></FIRSTNAME>
            </AUTHOR>
           </AUTHORS>
           <TITLE>Симметрия и законы Сохранения в Физике</TITLE>
           <INSTANCES>
            <INSTANCE>
             <FORMAT>pdf</FORMAT>
             <SIZE>0</SIZE>
             <CHECKSUM>0</CHECKSUM>
            </INSTANCE>
           </INSTANCES>
          </INFO>
         </ITEM>
        </FILE>
        <FILE link="Lib/Science/Physics/Symmetry/Sym_QP.zip">
         <LOCATION>
          <URL>Lib/Science/Physics/Symmetry/Sym_QP.zip</URL>
          <SIZE>9.1</SIZE>
          <CHECKSUM>0</CHECKSUM>
          <TYPE>zip</TYPE>
         </LOCATION>
         <ITEM>
          <INFO>
           <CATEGORIES>
            <CATEGORY>Lib/Science/Physics/Symmetry</CATEGORY>
           </CATEGORIES>
           <DESCRIPTION>Симметрия в Квантовой Физике (Мишель, Шааф)</DESCRIPTION>
           <AUTHORS>
            <AUTHOR>
             <FULLNAME>Мишель</FULLNAME>
             <LASTNAME>Мишель</LASTNAME>
             <FIRSTNAME></FIRSTNAME>
            </AUTHOR>
            <AUTHOR>
             <FULLNAME>Шааф</FULLNAME>
             <LASTNAME>Шааф</LASTNAME>
             <FIRSTNAME></FIRSTNAME>
            </AUTHOR>
           </AUTHORS>
           <TITLE>Симметрия в Квантовой Физике</TITLE>
           <INSTANCES>
            <INSTANCE>
             <FORMAT>pdf</FORMAT>
             <SIZE>0</SIZE>
             <CHECKSUM>0</CHECKSUM>
            </INSTANCE>
           </INSTANCES>
          </INFO>
         </ITEM>
        </FILE>
        <FILE link="Lib/Science/Physics/Symmetry/Vladimirov.zip">
         <LOCATION>
          <URL>Lib/Science/Physics/Symmetry/Vladimirov.zip</URL>
          <SIZE>7.4</SIZE>
          <CHECKSUM>0</CHECKSUM>
          <TYPE>zip</TYPE>
         </LOCATION>
         <ITEM>
          <INFO>
           <CATEGORIES>
            <CATEGORY>Lib/Science/Physics/Symmetry</CATEGORY>
           </CATEGORIES>
           <DESCRIPTION>Группы Симметрии ДУ и Релятивистские Поля (Владимиров)</DESCRIPTION>
           <AUTHORS>
            <AUTHOR>
             <FULLNAME>Владимиров</FULLNAME>
             <LASTNAME>Владимиров</LASTNAME>
             <FIRSTNAME></FIRSTNAME>
            </AUTHOR>
           </AUTHORS>
           <TITLE>Группы Симметрии ДУ и Релятивистские Поля</TITLE>
           <INSTANCES>
            <INSTANCE>
             <FORMAT>pdf</FORMAT>
             <SIZE>0</SIZE>
             <CHECKSUM>0</CHECKSUM>
            </INSTANCE>
           </INSTANCES>
          </INFO>
         </ITEM>
        </FILE>
        <FILE link="Lib/Science/Physics/Symmetry/Wigner_sym.zip">
         <LOCATION>
          <URL>Lib/Science/Physics/Symmetry/Wigner_sym.zip</URL>
          <SIZE>16</SIZE>
          <CHECKSUM>0</CHECKSUM>
          <TYPE>zip</TYPE>
         </LOCATION>
         <ITEM>
          <INFO>
           <CATEGORIES>
            <CATEGORY>Lib/Science/Physics/Symmetry</CATEGORY>
           </CATEGORIES>
           <DESCRIPTION>Этюды о Симметрии (Вигнер)</DESCRIPTION>
           <AUTHORS>
            <AUTHOR>
             <FULLNAME>Вигнер</FULLNAME>
             <LASTNAME>Вигнер</LASTNAME>
             <FIRSTNAME></FIRSTNAME>
            </AUTHOR>
           </AUTHORS>
           <TITLE>Этюды о Симметрии</TITLE>
           <INSTANCES>
            <INSTANCE>
             <FORMAT>pdf</FORMAT>
             <SIZE>0</SIZE>
             <CHECKSUM>0</CHECKSUM>
            </INSTANCE>
           </INSTANCES>
          </INFO>
         </ITEM>
        </FILE>
       </FILELIST>
      </DIR>
      <DIR link="Lib/Science/Physics/tf">
       <LOCATION>
        <URL>Lib/Science/Physics/tf</URL>
        <SIZE>149.4</SIZE>
       </LOCATION>
       <FILELIST category="Lib/Science/Physics/tf">
        <INFO>
         <DESCRIPTION>Теоретическая Физика</DESCRIPTION>
         <TITLE>Теоретическая Физика</TITLE>
         <DEFAULTFORMAT>pdf</DEFAULTFORMAT>
        </INFO>
        <FILE link="Lib/Science/Physics/tf/Landu.zip">
         <LOCATION>
          <URL>Lib/Science/Physics/tf/Landu.zip</URL>
          <SIZE>28.5</SIZE>
          <CHECKSUM>0</CHECKSUM>
          <TYPE>zip</TYPE>
         </LOCATION>
         <ITEM>
          <INFO>
           <CATEGORIES>
            <CATEGORY>Lib/Science/Physics/tf</CATEGORY>
           </CATEGORIES>
           <DESCRIPTION>Теоретическая физика (Ландау,Лифшиц)</DESCRIPTION>
           <AUTHORS>
            <AUTHOR>
             <FULLNAME>Ландау</FULLNAME>
             <LASTNAME>Ландау</LASTNAME>
             <FIRSTNAME></FIRSTNAME>
            </AUTHOR>
            <AUTHOR>
             <FULLNAME>Лифшиц</FULLNAME>
             <LASTNAME>Лифшиц</LASTNAME>
             <FIRSTNAME></FIRSTNAME>
            </AUTHOR>
           </AUTHORS>
           <TITLE>Теоретическая физика</TITLE>
           <INSTANCES>
            <INSTANCE>
             <FORMAT>pdf</FORMAT>
             <SIZE>0</SIZE>
             <CHECKSUM>0</CHECKSUM>
            </INSTANCE>
           </INSTANCES>
          </INFO>
         </ITEM>
        </FILE>
        <FILE link="Lib/Science/Physics/tf/Morse1.zip">
         <LOCATION>
          <URL>Lib/Science/Physics/tf/Morse1.zip</URL>
          <SIZE>50.6</SIZE>
          <CHECKSUM>0</CHECKSUM>
          <TYPE>zip</TYPE>
         </LOCATION>
         <ITEM>
          <INFO>
           <CATEGORIES>
            <CATEGORY>Lib/Science/Physics/tf</CATEGORY>
           </CATEGORIES>
           <DESCRIPTION>Методы Теоретической Физики т. 1 (Морс,Фешбах)</DESCRIPTION>
           <AUTHORS>
            <AUTHOR>
             <FULLNAME>Морс</FULLNAME>
             <LASTNAME>Морс</LASTNAME>
             <FIRSTNAME></FIRSTNAME>
            </AUTHOR>
            <AUTHOR>
             <FULLNAME>Фешбах</FULLNAME>
             <LASTNAME>Фешбах</LASTNAME>
             <FIRSTNAME></FIRSTNAME>
            </AUTHOR>
           </AUTHORS>
           <TITLE>Методы Теоретической Физики</TITLE>
           <INSTANCES>
            <INSTANCE>
             <FORMAT>pdf</FORMAT>
             <SIZE>0</SIZE>
             <CHECKSUM>0</CHECKSUM>
            </INSTANCE>
           </INSTANCES>
          </INFO>
         </ITEM>
        </FILE>
        <FILE link="Lib/Science/Physics/tf/Morse2.zip">
         <LOCATION>
          <URL>Lib/Science/Physics/tf/Morse2.zip</URL>
          <SIZE>48.6</SIZE>
          <CHECKSUM>0</CHECKSUM>
          <TYPE>zip</TYPE>
         </LOCATION>
         <ITEM>
          <INFO>
           <CATEGORIES>
            <CATEGORY>Lib/Science/Physics/tf</CATEGORY>
           </CATEGORIES>
           <DESCRIPTION>Методы Теоретической Физики т. 2 (Морс,Фешбах)</DESCRIPTION>
           <AUTHORS>
            <AUTHOR>
             <FULLNAME>Морс</FULLNAME>
             <LASTNAME>Морс</LASTNAME>
             <FIRSTNAME></FIRSTNAME>
            </AUTHOR>
            <AUTHOR>
             <FULLNAME>Фешбах</FULLNAME>
             <LASTNAME>Фешбах</LASTNAME>
             <FIRSTNAME></FIRSTNAME>
            </AUTHOR>
           </AUTHORS>
           <TITLE>Методы Теоретической Физики</TITLE>
           <INSTANCES>
            <INSTANCE>
             <FORMAT>pdf</FORMAT>
             <SIZE>0</SIZE>
             <CHECKSUM>0</CHECKSUM>
            </INSTANCE>
           </INSTANCES>
          </INFO>
         </ITEM>
        </FILE>
        <FILE link="Lib/Science/Physics/tf/Pitaevsky.zip">
         <LOCATION>
          <URL>Lib/Science/Physics/tf/Pitaevsky.zip</URL>
          <SIZE>21.8</SIZE>
          <CHECKSUM>0</CHECKSUM>
          <TYPE>zip</TYPE>
         </LOCATION>
         <ITEM>
          <INFO>
           <CATEGORIES>
            <CATEGORY>Lib/Science/Physics/tf</CATEGORY>
           </CATEGORIES>
           <DESCRIPTION>Теоретическая физика (Питаевский)</DESCRIPTION>
           <AUTHORS>
            <AUTHOR>
             <FULLNAME>Питаевский</FULLNAME>
             <LASTNAME>Питаевский</LASTNAME>
             <FIRSTNAME></FIRSTNAME>
            </AUTHOR>
           </AUTHORS>
           <TITLE>Теоретическая физика</TITLE>
           <INSTANCES>
            <INSTANCE>
             <FORMAT>pdf</FORMAT>
             <SIZE>0</SIZE>
             <CHECKSUM>0</CHECKSUM>
            </INSTANCE>
           </INSTANCES>
          </INFO>
         </ITEM>
        </FILE>
       </FILELIST>
      </DIR>
     </FILELIST>
    </DIR>
    <DIR link="Lib/Science/Programms">
     <LOCATION>
      <URL>Lib/Science/Programms</URL>
      <SIZE>120.7</SIZE>
     </LOCATION>
     <FILELIST category="Lib/Science/Programms">
      <INFO>
       <DESCRIPTION>Programms</DESCRIPTION>
       <TITLE>Programms</TITLE>
       <DEFAULTFORMAT>pdf</DEFAULTFORMAT>
      </INFO>
      <FILE link="Lib/Science/Programms/Borovikov.zip">
       <LOCATION>
        <URL>Lib/Science/Programms/Borovikov.zip</URL>
        <SIZE>25.8</SIZE>
        <CHECKSUM>0</CHECKSUM>
        <TYPE>zip</TYPE>
       </LOCATION>
       <ITEM>
        <INFO>
         <CATEGORIES>
          <CATEGORY>Lib/Science/Programms</CATEGORY>
         </CATEGORIES>
         <DESCRIPTION>Популярное Введение в Программу Statistica (Боровиков)</DESCRIPTION>
         <AUTHORS>
          <AUTHOR>
           <FULLNAME>Боровиков</FULLNAME>
           <LASTNAME>Боровиков</LASTNAME>
           <FIRSTNAME></FIRSTNAME>
          </AUTHOR>
         </AUTHORS>
         <TITLE>Популярное Введение в Программу Statistica</TITLE>
         <INSTANCES>
          <INSTANCE>
           <FORMAT>pdf</FORMAT>
           <SIZE>0</SIZE>
           <CHECKSUM>0</CHECKSUM>
          </INSTANCE>
         </INSTANCES>
        </INFO>
       </ITEM>
      </FILE>
      <FILE link="Lib/Science/Programms/LaTeX2e.zip">
       <LOCATION>
        <URL>Lib/Science/Programms/LaTeX2e.zip</URL>
        <SIZE>17.8</SIZE>
        <CHECKSUM>0</CHECKSUM>
        <TYPE>zip</TYPE>
       </LOCATION>
       <ITEM>
        <INFO>
         <CATEGORIES>
          <CATEGORY>Lib/Science/Programms</CATEGORY>
         </CATEGORIES>
         <DESCRIPTION>Издательская Система Latex2E (Котельников,Чеботаев)</DESCRIPTION>
         <AUTHORS>
          <AUTHOR>
           <FULLNAME>Котельников</FULLNAME>
           <LASTNAME>Котельников</LASTNAME>
           <FIRSTNAME></FIRSTNAME>
          </AUTHOR>
          <AUTHOR>
           <FULLNAME>Чеботаев</FULLNAME>
           <LASTNAME>Чеботаев</LASTNAME>
           <FIRSTNAME></FIRSTNAME>
          </AUTHOR>
         </AUTHORS>
         <TITLE>Издательская Система Latex2E</TITLE>
         <INSTANCES>
          <INSTANCE>
           <FORMAT>pdf</FORMAT>
           <SIZE>0</SIZE>
           <CHECKSUM>0</CHECKSUM>
          </INSTANCE>
         </INSTANCES>
        </INFO>
       </ITEM>
      </FILE>
      <FILE link="Lib/Science/Programms/Maple.zip">
       <LOCATION>
        <URL>Lib/Science/Programms/Maple.zip</URL>
        <SIZE>6.5</SIZE>
        <CHECKSUM>0</CHECKSUM>
        <TYPE>zip</TYPE>
       </LOCATION>
       <ITEM>
        <INFO>
         <CATEGORIES>
          <CATEGORY>Lib/Science/Programms</CATEGORY>
         </CATEGORIES>
         <DESCRIPTION>Пакет Символьных Вычислений Maple V (Прохоров,Леденев,Колбеев)</DESCRIPTION>
         <AUTHORS>
          <AUTHOR>
           <FULLNAME>Прохоров</FULLNAME>
           <LASTNAME>Прохоров</LASTNAME>
           <FIRSTNAME></FIRSTNAME>
          </AUTHOR>
          <AUTHOR>
           <FULLNAME>Леденев</FULLNAME>
           <LASTNAME>Леденев</LASTNAME>
           <FIRSTNAME></FIRSTNAME>
          </AUTHOR>
          <AUTHOR>
           <FULLNAME>Колбеев</FULLNAME>
           <LASTNAME>Колбеев</LASTNAME>
           <FIRSTNAME></FIRSTNAME>
          </AUTHOR>
         </AUTHORS>
         <TITLE>Пакет Символьных Вычислений Maple V</TITLE>
         <INSTANCES>
          <INSTANCE>
           <FORMAT>pdf</FORMAT>
           <SIZE>0</SIZE>
           <CHECKSUM>0</CHECKSUM>
          </INSTANCE>
         </INSTANCES>
        </INFO>
       </ITEM>
      </FILE>
      <FILE link="Lib/Science/Programms/Maple6.zip">
       <LOCATION>
        <URL>Lib/Science/Programms/Maple6.zip</URL>
        <SIZE>29.3</SIZE>
        <CHECKSUM>0</CHECKSUM>
        <TYPE>zip</TYPE>
       </LOCATION>
       <ITEM>
        <INFO>
         <CATEGORIES>
          <CATEGORY>Lib/Science/Programms</CATEGORY>
         </CATEGORIES>
         <DESCRIPTION>Maple6. Решение задач высшей математики и механики (Матросов)</DESCRIPTION>
         <AUTHORS>
          <AUTHOR>
           <FULLNAME>Матросов</FULLNAME>
           <LASTNAME>Матросов</LASTNAME>
           <FIRSTNAME></FIRSTNAME>
          </AUTHOR>
         </AUTHORS>
         <TITLE>Maple6. Решение задач высшей математики и механики</TITLE>
         <INSTANCES>
          <INSTANCE>
           <FORMAT>pdf</FORMAT>
           <SIZE>0</SIZE>
           <CHECKSUM>0</CHECKSUM>
          </INSTANCE>
         </INSTANCES>
        </INFO>
       </ITEM>
      </FILE>
      <FILE link="Lib/Science/Programms/Maple_MatLab_Latex.zip">
       <LOCATION>
        <URL>Lib/Science/Programms/Maple_MatLab_Latex.zip</URL>
        <SIZE>33.2</SIZE>
        <CHECKSUM>0</CHECKSUM>
        <TYPE>zip</TYPE>
       </LOCATION>
       <ITEM>
        <INFO>
         <CATEGORIES>
          <CATEGORY>Lib/Science/Programms</CATEGORY>
         </CATEGORIES>
         <DESCRIPTION>Компьютер в Математическом Исследование (Говорухин, Цибулин)</DESCRIPTION>
         <AUTHORS>
          <AUTHOR>
           <FULLNAME>Говорухин</FULLNAME>
           <LASTNAME>Говорухин</LASTNAME>
           <FIRSTNAME></FIRSTNAME>
          </AUTHOR>
          <AUTHOR>
           <FULLNAME>Цибулин</FULLNAME>
           <LASTNAME>Цибулин</LASTNAME>
           <FIRSTNAME></FIRSTNAME>
          </AUTHOR>
         </AUTHORS>
         <TITLE>Компьютер в Математическом Исследование</TITLE>
         <INSTANCES>
          <INSTANCE>
           <FORMAT>pdf</FORMAT>
           <SIZE>0</SIZE>
           <CHECKSUM>0</CHECKSUM>
          </INSTANCE>
         </INSTANCES>
        </INFO>
       </ITEM>
      </FILE>
      <FILE link="Lib/Science/Programms/Mathematica.zip">
       <LOCATION>
        <URL>Lib/Science/Programms/Mathematica.zip</URL>
        <SIZE>8.1</SIZE>
        <CHECKSUM>0</CHECKSUM>
        <TYPE>zip</TYPE>
       </LOCATION>
       <ITEM>
        <INFO>
         <CATEGORIES>
          <CATEGORY>Lib/Science/Programms</CATEGORY>
         </CATEGORIES>
         <DESCRIPTION>Введение в систему Математика (Воробьев)</DESCRIPTION>
         <AUTHORS>
          <AUTHOR>
           <FULLNAME>Воробьев</FULLNAME>
           <LASTNAME>Воробьев</LASTNAME>
           <FIRSTNAME></FIRSTNAME>
          </AUTHOR>
         </AUTHORS>
         <TITLE>Введение в систему Математика</TITLE>
         <INSTANCES>
          <INSTANCE>
           <FORMAT>pdf</FORMAT>
           <SIZE>0</SIZE>
           <CHECKSUM>0</CHECKSUM>
          </INSTANCE>
         </INSTANCES>
        </INFO>
       </ITEM>
      </FILE>
     </FILELIST>
    </DIR>
   </FILELIST>
  </DIR>
 </FILELIST>
</DIR>
</MysticLibrary>